[2025-01-17T14:06:31.247+0000] {processor.py:186} INFO - Started process (PID=73) to work on /home/airflow/.local/lib/python3.12/site-packages/airflow/example_dags/example_branch_labels.py
[2025-01-17T14:06:31.254+0000] {processor.py:914} INFO - Processing file /home/airflow/.local/lib/python3.12/site-packages/airflow/example_dags/example_branch_labels.py for tasks to queue
[2025-01-17T14:06:31.281+0000] {logging_mixin.py:190} INFO - [2025-01-17T14:06:31.278+0000] {dagbag.py:588} INFO - Filling up the DagBag from /home/airflow/.local/lib/python3.12/site-packages/airflow/example_dags/example_branch_labels.py
[2025-01-17T14:06:31.433+0000] {processor.py:925} INFO - DAG(s) 'example_branch_labels' retrieved from /home/airflow/.local/lib/python3.12/site-packages/airflow/example_dags/example_branch_labels.py
[2025-01-17T14:06:32.259+0000] {logging_mixin.py:190} INFO - [2025-01-17T14:06:32.258+0000] {override.py:1911} INFO - Created Permission View: can read on DAG:example_branch_labels
[2025-01-17T14:06:32.283+0000] {logging_mixin.py:190} INFO - [2025-01-17T14:06:32.282+0000] {override.py:1911} INFO - Created Permission View: can delete on DAG:example_branch_labels
[2025-01-17T14:06:32.295+0000] {logging_mixin.py:190} INFO - [2025-01-17T14:06:32.295+0000] {override.py:1911} INFO - Created Permission View: can edit on DAG:example_branch_labels
[2025-01-17T14:06:32.307+0000] {logging_mixin.py:190} INFO - [2025-01-17T14:06:32.307+0000] {override.py:1911} INFO - Created Permission View: menu access on DAG Run:example_branch_labels
[2025-01-17T14:06:32.321+0000] {logging_mixin.py:190} INFO - [2025-01-17T14:06:32.320+0000] {override.py:1911} INFO - Created Permission View: can read on DAG Run:example_branch_labels
[2025-01-17T14:06:32.333+0000] {logging_mixin.py:190} INFO - [2025-01-17T14:06:32.332+0000] {override.py:1911} INFO - Created Permission View: can delete on DAG Run:example_branch_labels
[2025-01-17T14:06:32.346+0000] {logging_mixin.py:190} INFO - [2025-01-17T14:06:32.345+0000] {override.py:1911} INFO - Created Permission View: can create on DAG Run:example_branch_labels
[2025-01-17T14:06:32.347+0000] {logging_mixin.py:190} INFO - [2025-01-17T14:06:32.347+0000] {dag.py:3239} INFO - Sync 1 DAGs
[2025-01-17T14:06:32.408+0000] {logging_mixin.py:190} INFO - [2025-01-17T14:06:32.407+0000] {dag.py:3262} INFO - Creating ORM DAG for example_branch_labels
[2025-01-17T14:06:32.471+0000] {logging_mixin.py:190} INFO - [2025-01-17T14:06:32.471+0000] {dag.py:4180} INFO - Setting next_dagrun for example_branch_labels to 2025-01-16 00:00:00+00:00, run_after=2025-01-17 00:00:00+00:00
[2025-01-17T14:06:32.573+0000] {processor.py:208} INFO - Processing /home/airflow/.local/lib/python3.12/site-packages/airflow/example_dags/example_branch_labels.py took 1.385 seconds
[2025-01-17T14:07:03.362+0000] {processor.py:186} INFO - Started process (PID=137) to work on /home/airflow/.local/lib/python3.12/site-packages/airflow/example_dags/example_branch_labels.py
[2025-01-17T14:07:03.363+0000] {processor.py:914} INFO - Processing file /home/airflow/.local/lib/python3.12/site-packages/airflow/example_dags/example_branch_labels.py for tasks to queue
[2025-01-17T14:07:03.366+0000] {logging_mixin.py:190} INFO - [2025-01-17T14:07:03.366+0000] {dagbag.py:588} INFO - Filling up the DagBag from /home/airflow/.local/lib/python3.12/site-packages/airflow/example_dags/example_branch_labels.py
[2025-01-17T14:07:03.375+0000] {processor.py:925} INFO - DAG(s) 'example_branch_labels' retrieved from /home/airflow/.local/lib/python3.12/site-packages/airflow/example_dags/example_branch_labels.py
[2025-01-17T14:07:03.394+0000] {logging_mixin.py:190} INFO - [2025-01-17T14:07:03.394+0000] {dag.py:3239} INFO - Sync 1 DAGs
[2025-01-17T14:07:03.417+0000] {logging_mixin.py:190} INFO - [2025-01-17T14:07:03.416+0000] {dag.py:4180} INFO - Setting next_dagrun for example_branch_labels to 2025-01-16 00:00:00+00:00, run_after=2025-01-17 00:00:00+00:00
[2025-01-17T14:07:03.439+0000] {processor.py:208} INFO - Processing /home/airflow/.local/lib/python3.12/site-packages/airflow/example_dags/example_branch_labels.py took 0.081 seconds
[2025-01-17T14:07:33.778+0000] {processor.py:186} INFO - Started process (PID=200) to work on /home/airflow/.local/lib/python3.12/site-packages/airflow/example_dags/example_branch_labels.py
[2025-01-17T14:07:33.781+0000] {processor.py:914} INFO - Processing file /home/airflow/.local/lib/python3.12/site-packages/airflow/example_dags/example_branch_labels.py for tasks to queue
[2025-01-17T14:07:33.784+0000] {logging_mixin.py:190} INFO - [2025-01-17T14:07:33.784+0000] {dagbag.py:588} INFO - Filling up the DagBag from /home/airflow/.local/lib/python3.12/site-packages/airflow/example_dags/example_branch_labels.py
[2025-01-17T14:07:33.796+0000] {processor.py:925} INFO - DAG(s) 'example_branch_labels' retrieved from /home/airflow/.local/lib/python3.12/site-packages/airflow/example_dags/example_branch_labels.py
[2025-01-17T14:07:33.816+0000] {logging_mixin.py:190} INFO - [2025-01-17T14:07:33.816+0000] {dag.py:3239} INFO - Sync 1 DAGs
[2025-01-17T14:07:33.837+0000] {logging_mixin.py:190} INFO - [2025-01-17T14:07:33.837+0000] {dag.py:4180} INFO - Setting next_dagrun for example_branch_labels to 2025-01-16 00:00:00+00:00, run_after=2025-01-17 00:00:00+00:00
[2025-01-17T14:07:33.865+0000] {processor.py:208} INFO - Processing /home/airflow/.local/lib/python3.12/site-packages/airflow/example_dags/example_branch_labels.py took 0.094 seconds
[2025-01-17T14:08:04.073+0000] {processor.py:186} INFO - Started process (PID=263) to work on /home/airflow/.local/lib/python3.12/site-packages/airflow/example_dags/example_branch_labels.py
[2025-01-17T14:08:04.076+0000] {processor.py:914} INFO - Processing file /home/airflow/.local/lib/python3.12/site-packages/airflow/example_dags/example_branch_labels.py for tasks to queue
[2025-01-17T14:08:04.078+0000] {logging_mixin.py:190} INFO - [2025-01-17T14:08:04.077+0000] {dagbag.py:588} INFO - Filling up the DagBag from /home/airflow/.local/lib/python3.12/site-packages/airflow/example_dags/example_branch_labels.py
[2025-01-17T14:08:04.086+0000] {processor.py:925} INFO - DAG(s) 'example_branch_labels' retrieved from /home/airflow/.local/lib/python3.12/site-packages/airflow/example_dags/example_branch_labels.py
[2025-01-17T14:08:04.105+0000] {logging_mixin.py:190} INFO - [2025-01-17T14:08:04.105+0000] {dag.py:3239} INFO - Sync 1 DAGs
[2025-01-17T14:08:04.128+0000] {logging_mixin.py:190} INFO - [2025-01-17T14:08:04.128+0000] {dag.py:4180} INFO - Setting next_dagrun for example_branch_labels to 2025-01-16 00:00:00+00:00, run_after=2025-01-17 00:00:00+00:00
[2025-01-17T14:08:04.157+0000] {processor.py:208} INFO - Processing /home/airflow/.local/lib/python3.12/site-packages/airflow/example_dags/example_branch_labels.py took 0.089 seconds
[2025-01-17T14:08:34.896+0000] {processor.py:186} INFO - Started process (PID=327) to work on /home/airflow/.local/lib/python3.12/site-packages/airflow/example_dags/example_branch_labels.py
[2025-01-17T14:08:34.899+0000] {processor.py:914} INFO - Processing file /home/airflow/.local/lib/python3.12/site-packages/airflow/example_dags/example_branch_labels.py for tasks to queue
[2025-01-17T14:08:34.903+0000] {logging_mixin.py:190} INFO - [2025-01-17T14:08:34.902+0000] {dagbag.py:588} INFO - Filling up the DagBag from /home/airflow/.local/lib/python3.12/site-packages/airflow/example_dags/example_branch_labels.py
[2025-01-17T14:08:34.914+0000] {processor.py:925} INFO - DAG(s) 'example_branch_labels' retrieved from /home/airflow/.local/lib/python3.12/site-packages/airflow/example_dags/example_branch_labels.py
[2025-01-17T14:08:34.941+0000] {logging_mixin.py:190} INFO - [2025-01-17T14:08:34.941+0000] {dag.py:3239} INFO - Sync 1 DAGs
[2025-01-17T14:08:34.973+0000] {logging_mixin.py:190} INFO - [2025-01-17T14:08:34.973+0000] {dag.py:4180} INFO - Setting next_dagrun for example_branch_labels to 2025-01-16 00:00:00+00:00, run_after=2025-01-17 00:00:00+00:00
[2025-01-17T14:08:34.998+0000] {processor.py:208} INFO - Processing /home/airflow/.local/lib/python3.12/site-packages/airflow/example_dags/example_branch_labels.py took 0.109 seconds
[2025-01-17T14:09:05.597+0000] {processor.py:186} INFO - Started process (PID=391) to work on /home/airflow/.local/lib/python3.12/site-packages/airflow/example_dags/example_branch_labels.py
[2025-01-17T14:09:05.598+0000] {processor.py:914} INFO - Processing file /home/airflow/.local/lib/python3.12/site-packages/airflow/example_dags/example_branch_labels.py for tasks to queue
[2025-01-17T14:09:05.601+0000] {logging_mixin.py:190} INFO - [2025-01-17T14:09:05.600+0000] {dagbag.py:588} INFO - Filling up the DagBag from /home/airflow/.local/lib/python3.12/site-packages/airflow/example_dags/example_branch_labels.py
[2025-01-17T14:09:05.612+0000] {processor.py:925} INFO - DAG(s) 'example_branch_labels' retrieved from /home/airflow/.local/lib/python3.12/site-packages/airflow/example_dags/example_branch_labels.py
[2025-01-17T14:09:05.640+0000] {logging_mixin.py:190} INFO - [2025-01-17T14:09:05.640+0000] {dag.py:3239} INFO - Sync 1 DAGs
[2025-01-17T14:09:05.669+0000] {logging_mixin.py:190} INFO - [2025-01-17T14:09:05.668+0000] {dag.py:4180} INFO - Setting next_dagrun for example_branch_labels to 2025-01-16 00:00:00+00:00, run_after=2025-01-17 00:00:00+00:00
[2025-01-17T14:09:05.696+0000] {processor.py:208} INFO - Processing /home/airflow/.local/lib/python3.12/site-packages/airflow/example_dags/example_branch_labels.py took 0.104 seconds
[2025-01-17T14:09:35.806+0000] {processor.py:186} INFO - Started process (PID=453) to work on /home/airflow/.local/lib/python3.12/site-packages/airflow/example_dags/example_branch_labels.py
[2025-01-17T14:09:35.810+0000] {processor.py:914} INFO - Processing file /home/airflow/.local/lib/python3.12/site-packages/airflow/example_dags/example_branch_labels.py for tasks to queue
[2025-01-17T14:09:35.826+0000] {logging_mixin.py:190} INFO - [2025-01-17T14:09:35.825+0000] {dagbag.py:588} INFO - Filling up the DagBag from /home/airflow/.local/lib/python3.12/site-packages/airflow/example_dags/example_branch_labels.py
[2025-01-17T14:09:35.849+0000] {processor.py:925} INFO - DAG(s) 'example_branch_labels' retrieved from /home/airflow/.local/lib/python3.12/site-packages/airflow/example_dags/example_branch_labels.py
[2025-01-17T14:09:35.910+0000] {logging_mixin.py:190} INFO - [2025-01-17T14:09:35.909+0000] {dag.py:3239} INFO - Sync 1 DAGs
[2025-01-17T14:09:35.991+0000] {logging_mixin.py:190} INFO - [2025-01-17T14:09:35.990+0000] {dag.py:4180} INFO - Setting next_dagrun for example_branch_labels to 2025-01-16 00:00:00+00:00, run_after=2025-01-17 00:00:00+00:00
[2025-01-17T14:09:36.047+0000] {processor.py:208} INFO - Processing /home/airflow/.local/lib/python3.12/site-packages/airflow/example_dags/example_branch_labels.py took 0.264 seconds
[2025-01-17T14:10:06.493+0000] {processor.py:186} INFO - Started process (PID=517) to work on /home/airflow/.local/lib/python3.12/site-packages/airflow/example_dags/example_branch_labels.py
[2025-01-17T14:10:06.494+0000] {processor.py:914} INFO - Processing file /home/airflow/.local/lib/python3.12/site-packages/airflow/example_dags/example_branch_labels.py for tasks to queue
[2025-01-17T14:10:06.497+0000] {logging_mixin.py:190} INFO - [2025-01-17T14:10:06.496+0000] {dagbag.py:588} INFO - Filling up the DagBag from /home/airflow/.local/lib/python3.12/site-packages/airflow/example_dags/example_branch_labels.py
[2025-01-17T14:10:06.508+0000] {processor.py:925} INFO - DAG(s) 'example_branch_labels' retrieved from /home/airflow/.local/lib/python3.12/site-packages/airflow/example_dags/example_branch_labels.py
[2025-01-17T14:10:06.530+0000] {logging_mixin.py:190} INFO - [2025-01-17T14:10:06.529+0000] {dag.py:3239} INFO - Sync 1 DAGs
[2025-01-17T14:10:06.552+0000] {logging_mixin.py:190} INFO - [2025-01-17T14:10:06.552+0000] {dag.py:4180} INFO - Setting next_dagrun for example_branch_labels to 2025-01-16 00:00:00+00:00, run_after=2025-01-17 00:00:00+00:00
[2025-01-17T14:10:06.582+0000] {processor.py:208} INFO - Processing /home/airflow/.local/lib/python3.12/site-packages/airflow/example_dags/example_branch_labels.py took 0.094 seconds
[2025-01-17T14:10:36.762+0000] {processor.py:186} INFO - Started process (PID=580) to work on /home/airflow/.local/lib/python3.12/site-packages/airflow/example_dags/example_branch_labels.py
[2025-01-17T14:10:36.763+0000] {processor.py:914} INFO - Processing file /home/airflow/.local/lib/python3.12/site-packages/airflow/example_dags/example_branch_labels.py for tasks to queue
[2025-01-17T14:10:36.765+0000] {logging_mixin.py:190} INFO - [2025-01-17T14:10:36.765+0000] {dagbag.py:588} INFO - Filling up the DagBag from /home/airflow/.local/lib/python3.12/site-packages/airflow/example_dags/example_branch_labels.py
[2025-01-17T14:10:36.776+0000] {processor.py:925} INFO - DAG(s) 'example_branch_labels' retrieved from /home/airflow/.local/lib/python3.12/site-packages/airflow/example_dags/example_branch_labels.py
[2025-01-17T14:10:36.795+0000] {logging_mixin.py:190} INFO - [2025-01-17T14:10:36.795+0000] {dag.py:3239} INFO - Sync 1 DAGs
[2025-01-17T14:10:36.819+0000] {logging_mixin.py:190} INFO - [2025-01-17T14:10:36.819+0000] {dag.py:4180} INFO - Setting next_dagrun for example_branch_labels to 2025-01-16 00:00:00+00:00, run_after=2025-01-17 00:00:00+00:00
[2025-01-17T14:10:36.849+0000] {processor.py:208} INFO - Processing /home/airflow/.local/lib/python3.12/site-packages/airflow/example_dags/example_branch_labels.py took 0.092 seconds
[2025-01-17T14:11:07.504+0000] {processor.py:186} INFO - Started process (PID=643) to work on /home/airflow/.local/lib/python3.12/site-packages/airflow/example_dags/example_branch_labels.py
[2025-01-17T14:11:07.505+0000] {processor.py:914} INFO - Processing file /home/airflow/.local/lib/python3.12/site-packages/airflow/example_dags/example_branch_labels.py for tasks to queue
[2025-01-17T14:11:07.508+0000] {logging_mixin.py:190} INFO - [2025-01-17T14:11:07.508+0000] {dagbag.py:588} INFO - Filling up the DagBag from /home/airflow/.local/lib/python3.12/site-packages/airflow/example_dags/example_branch_labels.py
[2025-01-17T14:11:07.518+0000] {processor.py:925} INFO - DAG(s) 'example_branch_labels' retrieved from /home/airflow/.local/lib/python3.12/site-packages/airflow/example_dags/example_branch_labels.py
[2025-01-17T14:11:07.548+0000] {logging_mixin.py:190} INFO - [2025-01-17T14:11:07.548+0000] {dag.py:3239} INFO - Sync 1 DAGs
[2025-01-17T14:11:07.581+0000] {logging_mixin.py:190} INFO - [2025-01-17T14:11:07.581+0000] {dag.py:4180} INFO - Setting next_dagrun for example_branch_labels to 2025-01-16 00:00:00+00:00, run_after=2025-01-17 00:00:00+00:00
[2025-01-17T14:11:07.607+0000] {processor.py:208} INFO - Processing /home/airflow/.local/lib/python3.12/site-packages/airflow/example_dags/example_branch_labels.py took 0.109 seconds
[2025-01-17T14:11:37.784+0000] {processor.py:186} INFO - Started process (PID=706) to work on /home/airflow/.local/lib/python3.12/site-packages/airflow/example_dags/example_branch_labels.py
[2025-01-17T14:11:37.785+0000] {processor.py:914} INFO - Processing file /home/airflow/.local/lib/python3.12/site-packages/airflow/example_dags/example_branch_labels.py for tasks to queue
[2025-01-17T14:11:37.788+0000] {logging_mixin.py:190} INFO - [2025-01-17T14:11:37.787+0000] {dagbag.py:588} INFO - Filling up the DagBag from /home/airflow/.local/lib/python3.12/site-packages/airflow/example_dags/example_branch_labels.py
[2025-01-17T14:11:37.800+0000] {processor.py:925} INFO - DAG(s) 'example_branch_labels' retrieved from /home/airflow/.local/lib/python3.12/site-packages/airflow/example_dags/example_branch_labels.py
[2025-01-17T14:11:37.825+0000] {logging_mixin.py:190} INFO - [2025-01-17T14:11:37.824+0000] {dag.py:3239} INFO - Sync 1 DAGs
[2025-01-17T14:11:37.851+0000] {logging_mixin.py:190} INFO - [2025-01-17T14:11:37.851+0000] {dag.py:4180} INFO - Setting next_dagrun for example_branch_labels to 2025-01-16 00:00:00+00:00, run_after=2025-01-17 00:00:00+00:00
[2025-01-17T14:11:37.880+0000] {processor.py:208} INFO - Processing /home/airflow/.local/lib/python3.12/site-packages/airflow/example_dags/example_branch_labels.py took 0.102 seconds
[2025-01-17T14:12:08.724+0000] {processor.py:186} INFO - Started process (PID=770) to work on /home/airflow/.local/lib/python3.12/site-packages/airflow/example_dags/example_branch_labels.py
[2025-01-17T14:12:08.725+0000] {processor.py:914} INFO - Processing file /home/airflow/.local/lib/python3.12/site-packages/airflow/example_dags/example_branch_labels.py for tasks to queue
[2025-01-17T14:12:08.727+0000] {logging_mixin.py:190} INFO - [2025-01-17T14:12:08.727+0000] {dagbag.py:588} INFO - Filling up the DagBag from /home/airflow/.local/lib/python3.12/site-packages/airflow/example_dags/example_branch_labels.py
[2025-01-17T14:12:08.738+0000] {processor.py:925} INFO - DAG(s) 'example_branch_labels' retrieved from /home/airflow/.local/lib/python3.12/site-packages/airflow/example_dags/example_branch_labels.py
[2025-01-17T14:12:08.759+0000] {logging_mixin.py:190} INFO - [2025-01-17T14:12:08.759+0000] {dag.py:3239} INFO - Sync 1 DAGs
[2025-01-17T14:12:08.785+0000] {logging_mixin.py:190} INFO - [2025-01-17T14:12:08.785+0000] {dag.py:4180} INFO - Setting next_dagrun for example_branch_labels to 2025-01-16 00:00:00+00:00, run_after=2025-01-17 00:00:00+00:00
[2025-01-17T14:12:08.803+0000] {processor.py:208} INFO - Processing /home/airflow/.local/lib/python3.12/site-packages/airflow/example_dags/example_branch_labels.py took 0.084 seconds
[2025-01-17T14:12:39.306+0000] {processor.py:186} INFO - Started process (PID=833) to work on /home/airflow/.local/lib/python3.12/site-packages/airflow/example_dags/example_branch_labels.py
[2025-01-17T14:12:39.307+0000] {processor.py:914} INFO - Processing file /home/airflow/.local/lib/python3.12/site-packages/airflow/example_dags/example_branch_labels.py for tasks to queue
[2025-01-17T14:12:39.309+0000] {logging_mixin.py:190} INFO - [2025-01-17T14:12:39.309+0000] {dagbag.py:588} INFO - Filling up the DagBag from /home/airflow/.local/lib/python3.12/site-packages/airflow/example_dags/example_branch_labels.py
[2025-01-17T14:12:39.318+0000] {processor.py:925} INFO - DAG(s) 'example_branch_labels' retrieved from /home/airflow/.local/lib/python3.12/site-packages/airflow/example_dags/example_branch_labels.py
[2025-01-17T14:12:39.337+0000] {logging_mixin.py:190} INFO - [2025-01-17T14:12:39.336+0000] {dag.py:3239} INFO - Sync 1 DAGs
[2025-01-17T14:12:39.358+0000] {logging_mixin.py:190} INFO - [2025-01-17T14:12:39.357+0000] {dag.py:4180} INFO - Setting next_dagrun for example_branch_labels to 2025-01-16 00:00:00+00:00, run_after=2025-01-17 00:00:00+00:00
[2025-01-17T14:12:39.386+0000] {processor.py:208} INFO - Processing /home/airflow/.local/lib/python3.12/site-packages/airflow/example_dags/example_branch_labels.py took 0.085 seconds
[2025-01-17T14:13:09.462+0000] {processor.py:186} INFO - Started process (PID=896) to work on /home/airflow/.local/lib/python3.12/site-packages/airflow/example_dags/example_branch_labels.py
[2025-01-17T14:13:09.463+0000] {processor.py:914} INFO - Processing file /home/airflow/.local/lib/python3.12/site-packages/airflow/example_dags/example_branch_labels.py for tasks to queue
[2025-01-17T14:13:09.465+0000] {logging_mixin.py:190} INFO - [2025-01-17T14:13:09.465+0000] {dagbag.py:588} INFO - Filling up the DagBag from /home/airflow/.local/lib/python3.12/site-packages/airflow/example_dags/example_branch_labels.py
[2025-01-17T14:13:09.476+0000] {processor.py:925} INFO - DAG(s) 'example_branch_labels' retrieved from /home/airflow/.local/lib/python3.12/site-packages/airflow/example_dags/example_branch_labels.py
[2025-01-17T14:13:09.505+0000] {logging_mixin.py:190} INFO - [2025-01-17T14:13:09.505+0000] {dag.py:3239} INFO - Sync 1 DAGs
[2025-01-17T14:13:09.528+0000] {logging_mixin.py:190} INFO - [2025-01-17T14:13:09.528+0000] {dag.py:4180} INFO - Setting next_dagrun for example_branch_labels to 2025-01-16 00:00:00+00:00, run_after=2025-01-17 00:00:00+00:00
[2025-01-17T14:13:09.555+0000] {processor.py:208} INFO - Processing /home/airflow/.local/lib/python3.12/site-packages/airflow/example_dags/example_branch_labels.py took 0.098 seconds
[2025-01-17T14:13:39.662+0000] {processor.py:186} INFO - Started process (PID=959) to work on /home/airflow/.local/lib/python3.12/site-packages/airflow/example_dags/example_branch_labels.py
[2025-01-17T14:13:39.663+0000] {processor.py:914} INFO - Processing file /home/airflow/.local/lib/python3.12/site-packages/airflow/example_dags/example_branch_labels.py for tasks to queue
[2025-01-17T14:13:39.666+0000] {logging_mixin.py:190} INFO - [2025-01-17T14:13:39.666+0000] {dagbag.py:588} INFO - Filling up the DagBag from /home/airflow/.local/lib/python3.12/site-packages/airflow/example_dags/example_branch_labels.py
[2025-01-17T14:13:39.675+0000] {processor.py:925} INFO - DAG(s) 'example_branch_labels' retrieved from /home/airflow/.local/lib/python3.12/site-packages/airflow/example_dags/example_branch_labels.py
[2025-01-17T14:13:39.693+0000] {logging_mixin.py:190} INFO - [2025-01-17T14:13:39.693+0000] {dag.py:3239} INFO - Sync 1 DAGs
[2025-01-17T14:13:39.716+0000] {logging_mixin.py:190} INFO - [2025-01-17T14:13:39.716+0000] {dag.py:4180} INFO - Setting next_dagrun for example_branch_labels to 2025-01-16 00:00:00+00:00, run_after=2025-01-17 00:00:00+00:00
[2025-01-17T14:13:39.736+0000] {processor.py:208} INFO - Processing /home/airflow/.local/lib/python3.12/site-packages/airflow/example_dags/example_branch_labels.py took 0.079 seconds
