[2025-01-17T14:06:37.320+0000] {processor.py:186} INFO - Started process (PID=84) to work on /home/airflow/.local/lib/python3.12/site-packages/airflow/example_dags/example_python_decorator.py
[2025-01-17T14:06:37.322+0000] {processor.py:914} INFO - Processing file /home/airflow/.local/lib/python3.12/site-packages/airflow/example_dags/example_python_decorator.py for tasks to queue
[2025-01-17T14:06:37.327+0000] {logging_mixin.py:190} INFO - [2025-01-17T14:06:37.327+0000] {dagbag.py:588} INFO - Filling up the DagBag from /home/airflow/.local/lib/python3.12/site-packages/airflow/example_dags/example_python_decorator.py
[2025-01-17T14:06:37.354+0000] {processor.py:925} INFO - DAG(s) 'example_python_decorator' retrieved from /home/airflow/.local/lib/python3.12/site-packages/airflow/example_dags/example_python_decorator.py
[2025-01-17T14:06:37.502+0000] {logging_mixin.py:190} INFO - [2025-01-17T14:06:37.501+0000] {override.py:1911} INFO - Created Permission View: can read on DAG:example_python_decorator
[2025-01-17T14:06:37.517+0000] {logging_mixin.py:190} INFO - [2025-01-17T14:06:37.516+0000] {override.py:1911} INFO - Created Permission View: can delete on DAG:example_python_decorator
[2025-01-17T14:06:37.528+0000] {logging_mixin.py:190} INFO - [2025-01-17T14:06:37.527+0000] {override.py:1911} INFO - Created Permission View: can edit on DAG:example_python_decorator
[2025-01-17T14:06:37.537+0000] {logging_mixin.py:190} INFO - [2025-01-17T14:06:37.537+0000] {override.py:1911} INFO - Created Permission View: menu access on DAG Run:example_python_decorator
[2025-01-17T14:06:37.549+0000] {logging_mixin.py:190} INFO - [2025-01-17T14:06:37.549+0000] {override.py:1911} INFO - Created Permission View: can read on DAG Run:example_python_decorator
[2025-01-17T14:06:37.563+0000] {logging_mixin.py:190} INFO - [2025-01-17T14:06:37.562+0000] {override.py:1911} INFO - Created Permission View: can delete on DAG Run:example_python_decorator
[2025-01-17T14:06:37.574+0000] {logging_mixin.py:190} INFO - [2025-01-17T14:06:37.574+0000] {override.py:1911} INFO - Created Permission View: can create on DAG Run:example_python_decorator
[2025-01-17T14:06:37.576+0000] {logging_mixin.py:190} INFO - [2025-01-17T14:06:37.575+0000] {dag.py:3239} INFO - Sync 1 DAGs
[2025-01-17T14:06:37.596+0000] {logging_mixin.py:190} INFO - [2025-01-17T14:06:37.596+0000] {dag.py:3262} INFO - Creating ORM DAG for example_python_decorator
[2025-01-17T14:06:37.598+0000] {logging_mixin.py:190} INFO - [2025-01-17T14:06:37.597+0000] {dag.py:4180} INFO - Setting next_dagrun for example_python_decorator to None, run_after=None
[2025-01-17T14:06:37.648+0000] {processor.py:208} INFO - Processing /home/airflow/.local/lib/python3.12/site-packages/airflow/example_dags/example_python_decorator.py took 0.334 seconds
[2025-01-17T14:07:08.122+0000] {processor.py:186} INFO - Started process (PID=148) to work on /home/airflow/.local/lib/python3.12/site-packages/airflow/example_dags/example_python_decorator.py
[2025-01-17T14:07:08.123+0000] {processor.py:914} INFO - Processing file /home/airflow/.local/lib/python3.12/site-packages/airflow/example_dags/example_python_decorator.py for tasks to queue
[2025-01-17T14:07:08.126+0000] {logging_mixin.py:190} INFO - [2025-01-17T14:07:08.125+0000] {dagbag.py:588} INFO - Filling up the DagBag from /home/airflow/.local/lib/python3.12/site-packages/airflow/example_dags/example_python_decorator.py
[2025-01-17T14:07:08.139+0000] {processor.py:925} INFO - DAG(s) 'example_python_decorator' retrieved from /home/airflow/.local/lib/python3.12/site-packages/airflow/example_dags/example_python_decorator.py
[2025-01-17T14:07:08.162+0000] {logging_mixin.py:190} INFO - [2025-01-17T14:07:08.162+0000] {dag.py:3239} INFO - Sync 1 DAGs
[2025-01-17T14:07:08.174+0000] {logging_mixin.py:190} INFO - [2025-01-17T14:07:08.174+0000] {dag.py:4180} INFO - Setting next_dagrun for example_python_decorator to None, run_after=None
[2025-01-17T14:07:08.193+0000] {processor.py:208} INFO - Processing /home/airflow/.local/lib/python3.12/site-packages/airflow/example_dags/example_python_decorator.py took 0.076 seconds
[2025-01-17T14:07:38.280+0000] {processor.py:186} INFO - Started process (PID=211) to work on /home/airflow/.local/lib/python3.12/site-packages/airflow/example_dags/example_python_decorator.py
[2025-01-17T14:07:38.281+0000] {processor.py:914} INFO - Processing file /home/airflow/.local/lib/python3.12/site-packages/airflow/example_dags/example_python_decorator.py for tasks to queue
[2025-01-17T14:07:38.284+0000] {logging_mixin.py:190} INFO - [2025-01-17T14:07:38.284+0000] {dagbag.py:588} INFO - Filling up the DagBag from /home/airflow/.local/lib/python3.12/site-packages/airflow/example_dags/example_python_decorator.py
[2025-01-17T14:07:38.297+0000] {processor.py:925} INFO - DAG(s) 'example_python_decorator' retrieved from /home/airflow/.local/lib/python3.12/site-packages/airflow/example_dags/example_python_decorator.py
[2025-01-17T14:07:38.319+0000] {logging_mixin.py:190} INFO - [2025-01-17T14:07:38.319+0000] {dag.py:3239} INFO - Sync 1 DAGs
[2025-01-17T14:07:38.332+0000] {logging_mixin.py:190} INFO - [2025-01-17T14:07:38.332+0000] {dag.py:4180} INFO - Setting next_dagrun for example_python_decorator to None, run_after=None
[2025-01-17T14:07:38.352+0000] {processor.py:208} INFO - Processing /home/airflow/.local/lib/python3.12/site-packages/airflow/example_dags/example_python_decorator.py took 0.076 seconds
[2025-01-17T14:08:08.600+0000] {processor.py:186} INFO - Started process (PID=274) to work on /home/airflow/.local/lib/python3.12/site-packages/airflow/example_dags/example_python_decorator.py
[2025-01-17T14:08:08.601+0000] {processor.py:914} INFO - Processing file /home/airflow/.local/lib/python3.12/site-packages/airflow/example_dags/example_python_decorator.py for tasks to queue
[2025-01-17T14:08:08.606+0000] {logging_mixin.py:190} INFO - [2025-01-17T14:08:08.605+0000] {dagbag.py:588} INFO - Filling up the DagBag from /home/airflow/.local/lib/python3.12/site-packages/airflow/example_dags/example_python_decorator.py
[2025-01-17T14:08:08.619+0000] {processor.py:925} INFO - DAG(s) 'example_python_decorator' retrieved from /home/airflow/.local/lib/python3.12/site-packages/airflow/example_dags/example_python_decorator.py
[2025-01-17T14:08:08.643+0000] {logging_mixin.py:190} INFO - [2025-01-17T14:08:08.643+0000] {dag.py:3239} INFO - Sync 1 DAGs
[2025-01-17T14:08:08.658+0000] {logging_mixin.py:190} INFO - [2025-01-17T14:08:08.657+0000] {dag.py:4180} INFO - Setting next_dagrun for example_python_decorator to None, run_after=None
[2025-01-17T14:08:08.678+0000] {processor.py:208} INFO - Processing /home/airflow/.local/lib/python3.12/site-packages/airflow/example_dags/example_python_decorator.py took 0.083 seconds
[2025-01-17T14:08:38.912+0000] {processor.py:186} INFO - Started process (PID=338) to work on /home/airflow/.local/lib/python3.12/site-packages/airflow/example_dags/example_python_decorator.py
[2025-01-17T14:08:38.913+0000] {processor.py:914} INFO - Processing file /home/airflow/.local/lib/python3.12/site-packages/airflow/example_dags/example_python_decorator.py for tasks to queue
[2025-01-17T14:08:38.916+0000] {logging_mixin.py:190} INFO - [2025-01-17T14:08:38.916+0000] {dagbag.py:588} INFO - Filling up the DagBag from /home/airflow/.local/lib/python3.12/site-packages/airflow/example_dags/example_python_decorator.py
[2025-01-17T14:08:38.936+0000] {processor.py:925} INFO - DAG(s) 'example_python_decorator' retrieved from /home/airflow/.local/lib/python3.12/site-packages/airflow/example_dags/example_python_decorator.py
[2025-01-17T14:08:38.968+0000] {logging_mixin.py:190} INFO - [2025-01-17T14:08:38.968+0000] {dag.py:3239} INFO - Sync 1 DAGs
[2025-01-17T14:08:38.991+0000] {logging_mixin.py:190} INFO - [2025-01-17T14:08:38.991+0000] {dag.py:4180} INFO - Setting next_dagrun for example_python_decorator to None, run_after=None
[2025-01-17T14:08:39.019+0000] {processor.py:208} INFO - Processing /home/airflow/.local/lib/python3.12/site-packages/airflow/example_dags/example_python_decorator.py took 0.115 seconds
[2025-01-17T14:09:09.531+0000] {processor.py:186} INFO - Started process (PID=402) to work on /home/airflow/.local/lib/python3.12/site-packages/airflow/example_dags/example_python_decorator.py
[2025-01-17T14:09:09.533+0000] {processor.py:914} INFO - Processing file /home/airflow/.local/lib/python3.12/site-packages/airflow/example_dags/example_python_decorator.py for tasks to queue
[2025-01-17T14:09:09.537+0000] {logging_mixin.py:190} INFO - [2025-01-17T14:09:09.536+0000] {dagbag.py:588} INFO - Filling up the DagBag from /home/airflow/.local/lib/python3.12/site-packages/airflow/example_dags/example_python_decorator.py
[2025-01-17T14:09:09.557+0000] {processor.py:925} INFO - DAG(s) 'example_python_decorator' retrieved from /home/airflow/.local/lib/python3.12/site-packages/airflow/example_dags/example_python_decorator.py
[2025-01-17T14:09:09.590+0000] {logging_mixin.py:190} INFO - [2025-01-17T14:09:09.590+0000] {dag.py:3239} INFO - Sync 1 DAGs
[2025-01-17T14:09:09.615+0000] {logging_mixin.py:190} INFO - [2025-01-17T14:09:09.615+0000] {dag.py:4180} INFO - Setting next_dagrun for example_python_decorator to None, run_after=None
[2025-01-17T14:09:09.644+0000] {processor.py:208} INFO - Processing /home/airflow/.local/lib/python3.12/site-packages/airflow/example_dags/example_python_decorator.py took 0.124 seconds
[2025-01-17T14:09:39.961+0000] {processor.py:186} INFO - Started process (PID=465) to work on /home/airflow/.local/lib/python3.12/site-packages/airflow/example_dags/example_python_decorator.py
[2025-01-17T14:09:39.963+0000] {processor.py:914} INFO - Processing file /home/airflow/.local/lib/python3.12/site-packages/airflow/example_dags/example_python_decorator.py for tasks to queue
[2025-01-17T14:09:39.966+0000] {logging_mixin.py:190} INFO - [2025-01-17T14:09:39.966+0000] {dagbag.py:588} INFO - Filling up the DagBag from /home/airflow/.local/lib/python3.12/site-packages/airflow/example_dags/example_python_decorator.py
[2025-01-17T14:09:39.990+0000] {processor.py:925} INFO - DAG(s) 'example_python_decorator' retrieved from /home/airflow/.local/lib/python3.12/site-packages/airflow/example_dags/example_python_decorator.py
[2025-01-17T14:09:40.018+0000] {logging_mixin.py:190} INFO - [2025-01-17T14:09:40.017+0000] {dag.py:3239} INFO - Sync 1 DAGs
[2025-01-17T14:09:40.040+0000] {logging_mixin.py:190} INFO - [2025-01-17T14:09:40.040+0000] {dag.py:4180} INFO - Setting next_dagrun for example_python_decorator to None, run_after=None
[2025-01-17T14:09:40.066+0000] {processor.py:208} INFO - Processing /home/airflow/.local/lib/python3.12/site-packages/airflow/example_dags/example_python_decorator.py took 0.112 seconds
[2025-01-17T14:10:10.278+0000] {processor.py:186} INFO - Started process (PID=528) to work on /home/airflow/.local/lib/python3.12/site-packages/airflow/example_dags/example_python_decorator.py
[2025-01-17T14:10:10.280+0000] {processor.py:914} INFO - Processing file /home/airflow/.local/lib/python3.12/site-packages/airflow/example_dags/example_python_decorator.py for tasks to queue
[2025-01-17T14:10:10.283+0000] {logging_mixin.py:190} INFO - [2025-01-17T14:10:10.283+0000] {dagbag.py:588} INFO - Filling up the DagBag from /home/airflow/.local/lib/python3.12/site-packages/airflow/example_dags/example_python_decorator.py
[2025-01-17T14:10:10.306+0000] {processor.py:925} INFO - DAG(s) 'example_python_decorator' retrieved from /home/airflow/.local/lib/python3.12/site-packages/airflow/example_dags/example_python_decorator.py
[2025-01-17T14:10:10.341+0000] {logging_mixin.py:190} INFO - [2025-01-17T14:10:10.340+0000] {dag.py:3239} INFO - Sync 1 DAGs
[2025-01-17T14:10:10.366+0000] {logging_mixin.py:190} INFO - [2025-01-17T14:10:10.365+0000] {dag.py:4180} INFO - Setting next_dagrun for example_python_decorator to None, run_after=None
[2025-01-17T14:10:10.393+0000] {processor.py:208} INFO - Processing /home/airflow/.local/lib/python3.12/site-packages/airflow/example_dags/example_python_decorator.py took 0.123 seconds
[2025-01-17T14:10:40.448+0000] {processor.py:186} INFO - Started process (PID=591) to work on /home/airflow/.local/lib/python3.12/site-packages/airflow/example_dags/example_python_decorator.py
[2025-01-17T14:10:40.449+0000] {processor.py:914} INFO - Processing file /home/airflow/.local/lib/python3.12/site-packages/airflow/example_dags/example_python_decorator.py for tasks to queue
[2025-01-17T14:10:40.451+0000] {logging_mixin.py:190} INFO - [2025-01-17T14:10:40.451+0000] {dagbag.py:588} INFO - Filling up the DagBag from /home/airflow/.local/lib/python3.12/site-packages/airflow/example_dags/example_python_decorator.py
[2025-01-17T14:10:40.467+0000] {processor.py:925} INFO - DAG(s) 'example_python_decorator' retrieved from /home/airflow/.local/lib/python3.12/site-packages/airflow/example_dags/example_python_decorator.py
[2025-01-17T14:10:40.496+0000] {logging_mixin.py:190} INFO - [2025-01-17T14:10:40.495+0000] {dag.py:3239} INFO - Sync 1 DAGs
[2025-01-17T14:10:40.515+0000] {logging_mixin.py:190} INFO - [2025-01-17T14:10:40.514+0000] {dag.py:4180} INFO - Setting next_dagrun for example_python_decorator to None, run_after=None
[2025-01-17T14:10:40.534+0000] {processor.py:208} INFO - Processing /home/airflow/.local/lib/python3.12/site-packages/airflow/example_dags/example_python_decorator.py took 0.092 seconds
[2025-01-17T14:11:11.657+0000] {processor.py:186} INFO - Started process (PID=654) to work on /home/airflow/.local/lib/python3.12/site-packages/airflow/example_dags/example_python_decorator.py
[2025-01-17T14:11:11.663+0000] {processor.py:914} INFO - Processing file /home/airflow/.local/lib/python3.12/site-packages/airflow/example_dags/example_python_decorator.py for tasks to queue
[2025-01-17T14:11:11.671+0000] {logging_mixin.py:190} INFO - [2025-01-17T14:11:11.670+0000] {dagbag.py:588} INFO - Filling up the DagBag from /home/airflow/.local/lib/python3.12/site-packages/airflow/example_dags/example_python_decorator.py
[2025-01-17T14:11:11.695+0000] {processor.py:925} INFO - DAG(s) 'example_python_decorator' retrieved from /home/airflow/.local/lib/python3.12/site-packages/airflow/example_dags/example_python_decorator.py
[2025-01-17T14:11:11.744+0000] {logging_mixin.py:190} INFO - [2025-01-17T14:11:11.744+0000] {dag.py:3239} INFO - Sync 1 DAGs
[2025-01-17T14:11:11.775+0000] {logging_mixin.py:190} INFO - [2025-01-17T14:11:11.775+0000] {dag.py:4180} INFO - Setting next_dagrun for example_python_decorator to None, run_after=None
[2025-01-17T14:11:11.830+0000] {processor.py:208} INFO - Processing /home/airflow/.local/lib/python3.12/site-packages/airflow/example_dags/example_python_decorator.py took 0.192 seconds
[2025-01-17T14:11:42.628+0000] {processor.py:186} INFO - Started process (PID=717) to work on /home/airflow/.local/lib/python3.12/site-packages/airflow/example_dags/example_python_decorator.py
[2025-01-17T14:11:42.629+0000] {processor.py:914} INFO - Processing file /home/airflow/.local/lib/python3.12/site-packages/airflow/example_dags/example_python_decorator.py for tasks to queue
[2025-01-17T14:11:42.632+0000] {logging_mixin.py:190} INFO - [2025-01-17T14:11:42.632+0000] {dagbag.py:588} INFO - Filling up the DagBag from /home/airflow/.local/lib/python3.12/site-packages/airflow/example_dags/example_python_decorator.py
[2025-01-17T14:11:42.649+0000] {processor.py:925} INFO - DAG(s) 'example_python_decorator' retrieved from /home/airflow/.local/lib/python3.12/site-packages/airflow/example_dags/example_python_decorator.py
[2025-01-17T14:11:42.672+0000] {logging_mixin.py:190} INFO - [2025-01-17T14:11:42.672+0000] {dag.py:3239} INFO - Sync 1 DAGs
[2025-01-17T14:11:42.685+0000] {logging_mixin.py:190} INFO - [2025-01-17T14:11:42.684+0000] {dag.py:4180} INFO - Setting next_dagrun for example_python_decorator to None, run_after=None
[2025-01-17T14:11:42.703+0000] {processor.py:208} INFO - Processing /home/airflow/.local/lib/python3.12/site-packages/airflow/example_dags/example_python_decorator.py took 0.081 seconds
[2025-01-17T14:12:13.465+0000] {processor.py:186} INFO - Started process (PID=781) to work on /home/airflow/.local/lib/python3.12/site-packages/airflow/example_dags/example_python_decorator.py
[2025-01-17T14:12:13.466+0000] {processor.py:914} INFO - Processing file /home/airflow/.local/lib/python3.12/site-packages/airflow/example_dags/example_python_decorator.py for tasks to queue
[2025-01-17T14:12:13.469+0000] {logging_mixin.py:190} INFO - [2025-01-17T14:12:13.468+0000] {dagbag.py:588} INFO - Filling up the DagBag from /home/airflow/.local/lib/python3.12/site-packages/airflow/example_dags/example_python_decorator.py
[2025-01-17T14:12:13.484+0000] {processor.py:925} INFO - DAG(s) 'example_python_decorator' retrieved from /home/airflow/.local/lib/python3.12/site-packages/airflow/example_dags/example_python_decorator.py
[2025-01-17T14:12:13.508+0000] {logging_mixin.py:190} INFO - [2025-01-17T14:12:13.507+0000] {dag.py:3239} INFO - Sync 1 DAGs
[2025-01-17T14:12:13.523+0000] {logging_mixin.py:190} INFO - [2025-01-17T14:12:13.523+0000] {dag.py:4180} INFO - Setting next_dagrun for example_python_decorator to None, run_after=None
[2025-01-17T14:12:13.545+0000] {processor.py:208} INFO - Processing /home/airflow/.local/lib/python3.12/site-packages/airflow/example_dags/example_python_decorator.py took 0.088 seconds
[2025-01-17T14:12:43.937+0000] {processor.py:186} INFO - Started process (PID=844) to work on /home/airflow/.local/lib/python3.12/site-packages/airflow/example_dags/example_python_decorator.py
[2025-01-17T14:12:43.939+0000] {processor.py:914} INFO - Processing file /home/airflow/.local/lib/python3.12/site-packages/airflow/example_dags/example_python_decorator.py for tasks to queue
[2025-01-17T14:12:43.941+0000] {logging_mixin.py:190} INFO - [2025-01-17T14:12:43.941+0000] {dagbag.py:588} INFO - Filling up the DagBag from /home/airflow/.local/lib/python3.12/site-packages/airflow/example_dags/example_python_decorator.py
[2025-01-17T14:12:43.955+0000] {processor.py:925} INFO - DAG(s) 'example_python_decorator' retrieved from /home/airflow/.local/lib/python3.12/site-packages/airflow/example_dags/example_python_decorator.py
[2025-01-17T14:12:43.976+0000] {logging_mixin.py:190} INFO - [2025-01-17T14:12:43.976+0000] {dag.py:3239} INFO - Sync 1 DAGs
[2025-01-17T14:12:43.990+0000] {logging_mixin.py:190} INFO - [2025-01-17T14:12:43.990+0000] {dag.py:4180} INFO - Setting next_dagrun for example_python_decorator to None, run_after=None
[2025-01-17T14:12:44.009+0000] {processor.py:208} INFO - Processing /home/airflow/.local/lib/python3.12/site-packages/airflow/example_dags/example_python_decorator.py took 0.077 seconds
[2025-01-17T14:13:14.136+0000] {processor.py:186} INFO - Started process (PID=907) to work on /home/airflow/.local/lib/python3.12/site-packages/airflow/example_dags/example_python_decorator.py
[2025-01-17T14:13:14.137+0000] {processor.py:914} INFO - Processing file /home/airflow/.local/lib/python3.12/site-packages/airflow/example_dags/example_python_decorator.py for tasks to queue
[2025-01-17T14:13:14.140+0000] {logging_mixin.py:190} INFO - [2025-01-17T14:13:14.139+0000] {dagbag.py:588} INFO - Filling up the DagBag from /home/airflow/.local/lib/python3.12/site-packages/airflow/example_dags/example_python_decorator.py
[2025-01-17T14:13:14.152+0000] {processor.py:925} INFO - DAG(s) 'example_python_decorator' retrieved from /home/airflow/.local/lib/python3.12/site-packages/airflow/example_dags/example_python_decorator.py
[2025-01-17T14:13:14.174+0000] {logging_mixin.py:190} INFO - [2025-01-17T14:13:14.174+0000] {dag.py:3239} INFO - Sync 1 DAGs
[2025-01-17T14:13:14.187+0000] {logging_mixin.py:190} INFO - [2025-01-17T14:13:14.187+0000] {dag.py:4180} INFO - Setting next_dagrun for example_python_decorator to None, run_after=None
[2025-01-17T14:13:14.209+0000] {processor.py:208} INFO - Processing /home/airflow/.local/lib/python3.12/site-packages/airflow/example_dags/example_python_decorator.py took 0.079 seconds
[2025-01-17T14:13:44.470+0000] {processor.py:186} INFO - Started process (PID=970) to work on /home/airflow/.local/lib/python3.12/site-packages/airflow/example_dags/example_python_decorator.py
[2025-01-17T14:13:44.471+0000] {processor.py:914} INFO - Processing file /home/airflow/.local/lib/python3.12/site-packages/airflow/example_dags/example_python_decorator.py for tasks to queue
[2025-01-17T14:13:44.475+0000] {logging_mixin.py:190} INFO - [2025-01-17T14:13:44.474+0000] {dagbag.py:588} INFO - Filling up the DagBag from /home/airflow/.local/lib/python3.12/site-packages/airflow/example_dags/example_python_decorator.py
[2025-01-17T14:13:44.494+0000] {processor.py:925} INFO - DAG(s) 'example_python_decorator' retrieved from /home/airflow/.local/lib/python3.12/site-packages/airflow/example_dags/example_python_decorator.py
[2025-01-17T14:13:44.519+0000] {logging_mixin.py:190} INFO - [2025-01-17T14:13:44.518+0000] {dag.py:3239} INFO - Sync 1 DAGs
[2025-01-17T14:13:44.535+0000] {logging_mixin.py:190} INFO - [2025-01-17T14:13:44.535+0000] {dag.py:4180} INFO - Setting next_dagrun for example_python_decorator to None, run_after=None
[2025-01-17T14:13:44.558+0000] {processor.py:208} INFO - Processing /home/airflow/.local/lib/python3.12/site-packages/airflow/example_dags/example_python_decorator.py took 0.097 seconds
