[2025-01-17T14:06:50.639+0000] {processor.py:186} INFO - Started process (PID=129) to work on /home/airflow/.local/lib/python3.12/site-packages/airflow/example_dags/example_params_trigger_ui.py
[2025-01-17T14:06:50.643+0000] {processor.py:914} INFO - Processing file /home/airflow/.local/lib/python3.12/site-packages/airflow/example_dags/example_params_trigger_ui.py for tasks to queue
[2025-01-17T14:06:50.648+0000] {logging_mixin.py:190} INFO - [2025-01-17T14:06:50.647+0000] {dagbag.py:588} INFO - Filling up the DagBag from /home/airflow/.local/lib/python3.12/site-packages/airflow/example_dags/example_params_trigger_ui.py
[2025-01-17T14:06:50.669+0000] {processor.py:925} INFO - DAG(s) 'example_params_trigger_ui' retrieved from /home/airflow/.local/lib/python3.12/site-packages/airflow/example_dags/example_params_trigger_ui.py
[2025-01-17T14:06:50.895+0000] {logging_mixin.py:190} INFO - [2025-01-17T14:06:50.894+0000] {override.py:1911} INFO - Created Permission View: can read on DAG:example_params_trigger_ui
[2025-01-17T14:06:50.907+0000] {logging_mixin.py:190} INFO - [2025-01-17T14:06:50.907+0000] {override.py:1911} INFO - Created Permission View: can delete on DAG:example_params_trigger_ui
[2025-01-17T14:06:50.919+0000] {logging_mixin.py:190} INFO - [2025-01-17T14:06:50.918+0000] {override.py:1911} INFO - Created Permission View: can edit on DAG:example_params_trigger_ui
[2025-01-17T14:06:50.931+0000] {logging_mixin.py:190} INFO - [2025-01-17T14:06:50.930+0000] {override.py:1911} INFO - Created Permission View: menu access on DAG Run:example_params_trigger_ui
[2025-01-17T14:06:50.940+0000] {logging_mixin.py:190} INFO - [2025-01-17T14:06:50.940+0000] {override.py:1911} INFO - Created Permission View: can read on DAG Run:example_params_trigger_ui
[2025-01-17T14:06:50.954+0000] {logging_mixin.py:190} INFO - [2025-01-17T14:06:50.953+0000] {override.py:1911} INFO - Created Permission View: can delete on DAG Run:example_params_trigger_ui
[2025-01-17T14:06:50.966+0000] {logging_mixin.py:190} INFO - [2025-01-17T14:06:50.965+0000] {override.py:1911} INFO - Created Permission View: can create on DAG Run:example_params_trigger_ui
[2025-01-17T14:06:50.967+0000] {logging_mixin.py:190} INFO - [2025-01-17T14:06:50.966+0000] {dag.py:3239} INFO - Sync 1 DAGs
[2025-01-17T14:06:50.985+0000] {logging_mixin.py:190} INFO - [2025-01-17T14:06:50.985+0000] {dag.py:3262} INFO - Creating ORM DAG for example_params_trigger_ui
[2025-01-17T14:06:50.986+0000] {logging_mixin.py:190} INFO - [2025-01-17T14:06:50.986+0000] {dag.py:4180} INFO - Setting next_dagrun for example_params_trigger_ui to None, run_after=None
[2025-01-17T14:06:51.015+0000] {processor.py:208} INFO - Processing /home/airflow/.local/lib/python3.12/site-packages/airflow/example_dags/example_params_trigger_ui.py took 0.384 seconds
[2025-01-17T14:07:21.141+0000] {processor.py:186} INFO - Started process (PID=192) to work on /home/airflow/.local/lib/python3.12/site-packages/airflow/example_dags/example_params_trigger_ui.py
[2025-01-17T14:07:21.142+0000] {processor.py:914} INFO - Processing file /home/airflow/.local/lib/python3.12/site-packages/airflow/example_dags/example_params_trigger_ui.py for tasks to queue
[2025-01-17T14:07:21.144+0000] {logging_mixin.py:190} INFO - [2025-01-17T14:07:21.144+0000] {dagbag.py:588} INFO - Filling up the DagBag from /home/airflow/.local/lib/python3.12/site-packages/airflow/example_dags/example_params_trigger_ui.py
[2025-01-17T14:07:21.155+0000] {processor.py:925} INFO - DAG(s) 'example_params_trigger_ui' retrieved from /home/airflow/.local/lib/python3.12/site-packages/airflow/example_dags/example_params_trigger_ui.py
[2025-01-17T14:07:21.194+0000] {logging_mixin.py:190} INFO - [2025-01-17T14:07:21.194+0000] {dag.py:3239} INFO - Sync 1 DAGs
[2025-01-17T14:07:21.209+0000] {logging_mixin.py:190} INFO - [2025-01-17T14:07:21.209+0000] {dag.py:4180} INFO - Setting next_dagrun for example_params_trigger_ui to None, run_after=None
[2025-01-17T14:07:21.241+0000] {processor.py:208} INFO - Processing /home/airflow/.local/lib/python3.12/site-packages/airflow/example_dags/example_params_trigger_ui.py took 0.107 seconds
[2025-01-17T14:07:51.606+0000] {processor.py:186} INFO - Started process (PID=254) to work on /home/airflow/.local/lib/python3.12/site-packages/airflow/example_dags/example_params_trigger_ui.py
[2025-01-17T14:07:51.607+0000] {processor.py:914} INFO - Processing file /home/airflow/.local/lib/python3.12/site-packages/airflow/example_dags/example_params_trigger_ui.py for tasks to queue
[2025-01-17T14:07:51.609+0000] {logging_mixin.py:190} INFO - [2025-01-17T14:07:51.609+0000] {dagbag.py:588} INFO - Filling up the DagBag from /home/airflow/.local/lib/python3.12/site-packages/airflow/example_dags/example_params_trigger_ui.py
[2025-01-17T14:07:51.618+0000] {processor.py:925} INFO - DAG(s) 'example_params_trigger_ui' retrieved from /home/airflow/.local/lib/python3.12/site-packages/airflow/example_dags/example_params_trigger_ui.py
[2025-01-17T14:07:51.657+0000] {logging_mixin.py:190} INFO - [2025-01-17T14:07:51.657+0000] {dag.py:3239} INFO - Sync 1 DAGs
[2025-01-17T14:07:51.669+0000] {logging_mixin.py:190} INFO - [2025-01-17T14:07:51.669+0000] {dag.py:4180} INFO - Setting next_dagrun for example_params_trigger_ui to None, run_after=None
[2025-01-17T14:07:51.691+0000] {processor.py:208} INFO - Processing /home/airflow/.local/lib/python3.12/site-packages/airflow/example_dags/example_params_trigger_ui.py took 0.092 seconds
[2025-01-17T14:08:22.113+0000] {processor.py:186} INFO - Started process (PID=318) to work on /home/airflow/.local/lib/python3.12/site-packages/airflow/example_dags/example_params_trigger_ui.py
[2025-01-17T14:08:22.115+0000] {processor.py:914} INFO - Processing file /home/airflow/.local/lib/python3.12/site-packages/airflow/example_dags/example_params_trigger_ui.py for tasks to queue
[2025-01-17T14:08:22.119+0000] {logging_mixin.py:190} INFO - [2025-01-17T14:08:22.118+0000] {dagbag.py:588} INFO - Filling up the DagBag from /home/airflow/.local/lib/python3.12/site-packages/airflow/example_dags/example_params_trigger_ui.py
[2025-01-17T14:08:22.140+0000] {processor.py:925} INFO - DAG(s) 'example_params_trigger_ui' retrieved from /home/airflow/.local/lib/python3.12/site-packages/airflow/example_dags/example_params_trigger_ui.py
[2025-01-17T14:08:22.217+0000] {logging_mixin.py:190} INFO - [2025-01-17T14:08:22.217+0000] {dag.py:3239} INFO - Sync 1 DAGs
[2025-01-17T14:08:22.243+0000] {logging_mixin.py:190} INFO - [2025-01-17T14:08:22.243+0000] {dag.py:4180} INFO - Setting next_dagrun for example_params_trigger_ui to None, run_after=None
[2025-01-17T14:08:22.276+0000] {processor.py:208} INFO - Processing /home/airflow/.local/lib/python3.12/site-packages/airflow/example_dags/example_params_trigger_ui.py took 0.174 seconds
[2025-01-17T14:08:54.990+0000] {processor.py:186} INFO - Started process (PID=382) to work on /home/airflow/.local/lib/python3.12/site-packages/airflow/example_dags/example_params_trigger_ui.py
[2025-01-17T14:08:54.997+0000] {processor.py:914} INFO - Processing file /home/airflow/.local/lib/python3.12/site-packages/airflow/example_dags/example_params_trigger_ui.py for tasks to queue
[2025-01-17T14:08:55.003+0000] {logging_mixin.py:190} INFO - [2025-01-17T14:08:55.002+0000] {dagbag.py:588} INFO - Filling up the DagBag from /home/airflow/.local/lib/python3.12/site-packages/airflow/example_dags/example_params_trigger_ui.py
[2025-01-17T14:08:55.047+0000] {processor.py:925} INFO - DAG(s) 'example_params_trigger_ui' retrieved from /home/airflow/.local/lib/python3.12/site-packages/airflow/example_dags/example_params_trigger_ui.py
[2025-01-17T14:08:55.171+0000] {logging_mixin.py:190} INFO - [2025-01-17T14:08:55.171+0000] {dag.py:3239} INFO - Sync 1 DAGs
[2025-01-17T14:08:55.229+0000] {logging_mixin.py:190} INFO - [2025-01-17T14:08:55.228+0000] {dag.py:4180} INFO - Setting next_dagrun for example_params_trigger_ui to None, run_after=None
[2025-01-17T14:08:55.272+0000] {processor.py:208} INFO - Processing /home/airflow/.local/lib/python3.12/site-packages/airflow/example_dags/example_params_trigger_ui.py took 0.299 seconds
[2025-01-17T14:09:25.648+0000] {processor.py:186} INFO - Started process (PID=444) to work on /home/airflow/.local/lib/python3.12/site-packages/airflow/example_dags/example_params_trigger_ui.py
[2025-01-17T14:09:25.649+0000] {processor.py:914} INFO - Processing file /home/airflow/.local/lib/python3.12/site-packages/airflow/example_dags/example_params_trigger_ui.py for tasks to queue
[2025-01-17T14:09:25.652+0000] {logging_mixin.py:190} INFO - [2025-01-17T14:09:25.651+0000] {dagbag.py:588} INFO - Filling up the DagBag from /home/airflow/.local/lib/python3.12/site-packages/airflow/example_dags/example_params_trigger_ui.py
[2025-01-17T14:09:25.662+0000] {processor.py:925} INFO - DAG(s) 'example_params_trigger_ui' retrieved from /home/airflow/.local/lib/python3.12/site-packages/airflow/example_dags/example_params_trigger_ui.py
[2025-01-17T14:09:25.704+0000] {logging_mixin.py:190} INFO - [2025-01-17T14:09:25.703+0000] {dag.py:3239} INFO - Sync 1 DAGs
[2025-01-17T14:09:25.722+0000] {logging_mixin.py:190} INFO - [2025-01-17T14:09:25.722+0000] {dag.py:4180} INFO - Setting next_dagrun for example_params_trigger_ui to None, run_after=None
[2025-01-17T14:09:25.746+0000] {processor.py:208} INFO - Processing /home/airflow/.local/lib/python3.12/site-packages/airflow/example_dags/example_params_trigger_ui.py took 0.103 seconds
[2025-01-17T14:09:56.085+0000] {processor.py:186} INFO - Started process (PID=507) to work on /home/airflow/.local/lib/python3.12/site-packages/airflow/example_dags/example_params_trigger_ui.py
[2025-01-17T14:09:56.087+0000] {processor.py:914} INFO - Processing file /home/airflow/.local/lib/python3.12/site-packages/airflow/example_dags/example_params_trigger_ui.py for tasks to queue
[2025-01-17T14:09:56.090+0000] {logging_mixin.py:190} INFO - [2025-01-17T14:09:56.090+0000] {dagbag.py:588} INFO - Filling up the DagBag from /home/airflow/.local/lib/python3.12/site-packages/airflow/example_dags/example_params_trigger_ui.py
[2025-01-17T14:09:56.102+0000] {processor.py:925} INFO - DAG(s) 'example_params_trigger_ui' retrieved from /home/airflow/.local/lib/python3.12/site-packages/airflow/example_dags/example_params_trigger_ui.py
[2025-01-17T14:09:56.155+0000] {logging_mixin.py:190} INFO - [2025-01-17T14:09:56.155+0000] {dag.py:3239} INFO - Sync 1 DAGs
[2025-01-17T14:09:56.180+0000] {logging_mixin.py:190} INFO - [2025-01-17T14:09:56.180+0000] {dag.py:4180} INFO - Setting next_dagrun for example_params_trigger_ui to None, run_after=None
[2025-01-17T14:09:56.212+0000] {processor.py:208} INFO - Processing /home/airflow/.local/lib/python3.12/site-packages/airflow/example_dags/example_params_trigger_ui.py took 0.132 seconds
[2025-01-17T14:10:26.289+0000] {processor.py:186} INFO - Started process (PID=570) to work on /home/airflow/.local/lib/python3.12/site-packages/airflow/example_dags/example_params_trigger_ui.py
[2025-01-17T14:10:26.290+0000] {processor.py:914} INFO - Processing file /home/airflow/.local/lib/python3.12/site-packages/airflow/example_dags/example_params_trigger_ui.py for tasks to queue
[2025-01-17T14:10:26.293+0000] {logging_mixin.py:190} INFO - [2025-01-17T14:10:26.292+0000] {dagbag.py:588} INFO - Filling up the DagBag from /home/airflow/.local/lib/python3.12/site-packages/airflow/example_dags/example_params_trigger_ui.py
[2025-01-17T14:10:26.302+0000] {processor.py:925} INFO - DAG(s) 'example_params_trigger_ui' retrieved from /home/airflow/.local/lib/python3.12/site-packages/airflow/example_dags/example_params_trigger_ui.py
[2025-01-17T14:10:26.338+0000] {logging_mixin.py:190} INFO - [2025-01-17T14:10:26.338+0000] {dag.py:3239} INFO - Sync 1 DAGs
[2025-01-17T14:10:26.351+0000] {logging_mixin.py:190} INFO - [2025-01-17T14:10:26.351+0000] {dag.py:4180} INFO - Setting next_dagrun for example_params_trigger_ui to None, run_after=None
[2025-01-17T14:10:26.373+0000] {processor.py:208} INFO - Processing /home/airflow/.local/lib/python3.12/site-packages/airflow/example_dags/example_params_trigger_ui.py took 0.088 seconds
[2025-01-17T14:10:57.083+0000] {processor.py:186} INFO - Started process (PID=633) to work on /home/airflow/.local/lib/python3.12/site-packages/airflow/example_dags/example_params_trigger_ui.py
[2025-01-17T14:10:57.084+0000] {processor.py:914} INFO - Processing file /home/airflow/.local/lib/python3.12/site-packages/airflow/example_dags/example_params_trigger_ui.py for tasks to queue
[2025-01-17T14:10:57.087+0000] {logging_mixin.py:190} INFO - [2025-01-17T14:10:57.086+0000] {dagbag.py:588} INFO - Filling up the DagBag from /home/airflow/.local/lib/python3.12/site-packages/airflow/example_dags/example_params_trigger_ui.py
[2025-01-17T14:10:57.100+0000] {processor.py:925} INFO - DAG(s) 'example_params_trigger_ui' retrieved from /home/airflow/.local/lib/python3.12/site-packages/airflow/example_dags/example_params_trigger_ui.py
[2025-01-17T14:10:57.150+0000] {logging_mixin.py:190} INFO - [2025-01-17T14:10:57.150+0000] {dag.py:3239} INFO - Sync 1 DAGs
[2025-01-17T14:10:57.164+0000] {logging_mixin.py:190} INFO - [2025-01-17T14:10:57.164+0000] {dag.py:4180} INFO - Setting next_dagrun for example_params_trigger_ui to None, run_after=None
[2025-01-17T14:10:57.184+0000] {processor.py:208} INFO - Processing /home/airflow/.local/lib/python3.12/site-packages/airflow/example_dags/example_params_trigger_ui.py took 0.108 seconds
[2025-01-17T14:11:27.822+0000] {processor.py:186} INFO - Started process (PID=696) to work on /home/airflow/.local/lib/python3.12/site-packages/airflow/example_dags/example_params_trigger_ui.py
[2025-01-17T14:11:27.823+0000] {processor.py:914} INFO - Processing file /home/airflow/.local/lib/python3.12/site-packages/airflow/example_dags/example_params_trigger_ui.py for tasks to queue
[2025-01-17T14:11:27.825+0000] {logging_mixin.py:190} INFO - [2025-01-17T14:11:27.824+0000] {dagbag.py:588} INFO - Filling up the DagBag from /home/airflow/.local/lib/python3.12/site-packages/airflow/example_dags/example_params_trigger_ui.py
[2025-01-17T14:11:27.837+0000] {processor.py:925} INFO - DAG(s) 'example_params_trigger_ui' retrieved from /home/airflow/.local/lib/python3.12/site-packages/airflow/example_dags/example_params_trigger_ui.py
[2025-01-17T14:11:27.880+0000] {logging_mixin.py:190} INFO - [2025-01-17T14:11:27.879+0000] {dag.py:3239} INFO - Sync 1 DAGs
[2025-01-17T14:11:27.895+0000] {logging_mixin.py:190} INFO - [2025-01-17T14:11:27.895+0000] {dag.py:4180} INFO - Setting next_dagrun for example_params_trigger_ui to None, run_after=None
[2025-01-17T14:11:27.914+0000] {processor.py:208} INFO - Processing /home/airflow/.local/lib/python3.12/site-packages/airflow/example_dags/example_params_trigger_ui.py took 0.100 seconds
[2025-01-17T14:11:59.260+0000] {processor.py:186} INFO - Started process (PID=760) to work on /home/airflow/.local/lib/python3.12/site-packages/airflow/example_dags/example_params_trigger_ui.py
[2025-01-17T14:11:59.262+0000] {processor.py:914} INFO - Processing file /home/airflow/.local/lib/python3.12/site-packages/airflow/example_dags/example_params_trigger_ui.py for tasks to queue
[2025-01-17T14:11:59.264+0000] {logging_mixin.py:190} INFO - [2025-01-17T14:11:59.264+0000] {dagbag.py:588} INFO - Filling up the DagBag from /home/airflow/.local/lib/python3.12/site-packages/airflow/example_dags/example_params_trigger_ui.py
[2025-01-17T14:11:59.276+0000] {processor.py:925} INFO - DAG(s) 'example_params_trigger_ui' retrieved from /home/airflow/.local/lib/python3.12/site-packages/airflow/example_dags/example_params_trigger_ui.py
[2025-01-17T14:11:59.316+0000] {logging_mixin.py:190} INFO - [2025-01-17T14:11:59.315+0000] {dag.py:3239} INFO - Sync 1 DAGs
[2025-01-17T14:11:59.330+0000] {logging_mixin.py:190} INFO - [2025-01-17T14:11:59.330+0000] {dag.py:4180} INFO - Setting next_dagrun for example_params_trigger_ui to None, run_after=None
[2025-01-17T14:11:59.350+0000] {processor.py:208} INFO - Processing /home/airflow/.local/lib/python3.12/site-packages/airflow/example_dags/example_params_trigger_ui.py took 0.096 seconds
[2025-01-17T14:12:30.849+0000] {processor.py:186} INFO - Started process (PID=823) to work on /home/airflow/.local/lib/python3.12/site-packages/airflow/example_dags/example_params_trigger_ui.py
[2025-01-17T14:12:30.851+0000] {processor.py:914} INFO - Processing file /home/airflow/.local/lib/python3.12/site-packages/airflow/example_dags/example_params_trigger_ui.py for tasks to queue
[2025-01-17T14:12:30.854+0000] {logging_mixin.py:190} INFO - [2025-01-17T14:12:30.853+0000] {dagbag.py:588} INFO - Filling up the DagBag from /home/airflow/.local/lib/python3.12/site-packages/airflow/example_dags/example_params_trigger_ui.py
[2025-01-17T14:12:30.871+0000] {processor.py:925} INFO - DAG(s) 'example_params_trigger_ui' retrieved from /home/airflow/.local/lib/python3.12/site-packages/airflow/example_dags/example_params_trigger_ui.py
[2025-01-17T14:12:30.930+0000] {logging_mixin.py:190} INFO - [2025-01-17T14:12:30.929+0000] {dag.py:3239} INFO - Sync 1 DAGs
[2025-01-17T14:12:30.948+0000] {logging_mixin.py:190} INFO - [2025-01-17T14:12:30.947+0000] {dag.py:4180} INFO - Setting next_dagrun for example_params_trigger_ui to None, run_after=None
[2025-01-17T14:12:30.983+0000] {processor.py:208} INFO - Processing /home/airflow/.local/lib/python3.12/site-packages/airflow/example_dags/example_params_trigger_ui.py took 0.144 seconds
[2025-01-17T14:13:02.163+0000] {processor.py:186} INFO - Started process (PID=886) to work on /home/airflow/.local/lib/python3.12/site-packages/airflow/example_dags/example_params_trigger_ui.py
[2025-01-17T14:13:02.164+0000] {processor.py:914} INFO - Processing file /home/airflow/.local/lib/python3.12/site-packages/airflow/example_dags/example_params_trigger_ui.py for tasks to queue
[2025-01-17T14:13:02.168+0000] {logging_mixin.py:190} INFO - [2025-01-17T14:13:02.167+0000] {dagbag.py:588} INFO - Filling up the DagBag from /home/airflow/.local/lib/python3.12/site-packages/airflow/example_dags/example_params_trigger_ui.py
[2025-01-17T14:13:02.189+0000] {processor.py:925} INFO - DAG(s) 'example_params_trigger_ui' retrieved from /home/airflow/.local/lib/python3.12/site-packages/airflow/example_dags/example_params_trigger_ui.py
[2025-01-17T14:13:02.250+0000] {logging_mixin.py:190} INFO - [2025-01-17T14:13:02.249+0000] {dag.py:3239} INFO - Sync 1 DAGs
[2025-01-17T14:13:02.272+0000] {logging_mixin.py:190} INFO - [2025-01-17T14:13:02.272+0000] {dag.py:4180} INFO - Setting next_dagrun for example_params_trigger_ui to None, run_after=None
[2025-01-17T14:13:02.300+0000] {processor.py:208} INFO - Processing /home/airflow/.local/lib/python3.12/site-packages/airflow/example_dags/example_params_trigger_ui.py took 0.148 seconds
[2025-01-17T14:13:33.202+0000] {processor.py:186} INFO - Started process (PID=949) to work on /home/airflow/.local/lib/python3.12/site-packages/airflow/example_dags/example_params_trigger_ui.py
[2025-01-17T14:13:33.204+0000] {processor.py:914} INFO - Processing file /home/airflow/.local/lib/python3.12/site-packages/airflow/example_dags/example_params_trigger_ui.py for tasks to queue
[2025-01-17T14:13:33.209+0000] {logging_mixin.py:190} INFO - [2025-01-17T14:13:33.208+0000] {dagbag.py:588} INFO - Filling up the DagBag from /home/airflow/.local/lib/python3.12/site-packages/airflow/example_dags/example_params_trigger_ui.py
[2025-01-17T14:13:33.232+0000] {processor.py:925} INFO - DAG(s) 'example_params_trigger_ui' retrieved from /home/airflow/.local/lib/python3.12/site-packages/airflow/example_dags/example_params_trigger_ui.py
[2025-01-17T14:13:33.319+0000] {logging_mixin.py:190} INFO - [2025-01-17T14:13:33.318+0000] {dag.py:3239} INFO - Sync 1 DAGs
[2025-01-17T14:13:33.341+0000] {logging_mixin.py:190} INFO - [2025-01-17T14:13:33.341+0000] {dag.py:4180} INFO - Setting next_dagrun for example_params_trigger_ui to None, run_after=None
[2025-01-17T14:13:33.370+0000] {processor.py:208} INFO - Processing /home/airflow/.local/lib/python3.12/site-packages/airflow/example_dags/example_params_trigger_ui.py took 0.178 seconds
[2025-01-17T14:14:03.863+0000] {processor.py:186} INFO - Started process (PID=1013) to work on /home/airflow/.local/lib/python3.12/site-packages/airflow/example_dags/example_params_trigger_ui.py
[2025-01-17T14:14:03.864+0000] {processor.py:914} INFO - Processing file /home/airflow/.local/lib/python3.12/site-packages/airflow/example_dags/example_params_trigger_ui.py for tasks to queue
[2025-01-17T14:14:03.866+0000] {logging_mixin.py:190} INFO - [2025-01-17T14:14:03.866+0000] {dagbag.py:588} INFO - Filling up the DagBag from /home/airflow/.local/lib/python3.12/site-packages/airflow/example_dags/example_params_trigger_ui.py
[2025-01-17T14:14:03.878+0000] {processor.py:925} INFO - DAG(s) 'example_params_trigger_ui' retrieved from /home/airflow/.local/lib/python3.12/site-packages/airflow/example_dags/example_params_trigger_ui.py
[2025-01-17T14:14:03.921+0000] {logging_mixin.py:190} INFO - [2025-01-17T14:14:03.920+0000] {dag.py:3239} INFO - Sync 1 DAGs
[2025-01-17T14:14:03.935+0000] {logging_mixin.py:190} INFO - [2025-01-17T14:14:03.935+0000] {dag.py:4180} INFO - Setting next_dagrun for example_params_trigger_ui to None, run_after=None
[2025-01-17T14:14:03.960+0000] {processor.py:208} INFO - Processing /home/airflow/.local/lib/python3.12/site-packages/airflow/example_dags/example_params_trigger_ui.py took 0.104 seconds
