[2025-01-17T14:06:50.240+0000] {processor.py:186} INFO - Started process (PID=128) to work on /home/airflow/.local/lib/python3.12/site-packages/airflow/example_dags/example_xcom.py
[2025-01-17T14:06:50.243+0000] {processor.py:914} INFO - Processing file /home/airflow/.local/lib/python3.12/site-packages/airflow/example_dags/example_xcom.py for tasks to queue
[2025-01-17T14:06:50.247+0000] {logging_mixin.py:190} INFO - [2025-01-17T14:06:50.247+0000] {dagbag.py:588} INFO - Filling up the DagBag from /home/airflow/.local/lib/python3.12/site-packages/airflow/example_dags/example_xcom.py
[2025-01-17T14:06:50.267+0000] {processor.py:925} INFO - DAG(s) 'example_xcom' retrieved from /home/airflow/.local/lib/python3.12/site-packages/airflow/example_dags/example_xcom.py
[2025-01-17T14:06:50.452+0000] {logging_mixin.py:190} INFO - [2025-01-17T14:06:50.451+0000] {override.py:1911} INFO - Created Permission View: can read on DAG:example_xcom
[2025-01-17T14:06:50.468+0000] {logging_mixin.py:190} INFO - [2025-01-17T14:06:50.467+0000] {override.py:1911} INFO - Created Permission View: can delete on DAG:example_xcom
[2025-01-17T14:06:50.479+0000] {logging_mixin.py:190} INFO - [2025-01-17T14:06:50.478+0000] {override.py:1911} INFO - Created Permission View: can edit on DAG:example_xcom
[2025-01-17T14:06:50.491+0000] {logging_mixin.py:190} INFO - [2025-01-17T14:06:50.490+0000] {override.py:1911} INFO - Created Permission View: menu access on DAG Run:example_xcom
[2025-01-17T14:06:50.503+0000] {logging_mixin.py:190} INFO - [2025-01-17T14:06:50.503+0000] {override.py:1911} INFO - Created Permission View: can read on DAG Run:example_xcom
[2025-01-17T14:06:50.514+0000] {logging_mixin.py:190} INFO - [2025-01-17T14:06:50.514+0000] {override.py:1911} INFO - Created Permission View: can delete on DAG Run:example_xcom
[2025-01-17T14:06:50.523+0000] {logging_mixin.py:190} INFO - [2025-01-17T14:06:50.523+0000] {override.py:1911} INFO - Created Permission View: can create on DAG Run:example_xcom
[2025-01-17T14:06:50.525+0000] {logging_mixin.py:190} INFO - [2025-01-17T14:06:50.524+0000] {dag.py:3239} INFO - Sync 1 DAGs
[2025-01-17T14:06:50.551+0000] {logging_mixin.py:190} INFO - [2025-01-17T14:06:50.551+0000] {dag.py:3262} INFO - Creating ORM DAG for example_xcom
[2025-01-17T14:06:50.565+0000] {logging_mixin.py:190} INFO - [2025-01-17T14:06:50.565+0000] {dag.py:4180} INFO - Setting next_dagrun for example_xcom to 2021-01-01 00:00:00+00:00, run_after=2021-01-01 00:00:00+00:00
[2025-01-17T14:06:50.588+0000] {processor.py:208} INFO - Processing /home/airflow/.local/lib/python3.12/site-packages/airflow/example_dags/example_xcom.py took 0.355 seconds
[2025-01-17T14:07:21.022+0000] {processor.py:186} INFO - Started process (PID=191) to work on /home/airflow/.local/lib/python3.12/site-packages/airflow/example_dags/example_xcom.py
[2025-01-17T14:07:21.023+0000] {processor.py:914} INFO - Processing file /home/airflow/.local/lib/python3.12/site-packages/airflow/example_dags/example_xcom.py for tasks to queue
[2025-01-17T14:07:21.025+0000] {logging_mixin.py:190} INFO - [2025-01-17T14:07:21.025+0000] {dagbag.py:588} INFO - Filling up the DagBag from /home/airflow/.local/lib/python3.12/site-packages/airflow/example_dags/example_xcom.py
[2025-01-17T14:07:21.036+0000] {processor.py:925} INFO - DAG(s) 'example_xcom' retrieved from /home/airflow/.local/lib/python3.12/site-packages/airflow/example_dags/example_xcom.py
[2025-01-17T14:07:21.057+0000] {logging_mixin.py:190} INFO - [2025-01-17T14:07:21.057+0000] {dag.py:3239} INFO - Sync 1 DAGs
[2025-01-17T14:07:21.077+0000] {logging_mixin.py:190} INFO - [2025-01-17T14:07:21.076+0000] {dag.py:4180} INFO - Setting next_dagrun for example_xcom to 2021-01-01 00:00:00+00:00, run_after=2021-01-01 00:00:00+00:00
[2025-01-17T14:07:21.107+0000] {processor.py:208} INFO - Processing /home/airflow/.local/lib/python3.12/site-packages/airflow/example_dags/example_xcom.py took 0.090 seconds
[2025-01-17T14:07:51.499+0000] {processor.py:186} INFO - Started process (PID=253) to work on /home/airflow/.local/lib/python3.12/site-packages/airflow/example_dags/example_xcom.py
[2025-01-17T14:07:51.500+0000] {processor.py:914} INFO - Processing file /home/airflow/.local/lib/python3.12/site-packages/airflow/example_dags/example_xcom.py for tasks to queue
[2025-01-17T14:07:51.503+0000] {logging_mixin.py:190} INFO - [2025-01-17T14:07:51.503+0000] {dagbag.py:588} INFO - Filling up the DagBag from /home/airflow/.local/lib/python3.12/site-packages/airflow/example_dags/example_xcom.py
[2025-01-17T14:07:51.511+0000] {processor.py:925} INFO - DAG(s) 'example_xcom' retrieved from /home/airflow/.local/lib/python3.12/site-packages/airflow/example_dags/example_xcom.py
[2025-01-17T14:07:51.528+0000] {logging_mixin.py:190} INFO - [2025-01-17T14:07:51.527+0000] {dag.py:3239} INFO - Sync 1 DAGs
[2025-01-17T14:07:51.547+0000] {logging_mixin.py:190} INFO - [2025-01-17T14:07:51.547+0000] {dag.py:4180} INFO - Setting next_dagrun for example_xcom to 2021-01-01 00:00:00+00:00, run_after=2021-01-01 00:00:00+00:00
[2025-01-17T14:07:51.570+0000] {processor.py:208} INFO - Processing /home/airflow/.local/lib/python3.12/site-packages/airflow/example_dags/example_xcom.py took 0.075 seconds
[2025-01-17T14:08:21.933+0000] {processor.py:186} INFO - Started process (PID=317) to work on /home/airflow/.local/lib/python3.12/site-packages/airflow/example_dags/example_xcom.py
[2025-01-17T14:08:21.935+0000] {processor.py:914} INFO - Processing file /home/airflow/.local/lib/python3.12/site-packages/airflow/example_dags/example_xcom.py for tasks to queue
[2025-01-17T14:08:21.938+0000] {logging_mixin.py:190} INFO - [2025-01-17T14:08:21.938+0000] {dagbag.py:588} INFO - Filling up the DagBag from /home/airflow/.local/lib/python3.12/site-packages/airflow/example_dags/example_xcom.py
[2025-01-17T14:08:21.951+0000] {processor.py:925} INFO - DAG(s) 'example_xcom' retrieved from /home/airflow/.local/lib/python3.12/site-packages/airflow/example_dags/example_xcom.py
[2025-01-17T14:08:21.981+0000] {logging_mixin.py:190} INFO - [2025-01-17T14:08:21.981+0000] {dag.py:3239} INFO - Sync 1 DAGs
[2025-01-17T14:08:22.012+0000] {logging_mixin.py:190} INFO - [2025-01-17T14:08:22.012+0000] {dag.py:4180} INFO - Setting next_dagrun for example_xcom to 2021-01-01 00:00:00+00:00, run_after=2021-01-01 00:00:00+00:00
[2025-01-17T14:08:22.038+0000] {processor.py:208} INFO - Processing /home/airflow/.local/lib/python3.12/site-packages/airflow/example_dags/example_xcom.py took 0.114 seconds
[2025-01-17T14:08:54.461+0000] {processor.py:186} INFO - Started process (PID=381) to work on /home/airflow/.local/lib/python3.12/site-packages/airflow/example_dags/example_xcom.py
[2025-01-17T14:08:54.464+0000] {processor.py:914} INFO - Processing file /home/airflow/.local/lib/python3.12/site-packages/airflow/example_dags/example_xcom.py for tasks to queue
[2025-01-17T14:08:54.477+0000] {logging_mixin.py:190} INFO - [2025-01-17T14:08:54.476+0000] {dagbag.py:588} INFO - Filling up the DagBag from /home/airflow/.local/lib/python3.12/site-packages/airflow/example_dags/example_xcom.py
[2025-01-17T14:08:54.505+0000] {processor.py:925} INFO - DAG(s) 'example_xcom' retrieved from /home/airflow/.local/lib/python3.12/site-packages/airflow/example_dags/example_xcom.py
[2025-01-17T14:08:54.616+0000] {logging_mixin.py:190} INFO - [2025-01-17T14:08:54.616+0000] {dag.py:3239} INFO - Sync 1 DAGs
[2025-01-17T14:08:54.708+0000] {logging_mixin.py:190} INFO - [2025-01-17T14:08:54.706+0000] {dag.py:4180} INFO - Setting next_dagrun for example_xcom to 2021-01-01 00:00:00+00:00, run_after=2021-01-01 00:00:00+00:00
[2025-01-17T14:08:54.802+0000] {processor.py:208} INFO - Processing /home/airflow/.local/lib/python3.12/site-packages/airflow/example_dags/example_xcom.py took 0.362 seconds
[2025-01-17T14:09:25.635+0000] {processor.py:186} INFO - Started process (PID=443) to work on /home/airflow/.local/lib/python3.12/site-packages/airflow/example_dags/example_xcom.py
[2025-01-17T14:09:25.637+0000] {processor.py:914} INFO - Processing file /home/airflow/.local/lib/python3.12/site-packages/airflow/example_dags/example_xcom.py for tasks to queue
[2025-01-17T14:09:25.640+0000] {logging_mixin.py:190} INFO - [2025-01-17T14:09:25.640+0000] {dagbag.py:588} INFO - Filling up the DagBag from /home/airflow/.local/lib/python3.12/site-packages/airflow/example_dags/example_xcom.py
[2025-01-17T14:09:25.649+0000] {processor.py:925} INFO - DAG(s) 'example_xcom' retrieved from /home/airflow/.local/lib/python3.12/site-packages/airflow/example_dags/example_xcom.py
[2025-01-17T14:09:25.669+0000] {logging_mixin.py:190} INFO - [2025-01-17T14:09:25.669+0000] {dag.py:3239} INFO - Sync 1 DAGs
[2025-01-17T14:09:25.691+0000] {logging_mixin.py:190} INFO - [2025-01-17T14:09:25.691+0000] {dag.py:4180} INFO - Setting next_dagrun for example_xcom to 2021-01-01 00:00:00+00:00, run_after=2021-01-01 00:00:00+00:00
[2025-01-17T14:09:25.710+0000] {processor.py:208} INFO - Processing /home/airflow/.local/lib/python3.12/site-packages/airflow/example_dags/example_xcom.py took 0.080 seconds
[2025-01-17T14:09:56.084+0000] {processor.py:186} INFO - Started process (PID=506) to work on /home/airflow/.local/lib/python3.12/site-packages/airflow/example_dags/example_xcom.py
[2025-01-17T14:09:56.087+0000] {processor.py:914} INFO - Processing file /home/airflow/.local/lib/python3.12/site-packages/airflow/example_dags/example_xcom.py for tasks to queue
[2025-01-17T14:09:56.090+0000] {logging_mixin.py:190} INFO - [2025-01-17T14:09:56.090+0000] {dagbag.py:588} INFO - Filling up the DagBag from /home/airflow/.local/lib/python3.12/site-packages/airflow/example_dags/example_xcom.py
[2025-01-17T14:09:56.101+0000] {processor.py:925} INFO - DAG(s) 'example_xcom' retrieved from /home/airflow/.local/lib/python3.12/site-packages/airflow/example_dags/example_xcom.py
[2025-01-17T14:09:56.127+0000] {logging_mixin.py:190} INFO - [2025-01-17T14:09:56.127+0000] {dag.py:3239} INFO - Sync 1 DAGs
[2025-01-17T14:09:56.156+0000] {logging_mixin.py:190} INFO - [2025-01-17T14:09:56.156+0000] {dag.py:4180} INFO - Setting next_dagrun for example_xcom to 2021-01-01 00:00:00+00:00, run_after=2021-01-01 00:00:00+00:00
[2025-01-17T14:09:56.189+0000] {processor.py:208} INFO - Processing /home/airflow/.local/lib/python3.12/site-packages/airflow/example_dags/example_xcom.py took 0.111 seconds
[2025-01-17T14:10:26.288+0000] {processor.py:186} INFO - Started process (PID=569) to work on /home/airflow/.local/lib/python3.12/site-packages/airflow/example_dags/example_xcom.py
[2025-01-17T14:10:26.289+0000] {processor.py:914} INFO - Processing file /home/airflow/.local/lib/python3.12/site-packages/airflow/example_dags/example_xcom.py for tasks to queue
[2025-01-17T14:10:26.292+0000] {logging_mixin.py:190} INFO - [2025-01-17T14:10:26.292+0000] {dagbag.py:588} INFO - Filling up the DagBag from /home/airflow/.local/lib/python3.12/site-packages/airflow/example_dags/example_xcom.py
[2025-01-17T14:10:26.300+0000] {processor.py:925} INFO - DAG(s) 'example_xcom' retrieved from /home/airflow/.local/lib/python3.12/site-packages/airflow/example_dags/example_xcom.py
[2025-01-17T14:10:26.321+0000] {logging_mixin.py:190} INFO - [2025-01-17T14:10:26.321+0000] {dag.py:3239} INFO - Sync 1 DAGs
[2025-01-17T14:10:26.343+0000] {logging_mixin.py:190} INFO - [2025-01-17T14:10:26.342+0000] {dag.py:4180} INFO - Setting next_dagrun for example_xcom to 2021-01-01 00:00:00+00:00, run_after=2021-01-01 00:00:00+00:00
[2025-01-17T14:10:26.371+0000] {processor.py:208} INFO - Processing /home/airflow/.local/lib/python3.12/site-packages/airflow/example_dags/example_xcom.py took 0.087 seconds
[2025-01-17T14:10:57.081+0000] {processor.py:186} INFO - Started process (PID=632) to work on /home/airflow/.local/lib/python3.12/site-packages/airflow/example_dags/example_xcom.py
[2025-01-17T14:10:57.082+0000] {processor.py:914} INFO - Processing file /home/airflow/.local/lib/python3.12/site-packages/airflow/example_dags/example_xcom.py for tasks to queue
[2025-01-17T14:10:57.084+0000] {logging_mixin.py:190} INFO - [2025-01-17T14:10:57.084+0000] {dagbag.py:588} INFO - Filling up the DagBag from /home/airflow/.local/lib/python3.12/site-packages/airflow/example_dags/example_xcom.py
[2025-01-17T14:10:57.096+0000] {processor.py:925} INFO - DAG(s) 'example_xcom' retrieved from /home/airflow/.local/lib/python3.12/site-packages/airflow/example_dags/example_xcom.py
[2025-01-17T14:10:57.123+0000] {logging_mixin.py:190} INFO - [2025-01-17T14:10:57.122+0000] {dag.py:3239} INFO - Sync 1 DAGs
[2025-01-17T14:10:57.150+0000] {logging_mixin.py:190} INFO - [2025-01-17T14:10:57.150+0000] {dag.py:4180} INFO - Setting next_dagrun for example_xcom to 2021-01-01 00:00:00+00:00, run_after=2021-01-01 00:00:00+00:00
[2025-01-17T14:10:57.170+0000] {processor.py:208} INFO - Processing /home/airflow/.local/lib/python3.12/site-packages/airflow/example_dags/example_xcom.py took 0.095 seconds
[2025-01-17T14:11:27.821+0000] {processor.py:186} INFO - Started process (PID=695) to work on /home/airflow/.local/lib/python3.12/site-packages/airflow/example_dags/example_xcom.py
[2025-01-17T14:11:27.822+0000] {processor.py:914} INFO - Processing file /home/airflow/.local/lib/python3.12/site-packages/airflow/example_dags/example_xcom.py for tasks to queue
[2025-01-17T14:11:27.824+0000] {logging_mixin.py:190} INFO - [2025-01-17T14:11:27.824+0000] {dagbag.py:588} INFO - Filling up the DagBag from /home/airflow/.local/lib/python3.12/site-packages/airflow/example_dags/example_xcom.py
[2025-01-17T14:11:27.834+0000] {processor.py:925} INFO - DAG(s) 'example_xcom' retrieved from /home/airflow/.local/lib/python3.12/site-packages/airflow/example_dags/example_xcom.py
[2025-01-17T14:11:27.855+0000] {logging_mixin.py:190} INFO - [2025-01-17T14:11:27.854+0000] {dag.py:3239} INFO - Sync 1 DAGs
[2025-01-17T14:11:27.880+0000] {logging_mixin.py:190} INFO - [2025-01-17T14:11:27.880+0000] {dag.py:4180} INFO - Setting next_dagrun for example_xcom to 2021-01-01 00:00:00+00:00, run_after=2021-01-01 00:00:00+00:00
[2025-01-17T14:11:27.911+0000] {processor.py:208} INFO - Processing /home/airflow/.local/lib/python3.12/site-packages/airflow/example_dags/example_xcom.py took 0.097 seconds
[2025-01-17T14:11:59.130+0000] {processor.py:186} INFO - Started process (PID=759) to work on /home/airflow/.local/lib/python3.12/site-packages/airflow/example_dags/example_xcom.py
[2025-01-17T14:11:59.132+0000] {processor.py:914} INFO - Processing file /home/airflow/.local/lib/python3.12/site-packages/airflow/example_dags/example_xcom.py for tasks to queue
[2025-01-17T14:11:59.134+0000] {logging_mixin.py:190} INFO - [2025-01-17T14:11:59.134+0000] {dagbag.py:588} INFO - Filling up the DagBag from /home/airflow/.local/lib/python3.12/site-packages/airflow/example_dags/example_xcom.py
[2025-01-17T14:11:59.144+0000] {processor.py:925} INFO - DAG(s) 'example_xcom' retrieved from /home/airflow/.local/lib/python3.12/site-packages/airflow/example_dags/example_xcom.py
[2025-01-17T14:11:59.164+0000] {logging_mixin.py:190} INFO - [2025-01-17T14:11:59.164+0000] {dag.py:3239} INFO - Sync 1 DAGs
[2025-01-17T14:11:59.188+0000] {logging_mixin.py:190} INFO - [2025-01-17T14:11:59.187+0000] {dag.py:4180} INFO - Setting next_dagrun for example_xcom to 2021-01-01 00:00:00+00:00, run_after=2021-01-01 00:00:00+00:00
[2025-01-17T14:11:59.218+0000] {processor.py:208} INFO - Processing /home/airflow/.local/lib/python3.12/site-packages/airflow/example_dags/example_xcom.py took 0.093 seconds
[2025-01-17T14:12:30.746+0000] {processor.py:186} INFO - Started process (PID=822) to work on /home/airflow/.local/lib/python3.12/site-packages/airflow/example_dags/example_xcom.py
[2025-01-17T14:12:30.748+0000] {processor.py:914} INFO - Processing file /home/airflow/.local/lib/python3.12/site-packages/airflow/example_dags/example_xcom.py for tasks to queue
[2025-01-17T14:12:30.752+0000] {logging_mixin.py:190} INFO - [2025-01-17T14:12:30.751+0000] {dagbag.py:588} INFO - Filling up the DagBag from /home/airflow/.local/lib/python3.12/site-packages/airflow/example_dags/example_xcom.py
[2025-01-17T14:12:30.768+0000] {processor.py:925} INFO - DAG(s) 'example_xcom' retrieved from /home/airflow/.local/lib/python3.12/site-packages/airflow/example_dags/example_xcom.py
[2025-01-17T14:12:30.805+0000] {logging_mixin.py:190} INFO - [2025-01-17T14:12:30.804+0000] {dag.py:3239} INFO - Sync 1 DAGs
[2025-01-17T14:12:30.847+0000] {logging_mixin.py:190} INFO - [2025-01-17T14:12:30.845+0000] {dag.py:4180} INFO - Setting next_dagrun for example_xcom to 2021-01-01 00:00:00+00:00, run_after=2021-01-01 00:00:00+00:00
[2025-01-17T14:12:30.871+0000] {processor.py:208} INFO - Processing /home/airflow/.local/lib/python3.12/site-packages/airflow/example_dags/example_xcom.py took 0.135 seconds
[2025-01-17T14:13:02.160+0000] {processor.py:186} INFO - Started process (PID=885) to work on /home/airflow/.local/lib/python3.12/site-packages/airflow/example_dags/example_xcom.py
[2025-01-17T14:13:02.164+0000] {processor.py:914} INFO - Processing file /home/airflow/.local/lib/python3.12/site-packages/airflow/example_dags/example_xcom.py for tasks to queue
[2025-01-17T14:13:02.168+0000] {logging_mixin.py:190} INFO - [2025-01-17T14:13:02.167+0000] {dagbag.py:588} INFO - Filling up the DagBag from /home/airflow/.local/lib/python3.12/site-packages/airflow/example_dags/example_xcom.py
[2025-01-17T14:13:02.184+0000] {processor.py:925} INFO - DAG(s) 'example_xcom' retrieved from /home/airflow/.local/lib/python3.12/site-packages/airflow/example_dags/example_xcom.py
[2025-01-17T14:13:02.216+0000] {logging_mixin.py:190} INFO - [2025-01-17T14:13:02.215+0000] {dag.py:3239} INFO - Sync 1 DAGs
[2025-01-17T14:13:02.249+0000] {logging_mixin.py:190} INFO - [2025-01-17T14:13:02.249+0000] {dag.py:4180} INFO - Setting next_dagrun for example_xcom to 2021-01-01 00:00:00+00:00, run_after=2021-01-01 00:00:00+00:00
[2025-01-17T14:13:02.286+0000] {processor.py:208} INFO - Processing /home/airflow/.local/lib/python3.12/site-packages/airflow/example_dags/example_xcom.py took 0.135 seconds
[2025-01-17T14:13:33.174+0000] {processor.py:186} INFO - Started process (PID=948) to work on /home/airflow/.local/lib/python3.12/site-packages/airflow/example_dags/example_xcom.py
[2025-01-17T14:13:33.176+0000] {processor.py:914} INFO - Processing file /home/airflow/.local/lib/python3.12/site-packages/airflow/example_dags/example_xcom.py for tasks to queue
[2025-01-17T14:13:33.179+0000] {logging_mixin.py:190} INFO - [2025-01-17T14:13:33.178+0000] {dagbag.py:588} INFO - Filling up the DagBag from /home/airflow/.local/lib/python3.12/site-packages/airflow/example_dags/example_xcom.py
[2025-01-17T14:13:33.199+0000] {processor.py:925} INFO - DAG(s) 'example_xcom' retrieved from /home/airflow/.local/lib/python3.12/site-packages/airflow/example_dags/example_xcom.py
[2025-01-17T14:13:33.237+0000] {logging_mixin.py:190} INFO - [2025-01-17T14:13:33.235+0000] {dag.py:3239} INFO - Sync 1 DAGs
[2025-01-17T14:13:33.286+0000] {logging_mixin.py:190} INFO - [2025-01-17T14:13:33.285+0000] {dag.py:4180} INFO - Setting next_dagrun for example_xcom to 2021-01-01 00:00:00+00:00, run_after=2021-01-01 00:00:00+00:00
[2025-01-17T14:13:33.323+0000] {processor.py:208} INFO - Processing /home/airflow/.local/lib/python3.12/site-packages/airflow/example_dags/example_xcom.py took 0.159 seconds
[2025-01-17T14:14:03.735+0000] {processor.py:186} INFO - Started process (PID=1012) to work on /home/airflow/.local/lib/python3.12/site-packages/airflow/example_dags/example_xcom.py
[2025-01-17T14:14:03.736+0000] {processor.py:914} INFO - Processing file /home/airflow/.local/lib/python3.12/site-packages/airflow/example_dags/example_xcom.py for tasks to queue
[2025-01-17T14:14:03.738+0000] {logging_mixin.py:190} INFO - [2025-01-17T14:14:03.738+0000] {dagbag.py:588} INFO - Filling up the DagBag from /home/airflow/.local/lib/python3.12/site-packages/airflow/example_dags/example_xcom.py
[2025-01-17T14:14:03.749+0000] {processor.py:925} INFO - DAG(s) 'example_xcom' retrieved from /home/airflow/.local/lib/python3.12/site-packages/airflow/example_dags/example_xcom.py
[2025-01-17T14:14:03.777+0000] {logging_mixin.py:190} INFO - [2025-01-17T14:14:03.776+0000] {dag.py:3239} INFO - Sync 1 DAGs
[2025-01-17T14:14:03.802+0000] {logging_mixin.py:190} INFO - [2025-01-17T14:14:03.801+0000] {dag.py:4180} INFO - Setting next_dagrun for example_xcom to 2021-01-01 00:00:00+00:00, run_after=2021-01-01 00:00:00+00:00
[2025-01-17T14:14:03.821+0000] {processor.py:208} INFO - Processing /home/airflow/.local/lib/python3.12/site-packages/airflow/example_dags/example_xcom.py took 0.091 seconds
