[2025-01-17T14:06:42.756+0000] {processor.py:186} INFO - Started process (PID=97) to work on /home/airflow/.local/lib/python3.12/site-packages/airflow/example_dags/example_external_task_marker_dag.py
[2025-01-17T14:06:42.758+0000] {processor.py:914} INFO - Processing file /home/airflow/.local/lib/python3.12/site-packages/airflow/example_dags/example_external_task_marker_dag.py for tasks to queue
[2025-01-17T14:06:42.761+0000] {logging_mixin.py:190} INFO - [2025-01-17T14:06:42.761+0000] {dagbag.py:588} INFO - Filling up the DagBag from /home/airflow/.local/lib/python3.12/site-packages/airflow/example_dags/example_external_task_marker_dag.py
[2025-01-17T14:06:42.775+0000] {processor.py:925} INFO - DAG(s) 'example_external_task_marker_child', 'example_external_task_marker_parent' retrieved from /home/airflow/.local/lib/python3.12/site-packages/airflow/example_dags/example_external_task_marker_dag.py
[2025-01-17T14:06:42.920+0000] {logging_mixin.py:190} INFO - [2025-01-17T14:06:42.920+0000] {override.py:1911} INFO - Created Permission View: can read on DAG:example_external_task_marker_child
[2025-01-17T14:06:42.933+0000] {logging_mixin.py:190} INFO - [2025-01-17T14:06:42.933+0000] {override.py:1911} INFO - Created Permission View: can delete on DAG:example_external_task_marker_child
[2025-01-17T14:06:42.943+0000] {logging_mixin.py:190} INFO - [2025-01-17T14:06:42.943+0000] {override.py:1911} INFO - Created Permission View: can edit on DAG:example_external_task_marker_child
[2025-01-17T14:06:42.953+0000] {logging_mixin.py:190} INFO - [2025-01-17T14:06:42.953+0000] {override.py:1911} INFO - Created Permission View: menu access on DAG Run:example_external_task_marker_child
[2025-01-17T14:06:42.962+0000] {logging_mixin.py:190} INFO - [2025-01-17T14:06:42.962+0000] {override.py:1911} INFO - Created Permission View: can read on DAG Run:example_external_task_marker_child
[2025-01-17T14:06:42.973+0000] {logging_mixin.py:190} INFO - [2025-01-17T14:06:42.972+0000] {override.py:1911} INFO - Created Permission View: can delete on DAG Run:example_external_task_marker_child
[2025-01-17T14:06:42.981+0000] {logging_mixin.py:190} INFO - [2025-01-17T14:06:42.981+0000] {override.py:1911} INFO - Created Permission View: can create on DAG Run:example_external_task_marker_child
[2025-01-17T14:06:42.997+0000] {logging_mixin.py:190} INFO - [2025-01-17T14:06:42.997+0000] {override.py:1911} INFO - Created Permission View: can read on DAG:example_external_task_marker_parent
[2025-01-17T14:06:43.010+0000] {logging_mixin.py:190} INFO - [2025-01-17T14:06:43.009+0000] {override.py:1911} INFO - Created Permission View: can delete on DAG:example_external_task_marker_parent
[2025-01-17T14:06:43.019+0000] {logging_mixin.py:190} INFO - [2025-01-17T14:06:43.017+0000] {override.py:1911} INFO - Created Permission View: can edit on DAG:example_external_task_marker_parent
[2025-01-17T14:06:43.029+0000] {logging_mixin.py:190} INFO - [2025-01-17T14:06:43.029+0000] {override.py:1911} INFO - Created Permission View: menu access on DAG Run:example_external_task_marker_parent
[2025-01-17T14:06:43.039+0000] {logging_mixin.py:190} INFO - [2025-01-17T14:06:43.039+0000] {override.py:1911} INFO - Created Permission View: can read on DAG Run:example_external_task_marker_parent
[2025-01-17T14:06:43.048+0000] {logging_mixin.py:190} INFO - [2025-01-17T14:06:43.047+0000] {override.py:1911} INFO - Created Permission View: can delete on DAG Run:example_external_task_marker_parent
[2025-01-17T14:06:43.060+0000] {logging_mixin.py:190} INFO - [2025-01-17T14:06:43.059+0000] {override.py:1911} INFO - Created Permission View: can create on DAG Run:example_external_task_marker_parent
[2025-01-17T14:06:43.061+0000] {logging_mixin.py:190} INFO - [2025-01-17T14:06:43.060+0000] {dag.py:3239} INFO - Sync 2 DAGs
[2025-01-17T14:06:43.083+0000] {logging_mixin.py:190} INFO - [2025-01-17T14:06:43.082+0000] {dag.py:3262} INFO - Creating ORM DAG for example_external_task_marker_parent
[2025-01-17T14:06:43.085+0000] {logging_mixin.py:190} INFO - [2025-01-17T14:06:43.084+0000] {dag.py:3262} INFO - Creating ORM DAG for example_external_task_marker_child
[2025-01-17T14:06:43.086+0000] {logging_mixin.py:190} INFO - [2025-01-17T14:06:43.085+0000] {dag.py:4180} INFO - Setting next_dagrun for example_external_task_marker_child to None, run_after=None
[2025-01-17T14:06:43.087+0000] {logging_mixin.py:190} INFO - [2025-01-17T14:06:43.087+0000] {dag.py:4180} INFO - Setting next_dagrun for example_external_task_marker_parent to None, run_after=None
[2025-01-17T14:06:43.111+0000] {processor.py:208} INFO - Processing /home/airflow/.local/lib/python3.12/site-packages/airflow/example_dags/example_external_task_marker_dag.py took 0.363 seconds
[2025-01-17T14:07:13.324+0000] {processor.py:186} INFO - Started process (PID=161) to work on /home/airflow/.local/lib/python3.12/site-packages/airflow/example_dags/example_external_task_marker_dag.py
[2025-01-17T14:07:13.325+0000] {processor.py:914} INFO - Processing file /home/airflow/.local/lib/python3.12/site-packages/airflow/example_dags/example_external_task_marker_dag.py for tasks to queue
[2025-01-17T14:07:13.327+0000] {logging_mixin.py:190} INFO - [2025-01-17T14:07:13.327+0000] {dagbag.py:588} INFO - Filling up the DagBag from /home/airflow/.local/lib/python3.12/site-packages/airflow/example_dags/example_external_task_marker_dag.py
[2025-01-17T14:07:13.334+0000] {processor.py:925} INFO - DAG(s) 'example_external_task_marker_parent', 'example_external_task_marker_child' retrieved from /home/airflow/.local/lib/python3.12/site-packages/airflow/example_dags/example_external_task_marker_dag.py
[2025-01-17T14:07:13.357+0000] {logging_mixin.py:190} INFO - [2025-01-17T14:07:13.356+0000] {dag.py:3239} INFO - Sync 2 DAGs
[2025-01-17T14:07:13.369+0000] {logging_mixin.py:190} INFO - [2025-01-17T14:07:13.369+0000] {dag.py:4180} INFO - Setting next_dagrun for example_external_task_marker_child to None, run_after=None
[2025-01-17T14:07:13.374+0000] {logging_mixin.py:190} INFO - [2025-01-17T14:07:13.374+0000] {dag.py:4180} INFO - Setting next_dagrun for example_external_task_marker_parent to None, run_after=None
[2025-01-17T14:07:13.400+0000] {processor.py:208} INFO - Processing /home/airflow/.local/lib/python3.12/site-packages/airflow/example_dags/example_external_task_marker_dag.py took 0.082 seconds
[2025-01-17T14:07:44.606+0000] {processor.py:186} INFO - Started process (PID=224) to work on /home/airflow/.local/lib/python3.12/site-packages/airflow/example_dags/example_external_task_marker_dag.py
[2025-01-17T14:07:44.607+0000] {processor.py:914} INFO - Processing file /home/airflow/.local/lib/python3.12/site-packages/airflow/example_dags/example_external_task_marker_dag.py for tasks to queue
[2025-01-17T14:07:44.611+0000] {logging_mixin.py:190} INFO - [2025-01-17T14:07:44.610+0000] {dagbag.py:588} INFO - Filling up the DagBag from /home/airflow/.local/lib/python3.12/site-packages/airflow/example_dags/example_external_task_marker_dag.py
[2025-01-17T14:07:44.618+0000] {processor.py:925} INFO - DAG(s) 'example_external_task_marker_parent', 'example_external_task_marker_child' retrieved from /home/airflow/.local/lib/python3.12/site-packages/airflow/example_dags/example_external_task_marker_dag.py
[2025-01-17T14:07:44.641+0000] {logging_mixin.py:190} INFO - [2025-01-17T14:07:44.640+0000] {dag.py:3239} INFO - Sync 2 DAGs
[2025-01-17T14:07:44.656+0000] {logging_mixin.py:190} INFO - [2025-01-17T14:07:44.656+0000] {dag.py:4180} INFO - Setting next_dagrun for example_external_task_marker_child to None, run_after=None
[2025-01-17T14:07:44.660+0000] {logging_mixin.py:190} INFO - [2025-01-17T14:07:44.660+0000] {dag.py:4180} INFO - Setting next_dagrun for example_external_task_marker_parent to None, run_after=None
[2025-01-17T14:07:44.686+0000] {processor.py:208} INFO - Processing /home/airflow/.local/lib/python3.12/site-packages/airflow/example_dags/example_external_task_marker_dag.py took 0.084 seconds
[2025-01-17T14:08:16.200+0000] {processor.py:186} INFO - Started process (PID=294) to work on /home/airflow/.local/lib/python3.12/site-packages/airflow/example_dags/example_external_task_marker_dag.py
[2025-01-17T14:08:16.201+0000] {processor.py:914} INFO - Processing file /home/airflow/.local/lib/python3.12/site-packages/airflow/example_dags/example_external_task_marker_dag.py for tasks to queue
[2025-01-17T14:08:16.206+0000] {logging_mixin.py:190} INFO - [2025-01-17T14:08:16.205+0000] {dagbag.py:588} INFO - Filling up the DagBag from /home/airflow/.local/lib/python3.12/site-packages/airflow/example_dags/example_external_task_marker_dag.py
[2025-01-17T14:08:16.218+0000] {processor.py:925} INFO - DAG(s) 'example_external_task_marker_child', 'example_external_task_marker_parent' retrieved from /home/airflow/.local/lib/python3.12/site-packages/airflow/example_dags/example_external_task_marker_dag.py
[2025-01-17T14:08:16.255+0000] {logging_mixin.py:190} INFO - [2025-01-17T14:08:16.255+0000] {dag.py:3239} INFO - Sync 2 DAGs
[2025-01-17T14:08:16.277+0000] {logging_mixin.py:190} INFO - [2025-01-17T14:08:16.277+0000] {dag.py:4180} INFO - Setting next_dagrun for example_external_task_marker_child to None, run_after=None
[2025-01-17T14:08:16.286+0000] {logging_mixin.py:190} INFO - [2025-01-17T14:08:16.285+0000] {dag.py:4180} INFO - Setting next_dagrun for example_external_task_marker_parent to None, run_after=None
[2025-01-17T14:08:16.315+0000] {processor.py:208} INFO - Processing /home/airflow/.local/lib/python3.12/site-packages/airflow/example_dags/example_external_task_marker_dag.py took 0.124 seconds
[2025-01-17T14:08:48.814+0000] {processor.py:186} INFO - Started process (PID=358) to work on /home/airflow/.local/lib/python3.12/site-packages/airflow/example_dags/example_external_task_marker_dag.py
[2025-01-17T14:08:48.816+0000] {processor.py:914} INFO - Processing file /home/airflow/.local/lib/python3.12/site-packages/airflow/example_dags/example_external_task_marker_dag.py for tasks to queue
[2025-01-17T14:08:48.820+0000] {logging_mixin.py:190} INFO - [2025-01-17T14:08:48.820+0000] {dagbag.py:588} INFO - Filling up the DagBag from /home/airflow/.local/lib/python3.12/site-packages/airflow/example_dags/example_external_task_marker_dag.py
[2025-01-17T14:08:48.837+0000] {processor.py:925} INFO - DAG(s) 'example_external_task_marker_parent', 'example_external_task_marker_child' retrieved from /home/airflow/.local/lib/python3.12/site-packages/airflow/example_dags/example_external_task_marker_dag.py
[2025-01-17T14:08:48.878+0000] {logging_mixin.py:190} INFO - [2025-01-17T14:08:48.878+0000] {dag.py:3239} INFO - Sync 2 DAGs
[2025-01-17T14:08:48.907+0000] {logging_mixin.py:190} INFO - [2025-01-17T14:08:48.907+0000] {dag.py:4180} INFO - Setting next_dagrun for example_external_task_marker_child to None, run_after=None
[2025-01-17T14:08:48.913+0000] {logging_mixin.py:190} INFO - [2025-01-17T14:08:48.912+0000] {dag.py:4180} INFO - Setting next_dagrun for example_external_task_marker_parent to None, run_after=None
[2025-01-17T14:08:48.941+0000] {processor.py:208} INFO - Processing /home/airflow/.local/lib/python3.12/site-packages/airflow/example_dags/example_external_task_marker_dag.py took 0.137 seconds
[2025-01-17T14:09:20.024+0000] {processor.py:186} INFO - Started process (PID=421) to work on /home/airflow/.local/lib/python3.12/site-packages/airflow/example_dags/example_external_task_marker_dag.py
[2025-01-17T14:09:20.025+0000] {processor.py:914} INFO - Processing file /home/airflow/.local/lib/python3.12/site-packages/airflow/example_dags/example_external_task_marker_dag.py for tasks to queue
[2025-01-17T14:09:20.029+0000] {logging_mixin.py:190} INFO - [2025-01-17T14:09:20.028+0000] {dagbag.py:588} INFO - Filling up the DagBag from /home/airflow/.local/lib/python3.12/site-packages/airflow/example_dags/example_external_task_marker_dag.py
[2025-01-17T14:09:20.036+0000] {processor.py:925} INFO - DAG(s) 'example_external_task_marker_child', 'example_external_task_marker_parent' retrieved from /home/airflow/.local/lib/python3.12/site-packages/airflow/example_dags/example_external_task_marker_dag.py
[2025-01-17T14:09:20.059+0000] {logging_mixin.py:190} INFO - [2025-01-17T14:09:20.059+0000] {dag.py:3239} INFO - Sync 2 DAGs
[2025-01-17T14:09:20.073+0000] {logging_mixin.py:190} INFO - [2025-01-17T14:09:20.073+0000] {dag.py:4180} INFO - Setting next_dagrun for example_external_task_marker_child to None, run_after=None
[2025-01-17T14:09:20.077+0000] {logging_mixin.py:190} INFO - [2025-01-17T14:09:20.077+0000] {dag.py:4180} INFO - Setting next_dagrun for example_external_task_marker_parent to None, run_after=None
[2025-01-17T14:09:20.093+0000] {processor.py:208} INFO - Processing /home/airflow/.local/lib/python3.12/site-packages/airflow/example_dags/example_external_task_marker_dag.py took 0.076 seconds
[2025-01-17T14:09:51.355+0000] {processor.py:186} INFO - Started process (PID=484) to work on /home/airflow/.local/lib/python3.12/site-packages/airflow/example_dags/example_external_task_marker_dag.py
[2025-01-17T14:09:51.357+0000] {processor.py:914} INFO - Processing file /home/airflow/.local/lib/python3.12/site-packages/airflow/example_dags/example_external_task_marker_dag.py for tasks to queue
[2025-01-17T14:09:51.360+0000] {logging_mixin.py:190} INFO - [2025-01-17T14:09:51.359+0000] {dagbag.py:588} INFO - Filling up the DagBag from /home/airflow/.local/lib/python3.12/site-packages/airflow/example_dags/example_external_task_marker_dag.py
[2025-01-17T14:09:51.366+0000] {processor.py:925} INFO - DAG(s) 'example_external_task_marker_child', 'example_external_task_marker_parent' retrieved from /home/airflow/.local/lib/python3.12/site-packages/airflow/example_dags/example_external_task_marker_dag.py
[2025-01-17T14:09:51.387+0000] {logging_mixin.py:190} INFO - [2025-01-17T14:09:51.387+0000] {dag.py:3239} INFO - Sync 2 DAGs
[2025-01-17T14:09:51.402+0000] {logging_mixin.py:190} INFO - [2025-01-17T14:09:51.402+0000] {dag.py:4180} INFO - Setting next_dagrun for example_external_task_marker_child to None, run_after=None
[2025-01-17T14:09:51.406+0000] {logging_mixin.py:190} INFO - [2025-01-17T14:09:51.405+0000] {dag.py:4180} INFO - Setting next_dagrun for example_external_task_marker_parent to None, run_after=None
[2025-01-17T14:09:51.433+0000] {processor.py:208} INFO - Processing /home/airflow/.local/lib/python3.12/site-packages/airflow/example_dags/example_external_task_marker_dag.py took 0.083 seconds
[2025-01-17T14:10:22.713+0000] {processor.py:186} INFO - Started process (PID=547) to work on /home/airflow/.local/lib/python3.12/site-packages/airflow/example_dags/example_external_task_marker_dag.py
[2025-01-17T14:10:22.714+0000] {processor.py:914} INFO - Processing file /home/airflow/.local/lib/python3.12/site-packages/airflow/example_dags/example_external_task_marker_dag.py for tasks to queue
[2025-01-17T14:10:22.717+0000] {logging_mixin.py:190} INFO - [2025-01-17T14:10:22.716+0000] {dagbag.py:588} INFO - Filling up the DagBag from /home/airflow/.local/lib/python3.12/site-packages/airflow/example_dags/example_external_task_marker_dag.py
[2025-01-17T14:10:22.723+0000] {processor.py:925} INFO - DAG(s) 'example_external_task_marker_parent', 'example_external_task_marker_child' retrieved from /home/airflow/.local/lib/python3.12/site-packages/airflow/example_dags/example_external_task_marker_dag.py
[2025-01-17T14:10:22.746+0000] {logging_mixin.py:190} INFO - [2025-01-17T14:10:22.745+0000] {dag.py:3239} INFO - Sync 2 DAGs
[2025-01-17T14:10:22.759+0000] {logging_mixin.py:190} INFO - [2025-01-17T14:10:22.758+0000] {dag.py:4180} INFO - Setting next_dagrun for example_external_task_marker_child to None, run_after=None
[2025-01-17T14:10:22.764+0000] {logging_mixin.py:190} INFO - [2025-01-17T14:10:22.763+0000] {dag.py:4180} INFO - Setting next_dagrun for example_external_task_marker_parent to None, run_after=None
[2025-01-17T14:10:22.782+0000] {processor.py:208} INFO - Processing /home/airflow/.local/lib/python3.12/site-packages/airflow/example_dags/example_external_task_marker_dag.py took 0.075 seconds
[2025-01-17T14:10:53.914+0000] {processor.py:186} INFO - Started process (PID=610) to work on /home/airflow/.local/lib/python3.12/site-packages/airflow/example_dags/example_external_task_marker_dag.py
[2025-01-17T14:10:53.916+0000] {processor.py:914} INFO - Processing file /home/airflow/.local/lib/python3.12/site-packages/airflow/example_dags/example_external_task_marker_dag.py for tasks to queue
[2025-01-17T14:10:53.918+0000] {logging_mixin.py:190} INFO - [2025-01-17T14:10:53.918+0000] {dagbag.py:588} INFO - Filling up the DagBag from /home/airflow/.local/lib/python3.12/site-packages/airflow/example_dags/example_external_task_marker_dag.py
[2025-01-17T14:10:53.926+0000] {processor.py:925} INFO - DAG(s) 'example_external_task_marker_parent', 'example_external_task_marker_child' retrieved from /home/airflow/.local/lib/python3.12/site-packages/airflow/example_dags/example_external_task_marker_dag.py
[2025-01-17T14:10:53.948+0000] {logging_mixin.py:190} INFO - [2025-01-17T14:10:53.947+0000] {dag.py:3239} INFO - Sync 2 DAGs
[2025-01-17T14:10:53.963+0000] {logging_mixin.py:190} INFO - [2025-01-17T14:10:53.962+0000] {dag.py:4180} INFO - Setting next_dagrun for example_external_task_marker_child to None, run_after=None
[2025-01-17T14:10:53.968+0000] {logging_mixin.py:190} INFO - [2025-01-17T14:10:53.968+0000] {dag.py:4180} INFO - Setting next_dagrun for example_external_task_marker_parent to None, run_after=None
[2025-01-17T14:10:53.994+0000] {processor.py:208} INFO - Processing /home/airflow/.local/lib/python3.12/site-packages/airflow/example_dags/example_external_task_marker_dag.py took 0.085 seconds
[2025-01-17T14:11:25.437+0000] {processor.py:186} INFO - Started process (PID=673) to work on /home/airflow/.local/lib/python3.12/site-packages/airflow/example_dags/example_external_task_marker_dag.py
[2025-01-17T14:11:25.438+0000] {processor.py:914} INFO - Processing file /home/airflow/.local/lib/python3.12/site-packages/airflow/example_dags/example_external_task_marker_dag.py for tasks to queue
[2025-01-17T14:11:25.440+0000] {logging_mixin.py:190} INFO - [2025-01-17T14:11:25.440+0000] {dagbag.py:588} INFO - Filling up the DagBag from /home/airflow/.local/lib/python3.12/site-packages/airflow/example_dags/example_external_task_marker_dag.py
[2025-01-17T14:11:25.447+0000] {processor.py:925} INFO - DAG(s) 'example_external_task_marker_parent', 'example_external_task_marker_child' retrieved from /home/airflow/.local/lib/python3.12/site-packages/airflow/example_dags/example_external_task_marker_dag.py
[2025-01-17T14:11:25.468+0000] {logging_mixin.py:190} INFO - [2025-01-17T14:11:25.467+0000] {dag.py:3239} INFO - Sync 2 DAGs
[2025-01-17T14:11:25.481+0000] {logging_mixin.py:190} INFO - [2025-01-17T14:11:25.481+0000] {dag.py:4180} INFO - Setting next_dagrun for example_external_task_marker_child to None, run_after=None
[2025-01-17T14:11:25.485+0000] {logging_mixin.py:190} INFO - [2025-01-17T14:11:25.485+0000] {dag.py:4180} INFO - Setting next_dagrun for example_external_task_marker_parent to None, run_after=None
[2025-01-17T14:11:25.503+0000] {processor.py:208} INFO - Processing /home/airflow/.local/lib/python3.12/site-packages/airflow/example_dags/example_external_task_marker_dag.py took 0.072 seconds
[2025-01-17T14:11:56.372+0000] {processor.py:186} INFO - Started process (PID=737) to work on /home/airflow/.local/lib/python3.12/site-packages/airflow/example_dags/example_external_task_marker_dag.py
[2025-01-17T14:11:56.375+0000] {processor.py:914} INFO - Processing file /home/airflow/.local/lib/python3.12/site-packages/airflow/example_dags/example_external_task_marker_dag.py for tasks to queue
[2025-01-17T14:11:56.378+0000] {logging_mixin.py:190} INFO - [2025-01-17T14:11:56.377+0000] {dagbag.py:588} INFO - Filling up the DagBag from /home/airflow/.local/lib/python3.12/site-packages/airflow/example_dags/example_external_task_marker_dag.py
[2025-01-17T14:11:56.387+0000] {processor.py:925} INFO - DAG(s) 'example_external_task_marker_child', 'example_external_task_marker_parent' retrieved from /home/airflow/.local/lib/python3.12/site-packages/airflow/example_dags/example_external_task_marker_dag.py
[2025-01-17T14:11:56.416+0000] {logging_mixin.py:190} INFO - [2025-01-17T14:11:56.415+0000] {dag.py:3239} INFO - Sync 2 DAGs
[2025-01-17T14:11:56.434+0000] {logging_mixin.py:190} INFO - [2025-01-17T14:11:56.434+0000] {dag.py:4180} INFO - Setting next_dagrun for example_external_task_marker_child to None, run_after=None
[2025-01-17T14:11:56.440+0000] {logging_mixin.py:190} INFO - [2025-01-17T14:11:56.439+0000] {dag.py:4180} INFO - Setting next_dagrun for example_external_task_marker_parent to None, run_after=None
[2025-01-17T14:11:56.477+0000] {processor.py:208} INFO - Processing /home/airflow/.local/lib/python3.12/site-packages/airflow/example_dags/example_external_task_marker_dag.py took 0.112 seconds
[2025-01-17T14:12:27.977+0000] {processor.py:186} INFO - Started process (PID=800) to work on /home/airflow/.local/lib/python3.12/site-packages/airflow/example_dags/example_external_task_marker_dag.py
[2025-01-17T14:12:27.978+0000] {processor.py:914} INFO - Processing file /home/airflow/.local/lib/python3.12/site-packages/airflow/example_dags/example_external_task_marker_dag.py for tasks to queue
[2025-01-17T14:12:27.981+0000] {logging_mixin.py:190} INFO - [2025-01-17T14:12:27.981+0000] {dagbag.py:588} INFO - Filling up the DagBag from /home/airflow/.local/lib/python3.12/site-packages/airflow/example_dags/example_external_task_marker_dag.py
[2025-01-17T14:12:27.989+0000] {processor.py:925} INFO - DAG(s) 'example_external_task_marker_child', 'example_external_task_marker_parent' retrieved from /home/airflow/.local/lib/python3.12/site-packages/airflow/example_dags/example_external_task_marker_dag.py
[2025-01-17T14:12:28.016+0000] {logging_mixin.py:190} INFO - [2025-01-17T14:12:28.016+0000] {dag.py:3239} INFO - Sync 2 DAGs
[2025-01-17T14:12:28.033+0000] {logging_mixin.py:190} INFO - [2025-01-17T14:12:28.033+0000] {dag.py:4180} INFO - Setting next_dagrun for example_external_task_marker_child to None, run_after=None
[2025-01-17T14:12:28.038+0000] {logging_mixin.py:190} INFO - [2025-01-17T14:12:28.038+0000] {dag.py:4180} INFO - Setting next_dagrun for example_external_task_marker_parent to None, run_after=None
[2025-01-17T14:12:28.071+0000] {processor.py:208} INFO - Processing /home/airflow/.local/lib/python3.12/site-packages/airflow/example_dags/example_external_task_marker_dag.py took 0.102 seconds
[2025-01-17T14:12:59.359+0000] {processor.py:186} INFO - Started process (PID=863) to work on /home/airflow/.local/lib/python3.12/site-packages/airflow/example_dags/example_external_task_marker_dag.py
[2025-01-17T14:12:59.360+0000] {processor.py:914} INFO - Processing file /home/airflow/.local/lib/python3.12/site-packages/airflow/example_dags/example_external_task_marker_dag.py for tasks to queue
[2025-01-17T14:12:59.363+0000] {logging_mixin.py:190} INFO - [2025-01-17T14:12:59.363+0000] {dagbag.py:588} INFO - Filling up the DagBag from /home/airflow/.local/lib/python3.12/site-packages/airflow/example_dags/example_external_task_marker_dag.py
[2025-01-17T14:12:59.375+0000] {processor.py:925} INFO - DAG(s) 'example_external_task_marker_child', 'example_external_task_marker_parent' retrieved from /home/airflow/.local/lib/python3.12/site-packages/airflow/example_dags/example_external_task_marker_dag.py
[2025-01-17T14:12:59.408+0000] {logging_mixin.py:190} INFO - [2025-01-17T14:12:59.408+0000] {dag.py:3239} INFO - Sync 2 DAGs
[2025-01-17T14:12:59.426+0000] {logging_mixin.py:190} INFO - [2025-01-17T14:12:59.426+0000] {dag.py:4180} INFO - Setting next_dagrun for example_external_task_marker_child to None, run_after=None
[2025-01-17T14:12:59.432+0000] {logging_mixin.py:190} INFO - [2025-01-17T14:12:59.431+0000] {dag.py:4180} INFO - Setting next_dagrun for example_external_task_marker_parent to None, run_after=None
[2025-01-17T14:12:59.453+0000] {processor.py:208} INFO - Processing /home/airflow/.local/lib/python3.12/site-packages/airflow/example_dags/example_external_task_marker_dag.py took 0.101 seconds
[2025-01-17T14:13:30.883+0000] {processor.py:186} INFO - Started process (PID=926) to work on /home/airflow/.local/lib/python3.12/site-packages/airflow/example_dags/example_external_task_marker_dag.py
[2025-01-17T14:13:30.887+0000] {processor.py:914} INFO - Processing file /home/airflow/.local/lib/python3.12/site-packages/airflow/example_dags/example_external_task_marker_dag.py for tasks to queue
[2025-01-17T14:13:30.891+0000] {logging_mixin.py:190} INFO - [2025-01-17T14:13:30.891+0000] {dagbag.py:588} INFO - Filling up the DagBag from /home/airflow/.local/lib/python3.12/site-packages/airflow/example_dags/example_external_task_marker_dag.py
[2025-01-17T14:13:30.902+0000] {processor.py:925} INFO - DAG(s) 'example_external_task_marker_child', 'example_external_task_marker_parent' retrieved from /home/airflow/.local/lib/python3.12/site-packages/airflow/example_dags/example_external_task_marker_dag.py
[2025-01-17T14:13:30.930+0000] {logging_mixin.py:190} INFO - [2025-01-17T14:13:30.929+0000] {dag.py:3239} INFO - Sync 2 DAGs
[2025-01-17T14:13:30.949+0000] {logging_mixin.py:190} INFO - [2025-01-17T14:13:30.949+0000] {dag.py:4180} INFO - Setting next_dagrun for example_external_task_marker_child to None, run_after=None
[2025-01-17T14:13:30.955+0000] {logging_mixin.py:190} INFO - [2025-01-17T14:13:30.955+0000] {dag.py:4180} INFO - Setting next_dagrun for example_external_task_marker_parent to None, run_after=None
[2025-01-17T14:13:30.975+0000] {processor.py:208} INFO - Processing /home/airflow/.local/lib/python3.12/site-packages/airflow/example_dags/example_external_task_marker_dag.py took 0.100 seconds
[2025-01-17T14:14:01.810+0000] {processor.py:186} INFO - Started process (PID=990) to work on /home/airflow/.local/lib/python3.12/site-packages/airflow/example_dags/example_external_task_marker_dag.py
[2025-01-17T14:14:01.811+0000] {processor.py:914} INFO - Processing file /home/airflow/.local/lib/python3.12/site-packages/airflow/example_dags/example_external_task_marker_dag.py for tasks to queue
[2025-01-17T14:14:01.813+0000] {logging_mixin.py:190} INFO - [2025-01-17T14:14:01.813+0000] {dagbag.py:588} INFO - Filling up the DagBag from /home/airflow/.local/lib/python3.12/site-packages/airflow/example_dags/example_external_task_marker_dag.py
[2025-01-17T14:14:01.819+0000] {processor.py:925} INFO - DAG(s) 'example_external_task_marker_parent', 'example_external_task_marker_child' retrieved from /home/airflow/.local/lib/python3.12/site-packages/airflow/example_dags/example_external_task_marker_dag.py
[2025-01-17T14:14:01.838+0000] {logging_mixin.py:190} INFO - [2025-01-17T14:14:01.837+0000] {dag.py:3239} INFO - Sync 2 DAGs
[2025-01-17T14:14:01.850+0000] {logging_mixin.py:190} INFO - [2025-01-17T14:14:01.850+0000] {dag.py:4180} INFO - Setting next_dagrun for example_external_task_marker_child to None, run_after=None
[2025-01-17T14:14:01.854+0000] {logging_mixin.py:190} INFO - [2025-01-17T14:14:01.853+0000] {dag.py:4180} INFO - Setting next_dagrun for example_external_task_marker_parent to None, run_after=None
[2025-01-17T14:14:01.868+0000] {processor.py:208} INFO - Processing /home/airflow/.local/lib/python3.12/site-packages/airflow/example_dags/example_external_task_marker_dag.py took 0.064 seconds
