[2025-01-17T14:06:39.925+0000] {processor.py:186} INFO - Started process (PID=92) to work on /home/airflow/.local/lib/python3.12/site-packages/airflow/example_dags/example_task_group_decorator.py
[2025-01-17T14:06:39.926+0000] {processor.py:914} INFO - Processing file /home/airflow/.local/lib/python3.12/site-packages/airflow/example_dags/example_task_group_decorator.py for tasks to queue
[2025-01-17T14:06:39.933+0000] {logging_mixin.py:190} INFO - [2025-01-17T14:06:39.933+0000] {dagbag.py:588} INFO - Filling up the DagBag from /home/airflow/.local/lib/python3.12/site-packages/airflow/example_dags/example_task_group_decorator.py
[2025-01-17T14:06:39.959+0000] {processor.py:925} INFO - DAG(s) 'example_task_group_decorator' retrieved from /home/airflow/.local/lib/python3.12/site-packages/airflow/example_dags/example_task_group_decorator.py
[2025-01-17T14:06:40.285+0000] {logging_mixin.py:190} INFO - [2025-01-17T14:06:40.283+0000] {override.py:1911} INFO - Created Permission View: can read on DAG:example_task_group_decorator
[2025-01-17T14:06:40.332+0000] {logging_mixin.py:190} INFO - [2025-01-17T14:06:40.331+0000] {override.py:1911} INFO - Created Permission View: can delete on DAG:example_task_group_decorator
[2025-01-17T14:06:40.364+0000] {logging_mixin.py:190} INFO - [2025-01-17T14:06:40.359+0000] {override.py:1911} INFO - Created Permission View: can edit on DAG:example_task_group_decorator
[2025-01-17T14:06:40.380+0000] {logging_mixin.py:190} INFO - [2025-01-17T14:06:40.379+0000] {override.py:1911} INFO - Created Permission View: menu access on DAG Run:example_task_group_decorator
[2025-01-17T14:06:40.397+0000] {logging_mixin.py:190} INFO - [2025-01-17T14:06:40.396+0000] {override.py:1911} INFO - Created Permission View: can read on DAG Run:example_task_group_decorator
[2025-01-17T14:06:40.416+0000] {logging_mixin.py:190} INFO - [2025-01-17T14:06:40.415+0000] {override.py:1911} INFO - Created Permission View: can delete on DAG Run:example_task_group_decorator
[2025-01-17T14:06:40.430+0000] {logging_mixin.py:190} INFO - [2025-01-17T14:06:40.430+0000] {override.py:1911} INFO - Created Permission View: can create on DAG Run:example_task_group_decorator
[2025-01-17T14:06:40.431+0000] {logging_mixin.py:190} INFO - [2025-01-17T14:06:40.431+0000] {dag.py:3239} INFO - Sync 1 DAGs
[2025-01-17T14:06:40.457+0000] {logging_mixin.py:190} INFO - [2025-01-17T14:06:40.457+0000] {dag.py:3262} INFO - Creating ORM DAG for example_task_group_decorator
[2025-01-17T14:06:40.459+0000] {logging_mixin.py:190} INFO - [2025-01-17T14:06:40.458+0000] {dag.py:4180} INFO - Setting next_dagrun for example_task_group_decorator to None, run_after=None
[2025-01-17T14:06:40.487+0000] {processor.py:208} INFO - Processing /home/airflow/.local/lib/python3.12/site-packages/airflow/example_dags/example_task_group_decorator.py took 0.572 seconds
[2025-01-17T14:07:10.572+0000] {processor.py:186} INFO - Started process (PID=155) to work on /home/airflow/.local/lib/python3.12/site-packages/airflow/example_dags/example_task_group_decorator.py
[2025-01-17T14:07:10.574+0000] {processor.py:914} INFO - Processing file /home/airflow/.local/lib/python3.12/site-packages/airflow/example_dags/example_task_group_decorator.py for tasks to queue
[2025-01-17T14:07:10.577+0000] {logging_mixin.py:190} INFO - [2025-01-17T14:07:10.577+0000] {dagbag.py:588} INFO - Filling up the DagBag from /home/airflow/.local/lib/python3.12/site-packages/airflow/example_dags/example_task_group_decorator.py
[2025-01-17T14:07:10.595+0000] {processor.py:925} INFO - DAG(s) 'example_task_group_decorator' retrieved from /home/airflow/.local/lib/python3.12/site-packages/airflow/example_dags/example_task_group_decorator.py
[2025-01-17T14:07:10.620+0000] {logging_mixin.py:190} INFO - [2025-01-17T14:07:10.620+0000] {dag.py:3239} INFO - Sync 1 DAGs
[2025-01-17T14:07:10.635+0000] {logging_mixin.py:190} INFO - [2025-01-17T14:07:10.635+0000] {dag.py:4180} INFO - Setting next_dagrun for example_task_group_decorator to None, run_after=None
[2025-01-17T14:07:10.665+0000] {processor.py:208} INFO - Processing /home/airflow/.local/lib/python3.12/site-packages/airflow/example_dags/example_task_group_decorator.py took 0.097 seconds
[2025-01-17T14:07:40.732+0000] {processor.py:186} INFO - Started process (PID=218) to work on /home/airflow/.local/lib/python3.12/site-packages/airflow/example_dags/example_task_group_decorator.py
[2025-01-17T14:07:40.733+0000] {processor.py:914} INFO - Processing file /home/airflow/.local/lib/python3.12/site-packages/airflow/example_dags/example_task_group_decorator.py for tasks to queue
[2025-01-17T14:07:40.736+0000] {logging_mixin.py:190} INFO - [2025-01-17T14:07:40.735+0000] {dagbag.py:588} INFO - Filling up the DagBag from /home/airflow/.local/lib/python3.12/site-packages/airflow/example_dags/example_task_group_decorator.py
[2025-01-17T14:07:40.751+0000] {processor.py:925} INFO - DAG(s) 'example_task_group_decorator' retrieved from /home/airflow/.local/lib/python3.12/site-packages/airflow/example_dags/example_task_group_decorator.py
[2025-01-17T14:07:40.774+0000] {logging_mixin.py:190} INFO - [2025-01-17T14:07:40.774+0000] {dag.py:3239} INFO - Sync 1 DAGs
[2025-01-17T14:07:40.789+0000] {logging_mixin.py:190} INFO - [2025-01-17T14:07:40.788+0000] {dag.py:4180} INFO - Setting next_dagrun for example_task_group_decorator to None, run_after=None
[2025-01-17T14:07:40.819+0000] {processor.py:208} INFO - Processing /home/airflow/.local/lib/python3.12/site-packages/airflow/example_dags/example_task_group_decorator.py took 0.094 seconds
[2025-01-17T14:08:11.046+0000] {processor.py:186} INFO - Started process (PID=281) to work on /home/airflow/.local/lib/python3.12/site-packages/airflow/example_dags/example_task_group_decorator.py
[2025-01-17T14:08:11.047+0000] {processor.py:914} INFO - Processing file /home/airflow/.local/lib/python3.12/site-packages/airflow/example_dags/example_task_group_decorator.py for tasks to queue
[2025-01-17T14:08:11.050+0000] {logging_mixin.py:190} INFO - [2025-01-17T14:08:11.049+0000] {dagbag.py:588} INFO - Filling up the DagBag from /home/airflow/.local/lib/python3.12/site-packages/airflow/example_dags/example_task_group_decorator.py
[2025-01-17T14:08:11.065+0000] {processor.py:925} INFO - DAG(s) 'example_task_group_decorator' retrieved from /home/airflow/.local/lib/python3.12/site-packages/airflow/example_dags/example_task_group_decorator.py
[2025-01-17T14:08:11.090+0000] {logging_mixin.py:190} INFO - [2025-01-17T14:08:11.090+0000] {dag.py:3239} INFO - Sync 1 DAGs
[2025-01-17T14:08:11.102+0000] {logging_mixin.py:190} INFO - [2025-01-17T14:08:11.101+0000] {dag.py:4180} INFO - Setting next_dagrun for example_task_group_decorator to None, run_after=None
[2025-01-17T14:08:11.122+0000] {processor.py:208} INFO - Processing /home/airflow/.local/lib/python3.12/site-packages/airflow/example_dags/example_task_group_decorator.py took 0.082 seconds
[2025-01-17T14:08:41.506+0000] {processor.py:186} INFO - Started process (PID=345) to work on /home/airflow/.local/lib/python3.12/site-packages/airflow/example_dags/example_task_group_decorator.py
[2025-01-17T14:08:41.507+0000] {processor.py:914} INFO - Processing file /home/airflow/.local/lib/python3.12/site-packages/airflow/example_dags/example_task_group_decorator.py for tasks to queue
[2025-01-17T14:08:41.511+0000] {logging_mixin.py:190} INFO - [2025-01-17T14:08:41.510+0000] {dagbag.py:588} INFO - Filling up the DagBag from /home/airflow/.local/lib/python3.12/site-packages/airflow/example_dags/example_task_group_decorator.py
[2025-01-17T14:08:41.524+0000] {processor.py:925} INFO - DAG(s) 'example_task_group_decorator' retrieved from /home/airflow/.local/lib/python3.12/site-packages/airflow/example_dags/example_task_group_decorator.py
[2025-01-17T14:08:41.545+0000] {logging_mixin.py:190} INFO - [2025-01-17T14:08:41.545+0000] {dag.py:3239} INFO - Sync 1 DAGs
[2025-01-17T14:08:41.556+0000] {logging_mixin.py:190} INFO - [2025-01-17T14:08:41.556+0000] {dag.py:4180} INFO - Setting next_dagrun for example_task_group_decorator to None, run_after=None
[2025-01-17T14:08:41.571+0000] {processor.py:208} INFO - Processing /home/airflow/.local/lib/python3.12/site-packages/airflow/example_dags/example_task_group_decorator.py took 0.070 seconds
[2025-01-17T14:09:11.974+0000] {processor.py:186} INFO - Started process (PID=409) to work on /home/airflow/.local/lib/python3.12/site-packages/airflow/example_dags/example_task_group_decorator.py
[2025-01-17T14:09:11.975+0000] {processor.py:914} INFO - Processing file /home/airflow/.local/lib/python3.12/site-packages/airflow/example_dags/example_task_group_decorator.py for tasks to queue
[2025-01-17T14:09:11.979+0000] {logging_mixin.py:190} INFO - [2025-01-17T14:09:11.978+0000] {dagbag.py:588} INFO - Filling up the DagBag from /home/airflow/.local/lib/python3.12/site-packages/airflow/example_dags/example_task_group_decorator.py
[2025-01-17T14:09:11.991+0000] {processor.py:925} INFO - DAG(s) 'example_task_group_decorator' retrieved from /home/airflow/.local/lib/python3.12/site-packages/airflow/example_dags/example_task_group_decorator.py
[2025-01-17T14:09:12.013+0000] {logging_mixin.py:190} INFO - [2025-01-17T14:09:12.013+0000] {dag.py:3239} INFO - Sync 1 DAGs
[2025-01-17T14:09:12.032+0000] {logging_mixin.py:190} INFO - [2025-01-17T14:09:12.032+0000] {dag.py:4180} INFO - Setting next_dagrun for example_task_group_decorator to None, run_after=None
[2025-01-17T14:09:12.053+0000] {processor.py:208} INFO - Processing /home/airflow/.local/lib/python3.12/site-packages/airflow/example_dags/example_task_group_decorator.py took 0.085 seconds
[2025-01-17T14:09:42.475+0000] {processor.py:186} INFO - Started process (PID=472) to work on /home/airflow/.local/lib/python3.12/site-packages/airflow/example_dags/example_task_group_decorator.py
[2025-01-17T14:09:42.476+0000] {processor.py:914} INFO - Processing file /home/airflow/.local/lib/python3.12/site-packages/airflow/example_dags/example_task_group_decorator.py for tasks to queue
[2025-01-17T14:09:42.480+0000] {logging_mixin.py:190} INFO - [2025-01-17T14:09:42.479+0000] {dagbag.py:588} INFO - Filling up the DagBag from /home/airflow/.local/lib/python3.12/site-packages/airflow/example_dags/example_task_group_decorator.py
[2025-01-17T14:09:42.499+0000] {processor.py:925} INFO - DAG(s) 'example_task_group_decorator' retrieved from /home/airflow/.local/lib/python3.12/site-packages/airflow/example_dags/example_task_group_decorator.py
[2025-01-17T14:09:42.530+0000] {logging_mixin.py:190} INFO - [2025-01-17T14:09:42.530+0000] {dag.py:3239} INFO - Sync 1 DAGs
[2025-01-17T14:09:42.549+0000] {logging_mixin.py:190} INFO - [2025-01-17T14:09:42.549+0000] {dag.py:4180} INFO - Setting next_dagrun for example_task_group_decorator to None, run_after=None
[2025-01-17T14:09:42.586+0000] {processor.py:208} INFO - Processing /home/airflow/.local/lib/python3.12/site-packages/airflow/example_dags/example_task_group_decorator.py took 0.121 seconds
[2025-01-17T14:10:12.680+0000] {processor.py:186} INFO - Started process (PID=535) to work on /home/airflow/.local/lib/python3.12/site-packages/airflow/example_dags/example_task_group_decorator.py
[2025-01-17T14:10:12.681+0000] {processor.py:914} INFO - Processing file /home/airflow/.local/lib/python3.12/site-packages/airflow/example_dags/example_task_group_decorator.py for tasks to queue
[2025-01-17T14:10:12.684+0000] {logging_mixin.py:190} INFO - [2025-01-17T14:10:12.683+0000] {dagbag.py:588} INFO - Filling up the DagBag from /home/airflow/.local/lib/python3.12/site-packages/airflow/example_dags/example_task_group_decorator.py
[2025-01-17T14:10:12.697+0000] {processor.py:925} INFO - DAG(s) 'example_task_group_decorator' retrieved from /home/airflow/.local/lib/python3.12/site-packages/airflow/example_dags/example_task_group_decorator.py
[2025-01-17T14:10:12.718+0000] {logging_mixin.py:190} INFO - [2025-01-17T14:10:12.718+0000] {dag.py:3239} INFO - Sync 1 DAGs
[2025-01-17T14:10:12.733+0000] {logging_mixin.py:190} INFO - [2025-01-17T14:10:12.733+0000] {dag.py:4180} INFO - Setting next_dagrun for example_task_group_decorator to None, run_after=None
[2025-01-17T14:10:12.756+0000] {processor.py:208} INFO - Processing /home/airflow/.local/lib/python3.12/site-packages/airflow/example_dags/example_task_group_decorator.py took 0.081 seconds
[2025-01-17T14:10:42.804+0000] {processor.py:186} INFO - Started process (PID=598) to work on /home/airflow/.local/lib/python3.12/site-packages/airflow/example_dags/example_task_group_decorator.py
[2025-01-17T14:10:42.805+0000] {processor.py:914} INFO - Processing file /home/airflow/.local/lib/python3.12/site-packages/airflow/example_dags/example_task_group_decorator.py for tasks to queue
[2025-01-17T14:10:42.808+0000] {logging_mixin.py:190} INFO - [2025-01-17T14:10:42.807+0000] {dagbag.py:588} INFO - Filling up the DagBag from /home/airflow/.local/lib/python3.12/site-packages/airflow/example_dags/example_task_group_decorator.py
[2025-01-17T14:10:42.822+0000] {processor.py:925} INFO - DAG(s) 'example_task_group_decorator' retrieved from /home/airflow/.local/lib/python3.12/site-packages/airflow/example_dags/example_task_group_decorator.py
[2025-01-17T14:10:42.845+0000] {logging_mixin.py:190} INFO - [2025-01-17T14:10:42.844+0000] {dag.py:3239} INFO - Sync 1 DAGs
[2025-01-17T14:10:42.861+0000] {logging_mixin.py:190} INFO - [2025-01-17T14:10:42.861+0000] {dag.py:4180} INFO - Setting next_dagrun for example_task_group_decorator to None, run_after=None
[2025-01-17T14:10:42.881+0000] {processor.py:208} INFO - Processing /home/airflow/.local/lib/python3.12/site-packages/airflow/example_dags/example_task_group_decorator.py took 0.082 seconds
[2025-01-17T14:11:13.341+0000] {processor.py:186} INFO - Started process (PID=661) to work on /home/airflow/.local/lib/python3.12/site-packages/airflow/example_dags/example_task_group_decorator.py
[2025-01-17T14:11:13.342+0000] {processor.py:914} INFO - Processing file /home/airflow/.local/lib/python3.12/site-packages/airflow/example_dags/example_task_group_decorator.py for tasks to queue
[2025-01-17T14:11:13.345+0000] {logging_mixin.py:190} INFO - [2025-01-17T14:11:13.345+0000] {dagbag.py:588} INFO - Filling up the DagBag from /home/airflow/.local/lib/python3.12/site-packages/airflow/example_dags/example_task_group_decorator.py
[2025-01-17T14:11:13.371+0000] {processor.py:925} INFO - DAG(s) 'example_task_group_decorator' retrieved from /home/airflow/.local/lib/python3.12/site-packages/airflow/example_dags/example_task_group_decorator.py
[2025-01-17T14:11:13.408+0000] {logging_mixin.py:190} INFO - [2025-01-17T14:11:13.407+0000] {dag.py:3239} INFO - Sync 1 DAGs
[2025-01-17T14:11:13.436+0000] {logging_mixin.py:190} INFO - [2025-01-17T14:11:13.435+0000] {dag.py:4180} INFO - Setting next_dagrun for example_task_group_decorator to None, run_after=None
[2025-01-17T14:11:13.480+0000] {processor.py:208} INFO - Processing /home/airflow/.local/lib/python3.12/site-packages/airflow/example_dags/example_task_group_decorator.py took 0.150 seconds
[2025-01-17T14:11:44.064+0000] {processor.py:186} INFO - Started process (PID=724) to work on /home/airflow/.local/lib/python3.12/site-packages/airflow/example_dags/example_task_group_decorator.py
[2025-01-17T14:11:44.064+0000] {processor.py:914} INFO - Processing file /home/airflow/.local/lib/python3.12/site-packages/airflow/example_dags/example_task_group_decorator.py for tasks to queue
[2025-01-17T14:11:44.067+0000] {logging_mixin.py:190} INFO - [2025-01-17T14:11:44.066+0000] {dagbag.py:588} INFO - Filling up the DagBag from /home/airflow/.local/lib/python3.12/site-packages/airflow/example_dags/example_task_group_decorator.py
[2025-01-17T14:11:44.079+0000] {processor.py:925} INFO - DAG(s) 'example_task_group_decorator' retrieved from /home/airflow/.local/lib/python3.12/site-packages/airflow/example_dags/example_task_group_decorator.py
[2025-01-17T14:11:44.103+0000] {logging_mixin.py:190} INFO - [2025-01-17T14:11:44.103+0000] {dag.py:3239} INFO - Sync 1 DAGs
[2025-01-17T14:11:44.115+0000] {logging_mixin.py:190} INFO - [2025-01-17T14:11:44.115+0000] {dag.py:4180} INFO - Setting next_dagrun for example_task_group_decorator to None, run_after=None
[2025-01-17T14:11:44.146+0000] {processor.py:208} INFO - Processing /home/airflow/.local/lib/python3.12/site-packages/airflow/example_dags/example_task_group_decorator.py took 0.087 seconds
[2025-01-17T14:12:14.915+0000] {processor.py:186} INFO - Started process (PID=788) to work on /home/airflow/.local/lib/python3.12/site-packages/airflow/example_dags/example_task_group_decorator.py
[2025-01-17T14:12:14.916+0000] {processor.py:914} INFO - Processing file /home/airflow/.local/lib/python3.12/site-packages/airflow/example_dags/example_task_group_decorator.py for tasks to queue
[2025-01-17T14:12:14.918+0000] {logging_mixin.py:190} INFO - [2025-01-17T14:12:14.918+0000] {dagbag.py:588} INFO - Filling up the DagBag from /home/airflow/.local/lib/python3.12/site-packages/airflow/example_dags/example_task_group_decorator.py
[2025-01-17T14:12:14.930+0000] {processor.py:925} INFO - DAG(s) 'example_task_group_decorator' retrieved from /home/airflow/.local/lib/python3.12/site-packages/airflow/example_dags/example_task_group_decorator.py
[2025-01-17T14:12:14.952+0000] {logging_mixin.py:190} INFO - [2025-01-17T14:12:14.951+0000] {dag.py:3239} INFO - Sync 1 DAGs
[2025-01-17T14:12:14.964+0000] {logging_mixin.py:190} INFO - [2025-01-17T14:12:14.964+0000] {dag.py:4180} INFO - Setting next_dagrun for example_task_group_decorator to None, run_after=None
[2025-01-17T14:12:14.995+0000] {processor.py:208} INFO - Processing /home/airflow/.local/lib/python3.12/site-packages/airflow/example_dags/example_task_group_decorator.py took 0.084 seconds
[2025-01-17T14:12:45.373+0000] {processor.py:186} INFO - Started process (PID=857) to work on /home/airflow/.local/lib/python3.12/site-packages/airflow/example_dags/example_task_group_decorator.py
[2025-01-17T14:12:45.374+0000] {processor.py:914} INFO - Processing file /home/airflow/.local/lib/python3.12/site-packages/airflow/example_dags/example_task_group_decorator.py for tasks to queue
[2025-01-17T14:12:45.376+0000] {logging_mixin.py:190} INFO - [2025-01-17T14:12:45.376+0000] {dagbag.py:588} INFO - Filling up the DagBag from /home/airflow/.local/lib/python3.12/site-packages/airflow/example_dags/example_task_group_decorator.py
[2025-01-17T14:12:45.390+0000] {processor.py:925} INFO - DAG(s) 'example_task_group_decorator' retrieved from /home/airflow/.local/lib/python3.12/site-packages/airflow/example_dags/example_task_group_decorator.py
[2025-01-17T14:12:45.417+0000] {logging_mixin.py:190} INFO - [2025-01-17T14:12:45.416+0000] {dag.py:3239} INFO - Sync 1 DAGs
[2025-01-17T14:12:45.430+0000] {logging_mixin.py:190} INFO - [2025-01-17T14:12:45.430+0000] {dag.py:4180} INFO - Setting next_dagrun for example_task_group_decorator to None, run_after=None
[2025-01-17T14:12:45.452+0000] {processor.py:208} INFO - Processing /home/airflow/.local/lib/python3.12/site-packages/airflow/example_dags/example_task_group_decorator.py took 0.085 seconds
[2025-01-17T14:13:15.589+0000] {processor.py:186} INFO - Started process (PID=920) to work on /home/airflow/.local/lib/python3.12/site-packages/airflow/example_dags/example_task_group_decorator.py
[2025-01-17T14:13:15.590+0000] {processor.py:914} INFO - Processing file /home/airflow/.local/lib/python3.12/site-packages/airflow/example_dags/example_task_group_decorator.py for tasks to queue
[2025-01-17T14:13:15.593+0000] {logging_mixin.py:190} INFO - [2025-01-17T14:13:15.592+0000] {dagbag.py:588} INFO - Filling up the DagBag from /home/airflow/.local/lib/python3.12/site-packages/airflow/example_dags/example_task_group_decorator.py
[2025-01-17T14:13:15.613+0000] {processor.py:925} INFO - DAG(s) 'example_task_group_decorator' retrieved from /home/airflow/.local/lib/python3.12/site-packages/airflow/example_dags/example_task_group_decorator.py
[2025-01-17T14:13:15.658+0000] {logging_mixin.py:190} INFO - [2025-01-17T14:13:15.658+0000] {dag.py:3239} INFO - Sync 1 DAGs
[2025-01-17T14:13:15.681+0000] {logging_mixin.py:190} INFO - [2025-01-17T14:13:15.681+0000] {dag.py:4180} INFO - Setting next_dagrun for example_task_group_decorator to None, run_after=None
[2025-01-17T14:13:15.702+0000] {processor.py:208} INFO - Processing /home/airflow/.local/lib/python3.12/site-packages/airflow/example_dags/example_task_group_decorator.py took 0.119 seconds
[2025-01-17T14:13:45.933+0000] {processor.py:186} INFO - Started process (PID=984) to work on /home/airflow/.local/lib/python3.12/site-packages/airflow/example_dags/example_task_group_decorator.py
[2025-01-17T14:13:45.934+0000] {processor.py:914} INFO - Processing file /home/airflow/.local/lib/python3.12/site-packages/airflow/example_dags/example_task_group_decorator.py for tasks to queue
[2025-01-17T14:13:45.938+0000] {logging_mixin.py:190} INFO - [2025-01-17T14:13:45.937+0000] {dagbag.py:588} INFO - Filling up the DagBag from /home/airflow/.local/lib/python3.12/site-packages/airflow/example_dags/example_task_group_decorator.py
[2025-01-17T14:13:45.958+0000] {processor.py:925} INFO - DAG(s) 'example_task_group_decorator' retrieved from /home/airflow/.local/lib/python3.12/site-packages/airflow/example_dags/example_task_group_decorator.py
[2025-01-17T14:13:46.001+0000] {logging_mixin.py:190} INFO - [2025-01-17T14:13:46.001+0000] {dag.py:3239} INFO - Sync 1 DAGs
[2025-01-17T14:13:46.030+0000] {logging_mixin.py:190} INFO - [2025-01-17T14:13:46.030+0000] {dag.py:4180} INFO - Setting next_dagrun for example_task_group_decorator to None, run_after=None
[2025-01-17T14:13:46.074+0000] {processor.py:208} INFO - Processing /home/airflow/.local/lib/python3.12/site-packages/airflow/example_dags/example_task_group_decorator.py took 0.148 seconds
