[2025-01-17T14:06:38.294+0000] {processor.py:186} INFO - Started process (PID=88) to work on /home/airflow/.local/lib/python3.12/site-packages/airflow/example_dags/example_branch_python_dop_operator_3.py
[2025-01-17T14:06:38.296+0000] {processor.py:914} INFO - Processing file /home/airflow/.local/lib/python3.12/site-packages/airflow/example_dags/example_branch_python_dop_operator_3.py for tasks to queue
[2025-01-17T14:06:38.300+0000] {logging_mixin.py:190} INFO - [2025-01-17T14:06:38.300+0000] {dagbag.py:588} INFO - Filling up the DagBag from /home/airflow/.local/lib/python3.12/site-packages/airflow/example_dags/example_branch_python_dop_operator_3.py
[2025-01-17T14:06:38.336+0000] {processor.py:925} INFO - DAG(s) 'example_branch_dop_operator_v3' retrieved from /home/airflow/.local/lib/python3.12/site-packages/airflow/example_dags/example_branch_python_dop_operator_3.py
[2025-01-17T14:06:38.597+0000] {logging_mixin.py:190} INFO - [2025-01-17T14:06:38.596+0000] {override.py:1911} INFO - Created Permission View: can read on DAG:example_branch_dop_operator_v3
[2025-01-17T14:06:38.615+0000] {logging_mixin.py:190} INFO - [2025-01-17T14:06:38.614+0000] {override.py:1911} INFO - Created Permission View: can delete on DAG:example_branch_dop_operator_v3
[2025-01-17T14:06:38.626+0000] {logging_mixin.py:190} INFO - [2025-01-17T14:06:38.625+0000] {override.py:1911} INFO - Created Permission View: can edit on DAG:example_branch_dop_operator_v3
[2025-01-17T14:06:38.637+0000] {logging_mixin.py:190} INFO - [2025-01-17T14:06:38.636+0000] {override.py:1911} INFO - Created Permission View: menu access on DAG Run:example_branch_dop_operator_v3
[2025-01-17T14:06:38.648+0000] {logging_mixin.py:190} INFO - [2025-01-17T14:06:38.648+0000] {override.py:1911} INFO - Created Permission View: can read on DAG Run:example_branch_dop_operator_v3
[2025-01-17T14:06:38.662+0000] {logging_mixin.py:190} INFO - [2025-01-17T14:06:38.661+0000] {override.py:1911} INFO - Created Permission View: can delete on DAG Run:example_branch_dop_operator_v3
[2025-01-17T14:06:38.670+0000] {logging_mixin.py:190} INFO - [2025-01-17T14:06:38.669+0000] {override.py:1911} INFO - Created Permission View: can create on DAG Run:example_branch_dop_operator_v3
[2025-01-17T14:06:38.673+0000] {logging_mixin.py:190} INFO - [2025-01-17T14:06:38.672+0000] {dag.py:3239} INFO - Sync 1 DAGs
[2025-01-17T14:06:38.693+0000] {logging_mixin.py:190} INFO - [2025-01-17T14:06:38.692+0000] {dag.py:3262} INFO - Creating ORM DAG for example_branch_dop_operator_v3
[2025-01-17T14:06:38.712+0000] {logging_mixin.py:190} INFO - [2025-01-17T14:06:38.712+0000] {dag.py:4180} INFO - Setting next_dagrun for example_branch_dop_operator_v3 to 2025-01-17 14:05:00+00:00, run_after=2025-01-17 14:06:00+00:00
[2025-01-17T14:06:38.740+0000] {processor.py:208} INFO - Processing /home/airflow/.local/lib/python3.12/site-packages/airflow/example_dags/example_branch_python_dop_operator_3.py took 0.459 seconds
[2025-01-17T14:07:09.341+0000] {processor.py:186} INFO - Started process (PID=151) to work on /home/airflow/.local/lib/python3.12/site-packages/airflow/example_dags/example_branch_python_dop_operator_3.py
[2025-01-17T14:07:09.343+0000] {processor.py:914} INFO - Processing file /home/airflow/.local/lib/python3.12/site-packages/airflow/example_dags/example_branch_python_dop_operator_3.py for tasks to queue
[2025-01-17T14:07:09.346+0000] {logging_mixin.py:190} INFO - [2025-01-17T14:07:09.346+0000] {dagbag.py:588} INFO - Filling up the DagBag from /home/airflow/.local/lib/python3.12/site-packages/airflow/example_dags/example_branch_python_dop_operator_3.py
[2025-01-17T14:07:09.356+0000] {processor.py:925} INFO - DAG(s) 'example_branch_dop_operator_v3' retrieved from /home/airflow/.local/lib/python3.12/site-packages/airflow/example_dags/example_branch_python_dop_operator_3.py
[2025-01-17T14:07:09.379+0000] {logging_mixin.py:190} INFO - [2025-01-17T14:07:09.378+0000] {dag.py:3239} INFO - Sync 1 DAGs
[2025-01-17T14:07:09.405+0000] {logging_mixin.py:190} INFO - [2025-01-17T14:07:09.404+0000] {dag.py:4180} INFO - Setting next_dagrun for example_branch_dop_operator_v3 to 2025-01-17 14:06:00+00:00, run_after=2025-01-17 14:07:00+00:00
[2025-01-17T14:07:09.427+0000] {processor.py:208} INFO - Processing /home/airflow/.local/lib/python3.12/site-packages/airflow/example_dags/example_branch_python_dop_operator_3.py took 0.091 seconds
[2025-01-17T14:07:39.504+0000] {processor.py:186} INFO - Started process (PID=214) to work on /home/airflow/.local/lib/python3.12/site-packages/airflow/example_dags/example_branch_python_dop_operator_3.py
[2025-01-17T14:07:39.505+0000] {processor.py:914} INFO - Processing file /home/airflow/.local/lib/python3.12/site-packages/airflow/example_dags/example_branch_python_dop_operator_3.py for tasks to queue
[2025-01-17T14:07:39.507+0000] {logging_mixin.py:190} INFO - [2025-01-17T14:07:39.506+0000] {dagbag.py:588} INFO - Filling up the DagBag from /home/airflow/.local/lib/python3.12/site-packages/airflow/example_dags/example_branch_python_dop_operator_3.py
[2025-01-17T14:07:39.515+0000] {processor.py:925} INFO - DAG(s) 'example_branch_dop_operator_v3' retrieved from /home/airflow/.local/lib/python3.12/site-packages/airflow/example_dags/example_branch_python_dop_operator_3.py
[2025-01-17T14:07:39.534+0000] {logging_mixin.py:190} INFO - [2025-01-17T14:07:39.534+0000] {dag.py:3239} INFO - Sync 1 DAGs
[2025-01-17T14:07:39.557+0000] {logging_mixin.py:190} INFO - [2025-01-17T14:07:39.557+0000] {dag.py:4180} INFO - Setting next_dagrun for example_branch_dop_operator_v3 to 2025-01-17 14:06:00+00:00, run_after=2025-01-17 14:07:00+00:00
[2025-01-17T14:07:39.577+0000] {processor.py:208} INFO - Processing /home/airflow/.local/lib/python3.12/site-packages/airflow/example_dags/example_branch_python_dop_operator_3.py took 0.078 seconds
[2025-01-17T14:08:09.813+0000] {processor.py:186} INFO - Started process (PID=277) to work on /home/airflow/.local/lib/python3.12/site-packages/airflow/example_dags/example_branch_python_dop_operator_3.py
[2025-01-17T14:08:09.815+0000] {processor.py:914} INFO - Processing file /home/airflow/.local/lib/python3.12/site-packages/airflow/example_dags/example_branch_python_dop_operator_3.py for tasks to queue
[2025-01-17T14:08:09.818+0000] {logging_mixin.py:190} INFO - [2025-01-17T14:08:09.817+0000] {dagbag.py:588} INFO - Filling up the DagBag from /home/airflow/.local/lib/python3.12/site-packages/airflow/example_dags/example_branch_python_dop_operator_3.py
[2025-01-17T14:08:09.829+0000] {processor.py:925} INFO - DAG(s) 'example_branch_dop_operator_v3' retrieved from /home/airflow/.local/lib/python3.12/site-packages/airflow/example_dags/example_branch_python_dop_operator_3.py
[2025-01-17T14:08:09.851+0000] {logging_mixin.py:190} INFO - [2025-01-17T14:08:09.851+0000] {dag.py:3239} INFO - Sync 1 DAGs
[2025-01-17T14:08:09.878+0000] {logging_mixin.py:190} INFO - [2025-01-17T14:08:09.878+0000] {dag.py:4180} INFO - Setting next_dagrun for example_branch_dop_operator_v3 to 2025-01-17 14:07:00+00:00, run_after=2025-01-17 14:08:00+00:00
[2025-01-17T14:08:09.900+0000] {processor.py:208} INFO - Processing /home/airflow/.local/lib/python3.12/site-packages/airflow/example_dags/example_branch_python_dop_operator_3.py took 0.093 seconds
[2025-01-17T14:08:40.242+0000] {processor.py:186} INFO - Started process (PID=341) to work on /home/airflow/.local/lib/python3.12/site-packages/airflow/example_dags/example_branch_python_dop_operator_3.py
[2025-01-17T14:08:40.250+0000] {processor.py:914} INFO - Processing file /home/airflow/.local/lib/python3.12/site-packages/airflow/example_dags/example_branch_python_dop_operator_3.py for tasks to queue
[2025-01-17T14:08:40.253+0000] {logging_mixin.py:190} INFO - [2025-01-17T14:08:40.252+0000] {dagbag.py:588} INFO - Filling up the DagBag from /home/airflow/.local/lib/python3.12/site-packages/airflow/example_dags/example_branch_python_dop_operator_3.py
[2025-01-17T14:08:40.265+0000] {processor.py:925} INFO - DAG(s) 'example_branch_dop_operator_v3' retrieved from /home/airflow/.local/lib/python3.12/site-packages/airflow/example_dags/example_branch_python_dop_operator_3.py
[2025-01-17T14:08:40.288+0000] {logging_mixin.py:190} INFO - [2025-01-17T14:08:40.287+0000] {dag.py:3239} INFO - Sync 1 DAGs
[2025-01-17T14:08:40.333+0000] {logging_mixin.py:190} INFO - [2025-01-17T14:08:40.333+0000] {dag.py:4180} INFO - Setting next_dagrun for example_branch_dop_operator_v3 to 2025-01-17 14:07:00+00:00, run_after=2025-01-17 14:08:00+00:00
[2025-01-17T14:08:40.361+0000] {processor.py:208} INFO - Processing /home/airflow/.local/lib/python3.12/site-packages/airflow/example_dags/example_branch_python_dop_operator_3.py took 0.125 seconds
[2025-01-17T14:09:10.810+0000] {processor.py:186} INFO - Started process (PID=405) to work on /home/airflow/.local/lib/python3.12/site-packages/airflow/example_dags/example_branch_python_dop_operator_3.py
[2025-01-17T14:09:10.811+0000] {processor.py:914} INFO - Processing file /home/airflow/.local/lib/python3.12/site-packages/airflow/example_dags/example_branch_python_dop_operator_3.py for tasks to queue
[2025-01-17T14:09:10.814+0000] {logging_mixin.py:190} INFO - [2025-01-17T14:09:10.814+0000] {dagbag.py:588} INFO - Filling up the DagBag from /home/airflow/.local/lib/python3.12/site-packages/airflow/example_dags/example_branch_python_dop_operator_3.py
[2025-01-17T14:09:10.823+0000] {processor.py:925} INFO - DAG(s) 'example_branch_dop_operator_v3' retrieved from /home/airflow/.local/lib/python3.12/site-packages/airflow/example_dags/example_branch_python_dop_operator_3.py
[2025-01-17T14:09:10.841+0000] {logging_mixin.py:190} INFO - [2025-01-17T14:09:10.841+0000] {dag.py:3239} INFO - Sync 1 DAGs
[2025-01-17T14:09:10.866+0000] {logging_mixin.py:190} INFO - [2025-01-17T14:09:10.866+0000] {dag.py:4180} INFO - Setting next_dagrun for example_branch_dop_operator_v3 to 2025-01-17 14:08:00+00:00, run_after=2025-01-17 14:09:00+00:00
[2025-01-17T14:09:10.884+0000] {processor.py:208} INFO - Processing /home/airflow/.local/lib/python3.12/site-packages/airflow/example_dags/example_branch_python_dop_operator_3.py took 0.079 seconds
[2025-01-17T14:09:41.203+0000] {processor.py:186} INFO - Started process (PID=468) to work on /home/airflow/.local/lib/python3.12/site-packages/airflow/example_dags/example_branch_python_dop_operator_3.py
[2025-01-17T14:09:41.208+0000] {processor.py:914} INFO - Processing file /home/airflow/.local/lib/python3.12/site-packages/airflow/example_dags/example_branch_python_dop_operator_3.py for tasks to queue
[2025-01-17T14:09:41.211+0000] {logging_mixin.py:190} INFO - [2025-01-17T14:09:41.211+0000] {dagbag.py:588} INFO - Filling up the DagBag from /home/airflow/.local/lib/python3.12/site-packages/airflow/example_dags/example_branch_python_dop_operator_3.py
[2025-01-17T14:09:41.222+0000] {processor.py:925} INFO - DAG(s) 'example_branch_dop_operator_v3' retrieved from /home/airflow/.local/lib/python3.12/site-packages/airflow/example_dags/example_branch_python_dop_operator_3.py
[2025-01-17T14:09:41.247+0000] {logging_mixin.py:190} INFO - [2025-01-17T14:09:41.247+0000] {dag.py:3239} INFO - Sync 1 DAGs
[2025-01-17T14:09:41.293+0000] {logging_mixin.py:190} INFO - [2025-01-17T14:09:41.293+0000] {dag.py:4180} INFO - Setting next_dagrun for example_branch_dop_operator_v3 to 2025-01-17 14:08:00+00:00, run_after=2025-01-17 14:09:00+00:00
[2025-01-17T14:09:41.324+0000] {processor.py:208} INFO - Processing /home/airflow/.local/lib/python3.12/site-packages/airflow/example_dags/example_branch_python_dop_operator_3.py took 0.128 seconds
[2025-01-17T14:10:11.538+0000] {processor.py:186} INFO - Started process (PID=531) to work on /home/airflow/.local/lib/python3.12/site-packages/airflow/example_dags/example_branch_python_dop_operator_3.py
[2025-01-17T14:10:11.539+0000] {processor.py:914} INFO - Processing file /home/airflow/.local/lib/python3.12/site-packages/airflow/example_dags/example_branch_python_dop_operator_3.py for tasks to queue
[2025-01-17T14:10:11.542+0000] {logging_mixin.py:190} INFO - [2025-01-17T14:10:11.541+0000] {dagbag.py:588} INFO - Filling up the DagBag from /home/airflow/.local/lib/python3.12/site-packages/airflow/example_dags/example_branch_python_dop_operator_3.py
[2025-01-17T14:10:11.551+0000] {processor.py:925} INFO - DAG(s) 'example_branch_dop_operator_v3' retrieved from /home/airflow/.local/lib/python3.12/site-packages/airflow/example_dags/example_branch_python_dop_operator_3.py
[2025-01-17T14:10:11.572+0000] {logging_mixin.py:190} INFO - [2025-01-17T14:10:11.571+0000] {dag.py:3239} INFO - Sync 1 DAGs
[2025-01-17T14:10:11.598+0000] {logging_mixin.py:190} INFO - [2025-01-17T14:10:11.598+0000] {dag.py:4180} INFO - Setting next_dagrun for example_branch_dop_operator_v3 to 2025-01-17 14:09:00+00:00, run_after=2025-01-17 14:10:00+00:00
[2025-01-17T14:10:11.620+0000] {processor.py:208} INFO - Processing /home/airflow/.local/lib/python3.12/site-packages/airflow/example_dags/example_branch_python_dop_operator_3.py took 0.087 seconds
[2025-01-17T14:10:41.672+0000] {processor.py:186} INFO - Started process (PID=594) to work on /home/airflow/.local/lib/python3.12/site-packages/airflow/example_dags/example_branch_python_dop_operator_3.py
[2025-01-17T14:10:41.673+0000] {processor.py:914} INFO - Processing file /home/airflow/.local/lib/python3.12/site-packages/airflow/example_dags/example_branch_python_dop_operator_3.py for tasks to queue
[2025-01-17T14:10:41.675+0000] {logging_mixin.py:190} INFO - [2025-01-17T14:10:41.675+0000] {dagbag.py:588} INFO - Filling up the DagBag from /home/airflow/.local/lib/python3.12/site-packages/airflow/example_dags/example_branch_python_dop_operator_3.py
[2025-01-17T14:10:41.684+0000] {processor.py:925} INFO - DAG(s) 'example_branch_dop_operator_v3' retrieved from /home/airflow/.local/lib/python3.12/site-packages/airflow/example_dags/example_branch_python_dop_operator_3.py
[2025-01-17T14:10:41.711+0000] {logging_mixin.py:190} INFO - [2025-01-17T14:10:41.710+0000] {dag.py:3239} INFO - Sync 1 DAGs
[2025-01-17T14:10:41.746+0000] {logging_mixin.py:190} INFO - [2025-01-17T14:10:41.746+0000] {dag.py:4180} INFO - Setting next_dagrun for example_branch_dop_operator_v3 to 2025-01-17 14:09:00+00:00, run_after=2025-01-17 14:10:00+00:00
[2025-01-17T14:10:41.775+0000] {processor.py:208} INFO - Processing /home/airflow/.local/lib/python3.12/site-packages/airflow/example_dags/example_branch_python_dop_operator_3.py took 0.108 seconds
[2025-01-17T14:11:12.008+0000] {processor.py:186} INFO - Started process (PID=657) to work on /home/airflow/.local/lib/python3.12/site-packages/airflow/example_dags/example_branch_python_dop_operator_3.py
[2025-01-17T14:11:12.010+0000] {processor.py:914} INFO - Processing file /home/airflow/.local/lib/python3.12/site-packages/airflow/example_dags/example_branch_python_dop_operator_3.py for tasks to queue
[2025-01-17T14:11:12.013+0000] {logging_mixin.py:190} INFO - [2025-01-17T14:11:12.013+0000] {dagbag.py:588} INFO - Filling up the DagBag from /home/airflow/.local/lib/python3.12/site-packages/airflow/example_dags/example_branch_python_dop_operator_3.py
[2025-01-17T14:11:12.030+0000] {processor.py:925} INFO - DAG(s) 'example_branch_dop_operator_v3' retrieved from /home/airflow/.local/lib/python3.12/site-packages/airflow/example_dags/example_branch_python_dop_operator_3.py
[2025-01-17T14:11:12.061+0000] {logging_mixin.py:190} INFO - [2025-01-17T14:11:12.060+0000] {dag.py:3239} INFO - Sync 1 DAGs
[2025-01-17T14:11:12.105+0000] {logging_mixin.py:190} INFO - [2025-01-17T14:11:12.105+0000] {dag.py:4180} INFO - Setting next_dagrun for example_branch_dop_operator_v3 to 2025-01-17 14:10:00+00:00, run_after=2025-01-17 14:11:00+00:00
[2025-01-17T14:11:12.140+0000] {processor.py:208} INFO - Processing /home/airflow/.local/lib/python3.12/site-packages/airflow/example_dags/example_branch_python_dop_operator_3.py took 0.142 seconds
[2025-01-17T14:11:42.830+0000] {processor.py:186} INFO - Started process (PID=720) to work on /home/airflow/.local/lib/python3.12/site-packages/airflow/example_dags/example_branch_python_dop_operator_3.py
[2025-01-17T14:11:42.831+0000] {processor.py:914} INFO - Processing file /home/airflow/.local/lib/python3.12/site-packages/airflow/example_dags/example_branch_python_dop_operator_3.py for tasks to queue
[2025-01-17T14:11:42.834+0000] {logging_mixin.py:190} INFO - [2025-01-17T14:11:42.833+0000] {dagbag.py:588} INFO - Filling up the DagBag from /home/airflow/.local/lib/python3.12/site-packages/airflow/example_dags/example_branch_python_dop_operator_3.py
[2025-01-17T14:11:42.845+0000] {processor.py:925} INFO - DAG(s) 'example_branch_dop_operator_v3' retrieved from /home/airflow/.local/lib/python3.12/site-packages/airflow/example_dags/example_branch_python_dop_operator_3.py
[2025-01-17T14:11:42.864+0000] {logging_mixin.py:190} INFO - [2025-01-17T14:11:42.863+0000] {dag.py:3239} INFO - Sync 1 DAGs
[2025-01-17T14:11:42.889+0000] {logging_mixin.py:190} INFO - [2025-01-17T14:11:42.888+0000] {dag.py:4180} INFO - Setting next_dagrun for example_branch_dop_operator_v3 to 2025-01-17 14:10:00+00:00, run_after=2025-01-17 14:11:00+00:00
[2025-01-17T14:11:42.908+0000] {processor.py:208} INFO - Processing /home/airflow/.local/lib/python3.12/site-packages/airflow/example_dags/example_branch_python_dop_operator_3.py took 0.083 seconds
[2025-01-17T14:12:13.687+0000] {processor.py:186} INFO - Started process (PID=784) to work on /home/airflow/.local/lib/python3.12/site-packages/airflow/example_dags/example_branch_python_dop_operator_3.py
[2025-01-17T14:12:13.688+0000] {processor.py:914} INFO - Processing file /home/airflow/.local/lib/python3.12/site-packages/airflow/example_dags/example_branch_python_dop_operator_3.py for tasks to queue
[2025-01-17T14:12:13.690+0000] {logging_mixin.py:190} INFO - [2025-01-17T14:12:13.690+0000] {dagbag.py:588} INFO - Filling up the DagBag from /home/airflow/.local/lib/python3.12/site-packages/airflow/example_dags/example_branch_python_dop_operator_3.py
[2025-01-17T14:12:13.702+0000] {processor.py:925} INFO - DAG(s) 'example_branch_dop_operator_v3' retrieved from /home/airflow/.local/lib/python3.12/site-packages/airflow/example_dags/example_branch_python_dop_operator_3.py
[2025-01-17T14:12:13.720+0000] {logging_mixin.py:190} INFO - [2025-01-17T14:12:13.720+0000] {dag.py:3239} INFO - Sync 1 DAGs
[2025-01-17T14:12:13.744+0000] {logging_mixin.py:190} INFO - [2025-01-17T14:12:13.744+0000] {dag.py:4180} INFO - Setting next_dagrun for example_branch_dop_operator_v3 to 2025-01-17 14:11:00+00:00, run_after=2025-01-17 14:12:00+00:00
[2025-01-17T14:12:13.762+0000] {processor.py:208} INFO - Processing /home/airflow/.local/lib/python3.12/site-packages/airflow/example_dags/example_branch_python_dop_operator_3.py took 0.080 seconds
[2025-01-17T14:12:44.099+0000] {processor.py:186} INFO - Started process (PID=847) to work on /home/airflow/.local/lib/python3.12/site-packages/airflow/example_dags/example_branch_python_dop_operator_3.py
[2025-01-17T14:12:44.100+0000] {processor.py:914} INFO - Processing file /home/airflow/.local/lib/python3.12/site-packages/airflow/example_dags/example_branch_python_dop_operator_3.py for tasks to queue
[2025-01-17T14:12:44.102+0000] {logging_mixin.py:190} INFO - [2025-01-17T14:12:44.102+0000] {dagbag.py:588} INFO - Filling up the DagBag from /home/airflow/.local/lib/python3.12/site-packages/airflow/example_dags/example_branch_python_dop_operator_3.py
[2025-01-17T14:12:44.114+0000] {processor.py:925} INFO - DAG(s) 'example_branch_dop_operator_v3' retrieved from /home/airflow/.local/lib/python3.12/site-packages/airflow/example_dags/example_branch_python_dop_operator_3.py
[2025-01-17T14:12:44.132+0000] {logging_mixin.py:190} INFO - [2025-01-17T14:12:44.132+0000] {dag.py:3239} INFO - Sync 1 DAGs
[2025-01-17T14:12:44.158+0000] {logging_mixin.py:190} INFO - [2025-01-17T14:12:44.157+0000] {dag.py:4180} INFO - Setting next_dagrun for example_branch_dop_operator_v3 to 2025-01-17 14:11:00+00:00, run_after=2025-01-17 14:12:00+00:00
[2025-01-17T14:12:44.186+0000] {processor.py:208} INFO - Processing /home/airflow/.local/lib/python3.12/site-packages/airflow/example_dags/example_branch_python_dop_operator_3.py took 0.092 seconds
[2025-01-17T14:13:14.351+0000] {processor.py:186} INFO - Started process (PID=910) to work on /home/airflow/.local/lib/python3.12/site-packages/airflow/example_dags/example_branch_python_dop_operator_3.py
[2025-01-17T14:13:14.352+0000] {processor.py:914} INFO - Processing file /home/airflow/.local/lib/python3.12/site-packages/airflow/example_dags/example_branch_python_dop_operator_3.py for tasks to queue
[2025-01-17T14:13:14.356+0000] {logging_mixin.py:190} INFO - [2025-01-17T14:13:14.355+0000] {dagbag.py:588} INFO - Filling up the DagBag from /home/airflow/.local/lib/python3.12/site-packages/airflow/example_dags/example_branch_python_dop_operator_3.py
[2025-01-17T14:13:14.365+0000] {processor.py:925} INFO - DAG(s) 'example_branch_dop_operator_v3' retrieved from /home/airflow/.local/lib/python3.12/site-packages/airflow/example_dags/example_branch_python_dop_operator_3.py
[2025-01-17T14:13:14.381+0000] {logging_mixin.py:190} INFO - [2025-01-17T14:13:14.381+0000] {dag.py:3239} INFO - Sync 1 DAGs
[2025-01-17T14:13:14.406+0000] {logging_mixin.py:190} INFO - [2025-01-17T14:13:14.406+0000] {dag.py:4180} INFO - Setting next_dagrun for example_branch_dop_operator_v3 to 2025-01-17 14:12:00+00:00, run_after=2025-01-17 14:13:00+00:00
[2025-01-17T14:13:14.429+0000] {processor.py:208} INFO - Processing /home/airflow/.local/lib/python3.12/site-packages/airflow/example_dags/example_branch_python_dop_operator_3.py took 0.082 seconds
[2025-01-17T14:13:44.642+0000] {processor.py:186} INFO - Started process (PID=973) to work on /home/airflow/.local/lib/python3.12/site-packages/airflow/example_dags/example_branch_python_dop_operator_3.py
[2025-01-17T14:13:44.644+0000] {processor.py:914} INFO - Processing file /home/airflow/.local/lib/python3.12/site-packages/airflow/example_dags/example_branch_python_dop_operator_3.py for tasks to queue
[2025-01-17T14:13:44.646+0000] {logging_mixin.py:190} INFO - [2025-01-17T14:13:44.646+0000] {dagbag.py:588} INFO - Filling up the DagBag from /home/airflow/.local/lib/python3.12/site-packages/airflow/example_dags/example_branch_python_dop_operator_3.py
[2025-01-17T14:13:44.660+0000] {processor.py:925} INFO - DAG(s) 'example_branch_dop_operator_v3' retrieved from /home/airflow/.local/lib/python3.12/site-packages/airflow/example_dags/example_branch_python_dop_operator_3.py
[2025-01-17T14:13:44.684+0000] {logging_mixin.py:190} INFO - [2025-01-17T14:13:44.683+0000] {dag.py:3239} INFO - Sync 1 DAGs
[2025-01-17T14:13:44.716+0000] {logging_mixin.py:190} INFO - [2025-01-17T14:13:44.715+0000] {dag.py:4180} INFO - Setting next_dagrun for example_branch_dop_operator_v3 to 2025-01-17 14:12:00+00:00, run_after=2025-01-17 14:13:00+00:00
[2025-01-17T14:13:44.746+0000] {processor.py:208} INFO - Processing /home/airflow/.local/lib/python3.12/site-packages/airflow/example_dags/example_branch_python_dop_operator_3.py took 0.111 seconds
