[2025-01-17T14:06:44.411+0000] {processor.py:186} INFO - Started process (PID=103) to work on /home/airflow/.local/lib/python3.12/site-packages/airflow/example_dags/example_setup_teardown.py
[2025-01-17T14:06:44.413+0000] {processor.py:914} INFO - Processing file /home/airflow/.local/lib/python3.12/site-packages/airflow/example_dags/example_setup_teardown.py for tasks to queue
[2025-01-17T14:06:44.418+0000] {logging_mixin.py:190} INFO - [2025-01-17T14:06:44.417+0000] {dagbag.py:588} INFO - Filling up the DagBag from /home/airflow/.local/lib/python3.12/site-packages/airflow/example_dags/example_setup_teardown.py
[2025-01-17T14:06:44.434+0000] {processor.py:925} INFO - DAG(s) 'example_setup_teardown' retrieved from /home/airflow/.local/lib/python3.12/site-packages/airflow/example_dags/example_setup_teardown.py
[2025-01-17T14:06:44.585+0000] {logging_mixin.py:190} INFO - [2025-01-17T14:06:44.584+0000] {override.py:1911} INFO - Created Permission View: can read on DAG:example_setup_teardown
[2025-01-17T14:06:44.600+0000] {logging_mixin.py:190} INFO - [2025-01-17T14:06:44.598+0000] {override.py:1911} INFO - Created Permission View: can delete on DAG:example_setup_teardown
[2025-01-17T14:06:44.622+0000] {logging_mixin.py:190} INFO - [2025-01-17T14:06:44.622+0000] {override.py:1911} INFO - Created Permission View: can edit on DAG:example_setup_teardown
[2025-01-17T14:06:44.635+0000] {logging_mixin.py:190} INFO - [2025-01-17T14:06:44.634+0000] {override.py:1911} INFO - Created Permission View: menu access on DAG Run:example_setup_teardown
[2025-01-17T14:06:44.645+0000] {logging_mixin.py:190} INFO - [2025-01-17T14:06:44.645+0000] {override.py:1911} INFO - Created Permission View: can read on DAG Run:example_setup_teardown
[2025-01-17T14:06:44.657+0000] {logging_mixin.py:190} INFO - [2025-01-17T14:06:44.656+0000] {override.py:1911} INFO - Created Permission View: can delete on DAG Run:example_setup_teardown
[2025-01-17T14:06:44.670+0000] {logging_mixin.py:190} INFO - [2025-01-17T14:06:44.669+0000] {override.py:1911} INFO - Created Permission View: can create on DAG Run:example_setup_teardown
[2025-01-17T14:06:44.671+0000] {logging_mixin.py:190} INFO - [2025-01-17T14:06:44.671+0000] {dag.py:3239} INFO - Sync 1 DAGs
[2025-01-17T14:06:44.693+0000] {logging_mixin.py:190} INFO - [2025-01-17T14:06:44.693+0000] {dag.py:3262} INFO - Creating ORM DAG for example_setup_teardown
[2025-01-17T14:06:44.695+0000] {logging_mixin.py:190} INFO - [2025-01-17T14:06:44.695+0000] {dag.py:4180} INFO - Setting next_dagrun for example_setup_teardown to None, run_after=None
[2025-01-17T14:06:44.723+0000] {processor.py:208} INFO - Processing /home/airflow/.local/lib/python3.12/site-packages/airflow/example_dags/example_setup_teardown.py took 0.321 seconds
[2025-01-17T14:07:15.264+0000] {processor.py:186} INFO - Started process (PID=173) to work on /home/airflow/.local/lib/python3.12/site-packages/airflow/example_dags/example_setup_teardown.py
[2025-01-17T14:07:15.265+0000] {processor.py:914} INFO - Processing file /home/airflow/.local/lib/python3.12/site-packages/airflow/example_dags/example_setup_teardown.py for tasks to queue
[2025-01-17T14:07:15.267+0000] {logging_mixin.py:190} INFO - [2025-01-17T14:07:15.267+0000] {dagbag.py:588} INFO - Filling up the DagBag from /home/airflow/.local/lib/python3.12/site-packages/airflow/example_dags/example_setup_teardown.py
[2025-01-17T14:07:15.276+0000] {processor.py:925} INFO - DAG(s) 'example_setup_teardown' retrieved from /home/airflow/.local/lib/python3.12/site-packages/airflow/example_dags/example_setup_teardown.py
[2025-01-17T14:07:15.294+0000] {logging_mixin.py:190} INFO - [2025-01-17T14:07:15.294+0000] {dag.py:3239} INFO - Sync 1 DAGs
[2025-01-17T14:07:15.308+0000] {logging_mixin.py:190} INFO - [2025-01-17T14:07:15.308+0000] {dag.py:4180} INFO - Setting next_dagrun for example_setup_teardown to None, run_after=None
[2025-01-17T14:07:15.326+0000] {processor.py:208} INFO - Processing /home/airflow/.local/lib/python3.12/site-packages/airflow/example_dags/example_setup_teardown.py took 0.067 seconds
[2025-01-17T14:07:45.954+0000] {processor.py:186} INFO - Started process (PID=236) to work on /home/airflow/.local/lib/python3.12/site-packages/airflow/example_dags/example_setup_teardown.py
[2025-01-17T14:07:45.955+0000] {processor.py:914} INFO - Processing file /home/airflow/.local/lib/python3.12/site-packages/airflow/example_dags/example_setup_teardown.py for tasks to queue
[2025-01-17T14:07:45.958+0000] {logging_mixin.py:190} INFO - [2025-01-17T14:07:45.957+0000] {dagbag.py:588} INFO - Filling up the DagBag from /home/airflow/.local/lib/python3.12/site-packages/airflow/example_dags/example_setup_teardown.py
[2025-01-17T14:07:45.966+0000] {processor.py:925} INFO - DAG(s) 'example_setup_teardown' retrieved from /home/airflow/.local/lib/python3.12/site-packages/airflow/example_dags/example_setup_teardown.py
[2025-01-17T14:07:45.987+0000] {logging_mixin.py:190} INFO - [2025-01-17T14:07:45.987+0000] {dag.py:3239} INFO - Sync 1 DAGs
[2025-01-17T14:07:46.003+0000] {logging_mixin.py:190} INFO - [2025-01-17T14:07:46.003+0000] {dag.py:4180} INFO - Setting next_dagrun for example_setup_teardown to None, run_after=None
[2025-01-17T14:07:46.021+0000] {processor.py:208} INFO - Processing /home/airflow/.local/lib/python3.12/site-packages/airflow/example_dags/example_setup_teardown.py took 0.073 seconds
[2025-01-17T14:08:16.900+0000] {processor.py:186} INFO - Started process (PID=300) to work on /home/airflow/.local/lib/python3.12/site-packages/airflow/example_dags/example_setup_teardown.py
[2025-01-17T14:08:16.901+0000] {processor.py:914} INFO - Processing file /home/airflow/.local/lib/python3.12/site-packages/airflow/example_dags/example_setup_teardown.py for tasks to queue
[2025-01-17T14:08:16.905+0000] {logging_mixin.py:190} INFO - [2025-01-17T14:08:16.905+0000] {dagbag.py:588} INFO - Filling up the DagBag from /home/airflow/.local/lib/python3.12/site-packages/airflow/example_dags/example_setup_teardown.py
[2025-01-17T14:08:16.917+0000] {processor.py:925} INFO - DAG(s) 'example_setup_teardown' retrieved from /home/airflow/.local/lib/python3.12/site-packages/airflow/example_dags/example_setup_teardown.py
[2025-01-17T14:08:16.943+0000] {logging_mixin.py:190} INFO - [2025-01-17T14:08:16.943+0000] {dag.py:3239} INFO - Sync 1 DAGs
[2025-01-17T14:08:16.967+0000] {logging_mixin.py:190} INFO - [2025-01-17T14:08:16.967+0000] {dag.py:4180} INFO - Setting next_dagrun for example_setup_teardown to None, run_after=None
[2025-01-17T14:08:16.995+0000] {processor.py:208} INFO - Processing /home/airflow/.local/lib/python3.12/site-packages/airflow/example_dags/example_setup_teardown.py took 0.104 seconds
[2025-01-17T14:08:49.490+0000] {processor.py:186} INFO - Started process (PID=364) to work on /home/airflow/.local/lib/python3.12/site-packages/airflow/example_dags/example_setup_teardown.py
[2025-01-17T14:08:49.492+0000] {processor.py:914} INFO - Processing file /home/airflow/.local/lib/python3.12/site-packages/airflow/example_dags/example_setup_teardown.py for tasks to queue
[2025-01-17T14:08:49.495+0000] {logging_mixin.py:190} INFO - [2025-01-17T14:08:49.494+0000] {dagbag.py:588} INFO - Filling up the DagBag from /home/airflow/.local/lib/python3.12/site-packages/airflow/example_dags/example_setup_teardown.py
[2025-01-17T14:08:49.506+0000] {processor.py:925} INFO - DAG(s) 'example_setup_teardown' retrieved from /home/airflow/.local/lib/python3.12/site-packages/airflow/example_dags/example_setup_teardown.py
[2025-01-17T14:08:49.536+0000] {logging_mixin.py:190} INFO - [2025-01-17T14:08:49.536+0000] {dag.py:3239} INFO - Sync 1 DAGs
[2025-01-17T14:08:49.569+0000] {logging_mixin.py:190} INFO - [2025-01-17T14:08:49.569+0000] {dag.py:4180} INFO - Setting next_dagrun for example_setup_teardown to None, run_after=None
[2025-01-17T14:08:49.606+0000] {processor.py:208} INFO - Processing /home/airflow/.local/lib/python3.12/site-packages/airflow/example_dags/example_setup_teardown.py took 0.124 seconds
[2025-01-17T14:09:20.357+0000] {processor.py:186} INFO - Started process (PID=426) to work on /home/airflow/.local/lib/python3.12/site-packages/airflow/example_dags/example_setup_teardown.py
[2025-01-17T14:09:20.358+0000] {processor.py:914} INFO - Processing file /home/airflow/.local/lib/python3.12/site-packages/airflow/example_dags/example_setup_teardown.py for tasks to queue
[2025-01-17T14:09:20.360+0000] {logging_mixin.py:190} INFO - [2025-01-17T14:09:20.360+0000] {dagbag.py:588} INFO - Filling up the DagBag from /home/airflow/.local/lib/python3.12/site-packages/airflow/example_dags/example_setup_teardown.py
[2025-01-17T14:09:20.367+0000] {processor.py:925} INFO - DAG(s) 'example_setup_teardown' retrieved from /home/airflow/.local/lib/python3.12/site-packages/airflow/example_dags/example_setup_teardown.py
[2025-01-17T14:09:20.384+0000] {logging_mixin.py:190} INFO - [2025-01-17T14:09:20.384+0000] {dag.py:3239} INFO - Sync 1 DAGs
[2025-01-17T14:09:20.398+0000] {logging_mixin.py:190} INFO - [2025-01-17T14:09:20.398+0000] {dag.py:4180} INFO - Setting next_dagrun for example_setup_teardown to None, run_after=None
[2025-01-17T14:09:20.417+0000] {processor.py:208} INFO - Processing /home/airflow/.local/lib/python3.12/site-packages/airflow/example_dags/example_setup_teardown.py took 0.066 seconds
[2025-01-17T14:09:51.724+0000] {processor.py:186} INFO - Started process (PID=489) to work on /home/airflow/.local/lib/python3.12/site-packages/airflow/example_dags/example_setup_teardown.py
[2025-01-17T14:09:51.726+0000] {processor.py:914} INFO - Processing file /home/airflow/.local/lib/python3.12/site-packages/airflow/example_dags/example_setup_teardown.py for tasks to queue
[2025-01-17T14:09:51.729+0000] {logging_mixin.py:190} INFO - [2025-01-17T14:09:51.728+0000] {dagbag.py:588} INFO - Filling up the DagBag from /home/airflow/.local/lib/python3.12/site-packages/airflow/example_dags/example_setup_teardown.py
[2025-01-17T14:09:51.735+0000] {processor.py:925} INFO - DAG(s) 'example_setup_teardown' retrieved from /home/airflow/.local/lib/python3.12/site-packages/airflow/example_dags/example_setup_teardown.py
[2025-01-17T14:09:51.753+0000] {logging_mixin.py:190} INFO - [2025-01-17T14:09:51.753+0000] {dag.py:3239} INFO - Sync 1 DAGs
[2025-01-17T14:09:51.769+0000] {logging_mixin.py:190} INFO - [2025-01-17T14:09:51.768+0000] {dag.py:4180} INFO - Setting next_dagrun for example_setup_teardown to None, run_after=None
[2025-01-17T14:09:51.800+0000] {processor.py:208} INFO - Processing /home/airflow/.local/lib/python3.12/site-packages/airflow/example_dags/example_setup_teardown.py took 0.082 seconds
[2025-01-17T14:10:23.048+0000] {processor.py:186} INFO - Started process (PID=552) to work on /home/airflow/.local/lib/python3.12/site-packages/airflow/example_dags/example_setup_teardown.py
[2025-01-17T14:10:23.049+0000] {processor.py:914} INFO - Processing file /home/airflow/.local/lib/python3.12/site-packages/airflow/example_dags/example_setup_teardown.py for tasks to queue
[2025-01-17T14:10:23.051+0000] {logging_mixin.py:190} INFO - [2025-01-17T14:10:23.051+0000] {dagbag.py:588} INFO - Filling up the DagBag from /home/airflow/.local/lib/python3.12/site-packages/airflow/example_dags/example_setup_teardown.py
[2025-01-17T14:10:23.058+0000] {processor.py:925} INFO - DAG(s) 'example_setup_teardown' retrieved from /home/airflow/.local/lib/python3.12/site-packages/airflow/example_dags/example_setup_teardown.py
[2025-01-17T14:10:23.075+0000] {logging_mixin.py:190} INFO - [2025-01-17T14:10:23.075+0000] {dag.py:3239} INFO - Sync 1 DAGs
[2025-01-17T14:10:23.089+0000] {logging_mixin.py:190} INFO - [2025-01-17T14:10:23.089+0000] {dag.py:4180} INFO - Setting next_dagrun for example_setup_teardown to None, run_after=None
[2025-01-17T14:10:23.109+0000] {processor.py:208} INFO - Processing /home/airflow/.local/lib/python3.12/site-packages/airflow/example_dags/example_setup_teardown.py took 0.067 seconds
[2025-01-17T14:10:54.952+0000] {processor.py:186} INFO - Started process (PID=616) to work on /home/airflow/.local/lib/python3.12/site-packages/airflow/example_dags/example_setup_teardown.py
[2025-01-17T14:10:54.955+0000] {processor.py:914} INFO - Processing file /home/airflow/.local/lib/python3.12/site-packages/airflow/example_dags/example_setup_teardown.py for tasks to queue
[2025-01-17T14:10:54.957+0000] {logging_mixin.py:190} INFO - [2025-01-17T14:10:54.957+0000] {dagbag.py:588} INFO - Filling up the DagBag from /home/airflow/.local/lib/python3.12/site-packages/airflow/example_dags/example_setup_teardown.py
[2025-01-17T14:10:54.965+0000] {processor.py:925} INFO - DAG(s) 'example_setup_teardown' retrieved from /home/airflow/.local/lib/python3.12/site-packages/airflow/example_dags/example_setup_teardown.py
[2025-01-17T14:10:54.984+0000] {logging_mixin.py:190} INFO - [2025-01-17T14:10:54.984+0000] {dag.py:3239} INFO - Sync 1 DAGs
[2025-01-17T14:10:54.997+0000] {logging_mixin.py:190} INFO - [2025-01-17T14:10:54.997+0000] {dag.py:4180} INFO - Setting next_dagrun for example_setup_teardown to None, run_after=None
[2025-01-17T14:10:55.030+0000] {processor.py:208} INFO - Processing /home/airflow/.local/lib/python3.12/site-packages/airflow/example_dags/example_setup_teardown.py took 0.084 seconds
[2025-01-17T14:11:26.384+0000] {processor.py:186} INFO - Started process (PID=679) to work on /home/airflow/.local/lib/python3.12/site-packages/airflow/example_dags/example_setup_teardown.py
[2025-01-17T14:11:26.385+0000] {processor.py:914} INFO - Processing file /home/airflow/.local/lib/python3.12/site-packages/airflow/example_dags/example_setup_teardown.py for tasks to queue
[2025-01-17T14:11:26.388+0000] {logging_mixin.py:190} INFO - [2025-01-17T14:11:26.388+0000] {dagbag.py:588} INFO - Filling up the DagBag from /home/airflow/.local/lib/python3.12/site-packages/airflow/example_dags/example_setup_teardown.py
[2025-01-17T14:11:26.398+0000] {processor.py:925} INFO - DAG(s) 'example_setup_teardown' retrieved from /home/airflow/.local/lib/python3.12/site-packages/airflow/example_dags/example_setup_teardown.py
[2025-01-17T14:11:26.416+0000] {logging_mixin.py:190} INFO - [2025-01-17T14:11:26.416+0000] {dag.py:3239} INFO - Sync 1 DAGs
[2025-01-17T14:11:26.430+0000] {logging_mixin.py:190} INFO - [2025-01-17T14:11:26.429+0000] {dag.py:4180} INFO - Setting next_dagrun for example_setup_teardown to None, run_after=None
[2025-01-17T14:11:26.462+0000] {processor.py:208} INFO - Processing /home/airflow/.local/lib/python3.12/site-packages/airflow/example_dags/example_setup_teardown.py took 0.083 seconds
[2025-01-17T14:11:57.720+0000] {processor.py:186} INFO - Started process (PID=743) to work on /home/airflow/.local/lib/python3.12/site-packages/airflow/example_dags/example_setup_teardown.py
[2025-01-17T14:11:57.721+0000] {processor.py:914} INFO - Processing file /home/airflow/.local/lib/python3.12/site-packages/airflow/example_dags/example_setup_teardown.py for tasks to queue
[2025-01-17T14:11:57.726+0000] {logging_mixin.py:190} INFO - [2025-01-17T14:11:57.725+0000] {dagbag.py:588} INFO - Filling up the DagBag from /home/airflow/.local/lib/python3.12/site-packages/airflow/example_dags/example_setup_teardown.py
[2025-01-17T14:11:57.743+0000] {processor.py:925} INFO - DAG(s) 'example_setup_teardown' retrieved from /home/airflow/.local/lib/python3.12/site-packages/airflow/example_dags/example_setup_teardown.py
[2025-01-17T14:11:57.771+0000] {logging_mixin.py:190} INFO - [2025-01-17T14:11:57.771+0000] {dag.py:3239} INFO - Sync 1 DAGs
[2025-01-17T14:11:57.791+0000] {logging_mixin.py:190} INFO - [2025-01-17T14:11:57.791+0000] {dag.py:4180} INFO - Setting next_dagrun for example_setup_teardown to None, run_after=None
[2025-01-17T14:11:57.818+0000] {processor.py:208} INFO - Processing /home/airflow/.local/lib/python3.12/site-packages/airflow/example_dags/example_setup_teardown.py took 0.104 seconds
[2025-01-17T14:12:29.333+0000] {processor.py:186} INFO - Started process (PID=806) to work on /home/airflow/.local/lib/python3.12/site-packages/airflow/example_dags/example_setup_teardown.py
[2025-01-17T14:12:29.335+0000] {processor.py:914} INFO - Processing file /home/airflow/.local/lib/python3.12/site-packages/airflow/example_dags/example_setup_teardown.py for tasks to queue
[2025-01-17T14:12:29.339+0000] {logging_mixin.py:190} INFO - [2025-01-17T14:12:29.338+0000] {dagbag.py:588} INFO - Filling up the DagBag from /home/airflow/.local/lib/python3.12/site-packages/airflow/example_dags/example_setup_teardown.py
[2025-01-17T14:12:29.353+0000] {processor.py:925} INFO - DAG(s) 'example_setup_teardown' retrieved from /home/airflow/.local/lib/python3.12/site-packages/airflow/example_dags/example_setup_teardown.py
[2025-01-17T14:12:29.384+0000] {logging_mixin.py:190} INFO - [2025-01-17T14:12:29.384+0000] {dag.py:3239} INFO - Sync 1 DAGs
[2025-01-17T14:12:29.420+0000] {logging_mixin.py:190} INFO - [2025-01-17T14:12:29.419+0000] {dag.py:4180} INFO - Setting next_dagrun for example_setup_teardown to None, run_after=None
[2025-01-17T14:12:29.459+0000] {processor.py:208} INFO - Processing /home/airflow/.local/lib/python3.12/site-packages/airflow/example_dags/example_setup_teardown.py took 0.134 seconds
[2025-01-17T14:12:59.928+0000] {processor.py:186} INFO - Started process (PID=869) to work on /home/airflow/.local/lib/python3.12/site-packages/airflow/example_dags/example_setup_teardown.py
[2025-01-17T14:12:59.929+0000] {processor.py:914} INFO - Processing file /home/airflow/.local/lib/python3.12/site-packages/airflow/example_dags/example_setup_teardown.py for tasks to queue
[2025-01-17T14:12:59.932+0000] {logging_mixin.py:190} INFO - [2025-01-17T14:12:59.932+0000] {dagbag.py:588} INFO - Filling up the DagBag from /home/airflow/.local/lib/python3.12/site-packages/airflow/example_dags/example_setup_teardown.py
[2025-01-17T14:12:59.944+0000] {processor.py:925} INFO - DAG(s) 'example_setup_teardown' retrieved from /home/airflow/.local/lib/python3.12/site-packages/airflow/example_dags/example_setup_teardown.py
[2025-01-17T14:12:59.969+0000] {logging_mixin.py:190} INFO - [2025-01-17T14:12:59.969+0000] {dag.py:3239} INFO - Sync 1 DAGs
[2025-01-17T14:12:59.986+0000] {logging_mixin.py:190} INFO - [2025-01-17T14:12:59.986+0000] {dag.py:4180} INFO - Setting next_dagrun for example_setup_teardown to None, run_after=None
[2025-01-17T14:13:00.028+0000] {processor.py:208} INFO - Processing /home/airflow/.local/lib/python3.12/site-packages/airflow/example_dags/example_setup_teardown.py took 0.109 seconds
[2025-01-17T14:13:31.395+0000] {processor.py:186} INFO - Started process (PID=932) to work on /home/airflow/.local/lib/python3.12/site-packages/airflow/example_dags/example_setup_teardown.py
[2025-01-17T14:13:31.396+0000] {processor.py:914} INFO - Processing file /home/airflow/.local/lib/python3.12/site-packages/airflow/example_dags/example_setup_teardown.py for tasks to queue
[2025-01-17T14:13:31.399+0000] {logging_mixin.py:190} INFO - [2025-01-17T14:13:31.398+0000] {dagbag.py:588} INFO - Filling up the DagBag from /home/airflow/.local/lib/python3.12/site-packages/airflow/example_dags/example_setup_teardown.py
[2025-01-17T14:13:31.411+0000] {processor.py:925} INFO - DAG(s) 'example_setup_teardown' retrieved from /home/airflow/.local/lib/python3.12/site-packages/airflow/example_dags/example_setup_teardown.py
[2025-01-17T14:13:31.437+0000] {logging_mixin.py:190} INFO - [2025-01-17T14:13:31.437+0000] {dag.py:3239} INFO - Sync 1 DAGs
[2025-01-17T14:13:31.455+0000] {logging_mixin.py:190} INFO - [2025-01-17T14:13:31.454+0000] {dag.py:4180} INFO - Setting next_dagrun for example_setup_teardown to None, run_after=None
[2025-01-17T14:13:31.478+0000] {processor.py:208} INFO - Processing /home/airflow/.local/lib/python3.12/site-packages/airflow/example_dags/example_setup_teardown.py took 0.089 seconds
[2025-01-17T14:14:02.140+0000] {processor.py:186} INFO - Started process (PID=995) to work on /home/airflow/.local/lib/python3.12/site-packages/airflow/example_dags/example_setup_teardown.py
[2025-01-17T14:14:02.141+0000] {processor.py:914} INFO - Processing file /home/airflow/.local/lib/python3.12/site-packages/airflow/example_dags/example_setup_teardown.py for tasks to queue
[2025-01-17T14:14:02.143+0000] {logging_mixin.py:190} INFO - [2025-01-17T14:14:02.143+0000] {dagbag.py:588} INFO - Filling up the DagBag from /home/airflow/.local/lib/python3.12/site-packages/airflow/example_dags/example_setup_teardown.py
[2025-01-17T14:14:02.150+0000] {processor.py:925} INFO - DAG(s) 'example_setup_teardown' retrieved from /home/airflow/.local/lib/python3.12/site-packages/airflow/example_dags/example_setup_teardown.py
[2025-01-17T14:14:02.167+0000] {logging_mixin.py:190} INFO - [2025-01-17T14:14:02.167+0000] {dag.py:3239} INFO - Sync 1 DAGs
[2025-01-17T14:14:02.181+0000] {logging_mixin.py:190} INFO - [2025-01-17T14:14:02.181+0000] {dag.py:4180} INFO - Setting next_dagrun for example_setup_teardown to None, run_after=None
[2025-01-17T14:14:02.201+0000] {processor.py:208} INFO - Processing /home/airflow/.local/lib/python3.12/site-packages/airflow/example_dags/example_setup_teardown.py took 0.066 seconds
