[2025-01-17T14:06:33.581+0000] {processor.py:186} INFO - Started process (PID=76) to work on /home/airflow/.local/lib/python3.12/site-packages/airflow/example_dags/example_bash_operator.py
[2025-01-17T14:06:33.583+0000] {processor.py:914} INFO - Processing file /home/airflow/.local/lib/python3.12/site-packages/airflow/example_dags/example_bash_operator.py for tasks to queue
[2025-01-17T14:06:33.587+0000] {logging_mixin.py:190} INFO - [2025-01-17T14:06:33.587+0000] {dagbag.py:588} INFO - Filling up the DagBag from /home/airflow/.local/lib/python3.12/site-packages/airflow/example_dags/example_bash_operator.py
[2025-01-17T14:06:33.635+0000] {processor.py:925} INFO - DAG(s) 'example_bash_operator' retrieved from /home/airflow/.local/lib/python3.12/site-packages/airflow/example_dags/example_bash_operator.py
[2025-01-17T14:06:34.090+0000] {logging_mixin.py:190} INFO - [2025-01-17T14:06:34.088+0000] {override.py:1911} INFO - Created Permission View: can read on DAG:example_bash_operator
[2025-01-17T14:06:34.120+0000] {logging_mixin.py:190} INFO - [2025-01-17T14:06:34.119+0000] {override.py:1911} INFO - Created Permission View: can delete on DAG:example_bash_operator
[2025-01-17T14:06:34.138+0000] {logging_mixin.py:190} INFO - [2025-01-17T14:06:34.138+0000] {override.py:1911} INFO - Created Permission View: can edit on DAG:example_bash_operator
[2025-01-17T14:06:34.163+0000] {logging_mixin.py:190} INFO - [2025-01-17T14:06:34.162+0000] {override.py:1911} INFO - Created Permission View: menu access on DAG Run:example_bash_operator
[2025-01-17T14:06:34.179+0000] {logging_mixin.py:190} INFO - [2025-01-17T14:06:34.179+0000] {override.py:1911} INFO - Created Permission View: can read on DAG Run:example_bash_operator
[2025-01-17T14:06:34.194+0000] {logging_mixin.py:190} INFO - [2025-01-17T14:06:34.194+0000] {override.py:1911} INFO - Created Permission View: can delete on DAG Run:example_bash_operator
[2025-01-17T14:06:34.210+0000] {logging_mixin.py:190} INFO - [2025-01-17T14:06:34.209+0000] {override.py:1911} INFO - Created Permission View: can create on DAG Run:example_bash_operator
[2025-01-17T14:06:34.212+0000] {logging_mixin.py:190} INFO - [2025-01-17T14:06:34.211+0000] {dag.py:3239} INFO - Sync 1 DAGs
[2025-01-17T14:06:34.238+0000] {logging_mixin.py:190} INFO - [2025-01-17T14:06:34.237+0000] {dag.py:3262} INFO - Creating ORM DAG for example_bash_operator
[2025-01-17T14:06:34.259+0000] {logging_mixin.py:190} INFO - [2025-01-17T14:06:34.258+0000] {dag.py:4180} INFO - Setting next_dagrun for example_bash_operator to 2025-01-16 00:00:00+00:00, run_after=2025-01-17 00:00:00+00:00
[2025-01-17T14:06:34.328+0000] {processor.py:208} INFO - Processing /home/airflow/.local/lib/python3.12/site-packages/airflow/example_dags/example_bash_operator.py took 0.758 seconds
[2025-01-17T14:07:04.598+0000] {processor.py:186} INFO - Started process (PID=140) to work on /home/airflow/.local/lib/python3.12/site-packages/airflow/example_dags/example_bash_operator.py
[2025-01-17T14:07:04.600+0000] {processor.py:914} INFO - Processing file /home/airflow/.local/lib/python3.12/site-packages/airflow/example_dags/example_bash_operator.py for tasks to queue
[2025-01-17T14:07:04.602+0000] {logging_mixin.py:190} INFO - [2025-01-17T14:07:04.602+0000] {dagbag.py:588} INFO - Filling up the DagBag from /home/airflow/.local/lib/python3.12/site-packages/airflow/example_dags/example_bash_operator.py
[2025-01-17T14:07:04.615+0000] {processor.py:925} INFO - DAG(s) 'example_bash_operator' retrieved from /home/airflow/.local/lib/python3.12/site-packages/airflow/example_dags/example_bash_operator.py
[2025-01-17T14:07:04.642+0000] {logging_mixin.py:190} INFO - [2025-01-17T14:07:04.642+0000] {dag.py:3239} INFO - Sync 1 DAGs
[2025-01-17T14:07:04.666+0000] {logging_mixin.py:190} INFO - [2025-01-17T14:07:04.666+0000] {dag.py:4180} INFO - Setting next_dagrun for example_bash_operator to 2025-01-16 00:00:00+00:00, run_after=2025-01-17 00:00:00+00:00
[2025-01-17T14:07:04.692+0000] {processor.py:208} INFO - Processing /home/airflow/.local/lib/python3.12/site-packages/airflow/example_dags/example_bash_operator.py took 0.100 seconds
[2025-01-17T14:07:35.007+0000] {processor.py:186} INFO - Started process (PID=203) to work on /home/airflow/.local/lib/python3.12/site-packages/airflow/example_dags/example_bash_operator.py
[2025-01-17T14:07:35.008+0000] {processor.py:914} INFO - Processing file /home/airflow/.local/lib/python3.12/site-packages/airflow/example_dags/example_bash_operator.py for tasks to queue
[2025-01-17T14:07:35.010+0000] {logging_mixin.py:190} INFO - [2025-01-17T14:07:35.010+0000] {dagbag.py:588} INFO - Filling up the DagBag from /home/airflow/.local/lib/python3.12/site-packages/airflow/example_dags/example_bash_operator.py
[2025-01-17T14:07:35.023+0000] {processor.py:925} INFO - DAG(s) 'example_bash_operator' retrieved from /home/airflow/.local/lib/python3.12/site-packages/airflow/example_dags/example_bash_operator.py
[2025-01-17T14:07:35.046+0000] {logging_mixin.py:190} INFO - [2025-01-17T14:07:35.046+0000] {dag.py:3239} INFO - Sync 1 DAGs
[2025-01-17T14:07:35.068+0000] {logging_mixin.py:190} INFO - [2025-01-17T14:07:35.068+0000] {dag.py:4180} INFO - Setting next_dagrun for example_bash_operator to 2025-01-16 00:00:00+00:00, run_after=2025-01-17 00:00:00+00:00
[2025-01-17T14:07:35.090+0000] {processor.py:208} INFO - Processing /home/airflow/.local/lib/python3.12/site-packages/airflow/example_dags/example_bash_operator.py took 0.091 seconds
[2025-01-17T14:08:05.317+0000] {processor.py:186} INFO - Started process (PID=266) to work on /home/airflow/.local/lib/python3.12/site-packages/airflow/example_dags/example_bash_operator.py
[2025-01-17T14:08:05.318+0000] {processor.py:914} INFO - Processing file /home/airflow/.local/lib/python3.12/site-packages/airflow/example_dags/example_bash_operator.py for tasks to queue
[2025-01-17T14:08:05.320+0000] {logging_mixin.py:190} INFO - [2025-01-17T14:08:05.320+0000] {dagbag.py:588} INFO - Filling up the DagBag from /home/airflow/.local/lib/python3.12/site-packages/airflow/example_dags/example_bash_operator.py
[2025-01-17T14:08:05.333+0000] {processor.py:925} INFO - DAG(s) 'example_bash_operator' retrieved from /home/airflow/.local/lib/python3.12/site-packages/airflow/example_dags/example_bash_operator.py
[2025-01-17T14:08:05.359+0000] {logging_mixin.py:190} INFO - [2025-01-17T14:08:05.359+0000] {dag.py:3239} INFO - Sync 1 DAGs
[2025-01-17T14:08:05.382+0000] {logging_mixin.py:190} INFO - [2025-01-17T14:08:05.381+0000] {dag.py:4180} INFO - Setting next_dagrun for example_bash_operator to 2025-01-16 00:00:00+00:00, run_after=2025-01-17 00:00:00+00:00
[2025-01-17T14:08:05.398+0000] {processor.py:208} INFO - Processing /home/airflow/.local/lib/python3.12/site-packages/airflow/example_dags/example_bash_operator.py took 0.086 seconds
[2025-01-17T14:08:36.207+0000] {processor.py:186} INFO - Started process (PID=330) to work on /home/airflow/.local/lib/python3.12/site-packages/airflow/example_dags/example_bash_operator.py
[2025-01-17T14:08:36.237+0000] {processor.py:914} INFO - Processing file /home/airflow/.local/lib/python3.12/site-packages/airflow/example_dags/example_bash_operator.py for tasks to queue
[2025-01-17T14:08:36.243+0000] {logging_mixin.py:190} INFO - [2025-01-17T14:08:36.242+0000] {dagbag.py:588} INFO - Filling up the DagBag from /home/airflow/.local/lib/python3.12/site-packages/airflow/example_dags/example_bash_operator.py
[2025-01-17T14:08:36.267+0000] {processor.py:925} INFO - DAG(s) 'example_bash_operator' retrieved from /home/airflow/.local/lib/python3.12/site-packages/airflow/example_dags/example_bash_operator.py
[2025-01-17T14:08:36.302+0000] {logging_mixin.py:190} INFO - [2025-01-17T14:08:36.302+0000] {dag.py:3239} INFO - Sync 1 DAGs
[2025-01-17T14:08:36.339+0000] {logging_mixin.py:190} INFO - [2025-01-17T14:08:36.338+0000] {dag.py:4180} INFO - Setting next_dagrun for example_bash_operator to 2025-01-16 00:00:00+00:00, run_after=2025-01-17 00:00:00+00:00
[2025-01-17T14:08:36.364+0000] {processor.py:208} INFO - Processing /home/airflow/.local/lib/python3.12/site-packages/airflow/example_dags/example_bash_operator.py took 0.166 seconds
[2025-01-17T14:09:06.868+0000] {processor.py:186} INFO - Started process (PID=394) to work on /home/airflow/.local/lib/python3.12/site-packages/airflow/example_dags/example_bash_operator.py
[2025-01-17T14:09:06.869+0000] {processor.py:914} INFO - Processing file /home/airflow/.local/lib/python3.12/site-packages/airflow/example_dags/example_bash_operator.py for tasks to queue
[2025-01-17T14:09:06.872+0000] {logging_mixin.py:190} INFO - [2025-01-17T14:09:06.872+0000] {dagbag.py:588} INFO - Filling up the DagBag from /home/airflow/.local/lib/python3.12/site-packages/airflow/example_dags/example_bash_operator.py
[2025-01-17T14:09:06.886+0000] {processor.py:925} INFO - DAG(s) 'example_bash_operator' retrieved from /home/airflow/.local/lib/python3.12/site-packages/airflow/example_dags/example_bash_operator.py
[2025-01-17T14:09:06.910+0000] {logging_mixin.py:190} INFO - [2025-01-17T14:09:06.910+0000] {dag.py:3239} INFO - Sync 1 DAGs
[2025-01-17T14:09:06.936+0000] {logging_mixin.py:190} INFO - [2025-01-17T14:09:06.935+0000] {dag.py:4180} INFO - Setting next_dagrun for example_bash_operator to 2025-01-16 00:00:00+00:00, run_after=2025-01-17 00:00:00+00:00
[2025-01-17T14:09:06.955+0000] {processor.py:208} INFO - Processing /home/airflow/.local/lib/python3.12/site-packages/airflow/example_dags/example_bash_operator.py took 0.092 seconds
[2025-01-17T14:09:37.376+0000] {processor.py:186} INFO - Started process (PID=457) to work on /home/airflow/.local/lib/python3.12/site-packages/airflow/example_dags/example_bash_operator.py
[2025-01-17T14:09:37.378+0000] {processor.py:914} INFO - Processing file /home/airflow/.local/lib/python3.12/site-packages/airflow/example_dags/example_bash_operator.py for tasks to queue
[2025-01-17T14:09:37.383+0000] {logging_mixin.py:190} INFO - [2025-01-17T14:09:37.382+0000] {dagbag.py:588} INFO - Filling up the DagBag from /home/airflow/.local/lib/python3.12/site-packages/airflow/example_dags/example_bash_operator.py
[2025-01-17T14:09:37.404+0000] {processor.py:925} INFO - DAG(s) 'example_bash_operator' retrieved from /home/airflow/.local/lib/python3.12/site-packages/airflow/example_dags/example_bash_operator.py
[2025-01-17T14:09:37.449+0000] {logging_mixin.py:190} INFO - [2025-01-17T14:09:37.449+0000] {dag.py:3239} INFO - Sync 1 DAGs
[2025-01-17T14:09:37.492+0000] {logging_mixin.py:190} INFO - [2025-01-17T14:09:37.491+0000] {dag.py:4180} INFO - Setting next_dagrun for example_bash_operator to 2025-01-16 00:00:00+00:00, run_after=2025-01-17 00:00:00+00:00
[2025-01-17T14:09:37.549+0000] {processor.py:208} INFO - Processing /home/airflow/.local/lib/python3.12/site-packages/airflow/example_dags/example_bash_operator.py took 0.185 seconds
[2025-01-17T14:10:07.671+0000] {processor.py:186} INFO - Started process (PID=520) to work on /home/airflow/.local/lib/python3.12/site-packages/airflow/example_dags/example_bash_operator.py
[2025-01-17T14:10:07.672+0000] {processor.py:914} INFO - Processing file /home/airflow/.local/lib/python3.12/site-packages/airflow/example_dags/example_bash_operator.py for tasks to queue
[2025-01-17T14:10:07.678+0000] {logging_mixin.py:190} INFO - [2025-01-17T14:10:07.677+0000] {dagbag.py:588} INFO - Filling up the DagBag from /home/airflow/.local/lib/python3.12/site-packages/airflow/example_dags/example_bash_operator.py
[2025-01-17T14:10:07.706+0000] {processor.py:925} INFO - DAG(s) 'example_bash_operator' retrieved from /home/airflow/.local/lib/python3.12/site-packages/airflow/example_dags/example_bash_operator.py
[2025-01-17T14:10:07.738+0000] {logging_mixin.py:190} INFO - [2025-01-17T14:10:07.738+0000] {dag.py:3239} INFO - Sync 1 DAGs
[2025-01-17T14:10:07.764+0000] {logging_mixin.py:190} INFO - [2025-01-17T14:10:07.764+0000] {dag.py:4180} INFO - Setting next_dagrun for example_bash_operator to 2025-01-16 00:00:00+00:00, run_after=2025-01-17 00:00:00+00:00
[2025-01-17T14:10:07.789+0000] {processor.py:208} INFO - Processing /home/airflow/.local/lib/python3.12/site-packages/airflow/example_dags/example_bash_operator.py took 0.124 seconds
[2025-01-17T14:10:37.997+0000] {processor.py:186} INFO - Started process (PID=583) to work on /home/airflow/.local/lib/python3.12/site-packages/airflow/example_dags/example_bash_operator.py
[2025-01-17T14:10:37.999+0000] {processor.py:914} INFO - Processing file /home/airflow/.local/lib/python3.12/site-packages/airflow/example_dags/example_bash_operator.py for tasks to queue
[2025-01-17T14:10:38.001+0000] {logging_mixin.py:190} INFO - [2025-01-17T14:10:38.001+0000] {dagbag.py:588} INFO - Filling up the DagBag from /home/airflow/.local/lib/python3.12/site-packages/airflow/example_dags/example_bash_operator.py
[2025-01-17T14:10:38.013+0000] {processor.py:925} INFO - DAG(s) 'example_bash_operator' retrieved from /home/airflow/.local/lib/python3.12/site-packages/airflow/example_dags/example_bash_operator.py
[2025-01-17T14:10:38.037+0000] {logging_mixin.py:190} INFO - [2025-01-17T14:10:38.036+0000] {dag.py:3239} INFO - Sync 1 DAGs
[2025-01-17T14:10:38.060+0000] {logging_mixin.py:190} INFO - [2025-01-17T14:10:38.060+0000] {dag.py:4180} INFO - Setting next_dagrun for example_bash_operator to 2025-01-16 00:00:00+00:00, run_after=2025-01-17 00:00:00+00:00
[2025-01-17T14:10:38.090+0000] {processor.py:208} INFO - Processing /home/airflow/.local/lib/python3.12/site-packages/airflow/example_dags/example_bash_operator.py took 0.098 seconds
[2025-01-17T14:11:08.935+0000] {processor.py:186} INFO - Started process (PID=646) to work on /home/airflow/.local/lib/python3.12/site-packages/airflow/example_dags/example_bash_operator.py
[2025-01-17T14:11:08.938+0000] {processor.py:914} INFO - Processing file /home/airflow/.local/lib/python3.12/site-packages/airflow/example_dags/example_bash_operator.py for tasks to queue
[2025-01-17T14:11:08.942+0000] {logging_mixin.py:190} INFO - [2025-01-17T14:11:08.941+0000] {dagbag.py:588} INFO - Filling up the DagBag from /home/airflow/.local/lib/python3.12/site-packages/airflow/example_dags/example_bash_operator.py
[2025-01-17T14:11:08.959+0000] {processor.py:925} INFO - DAG(s) 'example_bash_operator' retrieved from /home/airflow/.local/lib/python3.12/site-packages/airflow/example_dags/example_bash_operator.py
[2025-01-17T14:11:08.994+0000] {logging_mixin.py:190} INFO - [2025-01-17T14:11:08.994+0000] {dag.py:3239} INFO - Sync 1 DAGs
[2025-01-17T14:11:09.029+0000] {logging_mixin.py:190} INFO - [2025-01-17T14:11:09.028+0000] {dag.py:4180} INFO - Setting next_dagrun for example_bash_operator to 2025-01-16 00:00:00+00:00, run_after=2025-01-17 00:00:00+00:00
[2025-01-17T14:11:09.075+0000] {processor.py:208} INFO - Processing /home/airflow/.local/lib/python3.12/site-packages/airflow/example_dags/example_bash_operator.py took 0.147 seconds
[2025-01-17T14:11:39.187+0000] {processor.py:186} INFO - Started process (PID=709) to work on /home/airflow/.local/lib/python3.12/site-packages/airflow/example_dags/example_bash_operator.py
[2025-01-17T14:11:39.188+0000] {processor.py:914} INFO - Processing file /home/airflow/.local/lib/python3.12/site-packages/airflow/example_dags/example_bash_operator.py for tasks to queue
[2025-01-17T14:11:39.191+0000] {logging_mixin.py:190} INFO - [2025-01-17T14:11:39.190+0000] {dagbag.py:588} INFO - Filling up the DagBag from /home/airflow/.local/lib/python3.12/site-packages/airflow/example_dags/example_bash_operator.py
[2025-01-17T14:11:39.201+0000] {processor.py:925} INFO - DAG(s) 'example_bash_operator' retrieved from /home/airflow/.local/lib/python3.12/site-packages/airflow/example_dags/example_bash_operator.py
[2025-01-17T14:11:39.227+0000] {logging_mixin.py:190} INFO - [2025-01-17T14:11:39.227+0000] {dag.py:3239} INFO - Sync 1 DAGs
[2025-01-17T14:11:39.249+0000] {logging_mixin.py:190} INFO - [2025-01-17T14:11:39.249+0000] {dag.py:4180} INFO - Setting next_dagrun for example_bash_operator to 2025-01-16 00:00:00+00:00, run_after=2025-01-17 00:00:00+00:00
[2025-01-17T14:11:39.268+0000] {processor.py:208} INFO - Processing /home/airflow/.local/lib/python3.12/site-packages/airflow/example_dags/example_bash_operator.py took 0.086 seconds
[2025-01-17T14:12:09.960+0000] {processor.py:186} INFO - Started process (PID=773) to work on /home/airflow/.local/lib/python3.12/site-packages/airflow/example_dags/example_bash_operator.py
[2025-01-17T14:12:09.961+0000] {processor.py:914} INFO - Processing file /home/airflow/.local/lib/python3.12/site-packages/airflow/example_dags/example_bash_operator.py for tasks to queue
[2025-01-17T14:12:09.964+0000] {logging_mixin.py:190} INFO - [2025-01-17T14:12:09.964+0000] {dagbag.py:588} INFO - Filling up the DagBag from /home/airflow/.local/lib/python3.12/site-packages/airflow/example_dags/example_bash_operator.py
[2025-01-17T14:12:09.975+0000] {processor.py:925} INFO - DAG(s) 'example_bash_operator' retrieved from /home/airflow/.local/lib/python3.12/site-packages/airflow/example_dags/example_bash_operator.py
[2025-01-17T14:12:10.000+0000] {logging_mixin.py:190} INFO - [2025-01-17T14:12:09.999+0000] {dag.py:3239} INFO - Sync 1 DAGs
[2025-01-17T14:12:10.020+0000] {logging_mixin.py:190} INFO - [2025-01-17T14:12:10.020+0000] {dag.py:4180} INFO - Setting next_dagrun for example_bash_operator to 2025-01-16 00:00:00+00:00, run_after=2025-01-17 00:00:00+00:00
[2025-01-17T14:12:10.039+0000] {processor.py:208} INFO - Processing /home/airflow/.local/lib/python3.12/site-packages/airflow/example_dags/example_bash_operator.py took 0.084 seconds
[2025-01-17T14:12:40.544+0000] {processor.py:186} INFO - Started process (PID=836) to work on /home/airflow/.local/lib/python3.12/site-packages/airflow/example_dags/example_bash_operator.py
[2025-01-17T14:12:40.545+0000] {processor.py:914} INFO - Processing file /home/airflow/.local/lib/python3.12/site-packages/airflow/example_dags/example_bash_operator.py for tasks to queue
[2025-01-17T14:12:40.547+0000] {logging_mixin.py:190} INFO - [2025-01-17T14:12:40.547+0000] {dagbag.py:588} INFO - Filling up the DagBag from /home/airflow/.local/lib/python3.12/site-packages/airflow/example_dags/example_bash_operator.py
[2025-01-17T14:12:40.558+0000] {processor.py:925} INFO - DAG(s) 'example_bash_operator' retrieved from /home/airflow/.local/lib/python3.12/site-packages/airflow/example_dags/example_bash_operator.py
[2025-01-17T14:12:40.582+0000] {logging_mixin.py:190} INFO - [2025-01-17T14:12:40.581+0000] {dag.py:3239} INFO - Sync 1 DAGs
[2025-01-17T14:12:40.604+0000] {logging_mixin.py:190} INFO - [2025-01-17T14:12:40.604+0000] {dag.py:4180} INFO - Setting next_dagrun for example_bash_operator to 2025-01-16 00:00:00+00:00, run_after=2025-01-17 00:00:00+00:00
[2025-01-17T14:12:40.622+0000] {processor.py:208} INFO - Processing /home/airflow/.local/lib/python3.12/site-packages/airflow/example_dags/example_bash_operator.py took 0.082 seconds
[2025-01-17T14:13:10.717+0000] {processor.py:186} INFO - Started process (PID=899) to work on /home/airflow/.local/lib/python3.12/site-packages/airflow/example_dags/example_bash_operator.py
[2025-01-17T14:13:10.718+0000] {processor.py:914} INFO - Processing file /home/airflow/.local/lib/python3.12/site-packages/airflow/example_dags/example_bash_operator.py for tasks to queue
[2025-01-17T14:13:10.720+0000] {logging_mixin.py:190} INFO - [2025-01-17T14:13:10.720+0000] {dagbag.py:588} INFO - Filling up the DagBag from /home/airflow/.local/lib/python3.12/site-packages/airflow/example_dags/example_bash_operator.py
[2025-01-17T14:13:10.733+0000] {processor.py:925} INFO - DAG(s) 'example_bash_operator' retrieved from /home/airflow/.local/lib/python3.12/site-packages/airflow/example_dags/example_bash_operator.py
[2025-01-17T14:13:10.756+0000] {logging_mixin.py:190} INFO - [2025-01-17T14:13:10.755+0000] {dag.py:3239} INFO - Sync 1 DAGs
[2025-01-17T14:13:10.777+0000] {logging_mixin.py:190} INFO - [2025-01-17T14:13:10.776+0000] {dag.py:4180} INFO - Setting next_dagrun for example_bash_operator to 2025-01-16 00:00:00+00:00, run_after=2025-01-17 00:00:00+00:00
[2025-01-17T14:13:10.795+0000] {processor.py:208} INFO - Processing /home/airflow/.local/lib/python3.12/site-packages/airflow/example_dags/example_bash_operator.py took 0.082 seconds
[2025-01-17T14:13:40.906+0000] {processor.py:186} INFO - Started process (PID=962) to work on /home/airflow/.local/lib/python3.12/site-packages/airflow/example_dags/example_bash_operator.py
[2025-01-17T14:13:40.908+0000] {processor.py:914} INFO - Processing file /home/airflow/.local/lib/python3.12/site-packages/airflow/example_dags/example_bash_operator.py for tasks to queue
[2025-01-17T14:13:40.911+0000] {logging_mixin.py:190} INFO - [2025-01-17T14:13:40.910+0000] {dagbag.py:588} INFO - Filling up the DagBag from /home/airflow/.local/lib/python3.12/site-packages/airflow/example_dags/example_bash_operator.py
[2025-01-17T14:13:40.924+0000] {processor.py:925} INFO - DAG(s) 'example_bash_operator' retrieved from /home/airflow/.local/lib/python3.12/site-packages/airflow/example_dags/example_bash_operator.py
[2025-01-17T14:13:40.956+0000] {logging_mixin.py:190} INFO - [2025-01-17T14:13:40.955+0000] {dag.py:3239} INFO - Sync 1 DAGs
[2025-01-17T14:13:40.985+0000] {logging_mixin.py:190} INFO - [2025-01-17T14:13:40.985+0000] {dag.py:4180} INFO - Setting next_dagrun for example_bash_operator to 2025-01-16 00:00:00+00:00, run_after=2025-01-17 00:00:00+00:00
[2025-01-17T14:13:41.019+0000] {processor.py:208} INFO - Processing /home/airflow/.local/lib/python3.12/site-packages/airflow/example_dags/example_bash_operator.py took 0.118 seconds
