[2025-01-17T14:06:40.942+0000] {processor.py:186} INFO - Started process (PID=93) to work on /home/airflow/.local/lib/python3.12/site-packages/airflow/example_dags/example_sensor_decorator.py
[2025-01-17T14:06:40.944+0000] {processor.py:914} INFO - Processing file /home/airflow/.local/lib/python3.12/site-packages/airflow/example_dags/example_sensor_decorator.py for tasks to queue
[2025-01-17T14:06:40.954+0000] {logging_mixin.py:190} INFO - [2025-01-17T14:06:40.954+0000] {dagbag.py:588} INFO - Filling up the DagBag from /home/airflow/.local/lib/python3.12/site-packages/airflow/example_dags/example_sensor_decorator.py
[2025-01-17T14:06:40.976+0000] {processor.py:925} INFO - DAG(s) 'example_sensor_decorator' retrieved from /home/airflow/.local/lib/python3.12/site-packages/airflow/example_dags/example_sensor_decorator.py
[2025-01-17T14:06:41.200+0000] {logging_mixin.py:190} INFO - [2025-01-17T14:06:41.199+0000] {override.py:1911} INFO - Created Permission View: can read on DAG:example_sensor_decorator
[2025-01-17T14:06:41.219+0000] {logging_mixin.py:190} INFO - [2025-01-17T14:06:41.219+0000] {override.py:1911} INFO - Created Permission View: can delete on DAG:example_sensor_decorator
[2025-01-17T14:06:41.231+0000] {logging_mixin.py:190} INFO - [2025-01-17T14:06:41.230+0000] {override.py:1911} INFO - Created Permission View: can edit on DAG:example_sensor_decorator
[2025-01-17T14:06:41.246+0000] {logging_mixin.py:190} INFO - [2025-01-17T14:06:41.246+0000] {override.py:1911} INFO - Created Permission View: menu access on DAG Run:example_sensor_decorator
[2025-01-17T14:06:41.260+0000] {logging_mixin.py:190} INFO - [2025-01-17T14:06:41.260+0000] {override.py:1911} INFO - Created Permission View: can read on DAG Run:example_sensor_decorator
[2025-01-17T14:06:41.274+0000] {logging_mixin.py:190} INFO - [2025-01-17T14:06:41.273+0000] {override.py:1911} INFO - Created Permission View: can delete on DAG Run:example_sensor_decorator
[2025-01-17T14:06:41.284+0000] {logging_mixin.py:190} INFO - [2025-01-17T14:06:41.283+0000] {override.py:1911} INFO - Created Permission View: can create on DAG Run:example_sensor_decorator
[2025-01-17T14:06:41.285+0000] {logging_mixin.py:190} INFO - [2025-01-17T14:06:41.285+0000] {dag.py:3239} INFO - Sync 1 DAGs
[2025-01-17T14:06:41.303+0000] {logging_mixin.py:190} INFO - [2025-01-17T14:06:41.303+0000] {dag.py:3262} INFO - Creating ORM DAG for example_sensor_decorator
[2025-01-17T14:06:41.305+0000] {logging_mixin.py:190} INFO - [2025-01-17T14:06:41.305+0000] {dag.py:4180} INFO - Setting next_dagrun for example_sensor_decorator to None, run_after=None
[2025-01-17T14:06:41.329+0000] {processor.py:208} INFO - Processing /home/airflow/.local/lib/python3.12/site-packages/airflow/example_dags/example_sensor_decorator.py took 0.396 seconds
[2025-01-17T14:07:11.582+0000] {processor.py:186} INFO - Started process (PID=156) to work on /home/airflow/.local/lib/python3.12/site-packages/airflow/example_dags/example_sensor_decorator.py
[2025-01-17T14:07:11.583+0000] {processor.py:914} INFO - Processing file /home/airflow/.local/lib/python3.12/site-packages/airflow/example_dags/example_sensor_decorator.py for tasks to queue
[2025-01-17T14:07:11.585+0000] {logging_mixin.py:190} INFO - [2025-01-17T14:07:11.585+0000] {dagbag.py:588} INFO - Filling up the DagBag from /home/airflow/.local/lib/python3.12/site-packages/airflow/example_dags/example_sensor_decorator.py
[2025-01-17T14:07:11.592+0000] {processor.py:925} INFO - DAG(s) 'example_sensor_decorator' retrieved from /home/airflow/.local/lib/python3.12/site-packages/airflow/example_dags/example_sensor_decorator.py
[2025-01-17T14:07:11.608+0000] {logging_mixin.py:190} INFO - [2025-01-17T14:07:11.608+0000] {dag.py:3239} INFO - Sync 1 DAGs
[2025-01-17T14:07:11.620+0000] {logging_mixin.py:190} INFO - [2025-01-17T14:07:11.620+0000] {dag.py:4180} INFO - Setting next_dagrun for example_sensor_decorator to None, run_after=None
[2025-01-17T14:07:11.650+0000] {processor.py:208} INFO - Processing /home/airflow/.local/lib/python3.12/site-packages/airflow/example_dags/example_sensor_decorator.py took 0.073 seconds
[2025-01-17T14:07:41.733+0000] {processor.py:186} INFO - Started process (PID=219) to work on /home/airflow/.local/lib/python3.12/site-packages/airflow/example_dags/example_sensor_decorator.py
[2025-01-17T14:07:41.734+0000] {processor.py:914} INFO - Processing file /home/airflow/.local/lib/python3.12/site-packages/airflow/example_dags/example_sensor_decorator.py for tasks to queue
[2025-01-17T14:07:41.737+0000] {logging_mixin.py:190} INFO - [2025-01-17T14:07:41.736+0000] {dagbag.py:588} INFO - Filling up the DagBag from /home/airflow/.local/lib/python3.12/site-packages/airflow/example_dags/example_sensor_decorator.py
[2025-01-17T14:07:41.743+0000] {processor.py:925} INFO - DAG(s) 'example_sensor_decorator' retrieved from /home/airflow/.local/lib/python3.12/site-packages/airflow/example_dags/example_sensor_decorator.py
[2025-01-17T14:07:41.758+0000] {logging_mixin.py:190} INFO - [2025-01-17T14:07:41.758+0000] {dag.py:3239} INFO - Sync 1 DAGs
[2025-01-17T14:07:41.772+0000] {logging_mixin.py:190} INFO - [2025-01-17T14:07:41.771+0000] {dag.py:4180} INFO - Setting next_dagrun for example_sensor_decorator to None, run_after=None
[2025-01-17T14:07:41.802+0000] {processor.py:208} INFO - Processing /home/airflow/.local/lib/python3.12/site-packages/airflow/example_dags/example_sensor_decorator.py took 0.074 seconds
[2025-01-17T14:08:12.065+0000] {processor.py:186} INFO - Started process (PID=282) to work on /home/airflow/.local/lib/python3.12/site-packages/airflow/example_dags/example_sensor_decorator.py
[2025-01-17T14:08:12.066+0000] {processor.py:914} INFO - Processing file /home/airflow/.local/lib/python3.12/site-packages/airflow/example_dags/example_sensor_decorator.py for tasks to queue
[2025-01-17T14:08:12.069+0000] {logging_mixin.py:190} INFO - [2025-01-17T14:08:12.069+0000] {dagbag.py:588} INFO - Filling up the DagBag from /home/airflow/.local/lib/python3.12/site-packages/airflow/example_dags/example_sensor_decorator.py
[2025-01-17T14:08:12.077+0000] {processor.py:925} INFO - DAG(s) 'example_sensor_decorator' retrieved from /home/airflow/.local/lib/python3.12/site-packages/airflow/example_dags/example_sensor_decorator.py
[2025-01-17T14:08:12.106+0000] {logging_mixin.py:190} INFO - [2025-01-17T14:08:12.105+0000] {dag.py:3239} INFO - Sync 1 DAGs
[2025-01-17T14:08:12.119+0000] {logging_mixin.py:190} INFO - [2025-01-17T14:08:12.119+0000] {dag.py:4180} INFO - Setting next_dagrun for example_sensor_decorator to None, run_after=None
[2025-01-17T14:08:12.139+0000] {processor.py:208} INFO - Processing /home/airflow/.local/lib/python3.12/site-packages/airflow/example_dags/example_sensor_decorator.py took 0.079 seconds
[2025-01-17T14:08:42.534+0000] {processor.py:186} INFO - Started process (PID=346) to work on /home/airflow/.local/lib/python3.12/site-packages/airflow/example_dags/example_sensor_decorator.py
[2025-01-17T14:08:42.546+0000] {processor.py:914} INFO - Processing file /home/airflow/.local/lib/python3.12/site-packages/airflow/example_dags/example_sensor_decorator.py for tasks to queue
[2025-01-17T14:08:42.549+0000] {logging_mixin.py:190} INFO - [2025-01-17T14:08:42.548+0000] {dagbag.py:588} INFO - Filling up the DagBag from /home/airflow/.local/lib/python3.12/site-packages/airflow/example_dags/example_sensor_decorator.py
[2025-01-17T14:08:42.557+0000] {processor.py:925} INFO - DAG(s) 'example_sensor_decorator' retrieved from /home/airflow/.local/lib/python3.12/site-packages/airflow/example_dags/example_sensor_decorator.py
[2025-01-17T14:08:42.576+0000] {logging_mixin.py:190} INFO - [2025-01-17T14:08:42.575+0000] {dag.py:3239} INFO - Sync 1 DAGs
[2025-01-17T14:08:42.589+0000] {logging_mixin.py:190} INFO - [2025-01-17T14:08:42.589+0000] {dag.py:4180} INFO - Setting next_dagrun for example_sensor_decorator to None, run_after=None
[2025-01-17T14:08:42.610+0000] {processor.py:208} INFO - Processing /home/airflow/.local/lib/python3.12/site-packages/airflow/example_dags/example_sensor_decorator.py took 0.081 seconds
[2025-01-17T14:09:13.016+0000] {processor.py:186} INFO - Started process (PID=410) to work on /home/airflow/.local/lib/python3.12/site-packages/airflow/example_dags/example_sensor_decorator.py
[2025-01-17T14:09:13.023+0000] {processor.py:914} INFO - Processing file /home/airflow/.local/lib/python3.12/site-packages/airflow/example_dags/example_sensor_decorator.py for tasks to queue
[2025-01-17T14:09:13.027+0000] {logging_mixin.py:190} INFO - [2025-01-17T14:09:13.026+0000] {dagbag.py:588} INFO - Filling up the DagBag from /home/airflow/.local/lib/python3.12/site-packages/airflow/example_dags/example_sensor_decorator.py
[2025-01-17T14:09:13.036+0000] {processor.py:925} INFO - DAG(s) 'example_sensor_decorator' retrieved from /home/airflow/.local/lib/python3.12/site-packages/airflow/example_dags/example_sensor_decorator.py
[2025-01-17T14:09:13.062+0000] {logging_mixin.py:190} INFO - [2025-01-17T14:09:13.062+0000] {dag.py:3239} INFO - Sync 1 DAGs
[2025-01-17T14:09:13.080+0000] {logging_mixin.py:190} INFO - [2025-01-17T14:09:13.079+0000] {dag.py:4180} INFO - Setting next_dagrun for example_sensor_decorator to None, run_after=None
[2025-01-17T14:09:13.104+0000] {processor.py:208} INFO - Processing /home/airflow/.local/lib/python3.12/site-packages/airflow/example_dags/example_sensor_decorator.py took 0.095 seconds
[2025-01-17T14:09:43.513+0000] {processor.py:186} INFO - Started process (PID=473) to work on /home/airflow/.local/lib/python3.12/site-packages/airflow/example_dags/example_sensor_decorator.py
[2025-01-17T14:09:43.515+0000] {processor.py:914} INFO - Processing file /home/airflow/.local/lib/python3.12/site-packages/airflow/example_dags/example_sensor_decorator.py for tasks to queue
[2025-01-17T14:09:43.518+0000] {logging_mixin.py:190} INFO - [2025-01-17T14:09:43.518+0000] {dagbag.py:588} INFO - Filling up the DagBag from /home/airflow/.local/lib/python3.12/site-packages/airflow/example_dags/example_sensor_decorator.py
[2025-01-17T14:09:43.526+0000] {processor.py:925} INFO - DAG(s) 'example_sensor_decorator' retrieved from /home/airflow/.local/lib/python3.12/site-packages/airflow/example_dags/example_sensor_decorator.py
[2025-01-17T14:09:43.554+0000] {logging_mixin.py:190} INFO - [2025-01-17T14:09:43.553+0000] {dag.py:3239} INFO - Sync 1 DAGs
[2025-01-17T14:09:43.571+0000] {logging_mixin.py:190} INFO - [2025-01-17T14:09:43.570+0000] {dag.py:4180} INFO - Setting next_dagrun for example_sensor_decorator to None, run_after=None
[2025-01-17T14:09:43.593+0000] {processor.py:208} INFO - Processing /home/airflow/.local/lib/python3.12/site-packages/airflow/example_dags/example_sensor_decorator.py took 0.085 seconds
[2025-01-17T14:10:13.717+0000] {processor.py:186} INFO - Started process (PID=536) to work on /home/airflow/.local/lib/python3.12/site-packages/airflow/example_dags/example_sensor_decorator.py
[2025-01-17T14:10:13.718+0000] {processor.py:914} INFO - Processing file /home/airflow/.local/lib/python3.12/site-packages/airflow/example_dags/example_sensor_decorator.py for tasks to queue
[2025-01-17T14:10:13.722+0000] {logging_mixin.py:190} INFO - [2025-01-17T14:10:13.721+0000] {dagbag.py:588} INFO - Filling up the DagBag from /home/airflow/.local/lib/python3.12/site-packages/airflow/example_dags/example_sensor_decorator.py
[2025-01-17T14:10:13.731+0000] {processor.py:925} INFO - DAG(s) 'example_sensor_decorator' retrieved from /home/airflow/.local/lib/python3.12/site-packages/airflow/example_dags/example_sensor_decorator.py
[2025-01-17T14:10:13.752+0000] {logging_mixin.py:190} INFO - [2025-01-17T14:10:13.752+0000] {dag.py:3239} INFO - Sync 1 DAGs
[2025-01-17T14:10:13.768+0000] {logging_mixin.py:190} INFO - [2025-01-17T14:10:13.768+0000] {dag.py:4180} INFO - Setting next_dagrun for example_sensor_decorator to None, run_after=None
[2025-01-17T14:10:13.793+0000] {processor.py:208} INFO - Processing /home/airflow/.local/lib/python3.12/site-packages/airflow/example_dags/example_sensor_decorator.py took 0.082 seconds
[2025-01-17T14:10:43.925+0000] {processor.py:186} INFO - Started process (PID=599) to work on /home/airflow/.local/lib/python3.12/site-packages/airflow/example_dags/example_sensor_decorator.py
[2025-01-17T14:10:43.926+0000] {processor.py:914} INFO - Processing file /home/airflow/.local/lib/python3.12/site-packages/airflow/example_dags/example_sensor_decorator.py for tasks to queue
[2025-01-17T14:10:43.929+0000] {logging_mixin.py:190} INFO - [2025-01-17T14:10:43.928+0000] {dagbag.py:588} INFO - Filling up the DagBag from /home/airflow/.local/lib/python3.12/site-packages/airflow/example_dags/example_sensor_decorator.py
[2025-01-17T14:10:43.935+0000] {processor.py:925} INFO - DAG(s) 'example_sensor_decorator' retrieved from /home/airflow/.local/lib/python3.12/site-packages/airflow/example_dags/example_sensor_decorator.py
[2025-01-17T14:10:43.953+0000] {logging_mixin.py:190} INFO - [2025-01-17T14:10:43.952+0000] {dag.py:3239} INFO - Sync 1 DAGs
[2025-01-17T14:10:43.967+0000] {logging_mixin.py:190} INFO - [2025-01-17T14:10:43.967+0000] {dag.py:4180} INFO - Setting next_dagrun for example_sensor_decorator to None, run_after=None
[2025-01-17T14:10:43.986+0000] {processor.py:208} INFO - Processing /home/airflow/.local/lib/python3.12/site-packages/airflow/example_dags/example_sensor_decorator.py took 0.066 seconds
[2025-01-17T14:11:14.384+0000] {processor.py:186} INFO - Started process (PID=662) to work on /home/airflow/.local/lib/python3.12/site-packages/airflow/example_dags/example_sensor_decorator.py
[2025-01-17T14:11:14.385+0000] {processor.py:914} INFO - Processing file /home/airflow/.local/lib/python3.12/site-packages/airflow/example_dags/example_sensor_decorator.py for tasks to queue
[2025-01-17T14:11:14.387+0000] {logging_mixin.py:190} INFO - [2025-01-17T14:11:14.387+0000] {dagbag.py:588} INFO - Filling up the DagBag from /home/airflow/.local/lib/python3.12/site-packages/airflow/example_dags/example_sensor_decorator.py
[2025-01-17T14:11:14.395+0000] {processor.py:925} INFO - DAG(s) 'example_sensor_decorator' retrieved from /home/airflow/.local/lib/python3.12/site-packages/airflow/example_dags/example_sensor_decorator.py
[2025-01-17T14:11:14.415+0000] {logging_mixin.py:190} INFO - [2025-01-17T14:11:14.415+0000] {dag.py:3239} INFO - Sync 1 DAGs
[2025-01-17T14:11:14.431+0000] {logging_mixin.py:190} INFO - [2025-01-17T14:11:14.430+0000] {dag.py:4180} INFO - Setting next_dagrun for example_sensor_decorator to None, run_after=None
[2025-01-17T14:11:14.461+0000] {processor.py:208} INFO - Processing /home/airflow/.local/lib/python3.12/site-packages/airflow/example_dags/example_sensor_decorator.py took 0.084 seconds
[2025-01-17T14:11:45.083+0000] {processor.py:186} INFO - Started process (PID=725) to work on /home/airflow/.local/lib/python3.12/site-packages/airflow/example_dags/example_sensor_decorator.py
[2025-01-17T14:11:45.085+0000] {processor.py:914} INFO - Processing file /home/airflow/.local/lib/python3.12/site-packages/airflow/example_dags/example_sensor_decorator.py for tasks to queue
[2025-01-17T14:11:45.089+0000] {logging_mixin.py:190} INFO - [2025-01-17T14:11:45.089+0000] {dagbag.py:588} INFO - Filling up the DagBag from /home/airflow/.local/lib/python3.12/site-packages/airflow/example_dags/example_sensor_decorator.py
[2025-01-17T14:11:45.098+0000] {processor.py:925} INFO - DAG(s) 'example_sensor_decorator' retrieved from /home/airflow/.local/lib/python3.12/site-packages/airflow/example_dags/example_sensor_decorator.py
[2025-01-17T14:11:45.119+0000] {logging_mixin.py:190} INFO - [2025-01-17T14:11:45.119+0000] {dag.py:3239} INFO - Sync 1 DAGs
[2025-01-17T14:11:45.137+0000] {logging_mixin.py:190} INFO - [2025-01-17T14:11:45.137+0000] {dag.py:4180} INFO - Setting next_dagrun for example_sensor_decorator to None, run_after=None
[2025-01-17T14:11:45.165+0000] {processor.py:208} INFO - Processing /home/airflow/.local/lib/python3.12/site-packages/airflow/example_dags/example_sensor_decorator.py took 0.087 seconds
[2025-01-17T14:12:15.939+0000] {processor.py:186} INFO - Started process (PID=795) to work on /home/airflow/.local/lib/python3.12/site-packages/airflow/example_dags/example_sensor_decorator.py
[2025-01-17T14:12:15.940+0000] {processor.py:914} INFO - Processing file /home/airflow/.local/lib/python3.12/site-packages/airflow/example_dags/example_sensor_decorator.py for tasks to queue
[2025-01-17T14:12:15.943+0000] {logging_mixin.py:190} INFO - [2025-01-17T14:12:15.942+0000] {dagbag.py:588} INFO - Filling up the DagBag from /home/airflow/.local/lib/python3.12/site-packages/airflow/example_dags/example_sensor_decorator.py
[2025-01-17T14:12:15.950+0000] {processor.py:925} INFO - DAG(s) 'example_sensor_decorator' retrieved from /home/airflow/.local/lib/python3.12/site-packages/airflow/example_dags/example_sensor_decorator.py
[2025-01-17T14:12:15.967+0000] {logging_mixin.py:190} INFO - [2025-01-17T14:12:15.967+0000] {dag.py:3239} INFO - Sync 1 DAGs
[2025-01-17T14:12:15.981+0000] {logging_mixin.py:190} INFO - [2025-01-17T14:12:15.981+0000] {dag.py:4180} INFO - Setting next_dagrun for example_sensor_decorator to None, run_after=None
[2025-01-17T14:12:16.019+0000] {processor.py:208} INFO - Processing /home/airflow/.local/lib/python3.12/site-packages/airflow/example_dags/example_sensor_decorator.py took 0.086 seconds
[2025-01-17T14:12:46.395+0000] {processor.py:186} INFO - Started process (PID=858) to work on /home/airflow/.local/lib/python3.12/site-packages/airflow/example_dags/example_sensor_decorator.py
[2025-01-17T14:12:46.397+0000] {processor.py:914} INFO - Processing file /home/airflow/.local/lib/python3.12/site-packages/airflow/example_dags/example_sensor_decorator.py for tasks to queue
[2025-01-17T14:12:46.400+0000] {logging_mixin.py:190} INFO - [2025-01-17T14:12:46.400+0000] {dagbag.py:588} INFO - Filling up the DagBag from /home/airflow/.local/lib/python3.12/site-packages/airflow/example_dags/example_sensor_decorator.py
[2025-01-17T14:12:46.407+0000] {processor.py:925} INFO - DAG(s) 'example_sensor_decorator' retrieved from /home/airflow/.local/lib/python3.12/site-packages/airflow/example_dags/example_sensor_decorator.py
[2025-01-17T14:12:46.431+0000] {logging_mixin.py:190} INFO - [2025-01-17T14:12:46.429+0000] {dag.py:3239} INFO - Sync 1 DAGs
[2025-01-17T14:12:46.451+0000] {logging_mixin.py:190} INFO - [2025-01-17T14:12:46.451+0000] {dag.py:4180} INFO - Setting next_dagrun for example_sensor_decorator to None, run_after=None
[2025-01-17T14:12:46.481+0000] {processor.py:208} INFO - Processing /home/airflow/.local/lib/python3.12/site-packages/airflow/example_dags/example_sensor_decorator.py took 0.092 seconds
[2025-01-17T14:13:16.608+0000] {processor.py:186} INFO - Started process (PID=921) to work on /home/airflow/.local/lib/python3.12/site-packages/airflow/example_dags/example_sensor_decorator.py
[2025-01-17T14:13:16.609+0000] {processor.py:914} INFO - Processing file /home/airflow/.local/lib/python3.12/site-packages/airflow/example_dags/example_sensor_decorator.py for tasks to queue
[2025-01-17T14:13:16.611+0000] {logging_mixin.py:190} INFO - [2025-01-17T14:13:16.611+0000] {dagbag.py:588} INFO - Filling up the DagBag from /home/airflow/.local/lib/python3.12/site-packages/airflow/example_dags/example_sensor_decorator.py
[2025-01-17T14:13:16.620+0000] {processor.py:925} INFO - DAG(s) 'example_sensor_decorator' retrieved from /home/airflow/.local/lib/python3.12/site-packages/airflow/example_dags/example_sensor_decorator.py
[2025-01-17T14:13:16.637+0000] {logging_mixin.py:190} INFO - [2025-01-17T14:13:16.637+0000] {dag.py:3239} INFO - Sync 1 DAGs
[2025-01-17T14:13:16.650+0000] {logging_mixin.py:190} INFO - [2025-01-17T14:13:16.650+0000] {dag.py:4180} INFO - Setting next_dagrun for example_sensor_decorator to None, run_after=None
[2025-01-17T14:13:16.668+0000] {processor.py:208} INFO - Processing /home/airflow/.local/lib/python3.12/site-packages/airflow/example_dags/example_sensor_decorator.py took 0.065 seconds
[2025-01-17T14:13:46.980+0000] {processor.py:186} INFO - Started process (PID=985) to work on /home/airflow/.local/lib/python3.12/site-packages/airflow/example_dags/example_sensor_decorator.py
[2025-01-17T14:13:46.981+0000] {processor.py:914} INFO - Processing file /home/airflow/.local/lib/python3.12/site-packages/airflow/example_dags/example_sensor_decorator.py for tasks to queue
[2025-01-17T14:13:46.985+0000] {logging_mixin.py:190} INFO - [2025-01-17T14:13:46.984+0000] {dagbag.py:588} INFO - Filling up the DagBag from /home/airflow/.local/lib/python3.12/site-packages/airflow/example_dags/example_sensor_decorator.py
[2025-01-17T14:13:47.001+0000] {processor.py:925} INFO - DAG(s) 'example_sensor_decorator' retrieved from /home/airflow/.local/lib/python3.12/site-packages/airflow/example_dags/example_sensor_decorator.py
[2025-01-17T14:13:47.023+0000] {logging_mixin.py:190} INFO - [2025-01-17T14:13:47.023+0000] {dag.py:3239} INFO - Sync 1 DAGs
[2025-01-17T14:13:47.039+0000] {logging_mixin.py:190} INFO - [2025-01-17T14:13:47.038+0000] {dag.py:4180} INFO - Setting next_dagrun for example_sensor_decorator to None, run_after=None
[2025-01-17T14:13:47.062+0000] {processor.py:208} INFO - Processing /home/airflow/.local/lib/python3.12/site-packages/airflow/example_dags/example_sensor_decorator.py took 0.087 seconds
