[2025-01-17T14:06:37.709+0000] {processor.py:186} INFO - Started process (PID=85) to work on /home/airflow/.local/lib/python3.12/site-packages/airflow/example_dags/example_dynamic_task_mapping.py
[2025-01-17T14:06:37.711+0000] {processor.py:914} INFO - Processing file /home/airflow/.local/lib/python3.12/site-packages/airflow/example_dags/example_dynamic_task_mapping.py for tasks to queue
[2025-01-17T14:06:37.714+0000] {logging_mixin.py:190} INFO - [2025-01-17T14:06:37.714+0000] {dagbag.py:588} INFO - Filling up the DagBag from /home/airflow/.local/lib/python3.12/site-packages/airflow/example_dags/example_dynamic_task_mapping.py
[2025-01-17T14:06:37.731+0000] {processor.py:925} INFO - DAG(s) 'example_dynamic_task_mapping' retrieved from /home/airflow/.local/lib/python3.12/site-packages/airflow/example_dags/example_dynamic_task_mapping.py
[2025-01-17T14:06:37.902+0000] {logging_mixin.py:190} INFO - [2025-01-17T14:06:37.901+0000] {override.py:1911} INFO - Created Permission View: can read on DAG:example_dynamic_task_mapping
[2025-01-17T14:06:37.919+0000] {logging_mixin.py:190} INFO - [2025-01-17T14:06:37.919+0000] {override.py:1911} INFO - Created Permission View: can delete on DAG:example_dynamic_task_mapping
[2025-01-17T14:06:37.930+0000] {logging_mixin.py:190} INFO - [2025-01-17T14:06:37.930+0000] {override.py:1911} INFO - Created Permission View: can edit on DAG:example_dynamic_task_mapping
[2025-01-17T14:06:37.941+0000] {logging_mixin.py:190} INFO - [2025-01-17T14:06:37.941+0000] {override.py:1911} INFO - Created Permission View: menu access on DAG Run:example_dynamic_task_mapping
[2025-01-17T14:06:37.949+0000] {logging_mixin.py:190} INFO - [2025-01-17T14:06:37.949+0000] {override.py:1911} INFO - Created Permission View: can read on DAG Run:example_dynamic_task_mapping
[2025-01-17T14:06:37.959+0000] {logging_mixin.py:190} INFO - [2025-01-17T14:06:37.958+0000] {override.py:1911} INFO - Created Permission View: can delete on DAG Run:example_dynamic_task_mapping
[2025-01-17T14:06:37.967+0000] {logging_mixin.py:190} INFO - [2025-01-17T14:06:37.966+0000] {override.py:1911} INFO - Created Permission View: can create on DAG Run:example_dynamic_task_mapping
[2025-01-17T14:06:37.968+0000] {logging_mixin.py:190} INFO - [2025-01-17T14:06:37.967+0000] {dag.py:3239} INFO - Sync 1 DAGs
[2025-01-17T14:06:37.987+0000] {logging_mixin.py:190} INFO - [2025-01-17T14:06:37.987+0000] {dag.py:3262} INFO - Creating ORM DAG for example_dynamic_task_mapping
[2025-01-17T14:06:37.990+0000] {logging_mixin.py:190} INFO - [2025-01-17T14:06:37.989+0000] {dag.py:4180} INFO - Setting next_dagrun for example_dynamic_task_mapping to None, run_after=None
[2025-01-17T14:06:38.015+0000] {processor.py:208} INFO - Processing /home/airflow/.local/lib/python3.12/site-packages/airflow/example_dags/example_dynamic_task_mapping.py took 0.315 seconds
[2025-01-17T14:07:08.216+0000] {processor.py:186} INFO - Started process (PID=149) to work on /home/airflow/.local/lib/python3.12/site-packages/airflow/example_dags/example_dynamic_task_mapping.py
[2025-01-17T14:07:08.217+0000] {processor.py:914} INFO - Processing file /home/airflow/.local/lib/python3.12/site-packages/airflow/example_dags/example_dynamic_task_mapping.py for tasks to queue
[2025-01-17T14:07:08.219+0000] {logging_mixin.py:190} INFO - [2025-01-17T14:07:08.219+0000] {dagbag.py:588} INFO - Filling up the DagBag from /home/airflow/.local/lib/python3.12/site-packages/airflow/example_dags/example_dynamic_task_mapping.py
[2025-01-17T14:07:08.226+0000] {processor.py:925} INFO - DAG(s) 'example_dynamic_task_mapping' retrieved from /home/airflow/.local/lib/python3.12/site-packages/airflow/example_dags/example_dynamic_task_mapping.py
[2025-01-17T14:07:08.244+0000] {logging_mixin.py:190} INFO - [2025-01-17T14:07:08.244+0000] {dag.py:3239} INFO - Sync 1 DAGs
[2025-01-17T14:07:08.256+0000] {logging_mixin.py:190} INFO - [2025-01-17T14:07:08.256+0000] {dag.py:4180} INFO - Setting next_dagrun for example_dynamic_task_mapping to None, run_after=None
[2025-01-17T14:07:08.288+0000] {processor.py:208} INFO - Processing /home/airflow/.local/lib/python3.12/site-packages/airflow/example_dags/example_dynamic_task_mapping.py took 0.076 seconds
[2025-01-17T14:07:38.384+0000] {processor.py:186} INFO - Started process (PID=212) to work on /home/airflow/.local/lib/python3.12/site-packages/airflow/example_dags/example_dynamic_task_mapping.py
[2025-01-17T14:07:38.386+0000] {processor.py:914} INFO - Processing file /home/airflow/.local/lib/python3.12/site-packages/airflow/example_dags/example_dynamic_task_mapping.py for tasks to queue
[2025-01-17T14:07:38.387+0000] {logging_mixin.py:190} INFO - [2025-01-17T14:07:38.387+0000] {dagbag.py:588} INFO - Filling up the DagBag from /home/airflow/.local/lib/python3.12/site-packages/airflow/example_dags/example_dynamic_task_mapping.py
[2025-01-17T14:07:38.394+0000] {processor.py:925} INFO - DAG(s) 'example_dynamic_task_mapping' retrieved from /home/airflow/.local/lib/python3.12/site-packages/airflow/example_dags/example_dynamic_task_mapping.py
[2025-01-17T14:07:38.411+0000] {logging_mixin.py:190} INFO - [2025-01-17T14:07:38.411+0000] {dag.py:3239} INFO - Sync 1 DAGs
[2025-01-17T14:07:38.424+0000] {logging_mixin.py:190} INFO - [2025-01-17T14:07:38.424+0000] {dag.py:4180} INFO - Setting next_dagrun for example_dynamic_task_mapping to None, run_after=None
[2025-01-17T14:07:38.454+0000] {processor.py:208} INFO - Processing /home/airflow/.local/lib/python3.12/site-packages/airflow/example_dags/example_dynamic_task_mapping.py took 0.075 seconds
[2025-01-17T14:08:08.698+0000] {processor.py:186} INFO - Started process (PID=275) to work on /home/airflow/.local/lib/python3.12/site-packages/airflow/example_dags/example_dynamic_task_mapping.py
[2025-01-17T14:08:08.699+0000] {processor.py:914} INFO - Processing file /home/airflow/.local/lib/python3.12/site-packages/airflow/example_dags/example_dynamic_task_mapping.py for tasks to queue
[2025-01-17T14:08:08.701+0000] {logging_mixin.py:190} INFO - [2025-01-17T14:08:08.701+0000] {dagbag.py:588} INFO - Filling up the DagBag from /home/airflow/.local/lib/python3.12/site-packages/airflow/example_dags/example_dynamic_task_mapping.py
[2025-01-17T14:08:08.710+0000] {processor.py:925} INFO - DAG(s) 'example_dynamic_task_mapping' retrieved from /home/airflow/.local/lib/python3.12/site-packages/airflow/example_dags/example_dynamic_task_mapping.py
[2025-01-17T14:08:08.729+0000] {logging_mixin.py:190} INFO - [2025-01-17T14:08:08.729+0000] {dag.py:3239} INFO - Sync 1 DAGs
[2025-01-17T14:08:08.743+0000] {logging_mixin.py:190} INFO - [2025-01-17T14:08:08.743+0000] {dag.py:4180} INFO - Setting next_dagrun for example_dynamic_task_mapping to None, run_after=None
[2025-01-17T14:08:08.764+0000] {processor.py:208} INFO - Processing /home/airflow/.local/lib/python3.12/site-packages/airflow/example_dags/example_dynamic_task_mapping.py took 0.070 seconds
[2025-01-17T14:08:39.062+0000] {processor.py:186} INFO - Started process (PID=339) to work on /home/airflow/.local/lib/python3.12/site-packages/airflow/example_dags/example_dynamic_task_mapping.py
[2025-01-17T14:08:39.064+0000] {processor.py:914} INFO - Processing file /home/airflow/.local/lib/python3.12/site-packages/airflow/example_dags/example_dynamic_task_mapping.py for tasks to queue
[2025-01-17T14:08:39.069+0000] {logging_mixin.py:190} INFO - [2025-01-17T14:08:39.068+0000] {dagbag.py:588} INFO - Filling up the DagBag from /home/airflow/.local/lib/python3.12/site-packages/airflow/example_dags/example_dynamic_task_mapping.py
[2025-01-17T14:08:39.081+0000] {processor.py:925} INFO - DAG(s) 'example_dynamic_task_mapping' retrieved from /home/airflow/.local/lib/python3.12/site-packages/airflow/example_dags/example_dynamic_task_mapping.py
[2025-01-17T14:08:39.109+0000] {logging_mixin.py:190} INFO - [2025-01-17T14:08:39.109+0000] {dag.py:3239} INFO - Sync 1 DAGs
[2025-01-17T14:08:39.132+0000] {logging_mixin.py:190} INFO - [2025-01-17T14:08:39.131+0000] {dag.py:4180} INFO - Setting next_dagrun for example_dynamic_task_mapping to None, run_after=None
[2025-01-17T14:08:39.158+0000] {processor.py:208} INFO - Processing /home/airflow/.local/lib/python3.12/site-packages/airflow/example_dags/example_dynamic_task_mapping.py took 0.106 seconds
[2025-01-17T14:09:09.639+0000] {processor.py:186} INFO - Started process (PID=403) to work on /home/airflow/.local/lib/python3.12/site-packages/airflow/example_dags/example_dynamic_task_mapping.py
[2025-01-17T14:09:09.641+0000] {processor.py:914} INFO - Processing file /home/airflow/.local/lib/python3.12/site-packages/airflow/example_dags/example_dynamic_task_mapping.py for tasks to queue
[2025-01-17T14:09:09.644+0000] {logging_mixin.py:190} INFO - [2025-01-17T14:09:09.643+0000] {dagbag.py:588} INFO - Filling up the DagBag from /home/airflow/.local/lib/python3.12/site-packages/airflow/example_dags/example_dynamic_task_mapping.py
[2025-01-17T14:09:09.659+0000] {processor.py:925} INFO - DAG(s) 'example_dynamic_task_mapping' retrieved from /home/airflow/.local/lib/python3.12/site-packages/airflow/example_dags/example_dynamic_task_mapping.py
[2025-01-17T14:09:09.689+0000] {logging_mixin.py:190} INFO - [2025-01-17T14:09:09.689+0000] {dag.py:3239} INFO - Sync 1 DAGs
[2025-01-17T14:09:09.716+0000] {logging_mixin.py:190} INFO - [2025-01-17T14:09:09.715+0000] {dag.py:4180} INFO - Setting next_dagrun for example_dynamic_task_mapping to None, run_after=None
[2025-01-17T14:09:09.751+0000] {processor.py:208} INFO - Processing /home/airflow/.local/lib/python3.12/site-packages/airflow/example_dags/example_dynamic_task_mapping.py took 0.122 seconds
[2025-01-17T14:09:40.055+0000] {processor.py:186} INFO - Started process (PID=466) to work on /home/airflow/.local/lib/python3.12/site-packages/airflow/example_dags/example_dynamic_task_mapping.py
[2025-01-17T14:09:40.056+0000] {processor.py:914} INFO - Processing file /home/airflow/.local/lib/python3.12/site-packages/airflow/example_dags/example_dynamic_task_mapping.py for tasks to queue
[2025-01-17T14:09:40.060+0000] {logging_mixin.py:190} INFO - [2025-01-17T14:09:40.059+0000] {dagbag.py:588} INFO - Filling up the DagBag from /home/airflow/.local/lib/python3.12/site-packages/airflow/example_dags/example_dynamic_task_mapping.py
[2025-01-17T14:09:40.073+0000] {processor.py:925} INFO - DAG(s) 'example_dynamic_task_mapping' retrieved from /home/airflow/.local/lib/python3.12/site-packages/airflow/example_dags/example_dynamic_task_mapping.py
[2025-01-17T14:09:40.106+0000] {logging_mixin.py:190} INFO - [2025-01-17T14:09:40.106+0000] {dag.py:3239} INFO - Sync 1 DAGs
[2025-01-17T14:09:40.124+0000] {logging_mixin.py:190} INFO - [2025-01-17T14:09:40.124+0000] {dag.py:4180} INFO - Setting next_dagrun for example_dynamic_task_mapping to None, run_after=None
[2025-01-17T14:09:40.147+0000] {processor.py:208} INFO - Processing /home/airflow/.local/lib/python3.12/site-packages/airflow/example_dags/example_dynamic_task_mapping.py took 0.100 seconds
[2025-01-17T14:10:10.377+0000] {processor.py:186} INFO - Started process (PID=529) to work on /home/airflow/.local/lib/python3.12/site-packages/airflow/example_dags/example_dynamic_task_mapping.py
[2025-01-17T14:10:10.379+0000] {processor.py:914} INFO - Processing file /home/airflow/.local/lib/python3.12/site-packages/airflow/example_dags/example_dynamic_task_mapping.py for tasks to queue
[2025-01-17T14:10:10.382+0000] {logging_mixin.py:190} INFO - [2025-01-17T14:10:10.381+0000] {dagbag.py:588} INFO - Filling up the DagBag from /home/airflow/.local/lib/python3.12/site-packages/airflow/example_dags/example_dynamic_task_mapping.py
[2025-01-17T14:10:10.395+0000] {processor.py:925} INFO - DAG(s) 'example_dynamic_task_mapping' retrieved from /home/airflow/.local/lib/python3.12/site-packages/airflow/example_dags/example_dynamic_task_mapping.py
[2025-01-17T14:10:10.421+0000] {logging_mixin.py:190} INFO - [2025-01-17T14:10:10.420+0000] {dag.py:3239} INFO - Sync 1 DAGs
[2025-01-17T14:10:10.444+0000] {logging_mixin.py:190} INFO - [2025-01-17T14:10:10.444+0000] {dag.py:4180} INFO - Setting next_dagrun for example_dynamic_task_mapping to None, run_after=None
[2025-01-17T14:10:10.483+0000] {processor.py:208} INFO - Processing /home/airflow/.local/lib/python3.12/site-packages/airflow/example_dags/example_dynamic_task_mapping.py took 0.114 seconds
[2025-01-17T14:10:40.527+0000] {processor.py:186} INFO - Started process (PID=592) to work on /home/airflow/.local/lib/python3.12/site-packages/airflow/example_dags/example_dynamic_task_mapping.py
[2025-01-17T14:10:40.530+0000] {processor.py:914} INFO - Processing file /home/airflow/.local/lib/python3.12/site-packages/airflow/example_dags/example_dynamic_task_mapping.py for tasks to queue
[2025-01-17T14:10:40.532+0000] {logging_mixin.py:190} INFO - [2025-01-17T14:10:40.532+0000] {dagbag.py:588} INFO - Filling up the DagBag from /home/airflow/.local/lib/python3.12/site-packages/airflow/example_dags/example_dynamic_task_mapping.py
[2025-01-17T14:10:40.540+0000] {processor.py:925} INFO - DAG(s) 'example_dynamic_task_mapping' retrieved from /home/airflow/.local/lib/python3.12/site-packages/airflow/example_dags/example_dynamic_task_mapping.py
[2025-01-17T14:10:40.559+0000] {logging_mixin.py:190} INFO - [2025-01-17T14:10:40.559+0000] {dag.py:3239} INFO - Sync 1 DAGs
[2025-01-17T14:10:40.574+0000] {logging_mixin.py:190} INFO - [2025-01-17T14:10:40.574+0000] {dag.py:4180} INFO - Setting next_dagrun for example_dynamic_task_mapping to None, run_after=None
[2025-01-17T14:10:40.593+0000] {processor.py:208} INFO - Processing /home/airflow/.local/lib/python3.12/site-packages/airflow/example_dags/example_dynamic_task_mapping.py took 0.070 seconds
[2025-01-17T14:11:11.798+0000] {processor.py:186} INFO - Started process (PID=655) to work on /home/airflow/.local/lib/python3.12/site-packages/airflow/example_dags/example_dynamic_task_mapping.py
[2025-01-17T14:11:11.805+0000] {processor.py:914} INFO - Processing file /home/airflow/.local/lib/python3.12/site-packages/airflow/example_dags/example_dynamic_task_mapping.py for tasks to queue
[2025-01-17T14:11:11.809+0000] {logging_mixin.py:190} INFO - [2025-01-17T14:11:11.808+0000] {dagbag.py:588} INFO - Filling up the DagBag from /home/airflow/.local/lib/python3.12/site-packages/airflow/example_dags/example_dynamic_task_mapping.py
[2025-01-17T14:11:11.830+0000] {processor.py:925} INFO - DAG(s) 'example_dynamic_task_mapping' retrieved from /home/airflow/.local/lib/python3.12/site-packages/airflow/example_dags/example_dynamic_task_mapping.py
[2025-01-17T14:11:11.868+0000] {logging_mixin.py:190} INFO - [2025-01-17T14:11:11.867+0000] {dag.py:3239} INFO - Sync 1 DAGs
[2025-01-17T14:11:11.902+0000] {logging_mixin.py:190} INFO - [2025-01-17T14:11:11.902+0000] {dag.py:4180} INFO - Setting next_dagrun for example_dynamic_task_mapping to None, run_after=None
[2025-01-17T14:11:11.942+0000] {processor.py:208} INFO - Processing /home/airflow/.local/lib/python3.12/site-packages/airflow/example_dags/example_dynamic_task_mapping.py took 0.161 seconds
[2025-01-17T14:11:42.724+0000] {processor.py:186} INFO - Started process (PID=718) to work on /home/airflow/.local/lib/python3.12/site-packages/airflow/example_dags/example_dynamic_task_mapping.py
[2025-01-17T14:11:42.725+0000] {processor.py:914} INFO - Processing file /home/airflow/.local/lib/python3.12/site-packages/airflow/example_dags/example_dynamic_task_mapping.py for tasks to queue
[2025-01-17T14:11:42.727+0000] {logging_mixin.py:190} INFO - [2025-01-17T14:11:42.727+0000] {dagbag.py:588} INFO - Filling up the DagBag from /home/airflow/.local/lib/python3.12/site-packages/airflow/example_dags/example_dynamic_task_mapping.py
[2025-01-17T14:11:42.734+0000] {processor.py:925} INFO - DAG(s) 'example_dynamic_task_mapping' retrieved from /home/airflow/.local/lib/python3.12/site-packages/airflow/example_dags/example_dynamic_task_mapping.py
[2025-01-17T14:11:42.756+0000] {logging_mixin.py:190} INFO - [2025-01-17T14:11:42.756+0000] {dag.py:3239} INFO - Sync 1 DAGs
[2025-01-17T14:11:42.771+0000] {logging_mixin.py:190} INFO - [2025-01-17T14:11:42.771+0000] {dag.py:4180} INFO - Setting next_dagrun for example_dynamic_task_mapping to None, run_after=None
[2025-01-17T14:11:42.792+0000] {processor.py:208} INFO - Processing /home/airflow/.local/lib/python3.12/site-packages/airflow/example_dags/example_dynamic_task_mapping.py took 0.074 seconds
[2025-01-17T14:12:13.576+0000] {processor.py:186} INFO - Started process (PID=782) to work on /home/airflow/.local/lib/python3.12/site-packages/airflow/example_dags/example_dynamic_task_mapping.py
[2025-01-17T14:12:13.578+0000] {processor.py:914} INFO - Processing file /home/airflow/.local/lib/python3.12/site-packages/airflow/example_dags/example_dynamic_task_mapping.py for tasks to queue
[2025-01-17T14:12:13.581+0000] {logging_mixin.py:190} INFO - [2025-01-17T14:12:13.580+0000] {dagbag.py:588} INFO - Filling up the DagBag from /home/airflow/.local/lib/python3.12/site-packages/airflow/example_dags/example_dynamic_task_mapping.py
[2025-01-17T14:12:13.588+0000] {processor.py:925} INFO - DAG(s) 'example_dynamic_task_mapping' retrieved from /home/airflow/.local/lib/python3.12/site-packages/airflow/example_dags/example_dynamic_task_mapping.py
[2025-01-17T14:12:13.608+0000] {logging_mixin.py:190} INFO - [2025-01-17T14:12:13.607+0000] {dag.py:3239} INFO - Sync 1 DAGs
[2025-01-17T14:12:13.622+0000] {logging_mixin.py:190} INFO - [2025-01-17T14:12:13.622+0000] {dag.py:4180} INFO - Setting next_dagrun for example_dynamic_task_mapping to None, run_after=None
[2025-01-17T14:12:13.651+0000] {processor.py:208} INFO - Processing /home/airflow/.local/lib/python3.12/site-packages/airflow/example_dags/example_dynamic_task_mapping.py took 0.081 seconds
[2025-01-17T14:12:44.005+0000] {processor.py:186} INFO - Started process (PID=845) to work on /home/airflow/.local/lib/python3.12/site-packages/airflow/example_dags/example_dynamic_task_mapping.py
[2025-01-17T14:12:44.007+0000] {processor.py:914} INFO - Processing file /home/airflow/.local/lib/python3.12/site-packages/airflow/example_dags/example_dynamic_task_mapping.py for tasks to queue
[2025-01-17T14:12:44.009+0000] {logging_mixin.py:190} INFO - [2025-01-17T14:12:44.009+0000] {dagbag.py:588} INFO - Filling up the DagBag from /home/airflow/.local/lib/python3.12/site-packages/airflow/example_dags/example_dynamic_task_mapping.py
[2025-01-17T14:12:44.017+0000] {processor.py:925} INFO - DAG(s) 'example_dynamic_task_mapping' retrieved from /home/airflow/.local/lib/python3.12/site-packages/airflow/example_dags/example_dynamic_task_mapping.py
[2025-01-17T14:12:44.036+0000] {logging_mixin.py:190} INFO - [2025-01-17T14:12:44.035+0000] {dag.py:3239} INFO - Sync 1 DAGs
[2025-01-17T14:12:44.049+0000] {logging_mixin.py:190} INFO - [2025-01-17T14:12:44.049+0000] {dag.py:4180} INFO - Setting next_dagrun for example_dynamic_task_mapping to None, run_after=None
[2025-01-17T14:12:44.067+0000] {processor.py:208} INFO - Processing /home/airflow/.local/lib/python3.12/site-packages/airflow/example_dags/example_dynamic_task_mapping.py took 0.067 seconds
[2025-01-17T14:13:14.247+0000] {processor.py:186} INFO - Started process (PID=908) to work on /home/airflow/.local/lib/python3.12/site-packages/airflow/example_dags/example_dynamic_task_mapping.py
[2025-01-17T14:13:14.248+0000] {processor.py:914} INFO - Processing file /home/airflow/.local/lib/python3.12/site-packages/airflow/example_dags/example_dynamic_task_mapping.py for tasks to queue
[2025-01-17T14:13:14.250+0000] {logging_mixin.py:190} INFO - [2025-01-17T14:13:14.250+0000] {dagbag.py:588} INFO - Filling up the DagBag from /home/airflow/.local/lib/python3.12/site-packages/airflow/example_dags/example_dynamic_task_mapping.py
[2025-01-17T14:13:14.259+0000] {processor.py:925} INFO - DAG(s) 'example_dynamic_task_mapping' retrieved from /home/airflow/.local/lib/python3.12/site-packages/airflow/example_dags/example_dynamic_task_mapping.py
[2025-01-17T14:13:14.277+0000] {logging_mixin.py:190} INFO - [2025-01-17T14:13:14.276+0000] {dag.py:3239} INFO - Sync 1 DAGs
[2025-01-17T14:13:14.290+0000] {logging_mixin.py:190} INFO - [2025-01-17T14:13:14.290+0000] {dag.py:4180} INFO - Setting next_dagrun for example_dynamic_task_mapping to None, run_after=None
[2025-01-17T14:13:14.316+0000] {processor.py:208} INFO - Processing /home/airflow/.local/lib/python3.12/site-packages/airflow/example_dags/example_dynamic_task_mapping.py took 0.074 seconds
[2025-01-17T14:13:44.519+0000] {processor.py:186} INFO - Started process (PID=971) to work on /home/airflow/.local/lib/python3.12/site-packages/airflow/example_dags/example_dynamic_task_mapping.py
[2025-01-17T14:13:44.520+0000] {processor.py:914} INFO - Processing file /home/airflow/.local/lib/python3.12/site-packages/airflow/example_dags/example_dynamic_task_mapping.py for tasks to queue
[2025-01-17T14:13:44.524+0000] {logging_mixin.py:190} INFO - [2025-01-17T14:13:44.523+0000] {dagbag.py:588} INFO - Filling up the DagBag from /home/airflow/.local/lib/python3.12/site-packages/airflow/example_dags/example_dynamic_task_mapping.py
[2025-01-17T14:13:44.534+0000] {processor.py:925} INFO - DAG(s) 'example_dynamic_task_mapping' retrieved from /home/airflow/.local/lib/python3.12/site-packages/airflow/example_dags/example_dynamic_task_mapping.py
[2025-01-17T14:13:44.557+0000] {logging_mixin.py:190} INFO - [2025-01-17T14:13:44.556+0000] {dag.py:3239} INFO - Sync 1 DAGs
[2025-01-17T14:13:44.577+0000] {logging_mixin.py:190} INFO - [2025-01-17T14:13:44.577+0000] {dag.py:4180} INFO - Setting next_dagrun for example_dynamic_task_mapping to None, run_after=None
[2025-01-17T14:13:44.601+0000] {processor.py:208} INFO - Processing /home/airflow/.local/lib/python3.12/site-packages/airflow/example_dags/example_dynamic_task_mapping.py took 0.088 seconds
