[2025-01-17T14:06:41.791+0000] {processor.py:186} INFO - Started process (PID=95) to work on /home/airflow/.local/lib/python3.12/site-packages/airflow/example_dags/example_dataset_alias_with_no_taskflow.py
[2025-01-17T14:06:41.793+0000] {processor.py:914} INFO - Processing file /home/airflow/.local/lib/python3.12/site-packages/airflow/example_dags/example_dataset_alias_with_no_taskflow.py for tasks to queue
[2025-01-17T14:06:41.796+0000] {logging_mixin.py:190} INFO - [2025-01-17T14:06:41.795+0000] {dagbag.py:588} INFO - Filling up the DagBag from /home/airflow/.local/lib/python3.12/site-packages/airflow/example_dags/example_dataset_alias_with_no_taskflow.py
[2025-01-17T14:06:42.477+0000] {processor.py:925} INFO - DAG(s) 'dataset_alias_example_alias_producer_with_no_taskflow', 'dataset_s3_bucket_producer_with_no_taskflow', 'dataset_alias_example_alias_consumer_with_no_taskflow', 'dataset_s3_bucket_consumer_with_no_taskflow' retrieved from /home/airflow/.local/lib/python3.12/site-packages/airflow/example_dags/example_dataset_alias_with_no_taskflow.py
[2025-01-17T14:06:42.610+0000] {logging_mixin.py:190} INFO - [2025-01-17T14:06:42.609+0000] {override.py:1911} INFO - Created Permission View: can read on DAG:dataset_alias_example_alias_producer_with_no_taskflow
[2025-01-17T14:06:42.626+0000] {logging_mixin.py:190} INFO - [2025-01-17T14:06:42.625+0000] {override.py:1911} INFO - Created Permission View: can delete on DAG:dataset_alias_example_alias_producer_with_no_taskflow
[2025-01-17T14:06:42.634+0000] {logging_mixin.py:190} INFO - [2025-01-17T14:06:42.633+0000] {override.py:1911} INFO - Created Permission View: can edit on DAG:dataset_alias_example_alias_producer_with_no_taskflow
[2025-01-17T14:06:42.647+0000] {logging_mixin.py:190} INFO - [2025-01-17T14:06:42.646+0000] {override.py:1911} INFO - Created Permission View: menu access on DAG Run:dataset_alias_example_alias_producer_with_no_taskflow
[2025-01-17T14:06:42.659+0000] {logging_mixin.py:190} INFO - [2025-01-17T14:06:42.659+0000] {override.py:1911} INFO - Created Permission View: can read on DAG Run:dataset_alias_example_alias_producer_with_no_taskflow
[2025-01-17T14:06:42.673+0000] {logging_mixin.py:190} INFO - [2025-01-17T14:06:42.672+0000] {override.py:1911} INFO - Created Permission View: can delete on DAG Run:dataset_alias_example_alias_producer_with_no_taskflow
[2025-01-17T14:06:42.686+0000] {logging_mixin.py:190} INFO - [2025-01-17T14:06:42.684+0000] {override.py:1911} INFO - Created Permission View: can create on DAG Run:dataset_alias_example_alias_producer_with_no_taskflow
[2025-01-17T14:06:42.711+0000] {logging_mixin.py:190} INFO - [2025-01-17T14:06:42.711+0000] {override.py:1911} INFO - Created Permission View: can read on DAG:dataset_s3_bucket_producer_with_no_taskflow
[2025-01-17T14:06:42.723+0000] {logging_mixin.py:190} INFO - [2025-01-17T14:06:42.723+0000] {override.py:1911} INFO - Created Permission View: can delete on DAG:dataset_s3_bucket_producer_with_no_taskflow
[2025-01-17T14:06:42.733+0000] {logging_mixin.py:190} INFO - [2025-01-17T14:06:42.733+0000] {override.py:1911} INFO - Created Permission View: can edit on DAG:dataset_s3_bucket_producer_with_no_taskflow
[2025-01-17T14:06:42.749+0000] {logging_mixin.py:190} INFO - [2025-01-17T14:06:42.748+0000] {override.py:1911} INFO - Created Permission View: menu access on DAG Run:dataset_s3_bucket_producer_with_no_taskflow
[2025-01-17T14:06:42.762+0000] {logging_mixin.py:190} INFO - [2025-01-17T14:06:42.762+0000] {override.py:1911} INFO - Created Permission View: can read on DAG Run:dataset_s3_bucket_producer_with_no_taskflow
[2025-01-17T14:06:42.774+0000] {logging_mixin.py:190} INFO - [2025-01-17T14:06:42.773+0000] {override.py:1911} INFO - Created Permission View: can delete on DAG Run:dataset_s3_bucket_producer_with_no_taskflow
[2025-01-17T14:06:42.785+0000] {logging_mixin.py:190} INFO - [2025-01-17T14:06:42.785+0000] {override.py:1911} INFO - Created Permission View: can create on DAG Run:dataset_s3_bucket_producer_with_no_taskflow
[2025-01-17T14:06:42.807+0000] {logging_mixin.py:190} INFO - [2025-01-17T14:06:42.807+0000] {override.py:1911} INFO - Created Permission View: can read on DAG:dataset_alias_example_alias_consumer_with_no_taskflow
[2025-01-17T14:06:42.819+0000] {logging_mixin.py:190} INFO - [2025-01-17T14:06:42.818+0000] {override.py:1911} INFO - Created Permission View: can delete on DAG:dataset_alias_example_alias_consumer_with_no_taskflow
[2025-01-17T14:06:42.830+0000] {logging_mixin.py:190} INFO - [2025-01-17T14:06:42.829+0000] {override.py:1911} INFO - Created Permission View: can edit on DAG:dataset_alias_example_alias_consumer_with_no_taskflow
[2025-01-17T14:06:42.845+0000] {logging_mixin.py:190} INFO - [2025-01-17T14:06:42.845+0000] {override.py:1911} INFO - Created Permission View: menu access on DAG Run:dataset_alias_example_alias_consumer_with_no_taskflow
[2025-01-17T14:06:42.857+0000] {logging_mixin.py:190} INFO - [2025-01-17T14:06:42.857+0000] {override.py:1911} INFO - Created Permission View: can read on DAG Run:dataset_alias_example_alias_consumer_with_no_taskflow
[2025-01-17T14:06:42.868+0000] {logging_mixin.py:190} INFO - [2025-01-17T14:06:42.867+0000] {override.py:1911} INFO - Created Permission View: can delete on DAG Run:dataset_alias_example_alias_consumer_with_no_taskflow
[2025-01-17T14:06:42.877+0000] {logging_mixin.py:190} INFO - [2025-01-17T14:06:42.877+0000] {override.py:1911} INFO - Created Permission View: can create on DAG Run:dataset_alias_example_alias_consumer_with_no_taskflow
[2025-01-17T14:06:42.896+0000] {logging_mixin.py:190} INFO - [2025-01-17T14:06:42.896+0000] {override.py:1911} INFO - Created Permission View: can read on DAG:dataset_s3_bucket_consumer_with_no_taskflow
[2025-01-17T14:06:42.908+0000] {logging_mixin.py:190} INFO - [2025-01-17T14:06:42.907+0000] {override.py:1911} INFO - Created Permission View: can delete on DAG:dataset_s3_bucket_consumer_with_no_taskflow
[2025-01-17T14:06:42.919+0000] {logging_mixin.py:190} INFO - [2025-01-17T14:06:42.919+0000] {override.py:1911} INFO - Created Permission View: can edit on DAG:dataset_s3_bucket_consumer_with_no_taskflow
[2025-01-17T14:06:42.930+0000] {logging_mixin.py:190} INFO - [2025-01-17T14:06:42.930+0000] {override.py:1911} INFO - Created Permission View: menu access on DAG Run:dataset_s3_bucket_consumer_with_no_taskflow
[2025-01-17T14:06:42.942+0000] {logging_mixin.py:190} INFO - [2025-01-17T14:06:42.942+0000] {override.py:1911} INFO - Created Permission View: can read on DAG Run:dataset_s3_bucket_consumer_with_no_taskflow
[2025-01-17T14:06:42.952+0000] {logging_mixin.py:190} INFO - [2025-01-17T14:06:42.952+0000] {override.py:1911} INFO - Created Permission View: can delete on DAG Run:dataset_s3_bucket_consumer_with_no_taskflow
[2025-01-17T14:06:42.962+0000] {logging_mixin.py:190} INFO - [2025-01-17T14:06:42.961+0000] {override.py:1911} INFO - Created Permission View: can create on DAG Run:dataset_s3_bucket_consumer_with_no_taskflow
[2025-01-17T14:06:42.963+0000] {logging_mixin.py:190} INFO - [2025-01-17T14:06:42.962+0000] {dag.py:3239} INFO - Sync 4 DAGs
[2025-01-17T14:06:42.982+0000] {logging_mixin.py:190} INFO - [2025-01-17T14:06:42.982+0000] {dag.py:3262} INFO - Creating ORM DAG for dataset_alias_example_alias_consumer_with_no_taskflow
[2025-01-17T14:06:42.985+0000] {logging_mixin.py:190} INFO - [2025-01-17T14:06:42.985+0000] {dag.py:3262} INFO - Creating ORM DAG for dataset_alias_example_alias_producer_with_no_taskflow
[2025-01-17T14:06:42.987+0000] {logging_mixin.py:190} INFO - [2025-01-17T14:06:42.987+0000] {dag.py:3262} INFO - Creating ORM DAG for dataset_s3_bucket_consumer_with_no_taskflow
[2025-01-17T14:06:42.989+0000] {logging_mixin.py:190} INFO - [2025-01-17T14:06:42.989+0000] {dag.py:3262} INFO - Creating ORM DAG for dataset_s3_bucket_producer_with_no_taskflow
[2025-01-17T14:06:43.002+0000] {logging_mixin.py:190} INFO - [2025-01-17T14:06:43.000+0000] {dag.py:4180} INFO - Setting next_dagrun for dataset_alias_example_alias_consumer_with_no_taskflow to None, run_after=None
[2025-01-17T14:06:43.004+0000] {logging_mixin.py:190} INFO - [2025-01-17T14:06:43.004+0000] {dag.py:4180} INFO - Setting next_dagrun for dataset_alias_example_alias_producer_with_no_taskflow to None, run_after=None
[2025-01-17T14:06:43.006+0000] {logging_mixin.py:190} INFO - [2025-01-17T14:06:43.006+0000] {dag.py:4180} INFO - Setting next_dagrun for dataset_s3_bucket_consumer_with_no_taskflow to None, run_after=None
[2025-01-17T14:06:43.007+0000] {logging_mixin.py:190} INFO - [2025-01-17T14:06:43.007+0000] {dag.py:4180} INFO - Setting next_dagrun for dataset_s3_bucket_producer_with_no_taskflow to None, run_after=None
[2025-01-17T14:06:43.050+0000] {processor.py:208} INFO - Processing /home/airflow/.local/lib/python3.12/site-packages/airflow/example_dags/example_dataset_alias_with_no_taskflow.py took 1.267 seconds
[2025-01-17T14:07:13.216+0000] {processor.py:186} INFO - Started process (PID=159) to work on /home/airflow/.local/lib/python3.12/site-packages/airflow/example_dags/example_dataset_alias_with_no_taskflow.py
[2025-01-17T14:07:13.218+0000] {processor.py:914} INFO - Processing file /home/airflow/.local/lib/python3.12/site-packages/airflow/example_dags/example_dataset_alias_with_no_taskflow.py for tasks to queue
[2025-01-17T14:07:13.220+0000] {logging_mixin.py:190} INFO - [2025-01-17T14:07:13.219+0000] {dagbag.py:588} INFO - Filling up the DagBag from /home/airflow/.local/lib/python3.12/site-packages/airflow/example_dags/example_dataset_alias_with_no_taskflow.py
[2025-01-17T14:07:13.718+0000] {processor.py:925} INFO - DAG(s) 'dataset_s3_bucket_producer_with_no_taskflow', 'dataset_alias_example_alias_producer_with_no_taskflow', 'dataset_alias_example_alias_consumer_with_no_taskflow', 'dataset_s3_bucket_consumer_with_no_taskflow' retrieved from /home/airflow/.local/lib/python3.12/site-packages/airflow/example_dags/example_dataset_alias_with_no_taskflow.py
[2025-01-17T14:07:13.735+0000] {logging_mixin.py:190} INFO - [2025-01-17T14:07:13.734+0000] {dag.py:3239} INFO - Sync 4 DAGs
[2025-01-17T14:07:13.754+0000] {logging_mixin.py:190} INFO - [2025-01-17T14:07:13.754+0000] {dag.py:4180} INFO - Setting next_dagrun for dataset_alias_example_alias_consumer_with_no_taskflow to None, run_after=None
[2025-01-17T14:07:13.758+0000] {logging_mixin.py:190} INFO - [2025-01-17T14:07:13.757+0000] {dag.py:4180} INFO - Setting next_dagrun for dataset_alias_example_alias_producer_with_no_taskflow to None, run_after=None
[2025-01-17T14:07:13.760+0000] {logging_mixin.py:190} INFO - [2025-01-17T14:07:13.759+0000] {dag.py:4180} INFO - Setting next_dagrun for dataset_s3_bucket_consumer_with_no_taskflow to None, run_after=None
[2025-01-17T14:07:13.761+0000] {logging_mixin.py:190} INFO - [2025-01-17T14:07:13.761+0000] {dag.py:4180} INFO - Setting next_dagrun for dataset_s3_bucket_producer_with_no_taskflow to None, run_after=None
[2025-01-17T14:07:13.794+0000] {processor.py:208} INFO - Processing /home/airflow/.local/lib/python3.12/site-packages/airflow/example_dags/example_dataset_alias_with_no_taskflow.py took 0.582 seconds
[2025-01-17T14:07:43.851+0000] {processor.py:186} INFO - Started process (PID=222) to work on /home/airflow/.local/lib/python3.12/site-packages/airflow/example_dags/example_dataset_alias_with_no_taskflow.py
[2025-01-17T14:07:43.852+0000] {processor.py:914} INFO - Processing file /home/airflow/.local/lib/python3.12/site-packages/airflow/example_dags/example_dataset_alias_with_no_taskflow.py for tasks to queue
[2025-01-17T14:07:43.854+0000] {logging_mixin.py:190} INFO - [2025-01-17T14:07:43.853+0000] {dagbag.py:588} INFO - Filling up the DagBag from /home/airflow/.local/lib/python3.12/site-packages/airflow/example_dags/example_dataset_alias_with_no_taskflow.py
[2025-01-17T14:07:44.387+0000] {processor.py:925} INFO - DAG(s) 'dataset_s3_bucket_consumer_with_no_taskflow', 'dataset_s3_bucket_producer_with_no_taskflow', 'dataset_alias_example_alias_consumer_with_no_taskflow', 'dataset_alias_example_alias_producer_with_no_taskflow' retrieved from /home/airflow/.local/lib/python3.12/site-packages/airflow/example_dags/example_dataset_alias_with_no_taskflow.py
[2025-01-17T14:07:44.409+0000] {logging_mixin.py:190} INFO - [2025-01-17T14:07:44.408+0000] {dag.py:3239} INFO - Sync 4 DAGs
[2025-01-17T14:07:44.431+0000] {logging_mixin.py:190} INFO - [2025-01-17T14:07:44.430+0000] {dag.py:4180} INFO - Setting next_dagrun for dataset_alias_example_alias_consumer_with_no_taskflow to None, run_after=None
[2025-01-17T14:07:44.434+0000] {logging_mixin.py:190} INFO - [2025-01-17T14:07:44.433+0000] {dag.py:4180} INFO - Setting next_dagrun for dataset_alias_example_alias_producer_with_no_taskflow to None, run_after=None
[2025-01-17T14:07:44.435+0000] {logging_mixin.py:190} INFO - [2025-01-17T14:07:44.435+0000] {dag.py:4180} INFO - Setting next_dagrun for dataset_s3_bucket_consumer_with_no_taskflow to None, run_after=None
[2025-01-17T14:07:44.437+0000] {logging_mixin.py:190} INFO - [2025-01-17T14:07:44.437+0000] {dag.py:4180} INFO - Setting next_dagrun for dataset_s3_bucket_producer_with_no_taskflow to None, run_after=None
[2025-01-17T14:07:44.469+0000] {processor.py:208} INFO - Processing /home/airflow/.local/lib/python3.12/site-packages/airflow/example_dags/example_dataset_alias_with_no_taskflow.py took 0.623 seconds
[2025-01-17T14:08:15.208+0000] {processor.py:186} INFO - Started process (PID=292) to work on /home/airflow/.local/lib/python3.12/site-packages/airflow/example_dags/example_dataset_alias_with_no_taskflow.py
[2025-01-17T14:08:15.210+0000] {processor.py:914} INFO - Processing file /home/airflow/.local/lib/python3.12/site-packages/airflow/example_dags/example_dataset_alias_with_no_taskflow.py for tasks to queue
[2025-01-17T14:08:15.217+0000] {logging_mixin.py:190} INFO - [2025-01-17T14:08:15.216+0000] {dagbag.py:588} INFO - Filling up the DagBag from /home/airflow/.local/lib/python3.12/site-packages/airflow/example_dags/example_dataset_alias_with_no_taskflow.py
[2025-01-17T14:08:16.018+0000] {processor.py:925} INFO - DAG(s) 'dataset_s3_bucket_producer_with_no_taskflow', 'dataset_alias_example_alias_consumer_with_no_taskflow', 'dataset_s3_bucket_consumer_with_no_taskflow', 'dataset_alias_example_alias_producer_with_no_taskflow' retrieved from /home/airflow/.local/lib/python3.12/site-packages/airflow/example_dags/example_dataset_alias_with_no_taskflow.py
[2025-01-17T14:08:16.064+0000] {logging_mixin.py:190} INFO - [2025-01-17T14:08:16.063+0000] {dag.py:3239} INFO - Sync 4 DAGs
[2025-01-17T14:08:16.098+0000] {logging_mixin.py:190} INFO - [2025-01-17T14:08:16.097+0000] {dag.py:4180} INFO - Setting next_dagrun for dataset_alias_example_alias_consumer_with_no_taskflow to None, run_after=None
[2025-01-17T14:08:16.103+0000] {logging_mixin.py:190} INFO - [2025-01-17T14:08:16.102+0000] {dag.py:4180} INFO - Setting next_dagrun for dataset_alias_example_alias_producer_with_no_taskflow to None, run_after=None
[2025-01-17T14:08:16.106+0000] {logging_mixin.py:190} INFO - [2025-01-17T14:08:16.106+0000] {dag.py:4180} INFO - Setting next_dagrun for dataset_s3_bucket_consumer_with_no_taskflow to None, run_after=None
[2025-01-17T14:08:16.108+0000] {logging_mixin.py:190} INFO - [2025-01-17T14:08:16.108+0000] {dag.py:4180} INFO - Setting next_dagrun for dataset_s3_bucket_producer_with_no_taskflow to None, run_after=None
[2025-01-17T14:08:16.142+0000] {processor.py:208} INFO - Processing /home/airflow/.local/lib/python3.12/site-packages/airflow/example_dags/example_dataset_alias_with_no_taskflow.py took 0.940 seconds
[2025-01-17T14:08:46.717+0000] {processor.py:186} INFO - Started process (PID=356) to work on /home/airflow/.local/lib/python3.12/site-packages/airflow/example_dags/example_dataset_alias_with_no_taskflow.py
[2025-01-17T14:08:46.722+0000] {processor.py:914} INFO - Processing file /home/airflow/.local/lib/python3.12/site-packages/airflow/example_dags/example_dataset_alias_with_no_taskflow.py for tasks to queue
[2025-01-17T14:08:46.730+0000] {logging_mixin.py:190} INFO - [2025-01-17T14:08:46.730+0000] {dagbag.py:588} INFO - Filling up the DagBag from /home/airflow/.local/lib/python3.12/site-packages/airflow/example_dags/example_dataset_alias_with_no_taskflow.py
[2025-01-17T14:08:48.323+0000] {processor.py:925} INFO - DAG(s) 'dataset_alias_example_alias_consumer_with_no_taskflow', 'dataset_alias_example_alias_producer_with_no_taskflow', 'dataset_s3_bucket_producer_with_no_taskflow', 'dataset_s3_bucket_consumer_with_no_taskflow' retrieved from /home/airflow/.local/lib/python3.12/site-packages/airflow/example_dags/example_dataset_alias_with_no_taskflow.py
[2025-01-17T14:08:48.389+0000] {logging_mixin.py:190} INFO - [2025-01-17T14:08:48.388+0000] {dag.py:3239} INFO - Sync 4 DAGs
[2025-01-17T14:08:48.476+0000] {logging_mixin.py:190} INFO - [2025-01-17T14:08:48.476+0000] {dag.py:4180} INFO - Setting next_dagrun for dataset_alias_example_alias_consumer_with_no_taskflow to None, run_after=None
[2025-01-17T14:08:48.486+0000] {logging_mixin.py:190} INFO - [2025-01-17T14:08:48.485+0000] {dag.py:4180} INFO - Setting next_dagrun for dataset_alias_example_alias_producer_with_no_taskflow to None, run_after=None
[2025-01-17T14:08:48.489+0000] {logging_mixin.py:190} INFO - [2025-01-17T14:08:48.489+0000] {dag.py:4180} INFO - Setting next_dagrun for dataset_s3_bucket_consumer_with_no_taskflow to None, run_after=None
[2025-01-17T14:08:48.492+0000] {logging_mixin.py:190} INFO - [2025-01-17T14:08:48.492+0000] {dag.py:4180} INFO - Setting next_dagrun for dataset_s3_bucket_producer_with_no_taskflow to None, run_after=None
[2025-01-17T14:08:48.543+0000] {processor.py:208} INFO - Processing /home/airflow/.local/lib/python3.12/site-packages/airflow/example_dags/example_dataset_alias_with_no_taskflow.py took 1.833 seconds
[2025-01-17T14:09:19.203+0000] {processor.py:186} INFO - Started process (PID=419) to work on /home/airflow/.local/lib/python3.12/site-packages/airflow/example_dags/example_dataset_alias_with_no_taskflow.py
[2025-01-17T14:09:19.206+0000] {processor.py:914} INFO - Processing file /home/airflow/.local/lib/python3.12/site-packages/airflow/example_dags/example_dataset_alias_with_no_taskflow.py for tasks to queue
[2025-01-17T14:09:19.209+0000] {logging_mixin.py:190} INFO - [2025-01-17T14:09:19.208+0000] {dagbag.py:588} INFO - Filling up the DagBag from /home/airflow/.local/lib/python3.12/site-packages/airflow/example_dags/example_dataset_alias_with_no_taskflow.py
[2025-01-17T14:09:19.796+0000] {processor.py:925} INFO - DAG(s) 'dataset_alias_example_alias_consumer_with_no_taskflow', 'dataset_alias_example_alias_producer_with_no_taskflow', 'dataset_s3_bucket_producer_with_no_taskflow', 'dataset_s3_bucket_consumer_with_no_taskflow' retrieved from /home/airflow/.local/lib/python3.12/site-packages/airflow/example_dags/example_dataset_alias_with_no_taskflow.py
[2025-01-17T14:09:19.819+0000] {logging_mixin.py:190} INFO - [2025-01-17T14:09:19.818+0000] {dag.py:3239} INFO - Sync 4 DAGs
[2025-01-17T14:09:19.843+0000] {logging_mixin.py:190} INFO - [2025-01-17T14:09:19.842+0000] {dag.py:4180} INFO - Setting next_dagrun for dataset_alias_example_alias_consumer_with_no_taskflow to None, run_after=None
[2025-01-17T14:09:19.845+0000] {logging_mixin.py:190} INFO - [2025-01-17T14:09:19.845+0000] {dag.py:4180} INFO - Setting next_dagrun for dataset_alias_example_alias_producer_with_no_taskflow to None, run_after=None
[2025-01-17T14:09:19.846+0000] {logging_mixin.py:190} INFO - [2025-01-17T14:09:19.846+0000] {dag.py:4180} INFO - Setting next_dagrun for dataset_s3_bucket_consumer_with_no_taskflow to None, run_after=None
[2025-01-17T14:09:19.848+0000] {logging_mixin.py:190} INFO - [2025-01-17T14:09:19.847+0000] {dag.py:4180} INFO - Setting next_dagrun for dataset_s3_bucket_producer_with_no_taskflow to None, run_after=None
[2025-01-17T14:09:19.866+0000] {processor.py:208} INFO - Processing /home/airflow/.local/lib/python3.12/site-packages/airflow/example_dags/example_dataset_alias_with_no_taskflow.py took 0.668 seconds
[2025-01-17T14:09:50.579+0000] {processor.py:186} INFO - Started process (PID=482) to work on /home/airflow/.local/lib/python3.12/site-packages/airflow/example_dags/example_dataset_alias_with_no_taskflow.py
[2025-01-17T14:09:50.581+0000] {processor.py:914} INFO - Processing file /home/airflow/.local/lib/python3.12/site-packages/airflow/example_dags/example_dataset_alias_with_no_taskflow.py for tasks to queue
[2025-01-17T14:09:50.583+0000] {logging_mixin.py:190} INFO - [2025-01-17T14:09:50.583+0000] {dagbag.py:588} INFO - Filling up the DagBag from /home/airflow/.local/lib/python3.12/site-packages/airflow/example_dags/example_dataset_alias_with_no_taskflow.py
[2025-01-17T14:09:51.137+0000] {processor.py:925} INFO - DAG(s) 'dataset_s3_bucket_producer_with_no_taskflow', 'dataset_alias_example_alias_consumer_with_no_taskflow', 'dataset_alias_example_alias_producer_with_no_taskflow', 'dataset_s3_bucket_consumer_with_no_taskflow' retrieved from /home/airflow/.local/lib/python3.12/site-packages/airflow/example_dags/example_dataset_alias_with_no_taskflow.py
[2025-01-17T14:09:51.157+0000] {logging_mixin.py:190} INFO - [2025-01-17T14:09:51.156+0000] {dag.py:3239} INFO - Sync 4 DAGs
[2025-01-17T14:09:51.179+0000] {logging_mixin.py:190} INFO - [2025-01-17T14:09:51.178+0000] {dag.py:4180} INFO - Setting next_dagrun for dataset_alias_example_alias_consumer_with_no_taskflow to None, run_after=None
[2025-01-17T14:09:51.188+0000] {logging_mixin.py:190} INFO - [2025-01-17T14:09:51.188+0000] {dag.py:4180} INFO - Setting next_dagrun for dataset_alias_example_alias_producer_with_no_taskflow to None, run_after=None
[2025-01-17T14:09:51.193+0000] {logging_mixin.py:190} INFO - [2025-01-17T14:09:51.193+0000] {dag.py:4180} INFO - Setting next_dagrun for dataset_s3_bucket_consumer_with_no_taskflow to None, run_after=None
[2025-01-17T14:09:51.195+0000] {logging_mixin.py:190} INFO - [2025-01-17T14:09:51.195+0000] {dag.py:4180} INFO - Setting next_dagrun for dataset_s3_bucket_producer_with_no_taskflow to None, run_after=None
[2025-01-17T14:09:51.217+0000] {processor.py:208} INFO - Processing /home/airflow/.local/lib/python3.12/site-packages/airflow/example_dags/example_dataset_alias_with_no_taskflow.py took 0.646 seconds
[2025-01-17T14:10:21.898+0000] {processor.py:186} INFO - Started process (PID=545) to work on /home/airflow/.local/lib/python3.12/site-packages/airflow/example_dags/example_dataset_alias_with_no_taskflow.py
[2025-01-17T14:10:21.900+0000] {processor.py:914} INFO - Processing file /home/airflow/.local/lib/python3.12/site-packages/airflow/example_dags/example_dataset_alias_with_no_taskflow.py for tasks to queue
[2025-01-17T14:10:21.902+0000] {logging_mixin.py:190} INFO - [2025-01-17T14:10:21.901+0000] {dagbag.py:588} INFO - Filling up the DagBag from /home/airflow/.local/lib/python3.12/site-packages/airflow/example_dags/example_dataset_alias_with_no_taskflow.py
[2025-01-17T14:10:22.474+0000] {processor.py:925} INFO - DAG(s) 'dataset_alias_example_alias_producer_with_no_taskflow', 'dataset_alias_example_alias_consumer_with_no_taskflow', 'dataset_s3_bucket_producer_with_no_taskflow', 'dataset_s3_bucket_consumer_with_no_taskflow' retrieved from /home/airflow/.local/lib/python3.12/site-packages/airflow/example_dags/example_dataset_alias_with_no_taskflow.py
[2025-01-17T14:10:22.496+0000] {logging_mixin.py:190} INFO - [2025-01-17T14:10:22.495+0000] {dag.py:3239} INFO - Sync 4 DAGs
[2025-01-17T14:10:22.520+0000] {logging_mixin.py:190} INFO - [2025-01-17T14:10:22.519+0000] {dag.py:4180} INFO - Setting next_dagrun for dataset_alias_example_alias_consumer_with_no_taskflow to None, run_after=None
[2025-01-17T14:10:22.523+0000] {logging_mixin.py:190} INFO - [2025-01-17T14:10:22.522+0000] {dag.py:4180} INFO - Setting next_dagrun for dataset_alias_example_alias_producer_with_no_taskflow to None, run_after=None
[2025-01-17T14:10:22.524+0000] {logging_mixin.py:190} INFO - [2025-01-17T14:10:22.524+0000] {dag.py:4180} INFO - Setting next_dagrun for dataset_s3_bucket_consumer_with_no_taskflow to None, run_after=None
[2025-01-17T14:10:22.526+0000] {logging_mixin.py:190} INFO - [2025-01-17T14:10:22.526+0000] {dag.py:4180} INFO - Setting next_dagrun for dataset_s3_bucket_producer_with_no_taskflow to None, run_after=None
[2025-01-17T14:10:22.560+0000] {processor.py:208} INFO - Processing /home/airflow/.local/lib/python3.12/site-packages/airflow/example_dags/example_dataset_alias_with_no_taskflow.py took 0.667 seconds
[2025-01-17T14:10:53.101+0000] {processor.py:186} INFO - Started process (PID=608) to work on /home/airflow/.local/lib/python3.12/site-packages/airflow/example_dags/example_dataset_alias_with_no_taskflow.py
[2025-01-17T14:10:53.102+0000] {processor.py:914} INFO - Processing file /home/airflow/.local/lib/python3.12/site-packages/airflow/example_dags/example_dataset_alias_with_no_taskflow.py for tasks to queue
[2025-01-17T14:10:53.105+0000] {logging_mixin.py:190} INFO - [2025-01-17T14:10:53.105+0000] {dagbag.py:588} INFO - Filling up the DagBag from /home/airflow/.local/lib/python3.12/site-packages/airflow/example_dags/example_dataset_alias_with_no_taskflow.py
[2025-01-17T14:10:53.696+0000] {processor.py:925} INFO - DAG(s) 'dataset_alias_example_alias_consumer_with_no_taskflow', 'dataset_alias_example_alias_producer_with_no_taskflow', 'dataset_s3_bucket_producer_with_no_taskflow', 'dataset_s3_bucket_consumer_with_no_taskflow' retrieved from /home/airflow/.local/lib/python3.12/site-packages/airflow/example_dags/example_dataset_alias_with_no_taskflow.py
[2025-01-17T14:10:53.718+0000] {logging_mixin.py:190} INFO - [2025-01-17T14:10:53.717+0000] {dag.py:3239} INFO - Sync 4 DAGs
[2025-01-17T14:10:53.751+0000] {logging_mixin.py:190} INFO - [2025-01-17T14:10:53.750+0000] {dag.py:4180} INFO - Setting next_dagrun for dataset_alias_example_alias_consumer_with_no_taskflow to None, run_after=None
[2025-01-17T14:10:53.755+0000] {logging_mixin.py:190} INFO - [2025-01-17T14:10:53.754+0000] {dag.py:4180} INFO - Setting next_dagrun for dataset_alias_example_alias_producer_with_no_taskflow to None, run_after=None
[2025-01-17T14:10:53.757+0000] {logging_mixin.py:190} INFO - [2025-01-17T14:10:53.757+0000] {dag.py:4180} INFO - Setting next_dagrun for dataset_s3_bucket_consumer_with_no_taskflow to None, run_after=None
[2025-01-17T14:10:53.758+0000] {logging_mixin.py:190} INFO - [2025-01-17T14:10:53.758+0000] {dag.py:4180} INFO - Setting next_dagrun for dataset_s3_bucket_producer_with_no_taskflow to None, run_after=None
[2025-01-17T14:10:53.780+0000] {processor.py:208} INFO - Processing /home/airflow/.local/lib/python3.12/site-packages/airflow/example_dags/example_dataset_alias_with_no_taskflow.py took 0.685 seconds
[2025-01-17T14:11:24.611+0000] {processor.py:186} INFO - Started process (PID=671) to work on /home/airflow/.local/lib/python3.12/site-packages/airflow/example_dags/example_dataset_alias_with_no_taskflow.py
[2025-01-17T14:11:24.612+0000] {processor.py:914} INFO - Processing file /home/airflow/.local/lib/python3.12/site-packages/airflow/example_dags/example_dataset_alias_with_no_taskflow.py for tasks to queue
[2025-01-17T14:11:24.614+0000] {logging_mixin.py:190} INFO - [2025-01-17T14:11:24.614+0000] {dagbag.py:588} INFO - Filling up the DagBag from /home/airflow/.local/lib/python3.12/site-packages/airflow/example_dags/example_dataset_alias_with_no_taskflow.py
[2025-01-17T14:11:25.182+0000] {processor.py:925} INFO - DAG(s) 'dataset_alias_example_alias_consumer_with_no_taskflow', 'dataset_alias_example_alias_producer_with_no_taskflow', 'dataset_s3_bucket_consumer_with_no_taskflow', 'dataset_s3_bucket_producer_with_no_taskflow' retrieved from /home/airflow/.local/lib/python3.12/site-packages/airflow/example_dags/example_dataset_alias_with_no_taskflow.py
[2025-01-17T14:11:25.214+0000] {logging_mixin.py:190} INFO - [2025-01-17T14:11:25.213+0000] {dag.py:3239} INFO - Sync 4 DAGs
[2025-01-17T14:11:25.241+0000] {logging_mixin.py:190} INFO - [2025-01-17T14:11:25.240+0000] {dag.py:4180} INFO - Setting next_dagrun for dataset_alias_example_alias_consumer_with_no_taskflow to None, run_after=None
[2025-01-17T14:11:25.244+0000] {logging_mixin.py:190} INFO - [2025-01-17T14:11:25.244+0000] {dag.py:4180} INFO - Setting next_dagrun for dataset_alias_example_alias_producer_with_no_taskflow to None, run_after=None
[2025-01-17T14:11:25.246+0000] {logging_mixin.py:190} INFO - [2025-01-17T14:11:25.246+0000] {dag.py:4180} INFO - Setting next_dagrun for dataset_s3_bucket_consumer_with_no_taskflow to None, run_after=None
[2025-01-17T14:11:25.248+0000] {logging_mixin.py:190} INFO - [2025-01-17T14:11:25.248+0000] {dag.py:4180} INFO - Setting next_dagrun for dataset_s3_bucket_producer_with_no_taskflow to None, run_after=None
[2025-01-17T14:11:25.277+0000] {processor.py:208} INFO - Processing /home/airflow/.local/lib/python3.12/site-packages/airflow/example_dags/example_dataset_alias_with_no_taskflow.py took 0.671 seconds
[2025-01-17T14:11:55.397+0000] {processor.py:186} INFO - Started process (PID=735) to work on /home/airflow/.local/lib/python3.12/site-packages/airflow/example_dags/example_dataset_alias_with_no_taskflow.py
[2025-01-17T14:11:55.398+0000] {processor.py:914} INFO - Processing file /home/airflow/.local/lib/python3.12/site-packages/airflow/example_dags/example_dataset_alias_with_no_taskflow.py for tasks to queue
[2025-01-17T14:11:55.400+0000] {logging_mixin.py:190} INFO - [2025-01-17T14:11:55.400+0000] {dagbag.py:588} INFO - Filling up the DagBag from /home/airflow/.local/lib/python3.12/site-packages/airflow/example_dags/example_dataset_alias_with_no_taskflow.py
[2025-01-17T14:11:56.102+0000] {processor.py:925} INFO - DAG(s) 'dataset_alias_example_alias_consumer_with_no_taskflow', 'dataset_s3_bucket_consumer_with_no_taskflow', 'dataset_alias_example_alias_producer_with_no_taskflow', 'dataset_s3_bucket_producer_with_no_taskflow' retrieved from /home/airflow/.local/lib/python3.12/site-packages/airflow/example_dags/example_dataset_alias_with_no_taskflow.py
[2025-01-17T14:11:56.132+0000] {logging_mixin.py:190} INFO - [2025-01-17T14:11:56.132+0000] {dag.py:3239} INFO - Sync 4 DAGs
[2025-01-17T14:11:56.161+0000] {logging_mixin.py:190} INFO - [2025-01-17T14:11:56.161+0000] {dag.py:4180} INFO - Setting next_dagrun for dataset_alias_example_alias_consumer_with_no_taskflow to None, run_after=None
[2025-01-17T14:11:56.165+0000] {logging_mixin.py:190} INFO - [2025-01-17T14:11:56.165+0000] {dag.py:4180} INFO - Setting next_dagrun for dataset_alias_example_alias_producer_with_no_taskflow to None, run_after=None
[2025-01-17T14:11:56.167+0000] {logging_mixin.py:190} INFO - [2025-01-17T14:11:56.167+0000] {dag.py:4180} INFO - Setting next_dagrun for dataset_s3_bucket_consumer_with_no_taskflow to None, run_after=None
[2025-01-17T14:11:56.169+0000] {logging_mixin.py:190} INFO - [2025-01-17T14:11:56.169+0000] {dag.py:4180} INFO - Setting next_dagrun for dataset_s3_bucket_producer_with_no_taskflow to None, run_after=None
[2025-01-17T14:11:56.194+0000] {processor.py:208} INFO - Processing /home/airflow/.local/lib/python3.12/site-packages/airflow/example_dags/example_dataset_alias_with_no_taskflow.py took 0.804 seconds
[2025-01-17T14:12:27.140+0000] {processor.py:186} INFO - Started process (PID=798) to work on /home/airflow/.local/lib/python3.12/site-packages/airflow/example_dags/example_dataset_alias_with_no_taskflow.py
[2025-01-17T14:12:27.141+0000] {processor.py:914} INFO - Processing file /home/airflow/.local/lib/python3.12/site-packages/airflow/example_dags/example_dataset_alias_with_no_taskflow.py for tasks to queue
[2025-01-17T14:12:27.143+0000] {logging_mixin.py:190} INFO - [2025-01-17T14:12:27.143+0000] {dagbag.py:588} INFO - Filling up the DagBag from /home/airflow/.local/lib/python3.12/site-packages/airflow/example_dags/example_dataset_alias_with_no_taskflow.py
[2025-01-17T14:12:27.757+0000] {processor.py:925} INFO - DAG(s) 'dataset_s3_bucket_producer_with_no_taskflow', 'dataset_s3_bucket_consumer_with_no_taskflow', 'dataset_alias_example_alias_consumer_with_no_taskflow', 'dataset_alias_example_alias_producer_with_no_taskflow' retrieved from /home/airflow/.local/lib/python3.12/site-packages/airflow/example_dags/example_dataset_alias_with_no_taskflow.py
[2025-01-17T14:12:27.780+0000] {logging_mixin.py:190} INFO - [2025-01-17T14:12:27.779+0000] {dag.py:3239} INFO - Sync 4 DAGs
[2025-01-17T14:12:27.803+0000] {logging_mixin.py:190} INFO - [2025-01-17T14:12:27.803+0000] {dag.py:4180} INFO - Setting next_dagrun for dataset_alias_example_alias_consumer_with_no_taskflow to None, run_after=None
[2025-01-17T14:12:27.806+0000] {logging_mixin.py:190} INFO - [2025-01-17T14:12:27.806+0000] {dag.py:4180} INFO - Setting next_dagrun for dataset_alias_example_alias_producer_with_no_taskflow to None, run_after=None
[2025-01-17T14:12:27.808+0000] {logging_mixin.py:190} INFO - [2025-01-17T14:12:27.808+0000] {dag.py:4180} INFO - Setting next_dagrun for dataset_s3_bucket_consumer_with_no_taskflow to None, run_after=None
[2025-01-17T14:12:27.809+0000] {logging_mixin.py:190} INFO - [2025-01-17T14:12:27.809+0000] {dag.py:4180} INFO - Setting next_dagrun for dataset_s3_bucket_producer_with_no_taskflow to None, run_after=None
[2025-01-17T14:12:27.834+0000] {processor.py:208} INFO - Processing /home/airflow/.local/lib/python3.12/site-packages/airflow/example_dags/example_dataset_alias_with_no_taskflow.py took 0.699 seconds
[2025-01-17T14:12:58.625+0000] {processor.py:186} INFO - Started process (PID=861) to work on /home/airflow/.local/lib/python3.12/site-packages/airflow/example_dags/example_dataset_alias_with_no_taskflow.py
[2025-01-17T14:12:58.626+0000] {processor.py:914} INFO - Processing file /home/airflow/.local/lib/python3.12/site-packages/airflow/example_dags/example_dataset_alias_with_no_taskflow.py for tasks to queue
[2025-01-17T14:12:58.628+0000] {logging_mixin.py:190} INFO - [2025-01-17T14:12:58.628+0000] {dagbag.py:588} INFO - Filling up the DagBag from /home/airflow/.local/lib/python3.12/site-packages/airflow/example_dags/example_dataset_alias_with_no_taskflow.py
[2025-01-17T14:12:59.214+0000] {processor.py:925} INFO - DAG(s) 'dataset_s3_bucket_producer_with_no_taskflow', 'dataset_alias_example_alias_producer_with_no_taskflow', 'dataset_s3_bucket_consumer_with_no_taskflow', 'dataset_alias_example_alias_consumer_with_no_taskflow' retrieved from /home/airflow/.local/lib/python3.12/site-packages/airflow/example_dags/example_dataset_alias_with_no_taskflow.py
[2025-01-17T14:12:59.236+0000] {logging_mixin.py:190} INFO - [2025-01-17T14:12:59.236+0000] {dag.py:3239} INFO - Sync 4 DAGs
[2025-01-17T14:12:59.273+0000] {logging_mixin.py:190} INFO - [2025-01-17T14:12:59.273+0000] {dag.py:4180} INFO - Setting next_dagrun for dataset_alias_example_alias_consumer_with_no_taskflow to None, run_after=None
[2025-01-17T14:12:59.276+0000] {logging_mixin.py:190} INFO - [2025-01-17T14:12:59.276+0000] {dag.py:4180} INFO - Setting next_dagrun for dataset_alias_example_alias_producer_with_no_taskflow to None, run_after=None
[2025-01-17T14:12:59.278+0000] {logging_mixin.py:190} INFO - [2025-01-17T14:12:59.278+0000] {dag.py:4180} INFO - Setting next_dagrun for dataset_s3_bucket_consumer_with_no_taskflow to None, run_after=None
[2025-01-17T14:12:59.279+0000] {logging_mixin.py:190} INFO - [2025-01-17T14:12:59.279+0000] {dag.py:4180} INFO - Setting next_dagrun for dataset_s3_bucket_producer_with_no_taskflow to None, run_after=None
[2025-01-17T14:12:59.309+0000] {processor.py:208} INFO - Processing /home/airflow/.local/lib/python3.12/site-packages/airflow/example_dags/example_dataset_alias_with_no_taskflow.py took 0.690 seconds
[2025-01-17T14:13:29.808+0000] {processor.py:186} INFO - Started process (PID=924) to work on /home/airflow/.local/lib/python3.12/site-packages/airflow/example_dags/example_dataset_alias_with_no_taskflow.py
[2025-01-17T14:13:29.809+0000] {processor.py:914} INFO - Processing file /home/airflow/.local/lib/python3.12/site-packages/airflow/example_dags/example_dataset_alias_with_no_taskflow.py for tasks to queue
[2025-01-17T14:13:29.813+0000] {logging_mixin.py:190} INFO - [2025-01-17T14:13:29.812+0000] {dagbag.py:588} INFO - Filling up the DagBag from /home/airflow/.local/lib/python3.12/site-packages/airflow/example_dags/example_dataset_alias_with_no_taskflow.py
[2025-01-17T14:13:30.680+0000] {processor.py:925} INFO - DAG(s) 'dataset_alias_example_alias_producer_with_no_taskflow', 'dataset_s3_bucket_producer_with_no_taskflow', 'dataset_alias_example_alias_consumer_with_no_taskflow', 'dataset_s3_bucket_consumer_with_no_taskflow' retrieved from /home/airflow/.local/lib/python3.12/site-packages/airflow/example_dags/example_dataset_alias_with_no_taskflow.py
[2025-01-17T14:13:30.709+0000] {logging_mixin.py:190} INFO - [2025-01-17T14:13:30.708+0000] {dag.py:3239} INFO - Sync 4 DAGs
[2025-01-17T14:13:30.737+0000] {logging_mixin.py:190} INFO - [2025-01-17T14:13:30.737+0000] {dag.py:4180} INFO - Setting next_dagrun for dataset_alias_example_alias_consumer_with_no_taskflow to None, run_after=None
[2025-01-17T14:13:30.742+0000] {logging_mixin.py:190} INFO - [2025-01-17T14:13:30.742+0000] {dag.py:4180} INFO - Setting next_dagrun for dataset_alias_example_alias_producer_with_no_taskflow to None, run_after=None
[2025-01-17T14:13:30.745+0000] {logging_mixin.py:190} INFO - [2025-01-17T14:13:30.744+0000] {dag.py:4180} INFO - Setting next_dagrun for dataset_s3_bucket_consumer_with_no_taskflow to None, run_after=None
[2025-01-17T14:13:30.748+0000] {logging_mixin.py:190} INFO - [2025-01-17T14:13:30.748+0000] {dag.py:4180} INFO - Setting next_dagrun for dataset_s3_bucket_producer_with_no_taskflow to None, run_after=None
[2025-01-17T14:13:30.788+0000] {processor.py:208} INFO - Processing /home/airflow/.local/lib/python3.12/site-packages/airflow/example_dags/example_dataset_alias_with_no_taskflow.py took 0.991 seconds
[2025-01-17T14:14:01.083+0000] {processor.py:186} INFO - Started process (PID=988) to work on /home/airflow/.local/lib/python3.12/site-packages/airflow/example_dags/example_dataset_alias_with_no_taskflow.py
[2025-01-17T14:14:01.084+0000] {processor.py:914} INFO - Processing file /home/airflow/.local/lib/python3.12/site-packages/airflow/example_dags/example_dataset_alias_with_no_taskflow.py for tasks to queue
[2025-01-17T14:14:01.087+0000] {logging_mixin.py:190} INFO - [2025-01-17T14:14:01.086+0000] {dagbag.py:588} INFO - Filling up the DagBag from /home/airflow/.local/lib/python3.12/site-packages/airflow/example_dags/example_dataset_alias_with_no_taskflow.py
[2025-01-17T14:14:01.604+0000] {processor.py:925} INFO - DAG(s) 'dataset_s3_bucket_consumer_with_no_taskflow', 'dataset_s3_bucket_producer_with_no_taskflow', 'dataset_alias_example_alias_consumer_with_no_taskflow', 'dataset_alias_example_alias_producer_with_no_taskflow' retrieved from /home/airflow/.local/lib/python3.12/site-packages/airflow/example_dags/example_dataset_alias_with_no_taskflow.py
[2025-01-17T14:14:01.623+0000] {logging_mixin.py:190} INFO - [2025-01-17T14:14:01.622+0000] {dag.py:3239} INFO - Sync 4 DAGs
[2025-01-17T14:14:01.643+0000] {logging_mixin.py:190} INFO - [2025-01-17T14:14:01.643+0000] {dag.py:4180} INFO - Setting next_dagrun for dataset_alias_example_alias_consumer_with_no_taskflow to None, run_after=None
[2025-01-17T14:14:01.646+0000] {logging_mixin.py:190} INFO - [2025-01-17T14:14:01.646+0000] {dag.py:4180} INFO - Setting next_dagrun for dataset_alias_example_alias_producer_with_no_taskflow to None, run_after=None
[2025-01-17T14:14:01.647+0000] {logging_mixin.py:190} INFO - [2025-01-17T14:14:01.647+0000] {dag.py:4180} INFO - Setting next_dagrun for dataset_s3_bucket_consumer_with_no_taskflow to None, run_after=None
[2025-01-17T14:14:01.649+0000] {logging_mixin.py:190} INFO - [2025-01-17T14:14:01.649+0000] {dag.py:4180} INFO - Setting next_dagrun for dataset_s3_bucket_producer_with_no_taskflow to None, run_after=None
[2025-01-17T14:14:01.679+0000] {processor.py:208} INFO - Processing /home/airflow/.local/lib/python3.12/site-packages/airflow/example_dags/example_dataset_alias_with_no_taskflow.py took 0.602 seconds
