[2025-01-17T14:06:46.886+0000] {processor.py:186} INFO - Started process (PID=120) to work on /home/airflow/.local/lib/python3.12/site-packages/airflow/example_dags/example_inlet_event_extra.py
[2025-01-17T14:06:46.888+0000] {processor.py:914} INFO - Processing file /home/airflow/.local/lib/python3.12/site-packages/airflow/example_dags/example_inlet_event_extra.py for tasks to queue
[2025-01-17T14:06:46.891+0000] {logging_mixin.py:190} INFO - [2025-01-17T14:06:46.891+0000] {dagbag.py:588} INFO - Filling up the DagBag from /home/airflow/.local/lib/python3.12/site-packages/airflow/example_dags/example_inlet_event_extra.py
[2025-01-17T14:06:47.856+0000] {processor.py:925} INFO - DAG(s) 'read_dataset_event_from_classic', 'read_dataset_event' retrieved from /home/airflow/.local/lib/python3.12/site-packages/airflow/example_dags/example_inlet_event_extra.py
[2025-01-17T14:06:48.009+0000] {logging_mixin.py:190} INFO - [2025-01-17T14:06:48.008+0000] {override.py:1911} INFO - Created Permission View: can read on DAG:read_dataset_event_from_classic
[2025-01-17T14:06:48.026+0000] {logging_mixin.py:190} INFO - [2025-01-17T14:06:48.025+0000] {override.py:1911} INFO - Created Permission View: can delete on DAG:read_dataset_event_from_classic
[2025-01-17T14:06:48.037+0000] {logging_mixin.py:190} INFO - [2025-01-17T14:06:48.037+0000] {override.py:1911} INFO - Created Permission View: can edit on DAG:read_dataset_event_from_classic
[2025-01-17T14:06:48.049+0000] {logging_mixin.py:190} INFO - [2025-01-17T14:06:48.049+0000] {override.py:1911} INFO - Created Permission View: menu access on DAG Run:read_dataset_event_from_classic
[2025-01-17T14:06:48.058+0000] {logging_mixin.py:190} INFO - [2025-01-17T14:06:48.058+0000] {override.py:1911} INFO - Created Permission View: can read on DAG Run:read_dataset_event_from_classic
[2025-01-17T14:06:48.071+0000] {logging_mixin.py:190} INFO - [2025-01-17T14:06:48.070+0000] {override.py:1911} INFO - Created Permission View: can delete on DAG Run:read_dataset_event_from_classic
[2025-01-17T14:06:48.082+0000] {logging_mixin.py:190} INFO - [2025-01-17T14:06:48.082+0000] {override.py:1911} INFO - Created Permission View: can create on DAG Run:read_dataset_event_from_classic
[2025-01-17T14:06:48.105+0000] {logging_mixin.py:190} INFO - [2025-01-17T14:06:48.104+0000] {override.py:1911} INFO - Created Permission View: can read on DAG:read_dataset_event
[2025-01-17T14:06:48.116+0000] {logging_mixin.py:190} INFO - [2025-01-17T14:06:48.115+0000] {override.py:1911} INFO - Created Permission View: can delete on DAG:read_dataset_event
[2025-01-17T14:06:48.125+0000] {logging_mixin.py:190} INFO - [2025-01-17T14:06:48.125+0000] {override.py:1911} INFO - Created Permission View: can edit on DAG:read_dataset_event
[2025-01-17T14:06:48.139+0000] {logging_mixin.py:190} INFO - [2025-01-17T14:06:48.138+0000] {override.py:1911} INFO - Created Permission View: menu access on DAG Run:read_dataset_event
[2025-01-17T14:06:48.152+0000] {logging_mixin.py:190} INFO - [2025-01-17T14:06:48.151+0000] {override.py:1911} INFO - Created Permission View: can read on DAG Run:read_dataset_event
[2025-01-17T14:06:48.165+0000] {logging_mixin.py:190} INFO - [2025-01-17T14:06:48.164+0000] {override.py:1911} INFO - Created Permission View: can delete on DAG Run:read_dataset_event
[2025-01-17T14:06:48.176+0000] {logging_mixin.py:190} INFO - [2025-01-17T14:06:48.175+0000] {override.py:1911} INFO - Created Permission View: can create on DAG Run:read_dataset_event
[2025-01-17T14:06:48.177+0000] {logging_mixin.py:190} INFO - [2025-01-17T14:06:48.177+0000] {dag.py:3239} INFO - Sync 2 DAGs
[2025-01-17T14:06:48.199+0000] {logging_mixin.py:190} INFO - [2025-01-17T14:06:48.198+0000] {dag.py:3262} INFO - Creating ORM DAG for read_dataset_event_from_classic
[2025-01-17T14:06:48.200+0000] {logging_mixin.py:190} INFO - [2025-01-17T14:06:48.200+0000] {dag.py:3262} INFO - Creating ORM DAG for read_dataset_event
[2025-01-17T14:06:48.215+0000] {logging_mixin.py:190} INFO - [2025-01-17T14:06:48.215+0000] {dag.py:4180} INFO - Setting next_dagrun for read_dataset_event to 2025-01-16 00:00:00+00:00, run_after=2025-01-17 00:00:00+00:00
[2025-01-17T14:06:48.218+0000] {logging_mixin.py:190} INFO - [2025-01-17T14:06:48.218+0000] {dag.py:4180} INFO - Setting next_dagrun for read_dataset_event_from_classic to 2025-01-16 00:00:00+00:00, run_after=2025-01-17 00:00:00+00:00
[2025-01-17T14:06:48.247+0000] {processor.py:208} INFO - Processing /home/airflow/.local/lib/python3.12/site-packages/airflow/example_dags/example_inlet_event_extra.py took 1.371 seconds
[2025-01-17T14:07:19.293+0000] {processor.py:186} INFO - Started process (PID=185) to work on /home/airflow/.local/lib/python3.12/site-packages/airflow/example_dags/example_inlet_event_extra.py
[2025-01-17T14:07:19.294+0000] {processor.py:914} INFO - Processing file /home/airflow/.local/lib/python3.12/site-packages/airflow/example_dags/example_inlet_event_extra.py for tasks to queue
[2025-01-17T14:07:19.297+0000] {logging_mixin.py:190} INFO - [2025-01-17T14:07:19.296+0000] {dagbag.py:588} INFO - Filling up the DagBag from /home/airflow/.local/lib/python3.12/site-packages/airflow/example_dags/example_inlet_event_extra.py
[2025-01-17T14:07:19.798+0000] {processor.py:925} INFO - DAG(s) 'read_dataset_event_from_classic', 'read_dataset_event' retrieved from /home/airflow/.local/lib/python3.12/site-packages/airflow/example_dags/example_inlet_event_extra.py
[2025-01-17T14:07:19.825+0000] {logging_mixin.py:190} INFO - [2025-01-17T14:07:19.825+0000] {dag.py:3239} INFO - Sync 2 DAGs
[2025-01-17T14:07:19.846+0000] {logging_mixin.py:190} INFO - [2025-01-17T14:07:19.846+0000] {dag.py:4180} INFO - Setting next_dagrun for read_dataset_event to 2025-01-16 00:00:00+00:00, run_after=2025-01-17 00:00:00+00:00
[2025-01-17T14:07:19.852+0000] {logging_mixin.py:190} INFO - [2025-01-17T14:07:19.852+0000] {dag.py:4180} INFO - Setting next_dagrun for read_dataset_event_from_classic to 2025-01-16 00:00:00+00:00, run_after=2025-01-17 00:00:00+00:00
[2025-01-17T14:07:19.870+0000] {processor.py:208} INFO - Processing /home/airflow/.local/lib/python3.12/site-packages/airflow/example_dags/example_inlet_event_extra.py took 0.583 seconds
[2025-01-17T14:07:50.887+0000] {processor.py:186} INFO - Started process (PID=250) to work on /home/airflow/.local/lib/python3.12/site-packages/airflow/example_dags/example_inlet_event_extra.py
[2025-01-17T14:07:50.888+0000] {processor.py:914} INFO - Processing file /home/airflow/.local/lib/python3.12/site-packages/airflow/example_dags/example_inlet_event_extra.py for tasks to queue
[2025-01-17T14:07:50.891+0000] {logging_mixin.py:190} INFO - [2025-01-17T14:07:50.890+0000] {dagbag.py:588} INFO - Filling up the DagBag from /home/airflow/.local/lib/python3.12/site-packages/airflow/example_dags/example_inlet_event_extra.py
[2025-01-17T14:07:51.387+0000] {processor.py:925} INFO - DAG(s) 'read_dataset_event', 'read_dataset_event_from_classic' retrieved from /home/airflow/.local/lib/python3.12/site-packages/airflow/example_dags/example_inlet_event_extra.py
[2025-01-17T14:07:51.408+0000] {logging_mixin.py:190} INFO - [2025-01-17T14:07:51.408+0000] {dag.py:3239} INFO - Sync 2 DAGs
[2025-01-17T14:07:51.428+0000] {logging_mixin.py:190} INFO - [2025-01-17T14:07:51.428+0000] {dag.py:4180} INFO - Setting next_dagrun for read_dataset_event to 2025-01-16 00:00:00+00:00, run_after=2025-01-17 00:00:00+00:00
[2025-01-17T14:07:51.433+0000] {logging_mixin.py:190} INFO - [2025-01-17T14:07:51.433+0000] {dag.py:4180} INFO - Setting next_dagrun for read_dataset_event_from_classic to 2025-01-16 00:00:00+00:00, run_after=2025-01-17 00:00:00+00:00
[2025-01-17T14:07:51.461+0000] {processor.py:208} INFO - Processing /home/airflow/.local/lib/python3.12/site-packages/airflow/example_dags/example_inlet_event_extra.py took 0.579 seconds
[2025-01-17T14:08:21.603+0000] {processor.py:186} INFO - Started process (PID=314) to work on /home/airflow/.local/lib/python3.12/site-packages/airflow/example_dags/example_inlet_event_extra.py
[2025-01-17T14:08:21.604+0000] {processor.py:914} INFO - Processing file /home/airflow/.local/lib/python3.12/site-packages/airflow/example_dags/example_inlet_event_extra.py for tasks to queue
[2025-01-17T14:08:21.608+0000] {logging_mixin.py:190} INFO - [2025-01-17T14:08:21.607+0000] {dagbag.py:588} INFO - Filling up the DagBag from /home/airflow/.local/lib/python3.12/site-packages/airflow/example_dags/example_inlet_event_extra.py
[2025-01-17T14:08:22.524+0000] {processor.py:925} INFO - DAG(s) 'read_dataset_event_from_classic', 'read_dataset_event' retrieved from /home/airflow/.local/lib/python3.12/site-packages/airflow/example_dags/example_inlet_event_extra.py
[2025-01-17T14:08:22.576+0000] {logging_mixin.py:190} INFO - [2025-01-17T14:08:22.572+0000] {dag.py:3239} INFO - Sync 2 DAGs
[2025-01-17T14:08:22.613+0000] {logging_mixin.py:190} INFO - [2025-01-17T14:08:22.612+0000] {dag.py:4180} INFO - Setting next_dagrun for read_dataset_event to 2025-01-16 00:00:00+00:00, run_after=2025-01-17 00:00:00+00:00
[2025-01-17T14:08:22.620+0000] {logging_mixin.py:190} INFO - [2025-01-17T14:08:22.620+0000] {dag.py:4180} INFO - Setting next_dagrun for read_dataset_event_from_classic to 2025-01-16 00:00:00+00:00, run_after=2025-01-17 00:00:00+00:00
[2025-01-17T14:08:22.649+0000] {processor.py:208} INFO - Processing /home/airflow/.local/lib/python3.12/site-packages/airflow/example_dags/example_inlet_event_extra.py took 1.053 seconds
[2025-01-17T14:08:53.690+0000] {processor.py:186} INFO - Started process (PID=379) to work on /home/airflow/.local/lib/python3.12/site-packages/airflow/example_dags/example_inlet_event_extra.py
[2025-01-17T14:08:53.725+0000] {processor.py:914} INFO - Processing file /home/airflow/.local/lib/python3.12/site-packages/airflow/example_dags/example_inlet_event_extra.py for tasks to queue
[2025-01-17T14:08:53.755+0000] {logging_mixin.py:190} INFO - [2025-01-17T14:08:53.754+0000] {dagbag.py:588} INFO - Filling up the DagBag from /home/airflow/.local/lib/python3.12/site-packages/airflow/example_dags/example_inlet_event_extra.py
[2025-01-17T14:08:56.083+0000] {processor.py:925} INFO - DAG(s) 'read_dataset_event_from_classic', 'read_dataset_event' retrieved from /home/airflow/.local/lib/python3.12/site-packages/airflow/example_dags/example_inlet_event_extra.py
[2025-01-17T14:08:56.156+0000] {logging_mixin.py:190} INFO - [2025-01-17T14:08:56.155+0000] {dag.py:3239} INFO - Sync 2 DAGs
[2025-01-17T14:08:56.245+0000] {logging_mixin.py:190} INFO - [2025-01-17T14:08:56.244+0000] {dag.py:4180} INFO - Setting next_dagrun for read_dataset_event to 2025-01-16 00:00:00+00:00, run_after=2025-01-17 00:00:00+00:00
[2025-01-17T14:08:56.267+0000] {logging_mixin.py:190} INFO - [2025-01-17T14:08:56.266+0000] {dag.py:4180} INFO - Setting next_dagrun for read_dataset_event_from_classic to 2025-01-16 00:00:00+00:00, run_after=2025-01-17 00:00:00+00:00
[2025-01-17T14:08:56.305+0000] {processor.py:208} INFO - Processing /home/airflow/.local/lib/python3.12/site-packages/airflow/example_dags/example_inlet_event_extra.py took 2.679 seconds
[2025-01-17T14:09:26.856+0000] {processor.py:186} INFO - Started process (PID=447) to work on /home/airflow/.local/lib/python3.12/site-packages/airflow/example_dags/example_inlet_event_extra.py
[2025-01-17T14:09:26.857+0000] {processor.py:914} INFO - Processing file /home/airflow/.local/lib/python3.12/site-packages/airflow/example_dags/example_inlet_event_extra.py for tasks to queue
[2025-01-17T14:09:26.860+0000] {logging_mixin.py:190} INFO - [2025-01-17T14:09:26.859+0000] {dagbag.py:588} INFO - Filling up the DagBag from /home/airflow/.local/lib/python3.12/site-packages/airflow/example_dags/example_inlet_event_extra.py
[2025-01-17T14:09:27.550+0000] {processor.py:925} INFO - DAG(s) 'read_dataset_event_from_classic', 'read_dataset_event' retrieved from /home/airflow/.local/lib/python3.12/site-packages/airflow/example_dags/example_inlet_event_extra.py
[2025-01-17T14:09:27.575+0000] {logging_mixin.py:190} INFO - [2025-01-17T14:09:27.574+0000] {dag.py:3239} INFO - Sync 2 DAGs
[2025-01-17T14:09:27.606+0000] {logging_mixin.py:190} INFO - [2025-01-17T14:09:27.606+0000] {dag.py:4180} INFO - Setting next_dagrun for read_dataset_event to 2025-01-16 00:00:00+00:00, run_after=2025-01-17 00:00:00+00:00
[2025-01-17T14:09:27.613+0000] {logging_mixin.py:190} INFO - [2025-01-17T14:09:27.613+0000] {dag.py:4180} INFO - Setting next_dagrun for read_dataset_event_from_classic to 2025-01-16 00:00:00+00:00, run_after=2025-01-17 00:00:00+00:00
[2025-01-17T14:09:27.635+0000] {processor.py:208} INFO - Processing /home/airflow/.local/lib/python3.12/site-packages/airflow/example_dags/example_inlet_event_extra.py took 0.787 seconds
[2025-01-17T14:09:58.412+0000] {processor.py:186} INFO - Started process (PID=514) to work on /home/airflow/.local/lib/python3.12/site-packages/airflow/example_dags/example_inlet_event_extra.py
[2025-01-17T14:09:58.413+0000] {processor.py:914} INFO - Processing file /home/airflow/.local/lib/python3.12/site-packages/airflow/example_dags/example_inlet_event_extra.py for tasks to queue
[2025-01-17T14:09:58.415+0000] {logging_mixin.py:190} INFO - [2025-01-17T14:09:58.415+0000] {dagbag.py:588} INFO - Filling up the DagBag from /home/airflow/.local/lib/python3.12/site-packages/airflow/example_dags/example_inlet_event_extra.py
[2025-01-17T14:09:58.927+0000] {processor.py:925} INFO - DAG(s) 'read_dataset_event', 'read_dataset_event_from_classic' retrieved from /home/airflow/.local/lib/python3.12/site-packages/airflow/example_dags/example_inlet_event_extra.py
[2025-01-17T14:09:58.945+0000] {logging_mixin.py:190} INFO - [2025-01-17T14:09:58.945+0000] {dag.py:3239} INFO - Sync 2 DAGs
[2025-01-17T14:09:58.972+0000] {logging_mixin.py:190} INFO - [2025-01-17T14:09:58.971+0000] {dag.py:4180} INFO - Setting next_dagrun for read_dataset_event to 2025-01-16 00:00:00+00:00, run_after=2025-01-17 00:00:00+00:00
[2025-01-17T14:09:58.976+0000] {logging_mixin.py:190} INFO - [2025-01-17T14:09:58.976+0000] {dag.py:4180} INFO - Setting next_dagrun for read_dataset_event_from_classic to 2025-01-16 00:00:00+00:00, run_after=2025-01-17 00:00:00+00:00
[2025-01-17T14:09:58.992+0000] {processor.py:208} INFO - Processing /home/airflow/.local/lib/python3.12/site-packages/airflow/example_dags/example_inlet_event_extra.py took 0.585 seconds
[2025-01-17T14:10:29.688+0000] {processor.py:186} INFO - Started process (PID=577) to work on /home/airflow/.local/lib/python3.12/site-packages/airflow/example_dags/example_inlet_event_extra.py
[2025-01-17T14:10:29.690+0000] {processor.py:914} INFO - Processing file /home/airflow/.local/lib/python3.12/site-packages/airflow/example_dags/example_inlet_event_extra.py for tasks to queue
[2025-01-17T14:10:29.692+0000] {logging_mixin.py:190} INFO - [2025-01-17T14:10:29.692+0000] {dagbag.py:588} INFO - Filling up the DagBag from /home/airflow/.local/lib/python3.12/site-packages/airflow/example_dags/example_inlet_event_extra.py
[2025-01-17T14:10:30.166+0000] {processor.py:925} INFO - DAG(s) 'read_dataset_event_from_classic', 'read_dataset_event' retrieved from /home/airflow/.local/lib/python3.12/site-packages/airflow/example_dags/example_inlet_event_extra.py
[2025-01-17T14:10:30.185+0000] {logging_mixin.py:190} INFO - [2025-01-17T14:10:30.185+0000] {dag.py:3239} INFO - Sync 2 DAGs
[2025-01-17T14:10:30.206+0000] {logging_mixin.py:190} INFO - [2025-01-17T14:10:30.206+0000] {dag.py:4180} INFO - Setting next_dagrun for read_dataset_event to 2025-01-16 00:00:00+00:00, run_after=2025-01-17 00:00:00+00:00
[2025-01-17T14:10:30.211+0000] {logging_mixin.py:190} INFO - [2025-01-17T14:10:30.211+0000] {dag.py:4180} INFO - Setting next_dagrun for read_dataset_event_from_classic to 2025-01-16 00:00:00+00:00, run_after=2025-01-17 00:00:00+00:00
[2025-01-17T14:10:30.235+0000] {processor.py:208} INFO - Processing /home/airflow/.local/lib/python3.12/site-packages/airflow/example_dags/example_inlet_event_extra.py took 0.552 seconds
[2025-01-17T14:11:00.383+0000] {processor.py:186} INFO - Started process (PID=640) to work on /home/airflow/.local/lib/python3.12/site-packages/airflow/example_dags/example_inlet_event_extra.py
[2025-01-17T14:11:00.384+0000] {processor.py:914} INFO - Processing file /home/airflow/.local/lib/python3.12/site-packages/airflow/example_dags/example_inlet_event_extra.py for tasks to queue
[2025-01-17T14:11:00.386+0000] {logging_mixin.py:190} INFO - [2025-01-17T14:11:00.385+0000] {dagbag.py:588} INFO - Filling up the DagBag from /home/airflow/.local/lib/python3.12/site-packages/airflow/example_dags/example_inlet_event_extra.py
[2025-01-17T14:11:00.902+0000] {processor.py:925} INFO - DAG(s) 'read_dataset_event_from_classic', 'read_dataset_event' retrieved from /home/airflow/.local/lib/python3.12/site-packages/airflow/example_dags/example_inlet_event_extra.py
[2025-01-17T14:11:00.923+0000] {logging_mixin.py:190} INFO - [2025-01-17T14:11:00.922+0000] {dag.py:3239} INFO - Sync 2 DAGs
[2025-01-17T14:11:00.947+0000] {logging_mixin.py:190} INFO - [2025-01-17T14:11:00.947+0000] {dag.py:4180} INFO - Setting next_dagrun for read_dataset_event to 2025-01-16 00:00:00+00:00, run_after=2025-01-17 00:00:00+00:00
[2025-01-17T14:11:00.951+0000] {logging_mixin.py:190} INFO - [2025-01-17T14:11:00.951+0000] {dag.py:4180} INFO - Setting next_dagrun for read_dataset_event_from_classic to 2025-01-16 00:00:00+00:00, run_after=2025-01-17 00:00:00+00:00
[2025-01-17T14:11:00.982+0000] {processor.py:208} INFO - Processing /home/airflow/.local/lib/python3.12/site-packages/airflow/example_dags/example_inlet_event_extra.py took 0.604 seconds
[2025-01-17T14:11:31.260+0000] {processor.py:186} INFO - Started process (PID=703) to work on /home/airflow/.local/lib/python3.12/site-packages/airflow/example_dags/example_inlet_event_extra.py
[2025-01-17T14:11:31.261+0000] {processor.py:914} INFO - Processing file /home/airflow/.local/lib/python3.12/site-packages/airflow/example_dags/example_inlet_event_extra.py for tasks to queue
[2025-01-17T14:11:31.265+0000] {logging_mixin.py:190} INFO - [2025-01-17T14:11:31.265+0000] {dagbag.py:588} INFO - Filling up the DagBag from /home/airflow/.local/lib/python3.12/site-packages/airflow/example_dags/example_inlet_event_extra.py
[2025-01-17T14:11:31.855+0000] {processor.py:925} INFO - DAG(s) 'read_dataset_event_from_classic', 'read_dataset_event' retrieved from /home/airflow/.local/lib/python3.12/site-packages/airflow/example_dags/example_inlet_event_extra.py
[2025-01-17T14:11:31.876+0000] {logging_mixin.py:190} INFO - [2025-01-17T14:11:31.875+0000] {dag.py:3239} INFO - Sync 2 DAGs
[2025-01-17T14:11:31.904+0000] {logging_mixin.py:190} INFO - [2025-01-17T14:11:31.904+0000] {dag.py:4180} INFO - Setting next_dagrun for read_dataset_event to 2025-01-16 00:00:00+00:00, run_after=2025-01-17 00:00:00+00:00
[2025-01-17T14:11:31.909+0000] {logging_mixin.py:190} INFO - [2025-01-17T14:11:31.909+0000] {dag.py:4180} INFO - Setting next_dagrun for read_dataset_event_from_classic to 2025-01-16 00:00:00+00:00, run_after=2025-01-17 00:00:00+00:00
[2025-01-17T14:11:31.942+0000] {processor.py:208} INFO - Processing /home/airflow/.local/lib/python3.12/site-packages/airflow/example_dags/example_inlet_event_extra.py took 0.687 seconds
[2025-01-17T14:12:02.566+0000] {processor.py:186} INFO - Started process (PID=767) to work on /home/airflow/.local/lib/python3.12/site-packages/airflow/example_dags/example_inlet_event_extra.py
[2025-01-17T14:12:02.568+0000] {processor.py:914} INFO - Processing file /home/airflow/.local/lib/python3.12/site-packages/airflow/example_dags/example_inlet_event_extra.py for tasks to queue
[2025-01-17T14:12:02.570+0000] {logging_mixin.py:190} INFO - [2025-01-17T14:12:02.570+0000] {dagbag.py:588} INFO - Filling up the DagBag from /home/airflow/.local/lib/python3.12/site-packages/airflow/example_dags/example_inlet_event_extra.py
[2025-01-17T14:12:03.037+0000] {processor.py:925} INFO - DAG(s) 'read_dataset_event_from_classic', 'read_dataset_event' retrieved from /home/airflow/.local/lib/python3.12/site-packages/airflow/example_dags/example_inlet_event_extra.py
[2025-01-17T14:12:03.061+0000] {logging_mixin.py:190} INFO - [2025-01-17T14:12:03.061+0000] {dag.py:3239} INFO - Sync 2 DAGs
[2025-01-17T14:12:03.082+0000] {logging_mixin.py:190} INFO - [2025-01-17T14:12:03.082+0000] {dag.py:4180} INFO - Setting next_dagrun for read_dataset_event to 2025-01-16 00:00:00+00:00, run_after=2025-01-17 00:00:00+00:00
[2025-01-17T14:12:03.089+0000] {logging_mixin.py:190} INFO - [2025-01-17T14:12:03.088+0000] {dag.py:4180} INFO - Setting next_dagrun for read_dataset_event_from_classic to 2025-01-16 00:00:00+00:00, run_after=2025-01-17 00:00:00+00:00
[2025-01-17T14:12:03.105+0000] {processor.py:208} INFO - Processing /home/airflow/.local/lib/python3.12/site-packages/airflow/example_dags/example_inlet_event_extra.py took 0.543 seconds
[2025-01-17T14:12:33.226+0000] {processor.py:186} INFO - Started process (PID=830) to work on /home/airflow/.local/lib/python3.12/site-packages/airflow/example_dags/example_inlet_event_extra.py
[2025-01-17T14:12:33.227+0000] {processor.py:914} INFO - Processing file /home/airflow/.local/lib/python3.12/site-packages/airflow/example_dags/example_inlet_event_extra.py for tasks to queue
[2025-01-17T14:12:33.229+0000] {logging_mixin.py:190} INFO - [2025-01-17T14:12:33.229+0000] {dagbag.py:588} INFO - Filling up the DagBag from /home/airflow/.local/lib/python3.12/site-packages/airflow/example_dags/example_inlet_event_extra.py
[2025-01-17T14:12:33.692+0000] {processor.py:925} INFO - DAG(s) 'read_dataset_event_from_classic', 'read_dataset_event' retrieved from /home/airflow/.local/lib/python3.12/site-packages/airflow/example_dags/example_inlet_event_extra.py
[2025-01-17T14:12:33.712+0000] {logging_mixin.py:190} INFO - [2025-01-17T14:12:33.712+0000] {dag.py:3239} INFO - Sync 2 DAGs
[2025-01-17T14:12:33.732+0000] {logging_mixin.py:190} INFO - [2025-01-17T14:12:33.732+0000] {dag.py:4180} INFO - Setting next_dagrun for read_dataset_event to 2025-01-16 00:00:00+00:00, run_after=2025-01-17 00:00:00+00:00
[2025-01-17T14:12:33.737+0000] {logging_mixin.py:190} INFO - [2025-01-17T14:12:33.737+0000] {dag.py:4180} INFO - Setting next_dagrun for read_dataset_event_from_classic to 2025-01-16 00:00:00+00:00, run_after=2025-01-17 00:00:00+00:00
[2025-01-17T14:12:33.766+0000] {processor.py:208} INFO - Processing /home/airflow/.local/lib/python3.12/site-packages/airflow/example_dags/example_inlet_event_extra.py took 0.545 seconds
[2025-01-17T14:13:04.651+0000] {processor.py:186} INFO - Started process (PID=893) to work on /home/airflow/.local/lib/python3.12/site-packages/airflow/example_dags/example_inlet_event_extra.py
[2025-01-17T14:13:04.652+0000] {processor.py:914} INFO - Processing file /home/airflow/.local/lib/python3.12/site-packages/airflow/example_dags/example_inlet_event_extra.py for tasks to queue
[2025-01-17T14:13:04.654+0000] {logging_mixin.py:190} INFO - [2025-01-17T14:13:04.653+0000] {dagbag.py:588} INFO - Filling up the DagBag from /home/airflow/.local/lib/python3.12/site-packages/airflow/example_dags/example_inlet_event_extra.py
[2025-01-17T14:13:05.220+0000] {processor.py:925} INFO - DAG(s) 'read_dataset_event', 'read_dataset_event_from_classic' retrieved from /home/airflow/.local/lib/python3.12/site-packages/airflow/example_dags/example_inlet_event_extra.py
[2025-01-17T14:13:05.251+0000] {logging_mixin.py:190} INFO - [2025-01-17T14:13:05.251+0000] {dag.py:3239} INFO - Sync 2 DAGs
[2025-01-17T14:13:05.291+0000] {logging_mixin.py:190} INFO - [2025-01-17T14:13:05.290+0000] {dag.py:4180} INFO - Setting next_dagrun for read_dataset_event to 2025-01-16 00:00:00+00:00, run_after=2025-01-17 00:00:00+00:00
[2025-01-17T14:13:05.299+0000] {logging_mixin.py:190} INFO - [2025-01-17T14:13:05.298+0000] {dag.py:4180} INFO - Setting next_dagrun for read_dataset_event_from_classic to 2025-01-16 00:00:00+00:00, run_after=2025-01-17 00:00:00+00:00
[2025-01-17T14:13:05.321+0000] {processor.py:208} INFO - Processing /home/airflow/.local/lib/python3.12/site-packages/airflow/example_dags/example_inlet_event_extra.py took 0.675 seconds
[2025-01-17T14:13:35.672+0000] {processor.py:186} INFO - Started process (PID=956) to work on /home/airflow/.local/lib/python3.12/site-packages/airflow/example_dags/example_inlet_event_extra.py
[2025-01-17T14:13:35.673+0000] {processor.py:914} INFO - Processing file /home/airflow/.local/lib/python3.12/site-packages/airflow/example_dags/example_inlet_event_extra.py for tasks to queue
[2025-01-17T14:13:35.675+0000] {logging_mixin.py:190} INFO - [2025-01-17T14:13:35.675+0000] {dagbag.py:588} INFO - Filling up the DagBag from /home/airflow/.local/lib/python3.12/site-packages/airflow/example_dags/example_inlet_event_extra.py
[2025-01-17T14:13:36.401+0000] {processor.py:925} INFO - DAG(s) 'read_dataset_event', 'read_dataset_event_from_classic' retrieved from /home/airflow/.local/lib/python3.12/site-packages/airflow/example_dags/example_inlet_event_extra.py
[2025-01-17T14:13:36.429+0000] {logging_mixin.py:190} INFO - [2025-01-17T14:13:36.429+0000] {dag.py:3239} INFO - Sync 2 DAGs
[2025-01-17T14:13:36.461+0000] {logging_mixin.py:190} INFO - [2025-01-17T14:13:36.460+0000] {dag.py:4180} INFO - Setting next_dagrun for read_dataset_event to 2025-01-16 00:00:00+00:00, run_after=2025-01-17 00:00:00+00:00
[2025-01-17T14:13:36.468+0000] {logging_mixin.py:190} INFO - [2025-01-17T14:13:36.468+0000] {dag.py:4180} INFO - Setting next_dagrun for read_dataset_event_from_classic to 2025-01-16 00:00:00+00:00, run_after=2025-01-17 00:00:00+00:00
[2025-01-17T14:13:36.488+0000] {processor.py:208} INFO - Processing /home/airflow/.local/lib/python3.12/site-packages/airflow/example_dags/example_inlet_event_extra.py took 0.823 seconds
[2025-01-17T14:14:07.203+0000] {processor.py:186} INFO - Started process (PID=1020) to work on /home/airflow/.local/lib/python3.12/site-packages/airflow/example_dags/example_inlet_event_extra.py
[2025-01-17T14:14:07.206+0000] {processor.py:914} INFO - Processing file /home/airflow/.local/lib/python3.12/site-packages/airflow/example_dags/example_inlet_event_extra.py for tasks to queue
[2025-01-17T14:14:07.209+0000] {logging_mixin.py:190} INFO - [2025-01-17T14:14:07.208+0000] {dagbag.py:588} INFO - Filling up the DagBag from /home/airflow/.local/lib/python3.12/site-packages/airflow/example_dags/example_inlet_event_extra.py
[2025-01-17T14:14:08.125+0000] {processor.py:925} INFO - DAG(s) 'read_dataset_event', 'read_dataset_event_from_classic' retrieved from /home/airflow/.local/lib/python3.12/site-packages/airflow/example_dags/example_inlet_event_extra.py
[2025-01-17T14:14:08.177+0000] {logging_mixin.py:190} INFO - [2025-01-17T14:14:08.177+0000] {dag.py:3239} INFO - Sync 2 DAGs
[2025-01-17T14:14:08.248+0000] {logging_mixin.py:190} INFO - [2025-01-17T14:14:08.247+0000] {dag.py:4180} INFO - Setting next_dagrun for read_dataset_event to 2025-01-16 00:00:00+00:00, run_after=2025-01-17 00:00:00+00:00
[2025-01-17T14:14:08.263+0000] {logging_mixin.py:190} INFO - [2025-01-17T14:14:08.262+0000] {dag.py:4180} INFO - Setting next_dagrun for read_dataset_event_from_classic to 2025-01-16 00:00:00+00:00, run_after=2025-01-17 00:00:00+00:00
[2025-01-17T14:14:08.316+0000] {processor.py:208} INFO - Processing /home/airflow/.local/lib/python3.12/site-packages/airflow/example_dags/example_inlet_event_extra.py took 1.119 seconds
