[2025-01-17T14:06:45.720+0000] {processor.py:186} INFO - Started process (PID=115) to work on /home/airflow/.local/lib/python3.12/site-packages/airflow/example_dags/example_sla_dag.py
[2025-01-17T14:06:45.723+0000] {processor.py:914} INFO - Processing file /home/airflow/.local/lib/python3.12/site-packages/airflow/example_dags/example_sla_dag.py for tasks to queue
[2025-01-17T14:06:45.730+0000] {logging_mixin.py:190} INFO - [2025-01-17T14:06:45.730+0000] {dagbag.py:588} INFO - Filling up the DagBag from /home/airflow/.local/lib/python3.12/site-packages/airflow/example_dags/example_sla_dag.py
[2025-01-17T14:06:45.757+0000] {processor.py:925} INFO - DAG(s) 'example_sla_dag' retrieved from /home/airflow/.local/lib/python3.12/site-packages/airflow/example_dags/example_sla_dag.py
[2025-01-17T14:06:45.940+0000] {logging_mixin.py:190} INFO - [2025-01-17T14:06:45.939+0000] {override.py:1911} INFO - Created Permission View: can read on DAG:example_sla_dag
[2025-01-17T14:06:45.957+0000] {logging_mixin.py:190} INFO - [2025-01-17T14:06:45.956+0000] {override.py:1911} INFO - Created Permission View: can delete on DAG:example_sla_dag
[2025-01-17T14:06:45.971+0000] {logging_mixin.py:190} INFO - [2025-01-17T14:06:45.970+0000] {override.py:1911} INFO - Created Permission View: can edit on DAG:example_sla_dag
[2025-01-17T14:06:46.000+0000] {logging_mixin.py:190} INFO - [2025-01-17T14:06:45.999+0000] {override.py:1911} INFO - Created Permission View: menu access on DAG Run:example_sla_dag
[2025-01-17T14:06:46.021+0000] {logging_mixin.py:190} INFO - [2025-01-17T14:06:46.020+0000] {override.py:1911} INFO - Created Permission View: can read on DAG Run:example_sla_dag
[2025-01-17T14:06:46.040+0000] {logging_mixin.py:190} INFO - [2025-01-17T14:06:46.039+0000] {override.py:1911} INFO - Created Permission View: can delete on DAG Run:example_sla_dag
[2025-01-17T14:06:46.056+0000] {logging_mixin.py:190} INFO - [2025-01-17T14:06:46.055+0000] {override.py:1911} INFO - Created Permission View: can create on DAG Run:example_sla_dag
[2025-01-17T14:06:46.058+0000] {logging_mixin.py:190} INFO - [2025-01-17T14:06:46.057+0000] {dag.py:3239} INFO - Sync 1 DAGs
[2025-01-17T14:06:46.090+0000] {logging_mixin.py:190} INFO - [2025-01-17T14:06:46.090+0000] {dag.py:3262} INFO - Creating ORM DAG for example_sla_dag
[2025-01-17T14:06:46.112+0000] {logging_mixin.py:190} INFO - [2025-01-17T14:06:46.112+0000] {dag.py:4180} INFO - Setting next_dagrun for example_sla_dag to 2025-01-17 14:04:00+00:00, run_after=2025-01-17 14:06:00+00:00
[2025-01-17T14:06:46.143+0000] {processor.py:208} INFO - Processing /home/airflow/.local/lib/python3.12/site-packages/airflow/example_dags/example_sla_dag.py took 0.442 seconds
[2025-01-17T14:07:16.703+0000] {processor.py:186} INFO - Started process (PID=178) to work on /home/airflow/.local/lib/python3.12/site-packages/airflow/example_dags/example_sla_dag.py
[2025-01-17T14:07:16.704+0000] {processor.py:914} INFO - Processing file /home/airflow/.local/lib/python3.12/site-packages/airflow/example_dags/example_sla_dag.py for tasks to queue
[2025-01-17T14:07:16.706+0000] {logging_mixin.py:190} INFO - [2025-01-17T14:07:16.706+0000] {dagbag.py:588} INFO - Filling up the DagBag from /home/airflow/.local/lib/python3.12/site-packages/airflow/example_dags/example_sla_dag.py
[2025-01-17T14:07:16.714+0000] {processor.py:925} INFO - DAG(s) 'example_sla_dag' retrieved from /home/airflow/.local/lib/python3.12/site-packages/airflow/example_dags/example_sla_dag.py
[2025-01-17T14:07:16.731+0000] {logging_mixin.py:190} INFO - [2025-01-17T14:07:16.730+0000] {dag.py:3239} INFO - Sync 1 DAGs
[2025-01-17T14:07:16.755+0000] {logging_mixin.py:190} INFO - [2025-01-17T14:07:16.754+0000] {dag.py:4180} INFO - Setting next_dagrun for example_sla_dag to 2025-01-17 14:04:00+00:00, run_after=2025-01-17 14:06:00+00:00
[2025-01-17T14:07:16.778+0000] {processor.py:208} INFO - Processing /home/airflow/.local/lib/python3.12/site-packages/airflow/example_dags/example_sla_dag.py took 0.081 seconds
[2025-01-17T14:07:47.397+0000] {processor.py:186} INFO - Started process (PID=241) to work on /home/airflow/.local/lib/python3.12/site-packages/airflow/example_dags/example_sla_dag.py
[2025-01-17T14:07:47.398+0000] {processor.py:914} INFO - Processing file /home/airflow/.local/lib/python3.12/site-packages/airflow/example_dags/example_sla_dag.py for tasks to queue
[2025-01-17T14:07:47.400+0000] {logging_mixin.py:190} INFO - [2025-01-17T14:07:47.399+0000] {dagbag.py:588} INFO - Filling up the DagBag from /home/airflow/.local/lib/python3.12/site-packages/airflow/example_dags/example_sla_dag.py
[2025-01-17T14:07:47.410+0000] {processor.py:925} INFO - DAG(s) 'example_sla_dag' retrieved from /home/airflow/.local/lib/python3.12/site-packages/airflow/example_dags/example_sla_dag.py
[2025-01-17T14:07:47.426+0000] {logging_mixin.py:190} INFO - [2025-01-17T14:07:47.426+0000] {dag.py:3239} INFO - Sync 1 DAGs
[2025-01-17T14:07:47.449+0000] {logging_mixin.py:190} INFO - [2025-01-17T14:07:47.449+0000] {dag.py:4180} INFO - Setting next_dagrun for example_sla_dag to 2025-01-17 14:04:00+00:00, run_after=2025-01-17 14:06:00+00:00
[2025-01-17T14:07:47.469+0000] {processor.py:208} INFO - Processing /home/airflow/.local/lib/python3.12/site-packages/airflow/example_dags/example_sla_dag.py took 0.077 seconds
[2025-01-17T14:08:17.905+0000] {processor.py:186} INFO - Started process (PID=305) to work on /home/airflow/.local/lib/python3.12/site-packages/airflow/example_dags/example_sla_dag.py
[2025-01-17T14:08:17.907+0000] {processor.py:914} INFO - Processing file /home/airflow/.local/lib/python3.12/site-packages/airflow/example_dags/example_sla_dag.py for tasks to queue
[2025-01-17T14:08:17.916+0000] {logging_mixin.py:190} INFO - [2025-01-17T14:08:17.915+0000] {dagbag.py:588} INFO - Filling up the DagBag from /home/airflow/.local/lib/python3.12/site-packages/airflow/example_dags/example_sla_dag.py
[2025-01-17T14:08:17.943+0000] {processor.py:925} INFO - DAG(s) 'example_sla_dag' retrieved from /home/airflow/.local/lib/python3.12/site-packages/airflow/example_dags/example_sla_dag.py
[2025-01-17T14:08:17.986+0000] {logging_mixin.py:190} INFO - [2025-01-17T14:08:17.985+0000] {dag.py:3239} INFO - Sync 1 DAGs
[2025-01-17T14:08:18.033+0000] {logging_mixin.py:190} INFO - [2025-01-17T14:08:18.033+0000] {dag.py:4180} INFO - Setting next_dagrun for example_sla_dag to 2025-01-17 14:06:00+00:00, run_after=2025-01-17 14:08:00+00:00
[2025-01-17T14:08:18.059+0000] {processor.py:208} INFO - Processing /home/airflow/.local/lib/python3.12/site-packages/airflow/example_dags/example_sla_dag.py took 0.170 seconds
[2025-01-17T14:08:50.542+0000] {processor.py:186} INFO - Started process (PID=369) to work on /home/airflow/.local/lib/python3.12/site-packages/airflow/example_dags/example_sla_dag.py
[2025-01-17T14:08:50.544+0000] {processor.py:914} INFO - Processing file /home/airflow/.local/lib/python3.12/site-packages/airflow/example_dags/example_sla_dag.py for tasks to queue
[2025-01-17T14:08:50.555+0000] {logging_mixin.py:190} INFO - [2025-01-17T14:08:50.554+0000] {dagbag.py:588} INFO - Filling up the DagBag from /home/airflow/.local/lib/python3.12/site-packages/airflow/example_dags/example_sla_dag.py
[2025-01-17T14:08:50.576+0000] {processor.py:925} INFO - DAG(s) 'example_sla_dag' retrieved from /home/airflow/.local/lib/python3.12/site-packages/airflow/example_dags/example_sla_dag.py
[2025-01-17T14:08:50.611+0000] {logging_mixin.py:190} INFO - [2025-01-17T14:08:50.610+0000] {dag.py:3239} INFO - Sync 1 DAGs
[2025-01-17T14:08:50.680+0000] {logging_mixin.py:190} INFO - [2025-01-17T14:08:50.679+0000] {dag.py:4180} INFO - Setting next_dagrun for example_sla_dag to 2025-01-17 14:06:00+00:00, run_after=2025-01-17 14:08:00+00:00
[2025-01-17T14:08:50.784+0000] {processor.py:208} INFO - Processing /home/airflow/.local/lib/python3.12/site-packages/airflow/example_dags/example_sla_dag.py took 0.256 seconds
[2025-01-17T14:09:20.930+0000] {processor.py:186} INFO - Started process (PID=432) to work on /home/airflow/.local/lib/python3.12/site-packages/airflow/example_dags/example_sla_dag.py
[2025-01-17T14:09:20.931+0000] {processor.py:914} INFO - Processing file /home/airflow/.local/lib/python3.12/site-packages/airflow/example_dags/example_sla_dag.py for tasks to queue
[2025-01-17T14:09:20.933+0000] {logging_mixin.py:190} INFO - [2025-01-17T14:09:20.933+0000] {dagbag.py:588} INFO - Filling up the DagBag from /home/airflow/.local/lib/python3.12/site-packages/airflow/example_dags/example_sla_dag.py
[2025-01-17T14:09:20.946+0000] {processor.py:925} INFO - DAG(s) 'example_sla_dag' retrieved from /home/airflow/.local/lib/python3.12/site-packages/airflow/example_dags/example_sla_dag.py
[2025-01-17T14:09:20.969+0000] {logging_mixin.py:190} INFO - [2025-01-17T14:09:20.969+0000] {dag.py:3239} INFO - Sync 1 DAGs
[2025-01-17T14:09:20.997+0000] {logging_mixin.py:190} INFO - [2025-01-17T14:09:20.997+0000] {dag.py:4180} INFO - Setting next_dagrun for example_sla_dag to 2025-01-17 14:06:00+00:00, run_after=2025-01-17 14:08:00+00:00
[2025-01-17T14:09:21.019+0000] {processor.py:208} INFO - Processing /home/airflow/.local/lib/python3.12/site-packages/airflow/example_dags/example_sla_dag.py took 0.094 seconds
[2025-01-17T14:09:52.337+0000] {processor.py:186} INFO - Started process (PID=495) to work on /home/airflow/.local/lib/python3.12/site-packages/airflow/example_dags/example_sla_dag.py
[2025-01-17T14:09:52.339+0000] {processor.py:914} INFO - Processing file /home/airflow/.local/lib/python3.12/site-packages/airflow/example_dags/example_sla_dag.py for tasks to queue
[2025-01-17T14:09:52.342+0000] {logging_mixin.py:190} INFO - [2025-01-17T14:09:52.342+0000] {dagbag.py:588} INFO - Filling up the DagBag from /home/airflow/.local/lib/python3.12/site-packages/airflow/example_dags/example_sla_dag.py
[2025-01-17T14:09:52.351+0000] {processor.py:925} INFO - DAG(s) 'example_sla_dag' retrieved from /home/airflow/.local/lib/python3.12/site-packages/airflow/example_dags/example_sla_dag.py
[2025-01-17T14:09:52.370+0000] {logging_mixin.py:190} INFO - [2025-01-17T14:09:52.370+0000] {dag.py:3239} INFO - Sync 1 DAGs
[2025-01-17T14:09:52.399+0000] {logging_mixin.py:190} INFO - [2025-01-17T14:09:52.398+0000] {dag.py:4180} INFO - Setting next_dagrun for example_sla_dag to 2025-01-17 14:06:00+00:00, run_after=2025-01-17 14:08:00+00:00
[2025-01-17T14:09:52.431+0000] {processor.py:208} INFO - Processing /home/airflow/.local/lib/python3.12/site-packages/airflow/example_dags/example_sla_dag.py took 0.099 seconds
[2025-01-17T14:10:23.700+0000] {processor.py:186} INFO - Started process (PID=558) to work on /home/airflow/.local/lib/python3.12/site-packages/airflow/example_dags/example_sla_dag.py
[2025-01-17T14:10:23.701+0000] {processor.py:914} INFO - Processing file /home/airflow/.local/lib/python3.12/site-packages/airflow/example_dags/example_sla_dag.py for tasks to queue
[2025-01-17T14:10:23.703+0000] {logging_mixin.py:190} INFO - [2025-01-17T14:10:23.703+0000] {dagbag.py:588} INFO - Filling up the DagBag from /home/airflow/.local/lib/python3.12/site-packages/airflow/example_dags/example_sla_dag.py
[2025-01-17T14:10:23.713+0000] {processor.py:925} INFO - DAG(s) 'example_sla_dag' retrieved from /home/airflow/.local/lib/python3.12/site-packages/airflow/example_dags/example_sla_dag.py
[2025-01-17T14:10:23.733+0000] {logging_mixin.py:190} INFO - [2025-01-17T14:10:23.733+0000] {dag.py:3239} INFO - Sync 1 DAGs
[2025-01-17T14:10:23.756+0000] {logging_mixin.py:190} INFO - [2025-01-17T14:10:23.756+0000] {dag.py:4180} INFO - Setting next_dagrun for example_sla_dag to 2025-01-17 14:08:00+00:00, run_after=2025-01-17 14:10:00+00:00
[2025-01-17T14:10:23.774+0000] {processor.py:208} INFO - Processing /home/airflow/.local/lib/python3.12/site-packages/airflow/example_dags/example_sla_dag.py took 0.079 seconds
[2025-01-17T14:10:55.208+0000] {processor.py:186} INFO - Started process (PID=621) to work on /home/airflow/.local/lib/python3.12/site-packages/airflow/example_dags/example_sla_dag.py
[2025-01-17T14:10:55.209+0000] {processor.py:914} INFO - Processing file /home/airflow/.local/lib/python3.12/site-packages/airflow/example_dags/example_sla_dag.py for tasks to queue
[2025-01-17T14:10:55.211+0000] {logging_mixin.py:190} INFO - [2025-01-17T14:10:55.211+0000] {dagbag.py:588} INFO - Filling up the DagBag from /home/airflow/.local/lib/python3.12/site-packages/airflow/example_dags/example_sla_dag.py
[2025-01-17T14:10:55.222+0000] {processor.py:925} INFO - DAG(s) 'example_sla_dag' retrieved from /home/airflow/.local/lib/python3.12/site-packages/airflow/example_dags/example_sla_dag.py
[2025-01-17T14:10:55.241+0000] {logging_mixin.py:190} INFO - [2025-01-17T14:10:55.241+0000] {dag.py:3239} INFO - Sync 1 DAGs
[2025-01-17T14:10:55.267+0000] {logging_mixin.py:190} INFO - [2025-01-17T14:10:55.267+0000] {dag.py:4180} INFO - Setting next_dagrun for example_sla_dag to 2025-01-17 14:08:00+00:00, run_after=2025-01-17 14:10:00+00:00
[2025-01-17T14:10:55.288+0000] {processor.py:208} INFO - Processing /home/airflow/.local/lib/python3.12/site-packages/airflow/example_dags/example_sla_dag.py took 0.086 seconds
[2025-01-17T14:11:26.657+0000] {processor.py:186} INFO - Started process (PID=684) to work on /home/airflow/.local/lib/python3.12/site-packages/airflow/example_dags/example_sla_dag.py
[2025-01-17T14:11:26.658+0000] {processor.py:914} INFO - Processing file /home/airflow/.local/lib/python3.12/site-packages/airflow/example_dags/example_sla_dag.py for tasks to queue
[2025-01-17T14:11:26.660+0000] {logging_mixin.py:190} INFO - [2025-01-17T14:11:26.660+0000] {dagbag.py:588} INFO - Filling up the DagBag from /home/airflow/.local/lib/python3.12/site-packages/airflow/example_dags/example_sla_dag.py
[2025-01-17T14:11:26.673+0000] {processor.py:925} INFO - DAG(s) 'example_sla_dag' retrieved from /home/airflow/.local/lib/python3.12/site-packages/airflow/example_dags/example_sla_dag.py
[2025-01-17T14:11:26.695+0000] {logging_mixin.py:190} INFO - [2025-01-17T14:11:26.694+0000] {dag.py:3239} INFO - Sync 1 DAGs
[2025-01-17T14:11:26.724+0000] {logging_mixin.py:190} INFO - [2025-01-17T14:11:26.724+0000] {dag.py:4180} INFO - Setting next_dagrun for example_sla_dag to 2025-01-17 14:08:00+00:00, run_after=2025-01-17 14:10:00+00:00
[2025-01-17T14:11:26.746+0000] {processor.py:208} INFO - Processing /home/airflow/.local/lib/python3.12/site-packages/airflow/example_dags/example_sla_dag.py took 0.098 seconds
[2025-01-17T14:11:58.212+0000] {processor.py:186} INFO - Started process (PID=748) to work on /home/airflow/.local/lib/python3.12/site-packages/airflow/example_dags/example_sla_dag.py
[2025-01-17T14:11:58.213+0000] {processor.py:914} INFO - Processing file /home/airflow/.local/lib/python3.12/site-packages/airflow/example_dags/example_sla_dag.py for tasks to queue
[2025-01-17T14:11:58.216+0000] {logging_mixin.py:190} INFO - [2025-01-17T14:11:58.215+0000] {dagbag.py:588} INFO - Filling up the DagBag from /home/airflow/.local/lib/python3.12/site-packages/airflow/example_dags/example_sla_dag.py
[2025-01-17T14:11:58.228+0000] {processor.py:925} INFO - DAG(s) 'example_sla_dag' retrieved from /home/airflow/.local/lib/python3.12/site-packages/airflow/example_dags/example_sla_dag.py
[2025-01-17T14:11:58.249+0000] {logging_mixin.py:190} INFO - [2025-01-17T14:11:58.249+0000] {dag.py:3239} INFO - Sync 1 DAGs
[2025-01-17T14:11:58.279+0000] {logging_mixin.py:190} INFO - [2025-01-17T14:11:58.279+0000] {dag.py:4180} INFO - Setting next_dagrun for example_sla_dag to 2025-01-17 14:08:00+00:00, run_after=2025-01-17 14:10:00+00:00
[2025-01-17T14:11:58.304+0000] {processor.py:208} INFO - Processing /home/airflow/.local/lib/python3.12/site-packages/airflow/example_dags/example_sla_dag.py took 0.102 seconds
[2025-01-17T14:12:29.824+0000] {processor.py:186} INFO - Started process (PID=811) to work on /home/airflow/.local/lib/python3.12/site-packages/airflow/example_dags/example_sla_dag.py
[2025-01-17T14:12:29.826+0000] {processor.py:914} INFO - Processing file /home/airflow/.local/lib/python3.12/site-packages/airflow/example_dags/example_sla_dag.py for tasks to queue
[2025-01-17T14:12:29.830+0000] {logging_mixin.py:190} INFO - [2025-01-17T14:12:29.829+0000] {dagbag.py:588} INFO - Filling up the DagBag from /home/airflow/.local/lib/python3.12/site-packages/airflow/example_dags/example_sla_dag.py
[2025-01-17T14:12:29.843+0000] {processor.py:925} INFO - DAG(s) 'example_sla_dag' retrieved from /home/airflow/.local/lib/python3.12/site-packages/airflow/example_dags/example_sla_dag.py
[2025-01-17T14:12:29.867+0000] {logging_mixin.py:190} INFO - [2025-01-17T14:12:29.867+0000] {dag.py:3239} INFO - Sync 1 DAGs
[2025-01-17T14:12:29.898+0000] {logging_mixin.py:190} INFO - [2025-01-17T14:12:29.898+0000] {dag.py:4180} INFO - Setting next_dagrun for example_sla_dag to 2025-01-17 14:10:00+00:00, run_after=2025-01-17 14:12:00+00:00
[2025-01-17T14:12:29.923+0000] {processor.py:208} INFO - Processing /home/airflow/.local/lib/python3.12/site-packages/airflow/example_dags/example_sla_dag.py took 0.107 seconds
[2025-01-17T14:13:00.816+0000] {processor.py:186} INFO - Started process (PID=874) to work on /home/airflow/.local/lib/python3.12/site-packages/airflow/example_dags/example_sla_dag.py
[2025-01-17T14:13:00.818+0000] {processor.py:914} INFO - Processing file /home/airflow/.local/lib/python3.12/site-packages/airflow/example_dags/example_sla_dag.py for tasks to queue
[2025-01-17T14:13:00.823+0000] {logging_mixin.py:190} INFO - [2025-01-17T14:13:00.822+0000] {dagbag.py:588} INFO - Filling up the DagBag from /home/airflow/.local/lib/python3.12/site-packages/airflow/example_dags/example_sla_dag.py
[2025-01-17T14:13:00.841+0000] {processor.py:925} INFO - DAG(s) 'example_sla_dag' retrieved from /home/airflow/.local/lib/python3.12/site-packages/airflow/example_dags/example_sla_dag.py
[2025-01-17T14:13:00.868+0000] {logging_mixin.py:190} INFO - [2025-01-17T14:13:00.868+0000] {dag.py:3239} INFO - Sync 1 DAGs
[2025-01-17T14:13:00.906+0000] {logging_mixin.py:190} INFO - [2025-01-17T14:13:00.905+0000] {dag.py:4180} INFO - Setting next_dagrun for example_sla_dag to 2025-01-17 14:10:00+00:00, run_after=2025-01-17 14:12:00+00:00
[2025-01-17T14:13:00.933+0000] {processor.py:208} INFO - Processing /home/airflow/.local/lib/python3.12/site-packages/airflow/example_dags/example_sla_dag.py took 0.126 seconds
[2025-01-17T14:13:32.018+0000] {processor.py:186} INFO - Started process (PID=937) to work on /home/airflow/.local/lib/python3.12/site-packages/airflow/example_dags/example_sla_dag.py
[2025-01-17T14:13:32.020+0000] {processor.py:914} INFO - Processing file /home/airflow/.local/lib/python3.12/site-packages/airflow/example_dags/example_sla_dag.py for tasks to queue
[2025-01-17T14:13:32.023+0000] {logging_mixin.py:190} INFO - [2025-01-17T14:13:32.023+0000] {dagbag.py:588} INFO - Filling up the DagBag from /home/airflow/.local/lib/python3.12/site-packages/airflow/example_dags/example_sla_dag.py
[2025-01-17T14:13:32.038+0000] {processor.py:925} INFO - DAG(s) 'example_sla_dag' retrieved from /home/airflow/.local/lib/python3.12/site-packages/airflow/example_dags/example_sla_dag.py
[2025-01-17T14:13:32.070+0000] {logging_mixin.py:190} INFO - [2025-01-17T14:13:32.069+0000] {dag.py:3239} INFO - Sync 1 DAGs
[2025-01-17T14:13:32.101+0000] {logging_mixin.py:190} INFO - [2025-01-17T14:13:32.100+0000] {dag.py:4180} INFO - Setting next_dagrun for example_sla_dag to 2025-01-17 14:10:00+00:00, run_after=2025-01-17 14:12:00+00:00
[2025-01-17T14:13:32.127+0000] {processor.py:208} INFO - Processing /home/airflow/.local/lib/python3.12/site-packages/airflow/example_dags/example_sla_dag.py took 0.117 seconds
[2025-01-17T14:14:02.701+0000] {processor.py:186} INFO - Started process (PID=1001) to work on /home/airflow/.local/lib/python3.12/site-packages/airflow/example_dags/example_sla_dag.py
[2025-01-17T14:14:02.702+0000] {processor.py:914} INFO - Processing file /home/airflow/.local/lib/python3.12/site-packages/airflow/example_dags/example_sla_dag.py for tasks to queue
[2025-01-17T14:14:02.704+0000] {logging_mixin.py:190} INFO - [2025-01-17T14:14:02.704+0000] {dagbag.py:588} INFO - Filling up the DagBag from /home/airflow/.local/lib/python3.12/site-packages/airflow/example_dags/example_sla_dag.py
[2025-01-17T14:14:02.717+0000] {processor.py:925} INFO - DAG(s) 'example_sla_dag' retrieved from /home/airflow/.local/lib/python3.12/site-packages/airflow/example_dags/example_sla_dag.py
[2025-01-17T14:14:02.737+0000] {logging_mixin.py:190} INFO - [2025-01-17T14:14:02.737+0000] {dag.py:3239} INFO - Sync 1 DAGs
[2025-01-17T14:14:02.760+0000] {logging_mixin.py:190} INFO - [2025-01-17T14:14:02.760+0000] {dag.py:4180} INFO - Setting next_dagrun for example_sla_dag to 2025-01-17 14:12:00+00:00, run_after=2025-01-17 14:14:00+00:00
[2025-01-17T14:14:02.789+0000] {processor.py:208} INFO - Processing /home/airflow/.local/lib/python3.12/site-packages/airflow/example_dags/example_sla_dag.py took 0.093 seconds
