[2025-01-17T14:06:48.333+0000] {processor.py:186} INFO - Started process (PID=124) to work on /home/airflow/.local/lib/python3.12/site-packages/airflow/example_dags/example_datasets.py
[2025-01-17T14:06:48.350+0000] {processor.py:914} INFO - Processing file /home/airflow/.local/lib/python3.12/site-packages/airflow/example_dags/example_datasets.py for tasks to queue
[2025-01-17T14:06:48.354+0000] {logging_mixin.py:190} INFO - [2025-01-17T14:06:48.354+0000] {dagbag.py:588} INFO - Filling up the DagBag from /home/airflow/.local/lib/python3.12/site-packages/airflow/example_dags/example_datasets.py
[2025-01-17T14:06:49.167+0000] {processor.py:925} INFO - DAG(s) 'conditional_dataset_and_time_based_timetable', 'dataset_consumes_1', 'dataset_consumes_1_and_2', 'dataset_consumes_1_never_scheduled', 'dataset_produces_2', 'consume_1_and_2_with_dataset_expressions', 'consume_1_or_2_with_dataset_expressions', 'dataset_produces_1', 'dataset_consumes_unknown_never_scheduled', 'consume_1_or_both_2_and_3_with_dataset_expressions' retrieved from /home/airflow/.local/lib/python3.12/site-packages/airflow/example_dags/example_datasets.py
[2025-01-17T14:06:49.376+0000] {logging_mixin.py:190} INFO - [2025-01-17T14:06:49.374+0000] {override.py:1911} INFO - Created Permission View: can read on DAG:conditional_dataset_and_time_based_timetable
[2025-01-17T14:06:49.397+0000] {logging_mixin.py:190} INFO - [2025-01-17T14:06:49.396+0000] {override.py:1911} INFO - Created Permission View: can delete on DAG:conditional_dataset_and_time_based_timetable
[2025-01-17T14:06:49.410+0000] {logging_mixin.py:190} INFO - [2025-01-17T14:06:49.409+0000] {override.py:1911} INFO - Created Permission View: can edit on DAG:conditional_dataset_and_time_based_timetable
[2025-01-17T14:06:49.422+0000] {logging_mixin.py:190} INFO - [2025-01-17T14:06:49.422+0000] {override.py:1911} INFO - Created Permission View: menu access on DAG Run:conditional_dataset_and_time_based_timetable
[2025-01-17T14:06:49.439+0000] {logging_mixin.py:190} INFO - [2025-01-17T14:06:49.438+0000] {override.py:1911} INFO - Created Permission View: can read on DAG Run:conditional_dataset_and_time_based_timetable
[2025-01-17T14:06:49.454+0000] {logging_mixin.py:190} INFO - [2025-01-17T14:06:49.453+0000] {override.py:1911} INFO - Created Permission View: can delete on DAG Run:conditional_dataset_and_time_based_timetable
[2025-01-17T14:06:49.466+0000] {logging_mixin.py:190} INFO - [2025-01-17T14:06:49.466+0000] {override.py:1911} INFO - Created Permission View: can create on DAG Run:conditional_dataset_and_time_based_timetable
[2025-01-17T14:06:49.497+0000] {logging_mixin.py:190} INFO - [2025-01-17T14:06:49.496+0000] {override.py:1911} INFO - Created Permission View: can read on DAG:dataset_consumes_1
[2025-01-17T14:06:49.510+0000] {logging_mixin.py:190} INFO - [2025-01-17T14:06:49.509+0000] {override.py:1911} INFO - Created Permission View: can delete on DAG:dataset_consumes_1
[2025-01-17T14:06:49.526+0000] {logging_mixin.py:190} INFO - [2025-01-17T14:06:49.524+0000] {override.py:1911} INFO - Created Permission View: can edit on DAG:dataset_consumes_1
[2025-01-17T14:06:49.545+0000] {logging_mixin.py:190} INFO - [2025-01-17T14:06:49.544+0000] {override.py:1911} INFO - Created Permission View: menu access on DAG Run:dataset_consumes_1
[2025-01-17T14:06:49.558+0000] {logging_mixin.py:190} INFO - [2025-01-17T14:06:49.557+0000] {override.py:1911} INFO - Created Permission View: can read on DAG Run:dataset_consumes_1
[2025-01-17T14:06:49.573+0000] {logging_mixin.py:190} INFO - [2025-01-17T14:06:49.573+0000] {override.py:1911} INFO - Created Permission View: can delete on DAG Run:dataset_consumes_1
[2025-01-17T14:06:49.589+0000] {logging_mixin.py:190} INFO - [2025-01-17T14:06:49.589+0000] {override.py:1911} INFO - Created Permission View: can create on DAG Run:dataset_consumes_1
[2025-01-17T14:06:49.616+0000] {logging_mixin.py:190} INFO - [2025-01-17T14:06:49.616+0000] {override.py:1911} INFO - Created Permission View: can read on DAG:dataset_consumes_1_and_2
[2025-01-17T14:06:49.630+0000] {logging_mixin.py:190} INFO - [2025-01-17T14:06:49.629+0000] {override.py:1911} INFO - Created Permission View: can delete on DAG:dataset_consumes_1_and_2
[2025-01-17T14:06:49.640+0000] {logging_mixin.py:190} INFO - [2025-01-17T14:06:49.639+0000] {override.py:1911} INFO - Created Permission View: can edit on DAG:dataset_consumes_1_and_2
[2025-01-17T14:06:49.655+0000] {logging_mixin.py:190} INFO - [2025-01-17T14:06:49.654+0000] {override.py:1911} INFO - Created Permission View: menu access on DAG Run:dataset_consumes_1_and_2
[2025-01-17T14:06:49.667+0000] {logging_mixin.py:190} INFO - [2025-01-17T14:06:49.667+0000] {override.py:1911} INFO - Created Permission View: can read on DAG Run:dataset_consumes_1_and_2
[2025-01-17T14:06:49.682+0000] {logging_mixin.py:190} INFO - [2025-01-17T14:06:49.681+0000] {override.py:1911} INFO - Created Permission View: can delete on DAG Run:dataset_consumes_1_and_2
[2025-01-17T14:06:49.692+0000] {logging_mixin.py:190} INFO - [2025-01-17T14:06:49.691+0000] {override.py:1911} INFO - Created Permission View: can create on DAG Run:dataset_consumes_1_and_2
[2025-01-17T14:06:49.718+0000] {logging_mixin.py:190} INFO - [2025-01-17T14:06:49.717+0000] {override.py:1911} INFO - Created Permission View: can read on DAG:dataset_consumes_1_never_scheduled
[2025-01-17T14:06:49.733+0000] {logging_mixin.py:190} INFO - [2025-01-17T14:06:49.732+0000] {override.py:1911} INFO - Created Permission View: can delete on DAG:dataset_consumes_1_never_scheduled
[2025-01-17T14:06:49.746+0000] {logging_mixin.py:190} INFO - [2025-01-17T14:06:49.746+0000] {override.py:1911} INFO - Created Permission View: can edit on DAG:dataset_consumes_1_never_scheduled
[2025-01-17T14:06:49.763+0000] {logging_mixin.py:190} INFO - [2025-01-17T14:06:49.762+0000] {override.py:1911} INFO - Created Permission View: menu access on DAG Run:dataset_consumes_1_never_scheduled
[2025-01-17T14:06:49.778+0000] {logging_mixin.py:190} INFO - [2025-01-17T14:06:49.777+0000] {override.py:1911} INFO - Created Permission View: can read on DAG Run:dataset_consumes_1_never_scheduled
[2025-01-17T14:06:49.790+0000] {logging_mixin.py:190} INFO - [2025-01-17T14:06:49.789+0000] {override.py:1911} INFO - Created Permission View: can delete on DAG Run:dataset_consumes_1_never_scheduled
[2025-01-17T14:06:49.820+0000] {logging_mixin.py:190} INFO - [2025-01-17T14:06:49.820+0000] {override.py:1911} INFO - Created Permission View: can create on DAG Run:dataset_consumes_1_never_scheduled
[2025-01-17T14:06:49.854+0000] {logging_mixin.py:190} INFO - [2025-01-17T14:06:49.853+0000] {override.py:1911} INFO - Created Permission View: can read on DAG:dataset_produces_2
[2025-01-17T14:06:49.870+0000] {logging_mixin.py:190} INFO - [2025-01-17T14:06:49.869+0000] {override.py:1911} INFO - Created Permission View: can delete on DAG:dataset_produces_2
[2025-01-17T14:06:49.883+0000] {logging_mixin.py:190} INFO - [2025-01-17T14:06:49.883+0000] {override.py:1911} INFO - Created Permission View: can edit on DAG:dataset_produces_2
[2025-01-17T14:06:49.898+0000] {logging_mixin.py:190} INFO - [2025-01-17T14:06:49.896+0000] {override.py:1911} INFO - Created Permission View: menu access on DAG Run:dataset_produces_2
[2025-01-17T14:06:49.909+0000] {logging_mixin.py:190} INFO - [2025-01-17T14:06:49.908+0000] {override.py:1911} INFO - Created Permission View: can read on DAG Run:dataset_produces_2
[2025-01-17T14:06:49.924+0000] {logging_mixin.py:190} INFO - [2025-01-17T14:06:49.923+0000] {override.py:1911} INFO - Created Permission View: can delete on DAG Run:dataset_produces_2
[2025-01-17T14:06:49.937+0000] {logging_mixin.py:190} INFO - [2025-01-17T14:06:49.937+0000] {override.py:1911} INFO - Created Permission View: can create on DAG Run:dataset_produces_2
[2025-01-17T14:06:49.956+0000] {logging_mixin.py:190} INFO - [2025-01-17T14:06:49.956+0000] {override.py:1911} INFO - Created Permission View: can read on DAG:consume_1_and_2_with_dataset_expressions
[2025-01-17T14:06:49.969+0000] {logging_mixin.py:190} INFO - [2025-01-17T14:06:49.969+0000] {override.py:1911} INFO - Created Permission View: can delete on DAG:consume_1_and_2_with_dataset_expressions
[2025-01-17T14:06:49.983+0000] {logging_mixin.py:190} INFO - [2025-01-17T14:06:49.982+0000] {override.py:1911} INFO - Created Permission View: can edit on DAG:consume_1_and_2_with_dataset_expressions
[2025-01-17T14:06:49.998+0000] {logging_mixin.py:190} INFO - [2025-01-17T14:06:49.997+0000] {override.py:1911} INFO - Created Permission View: menu access on DAG Run:consume_1_and_2_with_dataset_expressions
[2025-01-17T14:06:50.016+0000] {logging_mixin.py:190} INFO - [2025-01-17T14:06:50.015+0000] {override.py:1911} INFO - Created Permission View: can read on DAG Run:consume_1_and_2_with_dataset_expressions
[2025-01-17T14:06:50.038+0000] {logging_mixin.py:190} INFO - [2025-01-17T14:06:50.037+0000] {override.py:1911} INFO - Created Permission View: can delete on DAG Run:consume_1_and_2_with_dataset_expressions
[2025-01-17T14:06:50.064+0000] {logging_mixin.py:190} INFO - [2025-01-17T14:06:50.064+0000] {override.py:1911} INFO - Created Permission View: can create on DAG Run:consume_1_and_2_with_dataset_expressions
[2025-01-17T14:06:50.102+0000] {logging_mixin.py:190} INFO - [2025-01-17T14:06:50.101+0000] {override.py:1911} INFO - Created Permission View: can read on DAG:consume_1_or_2_with_dataset_expressions
[2025-01-17T14:06:50.118+0000] {logging_mixin.py:190} INFO - [2025-01-17T14:06:50.118+0000] {override.py:1911} INFO - Created Permission View: can delete on DAG:consume_1_or_2_with_dataset_expressions
[2025-01-17T14:06:50.132+0000] {logging_mixin.py:190} INFO - [2025-01-17T14:06:50.132+0000] {override.py:1911} INFO - Created Permission View: can edit on DAG:consume_1_or_2_with_dataset_expressions
[2025-01-17T14:06:50.147+0000] {logging_mixin.py:190} INFO - [2025-01-17T14:06:50.146+0000] {override.py:1911} INFO - Created Permission View: menu access on DAG Run:consume_1_or_2_with_dataset_expressions
[2025-01-17T14:06:50.158+0000] {logging_mixin.py:190} INFO - [2025-01-17T14:06:50.157+0000] {override.py:1911} INFO - Created Permission View: can read on DAG Run:consume_1_or_2_with_dataset_expressions
[2025-01-17T14:06:50.170+0000] {logging_mixin.py:190} INFO - [2025-01-17T14:06:50.169+0000] {override.py:1911} INFO - Created Permission View: can delete on DAG Run:consume_1_or_2_with_dataset_expressions
[2025-01-17T14:06:50.183+0000] {logging_mixin.py:190} INFO - [2025-01-17T14:06:50.182+0000] {override.py:1911} INFO - Created Permission View: can create on DAG Run:consume_1_or_2_with_dataset_expressions
[2025-01-17T14:06:50.205+0000] {logging_mixin.py:190} INFO - [2025-01-17T14:06:50.205+0000] {override.py:1911} INFO - Created Permission View: can read on DAG:dataset_produces_1
[2025-01-17T14:06:50.217+0000] {logging_mixin.py:190} INFO - [2025-01-17T14:06:50.217+0000] {override.py:1911} INFO - Created Permission View: can delete on DAG:dataset_produces_1
[2025-01-17T14:06:50.231+0000] {logging_mixin.py:190} INFO - [2025-01-17T14:06:50.231+0000] {override.py:1911} INFO - Created Permission View: can edit on DAG:dataset_produces_1
[2025-01-17T14:06:50.243+0000] {logging_mixin.py:190} INFO - [2025-01-17T14:06:50.243+0000] {override.py:1911} INFO - Created Permission View: menu access on DAG Run:dataset_produces_1
[2025-01-17T14:06:50.255+0000] {logging_mixin.py:190} INFO - [2025-01-17T14:06:50.255+0000] {override.py:1911} INFO - Created Permission View: can read on DAG Run:dataset_produces_1
[2025-01-17T14:06:50.282+0000] {logging_mixin.py:190} INFO - [2025-01-17T14:06:50.281+0000] {override.py:1911} INFO - Created Permission View: can delete on DAG Run:dataset_produces_1
[2025-01-17T14:06:50.297+0000] {logging_mixin.py:190} INFO - [2025-01-17T14:06:50.297+0000] {override.py:1911} INFO - Created Permission View: can create on DAG Run:dataset_produces_1
[2025-01-17T14:06:50.316+0000] {logging_mixin.py:190} INFO - [2025-01-17T14:06:50.316+0000] {override.py:1911} INFO - Created Permission View: can read on DAG:dataset_consumes_unknown_never_scheduled
[2025-01-17T14:06:50.328+0000] {logging_mixin.py:190} INFO - [2025-01-17T14:06:50.328+0000] {override.py:1911} INFO - Created Permission View: can delete on DAG:dataset_consumes_unknown_never_scheduled
[2025-01-17T14:06:50.340+0000] {logging_mixin.py:190} INFO - [2025-01-17T14:06:50.340+0000] {override.py:1911} INFO - Created Permission View: can edit on DAG:dataset_consumes_unknown_never_scheduled
[2025-01-17T14:06:50.354+0000] {logging_mixin.py:190} INFO - [2025-01-17T14:06:50.353+0000] {override.py:1911} INFO - Created Permission View: menu access on DAG Run:dataset_consumes_unknown_never_scheduled
[2025-01-17T14:06:50.366+0000] {logging_mixin.py:190} INFO - [2025-01-17T14:06:50.366+0000] {override.py:1911} INFO - Created Permission View: can read on DAG Run:dataset_consumes_unknown_never_scheduled
[2025-01-17T14:06:50.379+0000] {logging_mixin.py:190} INFO - [2025-01-17T14:06:50.378+0000] {override.py:1911} INFO - Created Permission View: can delete on DAG Run:dataset_consumes_unknown_never_scheduled
[2025-01-17T14:06:50.390+0000] {logging_mixin.py:190} INFO - [2025-01-17T14:06:50.390+0000] {override.py:1911} INFO - Created Permission View: can create on DAG Run:dataset_consumes_unknown_never_scheduled
[2025-01-17T14:06:50.417+0000] {logging_mixin.py:190} INFO - [2025-01-17T14:06:50.416+0000] {override.py:1911} INFO - Created Permission View: can read on DAG:consume_1_or_both_2_and_3_with_dataset_expressions
[2025-01-17T14:06:50.430+0000] {logging_mixin.py:190} INFO - [2025-01-17T14:06:50.429+0000] {override.py:1911} INFO - Created Permission View: can delete on DAG:consume_1_or_both_2_and_3_with_dataset_expressions
[2025-01-17T14:06:50.440+0000] {logging_mixin.py:190} INFO - [2025-01-17T14:06:50.439+0000] {override.py:1911} INFO - Created Permission View: can edit on DAG:consume_1_or_both_2_and_3_with_dataset_expressions
[2025-01-17T14:06:50.453+0000] {logging_mixin.py:190} INFO - [2025-01-17T14:06:50.452+0000] {override.py:1911} INFO - Created Permission View: menu access on DAG Run:consume_1_or_both_2_and_3_with_dataset_expressions
[2025-01-17T14:06:50.464+0000] {logging_mixin.py:190} INFO - [2025-01-17T14:06:50.463+0000] {override.py:1911} INFO - Created Permission View: can read on DAG Run:consume_1_or_both_2_and_3_with_dataset_expressions
[2025-01-17T14:06:50.473+0000] {logging_mixin.py:190} INFO - [2025-01-17T14:06:50.473+0000] {override.py:1911} INFO - Created Permission View: can delete on DAG Run:consume_1_or_both_2_and_3_with_dataset_expressions
[2025-01-17T14:06:50.486+0000] {logging_mixin.py:190} INFO - [2025-01-17T14:06:50.485+0000] {override.py:1911} INFO - Created Permission View: can create on DAG Run:consume_1_or_both_2_and_3_with_dataset_expressions
[2025-01-17T14:06:50.487+0000] {logging_mixin.py:190} INFO - [2025-01-17T14:06:50.486+0000] {dag.py:3239} INFO - Sync 10 DAGs
[2025-01-17T14:06:50.512+0000] {logging_mixin.py:190} INFO - [2025-01-17T14:06:50.511+0000] {dag.py:3262} INFO - Creating ORM DAG for dataset_consumes_unknown_never_scheduled
[2025-01-17T14:06:50.514+0000] {logging_mixin.py:190} INFO - [2025-01-17T14:06:50.514+0000] {dag.py:3262} INFO - Creating ORM DAG for conditional_dataset_and_time_based_timetable
[2025-01-17T14:06:50.515+0000] {logging_mixin.py:190} INFO - [2025-01-17T14:06:50.515+0000] {dag.py:3262} INFO - Creating ORM DAG for dataset_consumes_1_never_scheduled
[2025-01-17T14:06:50.517+0000] {logging_mixin.py:190} INFO - [2025-01-17T14:06:50.516+0000] {dag.py:3262} INFO - Creating ORM DAG for consume_1_or_2_with_dataset_expressions
[2025-01-17T14:06:50.518+0000] {logging_mixin.py:190} INFO - [2025-01-17T14:06:50.518+0000] {dag.py:3262} INFO - Creating ORM DAG for consume_1_and_2_with_dataset_expressions
[2025-01-17T14:06:50.519+0000] {logging_mixin.py:190} INFO - [2025-01-17T14:06:50.519+0000] {dag.py:3262} INFO - Creating ORM DAG for dataset_consumes_1
[2025-01-17T14:06:50.521+0000] {logging_mixin.py:190} INFO - [2025-01-17T14:06:50.520+0000] {dag.py:3262} INFO - Creating ORM DAG for dataset_consumes_1_and_2
[2025-01-17T14:06:50.522+0000] {logging_mixin.py:190} INFO - [2025-01-17T14:06:50.522+0000] {dag.py:3262} INFO - Creating ORM DAG for dataset_produces_2
[2025-01-17T14:06:50.523+0000] {logging_mixin.py:190} INFO - [2025-01-17T14:06:50.523+0000] {dag.py:3262} INFO - Creating ORM DAG for dataset_produces_1
[2025-01-17T14:06:50.525+0000] {logging_mixin.py:190} INFO - [2025-01-17T14:06:50.524+0000] {dag.py:3262} INFO - Creating ORM DAG for consume_1_or_both_2_and_3_with_dataset_expressions
[2025-01-17T14:06:50.547+0000] {logging_mixin.py:190} INFO - [2025-01-17T14:06:50.547+0000] {dag.py:4180} INFO - Setting next_dagrun for conditional_dataset_and_time_based_timetable to 2025-01-15 01:00:00+00:00, run_after=2025-01-15 01:00:00+00:00
[2025-01-17T14:06:50.549+0000] {logging_mixin.py:190} INFO - [2025-01-17T14:06:50.549+0000] {dag.py:4180} INFO - Setting next_dagrun for consume_1_and_2_with_dataset_expressions to None, run_after=None
[2025-01-17T14:06:50.550+0000] {logging_mixin.py:190} INFO - [2025-01-17T14:06:50.550+0000] {dag.py:4180} INFO - Setting next_dagrun for consume_1_or_2_with_dataset_expressions to None, run_after=None
[2025-01-17T14:06:50.551+0000] {logging_mixin.py:190} INFO - [2025-01-17T14:06:50.551+0000] {dag.py:4180} INFO - Setting next_dagrun for consume_1_or_both_2_and_3_with_dataset_expressions to None, run_after=None
[2025-01-17T14:06:50.552+0000] {logging_mixin.py:190} INFO - [2025-01-17T14:06:50.552+0000] {dag.py:4180} INFO - Setting next_dagrun for dataset_consumes_1 to None, run_after=None
[2025-01-17T14:06:50.553+0000] {logging_mixin.py:190} INFO - [2025-01-17T14:06:50.553+0000] {dag.py:4180} INFO - Setting next_dagrun for dataset_consumes_1_and_2 to None, run_after=None
[2025-01-17T14:06:50.554+0000] {logging_mixin.py:190} INFO - [2025-01-17T14:06:50.554+0000] {dag.py:4180} INFO - Setting next_dagrun for dataset_consumes_1_never_scheduled to None, run_after=None
[2025-01-17T14:06:50.555+0000] {logging_mixin.py:190} INFO - [2025-01-17T14:06:50.555+0000] {dag.py:4180} INFO - Setting next_dagrun for dataset_consumes_unknown_never_scheduled to None, run_after=None
[2025-01-17T14:06:50.559+0000] {logging_mixin.py:190} INFO - [2025-01-17T14:06:50.559+0000] {dag.py:4180} INFO - Setting next_dagrun for dataset_produces_1 to 2025-01-16 00:00:00+00:00, run_after=2025-01-17 00:00:00+00:00
[2025-01-17T14:06:50.561+0000] {logging_mixin.py:190} INFO - [2025-01-17T14:06:50.560+0000] {dag.py:4180} INFO - Setting next_dagrun for dataset_produces_2 to None, run_after=None
[2025-01-17T14:06:50.638+0000] {processor.py:208} INFO - Processing /home/airflow/.local/lib/python3.12/site-packages/airflow/example_dags/example_datasets.py took 2.316 seconds
[2025-01-17T14:07:20.922+0000] {processor.py:186} INFO - Started process (PID=189) to work on /home/airflow/.local/lib/python3.12/site-packages/airflow/example_dags/example_datasets.py
[2025-01-17T14:07:20.923+0000] {processor.py:914} INFO - Processing file /home/airflow/.local/lib/python3.12/site-packages/airflow/example_dags/example_datasets.py for tasks to queue
[2025-01-17T14:07:20.925+0000] {logging_mixin.py:190} INFO - [2025-01-17T14:07:20.924+0000] {dagbag.py:588} INFO - Filling up the DagBag from /home/airflow/.local/lib/python3.12/site-packages/airflow/example_dags/example_datasets.py
[2025-01-17T14:07:21.491+0000] {processor.py:925} INFO - DAG(s) 'dataset_consumes_1_never_scheduled', 'dataset_consumes_1_and_2', 'consume_1_and_2_with_dataset_expressions', 'dataset_consumes_unknown_never_scheduled', 'dataset_produces_1', 'consume_1_or_both_2_and_3_with_dataset_expressions', 'consume_1_or_2_with_dataset_expressions', 'dataset_produces_2', 'dataset_consumes_1', 'conditional_dataset_and_time_based_timetable' retrieved from /home/airflow/.local/lib/python3.12/site-packages/airflow/example_dags/example_datasets.py
[2025-01-17T14:07:21.543+0000] {logging_mixin.py:190} INFO - [2025-01-17T14:07:21.543+0000] {dag.py:3239} INFO - Sync 10 DAGs
[2025-01-17T14:07:21.588+0000] {logging_mixin.py:190} INFO - [2025-01-17T14:07:21.588+0000] {dag.py:4180} INFO - Setting next_dagrun for conditional_dataset_and_time_based_timetable to 2025-01-15 01:00:00+00:00, run_after=2025-01-15 01:00:00+00:00
[2025-01-17T14:07:21.592+0000] {logging_mixin.py:190} INFO - [2025-01-17T14:07:21.592+0000] {dag.py:4180} INFO - Setting next_dagrun for consume_1_and_2_with_dataset_expressions to None, run_after=None
[2025-01-17T14:07:21.594+0000] {logging_mixin.py:190} INFO - [2025-01-17T14:07:21.594+0000] {dag.py:4180} INFO - Setting next_dagrun for consume_1_or_2_with_dataset_expressions to None, run_after=None
[2025-01-17T14:07:21.596+0000] {logging_mixin.py:190} INFO - [2025-01-17T14:07:21.595+0000] {dag.py:4180} INFO - Setting next_dagrun for consume_1_or_both_2_and_3_with_dataset_expressions to None, run_after=None
[2025-01-17T14:07:21.599+0000] {logging_mixin.py:190} INFO - [2025-01-17T14:07:21.598+0000] {dag.py:4180} INFO - Setting next_dagrun for dataset_consumes_1 to None, run_after=None
[2025-01-17T14:07:21.601+0000] {logging_mixin.py:190} INFO - [2025-01-17T14:07:21.601+0000] {dag.py:4180} INFO - Setting next_dagrun for dataset_consumes_1_and_2 to None, run_after=None
[2025-01-17T14:07:21.603+0000] {logging_mixin.py:190} INFO - [2025-01-17T14:07:21.603+0000] {dag.py:4180} INFO - Setting next_dagrun for dataset_consumes_1_never_scheduled to None, run_after=None
[2025-01-17T14:07:21.605+0000] {logging_mixin.py:190} INFO - [2025-01-17T14:07:21.605+0000] {dag.py:4180} INFO - Setting next_dagrun for dataset_consumes_unknown_never_scheduled to None, run_after=None
[2025-01-17T14:07:21.608+0000] {logging_mixin.py:190} INFO - [2025-01-17T14:07:21.608+0000] {dag.py:4180} INFO - Setting next_dagrun for dataset_produces_1 to 2025-01-16 00:00:00+00:00, run_after=2025-01-17 00:00:00+00:00
[2025-01-17T14:07:21.610+0000] {logging_mixin.py:190} INFO - [2025-01-17T14:07:21.610+0000] {dag.py:4180} INFO - Setting next_dagrun for dataset_produces_2 to None, run_after=None
[2025-01-17T14:07:21.657+0000] {processor.py:208} INFO - Processing /home/airflow/.local/lib/python3.12/site-packages/airflow/example_dags/example_datasets.py took 0.741 seconds
[2025-01-17T14:07:51.782+0000] {processor.py:186} INFO - Started process (PID=257) to work on /home/airflow/.local/lib/python3.12/site-packages/airflow/example_dags/example_datasets.py
[2025-01-17T14:07:51.783+0000] {processor.py:914} INFO - Processing file /home/airflow/.local/lib/python3.12/site-packages/airflow/example_dags/example_datasets.py for tasks to queue
[2025-01-17T14:07:51.787+0000] {logging_mixin.py:190} INFO - [2025-01-17T14:07:51.786+0000] {dagbag.py:588} INFO - Filling up the DagBag from /home/airflow/.local/lib/python3.12/site-packages/airflow/example_dags/example_datasets.py
[2025-01-17T14:07:52.282+0000] {processor.py:925} INFO - DAG(s) 'consume_1_or_both_2_and_3_with_dataset_expressions', 'dataset_consumes_unknown_never_scheduled', 'dataset_consumes_1_never_scheduled', 'dataset_produces_1', 'dataset_consumes_1', 'consume_1_and_2_with_dataset_expressions', 'dataset_produces_2', 'consume_1_or_2_with_dataset_expressions', 'dataset_consumes_1_and_2', 'conditional_dataset_and_time_based_timetable' retrieved from /home/airflow/.local/lib/python3.12/site-packages/airflow/example_dags/example_datasets.py
[2025-01-17T14:07:52.325+0000] {logging_mixin.py:190} INFO - [2025-01-17T14:07:52.325+0000] {dag.py:3239} INFO - Sync 10 DAGs
[2025-01-17T14:07:52.346+0000] {logging_mixin.py:190} INFO - [2025-01-17T14:07:52.346+0000] {dag.py:4180} INFO - Setting next_dagrun for conditional_dataset_and_time_based_timetable to 2025-01-15 01:00:00+00:00, run_after=2025-01-15 01:00:00+00:00
[2025-01-17T14:07:52.350+0000] {logging_mixin.py:190} INFO - [2025-01-17T14:07:52.350+0000] {dag.py:4180} INFO - Setting next_dagrun for consume_1_and_2_with_dataset_expressions to None, run_after=None
[2025-01-17T14:07:52.353+0000] {logging_mixin.py:190} INFO - [2025-01-17T14:07:52.352+0000] {dag.py:4180} INFO - Setting next_dagrun for consume_1_or_2_with_dataset_expressions to None, run_after=None
[2025-01-17T14:07:52.355+0000] {logging_mixin.py:190} INFO - [2025-01-17T14:07:52.355+0000] {dag.py:4180} INFO - Setting next_dagrun for consume_1_or_both_2_and_3_with_dataset_expressions to None, run_after=None
[2025-01-17T14:07:52.357+0000] {logging_mixin.py:190} INFO - [2025-01-17T14:07:52.357+0000] {dag.py:4180} INFO - Setting next_dagrun for dataset_consumes_1 to None, run_after=None
[2025-01-17T14:07:52.358+0000] {logging_mixin.py:190} INFO - [2025-01-17T14:07:52.358+0000] {dag.py:4180} INFO - Setting next_dagrun for dataset_consumes_1_and_2 to None, run_after=None
[2025-01-17T14:07:52.359+0000] {logging_mixin.py:190} INFO - [2025-01-17T14:07:52.359+0000] {dag.py:4180} INFO - Setting next_dagrun for dataset_consumes_1_never_scheduled to None, run_after=None
[2025-01-17T14:07:52.360+0000] {logging_mixin.py:190} INFO - [2025-01-17T14:07:52.360+0000] {dag.py:4180} INFO - Setting next_dagrun for dataset_consumes_unknown_never_scheduled to None, run_after=None
[2025-01-17T14:07:52.361+0000] {logging_mixin.py:190} INFO - [2025-01-17T14:07:52.361+0000] {dag.py:4180} INFO - Setting next_dagrun for dataset_produces_1 to 2025-01-16 00:00:00+00:00, run_after=2025-01-17 00:00:00+00:00
[2025-01-17T14:07:52.362+0000] {logging_mixin.py:190} INFO - [2025-01-17T14:07:52.362+0000] {dag.py:4180} INFO - Setting next_dagrun for dataset_produces_2 to None, run_after=None
[2025-01-17T14:07:52.413+0000] {processor.py:208} INFO - Processing /home/airflow/.local/lib/python3.12/site-packages/airflow/example_dags/example_datasets.py took 0.635 seconds
[2025-01-17T14:08:22.792+0000] {processor.py:186} INFO - Started process (PID=325) to work on /home/airflow/.local/lib/python3.12/site-packages/airflow/example_dags/example_datasets.py
[2025-01-17T14:08:22.793+0000] {processor.py:914} INFO - Processing file /home/airflow/.local/lib/python3.12/site-packages/airflow/example_dags/example_datasets.py for tasks to queue
[2025-01-17T14:08:22.796+0000] {logging_mixin.py:190} INFO - [2025-01-17T14:08:22.796+0000] {dagbag.py:588} INFO - Filling up the DagBag from /home/airflow/.local/lib/python3.12/site-packages/airflow/example_dags/example_datasets.py
[2025-01-17T14:08:23.603+0000] {processor.py:925} INFO - DAG(s) 'consume_1_and_2_with_dataset_expressions', 'dataset_produces_1', 'dataset_produces_2', 'dataset_consumes_1_never_scheduled', 'dataset_consumes_unknown_never_scheduled', 'consume_1_or_2_with_dataset_expressions', 'dataset_consumes_1', 'consume_1_or_both_2_and_3_with_dataset_expressions', 'dataset_consumes_1_and_2', 'conditional_dataset_and_time_based_timetable' retrieved from /home/airflow/.local/lib/python3.12/site-packages/airflow/example_dags/example_datasets.py
[2025-01-17T14:08:23.665+0000] {logging_mixin.py:190} INFO - [2025-01-17T14:08:23.665+0000] {dag.py:3239} INFO - Sync 10 DAGs
[2025-01-17T14:08:23.698+0000] {logging_mixin.py:190} INFO - [2025-01-17T14:08:23.698+0000] {dag.py:4180} INFO - Setting next_dagrun for conditional_dataset_and_time_based_timetable to 2025-01-15 01:00:00+00:00, run_after=2025-01-15 01:00:00+00:00
[2025-01-17T14:08:23.702+0000] {logging_mixin.py:190} INFO - [2025-01-17T14:08:23.702+0000] {dag.py:4180} INFO - Setting next_dagrun for consume_1_and_2_with_dataset_expressions to None, run_after=None
[2025-01-17T14:08:23.708+0000] {logging_mixin.py:190} INFO - [2025-01-17T14:08:23.707+0000] {dag.py:4180} INFO - Setting next_dagrun for consume_1_or_2_with_dataset_expressions to None, run_after=None
[2025-01-17T14:08:23.710+0000] {logging_mixin.py:190} INFO - [2025-01-17T14:08:23.710+0000] {dag.py:4180} INFO - Setting next_dagrun for consume_1_or_both_2_and_3_with_dataset_expressions to None, run_after=None
[2025-01-17T14:08:23.712+0000] {logging_mixin.py:190} INFO - [2025-01-17T14:08:23.712+0000] {dag.py:4180} INFO - Setting next_dagrun for dataset_consumes_1 to None, run_after=None
[2025-01-17T14:08:23.714+0000] {logging_mixin.py:190} INFO - [2025-01-17T14:08:23.713+0000] {dag.py:4180} INFO - Setting next_dagrun for dataset_consumes_1_and_2 to None, run_after=None
[2025-01-17T14:08:23.715+0000] {logging_mixin.py:190} INFO - [2025-01-17T14:08:23.715+0000] {dag.py:4180} INFO - Setting next_dagrun for dataset_consumes_1_never_scheduled to None, run_after=None
[2025-01-17T14:08:23.717+0000] {logging_mixin.py:190} INFO - [2025-01-17T14:08:23.717+0000] {dag.py:4180} INFO - Setting next_dagrun for dataset_consumes_unknown_never_scheduled to None, run_after=None
[2025-01-17T14:08:23.720+0000] {logging_mixin.py:190} INFO - [2025-01-17T14:08:23.720+0000] {dag.py:4180} INFO - Setting next_dagrun for dataset_produces_1 to 2025-01-16 00:00:00+00:00, run_after=2025-01-17 00:00:00+00:00
[2025-01-17T14:08:23.724+0000] {logging_mixin.py:190} INFO - [2025-01-17T14:08:23.723+0000] {dag.py:4180} INFO - Setting next_dagrun for dataset_produces_2 to None, run_after=None
[2025-01-17T14:08:23.771+0000] {processor.py:208} INFO - Processing /home/airflow/.local/lib/python3.12/site-packages/airflow/example_dags/example_datasets.py took 0.987 seconds
[2025-01-17T14:08:56.517+0000] {processor.py:186} INFO - Started process (PID=389) to work on /home/airflow/.local/lib/python3.12/site-packages/airflow/example_dags/example_datasets.py
[2025-01-17T14:08:56.518+0000] {processor.py:914} INFO - Processing file /home/airflow/.local/lib/python3.12/site-packages/airflow/example_dags/example_datasets.py for tasks to queue
[2025-01-17T14:08:56.522+0000] {logging_mixin.py:190} INFO - [2025-01-17T14:08:56.521+0000] {dagbag.py:588} INFO - Filling up the DagBag from /home/airflow/.local/lib/python3.12/site-packages/airflow/example_dags/example_datasets.py
[2025-01-17T14:08:57.331+0000] {processor.py:925} INFO - DAG(s) 'consume_1_and_2_with_dataset_expressions', 'dataset_produces_1', 'dataset_consumes_1_never_scheduled', 'dataset_consumes_unknown_never_scheduled', 'consume_1_or_both_2_and_3_with_dataset_expressions', 'conditional_dataset_and_time_based_timetable', 'consume_1_or_2_with_dataset_expressions', 'dataset_produces_2', 'dataset_consumes_1', 'dataset_consumes_1_and_2' retrieved from /home/airflow/.local/lib/python3.12/site-packages/airflow/example_dags/example_datasets.py
[2025-01-17T14:08:57.415+0000] {logging_mixin.py:190} INFO - [2025-01-17T14:08:57.415+0000] {dag.py:3239} INFO - Sync 10 DAGs
[2025-01-17T14:08:57.451+0000] {logging_mixin.py:190} INFO - [2025-01-17T14:08:57.450+0000] {dag.py:4180} INFO - Setting next_dagrun for conditional_dataset_and_time_based_timetable to 2025-01-15 01:00:00+00:00, run_after=2025-01-15 01:00:00+00:00
[2025-01-17T14:08:57.462+0000] {logging_mixin.py:190} INFO - [2025-01-17T14:08:57.461+0000] {dag.py:4180} INFO - Setting next_dagrun for consume_1_and_2_with_dataset_expressions to None, run_after=None
[2025-01-17T14:08:57.480+0000] {logging_mixin.py:190} INFO - [2025-01-17T14:08:57.479+0000] {dag.py:4180} INFO - Setting next_dagrun for consume_1_or_2_with_dataset_expressions to None, run_after=None
[2025-01-17T14:08:57.483+0000] {logging_mixin.py:190} INFO - [2025-01-17T14:08:57.482+0000] {dag.py:4180} INFO - Setting next_dagrun for consume_1_or_both_2_and_3_with_dataset_expressions to None, run_after=None
[2025-01-17T14:08:57.487+0000] {logging_mixin.py:190} INFO - [2025-01-17T14:08:57.486+0000] {dag.py:4180} INFO - Setting next_dagrun for dataset_consumes_1 to None, run_after=None
[2025-01-17T14:08:57.494+0000] {logging_mixin.py:190} INFO - [2025-01-17T14:08:57.493+0000] {dag.py:4180} INFO - Setting next_dagrun for dataset_consumes_1_and_2 to None, run_after=None
[2025-01-17T14:08:57.497+0000] {logging_mixin.py:190} INFO - [2025-01-17T14:08:57.496+0000] {dag.py:4180} INFO - Setting next_dagrun for dataset_consumes_1_never_scheduled to None, run_after=None
[2025-01-17T14:08:57.499+0000] {logging_mixin.py:190} INFO - [2025-01-17T14:08:57.499+0000] {dag.py:4180} INFO - Setting next_dagrun for dataset_consumes_unknown_never_scheduled to None, run_after=None
[2025-01-17T14:08:57.502+0000] {logging_mixin.py:190} INFO - [2025-01-17T14:08:57.502+0000] {dag.py:4180} INFO - Setting next_dagrun for dataset_produces_1 to 2025-01-16 00:00:00+00:00, run_after=2025-01-17 00:00:00+00:00
[2025-01-17T14:08:57.505+0000] {logging_mixin.py:190} INFO - [2025-01-17T14:08:57.505+0000] {dag.py:4180} INFO - Setting next_dagrun for dataset_produces_2 to None, run_after=None
[2025-01-17T14:08:57.645+0000] {processor.py:208} INFO - Processing /home/airflow/.local/lib/python3.12/site-packages/airflow/example_dags/example_datasets.py took 1.138 seconds
[2025-01-17T14:09:28.147+0000] {processor.py:186} INFO - Started process (PID=452) to work on /home/airflow/.local/lib/python3.12/site-packages/airflow/example_dags/example_datasets.py
[2025-01-17T14:09:28.148+0000] {processor.py:914} INFO - Processing file /home/airflow/.local/lib/python3.12/site-packages/airflow/example_dags/example_datasets.py for tasks to queue
[2025-01-17T14:09:28.150+0000] {logging_mixin.py:190} INFO - [2025-01-17T14:09:28.150+0000] {dagbag.py:588} INFO - Filling up the DagBag from /home/airflow/.local/lib/python3.12/site-packages/airflow/example_dags/example_datasets.py
[2025-01-17T14:09:28.669+0000] {processor.py:925} INFO - DAG(s) 'dataset_consumes_1', 'dataset_consumes_unknown_never_scheduled', 'consume_1_or_2_with_dataset_expressions', 'dataset_produces_1', 'dataset_consumes_1_and_2', 'consume_1_or_both_2_and_3_with_dataset_expressions', 'consume_1_and_2_with_dataset_expressions', 'dataset_consumes_1_never_scheduled', 'conditional_dataset_and_time_based_timetable', 'dataset_produces_2' retrieved from /home/airflow/.local/lib/python3.12/site-packages/airflow/example_dags/example_datasets.py
[2025-01-17T14:09:28.718+0000] {logging_mixin.py:190} INFO - [2025-01-17T14:09:28.718+0000] {dag.py:3239} INFO - Sync 10 DAGs
[2025-01-17T14:09:28.742+0000] {logging_mixin.py:190} INFO - [2025-01-17T14:09:28.742+0000] {dag.py:4180} INFO - Setting next_dagrun for conditional_dataset_and_time_based_timetable to 2025-01-15 01:00:00+00:00, run_after=2025-01-15 01:00:00+00:00
[2025-01-17T14:09:28.748+0000] {logging_mixin.py:190} INFO - [2025-01-17T14:09:28.748+0000] {dag.py:4180} INFO - Setting next_dagrun for consume_1_and_2_with_dataset_expressions to None, run_after=None
[2025-01-17T14:09:28.750+0000] {logging_mixin.py:190} INFO - [2025-01-17T14:09:28.750+0000] {dag.py:4180} INFO - Setting next_dagrun for consume_1_or_2_with_dataset_expressions to None, run_after=None
[2025-01-17T14:09:28.752+0000] {logging_mixin.py:190} INFO - [2025-01-17T14:09:28.752+0000] {dag.py:4180} INFO - Setting next_dagrun for consume_1_or_both_2_and_3_with_dataset_expressions to None, run_after=None
[2025-01-17T14:09:28.755+0000] {logging_mixin.py:190} INFO - [2025-01-17T14:09:28.754+0000] {dag.py:4180} INFO - Setting next_dagrun for dataset_consumes_1 to None, run_after=None
[2025-01-17T14:09:28.757+0000] {logging_mixin.py:190} INFO - [2025-01-17T14:09:28.757+0000] {dag.py:4180} INFO - Setting next_dagrun for dataset_consumes_1_and_2 to None, run_after=None
[2025-01-17T14:09:28.759+0000] {logging_mixin.py:190} INFO - [2025-01-17T14:09:28.759+0000] {dag.py:4180} INFO - Setting next_dagrun for dataset_consumes_1_never_scheduled to None, run_after=None
[2025-01-17T14:09:28.762+0000] {logging_mixin.py:190} INFO - [2025-01-17T14:09:28.761+0000] {dag.py:4180} INFO - Setting next_dagrun for dataset_consumes_unknown_never_scheduled to None, run_after=None
[2025-01-17T14:09:28.765+0000] {logging_mixin.py:190} INFO - [2025-01-17T14:09:28.765+0000] {dag.py:4180} INFO - Setting next_dagrun for dataset_produces_1 to 2025-01-16 00:00:00+00:00, run_after=2025-01-17 00:00:00+00:00
[2025-01-17T14:09:28.767+0000] {logging_mixin.py:190} INFO - [2025-01-17T14:09:28.767+0000] {dag.py:4180} INFO - Setting next_dagrun for dataset_produces_2 to None, run_after=None
[2025-01-17T14:09:28.811+0000] {processor.py:208} INFO - Processing /home/airflow/.local/lib/python3.12/site-packages/airflow/example_dags/example_datasets.py took 0.670 seconds
[2025-01-17T14:09:59.032+0000] {processor.py:186} INFO - Started process (PID=515) to work on /home/airflow/.local/lib/python3.12/site-packages/airflow/example_dags/example_datasets.py
[2025-01-17T14:09:59.034+0000] {processor.py:914} INFO - Processing file /home/airflow/.local/lib/python3.12/site-packages/airflow/example_dags/example_datasets.py for tasks to queue
[2025-01-17T14:09:59.037+0000] {logging_mixin.py:190} INFO - [2025-01-17T14:09:59.037+0000] {dagbag.py:588} INFO - Filling up the DagBag from /home/airflow/.local/lib/python3.12/site-packages/airflow/example_dags/example_datasets.py
[2025-01-17T14:09:59.556+0000] {processor.py:925} INFO - DAG(s) 'dataset_consumes_1', 'consume_1_or_both_2_and_3_with_dataset_expressions', 'dataset_consumes_unknown_never_scheduled', 'dataset_produces_1', 'consume_1_and_2_with_dataset_expressions', 'dataset_consumes_1_and_2', 'consume_1_or_2_with_dataset_expressions', 'dataset_produces_2', 'dataset_consumes_1_never_scheduled', 'conditional_dataset_and_time_based_timetable' retrieved from /home/airflow/.local/lib/python3.12/site-packages/airflow/example_dags/example_datasets.py
[2025-01-17T14:09:59.613+0000] {logging_mixin.py:190} INFO - [2025-01-17T14:09:59.613+0000] {dag.py:3239} INFO - Sync 10 DAGs
[2025-01-17T14:09:59.639+0000] {logging_mixin.py:190} INFO - [2025-01-17T14:09:59.639+0000] {dag.py:4180} INFO - Setting next_dagrun for conditional_dataset_and_time_based_timetable to 2025-01-15 01:00:00+00:00, run_after=2025-01-15 01:00:00+00:00
[2025-01-17T14:09:59.644+0000] {logging_mixin.py:190} INFO - [2025-01-17T14:09:59.643+0000] {dag.py:4180} INFO - Setting next_dagrun for consume_1_and_2_with_dataset_expressions to None, run_after=None
[2025-01-17T14:09:59.645+0000] {logging_mixin.py:190} INFO - [2025-01-17T14:09:59.645+0000] {dag.py:4180} INFO - Setting next_dagrun for consume_1_or_2_with_dataset_expressions to None, run_after=None
[2025-01-17T14:09:59.647+0000] {logging_mixin.py:190} INFO - [2025-01-17T14:09:59.647+0000] {dag.py:4180} INFO - Setting next_dagrun for consume_1_or_both_2_and_3_with_dataset_expressions to None, run_after=None
[2025-01-17T14:09:59.649+0000] {logging_mixin.py:190} INFO - [2025-01-17T14:09:59.649+0000] {dag.py:4180} INFO - Setting next_dagrun for dataset_consumes_1 to None, run_after=None
[2025-01-17T14:09:59.652+0000] {logging_mixin.py:190} INFO - [2025-01-17T14:09:59.651+0000] {dag.py:4180} INFO - Setting next_dagrun for dataset_consumes_1_and_2 to None, run_after=None
[2025-01-17T14:09:59.654+0000] {logging_mixin.py:190} INFO - [2025-01-17T14:09:59.654+0000] {dag.py:4180} INFO - Setting next_dagrun for dataset_consumes_1_never_scheduled to None, run_after=None
[2025-01-17T14:09:59.655+0000] {logging_mixin.py:190} INFO - [2025-01-17T14:09:59.655+0000] {dag.py:4180} INFO - Setting next_dagrun for dataset_consumes_unknown_never_scheduled to None, run_after=None
[2025-01-17T14:09:59.658+0000] {logging_mixin.py:190} INFO - [2025-01-17T14:09:59.657+0000] {dag.py:4180} INFO - Setting next_dagrun for dataset_produces_1 to 2025-01-16 00:00:00+00:00, run_after=2025-01-17 00:00:00+00:00
[2025-01-17T14:09:59.659+0000] {logging_mixin.py:190} INFO - [2025-01-17T14:09:59.659+0000] {dag.py:4180} INFO - Setting next_dagrun for dataset_produces_2 to None, run_after=None
[2025-01-17T14:09:59.687+0000] {processor.py:208} INFO - Processing /home/airflow/.local/lib/python3.12/site-packages/airflow/example_dags/example_datasets.py took 0.660 seconds
[2025-01-17T14:10:30.272+0000] {processor.py:186} INFO - Started process (PID=578) to work on /home/airflow/.local/lib/python3.12/site-packages/airflow/example_dags/example_datasets.py
[2025-01-17T14:10:30.273+0000] {processor.py:914} INFO - Processing file /home/airflow/.local/lib/python3.12/site-packages/airflow/example_dags/example_datasets.py for tasks to queue
[2025-01-17T14:10:30.282+0000] {logging_mixin.py:190} INFO - [2025-01-17T14:10:30.282+0000] {dagbag.py:588} INFO - Filling up the DagBag from /home/airflow/.local/lib/python3.12/site-packages/airflow/example_dags/example_datasets.py
[2025-01-17T14:10:30.776+0000] {processor.py:925} INFO - DAG(s) 'conditional_dataset_and_time_based_timetable', 'dataset_produces_1', 'dataset_consumes_1_never_scheduled', 'dataset_consumes_1_and_2', 'consume_1_or_2_with_dataset_expressions', 'dataset_consumes_1', 'consume_1_or_both_2_and_3_with_dataset_expressions', 'dataset_produces_2', 'dataset_consumes_unknown_never_scheduled', 'consume_1_and_2_with_dataset_expressions' retrieved from /home/airflow/.local/lib/python3.12/site-packages/airflow/example_dags/example_datasets.py
[2025-01-17T14:10:30.814+0000] {logging_mixin.py:190} INFO - [2025-01-17T14:10:30.814+0000] {dag.py:3239} INFO - Sync 10 DAGs
[2025-01-17T14:10:30.836+0000] {logging_mixin.py:190} INFO - [2025-01-17T14:10:30.836+0000] {dag.py:4180} INFO - Setting next_dagrun for conditional_dataset_and_time_based_timetable to 2025-01-15 01:00:00+00:00, run_after=2025-01-15 01:00:00+00:00
[2025-01-17T14:10:30.841+0000] {logging_mixin.py:190} INFO - [2025-01-17T14:10:30.841+0000] {dag.py:4180} INFO - Setting next_dagrun for consume_1_and_2_with_dataset_expressions to None, run_after=None
[2025-01-17T14:10:30.843+0000] {logging_mixin.py:190} INFO - [2025-01-17T14:10:30.843+0000] {dag.py:4180} INFO - Setting next_dagrun for consume_1_or_2_with_dataset_expressions to None, run_after=None
[2025-01-17T14:10:30.845+0000] {logging_mixin.py:190} INFO - [2025-01-17T14:10:30.844+0000] {dag.py:4180} INFO - Setting next_dagrun for consume_1_or_both_2_and_3_with_dataset_expressions to None, run_after=None
[2025-01-17T14:10:30.846+0000] {logging_mixin.py:190} INFO - [2025-01-17T14:10:30.846+0000] {dag.py:4180} INFO - Setting next_dagrun for dataset_consumes_1 to None, run_after=None
[2025-01-17T14:10:30.848+0000] {logging_mixin.py:190} INFO - [2025-01-17T14:10:30.848+0000] {dag.py:4180} INFO - Setting next_dagrun for dataset_consumes_1_and_2 to None, run_after=None
[2025-01-17T14:10:30.849+0000] {logging_mixin.py:190} INFO - [2025-01-17T14:10:30.849+0000] {dag.py:4180} INFO - Setting next_dagrun for dataset_consumes_1_never_scheduled to None, run_after=None
[2025-01-17T14:10:30.850+0000] {logging_mixin.py:190} INFO - [2025-01-17T14:10:30.850+0000] {dag.py:4180} INFO - Setting next_dagrun for dataset_consumes_unknown_never_scheduled to None, run_after=None
[2025-01-17T14:10:30.852+0000] {logging_mixin.py:190} INFO - [2025-01-17T14:10:30.852+0000] {dag.py:4180} INFO - Setting next_dagrun for dataset_produces_1 to 2025-01-16 00:00:00+00:00, run_after=2025-01-17 00:00:00+00:00
[2025-01-17T14:10:30.853+0000] {logging_mixin.py:190} INFO - [2025-01-17T14:10:30.853+0000] {dag.py:4180} INFO - Setting next_dagrun for dataset_produces_2 to None, run_after=None
[2025-01-17T14:10:30.890+0000] {processor.py:208} INFO - Processing /home/airflow/.local/lib/python3.12/site-packages/airflow/example_dags/example_datasets.py took 0.624 seconds
[2025-01-17T14:11:01.030+0000] {processor.py:186} INFO - Started process (PID=641) to work on /home/airflow/.local/lib/python3.12/site-packages/airflow/example_dags/example_datasets.py
[2025-01-17T14:11:01.031+0000] {processor.py:914} INFO - Processing file /home/airflow/.local/lib/python3.12/site-packages/airflow/example_dags/example_datasets.py for tasks to queue
[2025-01-17T14:11:01.033+0000] {logging_mixin.py:190} INFO - [2025-01-17T14:11:01.032+0000] {dagbag.py:588} INFO - Filling up the DagBag from /home/airflow/.local/lib/python3.12/site-packages/airflow/example_dags/example_datasets.py
[2025-01-17T14:11:01.531+0000] {processor.py:925} INFO - DAG(s) 'dataset_consumes_unknown_never_scheduled', 'consume_1_and_2_with_dataset_expressions', 'dataset_consumes_1_and_2', 'conditional_dataset_and_time_based_timetable', 'dataset_produces_2', 'dataset_produces_1', 'dataset_consumes_1_never_scheduled', 'consume_1_or_2_with_dataset_expressions', 'dataset_consumes_1', 'consume_1_or_both_2_and_3_with_dataset_expressions' retrieved from /home/airflow/.local/lib/python3.12/site-packages/airflow/example_dags/example_datasets.py
[2025-01-17T14:11:01.573+0000] {logging_mixin.py:190} INFO - [2025-01-17T14:11:01.572+0000] {dag.py:3239} INFO - Sync 10 DAGs
[2025-01-17T14:11:01.596+0000] {logging_mixin.py:190} INFO - [2025-01-17T14:11:01.596+0000] {dag.py:4180} INFO - Setting next_dagrun for conditional_dataset_and_time_based_timetable to 2025-01-15 01:00:00+00:00, run_after=2025-01-15 01:00:00+00:00
[2025-01-17T14:11:01.600+0000] {logging_mixin.py:190} INFO - [2025-01-17T14:11:01.599+0000] {dag.py:4180} INFO - Setting next_dagrun for consume_1_and_2_with_dataset_expressions to None, run_after=None
[2025-01-17T14:11:01.601+0000] {logging_mixin.py:190} INFO - [2025-01-17T14:11:01.601+0000] {dag.py:4180} INFO - Setting next_dagrun for consume_1_or_2_with_dataset_expressions to None, run_after=None
[2025-01-17T14:11:01.603+0000] {logging_mixin.py:190} INFO - [2025-01-17T14:11:01.603+0000] {dag.py:4180} INFO - Setting next_dagrun for consume_1_or_both_2_and_3_with_dataset_expressions to None, run_after=None
[2025-01-17T14:11:01.605+0000] {logging_mixin.py:190} INFO - [2025-01-17T14:11:01.605+0000] {dag.py:4180} INFO - Setting next_dagrun for dataset_consumes_1 to None, run_after=None
[2025-01-17T14:11:01.608+0000] {logging_mixin.py:190} INFO - [2025-01-17T14:11:01.607+0000] {dag.py:4180} INFO - Setting next_dagrun for dataset_consumes_1_and_2 to None, run_after=None
[2025-01-17T14:11:01.610+0000] {logging_mixin.py:190} INFO - [2025-01-17T14:11:01.610+0000] {dag.py:4180} INFO - Setting next_dagrun for dataset_consumes_1_never_scheduled to None, run_after=None
[2025-01-17T14:11:01.612+0000] {logging_mixin.py:190} INFO - [2025-01-17T14:11:01.611+0000] {dag.py:4180} INFO - Setting next_dagrun for dataset_consumes_unknown_never_scheduled to None, run_after=None
[2025-01-17T14:11:01.614+0000] {logging_mixin.py:190} INFO - [2025-01-17T14:11:01.614+0000] {dag.py:4180} INFO - Setting next_dagrun for dataset_produces_1 to 2025-01-16 00:00:00+00:00, run_after=2025-01-17 00:00:00+00:00
[2025-01-17T14:11:01.615+0000] {logging_mixin.py:190} INFO - [2025-01-17T14:11:01.615+0000] {dag.py:4180} INFO - Setting next_dagrun for dataset_produces_2 to None, run_after=None
[2025-01-17T14:11:01.655+0000] {processor.py:208} INFO - Processing /home/airflow/.local/lib/python3.12/site-packages/airflow/example_dags/example_datasets.py took 0.632 seconds
[2025-01-17T14:11:32.023+0000] {processor.py:186} INFO - Started process (PID=704) to work on /home/airflow/.local/lib/python3.12/site-packages/airflow/example_dags/example_datasets.py
[2025-01-17T14:11:32.024+0000] {processor.py:914} INFO - Processing file /home/airflow/.local/lib/python3.12/site-packages/airflow/example_dags/example_datasets.py for tasks to queue
[2025-01-17T14:11:32.027+0000] {logging_mixin.py:190} INFO - [2025-01-17T14:11:32.026+0000] {dagbag.py:588} INFO - Filling up the DagBag from /home/airflow/.local/lib/python3.12/site-packages/airflow/example_dags/example_datasets.py
[2025-01-17T14:11:32.556+0000] {processor.py:925} INFO - DAG(s) 'consume_1_or_2_with_dataset_expressions', 'dataset_produces_2', 'dataset_consumes_unknown_never_scheduled', 'consume_1_and_2_with_dataset_expressions', 'dataset_consumes_1', 'dataset_consumes_1_never_scheduled', 'consume_1_or_both_2_and_3_with_dataset_expressions', 'dataset_consumes_1_and_2', 'dataset_produces_1', 'conditional_dataset_and_time_based_timetable' retrieved from /home/airflow/.local/lib/python3.12/site-packages/airflow/example_dags/example_datasets.py
[2025-01-17T14:11:32.604+0000] {logging_mixin.py:190} INFO - [2025-01-17T14:11:32.604+0000] {dag.py:3239} INFO - Sync 10 DAGs
[2025-01-17T14:11:32.626+0000] {logging_mixin.py:190} INFO - [2025-01-17T14:11:32.626+0000] {dag.py:4180} INFO - Setting next_dagrun for conditional_dataset_and_time_based_timetable to 2025-01-15 01:00:00+00:00, run_after=2025-01-15 01:00:00+00:00
[2025-01-17T14:11:32.632+0000] {logging_mixin.py:190} INFO - [2025-01-17T14:11:32.631+0000] {dag.py:4180} INFO - Setting next_dagrun for consume_1_and_2_with_dataset_expressions to None, run_after=None
[2025-01-17T14:11:32.634+0000] {logging_mixin.py:190} INFO - [2025-01-17T14:11:32.634+0000] {dag.py:4180} INFO - Setting next_dagrun for consume_1_or_2_with_dataset_expressions to None, run_after=None
[2025-01-17T14:11:32.636+0000] {logging_mixin.py:190} INFO - [2025-01-17T14:11:32.636+0000] {dag.py:4180} INFO - Setting next_dagrun for consume_1_or_both_2_and_3_with_dataset_expressions to None, run_after=None
[2025-01-17T14:11:32.637+0000] {logging_mixin.py:190} INFO - [2025-01-17T14:11:32.637+0000] {dag.py:4180} INFO - Setting next_dagrun for dataset_consumes_1 to None, run_after=None
[2025-01-17T14:11:32.639+0000] {logging_mixin.py:190} INFO - [2025-01-17T14:11:32.639+0000] {dag.py:4180} INFO - Setting next_dagrun for dataset_consumes_1_and_2 to None, run_after=None
[2025-01-17T14:11:32.641+0000] {logging_mixin.py:190} INFO - [2025-01-17T14:11:32.640+0000] {dag.py:4180} INFO - Setting next_dagrun for dataset_consumes_1_never_scheduled to None, run_after=None
[2025-01-17T14:11:32.642+0000] {logging_mixin.py:190} INFO - [2025-01-17T14:11:32.642+0000] {dag.py:4180} INFO - Setting next_dagrun for dataset_consumes_unknown_never_scheduled to None, run_after=None
[2025-01-17T14:11:32.646+0000] {logging_mixin.py:190} INFO - [2025-01-17T14:11:32.645+0000] {dag.py:4180} INFO - Setting next_dagrun for dataset_produces_1 to 2025-01-16 00:00:00+00:00, run_after=2025-01-17 00:00:00+00:00
[2025-01-17T14:11:32.649+0000] {logging_mixin.py:190} INFO - [2025-01-17T14:11:32.648+0000] {dag.py:4180} INFO - Setting next_dagrun for dataset_produces_2 to None, run_after=None
[2025-01-17T14:11:32.685+0000] {processor.py:208} INFO - Processing /home/airflow/.local/lib/python3.12/site-packages/airflow/example_dags/example_datasets.py took 0.667 seconds
[2025-01-17T14:12:03.146+0000] {processor.py:186} INFO - Started process (PID=768) to work on /home/airflow/.local/lib/python3.12/site-packages/airflow/example_dags/example_datasets.py
[2025-01-17T14:12:03.147+0000] {processor.py:914} INFO - Processing file /home/airflow/.local/lib/python3.12/site-packages/airflow/example_dags/example_datasets.py for tasks to queue
[2025-01-17T14:12:03.149+0000] {logging_mixin.py:190} INFO - [2025-01-17T14:12:03.149+0000] {dagbag.py:588} INFO - Filling up the DagBag from /home/airflow/.local/lib/python3.12/site-packages/airflow/example_dags/example_datasets.py
[2025-01-17T14:12:03.619+0000] {processor.py:925} INFO - DAG(s) 'dataset_consumes_unknown_never_scheduled', 'dataset_produces_1', 'consume_1_and_2_with_dataset_expressions', 'conditional_dataset_and_time_based_timetable', 'consume_1_or_both_2_and_3_with_dataset_expressions', 'dataset_consumes_1_and_2', 'consume_1_or_2_with_dataset_expressions', 'dataset_consumes_1_never_scheduled', 'dataset_produces_2', 'dataset_consumes_1' retrieved from /home/airflow/.local/lib/python3.12/site-packages/airflow/example_dags/example_datasets.py
[2025-01-17T14:12:03.660+0000] {logging_mixin.py:190} INFO - [2025-01-17T14:12:03.660+0000] {dag.py:3239} INFO - Sync 10 DAGs
[2025-01-17T14:12:03.682+0000] {logging_mixin.py:190} INFO - [2025-01-17T14:12:03.681+0000] {dag.py:4180} INFO - Setting next_dagrun for conditional_dataset_and_time_based_timetable to 2025-01-15 01:00:00+00:00, run_after=2025-01-15 01:00:00+00:00
[2025-01-17T14:12:03.686+0000] {logging_mixin.py:190} INFO - [2025-01-17T14:12:03.686+0000] {dag.py:4180} INFO - Setting next_dagrun for consume_1_and_2_with_dataset_expressions to None, run_after=None
[2025-01-17T14:12:03.688+0000] {logging_mixin.py:190} INFO - [2025-01-17T14:12:03.688+0000] {dag.py:4180} INFO - Setting next_dagrun for consume_1_or_2_with_dataset_expressions to None, run_after=None
[2025-01-17T14:12:03.689+0000] {logging_mixin.py:190} INFO - [2025-01-17T14:12:03.689+0000] {dag.py:4180} INFO - Setting next_dagrun for consume_1_or_both_2_and_3_with_dataset_expressions to None, run_after=None
[2025-01-17T14:12:03.690+0000] {logging_mixin.py:190} INFO - [2025-01-17T14:12:03.690+0000] {dag.py:4180} INFO - Setting next_dagrun for dataset_consumes_1 to None, run_after=None
[2025-01-17T14:12:03.691+0000] {logging_mixin.py:190} INFO - [2025-01-17T14:12:03.691+0000] {dag.py:4180} INFO - Setting next_dagrun for dataset_consumes_1_and_2 to None, run_after=None
[2025-01-17T14:12:03.692+0000] {logging_mixin.py:190} INFO - [2025-01-17T14:12:03.692+0000] {dag.py:4180} INFO - Setting next_dagrun for dataset_consumes_1_never_scheduled to None, run_after=None
[2025-01-17T14:12:03.693+0000] {logging_mixin.py:190} INFO - [2025-01-17T14:12:03.693+0000] {dag.py:4180} INFO - Setting next_dagrun for dataset_consumes_unknown_never_scheduled to None, run_after=None
[2025-01-17T14:12:03.695+0000] {logging_mixin.py:190} INFO - [2025-01-17T14:12:03.695+0000] {dag.py:4180} INFO - Setting next_dagrun for dataset_produces_1 to 2025-01-16 00:00:00+00:00, run_after=2025-01-17 00:00:00+00:00
[2025-01-17T14:12:03.696+0000] {logging_mixin.py:190} INFO - [2025-01-17T14:12:03.696+0000] {dag.py:4180} INFO - Setting next_dagrun for dataset_produces_2 to None, run_after=None
[2025-01-17T14:12:03.722+0000] {processor.py:208} INFO - Processing /home/airflow/.local/lib/python3.12/site-packages/airflow/example_dags/example_datasets.py took 0.580 seconds
[2025-01-17T14:12:33.801+0000] {processor.py:186} INFO - Started process (PID=831) to work on /home/airflow/.local/lib/python3.12/site-packages/airflow/example_dags/example_datasets.py
[2025-01-17T14:12:33.802+0000] {processor.py:914} INFO - Processing file /home/airflow/.local/lib/python3.12/site-packages/airflow/example_dags/example_datasets.py for tasks to queue
[2025-01-17T14:12:33.805+0000] {logging_mixin.py:190} INFO - [2025-01-17T14:12:33.804+0000] {dagbag.py:588} INFO - Filling up the DagBag from /home/airflow/.local/lib/python3.12/site-packages/airflow/example_dags/example_datasets.py
[2025-01-17T14:12:34.286+0000] {processor.py:925} INFO - DAG(s) 'consume_1_and_2_with_dataset_expressions', 'consume_1_or_2_with_dataset_expressions', 'dataset_consumes_unknown_never_scheduled', 'dataset_produces_1', 'conditional_dataset_and_time_based_timetable', 'dataset_consumes_1_and_2', 'dataset_consumes_1', 'dataset_consumes_1_never_scheduled', 'consume_1_or_both_2_and_3_with_dataset_expressions', 'dataset_produces_2' retrieved from /home/airflow/.local/lib/python3.12/site-packages/airflow/example_dags/example_datasets.py
[2025-01-17T14:12:34.328+0000] {logging_mixin.py:190} INFO - [2025-01-17T14:12:34.328+0000] {dag.py:3239} INFO - Sync 10 DAGs
[2025-01-17T14:12:34.349+0000] {logging_mixin.py:190} INFO - [2025-01-17T14:12:34.349+0000] {dag.py:4180} INFO - Setting next_dagrun for conditional_dataset_and_time_based_timetable to 2025-01-15 01:00:00+00:00, run_after=2025-01-15 01:00:00+00:00
[2025-01-17T14:12:34.353+0000] {logging_mixin.py:190} INFO - [2025-01-17T14:12:34.353+0000] {dag.py:4180} INFO - Setting next_dagrun for consume_1_and_2_with_dataset_expressions to None, run_after=None
[2025-01-17T14:12:34.357+0000] {logging_mixin.py:190} INFO - [2025-01-17T14:12:34.356+0000] {dag.py:4180} INFO - Setting next_dagrun for consume_1_or_2_with_dataset_expressions to None, run_after=None
[2025-01-17T14:12:34.359+0000] {logging_mixin.py:190} INFO - [2025-01-17T14:12:34.359+0000] {dag.py:4180} INFO - Setting next_dagrun for consume_1_or_both_2_and_3_with_dataset_expressions to None, run_after=None
[2025-01-17T14:12:34.361+0000] {logging_mixin.py:190} INFO - [2025-01-17T14:12:34.361+0000] {dag.py:4180} INFO - Setting next_dagrun for dataset_consumes_1 to None, run_after=None
[2025-01-17T14:12:34.362+0000] {logging_mixin.py:190} INFO - [2025-01-17T14:12:34.362+0000] {dag.py:4180} INFO - Setting next_dagrun for dataset_consumes_1_and_2 to None, run_after=None
[2025-01-17T14:12:34.364+0000] {logging_mixin.py:190} INFO - [2025-01-17T14:12:34.364+0000] {dag.py:4180} INFO - Setting next_dagrun for dataset_consumes_1_never_scheduled to None, run_after=None
[2025-01-17T14:12:34.365+0000] {logging_mixin.py:190} INFO - [2025-01-17T14:12:34.365+0000] {dag.py:4180} INFO - Setting next_dagrun for dataset_consumes_unknown_never_scheduled to None, run_after=None
[2025-01-17T14:12:34.368+0000] {logging_mixin.py:190} INFO - [2025-01-17T14:12:34.368+0000] {dag.py:4180} INFO - Setting next_dagrun for dataset_produces_1 to 2025-01-16 00:00:00+00:00, run_after=2025-01-17 00:00:00+00:00
[2025-01-17T14:12:34.369+0000] {logging_mixin.py:190} INFO - [2025-01-17T14:12:34.369+0000] {dag.py:4180} INFO - Setting next_dagrun for dataset_produces_2 to None, run_after=None
[2025-01-17T14:12:34.415+0000] {processor.py:208} INFO - Processing /home/airflow/.local/lib/python3.12/site-packages/airflow/example_dags/example_datasets.py took 0.619 seconds
[2025-01-17T14:13:04.652+0000] {processor.py:186} INFO - Started process (PID=894) to work on /home/airflow/.local/lib/python3.12/site-packages/airflow/example_dags/example_datasets.py
[2025-01-17T14:13:04.653+0000] {processor.py:914} INFO - Processing file /home/airflow/.local/lib/python3.12/site-packages/airflow/example_dags/example_datasets.py for tasks to queue
[2025-01-17T14:13:04.657+0000] {logging_mixin.py:190} INFO - [2025-01-17T14:13:04.657+0000] {dagbag.py:588} INFO - Filling up the DagBag from /home/airflow/.local/lib/python3.12/site-packages/airflow/example_dags/example_datasets.py
[2025-01-17T14:13:05.226+0000] {processor.py:925} INFO - DAG(s) 'dataset_consumes_1', 'dataset_consumes_1_never_scheduled', 'dataset_consumes_unknown_never_scheduled', 'dataset_consumes_1_and_2', 'dataset_produces_2', 'consume_1_or_2_with_dataset_expressions', 'dataset_produces_1', 'consume_1_or_both_2_and_3_with_dataset_expressions', 'conditional_dataset_and_time_based_timetable', 'consume_1_and_2_with_dataset_expressions' retrieved from /home/airflow/.local/lib/python3.12/site-packages/airflow/example_dags/example_datasets.py
[2025-01-17T14:13:05.292+0000] {logging_mixin.py:190} INFO - [2025-01-17T14:13:05.291+0000] {dag.py:3239} INFO - Sync 10 DAGs
[2025-01-17T14:13:05.331+0000] {logging_mixin.py:190} INFO - [2025-01-17T14:13:05.331+0000] {dag.py:4180} INFO - Setting next_dagrun for conditional_dataset_and_time_based_timetable to 2025-01-15 01:00:00+00:00, run_after=2025-01-15 01:00:00+00:00
[2025-01-17T14:13:05.336+0000] {logging_mixin.py:190} INFO - [2025-01-17T14:13:05.336+0000] {dag.py:4180} INFO - Setting next_dagrun for consume_1_and_2_with_dataset_expressions to None, run_after=None
[2025-01-17T14:13:05.341+0000] {logging_mixin.py:190} INFO - [2025-01-17T14:13:05.341+0000] {dag.py:4180} INFO - Setting next_dagrun for consume_1_or_2_with_dataset_expressions to None, run_after=None
[2025-01-17T14:13:05.345+0000] {logging_mixin.py:190} INFO - [2025-01-17T14:13:05.344+0000] {dag.py:4180} INFO - Setting next_dagrun for consume_1_or_both_2_and_3_with_dataset_expressions to None, run_after=None
[2025-01-17T14:13:05.347+0000] {logging_mixin.py:190} INFO - [2025-01-17T14:13:05.347+0000] {dag.py:4180} INFO - Setting next_dagrun for dataset_consumes_1 to None, run_after=None
[2025-01-17T14:13:05.349+0000] {logging_mixin.py:190} INFO - [2025-01-17T14:13:05.349+0000] {dag.py:4180} INFO - Setting next_dagrun for dataset_consumes_1_and_2 to None, run_after=None
[2025-01-17T14:13:05.351+0000] {logging_mixin.py:190} INFO - [2025-01-17T14:13:05.351+0000] {dag.py:4180} INFO - Setting next_dagrun for dataset_consumes_1_never_scheduled to None, run_after=None
[2025-01-17T14:13:05.353+0000] {logging_mixin.py:190} INFO - [2025-01-17T14:13:05.353+0000] {dag.py:4180} INFO - Setting next_dagrun for dataset_consumes_unknown_never_scheduled to None, run_after=None
[2025-01-17T14:13:05.359+0000] {logging_mixin.py:190} INFO - [2025-01-17T14:13:05.358+0000] {dag.py:4180} INFO - Setting next_dagrun for dataset_produces_1 to 2025-01-16 00:00:00+00:00, run_after=2025-01-17 00:00:00+00:00
[2025-01-17T14:13:05.362+0000] {logging_mixin.py:190} INFO - [2025-01-17T14:13:05.361+0000] {dag.py:4180} INFO - Setting next_dagrun for dataset_produces_2 to None, run_after=None
[2025-01-17T14:13:05.397+0000] {processor.py:208} INFO - Processing /home/airflow/.local/lib/python3.12/site-packages/airflow/example_dags/example_datasets.py took 0.750 seconds
[2025-01-17T14:13:35.673+0000] {processor.py:186} INFO - Started process (PID=957) to work on /home/airflow/.local/lib/python3.12/site-packages/airflow/example_dags/example_datasets.py
[2025-01-17T14:13:35.674+0000] {processor.py:914} INFO - Processing file /home/airflow/.local/lib/python3.12/site-packages/airflow/example_dags/example_datasets.py for tasks to queue
[2025-01-17T14:13:35.676+0000] {logging_mixin.py:190} INFO - [2025-01-17T14:13:35.676+0000] {dagbag.py:588} INFO - Filling up the DagBag from /home/airflow/.local/lib/python3.12/site-packages/airflow/example_dags/example_datasets.py
[2025-01-17T14:13:36.425+0000] {processor.py:925} INFO - DAG(s) 'conditional_dataset_and_time_based_timetable', 'consume_1_or_both_2_and_3_with_dataset_expressions', 'dataset_consumes_1_never_scheduled', 'dataset_consumes_1_and_2', 'consume_1_or_2_with_dataset_expressions', 'dataset_consumes_unknown_never_scheduled', 'dataset_produces_2', 'consume_1_and_2_with_dataset_expressions', 'dataset_produces_1', 'dataset_consumes_1' retrieved from /home/airflow/.local/lib/python3.12/site-packages/airflow/example_dags/example_datasets.py
[2025-01-17T14:13:36.488+0000] {logging_mixin.py:190} INFO - [2025-01-17T14:13:36.487+0000] {dag.py:3239} INFO - Sync 10 DAGs
[2025-01-17T14:13:36.520+0000] {logging_mixin.py:190} INFO - [2025-01-17T14:13:36.520+0000] {dag.py:4180} INFO - Setting next_dagrun for conditional_dataset_and_time_based_timetable to 2025-01-15 01:00:00+00:00, run_after=2025-01-15 01:00:00+00:00
[2025-01-17T14:13:36.525+0000] {logging_mixin.py:190} INFO - [2025-01-17T14:13:36.525+0000] {dag.py:4180} INFO - Setting next_dagrun for consume_1_and_2_with_dataset_expressions to None, run_after=None
[2025-01-17T14:13:36.528+0000] {logging_mixin.py:190} INFO - [2025-01-17T14:13:36.528+0000] {dag.py:4180} INFO - Setting next_dagrun for consume_1_or_2_with_dataset_expressions to None, run_after=None
[2025-01-17T14:13:36.532+0000] {logging_mixin.py:190} INFO - [2025-01-17T14:13:36.531+0000] {dag.py:4180} INFO - Setting next_dagrun for consume_1_or_both_2_and_3_with_dataset_expressions to None, run_after=None
[2025-01-17T14:13:36.535+0000] {logging_mixin.py:190} INFO - [2025-01-17T14:13:36.534+0000] {dag.py:4180} INFO - Setting next_dagrun for dataset_consumes_1 to None, run_after=None
[2025-01-17T14:13:36.537+0000] {logging_mixin.py:190} INFO - [2025-01-17T14:13:36.536+0000] {dag.py:4180} INFO - Setting next_dagrun for dataset_consumes_1_and_2 to None, run_after=None
[2025-01-17T14:13:36.539+0000] {logging_mixin.py:190} INFO - [2025-01-17T14:13:36.538+0000] {dag.py:4180} INFO - Setting next_dagrun for dataset_consumes_1_never_scheduled to None, run_after=None
[2025-01-17T14:13:36.540+0000] {logging_mixin.py:190} INFO - [2025-01-17T14:13:36.540+0000] {dag.py:4180} INFO - Setting next_dagrun for dataset_consumes_unknown_never_scheduled to None, run_after=None
[2025-01-17T14:13:36.543+0000] {logging_mixin.py:190} INFO - [2025-01-17T14:13:36.543+0000] {dag.py:4180} INFO - Setting next_dagrun for dataset_produces_1 to 2025-01-16 00:00:00+00:00, run_after=2025-01-17 00:00:00+00:00
[2025-01-17T14:13:36.545+0000] {logging_mixin.py:190} INFO - [2025-01-17T14:13:36.544+0000] {dag.py:4180} INFO - Setting next_dagrun for dataset_produces_2 to None, run_after=None
[2025-01-17T14:13:36.594+0000] {processor.py:208} INFO - Processing /home/airflow/.local/lib/python3.12/site-packages/airflow/example_dags/example_datasets.py took 0.927 seconds
[2025-01-17T14:14:07.204+0000] {processor.py:186} INFO - Started process (PID=1021) to work on /home/airflow/.local/lib/python3.12/site-packages/airflow/example_dags/example_datasets.py
[2025-01-17T14:14:07.207+0000] {processor.py:914} INFO - Processing file /home/airflow/.local/lib/python3.12/site-packages/airflow/example_dags/example_datasets.py for tasks to queue
[2025-01-17T14:14:07.209+0000] {logging_mixin.py:190} INFO - [2025-01-17T14:14:07.209+0000] {dagbag.py:588} INFO - Filling up the DagBag from /home/airflow/.local/lib/python3.12/site-packages/airflow/example_dags/example_datasets.py
[2025-01-17T14:14:08.169+0000] {processor.py:925} INFO - DAG(s) 'consume_1_or_2_with_dataset_expressions', 'conditional_dataset_and_time_based_timetable', 'consume_1_and_2_with_dataset_expressions', 'dataset_consumes_1_never_scheduled', 'dataset_consumes_1', 'dataset_produces_2', 'dataset_consumes_1_and_2', 'dataset_consumes_unknown_never_scheduled', 'consume_1_or_both_2_and_3_with_dataset_expressions', 'dataset_produces_1' retrieved from /home/airflow/.local/lib/python3.12/site-packages/airflow/example_dags/example_datasets.py
[2025-01-17T14:14:08.285+0000] {logging_mixin.py:190} INFO - [2025-01-17T14:14:08.284+0000] {dag.py:3239} INFO - Sync 10 DAGs
[2025-01-17T14:14:08.350+0000] {logging_mixin.py:190} INFO - [2025-01-17T14:14:08.350+0000] {dag.py:4180} INFO - Setting next_dagrun for conditional_dataset_and_time_based_timetable to 2025-01-15 01:00:00+00:00, run_after=2025-01-15 01:00:00+00:00
[2025-01-17T14:14:08.361+0000] {logging_mixin.py:190} INFO - [2025-01-17T14:14:08.360+0000] {dag.py:4180} INFO - Setting next_dagrun for consume_1_and_2_with_dataset_expressions to None, run_after=None
[2025-01-17T14:14:08.364+0000] {logging_mixin.py:190} INFO - [2025-01-17T14:14:08.363+0000] {dag.py:4180} INFO - Setting next_dagrun for consume_1_or_2_with_dataset_expressions to None, run_after=None
[2025-01-17T14:14:08.367+0000] {logging_mixin.py:190} INFO - [2025-01-17T14:14:08.367+0000] {dag.py:4180} INFO - Setting next_dagrun for consume_1_or_both_2_and_3_with_dataset_expressions to None, run_after=None
[2025-01-17T14:14:08.373+0000] {logging_mixin.py:190} INFO - [2025-01-17T14:14:08.372+0000] {dag.py:4180} INFO - Setting next_dagrun for dataset_consumes_1 to None, run_after=None
[2025-01-17T14:14:08.376+0000] {logging_mixin.py:190} INFO - [2025-01-17T14:14:08.376+0000] {dag.py:4180} INFO - Setting next_dagrun for dataset_consumes_1_and_2 to None, run_after=None
[2025-01-17T14:14:08.379+0000] {logging_mixin.py:190} INFO - [2025-01-17T14:14:08.378+0000] {dag.py:4180} INFO - Setting next_dagrun for dataset_consumes_1_never_scheduled to None, run_after=None
[2025-01-17T14:14:08.382+0000] {logging_mixin.py:190} INFO - [2025-01-17T14:14:08.382+0000] {dag.py:4180} INFO - Setting next_dagrun for dataset_consumes_unknown_never_scheduled to None, run_after=None
[2025-01-17T14:14:08.388+0000] {logging_mixin.py:190} INFO - [2025-01-17T14:14:08.387+0000] {dag.py:4180} INFO - Setting next_dagrun for dataset_produces_1 to 2025-01-16 00:00:00+00:00, run_after=2025-01-17 00:00:00+00:00
[2025-01-17T14:14:08.393+0000] {logging_mixin.py:190} INFO - [2025-01-17T14:14:08.393+0000] {dag.py:4180} INFO - Setting next_dagrun for dataset_produces_2 to None, run_after=None
[2025-01-17T14:14:08.521+0000] {processor.py:208} INFO - Processing /home/airflow/.local/lib/python3.12/site-packages/airflow/example_dags/example_datasets.py took 1.324 seconds
