[2025-01-17T14:06:47.908+0000] {processor.py:186} INFO - Started process (PID=123) to work on /home/airflow/.local/lib/python3.12/site-packages/airflow/example_dags/example_branch_operator.py
[2025-01-17T14:06:47.909+0000] {processor.py:914} INFO - Processing file /home/airflow/.local/lib/python3.12/site-packages/airflow/example_dags/example_branch_operator.py for tasks to queue
[2025-01-17T14:06:47.913+0000] {logging_mixin.py:190} INFO - [2025-01-17T14:06:47.913+0000] {dagbag.py:588} INFO - Filling up the DagBag from /home/airflow/.local/lib/python3.12/site-packages/airflow/example_dags/example_branch_operator.py
[2025-01-17T14:06:47.944+0000] {processor.py:925} INFO - DAG(s) 'example_branch_operator' retrieved from /home/airflow/.local/lib/python3.12/site-packages/airflow/example_dags/example_branch_operator.py
[2025-01-17T14:06:48.130+0000] {logging_mixin.py:190} INFO - [2025-01-17T14:06:48.129+0000] {override.py:1911} INFO - Created Permission View: can read on DAG:example_branch_operator
[2025-01-17T14:06:48.144+0000] {logging_mixin.py:190} INFO - [2025-01-17T14:06:48.143+0000] {override.py:1911} INFO - Created Permission View: can delete on DAG:example_branch_operator
[2025-01-17T14:06:48.155+0000] {logging_mixin.py:190} INFO - [2025-01-17T14:06:48.155+0000] {override.py:1911} INFO - Created Permission View: can edit on DAG:example_branch_operator
[2025-01-17T14:06:48.168+0000] {logging_mixin.py:190} INFO - [2025-01-17T14:06:48.168+0000] {override.py:1911} INFO - Created Permission View: menu access on DAG Run:example_branch_operator
[2025-01-17T14:06:48.181+0000] {logging_mixin.py:190} INFO - [2025-01-17T14:06:48.180+0000] {override.py:1911} INFO - Created Permission View: can read on DAG Run:example_branch_operator
[2025-01-17T14:06:48.191+0000] {logging_mixin.py:190} INFO - [2025-01-17T14:06:48.191+0000] {override.py:1911} INFO - Created Permission View: can delete on DAG Run:example_branch_operator
[2025-01-17T14:06:48.202+0000] {logging_mixin.py:190} INFO - [2025-01-17T14:06:48.202+0000] {override.py:1911} INFO - Created Permission View: can create on DAG Run:example_branch_operator
[2025-01-17T14:06:48.203+0000] {logging_mixin.py:190} INFO - [2025-01-17T14:06:48.203+0000] {dag.py:3239} INFO - Sync 1 DAGs
[2025-01-17T14:06:48.224+0000] {logging_mixin.py:190} INFO - [2025-01-17T14:06:48.223+0000] {dag.py:3262} INFO - Creating ORM DAG for example_branch_operator
[2025-01-17T14:06:48.240+0000] {logging_mixin.py:190} INFO - [2025-01-17T14:06:48.240+0000] {dag.py:4180} INFO - Setting next_dagrun for example_branch_operator to 2025-01-16 00:00:00+00:00, run_after=2025-01-17 00:00:00+00:00
[2025-01-17T14:06:48.271+0000] {processor.py:208} INFO - Processing /home/airflow/.local/lib/python3.12/site-packages/airflow/example_dags/example_branch_operator.py took 0.370 seconds
[2025-01-17T14:07:19.294+0000] {processor.py:186} INFO - Started process (PID=186) to work on /home/airflow/.local/lib/python3.12/site-packages/airflow/example_dags/example_branch_operator.py
[2025-01-17T14:07:19.295+0000] {processor.py:914} INFO - Processing file /home/airflow/.local/lib/python3.12/site-packages/airflow/example_dags/example_branch_operator.py for tasks to queue
[2025-01-17T14:07:19.298+0000] {logging_mixin.py:190} INFO - [2025-01-17T14:07:19.297+0000] {dagbag.py:588} INFO - Filling up the DagBag from /home/airflow/.local/lib/python3.12/site-packages/airflow/example_dags/example_branch_operator.py
[2025-01-17T14:07:19.317+0000] {processor.py:925} INFO - DAG(s) 'example_branch_operator' retrieved from /home/airflow/.local/lib/python3.12/site-packages/airflow/example_dags/example_branch_operator.py
[2025-01-17T14:07:19.343+0000] {logging_mixin.py:190} INFO - [2025-01-17T14:07:19.342+0000] {dag.py:3239} INFO - Sync 1 DAGs
[2025-01-17T14:07:19.366+0000] {logging_mixin.py:190} INFO - [2025-01-17T14:07:19.366+0000] {dag.py:4180} INFO - Setting next_dagrun for example_branch_operator to 2025-01-16 00:00:00+00:00, run_after=2025-01-17 00:00:00+00:00
[2025-01-17T14:07:19.395+0000] {processor.py:208} INFO - Processing /home/airflow/.local/lib/python3.12/site-packages/airflow/example_dags/example_branch_operator.py took 0.107 seconds
[2025-01-17T14:07:49.762+0000] {processor.py:186} INFO - Started process (PID=248) to work on /home/airflow/.local/lib/python3.12/site-packages/airflow/example_dags/example_branch_operator.py
[2025-01-17T14:07:49.763+0000] {processor.py:914} INFO - Processing file /home/airflow/.local/lib/python3.12/site-packages/airflow/example_dags/example_branch_operator.py for tasks to queue
[2025-01-17T14:07:49.765+0000] {logging_mixin.py:190} INFO - [2025-01-17T14:07:49.765+0000] {dagbag.py:588} INFO - Filling up the DagBag from /home/airflow/.local/lib/python3.12/site-packages/airflow/example_dags/example_branch_operator.py
[2025-01-17T14:07:49.781+0000] {processor.py:925} INFO - DAG(s) 'example_branch_operator' retrieved from /home/airflow/.local/lib/python3.12/site-packages/airflow/example_dags/example_branch_operator.py
[2025-01-17T14:07:49.807+0000] {logging_mixin.py:190} INFO - [2025-01-17T14:07:49.807+0000] {dag.py:3239} INFO - Sync 1 DAGs
[2025-01-17T14:07:49.830+0000] {logging_mixin.py:190} INFO - [2025-01-17T14:07:49.830+0000] {dag.py:4180} INFO - Setting next_dagrun for example_branch_operator to 2025-01-16 00:00:00+00:00, run_after=2025-01-17 00:00:00+00:00
[2025-01-17T14:07:49.853+0000] {processor.py:208} INFO - Processing /home/airflow/.local/lib/python3.12/site-packages/airflow/example_dags/example_branch_operator.py took 0.098 seconds
[2025-01-17T14:08:20.457+0000] {processor.py:186} INFO - Started process (PID=312) to work on /home/airflow/.local/lib/python3.12/site-packages/airflow/example_dags/example_branch_operator.py
[2025-01-17T14:08:20.459+0000] {processor.py:914} INFO - Processing file /home/airflow/.local/lib/python3.12/site-packages/airflow/example_dags/example_branch_operator.py for tasks to queue
[2025-01-17T14:08:20.462+0000] {logging_mixin.py:190} INFO - [2025-01-17T14:08:20.461+0000] {dagbag.py:588} INFO - Filling up the DagBag from /home/airflow/.local/lib/python3.12/site-packages/airflow/example_dags/example_branch_operator.py
[2025-01-17T14:08:20.484+0000] {processor.py:925} INFO - DAG(s) 'example_branch_operator' retrieved from /home/airflow/.local/lib/python3.12/site-packages/airflow/example_dags/example_branch_operator.py
[2025-01-17T14:08:20.520+0000] {logging_mixin.py:190} INFO - [2025-01-17T14:08:20.520+0000] {dag.py:3239} INFO - Sync 1 DAGs
[2025-01-17T14:08:20.552+0000] {logging_mixin.py:190} INFO - [2025-01-17T14:08:20.552+0000] {dag.py:4180} INFO - Setting next_dagrun for example_branch_operator to 2025-01-16 00:00:00+00:00, run_after=2025-01-17 00:00:00+00:00
[2025-01-17T14:08:20.577+0000] {processor.py:208} INFO - Processing /home/airflow/.local/lib/python3.12/site-packages/airflow/example_dags/example_branch_operator.py took 0.126 seconds
[2025-01-17T14:08:52.753+0000] {processor.py:186} INFO - Started process (PID=376) to work on /home/airflow/.local/lib/python3.12/site-packages/airflow/example_dags/example_branch_operator.py
[2025-01-17T14:08:52.773+0000] {processor.py:914} INFO - Processing file /home/airflow/.local/lib/python3.12/site-packages/airflow/example_dags/example_branch_operator.py for tasks to queue
[2025-01-17T14:08:52.789+0000] {logging_mixin.py:190} INFO - [2025-01-17T14:08:52.788+0000] {dagbag.py:588} INFO - Filling up the DagBag from /home/airflow/.local/lib/python3.12/site-packages/airflow/example_dags/example_branch_operator.py
[2025-01-17T14:08:52.884+0000] {processor.py:925} INFO - DAG(s) 'example_branch_operator' retrieved from /home/airflow/.local/lib/python3.12/site-packages/airflow/example_dags/example_branch_operator.py
[2025-01-17T14:08:52.997+0000] {logging_mixin.py:190} INFO - [2025-01-17T14:08:52.997+0000] {dag.py:3239} INFO - Sync 1 DAGs
[2025-01-17T14:08:53.145+0000] {logging_mixin.py:190} INFO - [2025-01-17T14:08:53.145+0000] {dag.py:4180} INFO - Setting next_dagrun for example_branch_operator to 2025-01-16 00:00:00+00:00, run_after=2025-01-17 00:00:00+00:00
[2025-01-17T14:08:53.258+0000] {processor.py:208} INFO - Processing /home/airflow/.local/lib/python3.12/site-packages/airflow/example_dags/example_branch_operator.py took 0.534 seconds
[2025-01-17T14:09:23.460+0000] {processor.py:186} INFO - Started process (PID=439) to work on /home/airflow/.local/lib/python3.12/site-packages/airflow/example_dags/example_branch_operator.py
[2025-01-17T14:09:23.461+0000] {processor.py:914} INFO - Processing file /home/airflow/.local/lib/python3.12/site-packages/airflow/example_dags/example_branch_operator.py for tasks to queue
[2025-01-17T14:09:23.464+0000] {logging_mixin.py:190} INFO - [2025-01-17T14:09:23.463+0000] {dagbag.py:588} INFO - Filling up the DagBag from /home/airflow/.local/lib/python3.12/site-packages/airflow/example_dags/example_branch_operator.py
[2025-01-17T14:09:23.485+0000] {processor.py:925} INFO - DAG(s) 'example_branch_operator' retrieved from /home/airflow/.local/lib/python3.12/site-packages/airflow/example_dags/example_branch_operator.py
[2025-01-17T14:09:23.514+0000] {logging_mixin.py:190} INFO - [2025-01-17T14:09:23.514+0000] {dag.py:3239} INFO - Sync 1 DAGs
[2025-01-17T14:09:23.539+0000] {logging_mixin.py:190} INFO - [2025-01-17T14:09:23.539+0000] {dag.py:4180} INFO - Setting next_dagrun for example_branch_operator to 2025-01-16 00:00:00+00:00, run_after=2025-01-17 00:00:00+00:00
[2025-01-17T14:09:23.562+0000] {processor.py:208} INFO - Processing /home/airflow/.local/lib/python3.12/site-packages/airflow/example_dags/example_branch_operator.py took 0.110 seconds
[2025-01-17T14:09:53.814+0000] {processor.py:186} INFO - Started process (PID=502) to work on /home/airflow/.local/lib/python3.12/site-packages/airflow/example_dags/example_branch_operator.py
[2025-01-17T14:09:53.815+0000] {processor.py:914} INFO - Processing file /home/airflow/.local/lib/python3.12/site-packages/airflow/example_dags/example_branch_operator.py for tasks to queue
[2025-01-17T14:09:53.817+0000] {logging_mixin.py:190} INFO - [2025-01-17T14:09:53.817+0000] {dagbag.py:588} INFO - Filling up the DagBag from /home/airflow/.local/lib/python3.12/site-packages/airflow/example_dags/example_branch_operator.py
[2025-01-17T14:09:53.833+0000] {processor.py:925} INFO - DAG(s) 'example_branch_operator' retrieved from /home/airflow/.local/lib/python3.12/site-packages/airflow/example_dags/example_branch_operator.py
[2025-01-17T14:09:53.858+0000] {logging_mixin.py:190} INFO - [2025-01-17T14:09:53.857+0000] {dag.py:3239} INFO - Sync 1 DAGs
[2025-01-17T14:09:53.878+0000] {logging_mixin.py:190} INFO - [2025-01-17T14:09:53.878+0000] {dag.py:4180} INFO - Setting next_dagrun for example_branch_operator to 2025-01-16 00:00:00+00:00, run_after=2025-01-17 00:00:00+00:00
[2025-01-17T14:09:53.907+0000] {processor.py:208} INFO - Processing /home/airflow/.local/lib/python3.12/site-packages/airflow/example_dags/example_branch_operator.py took 0.098 seconds
[2025-01-17T14:10:24.120+0000] {processor.py:186} INFO - Started process (PID=565) to work on /home/airflow/.local/lib/python3.12/site-packages/airflow/example_dags/example_branch_operator.py
[2025-01-17T14:10:24.121+0000] {processor.py:914} INFO - Processing file /home/airflow/.local/lib/python3.12/site-packages/airflow/example_dags/example_branch_operator.py for tasks to queue
[2025-01-17T14:10:24.123+0000] {logging_mixin.py:190} INFO - [2025-01-17T14:10:24.122+0000] {dagbag.py:588} INFO - Filling up the DagBag from /home/airflow/.local/lib/python3.12/site-packages/airflow/example_dags/example_branch_operator.py
[2025-01-17T14:10:24.140+0000] {processor.py:925} INFO - DAG(s) 'example_branch_operator' retrieved from /home/airflow/.local/lib/python3.12/site-packages/airflow/example_dags/example_branch_operator.py
[2025-01-17T14:10:24.167+0000] {logging_mixin.py:190} INFO - [2025-01-17T14:10:24.167+0000] {dag.py:3239} INFO - Sync 1 DAGs
[2025-01-17T14:10:24.188+0000] {logging_mixin.py:190} INFO - [2025-01-17T14:10:24.188+0000] {dag.py:4180} INFO - Setting next_dagrun for example_branch_operator to 2025-01-16 00:00:00+00:00, run_after=2025-01-17 00:00:00+00:00
[2025-01-17T14:10:24.204+0000] {processor.py:208} INFO - Processing /home/airflow/.local/lib/python3.12/site-packages/airflow/example_dags/example_branch_operator.py took 0.089 seconds
[2025-01-17T14:10:55.783+0000] {processor.py:186} INFO - Started process (PID=628) to work on /home/airflow/.local/lib/python3.12/site-packages/airflow/example_dags/example_branch_operator.py
[2025-01-17T14:10:55.784+0000] {processor.py:914} INFO - Processing file /home/airflow/.local/lib/python3.12/site-packages/airflow/example_dags/example_branch_operator.py for tasks to queue
[2025-01-17T14:10:55.786+0000] {logging_mixin.py:190} INFO - [2025-01-17T14:10:55.786+0000] {dagbag.py:588} INFO - Filling up the DagBag from /home/airflow/.local/lib/python3.12/site-packages/airflow/example_dags/example_branch_operator.py
[2025-01-17T14:10:55.804+0000] {processor.py:925} INFO - DAG(s) 'example_branch_operator' retrieved from /home/airflow/.local/lib/python3.12/site-packages/airflow/example_dags/example_branch_operator.py
[2025-01-17T14:10:55.828+0000] {logging_mixin.py:190} INFO - [2025-01-17T14:10:55.828+0000] {dag.py:3239} INFO - Sync 1 DAGs
[2025-01-17T14:10:55.857+0000] {logging_mixin.py:190} INFO - [2025-01-17T14:10:55.857+0000] {dag.py:4180} INFO - Setting next_dagrun for example_branch_operator to 2025-01-16 00:00:00+00:00, run_after=2025-01-17 00:00:00+00:00
[2025-01-17T14:10:55.883+0000] {processor.py:208} INFO - Processing /home/airflow/.local/lib/python3.12/site-packages/airflow/example_dags/example_branch_operator.py took 0.106 seconds
[2025-01-17T14:11:27.359+0000] {processor.py:186} INFO - Started process (PID=691) to work on /home/airflow/.local/lib/python3.12/site-packages/airflow/example_dags/example_branch_operator.py
[2025-01-17T14:11:27.360+0000] {processor.py:914} INFO - Processing file /home/airflow/.local/lib/python3.12/site-packages/airflow/example_dags/example_branch_operator.py for tasks to queue
[2025-01-17T14:11:27.363+0000] {logging_mixin.py:190} INFO - [2025-01-17T14:11:27.363+0000] {dagbag.py:588} INFO - Filling up the DagBag from /home/airflow/.local/lib/python3.12/site-packages/airflow/example_dags/example_branch_operator.py
[2025-01-17T14:11:27.387+0000] {processor.py:925} INFO - DAG(s) 'example_branch_operator' retrieved from /home/airflow/.local/lib/python3.12/site-packages/airflow/example_dags/example_branch_operator.py
[2025-01-17T14:11:27.429+0000] {logging_mixin.py:190} INFO - [2025-01-17T14:11:27.428+0000] {dag.py:3239} INFO - Sync 1 DAGs
[2025-01-17T14:11:27.464+0000] {logging_mixin.py:190} INFO - [2025-01-17T14:11:27.464+0000] {dag.py:4180} INFO - Setting next_dagrun for example_branch_operator to 2025-01-16 00:00:00+00:00, run_after=2025-01-17 00:00:00+00:00
[2025-01-17T14:11:27.489+0000] {processor.py:208} INFO - Processing /home/airflow/.local/lib/python3.12/site-packages/airflow/example_dags/example_branch_operator.py took 0.139 seconds
[2025-01-17T14:11:58.879+0000] {processor.py:186} INFO - Started process (PID=755) to work on /home/airflow/.local/lib/python3.12/site-packages/airflow/example_dags/example_branch_operator.py
[2025-01-17T14:11:58.880+0000] {processor.py:914} INFO - Processing file /home/airflow/.local/lib/python3.12/site-packages/airflow/example_dags/example_branch_operator.py for tasks to queue
[2025-01-17T14:11:58.882+0000] {logging_mixin.py:190} INFO - [2025-01-17T14:11:58.882+0000] {dagbag.py:588} INFO - Filling up the DagBag from /home/airflow/.local/lib/python3.12/site-packages/airflow/example_dags/example_branch_operator.py
[2025-01-17T14:11:58.900+0000] {processor.py:925} INFO - DAG(s) 'example_branch_operator' retrieved from /home/airflow/.local/lib/python3.12/site-packages/airflow/example_dags/example_branch_operator.py
[2025-01-17T14:11:58.929+0000] {logging_mixin.py:190} INFO - [2025-01-17T14:11:58.929+0000] {dag.py:3239} INFO - Sync 1 DAGs
[2025-01-17T14:11:58.955+0000] {logging_mixin.py:190} INFO - [2025-01-17T14:11:58.955+0000] {dag.py:4180} INFO - Setting next_dagrun for example_branch_operator to 2025-01-16 00:00:00+00:00, run_after=2025-01-17 00:00:00+00:00
[2025-01-17T14:11:58.977+0000] {processor.py:208} INFO - Processing /home/airflow/.local/lib/python3.12/site-packages/airflow/example_dags/example_branch_operator.py took 0.104 seconds
[2025-01-17T14:12:30.419+0000] {processor.py:186} INFO - Started process (PID=818) to work on /home/airflow/.local/lib/python3.12/site-packages/airflow/example_dags/example_branch_operator.py
[2025-01-17T14:12:30.420+0000] {processor.py:914} INFO - Processing file /home/airflow/.local/lib/python3.12/site-packages/airflow/example_dags/example_branch_operator.py for tasks to queue
[2025-01-17T14:12:30.424+0000] {logging_mixin.py:190} INFO - [2025-01-17T14:12:30.423+0000] {dagbag.py:588} INFO - Filling up the DagBag from /home/airflow/.local/lib/python3.12/site-packages/airflow/example_dags/example_branch_operator.py
[2025-01-17T14:12:30.451+0000] {processor.py:925} INFO - DAG(s) 'example_branch_operator' retrieved from /home/airflow/.local/lib/python3.12/site-packages/airflow/example_dags/example_branch_operator.py
[2025-01-17T14:12:30.496+0000] {logging_mixin.py:190} INFO - [2025-01-17T14:12:30.495+0000] {dag.py:3239} INFO - Sync 1 DAGs
[2025-01-17T14:12:30.532+0000] {logging_mixin.py:190} INFO - [2025-01-17T14:12:30.531+0000] {dag.py:4180} INFO - Setting next_dagrun for example_branch_operator to 2025-01-16 00:00:00+00:00, run_after=2025-01-17 00:00:00+00:00
[2025-01-17T14:12:30.563+0000] {processor.py:208} INFO - Processing /home/airflow/.local/lib/python3.12/site-packages/airflow/example_dags/example_branch_operator.py took 0.150 seconds
[2025-01-17T14:13:01.628+0000] {processor.py:186} INFO - Started process (PID=881) to work on /home/airflow/.local/lib/python3.12/site-packages/airflow/example_dags/example_branch_operator.py
[2025-01-17T14:13:01.630+0000] {processor.py:914} INFO - Processing file /home/airflow/.local/lib/python3.12/site-packages/airflow/example_dags/example_branch_operator.py for tasks to queue
[2025-01-17T14:13:01.633+0000] {logging_mixin.py:190} INFO - [2025-01-17T14:13:01.632+0000] {dagbag.py:588} INFO - Filling up the DagBag from /home/airflow/.local/lib/python3.12/site-packages/airflow/example_dags/example_branch_operator.py
[2025-01-17T14:13:01.661+0000] {processor.py:925} INFO - DAG(s) 'example_branch_operator' retrieved from /home/airflow/.local/lib/python3.12/site-packages/airflow/example_dags/example_branch_operator.py
[2025-01-17T14:13:01.707+0000] {logging_mixin.py:190} INFO - [2025-01-17T14:13:01.707+0000] {dag.py:3239} INFO - Sync 1 DAGs
[2025-01-17T14:13:01.748+0000] {logging_mixin.py:190} INFO - [2025-01-17T14:13:01.747+0000] {dag.py:4180} INFO - Setting next_dagrun for example_branch_operator to 2025-01-16 00:00:00+00:00, run_after=2025-01-17 00:00:00+00:00
[2025-01-17T14:13:01.782+0000] {processor.py:208} INFO - Processing /home/airflow/.local/lib/python3.12/site-packages/airflow/example_dags/example_branch_operator.py took 0.162 seconds
[2025-01-17T14:13:32.799+0000] {processor.py:186} INFO - Started process (PID=944) to work on /home/airflow/.local/lib/python3.12/site-packages/airflow/example_dags/example_branch_operator.py
[2025-01-17T14:13:32.802+0000] {processor.py:914} INFO - Processing file /home/airflow/.local/lib/python3.12/site-packages/airflow/example_dags/example_branch_operator.py for tasks to queue
[2025-01-17T14:13:32.805+0000] {logging_mixin.py:190} INFO - [2025-01-17T14:13:32.805+0000] {dagbag.py:588} INFO - Filling up the DagBag from /home/airflow/.local/lib/python3.12/site-packages/airflow/example_dags/example_branch_operator.py
[2025-01-17T14:13:32.847+0000] {processor.py:925} INFO - DAG(s) 'example_branch_operator' retrieved from /home/airflow/.local/lib/python3.12/site-packages/airflow/example_dags/example_branch_operator.py
[2025-01-17T14:13:32.901+0000] {logging_mixin.py:190} INFO - [2025-01-17T14:13:32.899+0000] {dag.py:3239} INFO - Sync 1 DAGs
[2025-01-17T14:13:32.953+0000] {logging_mixin.py:190} INFO - [2025-01-17T14:13:32.953+0000] {dag.py:4180} INFO - Setting next_dagrun for example_branch_operator to 2025-01-16 00:00:00+00:00, run_after=2025-01-17 00:00:00+00:00
[2025-01-17T14:13:32.989+0000] {processor.py:208} INFO - Processing /home/airflow/.local/lib/python3.12/site-packages/airflow/example_dags/example_branch_operator.py took 0.199 seconds
[2025-01-17T14:14:03.353+0000] {processor.py:186} INFO - Started process (PID=1008) to work on /home/airflow/.local/lib/python3.12/site-packages/airflow/example_dags/example_branch_operator.py
[2025-01-17T14:14:03.355+0000] {processor.py:914} INFO - Processing file /home/airflow/.local/lib/python3.12/site-packages/airflow/example_dags/example_branch_operator.py for tasks to queue
[2025-01-17T14:14:03.358+0000] {logging_mixin.py:190} INFO - [2025-01-17T14:14:03.357+0000] {dagbag.py:588} INFO - Filling up the DagBag from /home/airflow/.local/lib/python3.12/site-packages/airflow/example_dags/example_branch_operator.py
[2025-01-17T14:14:03.373+0000] {processor.py:925} INFO - DAG(s) 'example_branch_operator' retrieved from /home/airflow/.local/lib/python3.12/site-packages/airflow/example_dags/example_branch_operator.py
[2025-01-17T14:14:03.398+0000] {logging_mixin.py:190} INFO - [2025-01-17T14:14:03.398+0000] {dag.py:3239} INFO - Sync 1 DAGs
[2025-01-17T14:14:03.419+0000] {logging_mixin.py:190} INFO - [2025-01-17T14:14:03.419+0000] {dag.py:4180} INFO - Setting next_dagrun for example_branch_operator to 2025-01-16 00:00:00+00:00, run_after=2025-01-17 00:00:00+00:00
[2025-01-17T14:14:03.448+0000] {processor.py:208} INFO - Processing /home/airflow/.local/lib/python3.12/site-packages/airflow/example_dags/example_branch_operator.py took 0.100 seconds
