[2025-01-17T14:06:47.087+0000] {processor.py:186} INFO - Started process (PID=121) to work on /home/airflow/.local/lib/python3.12/site-packages/airflow/example_dags/example_latest_only_with_trigger.py
[2025-01-17T14:06:47.090+0000] {processor.py:914} INFO - Processing file /home/airflow/.local/lib/python3.12/site-packages/airflow/example_dags/example_latest_only_with_trigger.py for tasks to queue
[2025-01-17T14:06:47.095+0000] {logging_mixin.py:190} INFO - [2025-01-17T14:06:47.094+0000] {dagbag.py:588} INFO - Filling up the DagBag from /home/airflow/.local/lib/python3.12/site-packages/airflow/example_dags/example_latest_only_with_trigger.py
[2025-01-17T14:06:47.112+0000] {processor.py:925} INFO - DAG(s) 'latest_only_with_trigger' retrieved from /home/airflow/.local/lib/python3.12/site-packages/airflow/example_dags/example_latest_only_with_trigger.py
[2025-01-17T14:06:47.308+0000] {logging_mixin.py:190} INFO - [2025-01-17T14:06:47.307+0000] {override.py:1911} INFO - Created Permission View: can read on DAG:latest_only_with_trigger
[2025-01-17T14:06:47.325+0000] {logging_mixin.py:190} INFO - [2025-01-17T14:06:47.324+0000] {override.py:1911} INFO - Created Permission View: can delete on DAG:latest_only_with_trigger
[2025-01-17T14:06:47.336+0000] {logging_mixin.py:190} INFO - [2025-01-17T14:06:47.335+0000] {override.py:1911} INFO - Created Permission View: can edit on DAG:latest_only_with_trigger
[2025-01-17T14:06:47.348+0000] {logging_mixin.py:190} INFO - [2025-01-17T14:06:47.347+0000] {override.py:1911} INFO - Created Permission View: menu access on DAG Run:latest_only_with_trigger
[2025-01-17T14:06:47.359+0000] {logging_mixin.py:190} INFO - [2025-01-17T14:06:47.359+0000] {override.py:1911} INFO - Created Permission View: can read on DAG Run:latest_only_with_trigger
[2025-01-17T14:06:47.391+0000] {logging_mixin.py:190} INFO - [2025-01-17T14:06:47.390+0000] {override.py:1911} INFO - Created Permission View: can delete on DAG Run:latest_only_with_trigger
[2025-01-17T14:06:47.406+0000] {logging_mixin.py:190} INFO - [2025-01-17T14:06:47.405+0000] {override.py:1911} INFO - Created Permission View: can create on DAG Run:latest_only_with_trigger
[2025-01-17T14:06:47.407+0000] {logging_mixin.py:190} INFO - [2025-01-17T14:06:47.407+0000] {dag.py:3239} INFO - Sync 1 DAGs
[2025-01-17T14:06:47.428+0000] {logging_mixin.py:190} INFO - [2025-01-17T14:06:47.428+0000] {dag.py:3262} INFO - Creating ORM DAG for latest_only_with_trigger
[2025-01-17T14:06:47.448+0000] {logging_mixin.py:190} INFO - [2025-01-17T14:06:47.448+0000] {dag.py:4180} INFO - Setting next_dagrun for latest_only_with_trigger to 2025-01-17 08:00:00+00:00, run_after=2025-01-17 12:00:00+00:00
[2025-01-17T14:06:47.482+0000] {processor.py:208} INFO - Processing /home/airflow/.local/lib/python3.12/site-packages/airflow/example_dags/example_latest_only_with_trigger.py took 0.405 seconds
[2025-01-17T14:07:18.180+0000] {processor.py:186} INFO - Started process (PID=183) to work on /home/airflow/.local/lib/python3.12/site-packages/airflow/example_dags/example_latest_only_with_trigger.py
[2025-01-17T14:07:18.181+0000] {processor.py:914} INFO - Processing file /home/airflow/.local/lib/python3.12/site-packages/airflow/example_dags/example_latest_only_with_trigger.py for tasks to queue
[2025-01-17T14:07:18.184+0000] {logging_mixin.py:190} INFO - [2025-01-17T14:07:18.184+0000] {dagbag.py:588} INFO - Filling up the DagBag from /home/airflow/.local/lib/python3.12/site-packages/airflow/example_dags/example_latest_only_with_trigger.py
[2025-01-17T14:07:18.191+0000] {processor.py:925} INFO - DAG(s) 'latest_only_with_trigger' retrieved from /home/airflow/.local/lib/python3.12/site-packages/airflow/example_dags/example_latest_only_with_trigger.py
[2025-01-17T14:07:18.208+0000] {logging_mixin.py:190} INFO - [2025-01-17T14:07:18.208+0000] {dag.py:3239} INFO - Sync 1 DAGs
[2025-01-17T14:07:18.229+0000] {logging_mixin.py:190} INFO - [2025-01-17T14:07:18.229+0000] {dag.py:4180} INFO - Setting next_dagrun for latest_only_with_trigger to 2025-01-17 08:00:00+00:00, run_after=2025-01-17 12:00:00+00:00
[2025-01-17T14:07:18.252+0000] {processor.py:208} INFO - Processing /home/airflow/.local/lib/python3.12/site-packages/airflow/example_dags/example_latest_only_with_trigger.py took 0.076 seconds
[2025-01-17T14:07:48.650+0000] {processor.py:186} INFO - Started process (PID=246) to work on /home/airflow/.local/lib/python3.12/site-packages/airflow/example_dags/example_latest_only_with_trigger.py
[2025-01-17T14:07:48.651+0000] {processor.py:914} INFO - Processing file /home/airflow/.local/lib/python3.12/site-packages/airflow/example_dags/example_latest_only_with_trigger.py for tasks to queue
[2025-01-17T14:07:48.653+0000] {logging_mixin.py:190} INFO - [2025-01-17T14:07:48.653+0000] {dagbag.py:588} INFO - Filling up the DagBag from /home/airflow/.local/lib/python3.12/site-packages/airflow/example_dags/example_latest_only_with_trigger.py
[2025-01-17T14:07:48.662+0000] {processor.py:925} INFO - DAG(s) 'latest_only_with_trigger' retrieved from /home/airflow/.local/lib/python3.12/site-packages/airflow/example_dags/example_latest_only_with_trigger.py
[2025-01-17T14:07:48.680+0000] {logging_mixin.py:190} INFO - [2025-01-17T14:07:48.680+0000] {dag.py:3239} INFO - Sync 1 DAGs
[2025-01-17T14:07:48.701+0000] {logging_mixin.py:190} INFO - [2025-01-17T14:07:48.701+0000] {dag.py:4180} INFO - Setting next_dagrun for latest_only_with_trigger to 2025-01-17 08:00:00+00:00, run_after=2025-01-17 12:00:00+00:00
[2025-01-17T14:07:48.734+0000] {processor.py:208} INFO - Processing /home/airflow/.local/lib/python3.12/site-packages/airflow/example_dags/example_latest_only_with_trigger.py took 0.089 seconds
[2025-01-17T14:08:19.276+0000] {processor.py:186} INFO - Started process (PID=310) to work on /home/airflow/.local/lib/python3.12/site-packages/airflow/example_dags/example_latest_only_with_trigger.py
[2025-01-17T14:08:19.278+0000] {processor.py:914} INFO - Processing file /home/airflow/.local/lib/python3.12/site-packages/airflow/example_dags/example_latest_only_with_trigger.py for tasks to queue
[2025-01-17T14:08:19.282+0000] {logging_mixin.py:190} INFO - [2025-01-17T14:08:19.282+0000] {dagbag.py:588} INFO - Filling up the DagBag from /home/airflow/.local/lib/python3.12/site-packages/airflow/example_dags/example_latest_only_with_trigger.py
[2025-01-17T14:08:19.298+0000] {processor.py:925} INFO - DAG(s) 'latest_only_with_trigger' retrieved from /home/airflow/.local/lib/python3.12/site-packages/airflow/example_dags/example_latest_only_with_trigger.py
[2025-01-17T14:08:19.332+0000] {logging_mixin.py:190} INFO - [2025-01-17T14:08:19.332+0000] {dag.py:3239} INFO - Sync 1 DAGs
[2025-01-17T14:08:19.375+0000] {logging_mixin.py:190} INFO - [2025-01-17T14:08:19.374+0000] {dag.py:4180} INFO - Setting next_dagrun for latest_only_with_trigger to 2025-01-17 08:00:00+00:00, run_after=2025-01-17 12:00:00+00:00
[2025-01-17T14:08:19.409+0000] {processor.py:208} INFO - Processing /home/airflow/.local/lib/python3.12/site-packages/airflow/example_dags/example_latest_only_with_trigger.py took 0.142 seconds
[2025-01-17T14:08:52.039+0000] {processor.py:186} INFO - Started process (PID=374) to work on /home/airflow/.local/lib/python3.12/site-packages/airflow/example_dags/example_latest_only_with_trigger.py
[2025-01-17T14:08:52.054+0000] {processor.py:914} INFO - Processing file /home/airflow/.local/lib/python3.12/site-packages/airflow/example_dags/example_latest_only_with_trigger.py for tasks to queue
[2025-01-17T14:08:52.075+0000] {logging_mixin.py:190} INFO - [2025-01-17T14:08:52.074+0000] {dagbag.py:588} INFO - Filling up the DagBag from /home/airflow/.local/lib/python3.12/site-packages/airflow/example_dags/example_latest_only_with_trigger.py
[2025-01-17T14:08:52.113+0000] {processor.py:925} INFO - DAG(s) 'latest_only_with_trigger' retrieved from /home/airflow/.local/lib/python3.12/site-packages/airflow/example_dags/example_latest_only_with_trigger.py
[2025-01-17T14:08:52.232+0000] {logging_mixin.py:190} INFO - [2025-01-17T14:08:52.231+0000] {dag.py:3239} INFO - Sync 1 DAGs
[2025-01-17T14:08:52.361+0000] {logging_mixin.py:190} INFO - [2025-01-17T14:08:52.361+0000] {dag.py:4180} INFO - Setting next_dagrun for latest_only_with_trigger to 2025-01-17 08:00:00+00:00, run_after=2025-01-17 12:00:00+00:00
[2025-01-17T14:08:52.483+0000] {processor.py:208} INFO - Processing /home/airflow/.local/lib/python3.12/site-packages/airflow/example_dags/example_latest_only_with_trigger.py took 0.488 seconds
[2025-01-17T14:09:23.299+0000] {processor.py:186} INFO - Started process (PID=437) to work on /home/airflow/.local/lib/python3.12/site-packages/airflow/example_dags/example_latest_only_with_trigger.py
[2025-01-17T14:09:23.301+0000] {processor.py:914} INFO - Processing file /home/airflow/.local/lib/python3.12/site-packages/airflow/example_dags/example_latest_only_with_trigger.py for tasks to queue
[2025-01-17T14:09:23.305+0000] {logging_mixin.py:190} INFO - [2025-01-17T14:09:23.304+0000] {dagbag.py:588} INFO - Filling up the DagBag from /home/airflow/.local/lib/python3.12/site-packages/airflow/example_dags/example_latest_only_with_trigger.py
[2025-01-17T14:09:23.314+0000] {processor.py:925} INFO - DAG(s) 'latest_only_with_trigger' retrieved from /home/airflow/.local/lib/python3.12/site-packages/airflow/example_dags/example_latest_only_with_trigger.py
[2025-01-17T14:09:23.342+0000] {logging_mixin.py:190} INFO - [2025-01-17T14:09:23.342+0000] {dag.py:3239} INFO - Sync 1 DAGs
[2025-01-17T14:09:23.375+0000] {logging_mixin.py:190} INFO - [2025-01-17T14:09:23.375+0000] {dag.py:4180} INFO - Setting next_dagrun for latest_only_with_trigger to 2025-01-17 08:00:00+00:00, run_after=2025-01-17 12:00:00+00:00
[2025-01-17T14:09:23.401+0000] {processor.py:208} INFO - Processing /home/airflow/.local/lib/python3.12/site-packages/airflow/example_dags/example_latest_only_with_trigger.py took 0.107 seconds
[2025-01-17T14:09:53.694+0000] {processor.py:186} INFO - Started process (PID=500) to work on /home/airflow/.local/lib/python3.12/site-packages/airflow/example_dags/example_latest_only_with_trigger.py
[2025-01-17T14:09:53.695+0000] {processor.py:914} INFO - Processing file /home/airflow/.local/lib/python3.12/site-packages/airflow/example_dags/example_latest_only_with_trigger.py for tasks to queue
[2025-01-17T14:09:53.697+0000] {logging_mixin.py:190} INFO - [2025-01-17T14:09:53.697+0000] {dagbag.py:588} INFO - Filling up the DagBag from /home/airflow/.local/lib/python3.12/site-packages/airflow/example_dags/example_latest_only_with_trigger.py
[2025-01-17T14:09:53.703+0000] {processor.py:925} INFO - DAG(s) 'latest_only_with_trigger' retrieved from /home/airflow/.local/lib/python3.12/site-packages/airflow/example_dags/example_latest_only_with_trigger.py
[2025-01-17T14:09:53.727+0000] {logging_mixin.py:190} INFO - [2025-01-17T14:09:53.727+0000] {dag.py:3239} INFO - Sync 1 DAGs
[2025-01-17T14:09:53.751+0000] {logging_mixin.py:190} INFO - [2025-01-17T14:09:53.751+0000] {dag.py:4180} INFO - Setting next_dagrun for latest_only_with_trigger to 2025-01-17 08:00:00+00:00, run_after=2025-01-17 12:00:00+00:00
[2025-01-17T14:09:53.775+0000] {processor.py:208} INFO - Processing /home/airflow/.local/lib/python3.12/site-packages/airflow/example_dags/example_latest_only_with_trigger.py took 0.087 seconds
[2025-01-17T14:10:24.014+0000] {processor.py:186} INFO - Started process (PID=563) to work on /home/airflow/.local/lib/python3.12/site-packages/airflow/example_dags/example_latest_only_with_trigger.py
[2025-01-17T14:10:24.015+0000] {processor.py:914} INFO - Processing file /home/airflow/.local/lib/python3.12/site-packages/airflow/example_dags/example_latest_only_with_trigger.py for tasks to queue
[2025-01-17T14:10:24.017+0000] {logging_mixin.py:190} INFO - [2025-01-17T14:10:24.017+0000] {dagbag.py:588} INFO - Filling up the DagBag from /home/airflow/.local/lib/python3.12/site-packages/airflow/example_dags/example_latest_only_with_trigger.py
[2025-01-17T14:10:24.025+0000] {processor.py:925} INFO - DAG(s) 'latest_only_with_trigger' retrieved from /home/airflow/.local/lib/python3.12/site-packages/airflow/example_dags/example_latest_only_with_trigger.py
[2025-01-17T14:10:24.044+0000] {logging_mixin.py:190} INFO - [2025-01-17T14:10:24.043+0000] {dag.py:3239} INFO - Sync 1 DAGs
[2025-01-17T14:10:24.068+0000] {logging_mixin.py:190} INFO - [2025-01-17T14:10:24.068+0000] {dag.py:4180} INFO - Setting next_dagrun for latest_only_with_trigger to 2025-01-17 08:00:00+00:00, run_after=2025-01-17 12:00:00+00:00
[2025-01-17T14:10:24.087+0000] {processor.py:208} INFO - Processing /home/airflow/.local/lib/python3.12/site-packages/airflow/example_dags/example_latest_only_with_trigger.py took 0.080 seconds
[2025-01-17T14:10:55.666+0000] {processor.py:186} INFO - Started process (PID=626) to work on /home/airflow/.local/lib/python3.12/site-packages/airflow/example_dags/example_latest_only_with_trigger.py
[2025-01-17T14:10:55.667+0000] {processor.py:914} INFO - Processing file /home/airflow/.local/lib/python3.12/site-packages/airflow/example_dags/example_latest_only_with_trigger.py for tasks to queue
[2025-01-17T14:10:55.670+0000] {logging_mixin.py:190} INFO - [2025-01-17T14:10:55.669+0000] {dagbag.py:588} INFO - Filling up the DagBag from /home/airflow/.local/lib/python3.12/site-packages/airflow/example_dags/example_latest_only_with_trigger.py
[2025-01-17T14:10:55.677+0000] {processor.py:925} INFO - DAG(s) 'latest_only_with_trigger' retrieved from /home/airflow/.local/lib/python3.12/site-packages/airflow/example_dags/example_latest_only_with_trigger.py
[2025-01-17T14:10:55.696+0000] {logging_mixin.py:190} INFO - [2025-01-17T14:10:55.696+0000] {dag.py:3239} INFO - Sync 1 DAGs
[2025-01-17T14:10:55.719+0000] {logging_mixin.py:190} INFO - [2025-01-17T14:10:55.718+0000] {dag.py:4180} INFO - Setting next_dagrun for latest_only_with_trigger to 2025-01-17 08:00:00+00:00, run_after=2025-01-17 12:00:00+00:00
[2025-01-17T14:10:55.746+0000] {processor.py:208} INFO - Processing /home/airflow/.local/lib/python3.12/site-packages/airflow/example_dags/example_latest_only_with_trigger.py took 0.086 seconds
[2025-01-17T14:11:27.204+0000] {processor.py:186} INFO - Started process (PID=689) to work on /home/airflow/.local/lib/python3.12/site-packages/airflow/example_dags/example_latest_only_with_trigger.py
[2025-01-17T14:11:27.206+0000] {processor.py:914} INFO - Processing file /home/airflow/.local/lib/python3.12/site-packages/airflow/example_dags/example_latest_only_with_trigger.py for tasks to queue
[2025-01-17T14:11:27.209+0000] {logging_mixin.py:190} INFO - [2025-01-17T14:11:27.209+0000] {dagbag.py:588} INFO - Filling up the DagBag from /home/airflow/.local/lib/python3.12/site-packages/airflow/example_dags/example_latest_only_with_trigger.py
[2025-01-17T14:11:27.217+0000] {processor.py:925} INFO - DAG(s) 'latest_only_with_trigger' retrieved from /home/airflow/.local/lib/python3.12/site-packages/airflow/example_dags/example_latest_only_with_trigger.py
[2025-01-17T14:11:27.248+0000] {logging_mixin.py:190} INFO - [2025-01-17T14:11:27.248+0000] {dag.py:3239} INFO - Sync 1 DAGs
[2025-01-17T14:11:27.275+0000] {logging_mixin.py:190} INFO - [2025-01-17T14:11:27.275+0000] {dag.py:4180} INFO - Setting next_dagrun for latest_only_with_trigger to 2025-01-17 08:00:00+00:00, run_after=2025-01-17 12:00:00+00:00
[2025-01-17T14:11:27.308+0000] {processor.py:208} INFO - Processing /home/airflow/.local/lib/python3.12/site-packages/airflow/example_dags/example_latest_only_with_trigger.py took 0.109 seconds
[2025-01-17T14:11:58.632+0000] {processor.py:186} INFO - Started process (PID=753) to work on /home/airflow/.local/lib/python3.12/site-packages/airflow/example_dags/example_latest_only_with_trigger.py
[2025-01-17T14:11:58.633+0000] {processor.py:914} INFO - Processing file /home/airflow/.local/lib/python3.12/site-packages/airflow/example_dags/example_latest_only_with_trigger.py for tasks to queue
[2025-01-17T14:11:58.636+0000] {logging_mixin.py:190} INFO - [2025-01-17T14:11:58.635+0000] {dagbag.py:588} INFO - Filling up the DagBag from /home/airflow/.local/lib/python3.12/site-packages/airflow/example_dags/example_latest_only_with_trigger.py
[2025-01-17T14:11:58.646+0000] {processor.py:925} INFO - DAG(s) 'latest_only_with_trigger' retrieved from /home/airflow/.local/lib/python3.12/site-packages/airflow/example_dags/example_latest_only_with_trigger.py
[2025-01-17T14:11:58.667+0000] {logging_mixin.py:190} INFO - [2025-01-17T14:11:58.667+0000] {dag.py:3239} INFO - Sync 1 DAGs
[2025-01-17T14:11:58.693+0000] {logging_mixin.py:190} INFO - [2025-01-17T14:11:58.692+0000] {dag.py:4180} INFO - Setting next_dagrun for latest_only_with_trigger to 2025-01-17 08:00:00+00:00, run_after=2025-01-17 12:00:00+00:00
[2025-01-17T14:11:58.714+0000] {processor.py:208} INFO - Processing /home/airflow/.local/lib/python3.12/site-packages/airflow/example_dags/example_latest_only_with_trigger.py took 0.088 seconds
[2025-01-17T14:12:30.256+0000] {processor.py:186} INFO - Started process (PID=816) to work on /home/airflow/.local/lib/python3.12/site-packages/airflow/example_dags/example_latest_only_with_trigger.py
[2025-01-17T14:12:30.257+0000] {processor.py:914} INFO - Processing file /home/airflow/.local/lib/python3.12/site-packages/airflow/example_dags/example_latest_only_with_trigger.py for tasks to queue
[2025-01-17T14:12:30.261+0000] {logging_mixin.py:190} INFO - [2025-01-17T14:12:30.261+0000] {dagbag.py:588} INFO - Filling up the DagBag from /home/airflow/.local/lib/python3.12/site-packages/airflow/example_dags/example_latest_only_with_trigger.py
[2025-01-17T14:12:30.270+0000] {processor.py:925} INFO - DAG(s) 'latest_only_with_trigger' retrieved from /home/airflow/.local/lib/python3.12/site-packages/airflow/example_dags/example_latest_only_with_trigger.py
[2025-01-17T14:12:30.295+0000] {logging_mixin.py:190} INFO - [2025-01-17T14:12:30.295+0000] {dag.py:3239} INFO - Sync 1 DAGs
[2025-01-17T14:12:30.328+0000] {logging_mixin.py:190} INFO - [2025-01-17T14:12:30.328+0000] {dag.py:4180} INFO - Setting next_dagrun for latest_only_with_trigger to 2025-01-17 08:00:00+00:00, run_after=2025-01-17 12:00:00+00:00
[2025-01-17T14:12:30.365+0000] {processor.py:208} INFO - Processing /home/airflow/.local/lib/python3.12/site-packages/airflow/example_dags/example_latest_only_with_trigger.py took 0.115 seconds
[2025-01-17T14:13:01.472+0000] {processor.py:186} INFO - Started process (PID=879) to work on /home/airflow/.local/lib/python3.12/site-packages/airflow/example_dags/example_latest_only_with_trigger.py
[2025-01-17T14:13:01.473+0000] {processor.py:914} INFO - Processing file /home/airflow/.local/lib/python3.12/site-packages/airflow/example_dags/example_latest_only_with_trigger.py for tasks to queue
[2025-01-17T14:13:01.477+0000] {logging_mixin.py:190} INFO - [2025-01-17T14:13:01.477+0000] {dagbag.py:588} INFO - Filling up the DagBag from /home/airflow/.local/lib/python3.12/site-packages/airflow/example_dags/example_latest_only_with_trigger.py
[2025-01-17T14:13:01.487+0000] {processor.py:925} INFO - DAG(s) 'latest_only_with_trigger' retrieved from /home/airflow/.local/lib/python3.12/site-packages/airflow/example_dags/example_latest_only_with_trigger.py
[2025-01-17T14:13:01.516+0000] {logging_mixin.py:190} INFO - [2025-01-17T14:13:01.515+0000] {dag.py:3239} INFO - Sync 1 DAGs
[2025-01-17T14:13:01.551+0000] {logging_mixin.py:190} INFO - [2025-01-17T14:13:01.551+0000] {dag.py:4180} INFO - Setting next_dagrun for latest_only_with_trigger to 2025-01-17 08:00:00+00:00, run_after=2025-01-17 12:00:00+00:00
[2025-01-17T14:13:01.581+0000] {processor.py:208} INFO - Processing /home/airflow/.local/lib/python3.12/site-packages/airflow/example_dags/example_latest_only_with_trigger.py took 0.119 seconds
[2025-01-17T14:13:32.467+0000] {processor.py:186} INFO - Started process (PID=942) to work on /home/airflow/.local/lib/python3.12/site-packages/airflow/example_dags/example_latest_only_with_trigger.py
[2025-01-17T14:13:32.469+0000] {processor.py:914} INFO - Processing file /home/airflow/.local/lib/python3.12/site-packages/airflow/example_dags/example_latest_only_with_trigger.py for tasks to queue
[2025-01-17T14:13:32.473+0000] {logging_mixin.py:190} INFO - [2025-01-17T14:13:32.472+0000] {dagbag.py:588} INFO - Filling up the DagBag from /home/airflow/.local/lib/python3.12/site-packages/airflow/example_dags/example_latest_only_with_trigger.py
[2025-01-17T14:13:32.482+0000] {processor.py:925} INFO - DAG(s) 'latest_only_with_trigger' retrieved from /home/airflow/.local/lib/python3.12/site-packages/airflow/example_dags/example_latest_only_with_trigger.py
[2025-01-17T14:13:32.511+0000] {logging_mixin.py:190} INFO - [2025-01-17T14:13:32.511+0000] {dag.py:3239} INFO - Sync 1 DAGs
[2025-01-17T14:13:32.552+0000] {logging_mixin.py:190} INFO - [2025-01-17T14:13:32.551+0000] {dag.py:4180} INFO - Setting next_dagrun for latest_only_with_trigger to 2025-01-17 08:00:00+00:00, run_after=2025-01-17 12:00:00+00:00
[2025-01-17T14:13:32.591+0000] {processor.py:208} INFO - Processing /home/airflow/.local/lib/python3.12/site-packages/airflow/example_dags/example_latest_only_with_trigger.py took 0.132 seconds
[2025-01-17T14:14:03.243+0000] {processor.py:186} INFO - Started process (PID=1006) to work on /home/airflow/.local/lib/python3.12/site-packages/airflow/example_dags/example_latest_only_with_trigger.py
[2025-01-17T14:14:03.244+0000] {processor.py:914} INFO - Processing file /home/airflow/.local/lib/python3.12/site-packages/airflow/example_dags/example_latest_only_with_trigger.py for tasks to queue
[2025-01-17T14:14:03.246+0000] {logging_mixin.py:190} INFO - [2025-01-17T14:14:03.246+0000] {dagbag.py:588} INFO - Filling up the DagBag from /home/airflow/.local/lib/python3.12/site-packages/airflow/example_dags/example_latest_only_with_trigger.py
[2025-01-17T14:14:03.253+0000] {processor.py:925} INFO - DAG(s) 'latest_only_with_trigger' retrieved from /home/airflow/.local/lib/python3.12/site-packages/airflow/example_dags/example_latest_only_with_trigger.py
[2025-01-17T14:14:03.274+0000] {logging_mixin.py:190} INFO - [2025-01-17T14:14:03.273+0000] {dag.py:3239} INFO - Sync 1 DAGs
[2025-01-17T14:14:03.297+0000] {logging_mixin.py:190} INFO - [2025-01-17T14:14:03.297+0000] {dag.py:4180} INFO - Setting next_dagrun for latest_only_with_trigger to 2025-01-17 08:00:00+00:00, run_after=2025-01-17 12:00:00+00:00
[2025-01-17T14:14:03.316+0000] {processor.py:208} INFO - Processing /home/airflow/.local/lib/python3.12/site-packages/airflow/example_dags/example_latest_only_with_trigger.py took 0.079 seconds
