[2025-01-17T14:06:34.303+0000] {processor.py:186} INFO - Started process (PID=77) to work on /home/airflow/.local/lib/python3.12/site-packages/airflow/example_dags/example_task_group.py
[2025-01-17T14:06:34.310+0000] {processor.py:914} INFO - Processing file /home/airflow/.local/lib/python3.12/site-packages/airflow/example_dags/example_task_group.py for tasks to queue
[2025-01-17T14:06:34.321+0000] {logging_mixin.py:190} INFO - [2025-01-17T14:06:34.320+0000] {dagbag.py:588} INFO - Filling up the DagBag from /home/airflow/.local/lib/python3.12/site-packages/airflow/example_dags/example_task_group.py
[2025-01-17T14:06:34.352+0000] {processor.py:925} INFO - DAG(s) 'example_task_group' retrieved from /home/airflow/.local/lib/python3.12/site-packages/airflow/example_dags/example_task_group.py
[2025-01-17T14:06:34.979+0000] {logging_mixin.py:190} INFO - [2025-01-17T14:06:34.978+0000] {override.py:1911} INFO - Created Permission View: can read on DAG:example_task_group
[2025-01-17T14:06:35.033+0000] {logging_mixin.py:190} INFO - [2025-01-17T14:06:35.032+0000] {override.py:1911} INFO - Created Permission View: can delete on DAG:example_task_group
[2025-01-17T14:06:35.054+0000] {logging_mixin.py:190} INFO - [2025-01-17T14:06:35.052+0000] {override.py:1911} INFO - Created Permission View: can edit on DAG:example_task_group
[2025-01-17T14:06:35.252+0000] {logging_mixin.py:190} INFO - [2025-01-17T14:06:35.252+0000] {override.py:1911} INFO - Created Permission View: menu access on DAG Run:example_task_group
[2025-01-17T14:06:35.281+0000] {logging_mixin.py:190} INFO - [2025-01-17T14:06:35.280+0000] {override.py:1911} INFO - Created Permission View: can read on DAG Run:example_task_group
[2025-01-17T14:06:35.320+0000] {logging_mixin.py:190} INFO - [2025-01-17T14:06:35.320+0000] {override.py:1911} INFO - Created Permission View: can delete on DAG Run:example_task_group
[2025-01-17T14:06:35.368+0000] {logging_mixin.py:190} INFO - [2025-01-17T14:06:35.367+0000] {override.py:1911} INFO - Created Permission View: can create on DAG Run:example_task_group
[2025-01-17T14:06:35.370+0000] {logging_mixin.py:190} INFO - [2025-01-17T14:06:35.370+0000] {dag.py:3239} INFO - Sync 1 DAGs
[2025-01-17T14:06:35.483+0000] {logging_mixin.py:190} INFO - [2025-01-17T14:06:35.483+0000] {dag.py:3262} INFO - Creating ORM DAG for example_task_group
[2025-01-17T14:06:35.485+0000] {logging_mixin.py:190} INFO - [2025-01-17T14:06:35.485+0000] {dag.py:4180} INFO - Setting next_dagrun for example_task_group to None, run_after=None
[2025-01-17T14:06:35.553+0000] {processor.py:208} INFO - Processing /home/airflow/.local/lib/python3.12/site-packages/airflow/example_dags/example_task_group.py took 1.297 seconds
[2025-01-17T14:07:05.743+0000] {processor.py:186} INFO - Started process (PID=141) to work on /home/airflow/.local/lib/python3.12/site-packages/airflow/example_dags/example_task_group.py
[2025-01-17T14:07:05.744+0000] {processor.py:914} INFO - Processing file /home/airflow/.local/lib/python3.12/site-packages/airflow/example_dags/example_task_group.py for tasks to queue
[2025-01-17T14:07:05.747+0000] {logging_mixin.py:190} INFO - [2025-01-17T14:07:05.747+0000] {dagbag.py:588} INFO - Filling up the DagBag from /home/airflow/.local/lib/python3.12/site-packages/airflow/example_dags/example_task_group.py
[2025-01-17T14:07:05.758+0000] {processor.py:925} INFO - DAG(s) 'example_task_group' retrieved from /home/airflow/.local/lib/python3.12/site-packages/airflow/example_dags/example_task_group.py
[2025-01-17T14:07:05.781+0000] {logging_mixin.py:190} INFO - [2025-01-17T14:07:05.780+0000] {dag.py:3239} INFO - Sync 1 DAGs
[2025-01-17T14:07:05.792+0000] {logging_mixin.py:190} INFO - [2025-01-17T14:07:05.792+0000] {dag.py:4180} INFO - Setting next_dagrun for example_task_group to None, run_after=None
[2025-01-17T14:07:05.809+0000] {processor.py:208} INFO - Processing /home/airflow/.local/lib/python3.12/site-packages/airflow/example_dags/example_task_group.py took 0.071 seconds
[2025-01-17T14:07:36.038+0000] {processor.py:186} INFO - Started process (PID=204) to work on /home/airflow/.local/lib/python3.12/site-packages/airflow/example_dags/example_task_group.py
[2025-01-17T14:07:36.040+0000] {processor.py:914} INFO - Processing file /home/airflow/.local/lib/python3.12/site-packages/airflow/example_dags/example_task_group.py for tasks to queue
[2025-01-17T14:07:36.042+0000] {logging_mixin.py:190} INFO - [2025-01-17T14:07:36.041+0000] {dagbag.py:588} INFO - Filling up the DagBag from /home/airflow/.local/lib/python3.12/site-packages/airflow/example_dags/example_task_group.py
[2025-01-17T14:07:36.049+0000] {processor.py:925} INFO - DAG(s) 'example_task_group' retrieved from /home/airflow/.local/lib/python3.12/site-packages/airflow/example_dags/example_task_group.py
[2025-01-17T14:07:36.068+0000] {logging_mixin.py:190} INFO - [2025-01-17T14:07:36.068+0000] {dag.py:3239} INFO - Sync 1 DAGs
[2025-01-17T14:07:36.080+0000] {logging_mixin.py:190} INFO - [2025-01-17T14:07:36.080+0000] {dag.py:4180} INFO - Setting next_dagrun for example_task_group to None, run_after=None
[2025-01-17T14:07:36.098+0000] {processor.py:208} INFO - Processing /home/airflow/.local/lib/python3.12/site-packages/airflow/example_dags/example_task_group.py took 0.066 seconds
[2025-01-17T14:08:06.333+0000] {processor.py:186} INFO - Started process (PID=267) to work on /home/airflow/.local/lib/python3.12/site-packages/airflow/example_dags/example_task_group.py
[2025-01-17T14:08:06.334+0000] {processor.py:914} INFO - Processing file /home/airflow/.local/lib/python3.12/site-packages/airflow/example_dags/example_task_group.py for tasks to queue
[2025-01-17T14:08:06.336+0000] {logging_mixin.py:190} INFO - [2025-01-17T14:08:06.336+0000] {dagbag.py:588} INFO - Filling up the DagBag from /home/airflow/.local/lib/python3.12/site-packages/airflow/example_dags/example_task_group.py
[2025-01-17T14:08:06.345+0000] {processor.py:925} INFO - DAG(s) 'example_task_group' retrieved from /home/airflow/.local/lib/python3.12/site-packages/airflow/example_dags/example_task_group.py
[2025-01-17T14:08:06.366+0000] {logging_mixin.py:190} INFO - [2025-01-17T14:08:06.365+0000] {dag.py:3239} INFO - Sync 1 DAGs
[2025-01-17T14:08:06.379+0000] {logging_mixin.py:190} INFO - [2025-01-17T14:08:06.378+0000] {dag.py:4180} INFO - Setting next_dagrun for example_task_group to None, run_after=None
[2025-01-17T14:08:06.398+0000] {processor.py:208} INFO - Processing /home/airflow/.local/lib/python3.12/site-packages/airflow/example_dags/example_task_group.py took 0.069 seconds
[2025-01-17T14:08:37.267+0000] {processor.py:186} INFO - Started process (PID=331) to work on /home/airflow/.local/lib/python3.12/site-packages/airflow/example_dags/example_task_group.py
[2025-01-17T14:08:37.269+0000] {processor.py:914} INFO - Processing file /home/airflow/.local/lib/python3.12/site-packages/airflow/example_dags/example_task_group.py for tasks to queue
[2025-01-17T14:08:37.273+0000] {logging_mixin.py:190} INFO - [2025-01-17T14:08:37.272+0000] {dagbag.py:588} INFO - Filling up the DagBag from /home/airflow/.local/lib/python3.12/site-packages/airflow/example_dags/example_task_group.py
[2025-01-17T14:08:37.284+0000] {processor.py:925} INFO - DAG(s) 'example_task_group' retrieved from /home/airflow/.local/lib/python3.12/site-packages/airflow/example_dags/example_task_group.py
[2025-01-17T14:08:37.317+0000] {logging_mixin.py:190} INFO - [2025-01-17T14:08:37.317+0000] {dag.py:3239} INFO - Sync 1 DAGs
[2025-01-17T14:08:37.335+0000] {logging_mixin.py:190} INFO - [2025-01-17T14:08:37.334+0000] {dag.py:4180} INFO - Setting next_dagrun for example_task_group to None, run_after=None
[2025-01-17T14:08:37.369+0000] {processor.py:208} INFO - Processing /home/airflow/.local/lib/python3.12/site-packages/airflow/example_dags/example_task_group.py took 0.111 seconds
[2025-01-17T14:09:07.928+0000] {processor.py:186} INFO - Started process (PID=395) to work on /home/airflow/.local/lib/python3.12/site-packages/airflow/example_dags/example_task_group.py
[2025-01-17T14:09:07.930+0000] {processor.py:914} INFO - Processing file /home/airflow/.local/lib/python3.12/site-packages/airflow/example_dags/example_task_group.py for tasks to queue
[2025-01-17T14:09:07.934+0000] {logging_mixin.py:190} INFO - [2025-01-17T14:09:07.934+0000] {dagbag.py:588} INFO - Filling up the DagBag from /home/airflow/.local/lib/python3.12/site-packages/airflow/example_dags/example_task_group.py
[2025-01-17T14:09:07.951+0000] {processor.py:925} INFO - DAG(s) 'example_task_group' retrieved from /home/airflow/.local/lib/python3.12/site-packages/airflow/example_dags/example_task_group.py
[2025-01-17T14:09:07.980+0000] {logging_mixin.py:190} INFO - [2025-01-17T14:09:07.980+0000] {dag.py:3239} INFO - Sync 1 DAGs
[2025-01-17T14:09:07.999+0000] {logging_mixin.py:190} INFO - [2025-01-17T14:09:07.999+0000] {dag.py:4180} INFO - Setting next_dagrun for example_task_group to None, run_after=None
[2025-01-17T14:09:08.025+0000] {processor.py:208} INFO - Processing /home/airflow/.local/lib/python3.12/site-packages/airflow/example_dags/example_task_group.py took 0.104 seconds
[2025-01-17T14:09:38.418+0000] {processor.py:186} INFO - Started process (PID=458) to work on /home/airflow/.local/lib/python3.12/site-packages/airflow/example_dags/example_task_group.py
[2025-01-17T14:09:38.419+0000] {processor.py:914} INFO - Processing file /home/airflow/.local/lib/python3.12/site-packages/airflow/example_dags/example_task_group.py for tasks to queue
[2025-01-17T14:09:38.423+0000] {logging_mixin.py:190} INFO - [2025-01-17T14:09:38.423+0000] {dagbag.py:588} INFO - Filling up the DagBag from /home/airflow/.local/lib/python3.12/site-packages/airflow/example_dags/example_task_group.py
[2025-01-17T14:09:38.431+0000] {processor.py:925} INFO - DAG(s) 'example_task_group' retrieved from /home/airflow/.local/lib/python3.12/site-packages/airflow/example_dags/example_task_group.py
[2025-01-17T14:09:38.460+0000] {logging_mixin.py:190} INFO - [2025-01-17T14:09:38.459+0000] {dag.py:3239} INFO - Sync 1 DAGs
[2025-01-17T14:09:38.486+0000] {logging_mixin.py:190} INFO - [2025-01-17T14:09:38.486+0000] {dag.py:4180} INFO - Setting next_dagrun for example_task_group to None, run_after=None
[2025-01-17T14:09:38.528+0000] {processor.py:208} INFO - Processing /home/airflow/.local/lib/python3.12/site-packages/airflow/example_dags/example_task_group.py took 0.115 seconds
[2025-01-17T14:10:08.708+0000] {processor.py:186} INFO - Started process (PID=521) to work on /home/airflow/.local/lib/python3.12/site-packages/airflow/example_dags/example_task_group.py
[2025-01-17T14:10:08.710+0000] {processor.py:914} INFO - Processing file /home/airflow/.local/lib/python3.12/site-packages/airflow/example_dags/example_task_group.py for tasks to queue
[2025-01-17T14:10:08.713+0000] {logging_mixin.py:190} INFO - [2025-01-17T14:10:08.712+0000] {dagbag.py:588} INFO - Filling up the DagBag from /home/airflow/.local/lib/python3.12/site-packages/airflow/example_dags/example_task_group.py
[2025-01-17T14:10:08.722+0000] {processor.py:925} INFO - DAG(s) 'example_task_group' retrieved from /home/airflow/.local/lib/python3.12/site-packages/airflow/example_dags/example_task_group.py
[2025-01-17T14:10:08.752+0000] {logging_mixin.py:190} INFO - [2025-01-17T14:10:08.752+0000] {dag.py:3239} INFO - Sync 1 DAGs
[2025-01-17T14:10:08.767+0000] {logging_mixin.py:190} INFO - [2025-01-17T14:10:08.767+0000] {dag.py:4180} INFO - Setting next_dagrun for example_task_group to None, run_after=None
[2025-01-17T14:10:08.786+0000] {processor.py:208} INFO - Processing /home/airflow/.local/lib/python3.12/site-packages/airflow/example_dags/example_task_group.py took 0.085 seconds
[2025-01-17T14:10:39.051+0000] {processor.py:186} INFO - Started process (PID=584) to work on /home/airflow/.local/lib/python3.12/site-packages/airflow/example_dags/example_task_group.py
[2025-01-17T14:10:39.052+0000] {processor.py:914} INFO - Processing file /home/airflow/.local/lib/python3.12/site-packages/airflow/example_dags/example_task_group.py for tasks to queue
[2025-01-17T14:10:39.055+0000] {logging_mixin.py:190} INFO - [2025-01-17T14:10:39.054+0000] {dagbag.py:588} INFO - Filling up the DagBag from /home/airflow/.local/lib/python3.12/site-packages/airflow/example_dags/example_task_group.py
[2025-01-17T14:10:39.064+0000] {processor.py:925} INFO - DAG(s) 'example_task_group' retrieved from /home/airflow/.local/lib/python3.12/site-packages/airflow/example_dags/example_task_group.py
[2025-01-17T14:10:39.084+0000] {logging_mixin.py:190} INFO - [2025-01-17T14:10:39.084+0000] {dag.py:3239} INFO - Sync 1 DAGs
[2025-01-17T14:10:39.100+0000] {logging_mixin.py:190} INFO - [2025-01-17T14:10:39.100+0000] {dag.py:4180} INFO - Setting next_dagrun for example_task_group to None, run_after=None
[2025-01-17T14:10:39.130+0000] {processor.py:208} INFO - Processing /home/airflow/.local/lib/python3.12/site-packages/airflow/example_dags/example_task_group.py took 0.085 seconds
[2025-01-17T14:11:09.986+0000] {processor.py:186} INFO - Started process (PID=647) to work on /home/airflow/.local/lib/python3.12/site-packages/airflow/example_dags/example_task_group.py
[2025-01-17T14:11:09.988+0000] {processor.py:914} INFO - Processing file /home/airflow/.local/lib/python3.12/site-packages/airflow/example_dags/example_task_group.py for tasks to queue
[2025-01-17T14:11:09.991+0000] {logging_mixin.py:190} INFO - [2025-01-17T14:11:09.991+0000] {dagbag.py:588} INFO - Filling up the DagBag from /home/airflow/.local/lib/python3.12/site-packages/airflow/example_dags/example_task_group.py
[2025-01-17T14:11:09.999+0000] {processor.py:925} INFO - DAG(s) 'example_task_group' retrieved from /home/airflow/.local/lib/python3.12/site-packages/airflow/example_dags/example_task_group.py
[2025-01-17T14:11:10.026+0000] {logging_mixin.py:190} INFO - [2025-01-17T14:11:10.026+0000] {dag.py:3239} INFO - Sync 1 DAGs
[2025-01-17T14:11:10.045+0000] {logging_mixin.py:190} INFO - [2025-01-17T14:11:10.044+0000] {dag.py:4180} INFO - Setting next_dagrun for example_task_group to None, run_after=None
[2025-01-17T14:11:10.070+0000] {processor.py:208} INFO - Processing /home/airflow/.local/lib/python3.12/site-packages/airflow/example_dags/example_task_group.py took 0.095 seconds
[2025-01-17T14:11:40.198+0000] {processor.py:186} INFO - Started process (PID=710) to work on /home/airflow/.local/lib/python3.12/site-packages/airflow/example_dags/example_task_group.py
[2025-01-17T14:11:40.200+0000] {processor.py:914} INFO - Processing file /home/airflow/.local/lib/python3.12/site-packages/airflow/example_dags/example_task_group.py for tasks to queue
[2025-01-17T14:11:40.202+0000] {logging_mixin.py:190} INFO - [2025-01-17T14:11:40.201+0000] {dagbag.py:588} INFO - Filling up the DagBag from /home/airflow/.local/lib/python3.12/site-packages/airflow/example_dags/example_task_group.py
[2025-01-17T14:11:40.211+0000] {processor.py:925} INFO - DAG(s) 'example_task_group' retrieved from /home/airflow/.local/lib/python3.12/site-packages/airflow/example_dags/example_task_group.py
[2025-01-17T14:11:40.232+0000] {logging_mixin.py:190} INFO - [2025-01-17T14:11:40.231+0000] {dag.py:3239} INFO - Sync 1 DAGs
[2025-01-17T14:11:40.245+0000] {logging_mixin.py:190} INFO - [2025-01-17T14:11:40.245+0000] {dag.py:4180} INFO - Setting next_dagrun for example_task_group to None, run_after=None
[2025-01-17T14:11:40.273+0000] {processor.py:208} INFO - Processing /home/airflow/.local/lib/python3.12/site-packages/airflow/example_dags/example_task_group.py took 0.080 seconds
[2025-01-17T14:12:10.976+0000] {processor.py:186} INFO - Started process (PID=774) to work on /home/airflow/.local/lib/python3.12/site-packages/airflow/example_dags/example_task_group.py
[2025-01-17T14:12:10.978+0000] {processor.py:914} INFO - Processing file /home/airflow/.local/lib/python3.12/site-packages/airflow/example_dags/example_task_group.py for tasks to queue
[2025-01-17T14:12:10.981+0000] {logging_mixin.py:190} INFO - [2025-01-17T14:12:10.981+0000] {dagbag.py:588} INFO - Filling up the DagBag from /home/airflow/.local/lib/python3.12/site-packages/airflow/example_dags/example_task_group.py
[2025-01-17T14:12:10.988+0000] {processor.py:925} INFO - DAG(s) 'example_task_group' retrieved from /home/airflow/.local/lib/python3.12/site-packages/airflow/example_dags/example_task_group.py
[2025-01-17T14:12:11.008+0000] {logging_mixin.py:190} INFO - [2025-01-17T14:12:11.008+0000] {dag.py:3239} INFO - Sync 1 DAGs
[2025-01-17T14:12:11.024+0000] {logging_mixin.py:190} INFO - [2025-01-17T14:12:11.024+0000] {dag.py:4180} INFO - Setting next_dagrun for example_task_group to None, run_after=None
[2025-01-17T14:12:11.048+0000] {processor.py:208} INFO - Processing /home/airflow/.local/lib/python3.12/site-packages/airflow/example_dags/example_task_group.py took 0.077 seconds
[2025-01-17T14:12:41.569+0000] {processor.py:186} INFO - Started process (PID=837) to work on /home/airflow/.local/lib/python3.12/site-packages/airflow/example_dags/example_task_group.py
[2025-01-17T14:12:41.571+0000] {processor.py:914} INFO - Processing file /home/airflow/.local/lib/python3.12/site-packages/airflow/example_dags/example_task_group.py for tasks to queue
[2025-01-17T14:12:41.575+0000] {logging_mixin.py:190} INFO - [2025-01-17T14:12:41.575+0000] {dagbag.py:588} INFO - Filling up the DagBag from /home/airflow/.local/lib/python3.12/site-packages/airflow/example_dags/example_task_group.py
[2025-01-17T14:12:41.583+0000] {processor.py:925} INFO - DAG(s) 'example_task_group' retrieved from /home/airflow/.local/lib/python3.12/site-packages/airflow/example_dags/example_task_group.py
[2025-01-17T14:12:41.609+0000] {logging_mixin.py:190} INFO - [2025-01-17T14:12:41.609+0000] {dag.py:3239} INFO - Sync 1 DAGs
[2025-01-17T14:12:41.623+0000] {logging_mixin.py:190} INFO - [2025-01-17T14:12:41.623+0000] {dag.py:4180} INFO - Setting next_dagrun for example_task_group to None, run_after=None
[2025-01-17T14:12:41.658+0000] {processor.py:208} INFO - Processing /home/airflow/.local/lib/python3.12/site-packages/airflow/example_dags/example_task_group.py took 0.097 seconds
[2025-01-17T14:13:11.759+0000] {processor.py:186} INFO - Started process (PID=900) to work on /home/airflow/.local/lib/python3.12/site-packages/airflow/example_dags/example_task_group.py
[2025-01-17T14:13:11.760+0000] {processor.py:914} INFO - Processing file /home/airflow/.local/lib/python3.12/site-packages/airflow/example_dags/example_task_group.py for tasks to queue
[2025-01-17T14:13:11.762+0000] {logging_mixin.py:190} INFO - [2025-01-17T14:13:11.762+0000] {dagbag.py:588} INFO - Filling up the DagBag from /home/airflow/.local/lib/python3.12/site-packages/airflow/example_dags/example_task_group.py
[2025-01-17T14:13:11.769+0000] {processor.py:925} INFO - DAG(s) 'example_task_group' retrieved from /home/airflow/.local/lib/python3.12/site-packages/airflow/example_dags/example_task_group.py
[2025-01-17T14:13:11.791+0000] {logging_mixin.py:190} INFO - [2025-01-17T14:13:11.790+0000] {dag.py:3239} INFO - Sync 1 DAGs
[2025-01-17T14:13:11.801+0000] {logging_mixin.py:190} INFO - [2025-01-17T14:13:11.801+0000] {dag.py:4180} INFO - Setting next_dagrun for example_task_group to None, run_after=None
[2025-01-17T14:13:11.821+0000] {processor.py:208} INFO - Processing /home/airflow/.local/lib/python3.12/site-packages/airflow/example_dags/example_task_group.py took 0.068 seconds
[2025-01-17T14:13:41.932+0000] {processor.py:186} INFO - Started process (PID=963) to work on /home/airflow/.local/lib/python3.12/site-packages/airflow/example_dags/example_task_group.py
[2025-01-17T14:13:41.933+0000] {processor.py:914} INFO - Processing file /home/airflow/.local/lib/python3.12/site-packages/airflow/example_dags/example_task_group.py for tasks to queue
[2025-01-17T14:13:41.935+0000] {logging_mixin.py:190} INFO - [2025-01-17T14:13:41.935+0000] {dagbag.py:588} INFO - Filling up the DagBag from /home/airflow/.local/lib/python3.12/site-packages/airflow/example_dags/example_task_group.py
[2025-01-17T14:13:41.943+0000] {processor.py:925} INFO - DAG(s) 'example_task_group' retrieved from /home/airflow/.local/lib/python3.12/site-packages/airflow/example_dags/example_task_group.py
[2025-01-17T14:13:41.964+0000] {logging_mixin.py:190} INFO - [2025-01-17T14:13:41.964+0000] {dag.py:3239} INFO - Sync 1 DAGs
[2025-01-17T14:13:41.984+0000] {logging_mixin.py:190} INFO - [2025-01-17T14:13:41.983+0000] {dag.py:4180} INFO - Setting next_dagrun for example_task_group to None, run_after=None
[2025-01-17T14:13:42.008+0000] {processor.py:208} INFO - Processing /home/airflow/.local/lib/python3.12/site-packages/airflow/example_dags/example_task_group.py took 0.080 seconds
