[2025-01-17T14:06:43.886+0000] {processor.py:186} INFO - Started process (PID=101) to work on /home/airflow/.local/lib/python3.12/site-packages/airflow/example_dags/example_kubernetes_executor.py
[2025-01-17T14:06:43.888+0000] {processor.py:914} INFO - Processing file /home/airflow/.local/lib/python3.12/site-packages/airflow/example_dags/example_kubernetes_executor.py for tasks to queue
[2025-01-17T14:06:43.891+0000] {logging_mixin.py:190} INFO - [2025-01-17T14:06:43.890+0000] {dagbag.py:588} INFO - Filling up the DagBag from /home/airflow/.local/lib/python3.12/site-packages/airflow/example_dags/example_kubernetes_executor.py
[2025-01-17T14:06:43.923+0000] {processor.py:925} INFO - DAG(s) 'example_kubernetes_executor' retrieved from /home/airflow/.local/lib/python3.12/site-packages/airflow/example_dags/example_kubernetes_executor.py
[2025-01-17T14:06:44.080+0000] {logging_mixin.py:190} INFO - [2025-01-17T14:06:44.079+0000] {override.py:1911} INFO - Created Permission View: can read on DAG:example_kubernetes_executor
[2025-01-17T14:06:44.094+0000] {logging_mixin.py:190} INFO - [2025-01-17T14:06:44.094+0000] {override.py:1911} INFO - Created Permission View: can delete on DAG:example_kubernetes_executor
[2025-01-17T14:06:44.106+0000] {logging_mixin.py:190} INFO - [2025-01-17T14:06:44.105+0000] {override.py:1911} INFO - Created Permission View: can edit on DAG:example_kubernetes_executor
[2025-01-17T14:06:44.123+0000] {logging_mixin.py:190} INFO - [2025-01-17T14:06:44.122+0000] {override.py:1911} INFO - Created Permission View: menu access on DAG Run:example_kubernetes_executor
[2025-01-17T14:06:44.133+0000] {logging_mixin.py:190} INFO - [2025-01-17T14:06:44.132+0000] {override.py:1911} INFO - Created Permission View: can read on DAG Run:example_kubernetes_executor
[2025-01-17T14:06:44.142+0000] {logging_mixin.py:190} INFO - [2025-01-17T14:06:44.142+0000] {override.py:1911} INFO - Created Permission View: can delete on DAG Run:example_kubernetes_executor
[2025-01-17T14:06:44.151+0000] {logging_mixin.py:190} INFO - [2025-01-17T14:06:44.151+0000] {override.py:1911} INFO - Created Permission View: can create on DAG Run:example_kubernetes_executor
[2025-01-17T14:06:44.152+0000] {logging_mixin.py:190} INFO - [2025-01-17T14:06:44.152+0000] {dag.py:3239} INFO - Sync 1 DAGs
[2025-01-17T14:06:44.173+0000] {logging_mixin.py:190} INFO - [2025-01-17T14:06:44.173+0000] {dag.py:3262} INFO - Creating ORM DAG for example_kubernetes_executor
[2025-01-17T14:06:44.174+0000] {logging_mixin.py:190} INFO - [2025-01-17T14:06:44.174+0000] {dag.py:4180} INFO - Setting next_dagrun for example_kubernetes_executor to None, run_after=None
[2025-01-17T14:06:44.197+0000] {processor.py:208} INFO - Processing /home/airflow/.local/lib/python3.12/site-packages/airflow/example_dags/example_kubernetes_executor.py took 0.319 seconds
[2025-01-17T14:07:14.974+0000] {processor.py:186} INFO - Started process (PID=171) to work on /home/airflow/.local/lib/python3.12/site-packages/airflow/example_dags/example_kubernetes_executor.py
[2025-01-17T14:07:14.975+0000] {processor.py:914} INFO - Processing file /home/airflow/.local/lib/python3.12/site-packages/airflow/example_dags/example_kubernetes_executor.py for tasks to queue
[2025-01-17T14:07:14.977+0000] {logging_mixin.py:190} INFO - [2025-01-17T14:07:14.976+0000] {dagbag.py:588} INFO - Filling up the DagBag from /home/airflow/.local/lib/python3.12/site-packages/airflow/example_dags/example_kubernetes_executor.py
[2025-01-17T14:07:15.000+0000] {processor.py:925} INFO - DAG(s) 'example_kubernetes_executor' retrieved from /home/airflow/.local/lib/python3.12/site-packages/airflow/example_dags/example_kubernetes_executor.py
[2025-01-17T14:07:15.029+0000] {logging_mixin.py:190} INFO - [2025-01-17T14:07:15.029+0000] {dag.py:3239} INFO - Sync 1 DAGs
[2025-01-17T14:07:15.046+0000] {logging_mixin.py:190} INFO - [2025-01-17T14:07:15.045+0000] {dag.py:4180} INFO - Setting next_dagrun for example_kubernetes_executor to None, run_after=None
[2025-01-17T14:07:15.097+0000] {processor.py:208} INFO - Processing /home/airflow/.local/lib/python3.12/site-packages/airflow/example_dags/example_kubernetes_executor.py took 0.130 seconds
[2025-01-17T14:07:45.742+0000] {processor.py:186} INFO - Started process (PID=234) to work on /home/airflow/.local/lib/python3.12/site-packages/airflow/example_dags/example_kubernetes_executor.py
[2025-01-17T14:07:45.743+0000] {processor.py:914} INFO - Processing file /home/airflow/.local/lib/python3.12/site-packages/airflow/example_dags/example_kubernetes_executor.py for tasks to queue
[2025-01-17T14:07:45.746+0000] {logging_mixin.py:190} INFO - [2025-01-17T14:07:45.745+0000] {dagbag.py:588} INFO - Filling up the DagBag from /home/airflow/.local/lib/python3.12/site-packages/airflow/example_dags/example_kubernetes_executor.py
[2025-01-17T14:07:45.760+0000] {processor.py:925} INFO - DAG(s) 'example_kubernetes_executor' retrieved from /home/airflow/.local/lib/python3.12/site-packages/airflow/example_dags/example_kubernetes_executor.py
[2025-01-17T14:07:45.784+0000] {logging_mixin.py:190} INFO - [2025-01-17T14:07:45.784+0000] {dag.py:3239} INFO - Sync 1 DAGs
[2025-01-17T14:07:45.797+0000] {logging_mixin.py:190} INFO - [2025-01-17T14:07:45.797+0000] {dag.py:4180} INFO - Setting next_dagrun for example_kubernetes_executor to None, run_after=None
[2025-01-17T14:07:45.816+0000] {processor.py:208} INFO - Processing /home/airflow/.local/lib/python3.12/site-packages/airflow/example_dags/example_kubernetes_executor.py took 0.080 seconds
[2025-01-17T14:08:16.597+0000] {processor.py:186} INFO - Started process (PID=298) to work on /home/airflow/.local/lib/python3.12/site-packages/airflow/example_dags/example_kubernetes_executor.py
[2025-01-17T14:08:16.599+0000] {processor.py:914} INFO - Processing file /home/airflow/.local/lib/python3.12/site-packages/airflow/example_dags/example_kubernetes_executor.py for tasks to queue
[2025-01-17T14:08:16.602+0000] {logging_mixin.py:190} INFO - [2025-01-17T14:08:16.602+0000] {dagbag.py:588} INFO - Filling up the DagBag from /home/airflow/.local/lib/python3.12/site-packages/airflow/example_dags/example_kubernetes_executor.py
[2025-01-17T14:08:16.624+0000] {processor.py:925} INFO - DAG(s) 'example_kubernetes_executor' retrieved from /home/airflow/.local/lib/python3.12/site-packages/airflow/example_dags/example_kubernetes_executor.py
[2025-01-17T14:08:16.659+0000] {logging_mixin.py:190} INFO - [2025-01-17T14:08:16.658+0000] {dag.py:3239} INFO - Sync 1 DAGs
[2025-01-17T14:08:16.679+0000] {logging_mixin.py:190} INFO - [2025-01-17T14:08:16.679+0000] {dag.py:4180} INFO - Setting next_dagrun for example_kubernetes_executor to None, run_after=None
[2025-01-17T14:08:16.709+0000] {processor.py:208} INFO - Processing /home/airflow/.local/lib/python3.12/site-packages/airflow/example_dags/example_kubernetes_executor.py took 0.120 seconds
[2025-01-17T14:08:49.184+0000] {processor.py:186} INFO - Started process (PID=362) to work on /home/airflow/.local/lib/python3.12/site-packages/airflow/example_dags/example_kubernetes_executor.py
[2025-01-17T14:08:49.186+0000] {processor.py:914} INFO - Processing file /home/airflow/.local/lib/python3.12/site-packages/airflow/example_dags/example_kubernetes_executor.py for tasks to queue
[2025-01-17T14:08:49.189+0000] {logging_mixin.py:190} INFO - [2025-01-17T14:08:49.188+0000] {dagbag.py:588} INFO - Filling up the DagBag from /home/airflow/.local/lib/python3.12/site-packages/airflow/example_dags/example_kubernetes_executor.py
[2025-01-17T14:08:49.209+0000] {processor.py:925} INFO - DAG(s) 'example_kubernetes_executor' retrieved from /home/airflow/.local/lib/python3.12/site-packages/airflow/example_dags/example_kubernetes_executor.py
[2025-01-17T14:08:49.242+0000] {logging_mixin.py:190} INFO - [2025-01-17T14:08:49.242+0000] {dag.py:3239} INFO - Sync 1 DAGs
[2025-01-17T14:08:49.260+0000] {logging_mixin.py:190} INFO - [2025-01-17T14:08:49.259+0000] {dag.py:4180} INFO - Setting next_dagrun for example_kubernetes_executor to None, run_after=None
[2025-01-17T14:08:49.296+0000] {processor.py:208} INFO - Processing /home/airflow/.local/lib/python3.12/site-packages/airflow/example_dags/example_kubernetes_executor.py took 0.121 seconds
[2025-01-17T14:09:20.249+0000] {processor.py:186} INFO - Started process (PID=424) to work on /home/airflow/.local/lib/python3.12/site-packages/airflow/example_dags/example_kubernetes_executor.py
[2025-01-17T14:09:20.250+0000] {processor.py:914} INFO - Processing file /home/airflow/.local/lib/python3.12/site-packages/airflow/example_dags/example_kubernetes_executor.py for tasks to queue
[2025-01-17T14:09:20.254+0000] {logging_mixin.py:190} INFO - [2025-01-17T14:09:20.253+0000] {dagbag.py:588} INFO - Filling up the DagBag from /home/airflow/.local/lib/python3.12/site-packages/airflow/example_dags/example_kubernetes_executor.py
[2025-01-17T14:09:20.266+0000] {processor.py:925} INFO - DAG(s) 'example_kubernetes_executor' retrieved from /home/airflow/.local/lib/python3.12/site-packages/airflow/example_dags/example_kubernetes_executor.py
[2025-01-17T14:09:20.293+0000] {logging_mixin.py:190} INFO - [2025-01-17T14:09:20.293+0000] {dag.py:3239} INFO - Sync 1 DAGs
[2025-01-17T14:09:20.307+0000] {logging_mixin.py:190} INFO - [2025-01-17T14:09:20.307+0000] {dag.py:4180} INFO - Setting next_dagrun for example_kubernetes_executor to None, run_after=None
[2025-01-17T14:09:20.324+0000] {processor.py:208} INFO - Processing /home/airflow/.local/lib/python3.12/site-packages/airflow/example_dags/example_kubernetes_executor.py took 0.080 seconds
[2025-01-17T14:09:51.477+0000] {processor.py:186} INFO - Started process (PID=487) to work on /home/airflow/.local/lib/python3.12/site-packages/airflow/example_dags/example_kubernetes_executor.py
[2025-01-17T14:09:51.479+0000] {processor.py:914} INFO - Processing file /home/airflow/.local/lib/python3.12/site-packages/airflow/example_dags/example_kubernetes_executor.py for tasks to queue
[2025-01-17T14:09:51.481+0000] {logging_mixin.py:190} INFO - [2025-01-17T14:09:51.481+0000] {dagbag.py:588} INFO - Filling up the DagBag from /home/airflow/.local/lib/python3.12/site-packages/airflow/example_dags/example_kubernetes_executor.py
[2025-01-17T14:09:51.500+0000] {processor.py:925} INFO - DAG(s) 'example_kubernetes_executor' retrieved from /home/airflow/.local/lib/python3.12/site-packages/airflow/example_dags/example_kubernetes_executor.py
[2025-01-17T14:09:51.528+0000] {logging_mixin.py:190} INFO - [2025-01-17T14:09:51.527+0000] {dag.py:3239} INFO - Sync 1 DAGs
[2025-01-17T14:09:51.547+0000] {logging_mixin.py:190} INFO - [2025-01-17T14:09:51.546+0000] {dag.py:4180} INFO - Setting next_dagrun for example_kubernetes_executor to None, run_after=None
[2025-01-17T14:09:51.568+0000] {processor.py:208} INFO - Processing /home/airflow/.local/lib/python3.12/site-packages/airflow/example_dags/example_kubernetes_executor.py took 0.098 seconds
[2025-01-17T14:10:22.922+0000] {processor.py:186} INFO - Started process (PID=550) to work on /home/airflow/.local/lib/python3.12/site-packages/airflow/example_dags/example_kubernetes_executor.py
[2025-01-17T14:10:22.923+0000] {processor.py:914} INFO - Processing file /home/airflow/.local/lib/python3.12/site-packages/airflow/example_dags/example_kubernetes_executor.py for tasks to queue
[2025-01-17T14:10:22.925+0000] {logging_mixin.py:190} INFO - [2025-01-17T14:10:22.925+0000] {dagbag.py:588} INFO - Filling up the DagBag from /home/airflow/.local/lib/python3.12/site-packages/airflow/example_dags/example_kubernetes_executor.py
[2025-01-17T14:10:22.940+0000] {processor.py:925} INFO - DAG(s) 'example_kubernetes_executor' retrieved from /home/airflow/.local/lib/python3.12/site-packages/airflow/example_dags/example_kubernetes_executor.py
[2025-01-17T14:10:22.963+0000] {logging_mixin.py:190} INFO - [2025-01-17T14:10:22.962+0000] {dag.py:3239} INFO - Sync 1 DAGs
[2025-01-17T14:10:22.976+0000] {logging_mixin.py:190} INFO - [2025-01-17T14:10:22.975+0000] {dag.py:4180} INFO - Setting next_dagrun for example_kubernetes_executor to None, run_after=None
[2025-01-17T14:10:23.007+0000] {processor.py:208} INFO - Processing /home/airflow/.local/lib/python3.12/site-packages/airflow/example_dags/example_kubernetes_executor.py took 0.090 seconds
[2025-01-17T14:10:54.143+0000] {processor.py:186} INFO - Started process (PID=613) to work on /home/airflow/.local/lib/python3.12/site-packages/airflow/example_dags/example_kubernetes_executor.py
[2025-01-17T14:10:54.144+0000] {processor.py:914} INFO - Processing file /home/airflow/.local/lib/python3.12/site-packages/airflow/example_dags/example_kubernetes_executor.py for tasks to queue
[2025-01-17T14:10:54.146+0000] {logging_mixin.py:190} INFO - [2025-01-17T14:10:54.145+0000] {dagbag.py:588} INFO - Filling up the DagBag from /home/airflow/.local/lib/python3.12/site-packages/airflow/example_dags/example_kubernetes_executor.py
[2025-01-17T14:10:54.160+0000] {processor.py:925} INFO - DAG(s) 'example_kubernetes_executor' retrieved from /home/airflow/.local/lib/python3.12/site-packages/airflow/example_dags/example_kubernetes_executor.py
[2025-01-17T14:10:54.183+0000] {logging_mixin.py:190} INFO - [2025-01-17T14:10:54.182+0000] {dag.py:3239} INFO - Sync 1 DAGs
[2025-01-17T14:10:54.196+0000] {logging_mixin.py:190} INFO - [2025-01-17T14:10:54.196+0000] {dag.py:4180} INFO - Setting next_dagrun for example_kubernetes_executor to None, run_after=None
[2025-01-17T14:10:54.229+0000] {processor.py:208} INFO - Processing /home/airflow/.local/lib/python3.12/site-packages/airflow/example_dags/example_kubernetes_executor.py took 0.092 seconds
[2025-01-17T14:11:25.650+0000] {processor.py:186} INFO - Started process (PID=676) to work on /home/airflow/.local/lib/python3.12/site-packages/airflow/example_dags/example_kubernetes_executor.py
[2025-01-17T14:11:25.651+0000] {processor.py:914} INFO - Processing file /home/airflow/.local/lib/python3.12/site-packages/airflow/example_dags/example_kubernetes_executor.py for tasks to queue
[2025-01-17T14:11:25.654+0000] {logging_mixin.py:190} INFO - [2025-01-17T14:11:25.654+0000] {dagbag.py:588} INFO - Filling up the DagBag from /home/airflow/.local/lib/python3.12/site-packages/airflow/example_dags/example_kubernetes_executor.py
[2025-01-17T14:11:25.666+0000] {processor.py:925} INFO - DAG(s) 'example_kubernetes_executor' retrieved from /home/airflow/.local/lib/python3.12/site-packages/airflow/example_dags/example_kubernetes_executor.py
[2025-01-17T14:11:25.689+0000] {logging_mixin.py:190} INFO - [2025-01-17T14:11:25.689+0000] {dag.py:3239} INFO - Sync 1 DAGs
[2025-01-17T14:11:25.700+0000] {logging_mixin.py:190} INFO - [2025-01-17T14:11:25.700+0000] {dag.py:4180} INFO - Setting next_dagrun for example_kubernetes_executor to None, run_after=None
[2025-01-17T14:11:25.730+0000] {processor.py:208} INFO - Processing /home/airflow/.local/lib/python3.12/site-packages/airflow/example_dags/example_kubernetes_executor.py took 0.085 seconds
[2025-01-17T14:11:56.705+0000] {processor.py:186} INFO - Started process (PID=740) to work on /home/airflow/.local/lib/python3.12/site-packages/airflow/example_dags/example_kubernetes_executor.py
[2025-01-17T14:11:56.708+0000] {processor.py:914} INFO - Processing file /home/airflow/.local/lib/python3.12/site-packages/airflow/example_dags/example_kubernetes_executor.py for tasks to queue
[2025-01-17T14:11:56.712+0000] {logging_mixin.py:190} INFO - [2025-01-17T14:11:56.711+0000] {dagbag.py:588} INFO - Filling up the DagBag from /home/airflow/.local/lib/python3.12/site-packages/airflow/example_dags/example_kubernetes_executor.py
[2025-01-17T14:11:56.734+0000] {processor.py:925} INFO - DAG(s) 'example_kubernetes_executor' retrieved from /home/airflow/.local/lib/python3.12/site-packages/airflow/example_dags/example_kubernetes_executor.py
[2025-01-17T14:11:56.776+0000] {logging_mixin.py:190} INFO - [2025-01-17T14:11:56.775+0000] {dag.py:3239} INFO - Sync 1 DAGs
[2025-01-17T14:11:56.802+0000] {logging_mixin.py:190} INFO - [2025-01-17T14:11:56.802+0000] {dag.py:4180} INFO - Setting next_dagrun for example_kubernetes_executor to None, run_after=None
[2025-01-17T14:11:56.832+0000] {processor.py:208} INFO - Processing /home/airflow/.local/lib/python3.12/site-packages/airflow/example_dags/example_kubernetes_executor.py took 0.135 seconds
[2025-01-17T14:12:28.304+0000] {processor.py:186} INFO - Started process (PID=803) to work on /home/airflow/.local/lib/python3.12/site-packages/airflow/example_dags/example_kubernetes_executor.py
[2025-01-17T14:12:28.305+0000] {processor.py:914} INFO - Processing file /home/airflow/.local/lib/python3.12/site-packages/airflow/example_dags/example_kubernetes_executor.py for tasks to queue
[2025-01-17T14:12:28.307+0000] {logging_mixin.py:190} INFO - [2025-01-17T14:12:28.307+0000] {dagbag.py:588} INFO - Filling up the DagBag from /home/airflow/.local/lib/python3.12/site-packages/airflow/example_dags/example_kubernetes_executor.py
[2025-01-17T14:12:28.323+0000] {processor.py:925} INFO - DAG(s) 'example_kubernetes_executor' retrieved from /home/airflow/.local/lib/python3.12/site-packages/airflow/example_dags/example_kubernetes_executor.py
[2025-01-17T14:12:28.353+0000] {logging_mixin.py:190} INFO - [2025-01-17T14:12:28.353+0000] {dag.py:3239} INFO - Sync 1 DAGs
[2025-01-17T14:12:28.372+0000] {logging_mixin.py:190} INFO - [2025-01-17T14:12:28.371+0000] {dag.py:4180} INFO - Setting next_dagrun for example_kubernetes_executor to None, run_after=None
[2025-01-17T14:12:28.406+0000] {processor.py:208} INFO - Processing /home/airflow/.local/lib/python3.12/site-packages/airflow/example_dags/example_kubernetes_executor.py took 0.109 seconds
[2025-01-17T14:12:59.609+0000] {processor.py:186} INFO - Started process (PID=866) to work on /home/airflow/.local/lib/python3.12/site-packages/airflow/example_dags/example_kubernetes_executor.py
[2025-01-17T14:12:59.611+0000] {processor.py:914} INFO - Processing file /home/airflow/.local/lib/python3.12/site-packages/airflow/example_dags/example_kubernetes_executor.py for tasks to queue
[2025-01-17T14:12:59.613+0000] {logging_mixin.py:190} INFO - [2025-01-17T14:12:59.613+0000] {dagbag.py:588} INFO - Filling up the DagBag from /home/airflow/.local/lib/python3.12/site-packages/airflow/example_dags/example_kubernetes_executor.py
[2025-01-17T14:12:59.630+0000] {processor.py:925} INFO - DAG(s) 'example_kubernetes_executor' retrieved from /home/airflow/.local/lib/python3.12/site-packages/airflow/example_dags/example_kubernetes_executor.py
[2025-01-17T14:12:59.659+0000] {logging_mixin.py:190} INFO - [2025-01-17T14:12:59.659+0000] {dag.py:3239} INFO - Sync 1 DAGs
[2025-01-17T14:12:59.677+0000] {logging_mixin.py:190} INFO - [2025-01-17T14:12:59.677+0000] {dag.py:4180} INFO - Setting next_dagrun for example_kubernetes_executor to None, run_after=None
[2025-01-17T14:12:59.711+0000] {processor.py:208} INFO - Processing /home/airflow/.local/lib/python3.12/site-packages/airflow/example_dags/example_kubernetes_executor.py took 0.111 seconds
[2025-01-17T14:13:31.111+0000] {processor.py:186} INFO - Started process (PID=929) to work on /home/airflow/.local/lib/python3.12/site-packages/airflow/example_dags/example_kubernetes_executor.py
[2025-01-17T14:13:31.112+0000] {processor.py:914} INFO - Processing file /home/airflow/.local/lib/python3.12/site-packages/airflow/example_dags/example_kubernetes_executor.py for tasks to queue
[2025-01-17T14:13:31.115+0000] {logging_mixin.py:190} INFO - [2025-01-17T14:13:31.115+0000] {dagbag.py:588} INFO - Filling up the DagBag from /home/airflow/.local/lib/python3.12/site-packages/airflow/example_dags/example_kubernetes_executor.py
[2025-01-17T14:13:31.133+0000] {processor.py:925} INFO - DAG(s) 'example_kubernetes_executor' retrieved from /home/airflow/.local/lib/python3.12/site-packages/airflow/example_dags/example_kubernetes_executor.py
[2025-01-17T14:13:31.161+0000] {logging_mixin.py:190} INFO - [2025-01-17T14:13:31.160+0000] {dag.py:3239} INFO - Sync 1 DAGs
[2025-01-17T14:13:31.176+0000] {logging_mixin.py:190} INFO - [2025-01-17T14:13:31.176+0000] {dag.py:4180} INFO - Setting next_dagrun for example_kubernetes_executor to None, run_after=None
[2025-01-17T14:13:31.211+0000] {processor.py:208} INFO - Processing /home/airflow/.local/lib/python3.12/site-packages/airflow/example_dags/example_kubernetes_executor.py took 0.108 seconds
[2025-01-17T14:14:02.031+0000] {processor.py:186} INFO - Started process (PID=993) to work on /home/airflow/.local/lib/python3.12/site-packages/airflow/example_dags/example_kubernetes_executor.py
[2025-01-17T14:14:02.032+0000] {processor.py:914} INFO - Processing file /home/airflow/.local/lib/python3.12/site-packages/airflow/example_dags/example_kubernetes_executor.py for tasks to queue
[2025-01-17T14:14:02.034+0000] {logging_mixin.py:190} INFO - [2025-01-17T14:14:02.034+0000] {dagbag.py:588} INFO - Filling up the DagBag from /home/airflow/.local/lib/python3.12/site-packages/airflow/example_dags/example_kubernetes_executor.py
[2025-01-17T14:14:02.047+0000] {processor.py:925} INFO - DAG(s) 'example_kubernetes_executor' retrieved from /home/airflow/.local/lib/python3.12/site-packages/airflow/example_dags/example_kubernetes_executor.py
[2025-01-17T14:14:02.067+0000] {logging_mixin.py:190} INFO - [2025-01-17T14:14:02.067+0000] {dag.py:3239} INFO - Sync 1 DAGs
[2025-01-17T14:14:02.080+0000] {logging_mixin.py:190} INFO - [2025-01-17T14:14:02.080+0000] {dag.py:4180} INFO - Setting next_dagrun for example_kubernetes_executor to None, run_after=None
[2025-01-17T14:14:02.108+0000] {processor.py:208} INFO - Processing /home/airflow/.local/lib/python3.12/site-packages/airflow/example_dags/example_kubernetes_executor.py took 0.082 seconds
