[2025-01-17T14:06:43.176+0000] {processor.py:186} INFO - Started process (PID=99) to work on /home/airflow/.local/lib/python3.12/site-packages/airflow/example_dags/example_sensors.py
[2025-01-17T14:06:43.177+0000] {processor.py:914} INFO - Processing file /home/airflow/.local/lib/python3.12/site-packages/airflow/example_dags/example_sensors.py for tasks to queue
[2025-01-17T14:06:43.181+0000] {logging_mixin.py:190} INFO - [2025-01-17T14:06:43.181+0000] {dagbag.py:588} INFO - Filling up the DagBag from /home/airflow/.local/lib/python3.12/site-packages/airflow/example_dags/example_sensors.py
[2025-01-17T14:06:43.201+0000] {processor.py:925} INFO - DAG(s) 'example_sensors' retrieved from /home/airflow/.local/lib/python3.12/site-packages/airflow/example_dags/example_sensors.py
[2025-01-17T14:06:43.345+0000] {logging_mixin.py:190} INFO - [2025-01-17T14:06:43.345+0000] {override.py:1911} INFO - Created Permission View: can read on DAG:example_sensors
[2025-01-17T14:06:43.360+0000] {logging_mixin.py:190} INFO - [2025-01-17T14:06:43.359+0000] {override.py:1911} INFO - Created Permission View: can delete on DAG:example_sensors
[2025-01-17T14:06:43.370+0000] {logging_mixin.py:190} INFO - [2025-01-17T14:06:43.369+0000] {override.py:1911} INFO - Created Permission View: can edit on DAG:example_sensors
[2025-01-17T14:06:43.379+0000] {logging_mixin.py:190} INFO - [2025-01-17T14:06:43.379+0000] {override.py:1911} INFO - Created Permission View: menu access on DAG Run:example_sensors
[2025-01-17T14:06:43.391+0000] {logging_mixin.py:190} INFO - [2025-01-17T14:06:43.390+0000] {override.py:1911} INFO - Created Permission View: can read on DAG Run:example_sensors
[2025-01-17T14:06:43.398+0000] {logging_mixin.py:190} INFO - [2025-01-17T14:06:43.398+0000] {override.py:1911} INFO - Created Permission View: can delete on DAG Run:example_sensors
[2025-01-17T14:06:43.408+0000] {logging_mixin.py:190} INFO - [2025-01-17T14:06:43.408+0000] {override.py:1911} INFO - Created Permission View: can create on DAG Run:example_sensors
[2025-01-17T14:06:43.409+0000] {logging_mixin.py:190} INFO - [2025-01-17T14:06:43.409+0000] {dag.py:3239} INFO - Sync 1 DAGs
[2025-01-17T14:06:43.426+0000] {logging_mixin.py:190} INFO - [2025-01-17T14:06:43.426+0000] {dag.py:3262} INFO - Creating ORM DAG for example_sensors
[2025-01-17T14:06:43.427+0000] {logging_mixin.py:190} INFO - [2025-01-17T14:06:43.427+0000] {dag.py:4180} INFO - Setting next_dagrun for example_sensors to None, run_after=None
[2025-01-17T14:06:43.449+0000] {processor.py:208} INFO - Processing /home/airflow/.local/lib/python3.12/site-packages/airflow/example_dags/example_sensors.py took 0.282 seconds
[2025-01-17T14:07:13.835+0000] {processor.py:186} INFO - Started process (PID=162) to work on /home/airflow/.local/lib/python3.12/site-packages/airflow/example_dags/example_sensors.py
[2025-01-17T14:07:13.836+0000] {processor.py:914} INFO - Processing file /home/airflow/.local/lib/python3.12/site-packages/airflow/example_dags/example_sensors.py for tasks to queue
[2025-01-17T14:07:13.838+0000] {logging_mixin.py:190} INFO - [2025-01-17T14:07:13.838+0000] {dagbag.py:588} INFO - Filling up the DagBag from /home/airflow/.local/lib/python3.12/site-packages/airflow/example_dags/example_sensors.py
[2025-01-17T14:07:13.848+0000] {processor.py:925} INFO - DAG(s) 'example_sensors' retrieved from /home/airflow/.local/lib/python3.12/site-packages/airflow/example_dags/example_sensors.py
[2025-01-17T14:07:13.869+0000] {logging_mixin.py:190} INFO - [2025-01-17T14:07:13.869+0000] {dag.py:3239} INFO - Sync 1 DAGs
[2025-01-17T14:07:13.882+0000] {logging_mixin.py:190} INFO - [2025-01-17T14:07:13.882+0000] {dag.py:4180} INFO - Setting next_dagrun for example_sensors to None, run_after=None
[2025-01-17T14:07:13.918+0000] {processor.py:208} INFO - Processing /home/airflow/.local/lib/python3.12/site-packages/airflow/example_dags/example_sensors.py took 0.088 seconds
[2025-01-17T14:07:44.718+0000] {processor.py:186} INFO - Started process (PID=225) to work on /home/airflow/.local/lib/python3.12/site-packages/airflow/example_dags/example_sensors.py
[2025-01-17T14:07:44.719+0000] {processor.py:914} INFO - Processing file /home/airflow/.local/lib/python3.12/site-packages/airflow/example_dags/example_sensors.py for tasks to queue
[2025-01-17T14:07:44.722+0000] {logging_mixin.py:190} INFO - [2025-01-17T14:07:44.721+0000] {dagbag.py:588} INFO - Filling up the DagBag from /home/airflow/.local/lib/python3.12/site-packages/airflow/example_dags/example_sensors.py
[2025-01-17T14:07:44.732+0000] {processor.py:925} INFO - DAG(s) 'example_sensors' retrieved from /home/airflow/.local/lib/python3.12/site-packages/airflow/example_dags/example_sensors.py
[2025-01-17T14:07:44.753+0000] {logging_mixin.py:190} INFO - [2025-01-17T14:07:44.753+0000] {dag.py:3239} INFO - Sync 1 DAGs
[2025-01-17T14:07:44.766+0000] {logging_mixin.py:190} INFO - [2025-01-17T14:07:44.766+0000] {dag.py:4180} INFO - Setting next_dagrun for example_sensors to None, run_after=None
[2025-01-17T14:07:44.794+0000] {processor.py:208} INFO - Processing /home/airflow/.local/lib/python3.12/site-packages/airflow/example_dags/example_sensors.py took 0.080 seconds
[2025-01-17T14:08:16.330+0000] {processor.py:186} INFO - Started process (PID=295) to work on /home/airflow/.local/lib/python3.12/site-packages/airflow/example_dags/example_sensors.py
[2025-01-17T14:08:16.332+0000] {processor.py:914} INFO - Processing file /home/airflow/.local/lib/python3.12/site-packages/airflow/example_dags/example_sensors.py for tasks to queue
[2025-01-17T14:08:16.337+0000] {logging_mixin.py:190} INFO - [2025-01-17T14:08:16.336+0000] {dagbag.py:588} INFO - Filling up the DagBag from /home/airflow/.local/lib/python3.12/site-packages/airflow/example_dags/example_sensors.py
[2025-01-17T14:08:16.357+0000] {processor.py:925} INFO - DAG(s) 'example_sensors' retrieved from /home/airflow/.local/lib/python3.12/site-packages/airflow/example_dags/example_sensors.py
[2025-01-17T14:08:16.394+0000] {logging_mixin.py:190} INFO - [2025-01-17T14:08:16.393+0000] {dag.py:3239} INFO - Sync 1 DAGs
[2025-01-17T14:08:16.418+0000] {logging_mixin.py:190} INFO - [2025-01-17T14:08:16.417+0000] {dag.py:4180} INFO - Setting next_dagrun for example_sensors to None, run_after=None
[2025-01-17T14:08:16.514+0000] {processor.py:208} INFO - Processing /home/airflow/.local/lib/python3.12/site-packages/airflow/example_dags/example_sensors.py took 0.193 seconds
[2025-01-17T14:08:48.813+0000] {processor.py:186} INFO - Started process (PID=359) to work on /home/airflow/.local/lib/python3.12/site-packages/airflow/example_dags/example_sensors.py
[2025-01-17T14:08:48.818+0000] {processor.py:914} INFO - Processing file /home/airflow/.local/lib/python3.12/site-packages/airflow/example_dags/example_sensors.py for tasks to queue
[2025-01-17T14:08:48.822+0000] {logging_mixin.py:190} INFO - [2025-01-17T14:08:48.822+0000] {dagbag.py:588} INFO - Filling up the DagBag from /home/airflow/.local/lib/python3.12/site-packages/airflow/example_dags/example_sensors.py
[2025-01-17T14:08:48.843+0000] {processor.py:925} INFO - DAG(s) 'example_sensors' retrieved from /home/airflow/.local/lib/python3.12/site-packages/airflow/example_dags/example_sensors.py
[2025-01-17T14:08:48.887+0000] {logging_mixin.py:190} INFO - [2025-01-17T14:08:48.887+0000] {dag.py:3239} INFO - Sync 1 DAGs
[2025-01-17T14:08:48.909+0000] {logging_mixin.py:190} INFO - [2025-01-17T14:08:48.909+0000] {dag.py:4180} INFO - Setting next_dagrun for example_sensors to None, run_after=None
[2025-01-17T14:08:48.950+0000] {processor.py:208} INFO - Processing /home/airflow/.local/lib/python3.12/site-packages/airflow/example_dags/example_sensors.py took 0.144 seconds
[2025-01-17T14:09:20.025+0000] {processor.py:186} INFO - Started process (PID=422) to work on /home/airflow/.local/lib/python3.12/site-packages/airflow/example_dags/example_sensors.py
[2025-01-17T14:09:20.026+0000] {processor.py:914} INFO - Processing file /home/airflow/.local/lib/python3.12/site-packages/airflow/example_dags/example_sensors.py for tasks to queue
[2025-01-17T14:09:20.029+0000] {logging_mixin.py:190} INFO - [2025-01-17T14:09:20.028+0000] {dagbag.py:588} INFO - Filling up the DagBag from /home/airflow/.local/lib/python3.12/site-packages/airflow/example_dags/example_sensors.py
[2025-01-17T14:09:20.040+0000] {processor.py:925} INFO - DAG(s) 'example_sensors' retrieved from /home/airflow/.local/lib/python3.12/site-packages/airflow/example_dags/example_sensors.py
[2025-01-17T14:09:20.062+0000] {logging_mixin.py:190} INFO - [2025-01-17T14:09:20.061+0000] {dag.py:3239} INFO - Sync 1 DAGs
[2025-01-17T14:09:20.075+0000] {logging_mixin.py:190} INFO - [2025-01-17T14:09:20.075+0000] {dag.py:4180} INFO - Setting next_dagrun for example_sensors to None, run_after=None
[2025-01-17T14:09:20.093+0000] {processor.py:208} INFO - Processing /home/airflow/.local/lib/python3.12/site-packages/airflow/example_dags/example_sensors.py took 0.075 seconds
[2025-01-17T14:09:51.359+0000] {processor.py:186} INFO - Started process (PID=485) to work on /home/airflow/.local/lib/python3.12/site-packages/airflow/example_dags/example_sensors.py
[2025-01-17T14:09:51.360+0000] {processor.py:914} INFO - Processing file /home/airflow/.local/lib/python3.12/site-packages/airflow/example_dags/example_sensors.py for tasks to queue
[2025-01-17T14:09:51.362+0000] {logging_mixin.py:190} INFO - [2025-01-17T14:09:51.362+0000] {dagbag.py:588} INFO - Filling up the DagBag from /home/airflow/.local/lib/python3.12/site-packages/airflow/example_dags/example_sensors.py
[2025-01-17T14:09:51.371+0000] {processor.py:925} INFO - DAG(s) 'example_sensors' retrieved from /home/airflow/.local/lib/python3.12/site-packages/airflow/example_dags/example_sensors.py
[2025-01-17T14:09:51.397+0000] {logging_mixin.py:190} INFO - [2025-01-17T14:09:51.396+0000] {dag.py:3239} INFO - Sync 1 DAGs
[2025-01-17T14:09:51.409+0000] {logging_mixin.py:190} INFO - [2025-01-17T14:09:51.409+0000] {dag.py:4180} INFO - Setting next_dagrun for example_sensors to None, run_after=None
[2025-01-17T14:09:51.434+0000] {processor.py:208} INFO - Processing /home/airflow/.local/lib/python3.12/site-packages/airflow/example_dags/example_sensors.py took 0.081 seconds
[2025-01-17T14:10:22.716+0000] {processor.py:186} INFO - Started process (PID=548) to work on /home/airflow/.local/lib/python3.12/site-packages/airflow/example_dags/example_sensors.py
[2025-01-17T14:10:22.717+0000] {processor.py:914} INFO - Processing file /home/airflow/.local/lib/python3.12/site-packages/airflow/example_dags/example_sensors.py for tasks to queue
[2025-01-17T14:10:22.718+0000] {logging_mixin.py:190} INFO - [2025-01-17T14:10:22.718+0000] {dagbag.py:588} INFO - Filling up the DagBag from /home/airflow/.local/lib/python3.12/site-packages/airflow/example_dags/example_sensors.py
[2025-01-17T14:10:22.728+0000] {processor.py:925} INFO - DAG(s) 'example_sensors' retrieved from /home/airflow/.local/lib/python3.12/site-packages/airflow/example_dags/example_sensors.py
[2025-01-17T14:10:22.752+0000] {logging_mixin.py:190} INFO - [2025-01-17T14:10:22.752+0000] {dag.py:3239} INFO - Sync 1 DAGs
[2025-01-17T14:10:22.765+0000] {logging_mixin.py:190} INFO - [2025-01-17T14:10:22.765+0000] {dag.py:4180} INFO - Setting next_dagrun for example_sensors to None, run_after=None
[2025-01-17T14:10:22.785+0000] {processor.py:208} INFO - Processing /home/airflow/.local/lib/python3.12/site-packages/airflow/example_dags/example_sensors.py took 0.076 seconds
[2025-01-17T14:10:53.917+0000] {processor.py:186} INFO - Started process (PID=611) to work on /home/airflow/.local/lib/python3.12/site-packages/airflow/example_dags/example_sensors.py
[2025-01-17T14:10:53.918+0000] {processor.py:914} INFO - Processing file /home/airflow/.local/lib/python3.12/site-packages/airflow/example_dags/example_sensors.py for tasks to queue
[2025-01-17T14:10:53.922+0000] {logging_mixin.py:190} INFO - [2025-01-17T14:10:53.922+0000] {dagbag.py:588} INFO - Filling up the DagBag from /home/airflow/.local/lib/python3.12/site-packages/airflow/example_dags/example_sensors.py
[2025-01-17T14:10:53.932+0000] {processor.py:925} INFO - DAG(s) 'example_sensors' retrieved from /home/airflow/.local/lib/python3.12/site-packages/airflow/example_dags/example_sensors.py
[2025-01-17T14:10:53.958+0000] {logging_mixin.py:190} INFO - [2025-01-17T14:10:53.958+0000] {dag.py:3239} INFO - Sync 1 DAGs
[2025-01-17T14:10:53.973+0000] {logging_mixin.py:190} INFO - [2025-01-17T14:10:53.973+0000] {dag.py:4180} INFO - Setting next_dagrun for example_sensors to None, run_after=None
[2025-01-17T14:10:53.994+0000] {processor.py:208} INFO - Processing /home/airflow/.local/lib/python3.12/site-packages/airflow/example_dags/example_sensors.py took 0.084 seconds
[2025-01-17T14:11:25.440+0000] {processor.py:186} INFO - Started process (PID=674) to work on /home/airflow/.local/lib/python3.12/site-packages/airflow/example_dags/example_sensors.py
[2025-01-17T14:11:25.441+0000] {processor.py:914} INFO - Processing file /home/airflow/.local/lib/python3.12/site-packages/airflow/example_dags/example_sensors.py for tasks to queue
[2025-01-17T14:11:25.443+0000] {logging_mixin.py:190} INFO - [2025-01-17T14:11:25.443+0000] {dagbag.py:588} INFO - Filling up the DagBag from /home/airflow/.local/lib/python3.12/site-packages/airflow/example_dags/example_sensors.py
[2025-01-17T14:11:25.452+0000] {processor.py:925} INFO - DAG(s) 'example_sensors' retrieved from /home/airflow/.local/lib/python3.12/site-packages/airflow/example_dags/example_sensors.py
[2025-01-17T14:11:25.477+0000] {logging_mixin.py:190} INFO - [2025-01-17T14:11:25.476+0000] {dag.py:3239} INFO - Sync 1 DAGs
[2025-01-17T14:11:25.490+0000] {logging_mixin.py:190} INFO - [2025-01-17T14:11:25.490+0000] {dag.py:4180} INFO - Setting next_dagrun for example_sensors to None, run_after=None
[2025-01-17T14:11:25.510+0000] {processor.py:208} INFO - Processing /home/airflow/.local/lib/python3.12/site-packages/airflow/example_dags/example_sensors.py took 0.076 seconds
[2025-01-17T14:11:56.376+0000] {processor.py:186} INFO - Started process (PID=738) to work on /home/airflow/.local/lib/python3.12/site-packages/airflow/example_dags/example_sensors.py
[2025-01-17T14:11:56.377+0000] {processor.py:914} INFO - Processing file /home/airflow/.local/lib/python3.12/site-packages/airflow/example_dags/example_sensors.py for tasks to queue
[2025-01-17T14:11:56.380+0000] {logging_mixin.py:190} INFO - [2025-01-17T14:11:56.379+0000] {dagbag.py:588} INFO - Filling up the DagBag from /home/airflow/.local/lib/python3.12/site-packages/airflow/example_dags/example_sensors.py
[2025-01-17T14:11:56.393+0000] {processor.py:925} INFO - DAG(s) 'example_sensors' retrieved from /home/airflow/.local/lib/python3.12/site-packages/airflow/example_dags/example_sensors.py
[2025-01-17T14:11:56.424+0000] {logging_mixin.py:190} INFO - [2025-01-17T14:11:56.423+0000] {dag.py:3239} INFO - Sync 1 DAGs
[2025-01-17T14:11:56.441+0000] {logging_mixin.py:190} INFO - [2025-01-17T14:11:56.440+0000] {dag.py:4180} INFO - Setting next_dagrun for example_sensors to None, run_after=None
[2025-01-17T14:11:56.476+0000] {processor.py:208} INFO - Processing /home/airflow/.local/lib/python3.12/site-packages/airflow/example_dags/example_sensors.py took 0.107 seconds
[2025-01-17T14:12:27.978+0000] {processor.py:186} INFO - Started process (PID=801) to work on /home/airflow/.local/lib/python3.12/site-packages/airflow/example_dags/example_sensors.py
[2025-01-17T14:12:27.979+0000] {processor.py:914} INFO - Processing file /home/airflow/.local/lib/python3.12/site-packages/airflow/example_dags/example_sensors.py for tasks to queue
[2025-01-17T14:12:27.981+0000] {logging_mixin.py:190} INFO - [2025-01-17T14:12:27.981+0000] {dagbag.py:588} INFO - Filling up the DagBag from /home/airflow/.local/lib/python3.12/site-packages/airflow/example_dags/example_sensors.py
[2025-01-17T14:12:27.992+0000] {processor.py:925} INFO - DAG(s) 'example_sensors' retrieved from /home/airflow/.local/lib/python3.12/site-packages/airflow/example_dags/example_sensors.py
[2025-01-17T14:12:28.023+0000] {logging_mixin.py:190} INFO - [2025-01-17T14:12:28.023+0000] {dag.py:3239} INFO - Sync 1 DAGs
[2025-01-17T14:12:28.038+0000] {logging_mixin.py:190} INFO - [2025-01-17T14:12:28.038+0000] {dag.py:4180} INFO - Setting next_dagrun for example_sensors to None, run_after=None
[2025-01-17T14:12:28.072+0000] {processor.py:208} INFO - Processing /home/airflow/.local/lib/python3.12/site-packages/airflow/example_dags/example_sensors.py took 0.101 seconds
[2025-01-17T14:12:59.481+0000] {processor.py:186} INFO - Started process (PID=864) to work on /home/airflow/.local/lib/python3.12/site-packages/airflow/example_dags/example_sensors.py
[2025-01-17T14:12:59.482+0000] {processor.py:914} INFO - Processing file /home/airflow/.local/lib/python3.12/site-packages/airflow/example_dags/example_sensors.py for tasks to queue
[2025-01-17T14:12:59.484+0000] {logging_mixin.py:190} INFO - [2025-01-17T14:12:59.484+0000] {dagbag.py:588} INFO - Filling up the DagBag from /home/airflow/.local/lib/python3.12/site-packages/airflow/example_dags/example_sensors.py
[2025-01-17T14:12:59.496+0000] {processor.py:925} INFO - DAG(s) 'example_sensors' retrieved from /home/airflow/.local/lib/python3.12/site-packages/airflow/example_dags/example_sensors.py
[2025-01-17T14:12:59.524+0000] {logging_mixin.py:190} INFO - [2025-01-17T14:12:59.524+0000] {dag.py:3239} INFO - Sync 1 DAGs
[2025-01-17T14:12:59.540+0000] {logging_mixin.py:190} INFO - [2025-01-17T14:12:59.540+0000] {dag.py:4180} INFO - Setting next_dagrun for example_sensors to None, run_after=None
[2025-01-17T14:12:59.562+0000] {processor.py:208} INFO - Processing /home/airflow/.local/lib/python3.12/site-packages/airflow/example_dags/example_sensors.py took 0.086 seconds
[2025-01-17T14:13:30.966+0000] {processor.py:186} INFO - Started process (PID=927) to work on /home/airflow/.local/lib/python3.12/site-packages/airflow/example_dags/example_sensors.py
[2025-01-17T14:13:30.967+0000] {processor.py:914} INFO - Processing file /home/airflow/.local/lib/python3.12/site-packages/airflow/example_dags/example_sensors.py for tasks to queue
[2025-01-17T14:13:30.971+0000] {logging_mixin.py:190} INFO - [2025-01-17T14:13:30.971+0000] {dagbag.py:588} INFO - Filling up the DagBag from /home/airflow/.local/lib/python3.12/site-packages/airflow/example_dags/example_sensors.py
[2025-01-17T14:13:30.986+0000] {processor.py:925} INFO - DAG(s) 'example_sensors' retrieved from /home/airflow/.local/lib/python3.12/site-packages/airflow/example_dags/example_sensors.py
[2025-01-17T14:13:31.016+0000] {logging_mixin.py:190} INFO - [2025-01-17T14:13:31.016+0000] {dag.py:3239} INFO - Sync 1 DAGs
[2025-01-17T14:13:31.033+0000] {logging_mixin.py:190} INFO - [2025-01-17T14:13:31.033+0000] {dag.py:4180} INFO - Setting next_dagrun for example_sensors to None, run_after=None
[2025-01-17T14:13:31.067+0000] {processor.py:208} INFO - Processing /home/airflow/.local/lib/python3.12/site-packages/airflow/example_dags/example_sensors.py took 0.108 seconds
[2025-01-17T14:14:01.901+0000] {processor.py:186} INFO - Started process (PID=991) to work on /home/airflow/.local/lib/python3.12/site-packages/airflow/example_dags/example_sensors.py
[2025-01-17T14:14:01.902+0000] {processor.py:914} INFO - Processing file /home/airflow/.local/lib/python3.12/site-packages/airflow/example_dags/example_sensors.py for tasks to queue
[2025-01-17T14:14:01.904+0000] {logging_mixin.py:190} INFO - [2025-01-17T14:14:01.904+0000] {dagbag.py:588} INFO - Filling up the DagBag from /home/airflow/.local/lib/python3.12/site-packages/airflow/example_dags/example_sensors.py
[2025-01-17T14:14:01.915+0000] {processor.py:925} INFO - DAG(s) 'example_sensors' retrieved from /home/airflow/.local/lib/python3.12/site-packages/airflow/example_dags/example_sensors.py
[2025-01-17T14:14:01.944+0000] {logging_mixin.py:190} INFO - [2025-01-17T14:14:01.944+0000] {dag.py:3239} INFO - Sync 1 DAGs
[2025-01-17T14:14:01.958+0000] {logging_mixin.py:190} INFO - [2025-01-17T14:14:01.958+0000] {dag.py:4180} INFO - Setting next_dagrun for example_sensors to None, run_after=None
[2025-01-17T14:14:01.991+0000] {processor.py:208} INFO - Processing /home/airflow/.local/lib/python3.12/site-packages/airflow/example_dags/example_sensors.py took 0.095 seconds
