[2025-01-17T14:06:45.857+0000] {processor.py:186} INFO - Started process (PID=116) to work on /home/airflow/.local/lib/python3.12/site-packages/airflow/example_dags/example_skip_dag.py
[2025-01-17T14:06:45.859+0000] {processor.py:914} INFO - Processing file /home/airflow/.local/lib/python3.12/site-packages/airflow/example_dags/example_skip_dag.py for tasks to queue
[2025-01-17T14:06:45.867+0000] {logging_mixin.py:190} INFO - [2025-01-17T14:06:45.866+0000] {dagbag.py:588} INFO - Filling up the DagBag from /home/airflow/.local/lib/python3.12/site-packages/airflow/example_dags/example_skip_dag.py
[2025-01-17T14:06:45.885+0000] {processor.py:925} INFO - DAG(s) 'example_skip_dag' retrieved from /home/airflow/.local/lib/python3.12/site-packages/airflow/example_dags/example_skip_dag.py
[2025-01-17T14:06:46.094+0000] {logging_mixin.py:190} INFO - [2025-01-17T14:06:46.093+0000] {override.py:1911} INFO - Created Permission View: can read on DAG:example_skip_dag
[2025-01-17T14:06:46.117+0000] {logging_mixin.py:190} INFO - [2025-01-17T14:06:46.116+0000] {override.py:1911} INFO - Created Permission View: can delete on DAG:example_skip_dag
[2025-01-17T14:06:46.134+0000] {logging_mixin.py:190} INFO - [2025-01-17T14:06:46.134+0000] {override.py:1911} INFO - Created Permission View: can edit on DAG:example_skip_dag
[2025-01-17T14:06:46.149+0000] {logging_mixin.py:190} INFO - [2025-01-17T14:06:46.149+0000] {override.py:1911} INFO - Created Permission View: menu access on DAG Run:example_skip_dag
[2025-01-17T14:06:46.170+0000] {logging_mixin.py:190} INFO - [2025-01-17T14:06:46.169+0000] {override.py:1911} INFO - Created Permission View: can read on DAG Run:example_skip_dag
[2025-01-17T14:06:46.188+0000] {logging_mixin.py:190} INFO - [2025-01-17T14:06:46.187+0000] {override.py:1911} INFO - Created Permission View: can delete on DAG Run:example_skip_dag
[2025-01-17T14:06:46.207+0000] {logging_mixin.py:190} INFO - [2025-01-17T14:06:46.207+0000] {override.py:1911} INFO - Created Permission View: can create on DAG Run:example_skip_dag
[2025-01-17T14:06:46.209+0000] {logging_mixin.py:190} INFO - [2025-01-17T14:06:46.208+0000] {dag.py:3239} INFO - Sync 1 DAGs
[2025-01-17T14:06:46.239+0000] {logging_mixin.py:190} INFO - [2025-01-17T14:06:46.239+0000] {dag.py:3262} INFO - Creating ORM DAG for example_skip_dag
[2025-01-17T14:06:46.261+0000] {logging_mixin.py:190} INFO - [2025-01-17T14:06:46.260+0000] {dag.py:4180} INFO - Setting next_dagrun for example_skip_dag to 2025-01-16 00:00:00+00:00, run_after=2025-01-17 00:00:00+00:00
[2025-01-17T14:06:46.304+0000] {processor.py:208} INFO - Processing /home/airflow/.local/lib/python3.12/site-packages/airflow/example_dags/example_skip_dag.py took 0.460 seconds
[2025-01-17T14:07:16.811+0000] {processor.py:186} INFO - Started process (PID=179) to work on /home/airflow/.local/lib/python3.12/site-packages/airflow/example_dags/example_skip_dag.py
[2025-01-17T14:07:16.812+0000] {processor.py:914} INFO - Processing file /home/airflow/.local/lib/python3.12/site-packages/airflow/example_dags/example_skip_dag.py for tasks to queue
[2025-01-17T14:07:16.814+0000] {logging_mixin.py:190} INFO - [2025-01-17T14:07:16.814+0000] {dagbag.py:588} INFO - Filling up the DagBag from /home/airflow/.local/lib/python3.12/site-packages/airflow/example_dags/example_skip_dag.py
[2025-01-17T14:07:16.822+0000] {processor.py:925} INFO - DAG(s) 'example_skip_dag' retrieved from /home/airflow/.local/lib/python3.12/site-packages/airflow/example_dags/example_skip_dag.py
[2025-01-17T14:07:16.843+0000] {logging_mixin.py:190} INFO - [2025-01-17T14:07:16.843+0000] {dag.py:3239} INFO - Sync 1 DAGs
[2025-01-17T14:07:16.869+0000] {logging_mixin.py:190} INFO - [2025-01-17T14:07:16.869+0000] {dag.py:4180} INFO - Setting next_dagrun for example_skip_dag to 2025-01-16 00:00:00+00:00, run_after=2025-01-17 00:00:00+00:00
[2025-01-17T14:07:16.890+0000] {processor.py:208} INFO - Processing /home/airflow/.local/lib/python3.12/site-packages/airflow/example_dags/example_skip_dag.py took 0.084 seconds
[2025-01-17T14:07:47.502+0000] {processor.py:186} INFO - Started process (PID=242) to work on /home/airflow/.local/lib/python3.12/site-packages/airflow/example_dags/example_skip_dag.py
[2025-01-17T14:07:47.503+0000] {processor.py:914} INFO - Processing file /home/airflow/.local/lib/python3.12/site-packages/airflow/example_dags/example_skip_dag.py for tasks to queue
[2025-01-17T14:07:47.507+0000] {logging_mixin.py:190} INFO - [2025-01-17T14:07:47.506+0000] {dagbag.py:588} INFO - Filling up the DagBag from /home/airflow/.local/lib/python3.12/site-packages/airflow/example_dags/example_skip_dag.py
[2025-01-17T14:07:47.514+0000] {processor.py:925} INFO - DAG(s) 'example_skip_dag' retrieved from /home/airflow/.local/lib/python3.12/site-packages/airflow/example_dags/example_skip_dag.py
[2025-01-17T14:07:47.539+0000] {logging_mixin.py:190} INFO - [2025-01-17T14:07:47.538+0000] {dag.py:3239} INFO - Sync 1 DAGs
[2025-01-17T14:07:47.567+0000] {logging_mixin.py:190} INFO - [2025-01-17T14:07:47.567+0000] {dag.py:4180} INFO - Setting next_dagrun for example_skip_dag to 2025-01-16 00:00:00+00:00, run_after=2025-01-17 00:00:00+00:00
[2025-01-17T14:07:47.595+0000] {processor.py:208} INFO - Processing /home/airflow/.local/lib/python3.12/site-packages/airflow/example_dags/example_skip_dag.py took 0.097 seconds
[2025-01-17T14:08:17.905+0000] {processor.py:186} INFO - Started process (PID=306) to work on /home/airflow/.local/lib/python3.12/site-packages/airflow/example_dags/example_skip_dag.py
[2025-01-17T14:08:17.907+0000] {processor.py:914} INFO - Processing file /home/airflow/.local/lib/python3.12/site-packages/airflow/example_dags/example_skip_dag.py for tasks to queue
[2025-01-17T14:08:17.916+0000] {logging_mixin.py:190} INFO - [2025-01-17T14:08:17.914+0000] {dagbag.py:588} INFO - Filling up the DagBag from /home/airflow/.local/lib/python3.12/site-packages/airflow/example_dags/example_skip_dag.py
[2025-01-17T14:08:17.937+0000] {processor.py:925} INFO - DAG(s) 'example_skip_dag' retrieved from /home/airflow/.local/lib/python3.12/site-packages/airflow/example_dags/example_skip_dag.py
[2025-01-17T14:08:17.983+0000] {logging_mixin.py:190} INFO - [2025-01-17T14:08:17.982+0000] {dag.py:3239} INFO - Sync 1 DAGs
[2025-01-17T14:08:18.029+0000] {logging_mixin.py:190} INFO - [2025-01-17T14:08:18.029+0000] {dag.py:4180} INFO - Setting next_dagrun for example_skip_dag to 2025-01-16 00:00:00+00:00, run_after=2025-01-17 00:00:00+00:00
[2025-01-17T14:08:18.054+0000] {processor.py:208} INFO - Processing /home/airflow/.local/lib/python3.12/site-packages/airflow/example_dags/example_skip_dag.py took 0.164 seconds
[2025-01-17T14:08:50.886+0000] {processor.py:186} INFO - Started process (PID=370) to work on /home/airflow/.local/lib/python3.12/site-packages/airflow/example_dags/example_skip_dag.py
[2025-01-17T14:08:50.894+0000] {processor.py:914} INFO - Processing file /home/airflow/.local/lib/python3.12/site-packages/airflow/example_dags/example_skip_dag.py for tasks to queue
[2025-01-17T14:08:50.902+0000] {logging_mixin.py:190} INFO - [2025-01-17T14:08:50.901+0000] {dagbag.py:588} INFO - Filling up the DagBag from /home/airflow/.local/lib/python3.12/site-packages/airflow/example_dags/example_skip_dag.py
[2025-01-17T14:08:50.943+0000] {processor.py:925} INFO - DAG(s) 'example_skip_dag' retrieved from /home/airflow/.local/lib/python3.12/site-packages/airflow/example_dags/example_skip_dag.py
[2025-01-17T14:08:51.058+0000] {logging_mixin.py:190} INFO - [2025-01-17T14:08:51.058+0000] {dag.py:3239} INFO - Sync 1 DAGs
[2025-01-17T14:08:51.164+0000] {logging_mixin.py:190} INFO - [2025-01-17T14:08:51.163+0000] {dag.py:4180} INFO - Setting next_dagrun for example_skip_dag to 2025-01-16 00:00:00+00:00, run_after=2025-01-17 00:00:00+00:00
[2025-01-17T14:08:51.254+0000] {processor.py:208} INFO - Processing /home/airflow/.local/lib/python3.12/site-packages/airflow/example_dags/example_skip_dag.py took 0.388 seconds
[2025-01-17T14:09:22.064+0000] {processor.py:186} INFO - Started process (PID=433) to work on /home/airflow/.local/lib/python3.12/site-packages/airflow/example_dags/example_skip_dag.py
[2025-01-17T14:09:22.076+0000] {processor.py:914} INFO - Processing file /home/airflow/.local/lib/python3.12/site-packages/airflow/example_dags/example_skip_dag.py for tasks to queue
[2025-01-17T14:09:22.078+0000] {logging_mixin.py:190} INFO - [2025-01-17T14:09:22.078+0000] {dagbag.py:588} INFO - Filling up the DagBag from /home/airflow/.local/lib/python3.12/site-packages/airflow/example_dags/example_skip_dag.py
[2025-01-17T14:09:22.086+0000] {processor.py:925} INFO - DAG(s) 'example_skip_dag' retrieved from /home/airflow/.local/lib/python3.12/site-packages/airflow/example_dags/example_skip_dag.py
[2025-01-17T14:09:22.110+0000] {logging_mixin.py:190} INFO - [2025-01-17T14:09:22.109+0000] {dag.py:3239} INFO - Sync 1 DAGs
[2025-01-17T14:09:22.132+0000] {logging_mixin.py:190} INFO - [2025-01-17T14:09:22.131+0000] {dag.py:4180} INFO - Setting next_dagrun for example_skip_dag to 2025-01-16 00:00:00+00:00, run_after=2025-01-17 00:00:00+00:00
[2025-01-17T14:09:22.149+0000] {processor.py:208} INFO - Processing /home/airflow/.local/lib/python3.12/site-packages/airflow/example_dags/example_skip_dag.py took 0.091 seconds
[2025-01-17T14:09:52.466+0000] {processor.py:186} INFO - Started process (PID=496) to work on /home/airflow/.local/lib/python3.12/site-packages/airflow/example_dags/example_skip_dag.py
[2025-01-17T14:09:52.467+0000] {processor.py:914} INFO - Processing file /home/airflow/.local/lib/python3.12/site-packages/airflow/example_dags/example_skip_dag.py for tasks to queue
[2025-01-17T14:09:52.469+0000] {logging_mixin.py:190} INFO - [2025-01-17T14:09:52.469+0000] {dagbag.py:588} INFO - Filling up the DagBag from /home/airflow/.local/lib/python3.12/site-packages/airflow/example_dags/example_skip_dag.py
[2025-01-17T14:09:52.479+0000] {processor.py:925} INFO - DAG(s) 'example_skip_dag' retrieved from /home/airflow/.local/lib/python3.12/site-packages/airflow/example_dags/example_skip_dag.py
[2025-01-17T14:09:52.499+0000] {logging_mixin.py:190} INFO - [2025-01-17T14:09:52.499+0000] {dag.py:3239} INFO - Sync 1 DAGs
[2025-01-17T14:09:52.523+0000] {logging_mixin.py:190} INFO - [2025-01-17T14:09:52.523+0000] {dag.py:4180} INFO - Setting next_dagrun for example_skip_dag to 2025-01-16 00:00:00+00:00, run_after=2025-01-17 00:00:00+00:00
[2025-01-17T14:09:52.541+0000] {processor.py:208} INFO - Processing /home/airflow/.local/lib/python3.12/site-packages/airflow/example_dags/example_skip_dag.py took 0.080 seconds
[2025-01-17T14:10:23.805+0000] {processor.py:186} INFO - Started process (PID=559) to work on /home/airflow/.local/lib/python3.12/site-packages/airflow/example_dags/example_skip_dag.py
[2025-01-17T14:10:23.806+0000] {processor.py:914} INFO - Processing file /home/airflow/.local/lib/python3.12/site-packages/airflow/example_dags/example_skip_dag.py for tasks to queue
[2025-01-17T14:10:23.808+0000] {logging_mixin.py:190} INFO - [2025-01-17T14:10:23.808+0000] {dagbag.py:588} INFO - Filling up the DagBag from /home/airflow/.local/lib/python3.12/site-packages/airflow/example_dags/example_skip_dag.py
[2025-01-17T14:10:23.816+0000] {processor.py:925} INFO - DAG(s) 'example_skip_dag' retrieved from /home/airflow/.local/lib/python3.12/site-packages/airflow/example_dags/example_skip_dag.py
[2025-01-17T14:10:23.834+0000] {logging_mixin.py:190} INFO - [2025-01-17T14:10:23.834+0000] {dag.py:3239} INFO - Sync 1 DAGs
[2025-01-17T14:10:23.857+0000] {logging_mixin.py:190} INFO - [2025-01-17T14:10:23.857+0000] {dag.py:4180} INFO - Setting next_dagrun for example_skip_dag to 2025-01-16 00:00:00+00:00, run_after=2025-01-17 00:00:00+00:00
[2025-01-17T14:10:23.875+0000] {processor.py:208} INFO - Processing /home/airflow/.local/lib/python3.12/site-packages/airflow/example_dags/example_skip_dag.py took 0.076 seconds
[2025-01-17T14:10:55.318+0000] {processor.py:186} INFO - Started process (PID=622) to work on /home/airflow/.local/lib/python3.12/site-packages/airflow/example_dags/example_skip_dag.py
[2025-01-17T14:10:55.320+0000] {processor.py:914} INFO - Processing file /home/airflow/.local/lib/python3.12/site-packages/airflow/example_dags/example_skip_dag.py for tasks to queue
[2025-01-17T14:10:55.322+0000] {logging_mixin.py:190} INFO - [2025-01-17T14:10:55.322+0000] {dagbag.py:588} INFO - Filling up the DagBag from /home/airflow/.local/lib/python3.12/site-packages/airflow/example_dags/example_skip_dag.py
[2025-01-17T14:10:55.328+0000] {processor.py:925} INFO - DAG(s) 'example_skip_dag' retrieved from /home/airflow/.local/lib/python3.12/site-packages/airflow/example_dags/example_skip_dag.py
[2025-01-17T14:10:55.350+0000] {logging_mixin.py:190} INFO - [2025-01-17T14:10:55.349+0000] {dag.py:3239} INFO - Sync 1 DAGs
[2025-01-17T14:10:55.372+0000] {logging_mixin.py:190} INFO - [2025-01-17T14:10:55.371+0000] {dag.py:4180} INFO - Setting next_dagrun for example_skip_dag to 2025-01-16 00:00:00+00:00, run_after=2025-01-17 00:00:00+00:00
[2025-01-17T14:10:55.391+0000] {processor.py:208} INFO - Processing /home/airflow/.local/lib/python3.12/site-packages/airflow/example_dags/example_skip_dag.py took 0.078 seconds
[2025-01-17T14:11:26.777+0000] {processor.py:186} INFO - Started process (PID=685) to work on /home/airflow/.local/lib/python3.12/site-packages/airflow/example_dags/example_skip_dag.py
[2025-01-17T14:11:26.779+0000] {processor.py:914} INFO - Processing file /home/airflow/.local/lib/python3.12/site-packages/airflow/example_dags/example_skip_dag.py for tasks to queue
[2025-01-17T14:11:26.781+0000] {logging_mixin.py:190} INFO - [2025-01-17T14:11:26.780+0000] {dagbag.py:588} INFO - Filling up the DagBag from /home/airflow/.local/lib/python3.12/site-packages/airflow/example_dags/example_skip_dag.py
[2025-01-17T14:11:26.792+0000] {processor.py:925} INFO - DAG(s) 'example_skip_dag' retrieved from /home/airflow/.local/lib/python3.12/site-packages/airflow/example_dags/example_skip_dag.py
[2025-01-17T14:11:26.814+0000] {logging_mixin.py:190} INFO - [2025-01-17T14:11:26.813+0000] {dag.py:3239} INFO - Sync 1 DAGs
[2025-01-17T14:11:26.840+0000] {logging_mixin.py:190} INFO - [2025-01-17T14:11:26.839+0000] {dag.py:4180} INFO - Setting next_dagrun for example_skip_dag to 2025-01-16 00:00:00+00:00, run_after=2025-01-17 00:00:00+00:00
[2025-01-17T14:11:26.874+0000] {processor.py:208} INFO - Processing /home/airflow/.local/lib/python3.12/site-packages/airflow/example_dags/example_skip_dag.py took 0.102 seconds
[2025-01-17T14:11:58.357+0000] {processor.py:186} INFO - Started process (PID=749) to work on /home/airflow/.local/lib/python3.12/site-packages/airflow/example_dags/example_skip_dag.py
[2025-01-17T14:11:58.358+0000] {processor.py:914} INFO - Processing file /home/airflow/.local/lib/python3.12/site-packages/airflow/example_dags/example_skip_dag.py for tasks to queue
[2025-01-17T14:11:58.362+0000] {logging_mixin.py:190} INFO - [2025-01-17T14:11:58.361+0000] {dagbag.py:588} INFO - Filling up the DagBag from /home/airflow/.local/lib/python3.12/site-packages/airflow/example_dags/example_skip_dag.py
[2025-01-17T14:11:58.370+0000] {processor.py:925} INFO - DAG(s) 'example_skip_dag' retrieved from /home/airflow/.local/lib/python3.12/site-packages/airflow/example_dags/example_skip_dag.py
[2025-01-17T14:11:58.397+0000] {logging_mixin.py:190} INFO - [2025-01-17T14:11:58.397+0000] {dag.py:3239} INFO - Sync 1 DAGs
[2025-01-17T14:11:58.426+0000] {logging_mixin.py:190} INFO - [2025-01-17T14:11:58.426+0000] {dag.py:4180} INFO - Setting next_dagrun for example_skip_dag to 2025-01-16 00:00:00+00:00, run_after=2025-01-17 00:00:00+00:00
[2025-01-17T14:11:58.460+0000] {processor.py:208} INFO - Processing /home/airflow/.local/lib/python3.12/site-packages/airflow/example_dags/example_skip_dag.py took 0.110 seconds
[2025-01-17T14:12:29.959+0000] {processor.py:186} INFO - Started process (PID=812) to work on /home/airflow/.local/lib/python3.12/site-packages/airflow/example_dags/example_skip_dag.py
[2025-01-17T14:12:29.961+0000] {processor.py:914} INFO - Processing file /home/airflow/.local/lib/python3.12/site-packages/airflow/example_dags/example_skip_dag.py for tasks to queue
[2025-01-17T14:12:29.964+0000] {logging_mixin.py:190} INFO - [2025-01-17T14:12:29.964+0000] {dagbag.py:588} INFO - Filling up the DagBag from /home/airflow/.local/lib/python3.12/site-packages/airflow/example_dags/example_skip_dag.py
[2025-01-17T14:12:29.973+0000] {processor.py:925} INFO - DAG(s) 'example_skip_dag' retrieved from /home/airflow/.local/lib/python3.12/site-packages/airflow/example_dags/example_skip_dag.py
[2025-01-17T14:12:30.000+0000] {logging_mixin.py:190} INFO - [2025-01-17T14:12:30.000+0000] {dag.py:3239} INFO - Sync 1 DAGs
[2025-01-17T14:12:30.028+0000] {logging_mixin.py:190} INFO - [2025-01-17T14:12:30.028+0000] {dag.py:4180} INFO - Setting next_dagrun for example_skip_dag to 2025-01-16 00:00:00+00:00, run_after=2025-01-17 00:00:00+00:00
[2025-01-17T14:12:30.059+0000] {processor.py:208} INFO - Processing /home/airflow/.local/lib/python3.12/site-packages/airflow/example_dags/example_skip_dag.py took 0.108 seconds
[2025-01-17T14:13:00.980+0000] {processor.py:186} INFO - Started process (PID=875) to work on /home/airflow/.local/lib/python3.12/site-packages/airflow/example_dags/example_skip_dag.py
[2025-01-17T14:13:00.981+0000] {processor.py:914} INFO - Processing file /home/airflow/.local/lib/python3.12/site-packages/airflow/example_dags/example_skip_dag.py for tasks to queue
[2025-01-17T14:13:00.984+0000] {logging_mixin.py:190} INFO - [2025-01-17T14:13:00.984+0000] {dagbag.py:588} INFO - Filling up the DagBag from /home/airflow/.local/lib/python3.12/site-packages/airflow/example_dags/example_skip_dag.py
[2025-01-17T14:13:00.998+0000] {processor.py:925} INFO - DAG(s) 'example_skip_dag' retrieved from /home/airflow/.local/lib/python3.12/site-packages/airflow/example_dags/example_skip_dag.py
[2025-01-17T14:13:01.029+0000] {logging_mixin.py:190} INFO - [2025-01-17T14:13:01.028+0000] {dag.py:3239} INFO - Sync 1 DAGs
[2025-01-17T14:13:01.061+0000] {logging_mixin.py:190} INFO - [2025-01-17T14:13:01.060+0000] {dag.py:4180} INFO - Setting next_dagrun for example_skip_dag to 2025-01-16 00:00:00+00:00, run_after=2025-01-17 00:00:00+00:00
[2025-01-17T14:13:01.089+0000] {processor.py:208} INFO - Processing /home/airflow/.local/lib/python3.12/site-packages/airflow/example_dags/example_skip_dag.py took 0.116 seconds
[2025-01-17T14:13:32.159+0000] {processor.py:186} INFO - Started process (PID=938) to work on /home/airflow/.local/lib/python3.12/site-packages/airflow/example_dags/example_skip_dag.py
[2025-01-17T14:13:32.161+0000] {processor.py:914} INFO - Processing file /home/airflow/.local/lib/python3.12/site-packages/airflow/example_dags/example_skip_dag.py for tasks to queue
[2025-01-17T14:13:32.163+0000] {logging_mixin.py:190} INFO - [2025-01-17T14:13:32.163+0000] {dagbag.py:588} INFO - Filling up the DagBag from /home/airflow/.local/lib/python3.12/site-packages/airflow/example_dags/example_skip_dag.py
[2025-01-17T14:13:32.174+0000] {processor.py:925} INFO - DAG(s) 'example_skip_dag' retrieved from /home/airflow/.local/lib/python3.12/site-packages/airflow/example_dags/example_skip_dag.py
[2025-01-17T14:13:32.198+0000] {logging_mixin.py:190} INFO - [2025-01-17T14:13:32.197+0000] {dag.py:3239} INFO - Sync 1 DAGs
[2025-01-17T14:13:32.226+0000] {logging_mixin.py:190} INFO - [2025-01-17T14:13:32.225+0000] {dag.py:4180} INFO - Setting next_dagrun for example_skip_dag to 2025-01-16 00:00:00+00:00, run_after=2025-01-17 00:00:00+00:00
[2025-01-17T14:13:32.248+0000] {processor.py:208} INFO - Processing /home/airflow/.local/lib/python3.12/site-packages/airflow/example_dags/example_skip_dag.py took 0.096 seconds
[2025-01-17T14:14:02.819+0000] {processor.py:186} INFO - Started process (PID=1002) to work on /home/airflow/.local/lib/python3.12/site-packages/airflow/example_dags/example_skip_dag.py
[2025-01-17T14:14:02.820+0000] {processor.py:914} INFO - Processing file /home/airflow/.local/lib/python3.12/site-packages/airflow/example_dags/example_skip_dag.py for tasks to queue
[2025-01-17T14:14:02.824+0000] {logging_mixin.py:190} INFO - [2025-01-17T14:14:02.824+0000] {dagbag.py:588} INFO - Filling up the DagBag from /home/airflow/.local/lib/python3.12/site-packages/airflow/example_dags/example_skip_dag.py
[2025-01-17T14:14:02.833+0000] {processor.py:925} INFO - DAG(s) 'example_skip_dag' retrieved from /home/airflow/.local/lib/python3.12/site-packages/airflow/example_dags/example_skip_dag.py
[2025-01-17T14:14:02.856+0000] {logging_mixin.py:190} INFO - [2025-01-17T14:14:02.856+0000] {dag.py:3239} INFO - Sync 1 DAGs
[2025-01-17T14:14:02.877+0000] {logging_mixin.py:190} INFO - [2025-01-17T14:14:02.877+0000] {dag.py:4180} INFO - Setting next_dagrun for example_skip_dag to 2025-01-16 00:00:00+00:00, run_after=2025-01-17 00:00:00+00:00
[2025-01-17T14:14:02.896+0000] {processor.py:208} INFO - Processing /home/airflow/.local/lib/python3.12/site-packages/airflow/example_dags/example_skip_dag.py took 0.082 seconds
