[2025-01-17T14:06:38.064+0000] {processor.py:186} INFO - Started process (PID=87) to work on /home/airflow/.local/lib/python3.12/site-packages/airflow/example_dags/example_dataset_alias.py
[2025-01-17T14:06:38.066+0000] {processor.py:914} INFO - Processing file /home/airflow/.local/lib/python3.12/site-packages/airflow/example_dags/example_dataset_alias.py for tasks to queue
[2025-01-17T14:06:38.069+0000] {logging_mixin.py:190} INFO - [2025-01-17T14:06:38.068+0000] {dagbag.py:588} INFO - Filling up the DagBag from /home/airflow/.local/lib/python3.12/site-packages/airflow/example_dags/example_dataset_alias.py
[2025-01-17T14:06:41.058+0000] {processor.py:925} INFO - DAG(s) 'dataset_s3_bucket_producer', 'dataset_alias_example_alias_consumer', 'dataset_s3_bucket_consumer', 'dataset_alias_example_alias_producer' retrieved from /home/airflow/.local/lib/python3.12/site-packages/airflow/example_dags/example_dataset_alias.py
[2025-01-17T14:06:41.243+0000] {logging_mixin.py:190} INFO - [2025-01-17T14:06:41.242+0000] {override.py:1911} INFO - Created Permission View: can read on DAG:dataset_s3_bucket_producer
[2025-01-17T14:06:41.261+0000] {logging_mixin.py:190} INFO - [2025-01-17T14:06:41.260+0000] {override.py:1911} INFO - Created Permission View: can delete on DAG:dataset_s3_bucket_producer
[2025-01-17T14:06:41.273+0000] {logging_mixin.py:190} INFO - [2025-01-17T14:06:41.272+0000] {override.py:1911} INFO - Created Permission View: can edit on DAG:dataset_s3_bucket_producer
[2025-01-17T14:06:41.287+0000] {logging_mixin.py:190} INFO - [2025-01-17T14:06:41.286+0000] {override.py:1911} INFO - Created Permission View: menu access on DAG Run:dataset_s3_bucket_producer
[2025-01-17T14:06:41.299+0000] {logging_mixin.py:190} INFO - [2025-01-17T14:06:41.299+0000] {override.py:1911} INFO - Created Permission View: can read on DAG Run:dataset_s3_bucket_producer
[2025-01-17T14:06:41.313+0000] {logging_mixin.py:190} INFO - [2025-01-17T14:06:41.312+0000] {override.py:1911} INFO - Created Permission View: can delete on DAG Run:dataset_s3_bucket_producer
[2025-01-17T14:06:41.326+0000] {logging_mixin.py:190} INFO - [2025-01-17T14:06:41.325+0000] {override.py:1911} INFO - Created Permission View: can create on DAG Run:dataset_s3_bucket_producer
[2025-01-17T14:06:41.347+0000] {logging_mixin.py:190} INFO - [2025-01-17T14:06:41.346+0000] {override.py:1911} INFO - Created Permission View: can read on DAG:dataset_alias_example_alias_consumer
[2025-01-17T14:06:41.358+0000] {logging_mixin.py:190} INFO - [2025-01-17T14:06:41.358+0000] {override.py:1911} INFO - Created Permission View: can delete on DAG:dataset_alias_example_alias_consumer
[2025-01-17T14:06:41.371+0000] {logging_mixin.py:190} INFO - [2025-01-17T14:06:41.370+0000] {override.py:1911} INFO - Created Permission View: can edit on DAG:dataset_alias_example_alias_consumer
[2025-01-17T14:06:41.383+0000] {logging_mixin.py:190} INFO - [2025-01-17T14:06:41.382+0000] {override.py:1911} INFO - Created Permission View: menu access on DAG Run:dataset_alias_example_alias_consumer
[2025-01-17T14:06:41.396+0000] {logging_mixin.py:190} INFO - [2025-01-17T14:06:41.395+0000] {override.py:1911} INFO - Created Permission View: can read on DAG Run:dataset_alias_example_alias_consumer
[2025-01-17T14:06:41.411+0000] {logging_mixin.py:190} INFO - [2025-01-17T14:06:41.411+0000] {override.py:1911} INFO - Created Permission View: can delete on DAG Run:dataset_alias_example_alias_consumer
[2025-01-17T14:06:41.425+0000] {logging_mixin.py:190} INFO - [2025-01-17T14:06:41.425+0000] {override.py:1911} INFO - Created Permission View: can create on DAG Run:dataset_alias_example_alias_consumer
[2025-01-17T14:06:41.447+0000] {logging_mixin.py:190} INFO - [2025-01-17T14:06:41.447+0000] {override.py:1911} INFO - Created Permission View: can read on DAG:dataset_s3_bucket_consumer
[2025-01-17T14:06:41.463+0000] {logging_mixin.py:190} INFO - [2025-01-17T14:06:41.462+0000] {override.py:1911} INFO - Created Permission View: can delete on DAG:dataset_s3_bucket_consumer
[2025-01-17T14:06:41.478+0000] {logging_mixin.py:190} INFO - [2025-01-17T14:06:41.478+0000] {override.py:1911} INFO - Created Permission View: can edit on DAG:dataset_s3_bucket_consumer
[2025-01-17T14:06:41.490+0000] {logging_mixin.py:190} INFO - [2025-01-17T14:06:41.489+0000] {override.py:1911} INFO - Created Permission View: menu access on DAG Run:dataset_s3_bucket_consumer
[2025-01-17T14:06:41.501+0000] {logging_mixin.py:190} INFO - [2025-01-17T14:06:41.500+0000] {override.py:1911} INFO - Created Permission View: can read on DAG Run:dataset_s3_bucket_consumer
[2025-01-17T14:06:41.516+0000] {logging_mixin.py:190} INFO - [2025-01-17T14:06:41.516+0000] {override.py:1911} INFO - Created Permission View: can delete on DAG Run:dataset_s3_bucket_consumer
[2025-01-17T14:06:41.536+0000] {logging_mixin.py:190} INFO - [2025-01-17T14:06:41.533+0000] {override.py:1911} INFO - Created Permission View: can create on DAG Run:dataset_s3_bucket_consumer
[2025-01-17T14:06:41.572+0000] {logging_mixin.py:190} INFO - [2025-01-17T14:06:41.571+0000] {override.py:1911} INFO - Created Permission View: can read on DAG:dataset_alias_example_alias_producer
[2025-01-17T14:06:41.584+0000] {logging_mixin.py:190} INFO - [2025-01-17T14:06:41.583+0000] {override.py:1911} INFO - Created Permission View: can delete on DAG:dataset_alias_example_alias_producer
[2025-01-17T14:06:41.598+0000] {logging_mixin.py:190} INFO - [2025-01-17T14:06:41.597+0000] {override.py:1911} INFO - Created Permission View: can edit on DAG:dataset_alias_example_alias_producer
[2025-01-17T14:06:41.610+0000] {logging_mixin.py:190} INFO - [2025-01-17T14:06:41.610+0000] {override.py:1911} INFO - Created Permission View: menu access on DAG Run:dataset_alias_example_alias_producer
[2025-01-17T14:06:41.622+0000] {logging_mixin.py:190} INFO - [2025-01-17T14:06:41.621+0000] {override.py:1911} INFO - Created Permission View: can read on DAG Run:dataset_alias_example_alias_producer
[2025-01-17T14:06:41.632+0000] {logging_mixin.py:190} INFO - [2025-01-17T14:06:41.632+0000] {override.py:1911} INFO - Created Permission View: can delete on DAG Run:dataset_alias_example_alias_producer
[2025-01-17T14:06:41.644+0000] {logging_mixin.py:190} INFO - [2025-01-17T14:06:41.643+0000] {override.py:1911} INFO - Created Permission View: can create on DAG Run:dataset_alias_example_alias_producer
[2025-01-17T14:06:41.645+0000] {logging_mixin.py:190} INFO - [2025-01-17T14:06:41.645+0000] {dag.py:3239} INFO - Sync 4 DAGs
[2025-01-17T14:06:41.666+0000] {logging_mixin.py:190} INFO - [2025-01-17T14:06:41.665+0000] {dag.py:3262} INFO - Creating ORM DAG for dataset_alias_example_alias_producer
[2025-01-17T14:06:41.668+0000] {logging_mixin.py:190} INFO - [2025-01-17T14:06:41.668+0000] {dag.py:3262} INFO - Creating ORM DAG for dataset_alias_example_alias_consumer
[2025-01-17T14:06:41.670+0000] {logging_mixin.py:190} INFO - [2025-01-17T14:06:41.670+0000] {dag.py:3262} INFO - Creating ORM DAG for dataset_s3_bucket_producer
[2025-01-17T14:06:41.672+0000] {logging_mixin.py:190} INFO - [2025-01-17T14:06:41.672+0000] {dag.py:3262} INFO - Creating ORM DAG for dataset_s3_bucket_consumer
[2025-01-17T14:06:41.685+0000] {logging_mixin.py:190} INFO - [2025-01-17T14:06:41.685+0000] {dag.py:4180} INFO - Setting next_dagrun for dataset_alias_example_alias_consumer to None, run_after=None
[2025-01-17T14:06:41.687+0000] {logging_mixin.py:190} INFO - [2025-01-17T14:06:41.687+0000] {dag.py:4180} INFO - Setting next_dagrun for dataset_alias_example_alias_producer to None, run_after=None
[2025-01-17T14:06:41.688+0000] {logging_mixin.py:190} INFO - [2025-01-17T14:06:41.688+0000] {dag.py:4180} INFO - Setting next_dagrun for dataset_s3_bucket_consumer to None, run_after=None
[2025-01-17T14:06:41.690+0000] {logging_mixin.py:190} INFO - [2025-01-17T14:06:41.689+0000] {dag.py:4180} INFO - Setting next_dagrun for dataset_s3_bucket_producer to None, run_after=None
[2025-01-17T14:06:41.729+0000] {processor.py:208} INFO - Processing /home/airflow/.local/lib/python3.12/site-packages/airflow/example_dags/example_dataset_alias.py took 3.677 seconds
[2025-01-17T14:07:12.588+0000] {processor.py:186} INFO - Started process (PID=157) to work on /home/airflow/.local/lib/python3.12/site-packages/airflow/example_dags/example_dataset_alias.py
[2025-01-17T14:07:12.589+0000] {processor.py:914} INFO - Processing file /home/airflow/.local/lib/python3.12/site-packages/airflow/example_dags/example_dataset_alias.py for tasks to queue
[2025-01-17T14:07:12.593+0000] {logging_mixin.py:190} INFO - [2025-01-17T14:07:12.592+0000] {dagbag.py:588} INFO - Filling up the DagBag from /home/airflow/.local/lib/python3.12/site-packages/airflow/example_dags/example_dataset_alias.py
[2025-01-17T14:07:13.094+0000] {processor.py:925} INFO - DAG(s) 'dataset_s3_bucket_consumer', 'dataset_alias_example_alias_producer', 'dataset_s3_bucket_producer', 'dataset_alias_example_alias_consumer' retrieved from /home/airflow/.local/lib/python3.12/site-packages/airflow/example_dags/example_dataset_alias.py
[2025-01-17T14:07:13.115+0000] {logging_mixin.py:190} INFO - [2025-01-17T14:07:13.114+0000] {dag.py:3239} INFO - Sync 4 DAGs
[2025-01-17T14:07:13.133+0000] {logging_mixin.py:190} INFO - [2025-01-17T14:07:13.133+0000] {dag.py:4180} INFO - Setting next_dagrun for dataset_alias_example_alias_consumer to None, run_after=None
[2025-01-17T14:07:13.135+0000] {logging_mixin.py:190} INFO - [2025-01-17T14:07:13.135+0000] {dag.py:4180} INFO - Setting next_dagrun for dataset_alias_example_alias_producer to None, run_after=None
[2025-01-17T14:07:13.136+0000] {logging_mixin.py:190} INFO - [2025-01-17T14:07:13.136+0000] {dag.py:4180} INFO - Setting next_dagrun for dataset_s3_bucket_consumer to None, run_after=None
[2025-01-17T14:07:13.137+0000] {logging_mixin.py:190} INFO - [2025-01-17T14:07:13.137+0000] {dag.py:4180} INFO - Setting next_dagrun for dataset_s3_bucket_producer to None, run_after=None
[2025-01-17T14:07:13.167+0000] {processor.py:208} INFO - Processing /home/airflow/.local/lib/python3.12/site-packages/airflow/example_dags/example_dataset_alias.py took 0.584 seconds
[2025-01-17T14:07:43.849+0000] {processor.py:186} INFO - Started process (PID=221) to work on /home/airflow/.local/lib/python3.12/site-packages/airflow/example_dags/example_dataset_alias.py
[2025-01-17T14:07:43.850+0000] {processor.py:914} INFO - Processing file /home/airflow/.local/lib/python3.12/site-packages/airflow/example_dags/example_dataset_alias.py for tasks to queue
[2025-01-17T14:07:43.852+0000] {logging_mixin.py:190} INFO - [2025-01-17T14:07:43.852+0000] {dagbag.py:588} INFO - Filling up the DagBag from /home/airflow/.local/lib/python3.12/site-packages/airflow/example_dags/example_dataset_alias.py
[2025-01-17T14:07:44.389+0000] {processor.py:925} INFO - DAG(s) 'dataset_s3_bucket_consumer', 'dataset_s3_bucket_producer', 'dataset_alias_example_alias_producer', 'dataset_alias_example_alias_consumer' retrieved from /home/airflow/.local/lib/python3.12/site-packages/airflow/example_dags/example_dataset_alias.py
[2025-01-17T14:07:44.409+0000] {logging_mixin.py:190} INFO - [2025-01-17T14:07:44.408+0000] {dag.py:3239} INFO - Sync 4 DAGs
[2025-01-17T14:07:44.430+0000] {logging_mixin.py:190} INFO - [2025-01-17T14:07:44.430+0000] {dag.py:4180} INFO - Setting next_dagrun for dataset_alias_example_alias_consumer to None, run_after=None
[2025-01-17T14:07:44.433+0000] {logging_mixin.py:190} INFO - [2025-01-17T14:07:44.433+0000] {dag.py:4180} INFO - Setting next_dagrun for dataset_alias_example_alias_producer to None, run_after=None
[2025-01-17T14:07:44.435+0000] {logging_mixin.py:190} INFO - [2025-01-17T14:07:44.435+0000] {dag.py:4180} INFO - Setting next_dagrun for dataset_s3_bucket_consumer to None, run_after=None
[2025-01-17T14:07:44.437+0000] {logging_mixin.py:190} INFO - [2025-01-17T14:07:44.437+0000] {dag.py:4180} INFO - Setting next_dagrun for dataset_s3_bucket_producer to None, run_after=None
[2025-01-17T14:07:44.469+0000] {processor.py:208} INFO - Processing /home/airflow/.local/lib/python3.12/site-packages/airflow/example_dags/example_dataset_alias.py took 0.626 seconds
[2025-01-17T14:08:15.206+0000] {processor.py:186} INFO - Started process (PID=291) to work on /home/airflow/.local/lib/python3.12/site-packages/airflow/example_dags/example_dataset_alias.py
[2025-01-17T14:08:15.208+0000] {processor.py:914} INFO - Processing file /home/airflow/.local/lib/python3.12/site-packages/airflow/example_dags/example_dataset_alias.py for tasks to queue
[2025-01-17T14:08:15.215+0000] {logging_mixin.py:190} INFO - [2025-01-17T14:08:15.211+0000] {dagbag.py:588} INFO - Filling up the DagBag from /home/airflow/.local/lib/python3.12/site-packages/airflow/example_dags/example_dataset_alias.py
[2025-01-17T14:08:15.994+0000] {processor.py:925} INFO - DAG(s) 'dataset_s3_bucket_consumer', 'dataset_alias_example_alias_consumer', 'dataset_s3_bucket_producer', 'dataset_alias_example_alias_producer' retrieved from /home/airflow/.local/lib/python3.12/site-packages/airflow/example_dags/example_dataset_alias.py
[2025-01-17T14:08:16.044+0000] {logging_mixin.py:190} INFO - [2025-01-17T14:08:16.043+0000] {dag.py:3239} INFO - Sync 4 DAGs
[2025-01-17T14:08:16.078+0000] {logging_mixin.py:190} INFO - [2025-01-17T14:08:16.078+0000] {dag.py:4180} INFO - Setting next_dagrun for dataset_alias_example_alias_consumer to None, run_after=None
[2025-01-17T14:08:16.084+0000] {logging_mixin.py:190} INFO - [2025-01-17T14:08:16.083+0000] {dag.py:4180} INFO - Setting next_dagrun for dataset_alias_example_alias_producer to None, run_after=None
[2025-01-17T14:08:16.088+0000] {logging_mixin.py:190} INFO - [2025-01-17T14:08:16.087+0000] {dag.py:4180} INFO - Setting next_dagrun for dataset_s3_bucket_consumer to None, run_after=None
[2025-01-17T14:08:16.090+0000] {logging_mixin.py:190} INFO - [2025-01-17T14:08:16.090+0000] {dag.py:4180} INFO - Setting next_dagrun for dataset_s3_bucket_producer to None, run_after=None
[2025-01-17T14:08:16.125+0000] {processor.py:208} INFO - Processing /home/airflow/.local/lib/python3.12/site-packages/airflow/example_dags/example_dataset_alias.py took 0.926 seconds
[2025-01-17T14:08:46.717+0000] {processor.py:186} INFO - Started process (PID=355) to work on /home/airflow/.local/lib/python3.12/site-packages/airflow/example_dags/example_dataset_alias.py
[2025-01-17T14:08:46.722+0000] {processor.py:914} INFO - Processing file /home/airflow/.local/lib/python3.12/site-packages/airflow/example_dags/example_dataset_alias.py for tasks to queue
[2025-01-17T14:08:46.729+0000] {logging_mixin.py:190} INFO - [2025-01-17T14:08:46.727+0000] {dagbag.py:588} INFO - Filling up the DagBag from /home/airflow/.local/lib/python3.12/site-packages/airflow/example_dags/example_dataset_alias.py
[2025-01-17T14:08:48.326+0000] {processor.py:925} INFO - DAG(s) 'dataset_s3_bucket_consumer', 'dataset_alias_example_alias_producer', 'dataset_alias_example_alias_consumer', 'dataset_s3_bucket_producer' retrieved from /home/airflow/.local/lib/python3.12/site-packages/airflow/example_dags/example_dataset_alias.py
[2025-01-17T14:08:48.398+0000] {logging_mixin.py:190} INFO - [2025-01-17T14:08:48.397+0000] {dag.py:3239} INFO - Sync 4 DAGs
[2025-01-17T14:08:48.476+0000] {logging_mixin.py:190} INFO - [2025-01-17T14:08:48.476+0000] {dag.py:4180} INFO - Setting next_dagrun for dataset_alias_example_alias_consumer to None, run_after=None
[2025-01-17T14:08:48.482+0000] {logging_mixin.py:190} INFO - [2025-01-17T14:08:48.481+0000] {dag.py:4180} INFO - Setting next_dagrun for dataset_alias_example_alias_producer to None, run_after=None
[2025-01-17T14:08:48.487+0000] {logging_mixin.py:190} INFO - [2025-01-17T14:08:48.487+0000] {dag.py:4180} INFO - Setting next_dagrun for dataset_s3_bucket_consumer to None, run_after=None
[2025-01-17T14:08:48.490+0000] {logging_mixin.py:190} INFO - [2025-01-17T14:08:48.490+0000] {dag.py:4180} INFO - Setting next_dagrun for dataset_s3_bucket_producer to None, run_after=None
[2025-01-17T14:08:48.541+0000] {processor.py:208} INFO - Processing /home/airflow/.local/lib/python3.12/site-packages/airflow/example_dags/example_dataset_alias.py took 1.831 seconds
[2025-01-17T14:09:19.203+0000] {processor.py:186} INFO - Started process (PID=418) to work on /home/airflow/.local/lib/python3.12/site-packages/airflow/example_dags/example_dataset_alias.py
[2025-01-17T14:09:19.206+0000] {processor.py:914} INFO - Processing file /home/airflow/.local/lib/python3.12/site-packages/airflow/example_dags/example_dataset_alias.py for tasks to queue
[2025-01-17T14:09:19.209+0000] {logging_mixin.py:190} INFO - [2025-01-17T14:09:19.208+0000] {dagbag.py:588} INFO - Filling up the DagBag from /home/airflow/.local/lib/python3.12/site-packages/airflow/example_dags/example_dataset_alias.py
[2025-01-17T14:09:19.792+0000] {processor.py:925} INFO - DAG(s) 'dataset_s3_bucket_producer', 'dataset_alias_example_alias_producer', 'dataset_s3_bucket_consumer', 'dataset_alias_example_alias_consumer' retrieved from /home/airflow/.local/lib/python3.12/site-packages/airflow/example_dags/example_dataset_alias.py
[2025-01-17T14:09:19.813+0000] {logging_mixin.py:190} INFO - [2025-01-17T14:09:19.813+0000] {dag.py:3239} INFO - Sync 4 DAGs
[2025-01-17T14:09:19.835+0000] {logging_mixin.py:190} INFO - [2025-01-17T14:09:19.834+0000] {dag.py:4180} INFO - Setting next_dagrun for dataset_alias_example_alias_consumer to None, run_after=None
[2025-01-17T14:09:19.840+0000] {logging_mixin.py:190} INFO - [2025-01-17T14:09:19.840+0000] {dag.py:4180} INFO - Setting next_dagrun for dataset_alias_example_alias_producer to None, run_after=None
[2025-01-17T14:09:19.842+0000] {logging_mixin.py:190} INFO - [2025-01-17T14:09:19.842+0000] {dag.py:4180} INFO - Setting next_dagrun for dataset_s3_bucket_consumer to None, run_after=None
[2025-01-17T14:09:19.843+0000] {logging_mixin.py:190} INFO - [2025-01-17T14:09:19.843+0000] {dag.py:4180} INFO - Setting next_dagrun for dataset_s3_bucket_producer to None, run_after=None
[2025-01-17T14:09:19.865+0000] {processor.py:208} INFO - Processing /home/airflow/.local/lib/python3.12/site-packages/airflow/example_dags/example_dataset_alias.py took 0.667 seconds
[2025-01-17T14:09:50.576+0000] {processor.py:186} INFO - Started process (PID=481) to work on /home/airflow/.local/lib/python3.12/site-packages/airflow/example_dags/example_dataset_alias.py
[2025-01-17T14:09:50.578+0000] {processor.py:914} INFO - Processing file /home/airflow/.local/lib/python3.12/site-packages/airflow/example_dags/example_dataset_alias.py for tasks to queue
[2025-01-17T14:09:50.582+0000] {logging_mixin.py:190} INFO - [2025-01-17T14:09:50.581+0000] {dagbag.py:588} INFO - Filling up the DagBag from /home/airflow/.local/lib/python3.12/site-packages/airflow/example_dags/example_dataset_alias.py
[2025-01-17T14:09:51.143+0000] {processor.py:925} INFO - DAG(s) 'dataset_s3_bucket_consumer', 'dataset_alias_example_alias_producer', 'dataset_s3_bucket_producer', 'dataset_alias_example_alias_consumer' retrieved from /home/airflow/.local/lib/python3.12/site-packages/airflow/example_dags/example_dataset_alias.py
[2025-01-17T14:09:51.163+0000] {logging_mixin.py:190} INFO - [2025-01-17T14:09:51.162+0000] {dag.py:3239} INFO - Sync 4 DAGs
[2025-01-17T14:09:51.195+0000] {logging_mixin.py:190} INFO - [2025-01-17T14:09:51.195+0000] {dag.py:4180} INFO - Setting next_dagrun for dataset_alias_example_alias_consumer to None, run_after=None
[2025-01-17T14:09:51.198+0000] {logging_mixin.py:190} INFO - [2025-01-17T14:09:51.198+0000] {dag.py:4180} INFO - Setting next_dagrun for dataset_alias_example_alias_producer to None, run_after=None
[2025-01-17T14:09:51.201+0000] {logging_mixin.py:190} INFO - [2025-01-17T14:09:51.201+0000] {dag.py:4180} INFO - Setting next_dagrun for dataset_s3_bucket_consumer to None, run_after=None
[2025-01-17T14:09:51.203+0000] {logging_mixin.py:190} INFO - [2025-01-17T14:09:51.203+0000] {dag.py:4180} INFO - Setting next_dagrun for dataset_s3_bucket_producer to None, run_after=None
[2025-01-17T14:09:51.227+0000] {processor.py:208} INFO - Processing /home/airflow/.local/lib/python3.12/site-packages/airflow/example_dags/example_dataset_alias.py took 0.657 seconds
[2025-01-17T14:10:21.899+0000] {processor.py:186} INFO - Started process (PID=544) to work on /home/airflow/.local/lib/python3.12/site-packages/airflow/example_dags/example_dataset_alias.py
[2025-01-17T14:10:21.900+0000] {processor.py:914} INFO - Processing file /home/airflow/.local/lib/python3.12/site-packages/airflow/example_dags/example_dataset_alias.py for tasks to queue
[2025-01-17T14:10:21.902+0000] {logging_mixin.py:190} INFO - [2025-01-17T14:10:21.901+0000] {dagbag.py:588} INFO - Filling up the DagBag from /home/airflow/.local/lib/python3.12/site-packages/airflow/example_dags/example_dataset_alias.py
[2025-01-17T14:10:22.486+0000] {processor.py:925} INFO - DAG(s) 'dataset_alias_example_alias_consumer', 'dataset_s3_bucket_producer', 'dataset_alias_example_alias_producer', 'dataset_s3_bucket_consumer' retrieved from /home/airflow/.local/lib/python3.12/site-packages/airflow/example_dags/example_dataset_alias.py
[2025-01-17T14:10:22.507+0000] {logging_mixin.py:190} INFO - [2025-01-17T14:10:22.506+0000] {dag.py:3239} INFO - Sync 4 DAGs
[2025-01-17T14:10:22.534+0000] {logging_mixin.py:190} INFO - [2025-01-17T14:10:22.533+0000] {dag.py:4180} INFO - Setting next_dagrun for dataset_alias_example_alias_consumer to None, run_after=None
[2025-01-17T14:10:22.536+0000] {logging_mixin.py:190} INFO - [2025-01-17T14:10:22.536+0000] {dag.py:4180} INFO - Setting next_dagrun for dataset_alias_example_alias_producer to None, run_after=None
[2025-01-17T14:10:22.539+0000] {logging_mixin.py:190} INFO - [2025-01-17T14:10:22.538+0000] {dag.py:4180} INFO - Setting next_dagrun for dataset_s3_bucket_consumer to None, run_after=None
[2025-01-17T14:10:22.540+0000] {logging_mixin.py:190} INFO - [2025-01-17T14:10:22.540+0000] {dag.py:4180} INFO - Setting next_dagrun for dataset_s3_bucket_producer to None, run_after=None
[2025-01-17T14:10:22.567+0000] {processor.py:208} INFO - Processing /home/airflow/.local/lib/python3.12/site-packages/airflow/example_dags/example_dataset_alias.py took 0.675 seconds
[2025-01-17T14:10:53.101+0000] {processor.py:186} INFO - Started process (PID=607) to work on /home/airflow/.local/lib/python3.12/site-packages/airflow/example_dags/example_dataset_alias.py
[2025-01-17T14:10:53.102+0000] {processor.py:914} INFO - Processing file /home/airflow/.local/lib/python3.12/site-packages/airflow/example_dags/example_dataset_alias.py for tasks to queue
[2025-01-17T14:10:53.105+0000] {logging_mixin.py:190} INFO - [2025-01-17T14:10:53.105+0000] {dagbag.py:588} INFO - Filling up the DagBag from /home/airflow/.local/lib/python3.12/site-packages/airflow/example_dags/example_dataset_alias.py
[2025-01-17T14:10:53.700+0000] {processor.py:925} INFO - DAG(s) 'dataset_s3_bucket_consumer', 'dataset_alias_example_alias_producer', 'dataset_s3_bucket_producer', 'dataset_alias_example_alias_consumer' retrieved from /home/airflow/.local/lib/python3.12/site-packages/airflow/example_dags/example_dataset_alias.py
[2025-01-17T14:10:53.731+0000] {logging_mixin.py:190} INFO - [2025-01-17T14:10:53.730+0000] {dag.py:3239} INFO - Sync 4 DAGs
[2025-01-17T14:10:53.756+0000] {logging_mixin.py:190} INFO - [2025-01-17T14:10:53.756+0000] {dag.py:4180} INFO - Setting next_dagrun for dataset_alias_example_alias_consumer to None, run_after=None
[2025-01-17T14:10:53.759+0000] {logging_mixin.py:190} INFO - [2025-01-17T14:10:53.759+0000] {dag.py:4180} INFO - Setting next_dagrun for dataset_alias_example_alias_producer to None, run_after=None
[2025-01-17T14:10:53.761+0000] {logging_mixin.py:190} INFO - [2025-01-17T14:10:53.761+0000] {dag.py:4180} INFO - Setting next_dagrun for dataset_s3_bucket_consumer to None, run_after=None
[2025-01-17T14:10:53.762+0000] {logging_mixin.py:190} INFO - [2025-01-17T14:10:53.762+0000] {dag.py:4180} INFO - Setting next_dagrun for dataset_s3_bucket_producer to None, run_after=None
[2025-01-17T14:10:53.784+0000] {processor.py:208} INFO - Processing /home/airflow/.local/lib/python3.12/site-packages/airflow/example_dags/example_dataset_alias.py took 0.689 seconds
[2025-01-17T14:11:24.610+0000] {processor.py:186} INFO - Started process (PID=670) to work on /home/airflow/.local/lib/python3.12/site-packages/airflow/example_dags/example_dataset_alias.py
[2025-01-17T14:11:24.612+0000] {processor.py:914} INFO - Processing file /home/airflow/.local/lib/python3.12/site-packages/airflow/example_dags/example_dataset_alias.py for tasks to queue
[2025-01-17T14:11:24.614+0000] {logging_mixin.py:190} INFO - [2025-01-17T14:11:24.614+0000] {dagbag.py:588} INFO - Filling up the DagBag from /home/airflow/.local/lib/python3.12/site-packages/airflow/example_dags/example_dataset_alias.py
[2025-01-17T14:11:25.182+0000] {processor.py:925} INFO - DAG(s) 'dataset_s3_bucket_producer', 'dataset_s3_bucket_consumer', 'dataset_alias_example_alias_consumer', 'dataset_alias_example_alias_producer' retrieved from /home/airflow/.local/lib/python3.12/site-packages/airflow/example_dags/example_dataset_alias.py
[2025-01-17T14:11:25.213+0000] {logging_mixin.py:190} INFO - [2025-01-17T14:11:25.212+0000] {dag.py:3239} INFO - Sync 4 DAGs
[2025-01-17T14:11:25.240+0000] {logging_mixin.py:190} INFO - [2025-01-17T14:11:25.240+0000] {dag.py:4180} INFO - Setting next_dagrun for dataset_alias_example_alias_consumer to None, run_after=None
[2025-01-17T14:11:25.244+0000] {logging_mixin.py:190} INFO - [2025-01-17T14:11:25.244+0000] {dag.py:4180} INFO - Setting next_dagrun for dataset_alias_example_alias_producer to None, run_after=None
[2025-01-17T14:11:25.246+0000] {logging_mixin.py:190} INFO - [2025-01-17T14:11:25.246+0000] {dag.py:4180} INFO - Setting next_dagrun for dataset_s3_bucket_consumer to None, run_after=None
[2025-01-17T14:11:25.248+0000] {logging_mixin.py:190} INFO - [2025-01-17T14:11:25.248+0000] {dag.py:4180} INFO - Setting next_dagrun for dataset_s3_bucket_producer to None, run_after=None
[2025-01-17T14:11:25.279+0000] {processor.py:208} INFO - Processing /home/airflow/.local/lib/python3.12/site-packages/airflow/example_dags/example_dataset_alias.py took 0.674 seconds
[2025-01-17T14:11:55.397+0000] {processor.py:186} INFO - Started process (PID=734) to work on /home/airflow/.local/lib/python3.12/site-packages/airflow/example_dags/example_dataset_alias.py
[2025-01-17T14:11:55.398+0000] {processor.py:914} INFO - Processing file /home/airflow/.local/lib/python3.12/site-packages/airflow/example_dags/example_dataset_alias.py for tasks to queue
[2025-01-17T14:11:55.400+0000] {logging_mixin.py:190} INFO - [2025-01-17T14:11:55.400+0000] {dagbag.py:588} INFO - Filling up the DagBag from /home/airflow/.local/lib/python3.12/site-packages/airflow/example_dags/example_dataset_alias.py
[2025-01-17T14:11:56.089+0000] {processor.py:925} INFO - DAG(s) 'dataset_alias_example_alias_consumer', 'dataset_s3_bucket_consumer', 'dataset_s3_bucket_producer', 'dataset_alias_example_alias_producer' retrieved from /home/airflow/.local/lib/python3.12/site-packages/airflow/example_dags/example_dataset_alias.py
[2025-01-17T14:11:56.121+0000] {logging_mixin.py:190} INFO - [2025-01-17T14:11:56.120+0000] {dag.py:3239} INFO - Sync 4 DAGs
[2025-01-17T14:11:56.150+0000] {logging_mixin.py:190} INFO - [2025-01-17T14:11:56.150+0000] {dag.py:4180} INFO - Setting next_dagrun for dataset_alias_example_alias_consumer to None, run_after=None
[2025-01-17T14:11:56.153+0000] {logging_mixin.py:190} INFO - [2025-01-17T14:11:56.153+0000] {dag.py:4180} INFO - Setting next_dagrun for dataset_alias_example_alias_producer to None, run_after=None
[2025-01-17T14:11:56.156+0000] {logging_mixin.py:190} INFO - [2025-01-17T14:11:56.155+0000] {dag.py:4180} INFO - Setting next_dagrun for dataset_s3_bucket_consumer to None, run_after=None
[2025-01-17T14:11:56.159+0000] {logging_mixin.py:190} INFO - [2025-01-17T14:11:56.158+0000] {dag.py:4180} INFO - Setting next_dagrun for dataset_s3_bucket_producer to None, run_after=None
[2025-01-17T14:11:56.184+0000] {processor.py:208} INFO - Processing /home/airflow/.local/lib/python3.12/site-packages/airflow/example_dags/example_dataset_alias.py took 0.795 seconds
[2025-01-17T14:12:27.139+0000] {processor.py:186} INFO - Started process (PID=797) to work on /home/airflow/.local/lib/python3.12/site-packages/airflow/example_dags/example_dataset_alias.py
[2025-01-17T14:12:27.140+0000] {processor.py:914} INFO - Processing file /home/airflow/.local/lib/python3.12/site-packages/airflow/example_dags/example_dataset_alias.py for tasks to queue
[2025-01-17T14:12:27.142+0000] {logging_mixin.py:190} INFO - [2025-01-17T14:12:27.142+0000] {dagbag.py:588} INFO - Filling up the DagBag from /home/airflow/.local/lib/python3.12/site-packages/airflow/example_dags/example_dataset_alias.py
[2025-01-17T14:12:27.761+0000] {processor.py:925} INFO - DAG(s) 'dataset_alias_example_alias_consumer', 'dataset_s3_bucket_producer', 'dataset_s3_bucket_consumer', 'dataset_alias_example_alias_producer' retrieved from /home/airflow/.local/lib/python3.12/site-packages/airflow/example_dags/example_dataset_alias.py
[2025-01-17T14:12:27.784+0000] {logging_mixin.py:190} INFO - [2025-01-17T14:12:27.784+0000] {dag.py:3239} INFO - Sync 4 DAGs
[2025-01-17T14:12:27.805+0000] {logging_mixin.py:190} INFO - [2025-01-17T14:12:27.805+0000] {dag.py:4180} INFO - Setting next_dagrun for dataset_alias_example_alias_consumer to None, run_after=None
[2025-01-17T14:12:27.808+0000] {logging_mixin.py:190} INFO - [2025-01-17T14:12:27.808+0000] {dag.py:4180} INFO - Setting next_dagrun for dataset_alias_example_alias_producer to None, run_after=None
[2025-01-17T14:12:27.810+0000] {logging_mixin.py:190} INFO - [2025-01-17T14:12:27.810+0000] {dag.py:4180} INFO - Setting next_dagrun for dataset_s3_bucket_consumer to None, run_after=None
[2025-01-17T14:12:27.813+0000] {logging_mixin.py:190} INFO - [2025-01-17T14:12:27.813+0000] {dag.py:4180} INFO - Setting next_dagrun for dataset_s3_bucket_producer to None, run_after=None
[2025-01-17T14:12:27.838+0000] {processor.py:208} INFO - Processing /home/airflow/.local/lib/python3.12/site-packages/airflow/example_dags/example_dataset_alias.py took 0.704 seconds
[2025-01-17T14:12:58.623+0000] {processor.py:186} INFO - Started process (PID=860) to work on /home/airflow/.local/lib/python3.12/site-packages/airflow/example_dags/example_dataset_alias.py
[2025-01-17T14:12:58.625+0000] {processor.py:914} INFO - Processing file /home/airflow/.local/lib/python3.12/site-packages/airflow/example_dags/example_dataset_alias.py for tasks to queue
[2025-01-17T14:12:58.627+0000] {logging_mixin.py:190} INFO - [2025-01-17T14:12:58.627+0000] {dagbag.py:588} INFO - Filling up the DagBag from /home/airflow/.local/lib/python3.12/site-packages/airflow/example_dags/example_dataset_alias.py
[2025-01-17T14:12:59.203+0000] {processor.py:925} INFO - DAG(s) 'dataset_s3_bucket_consumer', 'dataset_s3_bucket_producer', 'dataset_alias_example_alias_consumer', 'dataset_alias_example_alias_producer' retrieved from /home/airflow/.local/lib/python3.12/site-packages/airflow/example_dags/example_dataset_alias.py
[2025-01-17T14:12:59.229+0000] {logging_mixin.py:190} INFO - [2025-01-17T14:12:59.228+0000] {dag.py:3239} INFO - Sync 4 DAGs
[2025-01-17T14:12:59.262+0000] {logging_mixin.py:190} INFO - [2025-01-17T14:12:59.262+0000] {dag.py:4180} INFO - Setting next_dagrun for dataset_alias_example_alias_consumer to None, run_after=None
[2025-01-17T14:12:59.265+0000] {logging_mixin.py:190} INFO - [2025-01-17T14:12:59.265+0000] {dag.py:4180} INFO - Setting next_dagrun for dataset_alias_example_alias_producer to None, run_after=None
[2025-01-17T14:12:59.267+0000] {logging_mixin.py:190} INFO - [2025-01-17T14:12:59.267+0000] {dag.py:4180} INFO - Setting next_dagrun for dataset_s3_bucket_consumer to None, run_after=None
[2025-01-17T14:12:59.269+0000] {logging_mixin.py:190} INFO - [2025-01-17T14:12:59.269+0000] {dag.py:4180} INFO - Setting next_dagrun for dataset_s3_bucket_producer to None, run_after=None
[2025-01-17T14:12:59.296+0000] {processor.py:208} INFO - Processing /home/airflow/.local/lib/python3.12/site-packages/airflow/example_dags/example_dataset_alias.py took 0.679 seconds
[2025-01-17T14:13:29.809+0000] {processor.py:186} INFO - Started process (PID=923) to work on /home/airflow/.local/lib/python3.12/site-packages/airflow/example_dags/example_dataset_alias.py
[2025-01-17T14:13:29.810+0000] {processor.py:914} INFO - Processing file /home/airflow/.local/lib/python3.12/site-packages/airflow/example_dags/example_dataset_alias.py for tasks to queue
[2025-01-17T14:13:29.814+0000] {logging_mixin.py:190} INFO - [2025-01-17T14:13:29.813+0000] {dagbag.py:588} INFO - Filling up the DagBag from /home/airflow/.local/lib/python3.12/site-packages/airflow/example_dags/example_dataset_alias.py
[2025-01-17T14:13:30.713+0000] {processor.py:925} INFO - DAG(s) 'dataset_s3_bucket_consumer', 'dataset_s3_bucket_producer', 'dataset_alias_example_alias_consumer', 'dataset_alias_example_alias_producer' retrieved from /home/airflow/.local/lib/python3.12/site-packages/airflow/example_dags/example_dataset_alias.py
[2025-01-17T14:13:30.746+0000] {logging_mixin.py:190} INFO - [2025-01-17T14:13:30.745+0000] {dag.py:3239} INFO - Sync 4 DAGs
[2025-01-17T14:13:30.778+0000] {logging_mixin.py:190} INFO - [2025-01-17T14:13:30.777+0000] {dag.py:4180} INFO - Setting next_dagrun for dataset_alias_example_alias_consumer to None, run_after=None
[2025-01-17T14:13:30.782+0000] {logging_mixin.py:190} INFO - [2025-01-17T14:13:30.782+0000] {dag.py:4180} INFO - Setting next_dagrun for dataset_alias_example_alias_producer to None, run_after=None
[2025-01-17T14:13:30.786+0000] {logging_mixin.py:190} INFO - [2025-01-17T14:13:30.785+0000] {dag.py:4180} INFO - Setting next_dagrun for dataset_s3_bucket_consumer to None, run_after=None
[2025-01-17T14:13:30.789+0000] {logging_mixin.py:190} INFO - [2025-01-17T14:13:30.789+0000] {dag.py:4180} INFO - Setting next_dagrun for dataset_s3_bucket_producer to None, run_after=None
[2025-01-17T14:13:30.827+0000] {processor.py:208} INFO - Processing /home/airflow/.local/lib/python3.12/site-packages/airflow/example_dags/example_dataset_alias.py took 1.027 seconds
[2025-01-17T14:14:01.083+0000] {processor.py:186} INFO - Started process (PID=987) to work on /home/airflow/.local/lib/python3.12/site-packages/airflow/example_dags/example_dataset_alias.py
[2025-01-17T14:14:01.084+0000] {processor.py:914} INFO - Processing file /home/airflow/.local/lib/python3.12/site-packages/airflow/example_dags/example_dataset_alias.py for tasks to queue
[2025-01-17T14:14:01.087+0000] {logging_mixin.py:190} INFO - [2025-01-17T14:14:01.086+0000] {dagbag.py:588} INFO - Filling up the DagBag from /home/airflow/.local/lib/python3.12/site-packages/airflow/example_dags/example_dataset_alias.py
[2025-01-17T14:14:01.604+0000] {processor.py:925} INFO - DAG(s) 'dataset_alias_example_alias_producer', 'dataset_alias_example_alias_consumer', 'dataset_s3_bucket_producer', 'dataset_s3_bucket_consumer' retrieved from /home/airflow/.local/lib/python3.12/site-packages/airflow/example_dags/example_dataset_alias.py
[2025-01-17T14:14:01.624+0000] {logging_mixin.py:190} INFO - [2025-01-17T14:14:01.623+0000] {dag.py:3239} INFO - Sync 4 DAGs
[2025-01-17T14:14:01.643+0000] {logging_mixin.py:190} INFO - [2025-01-17T14:14:01.643+0000] {dag.py:4180} INFO - Setting next_dagrun for dataset_alias_example_alias_consumer to None, run_after=None
[2025-01-17T14:14:01.646+0000] {logging_mixin.py:190} INFO - [2025-01-17T14:14:01.646+0000] {dag.py:4180} INFO - Setting next_dagrun for dataset_alias_example_alias_producer to None, run_after=None
[2025-01-17T14:14:01.647+0000] {logging_mixin.py:190} INFO - [2025-01-17T14:14:01.647+0000] {dag.py:4180} INFO - Setting next_dagrun for dataset_s3_bucket_consumer to None, run_after=None
[2025-01-17T14:14:01.649+0000] {logging_mixin.py:190} INFO - [2025-01-17T14:14:01.649+0000] {dag.py:4180} INFO - Setting next_dagrun for dataset_s3_bucket_producer to None, run_after=None
[2025-01-17T14:14:01.679+0000] {processor.py:208} INFO - Processing /home/airflow/.local/lib/python3.12/site-packages/airflow/example_dags/example_dataset_alias.py took 0.602 seconds
