[2025-01-17T14:06:45.294+0000] {processor.py:186} INFO - Started process (PID=114) to work on /home/airflow/.local/lib/python3.12/site-packages/airflow/example_dags/example_complex.py
[2025-01-17T14:06:45.297+0000] {processor.py:914} INFO - Processing file /home/airflow/.local/lib/python3.12/site-packages/airflow/example_dags/example_complex.py for tasks to queue
[2025-01-17T14:06:45.303+0000] {logging_mixin.py:190} INFO - [2025-01-17T14:06:45.302+0000] {dagbag.py:588} INFO - Filling up the DagBag from /home/airflow/.local/lib/python3.12/site-packages/airflow/example_dags/example_complex.py
[2025-01-17T14:06:45.336+0000] {processor.py:925} INFO - DAG(s) 'example_complex' retrieved from /home/airflow/.local/lib/python3.12/site-packages/airflow/example_dags/example_complex.py
[2025-01-17T14:06:45.576+0000] {logging_mixin.py:190} INFO - [2025-01-17T14:06:45.575+0000] {override.py:1911} INFO - Created Permission View: can read on DAG:example_complex
[2025-01-17T14:06:45.594+0000] {logging_mixin.py:190} INFO - [2025-01-17T14:06:45.593+0000] {override.py:1911} INFO - Created Permission View: can delete on DAG:example_complex
[2025-01-17T14:06:45.607+0000] {logging_mixin.py:190} INFO - [2025-01-17T14:06:45.607+0000] {override.py:1911} INFO - Created Permission View: can edit on DAG:example_complex
[2025-01-17T14:06:45.640+0000] {logging_mixin.py:190} INFO - [2025-01-17T14:06:45.640+0000] {override.py:1911} INFO - Created Permission View: menu access on DAG Run:example_complex
[2025-01-17T14:06:45.668+0000] {logging_mixin.py:190} INFO - [2025-01-17T14:06:45.668+0000] {override.py:1911} INFO - Created Permission View: can read on DAG Run:example_complex
[2025-01-17T14:06:45.722+0000] {logging_mixin.py:190} INFO - [2025-01-17T14:06:45.722+0000] {override.py:1911} INFO - Created Permission View: can delete on DAG Run:example_complex
[2025-01-17T14:06:45.741+0000] {logging_mixin.py:190} INFO - [2025-01-17T14:06:45.740+0000] {override.py:1911} INFO - Created Permission View: can create on DAG Run:example_complex
[2025-01-17T14:06:45.742+0000] {logging_mixin.py:190} INFO - [2025-01-17T14:06:45.742+0000] {dag.py:3239} INFO - Sync 1 DAGs
[2025-01-17T14:06:45.766+0000] {logging_mixin.py:190} INFO - [2025-01-17T14:06:45.765+0000] {dag.py:3262} INFO - Creating ORM DAG for example_complex
[2025-01-17T14:06:45.768+0000] {logging_mixin.py:190} INFO - [2025-01-17T14:06:45.768+0000] {dag.py:4180} INFO - Setting next_dagrun for example_complex to None, run_after=None
[2025-01-17T14:06:45.800+0000] {processor.py:208} INFO - Processing /home/airflow/.local/lib/python3.12/site-packages/airflow/example_dags/example_complex.py took 0.514 seconds
[2025-01-17T14:07:16.695+0000] {processor.py:186} INFO - Started process (PID=177) to work on /home/airflow/.local/lib/python3.12/site-packages/airflow/example_dags/example_complex.py
[2025-01-17T14:07:16.696+0000] {processor.py:914} INFO - Processing file /home/airflow/.local/lib/python3.12/site-packages/airflow/example_dags/example_complex.py for tasks to queue
[2025-01-17T14:07:16.698+0000] {logging_mixin.py:190} INFO - [2025-01-17T14:07:16.698+0000] {dagbag.py:588} INFO - Filling up the DagBag from /home/airflow/.local/lib/python3.12/site-packages/airflow/example_dags/example_complex.py
[2025-01-17T14:07:16.709+0000] {processor.py:925} INFO - DAG(s) 'example_complex' retrieved from /home/airflow/.local/lib/python3.12/site-packages/airflow/example_dags/example_complex.py
[2025-01-17T14:07:16.737+0000] {logging_mixin.py:190} INFO - [2025-01-17T14:07:16.736+0000] {dag.py:3239} INFO - Sync 1 DAGs
[2025-01-17T14:07:16.749+0000] {logging_mixin.py:190} INFO - [2025-01-17T14:07:16.749+0000] {dag.py:4180} INFO - Setting next_dagrun for example_complex to None, run_after=None
[2025-01-17T14:07:16.778+0000] {processor.py:208} INFO - Processing /home/airflow/.local/lib/python3.12/site-packages/airflow/example_dags/example_complex.py took 0.088 seconds
[2025-01-17T14:07:47.393+0000] {processor.py:186} INFO - Started process (PID=240) to work on /home/airflow/.local/lib/python3.12/site-packages/airflow/example_dags/example_complex.py
[2025-01-17T14:07:47.394+0000] {processor.py:914} INFO - Processing file /home/airflow/.local/lib/python3.12/site-packages/airflow/example_dags/example_complex.py for tasks to queue
[2025-01-17T14:07:47.396+0000] {logging_mixin.py:190} INFO - [2025-01-17T14:07:47.396+0000] {dagbag.py:588} INFO - Filling up the DagBag from /home/airflow/.local/lib/python3.12/site-packages/airflow/example_dags/example_complex.py
[2025-01-17T14:07:47.406+0000] {processor.py:925} INFO - DAG(s) 'example_complex' retrieved from /home/airflow/.local/lib/python3.12/site-packages/airflow/example_dags/example_complex.py
[2025-01-17T14:07:47.433+0000] {logging_mixin.py:190} INFO - [2025-01-17T14:07:47.432+0000] {dag.py:3239} INFO - Sync 1 DAGs
[2025-01-17T14:07:47.446+0000] {logging_mixin.py:190} INFO - [2025-01-17T14:07:47.446+0000] {dag.py:4180} INFO - Setting next_dagrun for example_complex to None, run_after=None
[2025-01-17T14:07:47.469+0000] {processor.py:208} INFO - Processing /home/airflow/.local/lib/python3.12/site-packages/airflow/example_dags/example_complex.py took 0.082 seconds
[2025-01-17T14:08:17.675+0000] {processor.py:186} INFO - Started process (PID=304) to work on /home/airflow/.local/lib/python3.12/site-packages/airflow/example_dags/example_complex.py
[2025-01-17T14:08:17.681+0000] {processor.py:914} INFO - Processing file /home/airflow/.local/lib/python3.12/site-packages/airflow/example_dags/example_complex.py for tasks to queue
[2025-01-17T14:08:17.692+0000] {logging_mixin.py:190} INFO - [2025-01-17T14:08:17.689+0000] {dagbag.py:588} INFO - Filling up the DagBag from /home/airflow/.local/lib/python3.12/site-packages/airflow/example_dags/example_complex.py
[2025-01-17T14:08:17.720+0000] {processor.py:925} INFO - DAG(s) 'example_complex' retrieved from /home/airflow/.local/lib/python3.12/site-packages/airflow/example_dags/example_complex.py
[2025-01-17T14:08:17.773+0000] {logging_mixin.py:190} INFO - [2025-01-17T14:08:17.772+0000] {dag.py:3239} INFO - Sync 1 DAGs
[2025-01-17T14:08:17.792+0000] {logging_mixin.py:190} INFO - [2025-01-17T14:08:17.791+0000] {dag.py:4180} INFO - Setting next_dagrun for example_complex to None, run_after=None
[2025-01-17T14:08:17.822+0000] {processor.py:208} INFO - Processing /home/airflow/.local/lib/python3.12/site-packages/airflow/example_dags/example_complex.py took 0.155 seconds
[2025-01-17T14:08:50.491+0000] {processor.py:186} INFO - Started process (PID=368) to work on /home/airflow/.local/lib/python3.12/site-packages/airflow/example_dags/example_complex.py
[2025-01-17T14:08:50.493+0000] {processor.py:914} INFO - Processing file /home/airflow/.local/lib/python3.12/site-packages/airflow/example_dags/example_complex.py for tasks to queue
[2025-01-17T14:08:50.505+0000] {logging_mixin.py:190} INFO - [2025-01-17T14:08:50.504+0000] {dagbag.py:588} INFO - Filling up the DagBag from /home/airflow/.local/lib/python3.12/site-packages/airflow/example_dags/example_complex.py
[2025-01-17T14:08:50.530+0000] {processor.py:925} INFO - DAG(s) 'example_complex' retrieved from /home/airflow/.local/lib/python3.12/site-packages/airflow/example_dags/example_complex.py
[2025-01-17T14:08:50.603+0000] {logging_mixin.py:190} INFO - [2025-01-17T14:08:50.602+0000] {dag.py:3239} INFO - Sync 1 DAGs
[2025-01-17T14:08:50.635+0000] {logging_mixin.py:190} INFO - [2025-01-17T14:08:50.634+0000] {dag.py:4180} INFO - Setting next_dagrun for example_complex to None, run_after=None
[2025-01-17T14:08:50.710+0000] {processor.py:208} INFO - Processing /home/airflow/.local/lib/python3.12/site-packages/airflow/example_dags/example_complex.py took 0.231 seconds
[2025-01-17T14:09:20.818+0000] {processor.py:186} INFO - Started process (PID=431) to work on /home/airflow/.local/lib/python3.12/site-packages/airflow/example_dags/example_complex.py
[2025-01-17T14:09:20.820+0000] {processor.py:914} INFO - Processing file /home/airflow/.local/lib/python3.12/site-packages/airflow/example_dags/example_complex.py for tasks to queue
[2025-01-17T14:09:20.823+0000] {logging_mixin.py:190} INFO - [2025-01-17T14:09:20.823+0000] {dagbag.py:588} INFO - Filling up the DagBag from /home/airflow/.local/lib/python3.12/site-packages/airflow/example_dags/example_complex.py
[2025-01-17T14:09:20.838+0000] {processor.py:925} INFO - DAG(s) 'example_complex' retrieved from /home/airflow/.local/lib/python3.12/site-packages/airflow/example_dags/example_complex.py
[2025-01-17T14:09:20.866+0000] {logging_mixin.py:190} INFO - [2025-01-17T14:09:20.866+0000] {dag.py:3239} INFO - Sync 1 DAGs
[2025-01-17T14:09:20.879+0000] {logging_mixin.py:190} INFO - [2025-01-17T14:09:20.879+0000] {dag.py:4180} INFO - Setting next_dagrun for example_complex to None, run_after=None
[2025-01-17T14:09:20.897+0000] {processor.py:208} INFO - Processing /home/airflow/.local/lib/python3.12/site-packages/airflow/example_dags/example_complex.py took 0.086 seconds
[2025-01-17T14:09:52.220+0000] {processor.py:186} INFO - Started process (PID=494) to work on /home/airflow/.local/lib/python3.12/site-packages/airflow/example_dags/example_complex.py
[2025-01-17T14:09:52.222+0000] {processor.py:914} INFO - Processing file /home/airflow/.local/lib/python3.12/site-packages/airflow/example_dags/example_complex.py for tasks to queue
[2025-01-17T14:09:52.226+0000] {logging_mixin.py:190} INFO - [2025-01-17T14:09:52.226+0000] {dagbag.py:588} INFO - Filling up the DagBag from /home/airflow/.local/lib/python3.12/site-packages/airflow/example_dags/example_complex.py
[2025-01-17T14:09:52.239+0000] {processor.py:925} INFO - DAG(s) 'example_complex' retrieved from /home/airflow/.local/lib/python3.12/site-packages/airflow/example_dags/example_complex.py
[2025-01-17T14:09:52.269+0000] {logging_mixin.py:190} INFO - [2025-01-17T14:09:52.269+0000] {dag.py:3239} INFO - Sync 1 DAGs
[2025-01-17T14:09:52.282+0000] {logging_mixin.py:190} INFO - [2025-01-17T14:09:52.282+0000] {dag.py:4180} INFO - Setting next_dagrun for example_complex to None, run_after=None
[2025-01-17T14:09:52.302+0000] {processor.py:208} INFO - Processing /home/airflow/.local/lib/python3.12/site-packages/airflow/example_dags/example_complex.py took 0.086 seconds
[2025-01-17T14:10:23.574+0000] {processor.py:186} INFO - Started process (PID=557) to work on /home/airflow/.local/lib/python3.12/site-packages/airflow/example_dags/example_complex.py
[2025-01-17T14:10:23.576+0000] {processor.py:914} INFO - Processing file /home/airflow/.local/lib/python3.12/site-packages/airflow/example_dags/example_complex.py for tasks to queue
[2025-01-17T14:10:23.581+0000] {logging_mixin.py:190} INFO - [2025-01-17T14:10:23.580+0000] {dagbag.py:588} INFO - Filling up the DagBag from /home/airflow/.local/lib/python3.12/site-packages/airflow/example_dags/example_complex.py
[2025-01-17T14:10:23.591+0000] {processor.py:925} INFO - DAG(s) 'example_complex' retrieved from /home/airflow/.local/lib/python3.12/site-packages/airflow/example_dags/example_complex.py
[2025-01-17T14:10:23.629+0000] {logging_mixin.py:190} INFO - [2025-01-17T14:10:23.628+0000] {dag.py:3239} INFO - Sync 1 DAGs
[2025-01-17T14:10:23.641+0000] {logging_mixin.py:190} INFO - [2025-01-17T14:10:23.641+0000] {dag.py:4180} INFO - Setting next_dagrun for example_complex to None, run_after=None
[2025-01-17T14:10:23.672+0000] {processor.py:208} INFO - Processing /home/airflow/.local/lib/python3.12/site-packages/airflow/example_dags/example_complex.py took 0.102 seconds
[2025-01-17T14:10:55.192+0000] {processor.py:186} INFO - Started process (PID=620) to work on /home/airflow/.local/lib/python3.12/site-packages/airflow/example_dags/example_complex.py
[2025-01-17T14:10:55.193+0000] {processor.py:914} INFO - Processing file /home/airflow/.local/lib/python3.12/site-packages/airflow/example_dags/example_complex.py for tasks to queue
[2025-01-17T14:10:55.195+0000] {logging_mixin.py:190} INFO - [2025-01-17T14:10:55.195+0000] {dagbag.py:588} INFO - Filling up the DagBag from /home/airflow/.local/lib/python3.12/site-packages/airflow/example_dags/example_complex.py
[2025-01-17T14:10:55.206+0000] {processor.py:925} INFO - DAG(s) 'example_complex' retrieved from /home/airflow/.local/lib/python3.12/site-packages/airflow/example_dags/example_complex.py
[2025-01-17T14:10:55.235+0000] {logging_mixin.py:190} INFO - [2025-01-17T14:10:55.234+0000] {dag.py:3239} INFO - Sync 1 DAGs
[2025-01-17T14:10:55.249+0000] {logging_mixin.py:190} INFO - [2025-01-17T14:10:55.248+0000] {dag.py:4180} INFO - Setting next_dagrun for example_complex to None, run_after=None
[2025-01-17T14:10:55.279+0000] {processor.py:208} INFO - Processing /home/airflow/.local/lib/python3.12/site-packages/airflow/example_dags/example_complex.py took 0.091 seconds
[2025-01-17T14:11:26.634+0000] {processor.py:186} INFO - Started process (PID=683) to work on /home/airflow/.local/lib/python3.12/site-packages/airflow/example_dags/example_complex.py
[2025-01-17T14:11:26.637+0000] {processor.py:914} INFO - Processing file /home/airflow/.local/lib/python3.12/site-packages/airflow/example_dags/example_complex.py for tasks to queue
[2025-01-17T14:11:26.641+0000] {logging_mixin.py:190} INFO - [2025-01-17T14:11:26.640+0000] {dagbag.py:588} INFO - Filling up the DagBag from /home/airflow/.local/lib/python3.12/site-packages/airflow/example_dags/example_complex.py
[2025-01-17T14:11:26.658+0000] {processor.py:925} INFO - DAG(s) 'example_complex' retrieved from /home/airflow/.local/lib/python3.12/site-packages/airflow/example_dags/example_complex.py
[2025-01-17T14:11:26.696+0000] {logging_mixin.py:190} INFO - [2025-01-17T14:11:26.696+0000] {dag.py:3239} INFO - Sync 1 DAGs
[2025-01-17T14:11:26.714+0000] {logging_mixin.py:190} INFO - [2025-01-17T14:11:26.713+0000] {dag.py:4180} INFO - Setting next_dagrun for example_complex to None, run_after=None
[2025-01-17T14:11:26.736+0000] {processor.py:208} INFO - Processing /home/airflow/.local/lib/python3.12/site-packages/airflow/example_dags/example_complex.py took 0.109 seconds
[2025-01-17T14:11:58.209+0000] {processor.py:186} INFO - Started process (PID=747) to work on /home/airflow/.local/lib/python3.12/site-packages/airflow/example_dags/example_complex.py
[2025-01-17T14:11:58.210+0000] {processor.py:914} INFO - Processing file /home/airflow/.local/lib/python3.12/site-packages/airflow/example_dags/example_complex.py for tasks to queue
[2025-01-17T14:11:58.214+0000] {logging_mixin.py:190} INFO - [2025-01-17T14:11:58.213+0000] {dagbag.py:588} INFO - Filling up the DagBag from /home/airflow/.local/lib/python3.12/site-packages/airflow/example_dags/example_complex.py
[2025-01-17T14:11:58.227+0000] {processor.py:925} INFO - DAG(s) 'example_complex' retrieved from /home/airflow/.local/lib/python3.12/site-packages/airflow/example_dags/example_complex.py
[2025-01-17T14:11:58.264+0000] {logging_mixin.py:190} INFO - [2025-01-17T14:11:58.264+0000] {dag.py:3239} INFO - Sync 1 DAGs
[2025-01-17T14:11:58.283+0000] {logging_mixin.py:190} INFO - [2025-01-17T14:11:58.283+0000] {dag.py:4180} INFO - Setting next_dagrun for example_complex to None, run_after=None
[2025-01-17T14:11:58.307+0000] {processor.py:208} INFO - Processing /home/airflow/.local/lib/python3.12/site-packages/airflow/example_dags/example_complex.py took 0.106 seconds
[2025-01-17T14:12:29.791+0000] {processor.py:186} INFO - Started process (PID=810) to work on /home/airflow/.local/lib/python3.12/site-packages/airflow/example_dags/example_complex.py
[2025-01-17T14:12:29.797+0000] {processor.py:914} INFO - Processing file /home/airflow/.local/lib/python3.12/site-packages/airflow/example_dags/example_complex.py for tasks to queue
[2025-01-17T14:12:29.800+0000] {logging_mixin.py:190} INFO - [2025-01-17T14:12:29.800+0000] {dagbag.py:588} INFO - Filling up the DagBag from /home/airflow/.local/lib/python3.12/site-packages/airflow/example_dags/example_complex.py
[2025-01-17T14:12:29.818+0000] {processor.py:925} INFO - DAG(s) 'example_complex' retrieved from /home/airflow/.local/lib/python3.12/site-packages/airflow/example_dags/example_complex.py
[2025-01-17T14:12:29.857+0000] {logging_mixin.py:190} INFO - [2025-01-17T14:12:29.857+0000] {dag.py:3239} INFO - Sync 1 DAGs
[2025-01-17T14:12:29.876+0000] {logging_mixin.py:190} INFO - [2025-01-17T14:12:29.876+0000] {dag.py:4180} INFO - Setting next_dagrun for example_complex to None, run_after=None
[2025-01-17T14:12:29.913+0000] {processor.py:208} INFO - Processing /home/airflow/.local/lib/python3.12/site-packages/airflow/example_dags/example_complex.py took 0.141 seconds
[2025-01-17T14:13:00.644+0000] {processor.py:186} INFO - Started process (PID=873) to work on /home/airflow/.local/lib/python3.12/site-packages/airflow/example_dags/example_complex.py
[2025-01-17T14:13:00.646+0000] {processor.py:914} INFO - Processing file /home/airflow/.local/lib/python3.12/site-packages/airflow/example_dags/example_complex.py for tasks to queue
[2025-01-17T14:13:00.649+0000] {logging_mixin.py:190} INFO - [2025-01-17T14:13:00.649+0000] {dagbag.py:588} INFO - Filling up the DagBag from /home/airflow/.local/lib/python3.12/site-packages/airflow/example_dags/example_complex.py
[2025-01-17T14:13:00.669+0000] {processor.py:925} INFO - DAG(s) 'example_complex' retrieved from /home/airflow/.local/lib/python3.12/site-packages/airflow/example_dags/example_complex.py
[2025-01-17T14:13:00.718+0000] {logging_mixin.py:190} INFO - [2025-01-17T14:13:00.718+0000] {dag.py:3239} INFO - Sync 1 DAGs
[2025-01-17T14:13:00.744+0000] {logging_mixin.py:190} INFO - [2025-01-17T14:13:00.743+0000] {dag.py:4180} INFO - Setting next_dagrun for example_complex to None, run_after=None
[2025-01-17T14:13:00.772+0000] {processor.py:208} INFO - Processing /home/airflow/.local/lib/python3.12/site-packages/airflow/example_dags/example_complex.py took 0.138 seconds
[2025-01-17T14:13:31.985+0000] {processor.py:186} INFO - Started process (PID=936) to work on /home/airflow/.local/lib/python3.12/site-packages/airflow/example_dags/example_complex.py
[2025-01-17T14:13:31.987+0000] {processor.py:914} INFO - Processing file /home/airflow/.local/lib/python3.12/site-packages/airflow/example_dags/example_complex.py for tasks to queue
[2025-01-17T14:13:31.991+0000] {logging_mixin.py:190} INFO - [2025-01-17T14:13:31.991+0000] {dagbag.py:588} INFO - Filling up the DagBag from /home/airflow/.local/lib/python3.12/site-packages/airflow/example_dags/example_complex.py
[2025-01-17T14:13:32.011+0000] {processor.py:925} INFO - DAG(s) 'example_complex' retrieved from /home/airflow/.local/lib/python3.12/site-packages/airflow/example_dags/example_complex.py
[2025-01-17T14:13:32.058+0000] {logging_mixin.py:190} INFO - [2025-01-17T14:13:32.058+0000] {dag.py:3239} INFO - Sync 1 DAGs
[2025-01-17T14:13:32.079+0000] {logging_mixin.py:190} INFO - [2025-01-17T14:13:32.079+0000] {dag.py:4180} INFO - Setting next_dagrun for example_complex to None, run_after=None
[2025-01-17T14:13:32.113+0000] {processor.py:208} INFO - Processing /home/airflow/.local/lib/python3.12/site-packages/airflow/example_dags/example_complex.py took 0.137 seconds
[2025-01-17T14:14:02.586+0000] {processor.py:186} INFO - Started process (PID=1000) to work on /home/airflow/.local/lib/python3.12/site-packages/airflow/example_dags/example_complex.py
[2025-01-17T14:14:02.588+0000] {processor.py:914} INFO - Processing file /home/airflow/.local/lib/python3.12/site-packages/airflow/example_dags/example_complex.py for tasks to queue
[2025-01-17T14:14:02.591+0000] {logging_mixin.py:190} INFO - [2025-01-17T14:14:02.591+0000] {dagbag.py:588} INFO - Filling up the DagBag from /home/airflow/.local/lib/python3.12/site-packages/airflow/example_dags/example_complex.py
[2025-01-17T14:14:02.601+0000] {processor.py:925} INFO - DAG(s) 'example_complex' retrieved from /home/airflow/.local/lib/python3.12/site-packages/airflow/example_dags/example_complex.py
[2025-01-17T14:14:02.629+0000] {logging_mixin.py:190} INFO - [2025-01-17T14:14:02.628+0000] {dag.py:3239} INFO - Sync 1 DAGs
[2025-01-17T14:14:02.642+0000] {logging_mixin.py:190} INFO - [2025-01-17T14:14:02.642+0000] {dag.py:4180} INFO - Setting next_dagrun for example_complex to None, run_after=None
[2025-01-17T14:14:02.673+0000] {processor.py:208} INFO - Processing /home/airflow/.local/lib/python3.12/site-packages/airflow/example_dags/example_complex.py took 0.092 seconds
