[2025-01-17T14:06:47.546+0000] {processor.py:186} INFO - Started process (PID=122) to work on /home/airflow/.local/lib/python3.12/site-packages/airflow/example_dags/example_short_circuit_operator.py
[2025-01-17T14:06:47.549+0000] {processor.py:914} INFO - Processing file /home/airflow/.local/lib/python3.12/site-packages/airflow/example_dags/example_short_circuit_operator.py for tasks to queue
[2025-01-17T14:06:47.554+0000] {logging_mixin.py:190} INFO - [2025-01-17T14:06:47.554+0000] {dagbag.py:588} INFO - Filling up the DagBag from /home/airflow/.local/lib/python3.12/site-packages/airflow/example_dags/example_short_circuit_operator.py
[2025-01-17T14:06:47.574+0000] {processor.py:925} INFO - DAG(s) 'example_short_circuit_operator' retrieved from /home/airflow/.local/lib/python3.12/site-packages/airflow/example_dags/example_short_circuit_operator.py
[2025-01-17T14:06:47.743+0000] {logging_mixin.py:190} INFO - [2025-01-17T14:06:47.742+0000] {override.py:1911} INFO - Created Permission View: can read on DAG:example_short_circuit_operator
[2025-01-17T14:06:47.762+0000] {logging_mixin.py:190} INFO - [2025-01-17T14:06:47.762+0000] {override.py:1911} INFO - Created Permission View: can delete on DAG:example_short_circuit_operator
[2025-01-17T14:06:47.773+0000] {logging_mixin.py:190} INFO - [2025-01-17T14:06:47.772+0000] {override.py:1911} INFO - Created Permission View: can edit on DAG:example_short_circuit_operator
[2025-01-17T14:06:47.785+0000] {logging_mixin.py:190} INFO - [2025-01-17T14:06:47.784+0000] {override.py:1911} INFO - Created Permission View: menu access on DAG Run:example_short_circuit_operator
[2025-01-17T14:06:47.794+0000] {logging_mixin.py:190} INFO - [2025-01-17T14:06:47.794+0000] {override.py:1911} INFO - Created Permission View: can read on DAG Run:example_short_circuit_operator
[2025-01-17T14:06:47.804+0000] {logging_mixin.py:190} INFO - [2025-01-17T14:06:47.803+0000] {override.py:1911} INFO - Created Permission View: can delete on DAG Run:example_short_circuit_operator
[2025-01-17T14:06:47.814+0000] {logging_mixin.py:190} INFO - [2025-01-17T14:06:47.813+0000] {override.py:1911} INFO - Created Permission View: can create on DAG Run:example_short_circuit_operator
[2025-01-17T14:06:47.815+0000] {logging_mixin.py:190} INFO - [2025-01-17T14:06:47.815+0000] {dag.py:3239} INFO - Sync 1 DAGs
[2025-01-17T14:06:47.837+0000] {logging_mixin.py:190} INFO - [2025-01-17T14:06:47.837+0000] {dag.py:3262} INFO - Creating ORM DAG for example_short_circuit_operator
[2025-01-17T14:06:47.838+0000] {logging_mixin.py:190} INFO - [2025-01-17T14:06:47.838+0000] {dag.py:4180} INFO - Setting next_dagrun for example_short_circuit_operator to None, run_after=None
[2025-01-17T14:06:47.861+0000] {processor.py:208} INFO - Processing /home/airflow/.local/lib/python3.12/site-packages/airflow/example_dags/example_short_circuit_operator.py took 0.324 seconds
[2025-01-17T14:07:18.181+0000] {processor.py:186} INFO - Started process (PID=184) to work on /home/airflow/.local/lib/python3.12/site-packages/airflow/example_dags/example_short_circuit_operator.py
[2025-01-17T14:07:18.182+0000] {processor.py:914} INFO - Processing file /home/airflow/.local/lib/python3.12/site-packages/airflow/example_dags/example_short_circuit_operator.py for tasks to queue
[2025-01-17T14:07:18.184+0000] {logging_mixin.py:190} INFO - [2025-01-17T14:07:18.184+0000] {dagbag.py:588} INFO - Filling up the DagBag from /home/airflow/.local/lib/python3.12/site-packages/airflow/example_dags/example_short_circuit_operator.py
[2025-01-17T14:07:18.191+0000] {processor.py:925} INFO - DAG(s) 'example_short_circuit_operator' retrieved from /home/airflow/.local/lib/python3.12/site-packages/airflow/example_dags/example_short_circuit_operator.py
[2025-01-17T14:07:18.210+0000] {logging_mixin.py:190} INFO - [2025-01-17T14:07:18.210+0000] {dag.py:3239} INFO - Sync 1 DAGs
[2025-01-17T14:07:18.223+0000] {logging_mixin.py:190} INFO - [2025-01-17T14:07:18.223+0000] {dag.py:4180} INFO - Setting next_dagrun for example_short_circuit_operator to None, run_after=None
[2025-01-17T14:07:18.252+0000] {processor.py:208} INFO - Processing /home/airflow/.local/lib/python3.12/site-packages/airflow/example_dags/example_short_circuit_operator.py took 0.076 seconds
[2025-01-17T14:07:48.650+0000] {processor.py:186} INFO - Started process (PID=247) to work on /home/airflow/.local/lib/python3.12/site-packages/airflow/example_dags/example_short_circuit_operator.py
[2025-01-17T14:07:48.651+0000] {processor.py:914} INFO - Processing file /home/airflow/.local/lib/python3.12/site-packages/airflow/example_dags/example_short_circuit_operator.py for tasks to queue
[2025-01-17T14:07:48.653+0000] {logging_mixin.py:190} INFO - [2025-01-17T14:07:48.653+0000] {dagbag.py:588} INFO - Filling up the DagBag from /home/airflow/.local/lib/python3.12/site-packages/airflow/example_dags/example_short_circuit_operator.py
[2025-01-17T14:07:48.662+0000] {processor.py:925} INFO - DAG(s) 'example_short_circuit_operator' retrieved from /home/airflow/.local/lib/python3.12/site-packages/airflow/example_dags/example_short_circuit_operator.py
[2025-01-17T14:07:48.685+0000] {logging_mixin.py:190} INFO - [2025-01-17T14:07:48.685+0000] {dag.py:3239} INFO - Sync 1 DAGs
[2025-01-17T14:07:48.700+0000] {logging_mixin.py:190} INFO - [2025-01-17T14:07:48.700+0000] {dag.py:4180} INFO - Setting next_dagrun for example_short_circuit_operator to None, run_after=None
[2025-01-17T14:07:48.733+0000] {processor.py:208} INFO - Processing /home/airflow/.local/lib/python3.12/site-packages/airflow/example_dags/example_short_circuit_operator.py took 0.087 seconds
[2025-01-17T14:08:19.281+0000] {processor.py:186} INFO - Started process (PID=311) to work on /home/airflow/.local/lib/python3.12/site-packages/airflow/example_dags/example_short_circuit_operator.py
[2025-01-17T14:08:19.282+0000] {processor.py:914} INFO - Processing file /home/airflow/.local/lib/python3.12/site-packages/airflow/example_dags/example_short_circuit_operator.py for tasks to queue
[2025-01-17T14:08:19.285+0000] {logging_mixin.py:190} INFO - [2025-01-17T14:08:19.285+0000] {dagbag.py:588} INFO - Filling up the DagBag from /home/airflow/.local/lib/python3.12/site-packages/airflow/example_dags/example_short_circuit_operator.py
[2025-01-17T14:08:19.302+0000] {processor.py:925} INFO - DAG(s) 'example_short_circuit_operator' retrieved from /home/airflow/.local/lib/python3.12/site-packages/airflow/example_dags/example_short_circuit_operator.py
[2025-01-17T14:08:19.344+0000] {logging_mixin.py:190} INFO - [2025-01-17T14:08:19.343+0000] {dag.py:3239} INFO - Sync 1 DAGs
[2025-01-17T14:08:19.369+0000] {logging_mixin.py:190} INFO - [2025-01-17T14:08:19.368+0000] {dag.py:4180} INFO - Setting next_dagrun for example_short_circuit_operator to None, run_after=None
[2025-01-17T14:08:19.403+0000] {processor.py:208} INFO - Processing /home/airflow/.local/lib/python3.12/site-packages/airflow/example_dags/example_short_circuit_operator.py took 0.134 seconds
[2025-01-17T14:08:52.178+0000] {processor.py:186} INFO - Started process (PID=375) to work on /home/airflow/.local/lib/python3.12/site-packages/airflow/example_dags/example_short_circuit_operator.py
[2025-01-17T14:08:52.222+0000] {processor.py:914} INFO - Processing file /home/airflow/.local/lib/python3.12/site-packages/airflow/example_dags/example_short_circuit_operator.py for tasks to queue
[2025-01-17T14:08:52.395+0000] {logging_mixin.py:190} INFO - [2025-01-17T14:08:52.394+0000] {dagbag.py:588} INFO - Filling up the DagBag from /home/airflow/.local/lib/python3.12/site-packages/airflow/example_dags/example_short_circuit_operator.py
[2025-01-17T14:08:52.445+0000] {processor.py:925} INFO - DAG(s) 'example_short_circuit_operator' retrieved from /home/airflow/.local/lib/python3.12/site-packages/airflow/example_dags/example_short_circuit_operator.py
[2025-01-17T14:08:52.592+0000] {logging_mixin.py:190} INFO - [2025-01-17T14:08:52.592+0000] {dag.py:3239} INFO - Sync 1 DAGs
[2025-01-17T14:08:52.671+0000] {logging_mixin.py:190} INFO - [2025-01-17T14:08:52.670+0000] {dag.py:4180} INFO - Setting next_dagrun for example_short_circuit_operator to None, run_after=None
[2025-01-17T14:08:52.778+0000] {processor.py:208} INFO - Processing /home/airflow/.local/lib/python3.12/site-packages/airflow/example_dags/example_short_circuit_operator.py took 0.627 seconds
[2025-01-17T14:09:23.300+0000] {processor.py:186} INFO - Started process (PID=438) to work on /home/airflow/.local/lib/python3.12/site-packages/airflow/example_dags/example_short_circuit_operator.py
[2025-01-17T14:09:23.302+0000] {processor.py:914} INFO - Processing file /home/airflow/.local/lib/python3.12/site-packages/airflow/example_dags/example_short_circuit_operator.py for tasks to queue
[2025-01-17T14:09:23.307+0000] {logging_mixin.py:190} INFO - [2025-01-17T14:09:23.306+0000] {dagbag.py:588} INFO - Filling up the DagBag from /home/airflow/.local/lib/python3.12/site-packages/airflow/example_dags/example_short_circuit_operator.py
[2025-01-17T14:09:23.318+0000] {processor.py:925} INFO - DAG(s) 'example_short_circuit_operator' retrieved from /home/airflow/.local/lib/python3.12/site-packages/airflow/example_dags/example_short_circuit_operator.py
[2025-01-17T14:09:23.348+0000] {logging_mixin.py:190} INFO - [2025-01-17T14:09:23.348+0000] {dag.py:3239} INFO - Sync 1 DAGs
[2025-01-17T14:09:23.373+0000] {logging_mixin.py:190} INFO - [2025-01-17T14:09:23.373+0000] {dag.py:4180} INFO - Setting next_dagrun for example_short_circuit_operator to None, run_after=None
[2025-01-17T14:09:23.401+0000] {processor.py:208} INFO - Processing /home/airflow/.local/lib/python3.12/site-packages/airflow/example_dags/example_short_circuit_operator.py took 0.107 seconds
[2025-01-17T14:09:53.696+0000] {processor.py:186} INFO - Started process (PID=501) to work on /home/airflow/.local/lib/python3.12/site-packages/airflow/example_dags/example_short_circuit_operator.py
[2025-01-17T14:09:53.697+0000] {processor.py:914} INFO - Processing file /home/airflow/.local/lib/python3.12/site-packages/airflow/example_dags/example_short_circuit_operator.py for tasks to queue
[2025-01-17T14:09:53.699+0000] {logging_mixin.py:190} INFO - [2025-01-17T14:09:53.699+0000] {dagbag.py:588} INFO - Filling up the DagBag from /home/airflow/.local/lib/python3.12/site-packages/airflow/example_dags/example_short_circuit_operator.py
[2025-01-17T14:09:53.710+0000] {processor.py:925} INFO - DAG(s) 'example_short_circuit_operator' retrieved from /home/airflow/.local/lib/python3.12/site-packages/airflow/example_dags/example_short_circuit_operator.py
[2025-01-17T14:09:53.735+0000] {logging_mixin.py:190} INFO - [2025-01-17T14:09:53.734+0000] {dag.py:3239} INFO - Sync 1 DAGs
[2025-01-17T14:09:53.751+0000] {logging_mixin.py:190} INFO - [2025-01-17T14:09:53.751+0000] {dag.py:4180} INFO - Setting next_dagrun for example_short_circuit_operator to None, run_after=None
[2025-01-17T14:09:53.775+0000] {processor.py:208} INFO - Processing /home/airflow/.local/lib/python3.12/site-packages/airflow/example_dags/example_short_circuit_operator.py took 0.084 seconds
[2025-01-17T14:10:24.052+0000] {processor.py:186} INFO - Started process (PID=564) to work on /home/airflow/.local/lib/python3.12/site-packages/airflow/example_dags/example_short_circuit_operator.py
[2025-01-17T14:10:24.054+0000] {processor.py:914} INFO - Processing file /home/airflow/.local/lib/python3.12/site-packages/airflow/example_dags/example_short_circuit_operator.py for tasks to queue
[2025-01-17T14:10:24.056+0000] {logging_mixin.py:190} INFO - [2025-01-17T14:10:24.056+0000] {dagbag.py:588} INFO - Filling up the DagBag from /home/airflow/.local/lib/python3.12/site-packages/airflow/example_dags/example_short_circuit_operator.py
[2025-01-17T14:10:24.066+0000] {processor.py:925} INFO - DAG(s) 'example_short_circuit_operator' retrieved from /home/airflow/.local/lib/python3.12/site-packages/airflow/example_dags/example_short_circuit_operator.py
[2025-01-17T14:10:24.090+0000] {logging_mixin.py:190} INFO - [2025-01-17T14:10:24.089+0000] {dag.py:3239} INFO - Sync 1 DAGs
[2025-01-17T14:10:24.104+0000] {logging_mixin.py:190} INFO - [2025-01-17T14:10:24.104+0000] {dag.py:4180} INFO - Setting next_dagrun for example_short_circuit_operator to None, run_after=None
[2025-01-17T14:10:24.123+0000] {processor.py:208} INFO - Processing /home/airflow/.local/lib/python3.12/site-packages/airflow/example_dags/example_short_circuit_operator.py took 0.076 seconds
[2025-01-17T14:10:55.667+0000] {processor.py:186} INFO - Started process (PID=627) to work on /home/airflow/.local/lib/python3.12/site-packages/airflow/example_dags/example_short_circuit_operator.py
[2025-01-17T14:10:55.669+0000] {processor.py:914} INFO - Processing file /home/airflow/.local/lib/python3.12/site-packages/airflow/example_dags/example_short_circuit_operator.py for tasks to queue
[2025-01-17T14:10:55.672+0000] {logging_mixin.py:190} INFO - [2025-01-17T14:10:55.672+0000] {dagbag.py:588} INFO - Filling up the DagBag from /home/airflow/.local/lib/python3.12/site-packages/airflow/example_dags/example_short_circuit_operator.py
[2025-01-17T14:10:55.680+0000] {processor.py:925} INFO - DAG(s) 'example_short_circuit_operator' retrieved from /home/airflow/.local/lib/python3.12/site-packages/airflow/example_dags/example_short_circuit_operator.py
[2025-01-17T14:10:55.702+0000] {logging_mixin.py:190} INFO - [2025-01-17T14:10:55.701+0000] {dag.py:3239} INFO - Sync 1 DAGs
[2025-01-17T14:10:55.717+0000] {logging_mixin.py:190} INFO - [2025-01-17T14:10:55.716+0000] {dag.py:4180} INFO - Setting next_dagrun for example_short_circuit_operator to None, run_after=None
[2025-01-17T14:10:55.745+0000] {processor.py:208} INFO - Processing /home/airflow/.local/lib/python3.12/site-packages/airflow/example_dags/example_short_circuit_operator.py took 0.084 seconds
[2025-01-17T14:11:27.207+0000] {processor.py:186} INFO - Started process (PID=690) to work on /home/airflow/.local/lib/python3.12/site-packages/airflow/example_dags/example_short_circuit_operator.py
[2025-01-17T14:11:27.208+0000] {processor.py:914} INFO - Processing file /home/airflow/.local/lib/python3.12/site-packages/airflow/example_dags/example_short_circuit_operator.py for tasks to queue
[2025-01-17T14:11:27.211+0000] {logging_mixin.py:190} INFO - [2025-01-17T14:11:27.210+0000] {dagbag.py:588} INFO - Filling up the DagBag from /home/airflow/.local/lib/python3.12/site-packages/airflow/example_dags/example_short_circuit_operator.py
[2025-01-17T14:11:27.222+0000] {processor.py:925} INFO - DAG(s) 'example_short_circuit_operator' retrieved from /home/airflow/.local/lib/python3.12/site-packages/airflow/example_dags/example_short_circuit_operator.py
[2025-01-17T14:11:27.261+0000] {logging_mixin.py:190} INFO - [2025-01-17T14:11:27.261+0000] {dag.py:3239} INFO - Sync 1 DAGs
[2025-01-17T14:11:27.278+0000] {logging_mixin.py:190} INFO - [2025-01-17T14:11:27.278+0000] {dag.py:4180} INFO - Setting next_dagrun for example_short_circuit_operator to None, run_after=None
[2025-01-17T14:11:27.308+0000] {processor.py:208} INFO - Processing /home/airflow/.local/lib/python3.12/site-packages/airflow/example_dags/example_short_circuit_operator.py took 0.108 seconds
[2025-01-17T14:11:58.758+0000] {processor.py:186} INFO - Started process (PID=754) to work on /home/airflow/.local/lib/python3.12/site-packages/airflow/example_dags/example_short_circuit_operator.py
[2025-01-17T14:11:58.759+0000] {processor.py:914} INFO - Processing file /home/airflow/.local/lib/python3.12/site-packages/airflow/example_dags/example_short_circuit_operator.py for tasks to queue
[2025-01-17T14:11:58.761+0000] {logging_mixin.py:190} INFO - [2025-01-17T14:11:58.761+0000] {dagbag.py:588} INFO - Filling up the DagBag from /home/airflow/.local/lib/python3.12/site-packages/airflow/example_dags/example_short_circuit_operator.py
[2025-01-17T14:11:58.770+0000] {processor.py:925} INFO - DAG(s) 'example_short_circuit_operator' retrieved from /home/airflow/.local/lib/python3.12/site-packages/airflow/example_dags/example_short_circuit_operator.py
[2025-01-17T14:11:58.794+0000] {logging_mixin.py:190} INFO - [2025-01-17T14:11:58.794+0000] {dag.py:3239} INFO - Sync 1 DAGs
[2025-01-17T14:11:58.808+0000] {logging_mixin.py:190} INFO - [2025-01-17T14:11:58.808+0000] {dag.py:4180} INFO - Setting next_dagrun for example_short_circuit_operator to None, run_after=None
[2025-01-17T14:11:58.841+0000] {processor.py:208} INFO - Processing /home/airflow/.local/lib/python3.12/site-packages/airflow/example_dags/example_short_circuit_operator.py took 0.090 seconds
[2025-01-17T14:12:30.401+0000] {processor.py:186} INFO - Started process (PID=817) to work on /home/airflow/.local/lib/python3.12/site-packages/airflow/example_dags/example_short_circuit_operator.py
[2025-01-17T14:12:30.402+0000] {processor.py:914} INFO - Processing file /home/airflow/.local/lib/python3.12/site-packages/airflow/example_dags/example_short_circuit_operator.py for tasks to queue
[2025-01-17T14:12:30.406+0000] {logging_mixin.py:190} INFO - [2025-01-17T14:12:30.405+0000] {dagbag.py:588} INFO - Filling up the DagBag from /home/airflow/.local/lib/python3.12/site-packages/airflow/example_dags/example_short_circuit_operator.py
[2025-01-17T14:12:30.417+0000] {processor.py:925} INFO - DAG(s) 'example_short_circuit_operator' retrieved from /home/airflow/.local/lib/python3.12/site-packages/airflow/example_dags/example_short_circuit_operator.py
[2025-01-17T14:12:30.449+0000] {logging_mixin.py:190} INFO - [2025-01-17T14:12:30.449+0000] {dag.py:3239} INFO - Sync 1 DAGs
[2025-01-17T14:12:30.469+0000] {logging_mixin.py:190} INFO - [2025-01-17T14:12:30.468+0000] {dag.py:4180} INFO - Setting next_dagrun for example_short_circuit_operator to None, run_after=None
[2025-01-17T14:12:30.506+0000] {processor.py:208} INFO - Processing /home/airflow/.local/lib/python3.12/site-packages/airflow/example_dags/example_short_circuit_operator.py took 0.113 seconds
[2025-01-17T14:13:01.473+0000] {processor.py:186} INFO - Started process (PID=880) to work on /home/airflow/.local/lib/python3.12/site-packages/airflow/example_dags/example_short_circuit_operator.py
[2025-01-17T14:13:01.474+0000] {processor.py:914} INFO - Processing file /home/airflow/.local/lib/python3.12/site-packages/airflow/example_dags/example_short_circuit_operator.py for tasks to queue
[2025-01-17T14:13:01.477+0000] {logging_mixin.py:190} INFO - [2025-01-17T14:13:01.477+0000] {dagbag.py:588} INFO - Filling up the DagBag from /home/airflow/.local/lib/python3.12/site-packages/airflow/example_dags/example_short_circuit_operator.py
[2025-01-17T14:13:01.489+0000] {processor.py:925} INFO - DAG(s) 'example_short_circuit_operator' retrieved from /home/airflow/.local/lib/python3.12/site-packages/airflow/example_dags/example_short_circuit_operator.py
[2025-01-17T14:13:01.518+0000] {logging_mixin.py:190} INFO - [2025-01-17T14:13:01.518+0000] {dag.py:3239} INFO - Sync 1 DAGs
[2025-01-17T14:13:01.539+0000] {logging_mixin.py:190} INFO - [2025-01-17T14:13:01.538+0000] {dag.py:4180} INFO - Setting next_dagrun for example_short_circuit_operator to None, run_after=None
[2025-01-17T14:13:01.575+0000] {processor.py:208} INFO - Processing /home/airflow/.local/lib/python3.12/site-packages/airflow/example_dags/example_short_circuit_operator.py took 0.111 seconds
[2025-01-17T14:13:32.641+0000] {processor.py:186} INFO - Started process (PID=943) to work on /home/airflow/.local/lib/python3.12/site-packages/airflow/example_dags/example_short_circuit_operator.py
[2025-01-17T14:13:32.642+0000] {processor.py:914} INFO - Processing file /home/airflow/.local/lib/python3.12/site-packages/airflow/example_dags/example_short_circuit_operator.py for tasks to queue
[2025-01-17T14:13:32.645+0000] {logging_mixin.py:190} INFO - [2025-01-17T14:13:32.645+0000] {dagbag.py:588} INFO - Filling up the DagBag from /home/airflow/.local/lib/python3.12/site-packages/airflow/example_dags/example_short_circuit_operator.py
[2025-01-17T14:13:32.661+0000] {processor.py:925} INFO - DAG(s) 'example_short_circuit_operator' retrieved from /home/airflow/.local/lib/python3.12/site-packages/airflow/example_dags/example_short_circuit_operator.py
[2025-01-17T14:13:32.694+0000] {logging_mixin.py:190} INFO - [2025-01-17T14:13:32.693+0000] {dag.py:3239} INFO - Sync 1 DAGs
[2025-01-17T14:13:32.715+0000] {logging_mixin.py:190} INFO - [2025-01-17T14:13:32.715+0000] {dag.py:4180} INFO - Setting next_dagrun for example_short_circuit_operator to None, run_after=None
[2025-01-17T14:13:32.748+0000] {processor.py:208} INFO - Processing /home/airflow/.local/lib/python3.12/site-packages/airflow/example_dags/example_short_circuit_operator.py took 0.115 seconds
[2025-01-17T14:14:03.245+0000] {processor.py:186} INFO - Started process (PID=1007) to work on /home/airflow/.local/lib/python3.12/site-packages/airflow/example_dags/example_short_circuit_operator.py
[2025-01-17T14:14:03.247+0000] {processor.py:914} INFO - Processing file /home/airflow/.local/lib/python3.12/site-packages/airflow/example_dags/example_short_circuit_operator.py for tasks to queue
[2025-01-17T14:14:03.249+0000] {logging_mixin.py:190} INFO - [2025-01-17T14:14:03.249+0000] {dagbag.py:588} INFO - Filling up the DagBag from /home/airflow/.local/lib/python3.12/site-packages/airflow/example_dags/example_short_circuit_operator.py
[2025-01-17T14:14:03.259+0000] {processor.py:925} INFO - DAG(s) 'example_short_circuit_operator' retrieved from /home/airflow/.local/lib/python3.12/site-packages/airflow/example_dags/example_short_circuit_operator.py
[2025-01-17T14:14:03.281+0000] {logging_mixin.py:190} INFO - [2025-01-17T14:14:03.281+0000] {dag.py:3239} INFO - Sync 1 DAGs
[2025-01-17T14:14:03.296+0000] {logging_mixin.py:190} INFO - [2025-01-17T14:14:03.296+0000] {dag.py:4180} INFO - Setting next_dagrun for example_short_circuit_operator to None, run_after=None
[2025-01-17T14:14:03.316+0000] {processor.py:208} INFO - Processing /home/airflow/.local/lib/python3.12/site-packages/airflow/example_dags/example_short_circuit_operator.py took 0.075 seconds
