[2025-01-17T14:06:41.377+0000] {processor.py:186} INFO - Started process (PID=94) to work on /home/airflow/.local/lib/python3.12/site-packages/airflow/example_dags/tutorial_taskflow_templates.py
[2025-01-17T14:06:41.379+0000] {processor.py:914} INFO - Processing file /home/airflow/.local/lib/python3.12/site-packages/airflow/example_dags/tutorial_taskflow_templates.py for tasks to queue
[2025-01-17T14:06:41.390+0000] {logging_mixin.py:190} INFO - [2025-01-17T14:06:41.389+0000] {dagbag.py:588} INFO - Filling up the DagBag from /home/airflow/.local/lib/python3.12/site-packages/airflow/example_dags/tutorial_taskflow_templates.py
[2025-01-17T14:06:41.412+0000] {processor.py:925} INFO - DAG(s) 'tutorial_taskflow_templates' retrieved from /home/airflow/.local/lib/python3.12/site-packages/airflow/example_dags/tutorial_taskflow_templates.py
[2025-01-17T14:06:41.611+0000] {logging_mixin.py:190} INFO - [2025-01-17T14:06:41.611+0000] {override.py:1911} INFO - Created Permission View: can read on DAG:tutorial_taskflow_templates
[2025-01-17T14:06:41.626+0000] {logging_mixin.py:190} INFO - [2025-01-17T14:06:41.626+0000] {override.py:1911} INFO - Created Permission View: can delete on DAG:tutorial_taskflow_templates
[2025-01-17T14:06:41.636+0000] {logging_mixin.py:190} INFO - [2025-01-17T14:06:41.634+0000] {override.py:1911} INFO - Created Permission View: can edit on DAG:tutorial_taskflow_templates
[2025-01-17T14:06:41.647+0000] {logging_mixin.py:190} INFO - [2025-01-17T14:06:41.646+0000] {override.py:1911} INFO - Created Permission View: menu access on DAG Run:tutorial_taskflow_templates
[2025-01-17T14:06:41.658+0000] {logging_mixin.py:190} INFO - [2025-01-17T14:06:41.657+0000] {override.py:1911} INFO - Created Permission View: can read on DAG Run:tutorial_taskflow_templates
[2025-01-17T14:06:41.667+0000] {logging_mixin.py:190} INFO - [2025-01-17T14:06:41.666+0000] {override.py:1911} INFO - Created Permission View: can delete on DAG Run:tutorial_taskflow_templates
[2025-01-17T14:06:41.679+0000] {logging_mixin.py:190} INFO - [2025-01-17T14:06:41.679+0000] {override.py:1911} INFO - Created Permission View: can create on DAG Run:tutorial_taskflow_templates
[2025-01-17T14:06:41.680+0000] {logging_mixin.py:190} INFO - [2025-01-17T14:06:41.680+0000] {dag.py:3239} INFO - Sync 1 DAGs
[2025-01-17T14:06:41.697+0000] {logging_mixin.py:190} INFO - [2025-01-17T14:06:41.697+0000] {dag.py:3262} INFO - Creating ORM DAG for tutorial_taskflow_templates
[2025-01-17T14:06:41.712+0000] {logging_mixin.py:190} INFO - [2025-01-17T14:06:41.712+0000] {dag.py:4180} INFO - Setting next_dagrun for tutorial_taskflow_templates to 2025-01-16 00:00:00+00:00, run_after=2025-01-17 00:00:00+00:00
[2025-01-17T14:06:41.733+0000] {processor.py:208} INFO - Processing /home/airflow/.local/lib/python3.12/site-packages/airflow/example_dags/tutorial_taskflow_templates.py took 0.366 seconds
[2025-01-17T14:07:12.590+0000] {processor.py:186} INFO - Started process (PID=158) to work on /home/airflow/.local/lib/python3.12/site-packages/airflow/example_dags/tutorial_taskflow_templates.py
[2025-01-17T14:07:12.591+0000] {processor.py:914} INFO - Processing file /home/airflow/.local/lib/python3.12/site-packages/airflow/example_dags/tutorial_taskflow_templates.py for tasks to queue
[2025-01-17T14:07:12.594+0000] {logging_mixin.py:190} INFO - [2025-01-17T14:07:12.594+0000] {dagbag.py:588} INFO - Filling up the DagBag from /home/airflow/.local/lib/python3.12/site-packages/airflow/example_dags/tutorial_taskflow_templates.py
[2025-01-17T14:07:12.606+0000] {processor.py:925} INFO - DAG(s) 'tutorial_taskflow_templates' retrieved from /home/airflow/.local/lib/python3.12/site-packages/airflow/example_dags/tutorial_taskflow_templates.py
[2025-01-17T14:07:12.624+0000] {logging_mixin.py:190} INFO - [2025-01-17T14:07:12.624+0000] {dag.py:3239} INFO - Sync 1 DAGs
[2025-01-17T14:07:12.648+0000] {logging_mixin.py:190} INFO - [2025-01-17T14:07:12.647+0000] {dag.py:4180} INFO - Setting next_dagrun for tutorial_taskflow_templates to 2025-01-16 00:00:00+00:00, run_after=2025-01-17 00:00:00+00:00
[2025-01-17T14:07:12.669+0000] {processor.py:208} INFO - Processing /home/airflow/.local/lib/python3.12/site-packages/airflow/example_dags/tutorial_taskflow_templates.py took 0.084 seconds
[2025-01-17T14:07:42.748+0000] {processor.py:186} INFO - Started process (PID=220) to work on /home/airflow/.local/lib/python3.12/site-packages/airflow/example_dags/tutorial_taskflow_templates.py
[2025-01-17T14:07:42.749+0000] {processor.py:914} INFO - Processing file /home/airflow/.local/lib/python3.12/site-packages/airflow/example_dags/tutorial_taskflow_templates.py for tasks to queue
[2025-01-17T14:07:42.752+0000] {logging_mixin.py:190} INFO - [2025-01-17T14:07:42.751+0000] {dagbag.py:588} INFO - Filling up the DagBag from /home/airflow/.local/lib/python3.12/site-packages/airflow/example_dags/tutorial_taskflow_templates.py
[2025-01-17T14:07:42.764+0000] {processor.py:925} INFO - DAG(s) 'tutorial_taskflow_templates' retrieved from /home/airflow/.local/lib/python3.12/site-packages/airflow/example_dags/tutorial_taskflow_templates.py
[2025-01-17T14:07:42.784+0000] {logging_mixin.py:190} INFO - [2025-01-17T14:07:42.784+0000] {dag.py:3239} INFO - Sync 1 DAGs
[2025-01-17T14:07:42.810+0000] {logging_mixin.py:190} INFO - [2025-01-17T14:07:42.810+0000] {dag.py:4180} INFO - Setting next_dagrun for tutorial_taskflow_templates to 2025-01-16 00:00:00+00:00, run_after=2025-01-17 00:00:00+00:00
[2025-01-17T14:07:42.830+0000] {processor.py:208} INFO - Processing /home/airflow/.local/lib/python3.12/site-packages/airflow/example_dags/tutorial_taskflow_templates.py took 0.088 seconds
[2025-01-17T14:08:13.169+0000] {processor.py:186} INFO - Started process (PID=283) to work on /home/airflow/.local/lib/python3.12/site-packages/airflow/example_dags/tutorial_taskflow_templates.py
[2025-01-17T14:08:13.171+0000] {processor.py:914} INFO - Processing file /home/airflow/.local/lib/python3.12/site-packages/airflow/example_dags/tutorial_taskflow_templates.py for tasks to queue
[2025-01-17T14:08:13.174+0000] {logging_mixin.py:190} INFO - [2025-01-17T14:08:13.173+0000] {dagbag.py:588} INFO - Filling up the DagBag from /home/airflow/.local/lib/python3.12/site-packages/airflow/example_dags/tutorial_taskflow_templates.py
[2025-01-17T14:08:13.186+0000] {processor.py:925} INFO - DAG(s) 'tutorial_taskflow_templates' retrieved from /home/airflow/.local/lib/python3.12/site-packages/airflow/example_dags/tutorial_taskflow_templates.py
[2025-01-17T14:08:13.205+0000] {logging_mixin.py:190} INFO - [2025-01-17T14:08:13.205+0000] {dag.py:3239} INFO - Sync 1 DAGs
[2025-01-17T14:08:13.228+0000] {logging_mixin.py:190} INFO - [2025-01-17T14:08:13.228+0000] {dag.py:4180} INFO - Setting next_dagrun for tutorial_taskflow_templates to 2025-01-16 00:00:00+00:00, run_after=2025-01-17 00:00:00+00:00
[2025-01-17T14:08:13.261+0000] {processor.py:208} INFO - Processing /home/airflow/.local/lib/python3.12/site-packages/airflow/example_dags/tutorial_taskflow_templates.py took 0.097 seconds
[2025-01-17T14:08:43.615+0000] {processor.py:186} INFO - Started process (PID=347) to work on /home/airflow/.local/lib/python3.12/site-packages/airflow/example_dags/tutorial_taskflow_templates.py
[2025-01-17T14:08:43.627+0000] {processor.py:914} INFO - Processing file /home/airflow/.local/lib/python3.12/site-packages/airflow/example_dags/tutorial_taskflow_templates.py for tasks to queue
[2025-01-17T14:08:43.629+0000] {logging_mixin.py:190} INFO - [2025-01-17T14:08:43.629+0000] {dagbag.py:588} INFO - Filling up the DagBag from /home/airflow/.local/lib/python3.12/site-packages/airflow/example_dags/tutorial_taskflow_templates.py
[2025-01-17T14:08:43.641+0000] {processor.py:925} INFO - DAG(s) 'tutorial_taskflow_templates' retrieved from /home/airflow/.local/lib/python3.12/site-packages/airflow/example_dags/tutorial_taskflow_templates.py
[2025-01-17T14:08:43.661+0000] {logging_mixin.py:190} INFO - [2025-01-17T14:08:43.660+0000] {dag.py:3239} INFO - Sync 1 DAGs
[2025-01-17T14:08:43.691+0000] {logging_mixin.py:190} INFO - [2025-01-17T14:08:43.691+0000] {dag.py:4180} INFO - Setting next_dagrun for tutorial_taskflow_templates to 2025-01-16 00:00:00+00:00, run_after=2025-01-17 00:00:00+00:00
[2025-01-17T14:08:43.722+0000] {processor.py:208} INFO - Processing /home/airflow/.local/lib/python3.12/site-packages/airflow/example_dags/tutorial_taskflow_templates.py took 0.112 seconds
[2025-01-17T14:09:14.100+0000] {processor.py:186} INFO - Started process (PID=411) to work on /home/airflow/.local/lib/python3.12/site-packages/airflow/example_dags/tutorial_taskflow_templates.py
[2025-01-17T14:09:14.113+0000] {processor.py:914} INFO - Processing file /home/airflow/.local/lib/python3.12/site-packages/airflow/example_dags/tutorial_taskflow_templates.py for tasks to queue
[2025-01-17T14:09:14.115+0000] {logging_mixin.py:190} INFO - [2025-01-17T14:09:14.115+0000] {dagbag.py:588} INFO - Filling up the DagBag from /home/airflow/.local/lib/python3.12/site-packages/airflow/example_dags/tutorial_taskflow_templates.py
[2025-01-17T14:09:14.129+0000] {processor.py:925} INFO - DAG(s) 'tutorial_taskflow_templates' retrieved from /home/airflow/.local/lib/python3.12/site-packages/airflow/example_dags/tutorial_taskflow_templates.py
[2025-01-17T14:09:14.147+0000] {logging_mixin.py:190} INFO - [2025-01-17T14:09:14.147+0000] {dag.py:3239} INFO - Sync 1 DAGs
[2025-01-17T14:09:14.169+0000] {logging_mixin.py:190} INFO - [2025-01-17T14:09:14.169+0000] {dag.py:4180} INFO - Setting next_dagrun for tutorial_taskflow_templates to 2025-01-16 00:00:00+00:00, run_after=2025-01-17 00:00:00+00:00
[2025-01-17T14:09:14.187+0000] {processor.py:208} INFO - Processing /home/airflow/.local/lib/python3.12/site-packages/airflow/example_dags/tutorial_taskflow_templates.py took 0.092 seconds
[2025-01-17T14:09:44.531+0000] {processor.py:186} INFO - Started process (PID=474) to work on /home/airflow/.local/lib/python3.12/site-packages/airflow/example_dags/tutorial_taskflow_templates.py
[2025-01-17T14:09:44.532+0000] {processor.py:914} INFO - Processing file /home/airflow/.local/lib/python3.12/site-packages/airflow/example_dags/tutorial_taskflow_templates.py for tasks to queue
[2025-01-17T14:09:44.535+0000] {logging_mixin.py:190} INFO - [2025-01-17T14:09:44.535+0000] {dagbag.py:588} INFO - Filling up the DagBag from /home/airflow/.local/lib/python3.12/site-packages/airflow/example_dags/tutorial_taskflow_templates.py
[2025-01-17T14:09:44.545+0000] {processor.py:925} INFO - DAG(s) 'tutorial_taskflow_templates' retrieved from /home/airflow/.local/lib/python3.12/site-packages/airflow/example_dags/tutorial_taskflow_templates.py
[2025-01-17T14:09:44.563+0000] {logging_mixin.py:190} INFO - [2025-01-17T14:09:44.563+0000] {dag.py:3239} INFO - Sync 1 DAGs
[2025-01-17T14:09:44.586+0000] {logging_mixin.py:190} INFO - [2025-01-17T14:09:44.585+0000] {dag.py:4180} INFO - Setting next_dagrun for tutorial_taskflow_templates to 2025-01-16 00:00:00+00:00, run_after=2025-01-17 00:00:00+00:00
[2025-01-17T14:09:44.603+0000] {processor.py:208} INFO - Processing /home/airflow/.local/lib/python3.12/site-packages/airflow/example_dags/tutorial_taskflow_templates.py took 0.077 seconds
[2025-01-17T14:10:14.809+0000] {processor.py:186} INFO - Started process (PID=537) to work on /home/airflow/.local/lib/python3.12/site-packages/airflow/example_dags/tutorial_taskflow_templates.py
[2025-01-17T14:10:14.810+0000] {processor.py:914} INFO - Processing file /home/airflow/.local/lib/python3.12/site-packages/airflow/example_dags/tutorial_taskflow_templates.py for tasks to queue
[2025-01-17T14:10:14.813+0000] {logging_mixin.py:190} INFO - [2025-01-17T14:10:14.813+0000] {dagbag.py:588} INFO - Filling up the DagBag from /home/airflow/.local/lib/python3.12/site-packages/airflow/example_dags/tutorial_taskflow_templates.py
[2025-01-17T14:10:14.827+0000] {processor.py:925} INFO - DAG(s) 'tutorial_taskflow_templates' retrieved from /home/airflow/.local/lib/python3.12/site-packages/airflow/example_dags/tutorial_taskflow_templates.py
[2025-01-17T14:10:14.848+0000] {logging_mixin.py:190} INFO - [2025-01-17T14:10:14.847+0000] {dag.py:3239} INFO - Sync 1 DAGs
[2025-01-17T14:10:14.873+0000] {logging_mixin.py:190} INFO - [2025-01-17T14:10:14.873+0000] {dag.py:4180} INFO - Setting next_dagrun for tutorial_taskflow_templates to 2025-01-16 00:00:00+00:00, run_after=2025-01-17 00:00:00+00:00
[2025-01-17T14:10:14.905+0000] {processor.py:208} INFO - Processing /home/airflow/.local/lib/python3.12/site-packages/airflow/example_dags/tutorial_taskflow_templates.py took 0.103 seconds
[2025-01-17T14:10:44.944+0000] {processor.py:186} INFO - Started process (PID=600) to work on /home/airflow/.local/lib/python3.12/site-packages/airflow/example_dags/tutorial_taskflow_templates.py
[2025-01-17T14:10:44.945+0000] {processor.py:914} INFO - Processing file /home/airflow/.local/lib/python3.12/site-packages/airflow/example_dags/tutorial_taskflow_templates.py for tasks to queue
[2025-01-17T14:10:44.948+0000] {logging_mixin.py:190} INFO - [2025-01-17T14:10:44.948+0000] {dagbag.py:588} INFO - Filling up the DagBag from /home/airflow/.local/lib/python3.12/site-packages/airflow/example_dags/tutorial_taskflow_templates.py
[2025-01-17T14:10:44.964+0000] {processor.py:925} INFO - DAG(s) 'tutorial_taskflow_templates' retrieved from /home/airflow/.local/lib/python3.12/site-packages/airflow/example_dags/tutorial_taskflow_templates.py
[2025-01-17T14:10:44.984+0000] {logging_mixin.py:190} INFO - [2025-01-17T14:10:44.983+0000] {dag.py:3239} INFO - Sync 1 DAGs
[2025-01-17T14:10:45.011+0000] {logging_mixin.py:190} INFO - [2025-01-17T14:10:45.010+0000] {dag.py:4180} INFO - Setting next_dagrun for tutorial_taskflow_templates to 2025-01-16 00:00:00+00:00, run_after=2025-01-17 00:00:00+00:00
[2025-01-17T14:10:45.032+0000] {processor.py:208} INFO - Processing /home/airflow/.local/lib/python3.12/site-packages/airflow/example_dags/tutorial_taskflow_templates.py took 0.094 seconds
[2025-01-17T14:11:15.398+0000] {processor.py:186} INFO - Started process (PID=669) to work on /home/airflow/.local/lib/python3.12/site-packages/airflow/example_dags/tutorial_taskflow_templates.py
[2025-01-17T14:11:15.399+0000] {processor.py:914} INFO - Processing file /home/airflow/.local/lib/python3.12/site-packages/airflow/example_dags/tutorial_taskflow_templates.py for tasks to queue
[2025-01-17T14:11:15.404+0000] {logging_mixin.py:190} INFO - [2025-01-17T14:11:15.403+0000] {dagbag.py:588} INFO - Filling up the DagBag from /home/airflow/.local/lib/python3.12/site-packages/airflow/example_dags/tutorial_taskflow_templates.py
[2025-01-17T14:11:15.424+0000] {processor.py:925} INFO - DAG(s) 'tutorial_taskflow_templates' retrieved from /home/airflow/.local/lib/python3.12/site-packages/airflow/example_dags/tutorial_taskflow_templates.py
[2025-01-17T14:11:15.470+0000] {logging_mixin.py:190} INFO - [2025-01-17T14:11:15.470+0000] {dag.py:3239} INFO - Sync 1 DAGs
[2025-01-17T14:11:15.511+0000] {logging_mixin.py:190} INFO - [2025-01-17T14:11:15.511+0000] {dag.py:4180} INFO - Setting next_dagrun for tutorial_taskflow_templates to 2025-01-16 00:00:00+00:00, run_after=2025-01-17 00:00:00+00:00
[2025-01-17T14:11:15.551+0000] {processor.py:208} INFO - Processing /home/airflow/.local/lib/python3.12/site-packages/airflow/example_dags/tutorial_taskflow_templates.py took 0.160 seconds
[2025-01-17T14:11:46.214+0000] {processor.py:186} INFO - Started process (PID=733) to work on /home/airflow/.local/lib/python3.12/site-packages/airflow/example_dags/tutorial_taskflow_templates.py
[2025-01-17T14:11:46.216+0000] {processor.py:914} INFO - Processing file /home/airflow/.local/lib/python3.12/site-packages/airflow/example_dags/tutorial_taskflow_templates.py for tasks to queue
[2025-01-17T14:11:46.223+0000] {logging_mixin.py:190} INFO - [2025-01-17T14:11:46.222+0000] {dagbag.py:588} INFO - Filling up the DagBag from /home/airflow/.local/lib/python3.12/site-packages/airflow/example_dags/tutorial_taskflow_templates.py
[2025-01-17T14:11:46.238+0000] {processor.py:925} INFO - DAG(s) 'tutorial_taskflow_templates' retrieved from /home/airflow/.local/lib/python3.12/site-packages/airflow/example_dags/tutorial_taskflow_templates.py
[2025-01-17T14:11:46.261+0000] {logging_mixin.py:190} INFO - [2025-01-17T14:11:46.260+0000] {dag.py:3239} INFO - Sync 1 DAGs
[2025-01-17T14:11:46.289+0000] {logging_mixin.py:190} INFO - [2025-01-17T14:11:46.289+0000] {dag.py:4180} INFO - Setting next_dagrun for tutorial_taskflow_templates to 2025-01-16 00:00:00+00:00, run_after=2025-01-17 00:00:00+00:00
[2025-01-17T14:11:46.307+0000] {processor.py:208} INFO - Processing /home/airflow/.local/lib/python3.12/site-packages/airflow/example_dags/tutorial_taskflow_templates.py took 0.106 seconds
[2025-01-17T14:12:17.043+0000] {processor.py:186} INFO - Started process (PID=796) to work on /home/airflow/.local/lib/python3.12/site-packages/airflow/example_dags/tutorial_taskflow_templates.py
[2025-01-17T14:12:17.044+0000] {processor.py:914} INFO - Processing file /home/airflow/.local/lib/python3.12/site-packages/airflow/example_dags/tutorial_taskflow_templates.py for tasks to queue
[2025-01-17T14:12:17.047+0000] {logging_mixin.py:190} INFO - [2025-01-17T14:12:17.047+0000] {dagbag.py:588} INFO - Filling up the DagBag from /home/airflow/.local/lib/python3.12/site-packages/airflow/example_dags/tutorial_taskflow_templates.py
[2025-01-17T14:12:17.059+0000] {processor.py:925} INFO - DAG(s) 'tutorial_taskflow_templates' retrieved from /home/airflow/.local/lib/python3.12/site-packages/airflow/example_dags/tutorial_taskflow_templates.py
[2025-01-17T14:12:17.076+0000] {logging_mixin.py:190} INFO - [2025-01-17T14:12:17.076+0000] {dag.py:3239} INFO - Sync 1 DAGs
[2025-01-17T14:12:17.097+0000] {logging_mixin.py:190} INFO - [2025-01-17T14:12:17.096+0000] {dag.py:4180} INFO - Setting next_dagrun for tutorial_taskflow_templates to 2025-01-16 00:00:00+00:00, run_after=2025-01-17 00:00:00+00:00
[2025-01-17T14:12:17.114+0000] {processor.py:208} INFO - Processing /home/airflow/.local/lib/python3.12/site-packages/airflow/example_dags/tutorial_taskflow_templates.py took 0.076 seconds
[2025-01-17T14:12:47.525+0000] {processor.py:186} INFO - Started process (PID=859) to work on /home/airflow/.local/lib/python3.12/site-packages/airflow/example_dags/tutorial_taskflow_templates.py
[2025-01-17T14:12:47.528+0000] {processor.py:914} INFO - Processing file /home/airflow/.local/lib/python3.12/site-packages/airflow/example_dags/tutorial_taskflow_templates.py for tasks to queue
[2025-01-17T14:12:47.534+0000] {logging_mixin.py:190} INFO - [2025-01-17T14:12:47.533+0000] {dagbag.py:588} INFO - Filling up the DagBag from /home/airflow/.local/lib/python3.12/site-packages/airflow/example_dags/tutorial_taskflow_templates.py
[2025-01-17T14:12:47.554+0000] {processor.py:925} INFO - DAG(s) 'tutorial_taskflow_templates' retrieved from /home/airflow/.local/lib/python3.12/site-packages/airflow/example_dags/tutorial_taskflow_templates.py
[2025-01-17T14:12:47.578+0000] {logging_mixin.py:190} INFO - [2025-01-17T14:12:47.578+0000] {dag.py:3239} INFO - Sync 1 DAGs
[2025-01-17T14:12:47.606+0000] {logging_mixin.py:190} INFO - [2025-01-17T14:12:47.606+0000] {dag.py:4180} INFO - Setting next_dagrun for tutorial_taskflow_templates to 2025-01-16 00:00:00+00:00, run_after=2025-01-17 00:00:00+00:00
[2025-01-17T14:12:47.634+0000] {processor.py:208} INFO - Processing /home/airflow/.local/lib/python3.12/site-packages/airflow/example_dags/tutorial_taskflow_templates.py took 0.116 seconds
[2025-01-17T14:13:17.707+0000] {processor.py:186} INFO - Started process (PID=922) to work on /home/airflow/.local/lib/python3.12/site-packages/airflow/example_dags/tutorial_taskflow_templates.py
[2025-01-17T14:13:17.708+0000] {processor.py:914} INFO - Processing file /home/airflow/.local/lib/python3.12/site-packages/airflow/example_dags/tutorial_taskflow_templates.py for tasks to queue
[2025-01-17T14:13:17.710+0000] {logging_mixin.py:190} INFO - [2025-01-17T14:13:17.710+0000] {dagbag.py:588} INFO - Filling up the DagBag from /home/airflow/.local/lib/python3.12/site-packages/airflow/example_dags/tutorial_taskflow_templates.py
[2025-01-17T14:13:17.723+0000] {processor.py:925} INFO - DAG(s) 'tutorial_taskflow_templates' retrieved from /home/airflow/.local/lib/python3.12/site-packages/airflow/example_dags/tutorial_taskflow_templates.py
[2025-01-17T14:13:17.741+0000] {logging_mixin.py:190} INFO - [2025-01-17T14:13:17.741+0000] {dag.py:3239} INFO - Sync 1 DAGs
[2025-01-17T14:13:17.766+0000] {logging_mixin.py:190} INFO - [2025-01-17T14:13:17.765+0000] {dag.py:4180} INFO - Setting next_dagrun for tutorial_taskflow_templates to 2025-01-16 00:00:00+00:00, run_after=2025-01-17 00:00:00+00:00
[2025-01-17T14:13:17.786+0000] {processor.py:208} INFO - Processing /home/airflow/.local/lib/python3.12/site-packages/airflow/example_dags/tutorial_taskflow_templates.py took 0.084 seconds
[2025-01-17T14:13:47.983+0000] {processor.py:186} INFO - Started process (PID=986) to work on /home/airflow/.local/lib/python3.12/site-packages/airflow/example_dags/tutorial_taskflow_templates.py
[2025-01-17T14:13:47.984+0000] {processor.py:914} INFO - Processing file /home/airflow/.local/lib/python3.12/site-packages/airflow/example_dags/tutorial_taskflow_templates.py for tasks to queue
[2025-01-17T14:13:47.988+0000] {logging_mixin.py:190} INFO - [2025-01-17T14:13:47.988+0000] {dagbag.py:588} INFO - Filling up the DagBag from /home/airflow/.local/lib/python3.12/site-packages/airflow/example_dags/tutorial_taskflow_templates.py
[2025-01-17T14:13:48.000+0000] {processor.py:925} INFO - DAG(s) 'tutorial_taskflow_templates' retrieved from /home/airflow/.local/lib/python3.12/site-packages/airflow/example_dags/tutorial_taskflow_templates.py
[2025-01-17T14:13:48.024+0000] {logging_mixin.py:190} INFO - [2025-01-17T14:13:48.023+0000] {dag.py:3239} INFO - Sync 1 DAGs
[2025-01-17T14:13:48.049+0000] {logging_mixin.py:190} INFO - [2025-01-17T14:13:48.049+0000] {dag.py:4180} INFO - Setting next_dagrun for tutorial_taskflow_templates to 2025-01-16 00:00:00+00:00, run_after=2025-01-17 00:00:00+00:00
[2025-01-17T14:13:48.072+0000] {processor.py:208} INFO - Processing /home/airflow/.local/lib/python3.12/site-packages/airflow/example_dags/tutorial_taskflow_templates.py took 0.094 seconds
