[2025-01-17T14:06:34.439+0000] {processor.py:186} INFO - Started process (PID=78) to work on /home/airflow/.local/lib/python3.12/site-packages/airflow/example_dags/tutorial_objectstorage.py
[2025-01-17T14:06:34.443+0000] {processor.py:914} INFO - Processing file /home/airflow/.local/lib/python3.12/site-packages/airflow/example_dags/tutorial_objectstorage.py for tasks to queue
[2025-01-17T14:06:34.454+0000] {logging_mixin.py:190} INFO - [2025-01-17T14:06:34.449+0000] {dagbag.py:588} INFO - Filling up the DagBag from /home/airflow/.local/lib/python3.12/site-packages/airflow/example_dags/tutorial_objectstorage.py
[2025-01-17T14:06:34.486+0000] {processor.py:925} INFO - DAG(s) 'tutorial_objectstorage' retrieved from /home/airflow/.local/lib/python3.12/site-packages/airflow/example_dags/tutorial_objectstorage.py
[2025-01-17T14:06:35.467+0000] {logging_mixin.py:190} INFO - [2025-01-17T14:06:35.466+0000] {override.py:1911} INFO - Created Permission View: can read on DAG:tutorial_objectstorage
[2025-01-17T14:06:35.513+0000] {logging_mixin.py:190} INFO - [2025-01-17T14:06:35.513+0000] {override.py:1911} INFO - Created Permission View: can delete on DAG:tutorial_objectstorage
[2025-01-17T14:06:35.533+0000] {logging_mixin.py:190} INFO - [2025-01-17T14:06:35.532+0000] {override.py:1911} INFO - Created Permission View: can edit on DAG:tutorial_objectstorage
[2025-01-17T14:06:35.561+0000] {logging_mixin.py:190} INFO - [2025-01-17T14:06:35.561+0000] {override.py:1911} INFO - Created Permission View: menu access on DAG Run:tutorial_objectstorage
[2025-01-17T14:06:35.591+0000] {logging_mixin.py:190} INFO - [2025-01-17T14:06:35.590+0000] {override.py:1911} INFO - Created Permission View: can read on DAG Run:tutorial_objectstorage
[2025-01-17T14:06:35.613+0000] {logging_mixin.py:190} INFO - [2025-01-17T14:06:35.613+0000] {override.py:1911} INFO - Created Permission View: can delete on DAG Run:tutorial_objectstorage
[2025-01-17T14:06:35.635+0000] {logging_mixin.py:190} INFO - [2025-01-17T14:06:35.631+0000] {override.py:1911} INFO - Created Permission View: can create on DAG Run:tutorial_objectstorage
[2025-01-17T14:06:35.648+0000] {logging_mixin.py:190} INFO - [2025-01-17T14:06:35.648+0000] {dag.py:3239} INFO - Sync 1 DAGs
[2025-01-17T14:06:35.720+0000] {logging_mixin.py:190} INFO - [2025-01-17T14:06:35.719+0000] {dag.py:3262} INFO - Creating ORM DAG for tutorial_objectstorage
[2025-01-17T14:06:35.721+0000] {logging_mixin.py:190} INFO - [2025-01-17T14:06:35.721+0000] {dag.py:4180} INFO - Setting next_dagrun for tutorial_objectstorage to None, run_after=None
[2025-01-17T14:06:35.772+0000] {processor.py:208} INFO - Processing /home/airflow/.local/lib/python3.12/site-packages/airflow/example_dags/tutorial_objectstorage.py took 1.353 seconds
[2025-01-17T14:07:05.841+0000] {processor.py:186} INFO - Started process (PID=142) to work on /home/airflow/.local/lib/python3.12/site-packages/airflow/example_dags/tutorial_objectstorage.py
[2025-01-17T14:07:05.842+0000] {processor.py:914} INFO - Processing file /home/airflow/.local/lib/python3.12/site-packages/airflow/example_dags/tutorial_objectstorage.py for tasks to queue
[2025-01-17T14:07:05.844+0000] {logging_mixin.py:190} INFO - [2025-01-17T14:07:05.843+0000] {dagbag.py:588} INFO - Filling up the DagBag from /home/airflow/.local/lib/python3.12/site-packages/airflow/example_dags/tutorial_objectstorage.py
[2025-01-17T14:07:05.853+0000] {processor.py:925} INFO - DAG(s) 'tutorial_objectstorage' retrieved from /home/airflow/.local/lib/python3.12/site-packages/airflow/example_dags/tutorial_objectstorage.py
[2025-01-17T14:07:05.869+0000] {logging_mixin.py:190} INFO - [2025-01-17T14:07:05.869+0000] {dag.py:3239} INFO - Sync 1 DAGs
[2025-01-17T14:07:05.882+0000] {logging_mixin.py:190} INFO - [2025-01-17T14:07:05.881+0000] {dag.py:4180} INFO - Setting next_dagrun for tutorial_objectstorage to None, run_after=None
[2025-01-17T14:07:05.900+0000] {processor.py:208} INFO - Processing /home/airflow/.local/lib/python3.12/site-packages/airflow/example_dags/tutorial_objectstorage.py took 0.064 seconds
[2025-01-17T14:07:36.041+0000] {processor.py:186} INFO - Started process (PID=205) to work on /home/airflow/.local/lib/python3.12/site-packages/airflow/example_dags/tutorial_objectstorage.py
[2025-01-17T14:07:36.042+0000] {processor.py:914} INFO - Processing file /home/airflow/.local/lib/python3.12/site-packages/airflow/example_dags/tutorial_objectstorage.py for tasks to queue
[2025-01-17T14:07:36.044+0000] {logging_mixin.py:190} INFO - [2025-01-17T14:07:36.044+0000] {dagbag.py:588} INFO - Filling up the DagBag from /home/airflow/.local/lib/python3.12/site-packages/airflow/example_dags/tutorial_objectstorage.py
[2025-01-17T14:07:36.053+0000] {processor.py:925} INFO - DAG(s) 'tutorial_objectstorage' retrieved from /home/airflow/.local/lib/python3.12/site-packages/airflow/example_dags/tutorial_objectstorage.py
[2025-01-17T14:07:36.069+0000] {logging_mixin.py:190} INFO - [2025-01-17T14:07:36.069+0000] {dag.py:3239} INFO - Sync 1 DAGs
[2025-01-17T14:07:36.080+0000] {logging_mixin.py:190} INFO - [2025-01-17T14:07:36.080+0000] {dag.py:4180} INFO - Setting next_dagrun for tutorial_objectstorage to None, run_after=None
[2025-01-17T14:07:36.098+0000] {processor.py:208} INFO - Processing /home/airflow/.local/lib/python3.12/site-packages/airflow/example_dags/tutorial_objectstorage.py took 0.063 seconds
[2025-01-17T14:08:06.335+0000] {processor.py:186} INFO - Started process (PID=268) to work on /home/airflow/.local/lib/python3.12/site-packages/airflow/example_dags/tutorial_objectstorage.py
[2025-01-17T14:08:06.336+0000] {processor.py:914} INFO - Processing file /home/airflow/.local/lib/python3.12/site-packages/airflow/example_dags/tutorial_objectstorage.py for tasks to queue
[2025-01-17T14:08:06.340+0000] {logging_mixin.py:190} INFO - [2025-01-17T14:08:06.339+0000] {dagbag.py:588} INFO - Filling up the DagBag from /home/airflow/.local/lib/python3.12/site-packages/airflow/example_dags/tutorial_objectstorage.py
[2025-01-17T14:08:06.348+0000] {processor.py:925} INFO - DAG(s) 'tutorial_objectstorage' retrieved from /home/airflow/.local/lib/python3.12/site-packages/airflow/example_dags/tutorial_objectstorage.py
[2025-01-17T14:08:06.366+0000] {logging_mixin.py:190} INFO - [2025-01-17T14:08:06.365+0000] {dag.py:3239} INFO - Sync 1 DAGs
[2025-01-17T14:08:06.379+0000] {logging_mixin.py:190} INFO - [2025-01-17T14:08:06.378+0000] {dag.py:4180} INFO - Setting next_dagrun for tutorial_objectstorage to None, run_after=None
[2025-01-17T14:08:06.398+0000] {processor.py:208} INFO - Processing /home/airflow/.local/lib/python3.12/site-packages/airflow/example_dags/tutorial_objectstorage.py took 0.068 seconds
[2025-01-17T14:08:37.271+0000] {processor.py:186} INFO - Started process (PID=332) to work on /home/airflow/.local/lib/python3.12/site-packages/airflow/example_dags/tutorial_objectstorage.py
[2025-01-17T14:08:37.272+0000] {processor.py:914} INFO - Processing file /home/airflow/.local/lib/python3.12/site-packages/airflow/example_dags/tutorial_objectstorage.py for tasks to queue
[2025-01-17T14:08:37.275+0000] {logging_mixin.py:190} INFO - [2025-01-17T14:08:37.275+0000] {dagbag.py:588} INFO - Filling up the DagBag from /home/airflow/.local/lib/python3.12/site-packages/airflow/example_dags/tutorial_objectstorage.py
[2025-01-17T14:08:37.288+0000] {processor.py:925} INFO - DAG(s) 'tutorial_objectstorage' retrieved from /home/airflow/.local/lib/python3.12/site-packages/airflow/example_dags/tutorial_objectstorage.py
[2025-01-17T14:08:37.316+0000] {logging_mixin.py:190} INFO - [2025-01-17T14:08:37.316+0000] {dag.py:3239} INFO - Sync 1 DAGs
[2025-01-17T14:08:37.335+0000] {logging_mixin.py:190} INFO - [2025-01-17T14:08:37.335+0000] {dag.py:4180} INFO - Setting next_dagrun for tutorial_objectstorage to None, run_after=None
[2025-01-17T14:08:37.369+0000] {processor.py:208} INFO - Processing /home/airflow/.local/lib/python3.12/site-packages/airflow/example_dags/tutorial_objectstorage.py took 0.107 seconds
[2025-01-17T14:09:07.932+0000] {processor.py:186} INFO - Started process (PID=396) to work on /home/airflow/.local/lib/python3.12/site-packages/airflow/example_dags/tutorial_objectstorage.py
[2025-01-17T14:09:07.934+0000] {processor.py:914} INFO - Processing file /home/airflow/.local/lib/python3.12/site-packages/airflow/example_dags/tutorial_objectstorage.py for tasks to queue
[2025-01-17T14:09:07.937+0000] {logging_mixin.py:190} INFO - [2025-01-17T14:09:07.937+0000] {dagbag.py:588} INFO - Filling up the DagBag from /home/airflow/.local/lib/python3.12/site-packages/airflow/example_dags/tutorial_objectstorage.py
[2025-01-17T14:09:07.953+0000] {processor.py:925} INFO - DAG(s) 'tutorial_objectstorage' retrieved from /home/airflow/.local/lib/python3.12/site-packages/airflow/example_dags/tutorial_objectstorage.py
[2025-01-17T14:09:07.980+0000] {logging_mixin.py:190} INFO - [2025-01-17T14:09:07.980+0000] {dag.py:3239} INFO - Sync 1 DAGs
[2025-01-17T14:09:07.999+0000] {logging_mixin.py:190} INFO - [2025-01-17T14:09:07.999+0000] {dag.py:4180} INFO - Setting next_dagrun for tutorial_objectstorage to None, run_after=None
[2025-01-17T14:09:08.027+0000] {processor.py:208} INFO - Processing /home/airflow/.local/lib/python3.12/site-packages/airflow/example_dags/tutorial_objectstorage.py took 0.103 seconds
[2025-01-17T14:09:38.420+0000] {processor.py:186} INFO - Started process (PID=459) to work on /home/airflow/.local/lib/python3.12/site-packages/airflow/example_dags/tutorial_objectstorage.py
[2025-01-17T14:09:38.422+0000] {processor.py:914} INFO - Processing file /home/airflow/.local/lib/python3.12/site-packages/airflow/example_dags/tutorial_objectstorage.py for tasks to queue
[2025-01-17T14:09:38.425+0000] {logging_mixin.py:190} INFO - [2025-01-17T14:09:38.425+0000] {dagbag.py:588} INFO - Filling up the DagBag from /home/airflow/.local/lib/python3.12/site-packages/airflow/example_dags/tutorial_objectstorage.py
[2025-01-17T14:09:38.433+0000] {processor.py:925} INFO - DAG(s) 'tutorial_objectstorage' retrieved from /home/airflow/.local/lib/python3.12/site-packages/airflow/example_dags/tutorial_objectstorage.py
[2025-01-17T14:09:38.457+0000] {logging_mixin.py:190} INFO - [2025-01-17T14:09:38.456+0000] {dag.py:3239} INFO - Sync 1 DAGs
[2025-01-17T14:09:38.482+0000] {logging_mixin.py:190} INFO - [2025-01-17T14:09:38.481+0000] {dag.py:4180} INFO - Setting next_dagrun for tutorial_objectstorage to None, run_after=None
[2025-01-17T14:09:38.535+0000] {processor.py:208} INFO - Processing /home/airflow/.local/lib/python3.12/site-packages/airflow/example_dags/tutorial_objectstorage.py took 0.120 seconds
[2025-01-17T14:10:08.712+0000] {processor.py:186} INFO - Started process (PID=522) to work on /home/airflow/.local/lib/python3.12/site-packages/airflow/example_dags/tutorial_objectstorage.py
[2025-01-17T14:10:08.713+0000] {processor.py:914} INFO - Processing file /home/airflow/.local/lib/python3.12/site-packages/airflow/example_dags/tutorial_objectstorage.py for tasks to queue
[2025-01-17T14:10:08.717+0000] {logging_mixin.py:190} INFO - [2025-01-17T14:10:08.716+0000] {dagbag.py:588} INFO - Filling up the DagBag from /home/airflow/.local/lib/python3.12/site-packages/airflow/example_dags/tutorial_objectstorage.py
[2025-01-17T14:10:08.729+0000] {processor.py:925} INFO - DAG(s) 'tutorial_objectstorage' retrieved from /home/airflow/.local/lib/python3.12/site-packages/airflow/example_dags/tutorial_objectstorage.py
[2025-01-17T14:10:08.752+0000] {logging_mixin.py:190} INFO - [2025-01-17T14:10:08.752+0000] {dag.py:3239} INFO - Sync 1 DAGs
[2025-01-17T14:10:08.767+0000] {logging_mixin.py:190} INFO - [2025-01-17T14:10:08.767+0000] {dag.py:4180} INFO - Setting next_dagrun for tutorial_objectstorage to None, run_after=None
[2025-01-17T14:10:08.786+0000] {processor.py:208} INFO - Processing /home/airflow/.local/lib/python3.12/site-packages/airflow/example_dags/tutorial_objectstorage.py took 0.081 seconds
[2025-01-17T14:10:39.051+0000] {processor.py:186} INFO - Started process (PID=585) to work on /home/airflow/.local/lib/python3.12/site-packages/airflow/example_dags/tutorial_objectstorage.py
[2025-01-17T14:10:39.052+0000] {processor.py:914} INFO - Processing file /home/airflow/.local/lib/python3.12/site-packages/airflow/example_dags/tutorial_objectstorage.py for tasks to queue
[2025-01-17T14:10:39.055+0000] {logging_mixin.py:190} INFO - [2025-01-17T14:10:39.054+0000] {dagbag.py:588} INFO - Filling up the DagBag from /home/airflow/.local/lib/python3.12/site-packages/airflow/example_dags/tutorial_objectstorage.py
[2025-01-17T14:10:39.064+0000] {processor.py:925} INFO - DAG(s) 'tutorial_objectstorage' retrieved from /home/airflow/.local/lib/python3.12/site-packages/airflow/example_dags/tutorial_objectstorage.py
[2025-01-17T14:10:39.082+0000] {logging_mixin.py:190} INFO - [2025-01-17T14:10:39.081+0000] {dag.py:3239} INFO - Sync 1 DAGs
[2025-01-17T14:10:39.098+0000] {logging_mixin.py:190} INFO - [2025-01-17T14:10:39.098+0000] {dag.py:4180} INFO - Setting next_dagrun for tutorial_objectstorage to None, run_after=None
[2025-01-17T14:10:39.130+0000] {processor.py:208} INFO - Processing /home/airflow/.local/lib/python3.12/site-packages/airflow/example_dags/tutorial_objectstorage.py took 0.085 seconds
[2025-01-17T14:11:09.987+0000] {processor.py:186} INFO - Started process (PID=648) to work on /home/airflow/.local/lib/python3.12/site-packages/airflow/example_dags/tutorial_objectstorage.py
[2025-01-17T14:11:09.989+0000] {processor.py:914} INFO - Processing file /home/airflow/.local/lib/python3.12/site-packages/airflow/example_dags/tutorial_objectstorage.py for tasks to queue
[2025-01-17T14:11:09.992+0000] {logging_mixin.py:190} INFO - [2025-01-17T14:11:09.992+0000] {dagbag.py:588} INFO - Filling up the DagBag from /home/airflow/.local/lib/python3.12/site-packages/airflow/example_dags/tutorial_objectstorage.py
[2025-01-17T14:11:10.002+0000] {processor.py:925} INFO - DAG(s) 'tutorial_objectstorage' retrieved from /home/airflow/.local/lib/python3.12/site-packages/airflow/example_dags/tutorial_objectstorage.py
[2025-01-17T14:11:10.026+0000] {logging_mixin.py:190} INFO - [2025-01-17T14:11:10.026+0000] {dag.py:3239} INFO - Sync 1 DAGs
[2025-01-17T14:11:10.048+0000] {logging_mixin.py:190} INFO - [2025-01-17T14:11:10.047+0000] {dag.py:4180} INFO - Setting next_dagrun for tutorial_objectstorage to None, run_after=None
[2025-01-17T14:11:10.075+0000] {processor.py:208} INFO - Processing /home/airflow/.local/lib/python3.12/site-packages/airflow/example_dags/tutorial_objectstorage.py took 0.096 seconds
[2025-01-17T14:11:40.201+0000] {processor.py:186} INFO - Started process (PID=711) to work on /home/airflow/.local/lib/python3.12/site-packages/airflow/example_dags/tutorial_objectstorage.py
[2025-01-17T14:11:40.202+0000] {processor.py:914} INFO - Processing file /home/airflow/.local/lib/python3.12/site-packages/airflow/example_dags/tutorial_objectstorage.py for tasks to queue
[2025-01-17T14:11:40.204+0000] {logging_mixin.py:190} INFO - [2025-01-17T14:11:40.204+0000] {dagbag.py:588} INFO - Filling up the DagBag from /home/airflow/.local/lib/python3.12/site-packages/airflow/example_dags/tutorial_objectstorage.py
[2025-01-17T14:11:40.214+0000] {processor.py:925} INFO - DAG(s) 'tutorial_objectstorage' retrieved from /home/airflow/.local/lib/python3.12/site-packages/airflow/example_dags/tutorial_objectstorage.py
[2025-01-17T14:11:40.232+0000] {logging_mixin.py:190} INFO - [2025-01-17T14:11:40.231+0000] {dag.py:3239} INFO - Sync 1 DAGs
[2025-01-17T14:11:40.245+0000] {logging_mixin.py:190} INFO - [2025-01-17T14:11:40.245+0000] {dag.py:4180} INFO - Setting next_dagrun for tutorial_objectstorage to None, run_after=None
[2025-01-17T14:11:40.274+0000] {processor.py:208} INFO - Processing /home/airflow/.local/lib/python3.12/site-packages/airflow/example_dags/tutorial_objectstorage.py took 0.077 seconds
[2025-01-17T14:12:10.978+0000] {processor.py:186} INFO - Started process (PID=775) to work on /home/airflow/.local/lib/python3.12/site-packages/airflow/example_dags/tutorial_objectstorage.py
[2025-01-17T14:12:10.979+0000] {processor.py:914} INFO - Processing file /home/airflow/.local/lib/python3.12/site-packages/airflow/example_dags/tutorial_objectstorage.py for tasks to queue
[2025-01-17T14:12:10.982+0000] {logging_mixin.py:190} INFO - [2025-01-17T14:12:10.981+0000] {dagbag.py:588} INFO - Filling up the DagBag from /home/airflow/.local/lib/python3.12/site-packages/airflow/example_dags/tutorial_objectstorage.py
[2025-01-17T14:12:10.990+0000] {processor.py:925} INFO - DAG(s) 'tutorial_objectstorage' retrieved from /home/airflow/.local/lib/python3.12/site-packages/airflow/example_dags/tutorial_objectstorage.py
[2025-01-17T14:12:11.008+0000] {logging_mixin.py:190} INFO - [2025-01-17T14:12:11.008+0000] {dag.py:3239} INFO - Sync 1 DAGs
[2025-01-17T14:12:11.024+0000] {logging_mixin.py:190} INFO - [2025-01-17T14:12:11.024+0000] {dag.py:4180} INFO - Setting next_dagrun for tutorial_objectstorage to None, run_after=None
[2025-01-17T14:12:11.046+0000] {processor.py:208} INFO - Processing /home/airflow/.local/lib/python3.12/site-packages/airflow/example_dags/tutorial_objectstorage.py took 0.074 seconds
[2025-01-17T14:12:41.567+0000] {processor.py:186} INFO - Started process (PID=838) to work on /home/airflow/.local/lib/python3.12/site-packages/airflow/example_dags/tutorial_objectstorage.py
[2025-01-17T14:12:41.569+0000] {processor.py:914} INFO - Processing file /home/airflow/.local/lib/python3.12/site-packages/airflow/example_dags/tutorial_objectstorage.py for tasks to queue
[2025-01-17T14:12:41.573+0000] {logging_mixin.py:190} INFO - [2025-01-17T14:12:41.572+0000] {dagbag.py:588} INFO - Filling up the DagBag from /home/airflow/.local/lib/python3.12/site-packages/airflow/example_dags/tutorial_objectstorage.py
[2025-01-17T14:12:41.583+0000] {processor.py:925} INFO - DAG(s) 'tutorial_objectstorage' retrieved from /home/airflow/.local/lib/python3.12/site-packages/airflow/example_dags/tutorial_objectstorage.py
[2025-01-17T14:12:41.606+0000] {logging_mixin.py:190} INFO - [2025-01-17T14:12:41.606+0000] {dag.py:3239} INFO - Sync 1 DAGs
[2025-01-17T14:12:41.622+0000] {logging_mixin.py:190} INFO - [2025-01-17T14:12:41.621+0000] {dag.py:4180} INFO - Setting next_dagrun for tutorial_objectstorage to None, run_after=None
[2025-01-17T14:12:41.657+0000] {processor.py:208} INFO - Processing /home/airflow/.local/lib/python3.12/site-packages/airflow/example_dags/tutorial_objectstorage.py took 0.096 seconds
[2025-01-17T14:13:11.759+0000] {processor.py:186} INFO - Started process (PID=901) to work on /home/airflow/.local/lib/python3.12/site-packages/airflow/example_dags/tutorial_objectstorage.py
[2025-01-17T14:13:11.760+0000] {processor.py:914} INFO - Processing file /home/airflow/.local/lib/python3.12/site-packages/airflow/example_dags/tutorial_objectstorage.py for tasks to queue
[2025-01-17T14:13:11.762+0000] {logging_mixin.py:190} INFO - [2025-01-17T14:13:11.762+0000] {dagbag.py:588} INFO - Filling up the DagBag from /home/airflow/.local/lib/python3.12/site-packages/airflow/example_dags/tutorial_objectstorage.py
[2025-01-17T14:13:11.770+0000] {processor.py:925} INFO - DAG(s) 'tutorial_objectstorage' retrieved from /home/airflow/.local/lib/python3.12/site-packages/airflow/example_dags/tutorial_objectstorage.py
[2025-01-17T14:13:11.789+0000] {logging_mixin.py:190} INFO - [2025-01-17T14:13:11.788+0000] {dag.py:3239} INFO - Sync 1 DAGs
[2025-01-17T14:13:11.801+0000] {logging_mixin.py:190} INFO - [2025-01-17T14:13:11.801+0000] {dag.py:4180} INFO - Setting next_dagrun for tutorial_objectstorage to None, run_after=None
[2025-01-17T14:13:11.820+0000] {processor.py:208} INFO - Processing /home/airflow/.local/lib/python3.12/site-packages/airflow/example_dags/tutorial_objectstorage.py took 0.066 seconds
[2025-01-17T14:13:41.934+0000] {processor.py:186} INFO - Started process (PID=964) to work on /home/airflow/.local/lib/python3.12/site-packages/airflow/example_dags/tutorial_objectstorage.py
[2025-01-17T14:13:41.935+0000] {processor.py:914} INFO - Processing file /home/airflow/.local/lib/python3.12/site-packages/airflow/example_dags/tutorial_objectstorage.py for tasks to queue
[2025-01-17T14:13:41.936+0000] {logging_mixin.py:190} INFO - [2025-01-17T14:13:41.936+0000] {dagbag.py:588} INFO - Filling up the DagBag from /home/airflow/.local/lib/python3.12/site-packages/airflow/example_dags/tutorial_objectstorage.py
[2025-01-17T14:13:41.945+0000] {processor.py:925} INFO - DAG(s) 'tutorial_objectstorage' retrieved from /home/airflow/.local/lib/python3.12/site-packages/airflow/example_dags/tutorial_objectstorage.py
[2025-01-17T14:13:41.964+0000] {logging_mixin.py:190} INFO - [2025-01-17T14:13:41.964+0000] {dag.py:3239} INFO - Sync 1 DAGs
[2025-01-17T14:13:41.984+0000] {logging_mixin.py:190} INFO - [2025-01-17T14:13:41.983+0000] {dag.py:4180} INFO - Setting next_dagrun for tutorial_objectstorage to None, run_after=None
[2025-01-17T14:13:42.008+0000] {processor.py:208} INFO - Processing /home/airflow/.local/lib/python3.12/site-packages/airflow/example_dags/tutorial_objectstorage.py took 0.079 seconds
