[2025-01-17T14:06:44.240+0000] {processor.py:186} INFO - Started process (PID=102) to work on /home/airflow/.local/lib/python3.12/site-packages/airflow/example_dags/tutorial.py
[2025-01-17T14:06:44.242+0000] {processor.py:914} INFO - Processing file /home/airflow/.local/lib/python3.12/site-packages/airflow/example_dags/tutorial.py for tasks to queue
[2025-01-17T14:06:44.245+0000] {logging_mixin.py:190} INFO - [2025-01-17T14:06:44.244+0000] {dagbag.py:588} INFO - Filling up the DagBag from /home/airflow/.local/lib/python3.12/site-packages/airflow/example_dags/tutorial.py
[2025-01-17T14:06:44.257+0000] {processor.py:925} INFO - DAG(s) 'tutorial' retrieved from /home/airflow/.local/lib/python3.12/site-packages/airflow/example_dags/tutorial.py
[2025-01-17T14:06:44.397+0000] {logging_mixin.py:190} INFO - [2025-01-17T14:06:44.396+0000] {override.py:1911} INFO - Created Permission View: can read on DAG:tutorial
[2025-01-17T14:06:44.414+0000] {logging_mixin.py:190} INFO - [2025-01-17T14:06:44.414+0000] {override.py:1911} INFO - Created Permission View: can delete on DAG:tutorial
[2025-01-17T14:06:44.425+0000] {logging_mixin.py:190} INFO - [2025-01-17T14:06:44.425+0000] {override.py:1911} INFO - Created Permission View: can edit on DAG:tutorial
[2025-01-17T14:06:44.436+0000] {logging_mixin.py:190} INFO - [2025-01-17T14:06:44.435+0000] {override.py:1911} INFO - Created Permission View: menu access on DAG Run:tutorial
[2025-01-17T14:06:44.457+0000] {logging_mixin.py:190} INFO - [2025-01-17T14:06:44.456+0000] {override.py:1911} INFO - Created Permission View: can read on DAG Run:tutorial
[2025-01-17T14:06:44.468+0000] {logging_mixin.py:190} INFO - [2025-01-17T14:06:44.467+0000] {override.py:1911} INFO - Created Permission View: can delete on DAG Run:tutorial
[2025-01-17T14:06:44.479+0000] {logging_mixin.py:190} INFO - [2025-01-17T14:06:44.479+0000] {override.py:1911} INFO - Created Permission View: can create on DAG Run:tutorial
[2025-01-17T14:06:44.480+0000] {logging_mixin.py:190} INFO - [2025-01-17T14:06:44.480+0000] {dag.py:3239} INFO - Sync 1 DAGs
[2025-01-17T14:06:44.495+0000] {logging_mixin.py:190} INFO - [2025-01-17T14:06:44.495+0000] {dag.py:3262} INFO - Creating ORM DAG for tutorial
[2025-01-17T14:06:44.511+0000] {logging_mixin.py:190} INFO - [2025-01-17T14:06:44.510+0000] {dag.py:4180} INFO - Setting next_dagrun for tutorial to 2025-01-16 00:00:00+00:00, run_after=2025-01-17 00:00:00+00:00
[2025-01-17T14:06:44.532+0000] {processor.py:208} INFO - Processing /home/airflow/.local/lib/python3.12/site-packages/airflow/example_dags/tutorial.py took 0.301 seconds
[2025-01-17T14:07:15.152+0000] {processor.py:186} INFO - Started process (PID=172) to work on /home/airflow/.local/lib/python3.12/site-packages/airflow/example_dags/tutorial.py
[2025-01-17T14:07:15.155+0000] {processor.py:914} INFO - Processing file /home/airflow/.local/lib/python3.12/site-packages/airflow/example_dags/tutorial.py for tasks to queue
[2025-01-17T14:07:15.159+0000] {logging_mixin.py:190} INFO - [2025-01-17T14:07:15.159+0000] {dagbag.py:588} INFO - Filling up the DagBag from /home/airflow/.local/lib/python3.12/site-packages/airflow/example_dags/tutorial.py
[2025-01-17T14:07:15.168+0000] {processor.py:925} INFO - DAG(s) 'tutorial' retrieved from /home/airflow/.local/lib/python3.12/site-packages/airflow/example_dags/tutorial.py
[2025-01-17T14:07:15.189+0000] {logging_mixin.py:190} INFO - [2025-01-17T14:07:15.189+0000] {dag.py:3239} INFO - Sync 1 DAGs
[2025-01-17T14:07:15.210+0000] {logging_mixin.py:190} INFO - [2025-01-17T14:07:15.209+0000] {dag.py:4180} INFO - Setting next_dagrun for tutorial to 2025-01-16 00:00:00+00:00, run_after=2025-01-17 00:00:00+00:00
[2025-01-17T14:07:15.238+0000] {processor.py:208} INFO - Processing /home/airflow/.local/lib/python3.12/site-packages/airflow/example_dags/tutorial.py took 0.092 seconds
[2025-01-17T14:07:45.849+0000] {processor.py:186} INFO - Started process (PID=235) to work on /home/airflow/.local/lib/python3.12/site-packages/airflow/example_dags/tutorial.py
[2025-01-17T14:07:45.850+0000] {processor.py:914} INFO - Processing file /home/airflow/.local/lib/python3.12/site-packages/airflow/example_dags/tutorial.py for tasks to queue
[2025-01-17T14:07:45.852+0000] {logging_mixin.py:190} INFO - [2025-01-17T14:07:45.852+0000] {dagbag.py:588} INFO - Filling up the DagBag from /home/airflow/.local/lib/python3.12/site-packages/airflow/example_dags/tutorial.py
[2025-01-17T14:07:45.861+0000] {processor.py:925} INFO - DAG(s) 'tutorial' retrieved from /home/airflow/.local/lib/python3.12/site-packages/airflow/example_dags/tutorial.py
[2025-01-17T14:07:45.880+0000] {logging_mixin.py:190} INFO - [2025-01-17T14:07:45.880+0000] {dag.py:3239} INFO - Sync 1 DAGs
[2025-01-17T14:07:45.901+0000] {logging_mixin.py:190} INFO - [2025-01-17T14:07:45.901+0000] {dag.py:4180} INFO - Setting next_dagrun for tutorial to 2025-01-16 00:00:00+00:00, run_after=2025-01-17 00:00:00+00:00
[2025-01-17T14:07:45.921+0000] {processor.py:208} INFO - Processing /home/airflow/.local/lib/python3.12/site-packages/airflow/example_dags/tutorial.py took 0.077 seconds
[2025-01-17T14:08:16.750+0000] {processor.py:186} INFO - Started process (PID=299) to work on /home/airflow/.local/lib/python3.12/site-packages/airflow/example_dags/tutorial.py
[2025-01-17T14:08:16.752+0000] {processor.py:914} INFO - Processing file /home/airflow/.local/lib/python3.12/site-packages/airflow/example_dags/tutorial.py for tasks to queue
[2025-01-17T14:08:16.756+0000] {logging_mixin.py:190} INFO - [2025-01-17T14:08:16.755+0000] {dagbag.py:588} INFO - Filling up the DagBag from /home/airflow/.local/lib/python3.12/site-packages/airflow/example_dags/tutorial.py
[2025-01-17T14:08:16.767+0000] {processor.py:925} INFO - DAG(s) 'tutorial' retrieved from /home/airflow/.local/lib/python3.12/site-packages/airflow/example_dags/tutorial.py
[2025-01-17T14:08:16.795+0000] {logging_mixin.py:190} INFO - [2025-01-17T14:08:16.794+0000] {dag.py:3239} INFO - Sync 1 DAGs
[2025-01-17T14:08:16.828+0000] {logging_mixin.py:190} INFO - [2025-01-17T14:08:16.827+0000] {dag.py:4180} INFO - Setting next_dagrun for tutorial to 2025-01-16 00:00:00+00:00, run_after=2025-01-17 00:00:00+00:00
[2025-01-17T14:08:16.856+0000] {processor.py:208} INFO - Processing /home/airflow/.local/lib/python3.12/site-packages/airflow/example_dags/tutorial.py took 0.113 seconds
[2025-01-17T14:08:49.337+0000] {processor.py:186} INFO - Started process (PID=363) to work on /home/airflow/.local/lib/python3.12/site-packages/airflow/example_dags/tutorial.py
[2025-01-17T14:08:49.339+0000] {processor.py:914} INFO - Processing file /home/airflow/.local/lib/python3.12/site-packages/airflow/example_dags/tutorial.py for tasks to queue
[2025-01-17T14:08:49.342+0000] {logging_mixin.py:190} INFO - [2025-01-17T14:08:49.342+0000] {dagbag.py:588} INFO - Filling up the DagBag from /home/airflow/.local/lib/python3.12/site-packages/airflow/example_dags/tutorial.py
[2025-01-17T14:08:49.352+0000] {processor.py:925} INFO - DAG(s) 'tutorial' retrieved from /home/airflow/.local/lib/python3.12/site-packages/airflow/example_dags/tutorial.py
[2025-01-17T14:08:49.384+0000] {logging_mixin.py:190} INFO - [2025-01-17T14:08:49.383+0000] {dag.py:3239} INFO - Sync 1 DAGs
[2025-01-17T14:08:49.421+0000] {logging_mixin.py:190} INFO - [2025-01-17T14:08:49.421+0000] {dag.py:4180} INFO - Setting next_dagrun for tutorial to 2025-01-16 00:00:00+00:00, run_after=2025-01-17 00:00:00+00:00
[2025-01-17T14:08:49.445+0000] {processor.py:208} INFO - Processing /home/airflow/.local/lib/python3.12/site-packages/airflow/example_dags/tutorial.py took 0.117 seconds
[2025-01-17T14:09:20.249+0000] {processor.py:186} INFO - Started process (PID=425) to work on /home/airflow/.local/lib/python3.12/site-packages/airflow/example_dags/tutorial.py
[2025-01-17T14:09:20.250+0000] {processor.py:914} INFO - Processing file /home/airflow/.local/lib/python3.12/site-packages/airflow/example_dags/tutorial.py for tasks to queue
[2025-01-17T14:09:20.254+0000] {logging_mixin.py:190} INFO - [2025-01-17T14:09:20.253+0000] {dagbag.py:588} INFO - Filling up the DagBag from /home/airflow/.local/lib/python3.12/site-packages/airflow/example_dags/tutorial.py
[2025-01-17T14:09:20.262+0000] {processor.py:925} INFO - DAG(s) 'tutorial' retrieved from /home/airflow/.local/lib/python3.12/site-packages/airflow/example_dags/tutorial.py
[2025-01-17T14:09:20.280+0000] {logging_mixin.py:190} INFO - [2025-01-17T14:09:20.280+0000] {dag.py:3239} INFO - Sync 1 DAGs
[2025-01-17T14:09:20.306+0000] {logging_mixin.py:190} INFO - [2025-01-17T14:09:20.306+0000] {dag.py:4180} INFO - Setting next_dagrun for tutorial to 2025-01-16 00:00:00+00:00, run_after=2025-01-17 00:00:00+00:00
[2025-01-17T14:09:20.324+0000] {processor.py:208} INFO - Processing /home/airflow/.local/lib/python3.12/site-packages/airflow/example_dags/tutorial.py took 0.080 seconds
[2025-01-17T14:09:51.602+0000] {processor.py:186} INFO - Started process (PID=488) to work on /home/airflow/.local/lib/python3.12/site-packages/airflow/example_dags/tutorial.py
[2025-01-17T14:09:51.602+0000] {processor.py:914} INFO - Processing file /home/airflow/.local/lib/python3.12/site-packages/airflow/example_dags/tutorial.py for tasks to queue
[2025-01-17T14:09:51.604+0000] {logging_mixin.py:190} INFO - [2025-01-17T14:09:51.604+0000] {dagbag.py:588} INFO - Filling up the DagBag from /home/airflow/.local/lib/python3.12/site-packages/airflow/example_dags/tutorial.py
[2025-01-17T14:09:51.613+0000] {processor.py:925} INFO - DAG(s) 'tutorial' retrieved from /home/airflow/.local/lib/python3.12/site-packages/airflow/example_dags/tutorial.py
[2025-01-17T14:09:51.632+0000] {logging_mixin.py:190} INFO - [2025-01-17T14:09:51.632+0000] {dag.py:3239} INFO - Sync 1 DAGs
[2025-01-17T14:09:51.655+0000] {logging_mixin.py:190} INFO - [2025-01-17T14:09:51.655+0000] {dag.py:4180} INFO - Setting next_dagrun for tutorial to 2025-01-16 00:00:00+00:00, run_after=2025-01-17 00:00:00+00:00
[2025-01-17T14:09:51.687+0000] {processor.py:208} INFO - Processing /home/airflow/.local/lib/python3.12/site-packages/airflow/example_dags/tutorial.py took 0.089 seconds
[2025-01-17T14:10:22.923+0000] {processor.py:186} INFO - Started process (PID=551) to work on /home/airflow/.local/lib/python3.12/site-packages/airflow/example_dags/tutorial.py
[2025-01-17T14:10:22.924+0000] {processor.py:914} INFO - Processing file /home/airflow/.local/lib/python3.12/site-packages/airflow/example_dags/tutorial.py for tasks to queue
[2025-01-17T14:10:22.926+0000] {logging_mixin.py:190} INFO - [2025-01-17T14:10:22.925+0000] {dagbag.py:588} INFO - Filling up the DagBag from /home/airflow/.local/lib/python3.12/site-packages/airflow/example_dags/tutorial.py
[2025-01-17T14:10:22.935+0000] {processor.py:925} INFO - DAG(s) 'tutorial' retrieved from /home/airflow/.local/lib/python3.12/site-packages/airflow/example_dags/tutorial.py
[2025-01-17T14:10:22.954+0000] {logging_mixin.py:190} INFO - [2025-01-17T14:10:22.954+0000] {dag.py:3239} INFO - Sync 1 DAGs
[2025-01-17T14:10:22.976+0000] {logging_mixin.py:190} INFO - [2025-01-17T14:10:22.976+0000] {dag.py:4180} INFO - Setting next_dagrun for tutorial to 2025-01-16 00:00:00+00:00, run_after=2025-01-17 00:00:00+00:00
[2025-01-17T14:10:23.008+0000] {processor.py:208} INFO - Processing /home/airflow/.local/lib/python3.12/site-packages/airflow/example_dags/tutorial.py took 0.089 seconds
[2025-01-17T14:10:54.143+0000] {processor.py:186} INFO - Started process (PID=614) to work on /home/airflow/.local/lib/python3.12/site-packages/airflow/example_dags/tutorial.py
[2025-01-17T14:10:54.144+0000] {processor.py:914} INFO - Processing file /home/airflow/.local/lib/python3.12/site-packages/airflow/example_dags/tutorial.py for tasks to queue
[2025-01-17T14:10:54.146+0000] {logging_mixin.py:190} INFO - [2025-01-17T14:10:54.145+0000] {dagbag.py:588} INFO - Filling up the DagBag from /home/airflow/.local/lib/python3.12/site-packages/airflow/example_dags/tutorial.py
[2025-01-17T14:10:54.155+0000] {processor.py:925} INFO - DAG(s) 'tutorial' retrieved from /home/airflow/.local/lib/python3.12/site-packages/airflow/example_dags/tutorial.py
[2025-01-17T14:10:54.173+0000] {logging_mixin.py:190} INFO - [2025-01-17T14:10:54.173+0000] {dag.py:3239} INFO - Sync 1 DAGs
[2025-01-17T14:10:54.196+0000] {logging_mixin.py:190} INFO - [2025-01-17T14:10:54.196+0000] {dag.py:4180} INFO - Setting next_dagrun for tutorial to 2025-01-16 00:00:00+00:00, run_after=2025-01-17 00:00:00+00:00
[2025-01-17T14:10:54.229+0000] {processor.py:208} INFO - Processing /home/airflow/.local/lib/python3.12/site-packages/airflow/example_dags/tutorial.py took 0.091 seconds
[2025-01-17T14:11:25.651+0000] {processor.py:186} INFO - Started process (PID=677) to work on /home/airflow/.local/lib/python3.12/site-packages/airflow/example_dags/tutorial.py
[2025-01-17T14:11:25.652+0000] {processor.py:914} INFO - Processing file /home/airflow/.local/lib/python3.12/site-packages/airflow/example_dags/tutorial.py for tasks to queue
[2025-01-17T14:11:25.655+0000] {logging_mixin.py:190} INFO - [2025-01-17T14:11:25.654+0000] {dagbag.py:588} INFO - Filling up the DagBag from /home/airflow/.local/lib/python3.12/site-packages/airflow/example_dags/tutorial.py
[2025-01-17T14:11:25.662+0000] {processor.py:925} INFO - DAG(s) 'tutorial' retrieved from /home/airflow/.local/lib/python3.12/site-packages/airflow/example_dags/tutorial.py
[2025-01-17T14:11:25.680+0000] {logging_mixin.py:190} INFO - [2025-01-17T14:11:25.680+0000] {dag.py:3239} INFO - Sync 1 DAGs
[2025-01-17T14:11:25.700+0000] {logging_mixin.py:190} INFO - [2025-01-17T14:11:25.700+0000] {dag.py:4180} INFO - Setting next_dagrun for tutorial to 2025-01-16 00:00:00+00:00, run_after=2025-01-17 00:00:00+00:00
[2025-01-17T14:11:25.730+0000] {processor.py:208} INFO - Processing /home/airflow/.local/lib/python3.12/site-packages/airflow/example_dags/tutorial.py took 0.084 seconds
[2025-01-17T14:11:56.705+0000] {processor.py:186} INFO - Started process (PID=741) to work on /home/airflow/.local/lib/python3.12/site-packages/airflow/example_dags/tutorial.py
[2025-01-17T14:11:56.708+0000] {processor.py:914} INFO - Processing file /home/airflow/.local/lib/python3.12/site-packages/airflow/example_dags/tutorial.py for tasks to queue
[2025-01-17T14:11:56.712+0000] {logging_mixin.py:190} INFO - [2025-01-17T14:11:56.711+0000] {dagbag.py:588} INFO - Filling up the DagBag from /home/airflow/.local/lib/python3.12/site-packages/airflow/example_dags/tutorial.py
[2025-01-17T14:11:56.726+0000] {processor.py:925} INFO - DAG(s) 'tutorial' retrieved from /home/airflow/.local/lib/python3.12/site-packages/airflow/example_dags/tutorial.py
[2025-01-17T14:11:56.756+0000] {logging_mixin.py:190} INFO - [2025-01-17T14:11:56.756+0000] {dag.py:3239} INFO - Sync 1 DAGs
[2025-01-17T14:11:56.802+0000] {logging_mixin.py:190} INFO - [2025-01-17T14:11:56.801+0000] {dag.py:4180} INFO - Setting next_dagrun for tutorial to 2025-01-16 00:00:00+00:00, run_after=2025-01-17 00:00:00+00:00
[2025-01-17T14:11:56.832+0000] {processor.py:208} INFO - Processing /home/airflow/.local/lib/python3.12/site-packages/airflow/example_dags/tutorial.py took 0.134 seconds
[2025-01-17T14:12:28.305+0000] {processor.py:186} INFO - Started process (PID=804) to work on /home/airflow/.local/lib/python3.12/site-packages/airflow/example_dags/tutorial.py
[2025-01-17T14:12:28.307+0000] {processor.py:914} INFO - Processing file /home/airflow/.local/lib/python3.12/site-packages/airflow/example_dags/tutorial.py for tasks to queue
[2025-01-17T14:12:28.310+0000] {logging_mixin.py:190} INFO - [2025-01-17T14:12:28.309+0000] {dagbag.py:588} INFO - Filling up the DagBag from /home/airflow/.local/lib/python3.12/site-packages/airflow/example_dags/tutorial.py
[2025-01-17T14:12:28.320+0000] {processor.py:925} INFO - DAG(s) 'tutorial' retrieved from /home/airflow/.local/lib/python3.12/site-packages/airflow/example_dags/tutorial.py
[2025-01-17T14:12:28.345+0000] {logging_mixin.py:190} INFO - [2025-01-17T14:12:28.343+0000] {dag.py:3239} INFO - Sync 1 DAGs
[2025-01-17T14:12:28.373+0000] {logging_mixin.py:190} INFO - [2025-01-17T14:12:28.373+0000] {dag.py:4180} INFO - Setting next_dagrun for tutorial to 2025-01-16 00:00:00+00:00, run_after=2025-01-17 00:00:00+00:00
[2025-01-17T14:12:28.407+0000] {processor.py:208} INFO - Processing /home/airflow/.local/lib/python3.12/site-packages/airflow/example_dags/tutorial.py took 0.108 seconds
[2025-01-17T14:12:59.760+0000] {processor.py:186} INFO - Started process (PID=867) to work on /home/airflow/.local/lib/python3.12/site-packages/airflow/example_dags/tutorial.py
[2025-01-17T14:12:59.762+0000] {processor.py:914} INFO - Processing file /home/airflow/.local/lib/python3.12/site-packages/airflow/example_dags/tutorial.py for tasks to queue
[2025-01-17T14:12:59.767+0000] {logging_mixin.py:190} INFO - [2025-01-17T14:12:59.766+0000] {dagbag.py:588} INFO - Filling up the DagBag from /home/airflow/.local/lib/python3.12/site-packages/airflow/example_dags/tutorial.py
[2025-01-17T14:12:59.784+0000] {processor.py:925} INFO - DAG(s) 'tutorial' retrieved from /home/airflow/.local/lib/python3.12/site-packages/airflow/example_dags/tutorial.py
[2025-01-17T14:12:59.810+0000] {logging_mixin.py:190} INFO - [2025-01-17T14:12:59.809+0000] {dag.py:3239} INFO - Sync 1 DAGs
[2025-01-17T14:12:59.845+0000] {logging_mixin.py:190} INFO - [2025-01-17T14:12:59.845+0000] {dag.py:4180} INFO - Setting next_dagrun for tutorial to 2025-01-16 00:00:00+00:00, run_after=2025-01-17 00:00:00+00:00
[2025-01-17T14:12:59.879+0000] {processor.py:208} INFO - Processing /home/airflow/.local/lib/python3.12/site-packages/airflow/example_dags/tutorial.py took 0.127 seconds
[2025-01-17T14:13:31.257+0000] {processor.py:186} INFO - Started process (PID=931) to work on /home/airflow/.local/lib/python3.12/site-packages/airflow/example_dags/tutorial.py
[2025-01-17T14:13:31.259+0000] {processor.py:914} INFO - Processing file /home/airflow/.local/lib/python3.12/site-packages/airflow/example_dags/tutorial.py for tasks to queue
[2025-01-17T14:13:31.264+0000] {logging_mixin.py:190} INFO - [2025-01-17T14:13:31.263+0000] {dagbag.py:588} INFO - Filling up the DagBag from /home/airflow/.local/lib/python3.12/site-packages/airflow/example_dags/tutorial.py
[2025-01-17T14:13:31.276+0000] {processor.py:925} INFO - DAG(s) 'tutorial' retrieved from /home/airflow/.local/lib/python3.12/site-packages/airflow/example_dags/tutorial.py
[2025-01-17T14:13:31.300+0000] {logging_mixin.py:190} INFO - [2025-01-17T14:13:31.300+0000] {dag.py:3239} INFO - Sync 1 DAGs
[2025-01-17T14:13:31.329+0000] {logging_mixin.py:190} INFO - [2025-01-17T14:13:31.329+0000] {dag.py:4180} INFO - Setting next_dagrun for tutorial to 2025-01-16 00:00:00+00:00, run_after=2025-01-17 00:00:00+00:00
[2025-01-17T14:13:31.354+0000] {processor.py:208} INFO - Processing /home/airflow/.local/lib/python3.12/site-packages/airflow/example_dags/tutorial.py took 0.106 seconds
[2025-01-17T14:14:02.138+0000] {processor.py:186} INFO - Started process (PID=994) to work on /home/airflow/.local/lib/python3.12/site-packages/airflow/example_dags/tutorial.py
[2025-01-17T14:14:02.140+0000] {processor.py:914} INFO - Processing file /home/airflow/.local/lib/python3.12/site-packages/airflow/example_dags/tutorial.py for tasks to queue
[2025-01-17T14:14:02.143+0000] {logging_mixin.py:190} INFO - [2025-01-17T14:14:02.143+0000] {dagbag.py:588} INFO - Filling up the DagBag from /home/airflow/.local/lib/python3.12/site-packages/airflow/example_dags/tutorial.py
[2025-01-17T14:14:02.150+0000] {processor.py:925} INFO - DAG(s) 'tutorial' retrieved from /home/airflow/.local/lib/python3.12/site-packages/airflow/example_dags/tutorial.py
[2025-01-17T14:14:02.167+0000] {logging_mixin.py:190} INFO - [2025-01-17T14:14:02.167+0000] {dag.py:3239} INFO - Sync 1 DAGs
[2025-01-17T14:14:02.188+0000] {logging_mixin.py:190} INFO - [2025-01-17T14:14:02.188+0000] {dag.py:4180} INFO - Setting next_dagrun for tutorial to 2025-01-16 00:00:00+00:00, run_after=2025-01-17 00:00:00+00:00
[2025-01-17T14:14:02.210+0000] {processor.py:208} INFO - Processing /home/airflow/.local/lib/python3.12/site-packages/airflow/example_dags/tutorial.py took 0.076 seconds
