[2025-01-17T14:06:49.784+0000] {processor.py:186} INFO - Started process (PID=127) to work on /home/airflow/.local/lib/python3.12/site-packages/airflow/example_dags/tutorial_dag.py
[2025-01-17T14:06:49.785+0000] {processor.py:914} INFO - Processing file /home/airflow/.local/lib/python3.12/site-packages/airflow/example_dags/tutorial_dag.py for tasks to queue
[2025-01-17T14:06:49.790+0000] {logging_mixin.py:190} INFO - [2025-01-17T14:06:49.790+0000] {dagbag.py:588} INFO - Filling up the DagBag from /home/airflow/.local/lib/python3.12/site-packages/airflow/example_dags/tutorial_dag.py
[2025-01-17T14:06:49.816+0000] {processor.py:925} INFO - DAG(s) 'tutorial_dag' retrieved from /home/airflow/.local/lib/python3.12/site-packages/airflow/example_dags/tutorial_dag.py
[2025-01-17T14:06:50.000+0000] {logging_mixin.py:190} INFO - [2025-01-17T14:06:49.999+0000] {override.py:1911} INFO - Created Permission View: can read on DAG:tutorial_dag
[2025-01-17T14:06:50.049+0000] {logging_mixin.py:190} INFO - [2025-01-17T14:06:50.048+0000] {override.py:1911} INFO - Created Permission View: can delete on DAG:tutorial_dag
[2025-01-17T14:06:50.067+0000] {logging_mixin.py:190} INFO - [2025-01-17T14:06:50.066+0000] {override.py:1911} INFO - Created Permission View: can edit on DAG:tutorial_dag
[2025-01-17T14:06:50.090+0000] {logging_mixin.py:190} INFO - [2025-01-17T14:06:50.090+0000] {override.py:1911} INFO - Created Permission View: menu access on DAG Run:tutorial_dag
[2025-01-17T14:06:50.115+0000] {logging_mixin.py:190} INFO - [2025-01-17T14:06:50.114+0000] {override.py:1911} INFO - Created Permission View: can read on DAG Run:tutorial_dag
[2025-01-17T14:06:50.124+0000] {logging_mixin.py:190} INFO - [2025-01-17T14:06:50.124+0000] {override.py:1911} INFO - Created Permission View: can delete on DAG Run:tutorial_dag
[2025-01-17T14:06:50.136+0000] {logging_mixin.py:190} INFO - [2025-01-17T14:06:50.135+0000] {override.py:1911} INFO - Created Permission View: can create on DAG Run:tutorial_dag
[2025-01-17T14:06:50.137+0000] {logging_mixin.py:190} INFO - [2025-01-17T14:06:50.136+0000] {dag.py:3239} INFO - Sync 1 DAGs
[2025-01-17T14:06:50.161+0000] {logging_mixin.py:190} INFO - [2025-01-17T14:06:50.161+0000] {dag.py:3262} INFO - Creating ORM DAG for tutorial_dag
[2025-01-17T14:06:50.163+0000] {logging_mixin.py:190} INFO - [2025-01-17T14:06:50.162+0000] {dag.py:4180} INFO - Setting next_dagrun for tutorial_dag to None, run_after=None
[2025-01-17T14:06:50.189+0000] {processor.py:208} INFO - Processing /home/airflow/.local/lib/python3.12/site-packages/airflow/example_dags/tutorial_dag.py took 0.414 seconds
[2025-01-17T14:07:20.924+0000] {processor.py:186} INFO - Started process (PID=190) to work on /home/airflow/.local/lib/python3.12/site-packages/airflow/example_dags/tutorial_dag.py
[2025-01-17T14:07:20.924+0000] {processor.py:914} INFO - Processing file /home/airflow/.local/lib/python3.12/site-packages/airflow/example_dags/tutorial_dag.py for tasks to queue
[2025-01-17T14:07:20.926+0000] {logging_mixin.py:190} INFO - [2025-01-17T14:07:20.926+0000] {dagbag.py:588} INFO - Filling up the DagBag from /home/airflow/.local/lib/python3.12/site-packages/airflow/example_dags/tutorial_dag.py
[2025-01-17T14:07:20.933+0000] {processor.py:925} INFO - DAG(s) 'tutorial_dag' retrieved from /home/airflow/.local/lib/python3.12/site-packages/airflow/example_dags/tutorial_dag.py
[2025-01-17T14:07:20.952+0000] {logging_mixin.py:190} INFO - [2025-01-17T14:07:20.952+0000] {dag.py:3239} INFO - Sync 1 DAGs
[2025-01-17T14:07:20.965+0000] {logging_mixin.py:190} INFO - [2025-01-17T14:07:20.965+0000] {dag.py:4180} INFO - Setting next_dagrun for tutorial_dag to None, run_after=None
[2025-01-17T14:07:20.987+0000] {processor.py:208} INFO - Processing /home/airflow/.local/lib/python3.12/site-packages/airflow/example_dags/tutorial_dag.py took 0.068 seconds
[2025-01-17T14:07:51.499+0000] {processor.py:186} INFO - Started process (PID=252) to work on /home/airflow/.local/lib/python3.12/site-packages/airflow/example_dags/tutorial_dag.py
[2025-01-17T14:07:51.500+0000] {processor.py:914} INFO - Processing file /home/airflow/.local/lib/python3.12/site-packages/airflow/example_dags/tutorial_dag.py for tasks to queue
[2025-01-17T14:07:51.503+0000] {logging_mixin.py:190} INFO - [2025-01-17T14:07:51.503+0000] {dagbag.py:588} INFO - Filling up the DagBag from /home/airflow/.local/lib/python3.12/site-packages/airflow/example_dags/tutorial_dag.py
[2025-01-17T14:07:51.510+0000] {processor.py:925} INFO - DAG(s) 'tutorial_dag' retrieved from /home/airflow/.local/lib/python3.12/site-packages/airflow/example_dags/tutorial_dag.py
[2025-01-17T14:07:51.527+0000] {logging_mixin.py:190} INFO - [2025-01-17T14:07:51.527+0000] {dag.py:3239} INFO - Sync 1 DAGs
[2025-01-17T14:07:51.541+0000] {logging_mixin.py:190} INFO - [2025-01-17T14:07:51.540+0000] {dag.py:4180} INFO - Setting next_dagrun for tutorial_dag to None, run_after=None
[2025-01-17T14:07:51.570+0000] {processor.py:208} INFO - Processing /home/airflow/.local/lib/python3.12/site-packages/airflow/example_dags/tutorial_dag.py took 0.075 seconds
[2025-01-17T14:08:21.759+0000] {processor.py:186} INFO - Started process (PID=316) to work on /home/airflow/.local/lib/python3.12/site-packages/airflow/example_dags/tutorial_dag.py
[2025-01-17T14:08:21.761+0000] {processor.py:914} INFO - Processing file /home/airflow/.local/lib/python3.12/site-packages/airflow/example_dags/tutorial_dag.py for tasks to queue
[2025-01-17T14:08:21.766+0000] {logging_mixin.py:190} INFO - [2025-01-17T14:08:21.765+0000] {dagbag.py:588} INFO - Filling up the DagBag from /home/airflow/.local/lib/python3.12/site-packages/airflow/example_dags/tutorial_dag.py
[2025-01-17T14:08:21.781+0000] {processor.py:925} INFO - DAG(s) 'tutorial_dag' retrieved from /home/airflow/.local/lib/python3.12/site-packages/airflow/example_dags/tutorial_dag.py
[2025-01-17T14:08:21.819+0000] {logging_mixin.py:190} INFO - [2025-01-17T14:08:21.819+0000] {dag.py:3239} INFO - Sync 1 DAGs
[2025-01-17T14:08:21.853+0000] {logging_mixin.py:190} INFO - [2025-01-17T14:08:21.853+0000] {dag.py:4180} INFO - Setting next_dagrun for tutorial_dag to None, run_after=None
[2025-01-17T14:08:21.885+0000] {processor.py:208} INFO - Processing /home/airflow/.local/lib/python3.12/site-packages/airflow/example_dags/tutorial_dag.py took 0.138 seconds
[2025-01-17T14:08:54.039+0000] {processor.py:186} INFO - Started process (PID=380) to work on /home/airflow/.local/lib/python3.12/site-packages/airflow/example_dags/tutorial_dag.py
[2025-01-17T14:08:54.043+0000] {processor.py:914} INFO - Processing file /home/airflow/.local/lib/python3.12/site-packages/airflow/example_dags/tutorial_dag.py for tasks to queue
[2025-01-17T14:08:54.055+0000] {logging_mixin.py:190} INFO - [2025-01-17T14:08:54.055+0000] {dagbag.py:588} INFO - Filling up the DagBag from /home/airflow/.local/lib/python3.12/site-packages/airflow/example_dags/tutorial_dag.py
[2025-01-17T14:08:54.100+0000] {processor.py:925} INFO - DAG(s) 'tutorial_dag' retrieved from /home/airflow/.local/lib/python3.12/site-packages/airflow/example_dags/tutorial_dag.py
[2025-01-17T14:08:54.174+0000] {logging_mixin.py:190} INFO - [2025-01-17T14:08:54.173+0000] {dag.py:3239} INFO - Sync 1 DAGs
[2025-01-17T14:08:54.252+0000] {logging_mixin.py:190} INFO - [2025-01-17T14:08:54.251+0000] {dag.py:4180} INFO - Setting next_dagrun for tutorial_dag to None, run_after=None
[2025-01-17T14:08:54.332+0000] {processor.py:208} INFO - Processing /home/airflow/.local/lib/python3.12/site-packages/airflow/example_dags/tutorial_dag.py took 0.315 seconds
[2025-01-17T14:09:24.611+0000] {processor.py:186} INFO - Started process (PID=442) to work on /home/airflow/.local/lib/python3.12/site-packages/airflow/example_dags/tutorial_dag.py
[2025-01-17T14:09:24.621+0000] {processor.py:914} INFO - Processing file /home/airflow/.local/lib/python3.12/site-packages/airflow/example_dags/tutorial_dag.py for tasks to queue
[2025-01-17T14:09:24.623+0000] {logging_mixin.py:190} INFO - [2025-01-17T14:09:24.623+0000] {dagbag.py:588} INFO - Filling up the DagBag from /home/airflow/.local/lib/python3.12/site-packages/airflow/example_dags/tutorial_dag.py
[2025-01-17T14:09:24.629+0000] {processor.py:925} INFO - DAG(s) 'tutorial_dag' retrieved from /home/airflow/.local/lib/python3.12/site-packages/airflow/example_dags/tutorial_dag.py
[2025-01-17T14:09:24.650+0000] {logging_mixin.py:190} INFO - [2025-01-17T14:09:24.650+0000] {dag.py:3239} INFO - Sync 1 DAGs
[2025-01-17T14:09:24.663+0000] {logging_mixin.py:190} INFO - [2025-01-17T14:09:24.663+0000] {dag.py:4180} INFO - Setting next_dagrun for tutorial_dag to None, run_after=None
[2025-01-17T14:09:24.681+0000] {processor.py:208} INFO - Processing /home/airflow/.local/lib/python3.12/site-packages/airflow/example_dags/tutorial_dag.py took 0.075 seconds
[2025-01-17T14:09:54.960+0000] {processor.py:186} INFO - Started process (PID=505) to work on /home/airflow/.local/lib/python3.12/site-packages/airflow/example_dags/tutorial_dag.py
[2025-01-17T14:09:54.961+0000] {processor.py:914} INFO - Processing file /home/airflow/.local/lib/python3.12/site-packages/airflow/example_dags/tutorial_dag.py for tasks to queue
[2025-01-17T14:09:54.963+0000] {logging_mixin.py:190} INFO - [2025-01-17T14:09:54.963+0000] {dagbag.py:588} INFO - Filling up the DagBag from /home/airflow/.local/lib/python3.12/site-packages/airflow/example_dags/tutorial_dag.py
[2025-01-17T14:09:54.971+0000] {processor.py:925} INFO - DAG(s) 'tutorial_dag' retrieved from /home/airflow/.local/lib/python3.12/site-packages/airflow/example_dags/tutorial_dag.py
[2025-01-17T14:09:54.989+0000] {logging_mixin.py:190} INFO - [2025-01-17T14:09:54.989+0000] {dag.py:3239} INFO - Sync 1 DAGs
[2025-01-17T14:09:55.010+0000] {logging_mixin.py:190} INFO - [2025-01-17T14:09:55.010+0000] {dag.py:4180} INFO - Setting next_dagrun for tutorial_dag to None, run_after=None
[2025-01-17T14:09:55.031+0000] {processor.py:208} INFO - Processing /home/airflow/.local/lib/python3.12/site-packages/airflow/example_dags/tutorial_dag.py took 0.077 seconds
[2025-01-17T14:10:25.265+0000] {processor.py:186} INFO - Started process (PID=568) to work on /home/airflow/.local/lib/python3.12/site-packages/airflow/example_dags/tutorial_dag.py
[2025-01-17T14:10:25.266+0000] {processor.py:914} INFO - Processing file /home/airflow/.local/lib/python3.12/site-packages/airflow/example_dags/tutorial_dag.py for tasks to queue
[2025-01-17T14:10:25.267+0000] {logging_mixin.py:190} INFO - [2025-01-17T14:10:25.267+0000] {dagbag.py:588} INFO - Filling up the DagBag from /home/airflow/.local/lib/python3.12/site-packages/airflow/example_dags/tutorial_dag.py
[2025-01-17T14:10:25.273+0000] {processor.py:925} INFO - DAG(s) 'tutorial_dag' retrieved from /home/airflow/.local/lib/python3.12/site-packages/airflow/example_dags/tutorial_dag.py
[2025-01-17T14:10:25.291+0000] {logging_mixin.py:190} INFO - [2025-01-17T14:10:25.290+0000] {dag.py:3239} INFO - Sync 1 DAGs
[2025-01-17T14:10:25.304+0000] {logging_mixin.py:190} INFO - [2025-01-17T14:10:25.303+0000] {dag.py:4180} INFO - Setting next_dagrun for tutorial_dag to None, run_after=None
[2025-01-17T14:10:25.335+0000] {processor.py:208} INFO - Processing /home/airflow/.local/lib/python3.12/site-packages/airflow/example_dags/tutorial_dag.py took 0.075 seconds
[2025-01-17T14:10:56.055+0000] {processor.py:186} INFO - Started process (PID=631) to work on /home/airflow/.local/lib/python3.12/site-packages/airflow/example_dags/tutorial_dag.py
[2025-01-17T14:10:56.056+0000] {processor.py:914} INFO - Processing file /home/airflow/.local/lib/python3.12/site-packages/airflow/example_dags/tutorial_dag.py for tasks to queue
[2025-01-17T14:10:56.058+0000] {logging_mixin.py:190} INFO - [2025-01-17T14:10:56.057+0000] {dagbag.py:588} INFO - Filling up the DagBag from /home/airflow/.local/lib/python3.12/site-packages/airflow/example_dags/tutorial_dag.py
[2025-01-17T14:10:56.065+0000] {processor.py:925} INFO - DAG(s) 'tutorial_dag' retrieved from /home/airflow/.local/lib/python3.12/site-packages/airflow/example_dags/tutorial_dag.py
[2025-01-17T14:10:56.084+0000] {logging_mixin.py:190} INFO - [2025-01-17T14:10:56.083+0000] {dag.py:3239} INFO - Sync 1 DAGs
[2025-01-17T14:10:56.098+0000] {logging_mixin.py:190} INFO - [2025-01-17T14:10:56.098+0000] {dag.py:4180} INFO - Setting next_dagrun for tutorial_dag to None, run_after=None
[2025-01-17T14:10:56.117+0000] {processor.py:208} INFO - Processing /home/airflow/.local/lib/python3.12/site-packages/airflow/example_dags/tutorial_dag.py took 0.068 seconds
[2025-01-17T14:11:27.686+0000] {processor.py:186} INFO - Started process (PID=694) to work on /home/airflow/.local/lib/python3.12/site-packages/airflow/example_dags/tutorial_dag.py
[2025-01-17T14:11:27.688+0000] {processor.py:914} INFO - Processing file /home/airflow/.local/lib/python3.12/site-packages/airflow/example_dags/tutorial_dag.py for tasks to queue
[2025-01-17T14:11:27.690+0000] {logging_mixin.py:190} INFO - [2025-01-17T14:11:27.690+0000] {dagbag.py:588} INFO - Filling up the DagBag from /home/airflow/.local/lib/python3.12/site-packages/airflow/example_dags/tutorial_dag.py
[2025-01-17T14:11:27.699+0000] {processor.py:925} INFO - DAG(s) 'tutorial_dag' retrieved from /home/airflow/.local/lib/python3.12/site-packages/airflow/example_dags/tutorial_dag.py
[2025-01-17T14:11:27.726+0000] {logging_mixin.py:190} INFO - [2025-01-17T14:11:27.725+0000] {dag.py:3239} INFO - Sync 1 DAGs
[2025-01-17T14:11:27.742+0000] {logging_mixin.py:190} INFO - [2025-01-17T14:11:27.742+0000] {dag.py:4180} INFO - Setting next_dagrun for tutorial_dag to None, run_after=None
[2025-01-17T14:11:27.777+0000] {processor.py:208} INFO - Processing /home/airflow/.local/lib/python3.12/site-packages/airflow/example_dags/tutorial_dag.py took 0.097 seconds
[2025-01-17T14:11:59.018+0000] {processor.py:186} INFO - Started process (PID=758) to work on /home/airflow/.local/lib/python3.12/site-packages/airflow/example_dags/tutorial_dag.py
[2025-01-17T14:11:59.019+0000] {processor.py:914} INFO - Processing file /home/airflow/.local/lib/python3.12/site-packages/airflow/example_dags/tutorial_dag.py for tasks to queue
[2025-01-17T14:11:59.024+0000] {logging_mixin.py:190} INFO - [2025-01-17T14:11:59.024+0000] {dagbag.py:588} INFO - Filling up the DagBag from /home/airflow/.local/lib/python3.12/site-packages/airflow/example_dags/tutorial_dag.py
[2025-01-17T14:11:59.033+0000] {processor.py:925} INFO - DAG(s) 'tutorial_dag' retrieved from /home/airflow/.local/lib/python3.12/site-packages/airflow/example_dags/tutorial_dag.py
[2025-01-17T14:11:59.054+0000] {logging_mixin.py:190} INFO - [2025-01-17T14:11:59.054+0000] {dag.py:3239} INFO - Sync 1 DAGs
[2025-01-17T14:11:59.071+0000] {logging_mixin.py:190} INFO - [2025-01-17T14:11:59.071+0000] {dag.py:4180} INFO - Setting next_dagrun for tutorial_dag to None, run_after=None
[2025-01-17T14:11:59.094+0000] {processor.py:208} INFO - Processing /home/airflow/.local/lib/python3.12/site-packages/airflow/example_dags/tutorial_dag.py took 0.083 seconds
[2025-01-17T14:12:30.693+0000] {processor.py:186} INFO - Started process (PID=821) to work on /home/airflow/.local/lib/python3.12/site-packages/airflow/example_dags/tutorial_dag.py
[2025-01-17T14:12:30.694+0000] {processor.py:914} INFO - Processing file /home/airflow/.local/lib/python3.12/site-packages/airflow/example_dags/tutorial_dag.py for tasks to queue
[2025-01-17T14:12:30.697+0000] {logging_mixin.py:190} INFO - [2025-01-17T14:12:30.697+0000] {dagbag.py:588} INFO - Filling up the DagBag from /home/airflow/.local/lib/python3.12/site-packages/airflow/example_dags/tutorial_dag.py
[2025-01-17T14:12:30.710+0000] {processor.py:925} INFO - DAG(s) 'tutorial_dag' retrieved from /home/airflow/.local/lib/python3.12/site-packages/airflow/example_dags/tutorial_dag.py
[2025-01-17T14:12:30.737+0000] {logging_mixin.py:190} INFO - [2025-01-17T14:12:30.737+0000] {dag.py:3239} INFO - Sync 1 DAGs
[2025-01-17T14:12:30.767+0000] {logging_mixin.py:190} INFO - [2025-01-17T14:12:30.767+0000] {dag.py:4180} INFO - Setting next_dagrun for tutorial_dag to None, run_after=None
[2025-01-17T14:12:30.800+0000] {processor.py:208} INFO - Processing /home/airflow/.local/lib/python3.12/site-packages/airflow/example_dags/tutorial_dag.py took 0.116 seconds
[2025-01-17T14:13:02.003+0000] {processor.py:186} INFO - Started process (PID=884) to work on /home/airflow/.local/lib/python3.12/site-packages/airflow/example_dags/tutorial_dag.py
[2025-01-17T14:13:02.005+0000] {processor.py:914} INFO - Processing file /home/airflow/.local/lib/python3.12/site-packages/airflow/example_dags/tutorial_dag.py for tasks to queue
[2025-01-17T14:13:02.009+0000] {logging_mixin.py:190} INFO - [2025-01-17T14:13:02.008+0000] {dagbag.py:588} INFO - Filling up the DagBag from /home/airflow/.local/lib/python3.12/site-packages/airflow/example_dags/tutorial_dag.py
[2025-01-17T14:13:02.018+0000] {processor.py:925} INFO - DAG(s) 'tutorial_dag' retrieved from /home/airflow/.local/lib/python3.12/site-packages/airflow/example_dags/tutorial_dag.py
[2025-01-17T14:13:02.043+0000] {logging_mixin.py:190} INFO - [2025-01-17T14:13:02.043+0000] {dag.py:3239} INFO - Sync 1 DAGs
[2025-01-17T14:13:02.077+0000] {logging_mixin.py:190} INFO - [2025-01-17T14:13:02.077+0000] {dag.py:4180} INFO - Setting next_dagrun for tutorial_dag to None, run_after=None
[2025-01-17T14:13:02.103+0000] {processor.py:208} INFO - Processing /home/airflow/.local/lib/python3.12/site-packages/airflow/example_dags/tutorial_dag.py took 0.107 seconds
[2025-01-17T14:13:33.039+0000] {processor.py:186} INFO - Started process (PID=947) to work on /home/airflow/.local/lib/python3.12/site-packages/airflow/example_dags/tutorial_dag.py
[2025-01-17T14:13:33.041+0000] {processor.py:914} INFO - Processing file /home/airflow/.local/lib/python3.12/site-packages/airflow/example_dags/tutorial_dag.py for tasks to queue
[2025-01-17T14:13:33.045+0000] {logging_mixin.py:190} INFO - [2025-01-17T14:13:33.044+0000] {dagbag.py:588} INFO - Filling up the DagBag from /home/airflow/.local/lib/python3.12/site-packages/airflow/example_dags/tutorial_dag.py
[2025-01-17T14:13:33.058+0000] {processor.py:925} INFO - DAG(s) 'tutorial_dag' retrieved from /home/airflow/.local/lib/python3.12/site-packages/airflow/example_dags/tutorial_dag.py
[2025-01-17T14:13:33.087+0000] {logging_mixin.py:190} INFO - [2025-01-17T14:13:33.086+0000] {dag.py:3239} INFO - Sync 1 DAGs
[2025-01-17T14:13:33.111+0000] {logging_mixin.py:190} INFO - [2025-01-17T14:13:33.111+0000] {dag.py:4180} INFO - Setting next_dagrun for tutorial_dag to None, run_after=None
[2025-01-17T14:13:33.146+0000] {processor.py:208} INFO - Processing /home/airflow/.local/lib/python3.12/site-packages/airflow/example_dags/tutorial_dag.py took 0.118 seconds
[2025-01-17T14:14:03.640+0000] {processor.py:186} INFO - Started process (PID=1011) to work on /home/airflow/.local/lib/python3.12/site-packages/airflow/example_dags/tutorial_dag.py
[2025-01-17T14:14:03.642+0000] {processor.py:914} INFO - Processing file /home/airflow/.local/lib/python3.12/site-packages/airflow/example_dags/tutorial_dag.py for tasks to queue
[2025-01-17T14:14:03.644+0000] {logging_mixin.py:190} INFO - [2025-01-17T14:14:03.644+0000] {dagbag.py:588} INFO - Filling up the DagBag from /home/airflow/.local/lib/python3.12/site-packages/airflow/example_dags/tutorial_dag.py
[2025-01-17T14:14:03.651+0000] {processor.py:925} INFO - DAG(s) 'tutorial_dag' retrieved from /home/airflow/.local/lib/python3.12/site-packages/airflow/example_dags/tutorial_dag.py
[2025-01-17T14:14:03.670+0000] {logging_mixin.py:190} INFO - [2025-01-17T14:14:03.670+0000] {dag.py:3239} INFO - Sync 1 DAGs
[2025-01-17T14:14:03.683+0000] {logging_mixin.py:190} INFO - [2025-01-17T14:14:03.683+0000] {dag.py:4180} INFO - Setting next_dagrun for tutorial_dag to None, run_after=None
[2025-01-17T14:14:03.701+0000] {processor.py:208} INFO - Processing /home/airflow/.local/lib/python3.12/site-packages/airflow/example_dags/tutorial_dag.py took 0.066 seconds
