[2025-01-23T00:00:35.469+0000] {processor.py:186} INFO - Started process (PID=72) to work on /opt/airflow/dags/my_first_dag.py
[2025-01-23T00:00:35.471+0000] {processor.py:914} INFO - Processing file /opt/airflow/dags/my_first_dag.py for tasks to queue
[2025-01-23T00:00:35.475+0000] {logging_mixin.py:190} INFO - [2025-01-23T00:00:35.475+0000] {dagbag.py:588} INFO - Filling up the DagBag from /opt/airflow/dags/my_first_dag.py
[2025-01-23T00:00:35.540+0000] {processor.py:925} INFO - DAG(s) 'test_project' retrieved from /opt/airflow/dags/my_first_dag.py
[2025-01-23T00:00:36.007+0000] {logging_mixin.py:190} INFO - [2025-01-23T00:00:36.006+0000] {override.py:1911} INFO - Created Permission View: can read on DAG:test_project
[2025-01-23T00:00:36.024+0000] {logging_mixin.py:190} INFO - [2025-01-23T00:00:36.023+0000] {override.py:1911} INFO - Created Permission View: can edit on DAG:test_project
[2025-01-23T00:00:36.036+0000] {logging_mixin.py:190} INFO - [2025-01-23T00:00:36.035+0000] {override.py:1911} INFO - Created Permission View: can delete on DAG:test_project
[2025-01-23T00:00:36.045+0000] {logging_mixin.py:190} INFO - [2025-01-23T00:00:36.045+0000] {override.py:1911} INFO - Created Permission View: can read on DAG Run:test_project
[2025-01-23T00:00:36.056+0000] {logging_mixin.py:190} INFO - [2025-01-23T00:00:36.055+0000] {override.py:1911} INFO - Created Permission View: menu access on DAG Run:test_project
[2025-01-23T00:00:36.068+0000] {logging_mixin.py:190} INFO - [2025-01-23T00:00:36.067+0000] {override.py:1911} INFO - Created Permission View: can create on DAG Run:test_project
[2025-01-23T00:00:36.078+0000] {logging_mixin.py:190} INFO - [2025-01-23T00:00:36.078+0000] {override.py:1911} INFO - Created Permission View: can delete on DAG Run:test_project
[2025-01-23T00:00:36.079+0000] {logging_mixin.py:190} INFO - [2025-01-23T00:00:36.079+0000] {dag.py:3239} INFO - Sync 1 DAGs
[2025-01-23T00:00:36.107+0000] {logging_mixin.py:190} INFO - [2025-01-23T00:00:36.107+0000] {dag.py:3262} INFO - Creating ORM DAG for test_project
[2025-01-23T00:00:36.124+0000] {logging_mixin.py:190} INFO - [2025-01-23T00:00:36.123+0000] {dag.py:4180} INFO - Setting next_dagrun for test_project to 2025-01-22 00:00:00+00:00, run_after=2025-01-23 00:00:00+00:00
[2025-01-23T00:00:36.157+0000] {processor.py:208} INFO - Processing /opt/airflow/dags/my_first_dag.py took 0.702 seconds
[2025-01-23T00:01:06.856+0000] {processor.py:186} INFO - Started process (PID=80) to work on /opt/airflow/dags/my_first_dag.py
[2025-01-23T00:01:06.857+0000] {processor.py:914} INFO - Processing file /opt/airflow/dags/my_first_dag.py for tasks to queue
[2025-01-23T00:01:06.859+0000] {logging_mixin.py:190} INFO - [2025-01-23T00:01:06.859+0000] {dagbag.py:588} INFO - Filling up the DagBag from /opt/airflow/dags/my_first_dag.py
[2025-01-23T00:01:06.876+0000] {processor.py:925} INFO - DAG(s) 'test_project' retrieved from /opt/airflow/dags/my_first_dag.py
[2025-01-23T00:01:06.897+0000] {logging_mixin.py:190} INFO - [2025-01-23T00:01:06.897+0000] {dag.py:3239} INFO - Sync 1 DAGs
[2025-01-23T00:01:06.916+0000] {logging_mixin.py:190} INFO - [2025-01-23T00:01:06.916+0000] {dag.py:4180} INFO - Setting next_dagrun for test_project to 2025-01-22 00:00:00+00:00, run_after=2025-01-23 00:00:00+00:00
[2025-01-23T00:01:06.937+0000] {processor.py:208} INFO - Processing /opt/airflow/dags/my_first_dag.py took 0.087 seconds
[2025-01-23T00:01:37.365+0000] {processor.py:186} INFO - Started process (PID=89) to work on /opt/airflow/dags/my_first_dag.py
[2025-01-23T00:01:37.367+0000] {processor.py:914} INFO - Processing file /opt/airflow/dags/my_first_dag.py for tasks to queue
[2025-01-23T00:01:37.370+0000] {logging_mixin.py:190} INFO - [2025-01-23T00:01:37.369+0000] {dagbag.py:588} INFO - Filling up the DagBag from /opt/airflow/dags/my_first_dag.py
[2025-01-23T00:01:37.392+0000] {processor.py:925} INFO - DAG(s) 'test_project' retrieved from /opt/airflow/dags/my_first_dag.py
[2025-01-23T00:01:37.415+0000] {logging_mixin.py:190} INFO - [2025-01-23T00:01:37.415+0000] {dag.py:3239} INFO - Sync 1 DAGs
[2025-01-23T00:01:37.437+0000] {logging_mixin.py:190} INFO - [2025-01-23T00:01:37.437+0000] {dag.py:4180} INFO - Setting next_dagrun for test_project to 2025-01-22 00:00:00+00:00, run_after=2025-01-23 00:00:00+00:00
[2025-01-23T00:01:37.462+0000] {processor.py:208} INFO - Processing /opt/airflow/dags/my_first_dag.py took 0.102 seconds
[2025-01-23T00:02:07.819+0000] {processor.py:186} INFO - Started process (PID=99) to work on /opt/airflow/dags/my_first_dag.py
[2025-01-23T00:02:07.821+0000] {processor.py:914} INFO - Processing file /opt/airflow/dags/my_first_dag.py for tasks to queue
[2025-01-23T00:02:07.823+0000] {logging_mixin.py:190} INFO - [2025-01-23T00:02:07.822+0000] {dagbag.py:588} INFO - Filling up the DagBag from /opt/airflow/dags/my_first_dag.py
[2025-01-23T00:02:07.843+0000] {processor.py:925} INFO - DAG(s) 'test_project' retrieved from /opt/airflow/dags/my_first_dag.py
[2025-01-23T00:02:07.867+0000] {logging_mixin.py:190} INFO - [2025-01-23T00:02:07.867+0000] {dag.py:3239} INFO - Sync 1 DAGs
[2025-01-23T00:02:07.891+0000] {logging_mixin.py:190} INFO - [2025-01-23T00:02:07.891+0000] {dag.py:4180} INFO - Setting next_dagrun for test_project to 2025-01-22 00:00:00+00:00, run_after=2025-01-23 00:00:00+00:00
[2025-01-23T00:02:07.912+0000] {processor.py:208} INFO - Processing /opt/airflow/dags/my_first_dag.py took 0.099 seconds
[2025-01-23T00:02:38.256+0000] {processor.py:186} INFO - Started process (PID=108) to work on /opt/airflow/dags/my_first_dag.py
[2025-01-23T00:02:38.257+0000] {processor.py:914} INFO - Processing file /opt/airflow/dags/my_first_dag.py for tasks to queue
[2025-01-23T00:02:38.260+0000] {logging_mixin.py:190} INFO - [2025-01-23T00:02:38.259+0000] {dagbag.py:588} INFO - Filling up the DagBag from /opt/airflow/dags/my_first_dag.py
[2025-01-23T00:02:38.280+0000] {processor.py:925} INFO - DAG(s) 'test_project' retrieved from /opt/airflow/dags/my_first_dag.py
[2025-01-23T00:02:38.303+0000] {logging_mixin.py:190} INFO - [2025-01-23T00:02:38.303+0000] {dag.py:3239} INFO - Sync 1 DAGs
[2025-01-23T00:02:38.325+0000] {logging_mixin.py:190} INFO - [2025-01-23T00:02:38.325+0000] {dag.py:4180} INFO - Setting next_dagrun for test_project to 2025-01-22 00:00:00+00:00, run_after=2025-01-23 00:00:00+00:00
[2025-01-23T00:02:38.354+0000] {processor.py:208} INFO - Processing /opt/airflow/dags/my_first_dag.py took 0.106 seconds
[2025-01-23T00:03:08.663+0000] {processor.py:186} INFO - Started process (PID=117) to work on /opt/airflow/dags/my_first_dag.py
[2025-01-23T00:03:08.664+0000] {processor.py:914} INFO - Processing file /opt/airflow/dags/my_first_dag.py for tasks to queue
[2025-01-23T00:03:08.666+0000] {logging_mixin.py:190} INFO - [2025-01-23T00:03:08.666+0000] {dagbag.py:588} INFO - Filling up the DagBag from /opt/airflow/dags/my_first_dag.py
[2025-01-23T00:03:08.686+0000] {processor.py:925} INFO - DAG(s) 'test_project' retrieved from /opt/airflow/dags/my_first_dag.py
[2025-01-23T00:03:08.711+0000] {logging_mixin.py:190} INFO - [2025-01-23T00:03:08.711+0000] {dag.py:3239} INFO - Sync 1 DAGs
[2025-01-23T00:03:08.732+0000] {logging_mixin.py:190} INFO - [2025-01-23T00:03:08.732+0000] {dag.py:4180} INFO - Setting next_dagrun for test_project to 2025-01-22 00:00:00+00:00, run_after=2025-01-23 00:00:00+00:00
[2025-01-23T00:03:08.764+0000] {processor.py:208} INFO - Processing /opt/airflow/dags/my_first_dag.py took 0.107 seconds
[2025-01-23T00:03:39.121+0000] {processor.py:186} INFO - Started process (PID=126) to work on /opt/airflow/dags/my_first_dag.py
[2025-01-23T00:03:39.123+0000] {processor.py:914} INFO - Processing file /opt/airflow/dags/my_first_dag.py for tasks to queue
[2025-01-23T00:03:39.125+0000] {logging_mixin.py:190} INFO - [2025-01-23T00:03:39.125+0000] {dagbag.py:588} INFO - Filling up the DagBag from /opt/airflow/dags/my_first_dag.py
[2025-01-23T00:03:39.146+0000] {processor.py:925} INFO - DAG(s) 'test_project' retrieved from /opt/airflow/dags/my_first_dag.py
[2025-01-23T00:03:39.172+0000] {logging_mixin.py:190} INFO - [2025-01-23T00:03:39.171+0000] {dag.py:3239} INFO - Sync 1 DAGs
[2025-01-23T00:03:39.197+0000] {logging_mixin.py:190} INFO - [2025-01-23T00:03:39.197+0000] {dag.py:4180} INFO - Setting next_dagrun for test_project to 2025-01-22 00:00:00+00:00, run_after=2025-01-23 00:00:00+00:00
[2025-01-23T00:03:39.229+0000] {processor.py:208} INFO - Processing /opt/airflow/dags/my_first_dag.py took 0.112 seconds
[2025-01-23T00:04:09.554+0000] {processor.py:186} INFO - Started process (PID=135) to work on /opt/airflow/dags/my_first_dag.py
[2025-01-23T00:04:09.555+0000] {processor.py:914} INFO - Processing file /opt/airflow/dags/my_first_dag.py for tasks to queue
[2025-01-23T00:04:09.558+0000] {logging_mixin.py:190} INFO - [2025-01-23T00:04:09.558+0000] {dagbag.py:588} INFO - Filling up the DagBag from /opt/airflow/dags/my_first_dag.py
[2025-01-23T00:04:09.577+0000] {processor.py:925} INFO - DAG(s) 'test_project' retrieved from /opt/airflow/dags/my_first_dag.py
[2025-01-23T00:04:09.599+0000] {logging_mixin.py:190} INFO - [2025-01-23T00:04:09.599+0000] {dag.py:3239} INFO - Sync 1 DAGs
[2025-01-23T00:04:09.622+0000] {logging_mixin.py:190} INFO - [2025-01-23T00:04:09.621+0000] {dag.py:4180} INFO - Setting next_dagrun for test_project to 2025-01-22 00:00:00+00:00, run_after=2025-01-23 00:00:00+00:00
[2025-01-23T00:04:09.651+0000] {processor.py:208} INFO - Processing /opt/airflow/dags/my_first_dag.py took 0.103 seconds
[2025-01-23T00:04:39.952+0000] {processor.py:186} INFO - Started process (PID=144) to work on /opt/airflow/dags/my_first_dag.py
[2025-01-23T00:04:39.954+0000] {processor.py:914} INFO - Processing file /opt/airflow/dags/my_first_dag.py for tasks to queue
[2025-01-23T00:04:39.957+0000] {logging_mixin.py:190} INFO - [2025-01-23T00:04:39.957+0000] {dagbag.py:588} INFO - Filling up the DagBag from /opt/airflow/dags/my_first_dag.py
[2025-01-23T00:04:39.982+0000] {processor.py:925} INFO - DAG(s) 'test_project' retrieved from /opt/airflow/dags/my_first_dag.py
[2025-01-23T00:04:40.013+0000] {logging_mixin.py:190} INFO - [2025-01-23T00:04:40.013+0000] {dag.py:3239} INFO - Sync 1 DAGs
[2025-01-23T00:04:40.173+0000] {logging_mixin.py:190} INFO - [2025-01-23T00:04:40.173+0000] {dag.py:4180} INFO - Setting next_dagrun for test_project to 2025-01-22 00:00:00+00:00, run_after=2025-01-23 00:00:00+00:00
[2025-01-23T00:04:40.191+0000] {processor.py:208} INFO - Processing /opt/airflow/dags/my_first_dag.py took 0.245 seconds
[2025-01-23T00:05:10.457+0000] {processor.py:186} INFO - Started process (PID=153) to work on /opt/airflow/dags/my_first_dag.py
[2025-01-23T00:05:10.458+0000] {processor.py:914} INFO - Processing file /opt/airflow/dags/my_first_dag.py for tasks to queue
[2025-01-23T00:05:10.460+0000] {logging_mixin.py:190} INFO - [2025-01-23T00:05:10.460+0000] {dagbag.py:588} INFO - Filling up the DagBag from /opt/airflow/dags/my_first_dag.py
[2025-01-23T00:05:10.478+0000] {processor.py:925} INFO - DAG(s) 'test_project' retrieved from /opt/airflow/dags/my_first_dag.py
[2025-01-23T00:05:10.614+0000] {logging_mixin.py:190} INFO - [2025-01-23T00:05:10.614+0000] {dag.py:3239} INFO - Sync 1 DAGs
[2025-01-23T00:05:10.632+0000] {logging_mixin.py:190} INFO - [2025-01-23T00:05:10.631+0000] {dag.py:4180} INFO - Setting next_dagrun for test_project to 2025-01-22 00:00:00+00:00, run_after=2025-01-23 00:00:00+00:00
[2025-01-23T00:05:10.649+0000] {processor.py:208} INFO - Processing /opt/airflow/dags/my_first_dag.py took 0.198 seconds
[2025-01-23T00:05:40.973+0000] {processor.py:186} INFO - Started process (PID=162) to work on /opt/airflow/dags/my_first_dag.py
[2025-01-23T00:05:40.974+0000] {processor.py:914} INFO - Processing file /opt/airflow/dags/my_first_dag.py for tasks to queue
[2025-01-23T00:05:40.977+0000] {logging_mixin.py:190} INFO - [2025-01-23T00:05:40.977+0000] {dagbag.py:588} INFO - Filling up the DagBag from /opt/airflow/dags/my_first_dag.py
[2025-01-23T00:05:40.996+0000] {processor.py:925} INFO - DAG(s) 'test_project' retrieved from /opt/airflow/dags/my_first_dag.py
[2025-01-23T00:05:41.020+0000] {logging_mixin.py:190} INFO - [2025-01-23T00:05:41.020+0000] {dag.py:3239} INFO - Sync 1 DAGs
[2025-01-23T00:05:41.042+0000] {logging_mixin.py:190} INFO - [2025-01-23T00:05:41.042+0000] {dag.py:4180} INFO - Setting next_dagrun for test_project to 2025-01-22 00:00:00+00:00, run_after=2025-01-23 00:00:00+00:00
[2025-01-23T00:05:41.060+0000] {processor.py:208} INFO - Processing /opt/airflow/dags/my_first_dag.py took 0.092 seconds
[2025-01-23T00:06:11.358+0000] {processor.py:186} INFO - Started process (PID=171) to work on /opt/airflow/dags/my_first_dag.py
[2025-01-23T00:06:11.359+0000] {processor.py:914} INFO - Processing file /opt/airflow/dags/my_first_dag.py for tasks to queue
[2025-01-23T00:06:11.362+0000] {logging_mixin.py:190} INFO - [2025-01-23T00:06:11.362+0000] {dagbag.py:588} INFO - Filling up the DagBag from /opt/airflow/dags/my_first_dag.py
[2025-01-23T00:06:11.388+0000] {processor.py:925} INFO - DAG(s) 'test_project' retrieved from /opt/airflow/dags/my_first_dag.py
[2025-01-23T00:06:11.417+0000] {logging_mixin.py:190} INFO - [2025-01-23T00:06:11.417+0000] {dag.py:3239} INFO - Sync 1 DAGs
[2025-01-23T00:06:11.444+0000] {logging_mixin.py:190} INFO - [2025-01-23T00:06:11.443+0000] {dag.py:4180} INFO - Setting next_dagrun for test_project to 2025-01-22 00:00:00+00:00, run_after=2025-01-23 00:00:00+00:00
[2025-01-23T00:06:11.474+0000] {processor.py:208} INFO - Processing /opt/airflow/dags/my_first_dag.py took 0.122 seconds
[2025-01-23T00:06:41.798+0000] {processor.py:186} INFO - Started process (PID=180) to work on /opt/airflow/dags/my_first_dag.py
[2025-01-23T00:06:41.799+0000] {processor.py:914} INFO - Processing file /opt/airflow/dags/my_first_dag.py for tasks to queue
[2025-01-23T00:06:41.801+0000] {logging_mixin.py:190} INFO - [2025-01-23T00:06:41.801+0000] {dagbag.py:588} INFO - Filling up the DagBag from /opt/airflow/dags/my_first_dag.py
[2025-01-23T00:06:41.820+0000] {processor.py:925} INFO - DAG(s) 'test_project' retrieved from /opt/airflow/dags/my_first_dag.py
[2025-01-23T00:06:41.844+0000] {logging_mixin.py:190} INFO - [2025-01-23T00:06:41.844+0000] {dag.py:3239} INFO - Sync 1 DAGs
[2025-01-23T00:06:42.002+0000] {logging_mixin.py:190} INFO - [2025-01-23T00:06:42.002+0000] {dag.py:4180} INFO - Setting next_dagrun for test_project to 2025-01-22 00:00:00+00:00, run_after=2025-01-23 00:00:00+00:00
[2025-01-23T00:06:42.034+0000] {processor.py:208} INFO - Processing /opt/airflow/dags/my_first_dag.py took 0.241 seconds
[2025-01-23T00:07:12.470+0000] {processor.py:186} INFO - Started process (PID=189) to work on /opt/airflow/dags/my_first_dag.py
[2025-01-23T00:07:12.471+0000] {processor.py:914} INFO - Processing file /opt/airflow/dags/my_first_dag.py for tasks to queue
[2025-01-23T00:07:12.474+0000] {logging_mixin.py:190} INFO - [2025-01-23T00:07:12.473+0000] {dagbag.py:588} INFO - Filling up the DagBag from /opt/airflow/dags/my_first_dag.py
[2025-01-23T00:07:12.499+0000] {processor.py:925} INFO - DAG(s) 'test_project' retrieved from /opt/airflow/dags/my_first_dag.py
[2025-01-23T00:07:12.684+0000] {logging_mixin.py:190} INFO - [2025-01-23T00:07:12.684+0000] {dag.py:3239} INFO - Sync 1 DAGs
[2025-01-23T00:07:12.703+0000] {logging_mixin.py:190} INFO - [2025-01-23T00:07:12.702+0000] {dag.py:4180} INFO - Setting next_dagrun for test_project to 2025-01-22 00:00:00+00:00, run_after=2025-01-23 00:00:00+00:00
[2025-01-23T00:07:12.719+0000] {processor.py:208} INFO - Processing /opt/airflow/dags/my_first_dag.py took 0.256 seconds
[2025-01-23T00:07:42.833+0000] {processor.py:186} INFO - Started process (PID=197) to work on /opt/airflow/dags/my_first_dag.py
[2025-01-23T00:07:42.834+0000] {processor.py:914} INFO - Processing file /opt/airflow/dags/my_first_dag.py for tasks to queue
[2025-01-23T00:07:42.837+0000] {logging_mixin.py:190} INFO - [2025-01-23T00:07:42.836+0000] {dagbag.py:588} INFO - Filling up the DagBag from /opt/airflow/dags/my_first_dag.py
[2025-01-23T00:07:42.854+0000] {processor.py:925} INFO - DAG(s) 'test_project' retrieved from /opt/airflow/dags/my_first_dag.py
[2025-01-23T00:07:42.876+0000] {logging_mixin.py:190} INFO - [2025-01-23T00:07:42.876+0000] {dag.py:3239} INFO - Sync 1 DAGs
[2025-01-23T00:07:42.899+0000] {logging_mixin.py:190} INFO - [2025-01-23T00:07:42.899+0000] {dag.py:4180} INFO - Setting next_dagrun for test_project to 2025-01-22 00:00:00+00:00, run_after=2025-01-23 00:00:00+00:00
[2025-01-23T00:07:42.929+0000] {processor.py:208} INFO - Processing /opt/airflow/dags/my_first_dag.py took 0.102 seconds
[2025-01-23T00:08:13.150+0000] {processor.py:186} INFO - Started process (PID=205) to work on /opt/airflow/dags/my_first_dag.py
[2025-01-23T00:08:13.151+0000] {processor.py:914} INFO - Processing file /opt/airflow/dags/my_first_dag.py for tasks to queue
[2025-01-23T00:08:13.154+0000] {logging_mixin.py:190} INFO - [2025-01-23T00:08:13.154+0000] {dagbag.py:588} INFO - Filling up the DagBag from /opt/airflow/dags/my_first_dag.py
[2025-01-23T00:08:13.176+0000] {processor.py:925} INFO - DAG(s) 'test_project' retrieved from /opt/airflow/dags/my_first_dag.py
[2025-01-23T00:08:13.197+0000] {logging_mixin.py:190} INFO - [2025-01-23T00:08:13.197+0000] {dag.py:3239} INFO - Sync 1 DAGs
[2025-01-23T00:08:13.219+0000] {logging_mixin.py:190} INFO - [2025-01-23T00:08:13.218+0000] {dag.py:4180} INFO - Setting next_dagrun for test_project to 2025-01-22 00:00:00+00:00, run_after=2025-01-23 00:00:00+00:00
[2025-01-23T00:08:13.236+0000] {processor.py:208} INFO - Processing /opt/airflow/dags/my_first_dag.py took 0.091 seconds
[2025-01-23T00:08:43.533+0000] {processor.py:186} INFO - Started process (PID=213) to work on /opt/airflow/dags/my_first_dag.py
[2025-01-23T00:08:43.534+0000] {processor.py:914} INFO - Processing file /opt/airflow/dags/my_first_dag.py for tasks to queue
[2025-01-23T00:08:43.536+0000] {logging_mixin.py:190} INFO - [2025-01-23T00:08:43.536+0000] {dagbag.py:588} INFO - Filling up the DagBag from /opt/airflow/dags/my_first_dag.py
[2025-01-23T00:08:43.563+0000] {processor.py:925} INFO - DAG(s) 'test_project' retrieved from /opt/airflow/dags/my_first_dag.py
[2025-01-23T00:08:43.582+0000] {logging_mixin.py:190} INFO - [2025-01-23T00:08:43.582+0000] {dag.py:3239} INFO - Sync 1 DAGs
[2025-01-23T00:08:43.602+0000] {logging_mixin.py:190} INFO - [2025-01-23T00:08:43.602+0000] {dag.py:4180} INFO - Setting next_dagrun for test_project to 2025-01-22 00:00:00+00:00, run_after=2025-01-23 00:00:00+00:00
[2025-01-23T00:08:43.736+0000] {processor.py:208} INFO - Processing /opt/airflow/dags/my_first_dag.py took 0.210 seconds
[2025-01-23T00:09:13.854+0000] {processor.py:186} INFO - Started process (PID=221) to work on /opt/airflow/dags/my_first_dag.py
[2025-01-23T00:09:13.855+0000] {processor.py:914} INFO - Processing file /opt/airflow/dags/my_first_dag.py for tasks to queue
[2025-01-23T00:09:13.857+0000] {logging_mixin.py:190} INFO - [2025-01-23T00:09:13.857+0000] {dagbag.py:588} INFO - Filling up the DagBag from /opt/airflow/dags/my_first_dag.py
[2025-01-23T00:09:13.875+0000] {processor.py:925} INFO - DAG(s) 'test_project' retrieved from /opt/airflow/dags/my_first_dag.py
[2025-01-23T00:09:13.896+0000] {logging_mixin.py:190} INFO - [2025-01-23T00:09:13.895+0000] {dag.py:3239} INFO - Sync 1 DAGs
[2025-01-23T00:09:14.045+0000] {logging_mixin.py:190} INFO - [2025-01-23T00:09:14.045+0000] {dag.py:4180} INFO - Setting next_dagrun for test_project to 2025-01-22 00:00:00+00:00, run_after=2025-01-23 00:00:00+00:00
[2025-01-23T00:09:14.075+0000] {processor.py:208} INFO - Processing /opt/airflow/dags/my_first_dag.py took 0.226 seconds
[2025-01-23T00:09:44.186+0000] {processor.py:186} INFO - Started process (PID=229) to work on /opt/airflow/dags/my_first_dag.py
[2025-01-23T00:09:44.188+0000] {processor.py:914} INFO - Processing file /opt/airflow/dags/my_first_dag.py for tasks to queue
[2025-01-23T00:09:44.189+0000] {logging_mixin.py:190} INFO - [2025-01-23T00:09:44.189+0000] {dagbag.py:588} INFO - Filling up the DagBag from /opt/airflow/dags/my_first_dag.py
[2025-01-23T00:09:44.211+0000] {processor.py:925} INFO - DAG(s) 'test_project' retrieved from /opt/airflow/dags/my_first_dag.py
[2025-01-23T00:09:44.234+0000] {logging_mixin.py:190} INFO - [2025-01-23T00:09:44.233+0000] {dag.py:3239} INFO - Sync 1 DAGs
[2025-01-23T00:09:44.383+0000] {logging_mixin.py:190} INFO - [2025-01-23T00:09:44.383+0000] {dag.py:4180} INFO - Setting next_dagrun for test_project to 2025-01-22 00:00:00+00:00, run_after=2025-01-23 00:00:00+00:00
[2025-01-23T00:09:44.402+0000] {processor.py:208} INFO - Processing /opt/airflow/dags/my_first_dag.py took 0.221 seconds
[2025-01-23T00:10:14.517+0000] {processor.py:186} INFO - Started process (PID=237) to work on /opt/airflow/dags/my_first_dag.py
[2025-01-23T00:10:14.518+0000] {processor.py:914} INFO - Processing file /opt/airflow/dags/my_first_dag.py for tasks to queue
[2025-01-23T00:10:14.519+0000] {logging_mixin.py:190} INFO - [2025-01-23T00:10:14.519+0000] {dagbag.py:588} INFO - Filling up the DagBag from /opt/airflow/dags/my_first_dag.py
[2025-01-23T00:10:14.549+0000] {processor.py:925} INFO - DAG(s) 'test_project' retrieved from /opt/airflow/dags/my_first_dag.py
[2025-01-23T00:10:14.740+0000] {logging_mixin.py:190} INFO - [2025-01-23T00:10:14.740+0000] {dag.py:3239} INFO - Sync 1 DAGs
[2025-01-23T00:10:14.758+0000] {logging_mixin.py:190} INFO - [2025-01-23T00:10:14.758+0000] {dag.py:4180} INFO - Setting next_dagrun for test_project to 2025-01-22 00:00:00+00:00, run_after=2025-01-23 00:00:00+00:00
[2025-01-23T00:10:14.789+0000] {processor.py:208} INFO - Processing /opt/airflow/dags/my_first_dag.py took 0.277 seconds
[2025-01-23T00:10:44.980+0000] {processor.py:186} INFO - Started process (PID=245) to work on /opt/airflow/dags/my_first_dag.py
[2025-01-23T00:10:44.982+0000] {processor.py:914} INFO - Processing file /opt/airflow/dags/my_first_dag.py for tasks to queue
[2025-01-23T00:10:44.984+0000] {logging_mixin.py:190} INFO - [2025-01-23T00:10:44.983+0000] {dagbag.py:588} INFO - Filling up the DagBag from /opt/airflow/dags/my_first_dag.py
[2025-01-23T00:10:45.005+0000] {processor.py:925} INFO - DAG(s) 'test_project' retrieved from /opt/airflow/dags/my_first_dag.py
[2025-01-23T00:10:45.029+0000] {logging_mixin.py:190} INFO - [2025-01-23T00:10:45.028+0000] {dag.py:3239} INFO - Sync 1 DAGs
[2025-01-23T00:10:45.051+0000] {logging_mixin.py:190} INFO - [2025-01-23T00:10:45.050+0000] {dag.py:4180} INFO - Setting next_dagrun for test_project to 2025-01-22 00:00:00+00:00, run_after=2025-01-23 00:00:00+00:00
[2025-01-23T00:10:45.088+0000] {processor.py:208} INFO - Processing /opt/airflow/dags/my_first_dag.py took 0.121 seconds
[2025-01-23T00:11:15.289+0000] {processor.py:186} INFO - Started process (PID=253) to work on /opt/airflow/dags/my_first_dag.py
[2025-01-23T00:11:15.290+0000] {processor.py:914} INFO - Processing file /opt/airflow/dags/my_first_dag.py for tasks to queue
[2025-01-23T00:11:15.291+0000] {logging_mixin.py:190} INFO - [2025-01-23T00:11:15.291+0000] {dagbag.py:588} INFO - Filling up the DagBag from /opt/airflow/dags/my_first_dag.py
[2025-01-23T00:11:15.310+0000] {processor.py:925} INFO - DAG(s) 'test_project' retrieved from /opt/airflow/dags/my_first_dag.py
[2025-01-23T00:11:15.329+0000] {logging_mixin.py:190} INFO - [2025-01-23T00:11:15.329+0000] {dag.py:3239} INFO - Sync 1 DAGs
[2025-01-23T00:11:15.349+0000] {logging_mixin.py:190} INFO - [2025-01-23T00:11:15.349+0000] {dag.py:4180} INFO - Setting next_dagrun for test_project to 2025-01-22 00:00:00+00:00, run_after=2025-01-23 00:00:00+00:00
[2025-01-23T00:11:15.379+0000] {processor.py:208} INFO - Processing /opt/airflow/dags/my_first_dag.py took 0.095 seconds
[2025-01-23T00:11:45.758+0000] {processor.py:186} INFO - Started process (PID=262) to work on /opt/airflow/dags/my_first_dag.py
[2025-01-23T00:11:45.759+0000] {processor.py:914} INFO - Processing file /opt/airflow/dags/my_first_dag.py for tasks to queue
[2025-01-23T00:11:45.760+0000] {logging_mixin.py:190} INFO - [2025-01-23T00:11:45.760+0000] {dagbag.py:588} INFO - Filling up the DagBag from /opt/airflow/dags/my_first_dag.py
[2025-01-23T00:11:45.791+0000] {processor.py:925} INFO - DAG(s) 'test_project' retrieved from /opt/airflow/dags/my_first_dag.py
[2025-01-23T00:11:45.818+0000] {logging_mixin.py:190} INFO - [2025-01-23T00:11:45.818+0000] {dag.py:3239} INFO - Sync 1 DAGs
[2025-01-23T00:11:45.846+0000] {logging_mixin.py:190} INFO - [2025-01-23T00:11:45.845+0000] {dag.py:4180} INFO - Setting next_dagrun for test_project to 2025-01-22 00:00:00+00:00, run_after=2025-01-23 00:00:00+00:00
[2025-01-23T00:11:46.015+0000] {processor.py:208} INFO - Processing /opt/airflow/dags/my_first_dag.py took 0.264 seconds
[2025-01-23T00:12:16.189+0000] {processor.py:186} INFO - Started process (PID=270) to work on /opt/airflow/dags/my_first_dag.py
[2025-01-23T00:12:16.191+0000] {processor.py:914} INFO - Processing file /opt/airflow/dags/my_first_dag.py for tasks to queue
[2025-01-23T00:12:16.192+0000] {logging_mixin.py:190} INFO - [2025-01-23T00:12:16.192+0000] {dagbag.py:588} INFO - Filling up the DagBag from /opt/airflow/dags/my_first_dag.py
[2025-01-23T00:12:16.224+0000] {processor.py:925} INFO - DAG(s) 'test_project' retrieved from /opt/airflow/dags/my_first_dag.py
[2025-01-23T00:12:16.254+0000] {logging_mixin.py:190} INFO - [2025-01-23T00:12:16.254+0000] {dag.py:3239} INFO - Sync 1 DAGs
[2025-01-23T00:12:16.433+0000] {logging_mixin.py:190} INFO - [2025-01-23T00:12:16.432+0000] {dag.py:4180} INFO - Setting next_dagrun for test_project to 2025-01-22 00:00:00+00:00, run_after=2025-01-23 00:00:00+00:00
[2025-01-23T00:12:16.458+0000] {processor.py:208} INFO - Processing /opt/airflow/dags/my_first_dag.py took 0.276 seconds
[2025-01-23T00:12:46.779+0000] {processor.py:186} INFO - Started process (PID=278) to work on /opt/airflow/dags/my_first_dag.py
[2025-01-23T00:12:46.780+0000] {processor.py:914} INFO - Processing file /opt/airflow/dags/my_first_dag.py for tasks to queue
[2025-01-23T00:12:46.781+0000] {logging_mixin.py:190} INFO - [2025-01-23T00:12:46.781+0000] {dagbag.py:588} INFO - Filling up the DagBag from /opt/airflow/dags/my_first_dag.py
[2025-01-23T00:12:46.803+0000] {processor.py:925} INFO - DAG(s) 'test_project' retrieved from /opt/airflow/dags/my_first_dag.py
[2025-01-23T00:12:46.946+0000] {logging_mixin.py:190} INFO - [2025-01-23T00:12:46.946+0000] {dag.py:3239} INFO - Sync 1 DAGs
[2025-01-23T00:12:46.969+0000] {logging_mixin.py:190} INFO - [2025-01-23T00:12:46.968+0000] {dag.py:4180} INFO - Setting next_dagrun for test_project to 2025-01-22 00:00:00+00:00, run_after=2025-01-23 00:00:00+00:00
[2025-01-23T00:12:46.994+0000] {processor.py:208} INFO - Processing /opt/airflow/dags/my_first_dag.py took 0.219 seconds
[2025-01-23T00:13:17.282+0000] {processor.py:186} INFO - Started process (PID=287) to work on /opt/airflow/dags/my_first_dag.py
[2025-01-23T00:13:17.283+0000] {processor.py:914} INFO - Processing file /opt/airflow/dags/my_first_dag.py for tasks to queue
[2025-01-23T00:13:17.284+0000] {logging_mixin.py:190} INFO - [2025-01-23T00:13:17.284+0000] {dagbag.py:588} INFO - Filling up the DagBag from /opt/airflow/dags/my_first_dag.py
[2025-01-23T00:13:17.428+0000] {processor.py:925} INFO - DAG(s) 'test_project' retrieved from /opt/airflow/dags/my_first_dag.py
[2025-01-23T00:13:17.447+0000] {logging_mixin.py:190} INFO - [2025-01-23T00:13:17.446+0000] {dag.py:3239} INFO - Sync 1 DAGs
[2025-01-23T00:13:17.465+0000] {logging_mixin.py:190} INFO - [2025-01-23T00:13:17.465+0000] {dag.py:4180} INFO - Setting next_dagrun for test_project to 2025-01-22 00:00:00+00:00, run_after=2025-01-23 00:00:00+00:00
[2025-01-23T00:13:17.494+0000] {processor.py:208} INFO - Processing /opt/airflow/dags/my_first_dag.py took 0.217 seconds
[2025-01-23T00:13:47.987+0000] {processor.py:186} INFO - Started process (PID=297) to work on /opt/airflow/dags/my_first_dag.py
[2025-01-23T00:13:47.988+0000] {processor.py:914} INFO - Processing file /opt/airflow/dags/my_first_dag.py for tasks to queue
[2025-01-23T00:13:47.989+0000] {logging_mixin.py:190} INFO - [2025-01-23T00:13:47.989+0000] {dagbag.py:588} INFO - Filling up the DagBag from /opt/airflow/dags/my_first_dag.py
[2025-01-23T00:13:48.009+0000] {processor.py:925} INFO - DAG(s) 'test_project' retrieved from /opt/airflow/dags/my_first_dag.py
[2025-01-23T00:13:48.032+0000] {logging_mixin.py:190} INFO - [2025-01-23T00:13:48.032+0000] {dag.py:3239} INFO - Sync 1 DAGs
[2025-01-23T00:13:48.053+0000] {logging_mixin.py:190} INFO - [2025-01-23T00:13:48.053+0000] {dag.py:4180} INFO - Setting next_dagrun for test_project to 2025-01-22 00:00:00+00:00, run_after=2025-01-23 00:00:00+00:00
[2025-01-23T00:13:48.072+0000] {processor.py:208} INFO - Processing /opt/airflow/dags/my_first_dag.py took 0.091 seconds
[2025-01-23T00:14:18.392+0000] {processor.py:186} INFO - Started process (PID=306) to work on /opt/airflow/dags/my_first_dag.py
[2025-01-23T00:14:18.393+0000] {processor.py:914} INFO - Processing file /opt/airflow/dags/my_first_dag.py for tasks to queue
[2025-01-23T00:14:18.395+0000] {logging_mixin.py:190} INFO - [2025-01-23T00:14:18.395+0000] {dagbag.py:588} INFO - Filling up the DagBag from /opt/airflow/dags/my_first_dag.py
[2025-01-23T00:14:18.414+0000] {processor.py:925} INFO - DAG(s) 'test_project' retrieved from /opt/airflow/dags/my_first_dag.py
[2025-01-23T00:14:18.438+0000] {logging_mixin.py:190} INFO - [2025-01-23T00:14:18.437+0000] {dag.py:3239} INFO - Sync 1 DAGs
[2025-01-23T00:14:18.459+0000] {logging_mixin.py:190} INFO - [2025-01-23T00:14:18.459+0000] {dag.py:4180} INFO - Setting next_dagrun for test_project to 2025-01-22 00:00:00+00:00, run_after=2025-01-23 00:00:00+00:00
[2025-01-23T00:14:18.491+0000] {processor.py:208} INFO - Processing /opt/airflow/dags/my_first_dag.py took 0.103 seconds
[2025-01-23T00:14:48.825+0000] {processor.py:186} INFO - Started process (PID=316) to work on /opt/airflow/dags/my_first_dag.py
[2025-01-23T00:14:48.826+0000] {processor.py:914} INFO - Processing file /opt/airflow/dags/my_first_dag.py for tasks to queue
[2025-01-23T00:14:48.827+0000] {logging_mixin.py:190} INFO - [2025-01-23T00:14:48.827+0000] {dagbag.py:588} INFO - Filling up the DagBag from /opt/airflow/dags/my_first_dag.py
[2025-01-23T00:14:48.845+0000] {processor.py:925} INFO - DAG(s) 'test_project' retrieved from /opt/airflow/dags/my_first_dag.py
[2025-01-23T00:14:48.866+0000] {logging_mixin.py:190} INFO - [2025-01-23T00:14:48.866+0000] {dag.py:3239} INFO - Sync 1 DAGs
[2025-01-23T00:14:48.889+0000] {logging_mixin.py:190} INFO - [2025-01-23T00:14:48.889+0000] {dag.py:4180} INFO - Setting next_dagrun for test_project to 2025-01-22 00:00:00+00:00, run_after=2025-01-23 00:00:00+00:00
[2025-01-23T00:14:48.908+0000] {processor.py:208} INFO - Processing /opt/airflow/dags/my_first_dag.py took 0.088 seconds
[2025-01-23T00:15:19.232+0000] {processor.py:186} INFO - Started process (PID=325) to work on /opt/airflow/dags/my_first_dag.py
[2025-01-23T00:15:19.233+0000] {processor.py:914} INFO - Processing file /opt/airflow/dags/my_first_dag.py for tasks to queue
[2025-01-23T00:15:19.234+0000] {logging_mixin.py:190} INFO - [2025-01-23T00:15:19.234+0000] {dagbag.py:588} INFO - Filling up the DagBag from /opt/airflow/dags/my_first_dag.py
[2025-01-23T00:15:19.258+0000] {processor.py:925} INFO - DAG(s) 'test_project' retrieved from /opt/airflow/dags/my_first_dag.py
[2025-01-23T00:15:19.281+0000] {logging_mixin.py:190} INFO - [2025-01-23T00:15:19.281+0000] {dag.py:3239} INFO - Sync 1 DAGs
[2025-01-23T00:15:19.304+0000] {logging_mixin.py:190} INFO - [2025-01-23T00:15:19.304+0000] {dag.py:4180} INFO - Setting next_dagrun for test_project to 2025-01-22 00:00:00+00:00, run_after=2025-01-23 00:00:00+00:00
[2025-01-23T00:15:19.322+0000] {processor.py:208} INFO - Processing /opt/airflow/dags/my_first_dag.py took 0.097 seconds
[2025-01-23T00:15:49.618+0000] {processor.py:186} INFO - Started process (PID=335) to work on /opt/airflow/dags/my_first_dag.py
[2025-01-23T00:15:49.619+0000] {processor.py:914} INFO - Processing file /opt/airflow/dags/my_first_dag.py for tasks to queue
[2025-01-23T00:15:49.620+0000] {logging_mixin.py:190} INFO - [2025-01-23T00:15:49.620+0000] {dagbag.py:588} INFO - Filling up the DagBag from /opt/airflow/dags/my_first_dag.py
[2025-01-23T00:15:49.639+0000] {processor.py:925} INFO - DAG(s) 'test_project' retrieved from /opt/airflow/dags/my_first_dag.py
[2025-01-23T00:15:49.660+0000] {logging_mixin.py:190} INFO - [2025-01-23T00:15:49.660+0000] {dag.py:3239} INFO - Sync 1 DAGs
[2025-01-23T00:15:49.684+0000] {logging_mixin.py:190} INFO - [2025-01-23T00:15:49.684+0000] {dag.py:4180} INFO - Setting next_dagrun for test_project to 2025-01-22 00:00:00+00:00, run_after=2025-01-23 00:00:00+00:00
[2025-01-23T00:15:49.701+0000] {processor.py:208} INFO - Processing /opt/airflow/dags/my_first_dag.py took 0.088 seconds
[2025-01-23T00:16:20.007+0000] {processor.py:186} INFO - Started process (PID=345) to work on /opt/airflow/dags/my_first_dag.py
[2025-01-23T00:16:20.008+0000] {processor.py:914} INFO - Processing file /opt/airflow/dags/my_first_dag.py for tasks to queue
[2025-01-23T00:16:20.009+0000] {logging_mixin.py:190} INFO - [2025-01-23T00:16:20.009+0000] {dagbag.py:588} INFO - Filling up the DagBag from /opt/airflow/dags/my_first_dag.py
[2025-01-23T00:16:20.028+0000] {processor.py:925} INFO - DAG(s) 'test_project' retrieved from /opt/airflow/dags/my_first_dag.py
[2025-01-23T00:16:20.049+0000] {logging_mixin.py:190} INFO - [2025-01-23T00:16:20.049+0000] {dag.py:3239} INFO - Sync 1 DAGs
[2025-01-23T00:16:20.070+0000] {logging_mixin.py:190} INFO - [2025-01-23T00:16:20.070+0000] {dag.py:4180} INFO - Setting next_dagrun for test_project to 2025-01-22 00:00:00+00:00, run_after=2025-01-23 00:00:00+00:00
[2025-01-23T00:16:20.101+0000] {processor.py:208} INFO - Processing /opt/airflow/dags/my_first_dag.py took 0.099 seconds
[2025-01-23T00:16:50.382+0000] {processor.py:186} INFO - Started process (PID=354) to work on /opt/airflow/dags/my_first_dag.py
[2025-01-23T00:16:50.383+0000] {processor.py:914} INFO - Processing file /opt/airflow/dags/my_first_dag.py for tasks to queue
[2025-01-23T00:16:50.384+0000] {logging_mixin.py:190} INFO - [2025-01-23T00:16:50.384+0000] {dagbag.py:588} INFO - Filling up the DagBag from /opt/airflow/dags/my_first_dag.py
[2025-01-23T00:16:50.405+0000] {processor.py:925} INFO - DAG(s) 'test_project' retrieved from /opt/airflow/dags/my_first_dag.py
[2025-01-23T00:16:50.428+0000] {logging_mixin.py:190} INFO - [2025-01-23T00:16:50.428+0000] {dag.py:3239} INFO - Sync 1 DAGs
[2025-01-23T00:16:50.450+0000] {logging_mixin.py:190} INFO - [2025-01-23T00:16:50.450+0000] {dag.py:4180} INFO - Setting next_dagrun for test_project to 2025-01-22 00:00:00+00:00, run_after=2025-01-23 00:00:00+00:00
[2025-01-23T00:16:50.477+0000] {processor.py:208} INFO - Processing /opt/airflow/dags/my_first_dag.py took 0.100 seconds
[2025-01-23T00:17:20.812+0000] {processor.py:186} INFO - Started process (PID=363) to work on /opt/airflow/dags/my_first_dag.py
[2025-01-23T00:17:20.813+0000] {processor.py:914} INFO - Processing file /opt/airflow/dags/my_first_dag.py for tasks to queue
[2025-01-23T00:17:20.814+0000] {logging_mixin.py:190} INFO - [2025-01-23T00:17:20.814+0000] {dagbag.py:588} INFO - Filling up the DagBag from /opt/airflow/dags/my_first_dag.py
[2025-01-23T00:17:20.832+0000] {processor.py:925} INFO - DAG(s) 'test_project' retrieved from /opt/airflow/dags/my_first_dag.py
[2025-01-23T00:17:20.853+0000] {logging_mixin.py:190} INFO - [2025-01-23T00:17:20.853+0000] {dag.py:3239} INFO - Sync 1 DAGs
[2025-01-23T00:17:20.874+0000] {logging_mixin.py:190} INFO - [2025-01-23T00:17:20.873+0000] {dag.py:4180} INFO - Setting next_dagrun for test_project to 2025-01-22 00:00:00+00:00, run_after=2025-01-23 00:00:00+00:00
[2025-01-23T00:17:20.902+0000] {processor.py:208} INFO - Processing /opt/airflow/dags/my_first_dag.py took 0.096 seconds
[2025-01-23T00:17:51.230+0000] {processor.py:186} INFO - Started process (PID=372) to work on /opt/airflow/dags/my_first_dag.py
[2025-01-23T00:17:51.231+0000] {processor.py:914} INFO - Processing file /opt/airflow/dags/my_first_dag.py for tasks to queue
[2025-01-23T00:17:51.232+0000] {logging_mixin.py:190} INFO - [2025-01-23T00:17:51.232+0000] {dagbag.py:588} INFO - Filling up the DagBag from /opt/airflow/dags/my_first_dag.py
[2025-01-23T00:17:51.255+0000] {processor.py:925} INFO - DAG(s) 'test_project' retrieved from /opt/airflow/dags/my_first_dag.py
[2025-01-23T00:17:51.280+0000] {logging_mixin.py:190} INFO - [2025-01-23T00:17:51.280+0000] {dag.py:3239} INFO - Sync 1 DAGs
[2025-01-23T00:17:51.305+0000] {logging_mixin.py:190} INFO - [2025-01-23T00:17:51.305+0000] {dag.py:4180} INFO - Setting next_dagrun for test_project to 2025-01-22 00:00:00+00:00, run_after=2025-01-23 00:00:00+00:00
[2025-01-23T00:17:51.336+0000] {processor.py:208} INFO - Processing /opt/airflow/dags/my_first_dag.py took 0.112 seconds
[2025-01-23T00:18:21.639+0000] {processor.py:186} INFO - Started process (PID=381) to work on /opt/airflow/dags/my_first_dag.py
[2025-01-23T00:18:21.641+0000] {processor.py:914} INFO - Processing file /opt/airflow/dags/my_first_dag.py for tasks to queue
[2025-01-23T00:18:21.643+0000] {logging_mixin.py:190} INFO - [2025-01-23T00:18:21.642+0000] {dagbag.py:588} INFO - Filling up the DagBag from /opt/airflow/dags/my_first_dag.py
[2025-01-23T00:18:21.666+0000] {processor.py:925} INFO - DAG(s) 'test_project' retrieved from /opt/airflow/dags/my_first_dag.py
[2025-01-23T00:18:21.697+0000] {logging_mixin.py:190} INFO - [2025-01-23T00:18:21.697+0000] {dag.py:3239} INFO - Sync 1 DAGs
[2025-01-23T00:18:21.728+0000] {logging_mixin.py:190} INFO - [2025-01-23T00:18:21.728+0000] {dag.py:4180} INFO - Setting next_dagrun for test_project to 2025-01-22 00:00:00+00:00, run_after=2025-01-23 00:00:00+00:00
[2025-01-23T00:18:21.764+0000] {processor.py:208} INFO - Processing /opt/airflow/dags/my_first_dag.py took 0.133 seconds
[2025-01-23T00:18:52.092+0000] {processor.py:186} INFO - Started process (PID=390) to work on /opt/airflow/dags/my_first_dag.py
[2025-01-23T00:18:52.093+0000] {processor.py:914} INFO - Processing file /opt/airflow/dags/my_first_dag.py for tasks to queue
[2025-01-23T00:18:52.094+0000] {logging_mixin.py:190} INFO - [2025-01-23T00:18:52.093+0000] {dagbag.py:588} INFO - Filling up the DagBag from /opt/airflow/dags/my_first_dag.py
[2025-01-23T00:18:52.112+0000] {processor.py:925} INFO - DAG(s) 'test_project' retrieved from /opt/airflow/dags/my_first_dag.py
[2025-01-23T00:18:52.132+0000] {logging_mixin.py:190} INFO - [2025-01-23T00:18:52.132+0000] {dag.py:3239} INFO - Sync 1 DAGs
[2025-01-23T00:18:52.152+0000] {logging_mixin.py:190} INFO - [2025-01-23T00:18:52.152+0000] {dag.py:4180} INFO - Setting next_dagrun for test_project to 2025-01-22 00:00:00+00:00, run_after=2025-01-23 00:00:00+00:00
[2025-01-23T00:18:52.182+0000] {processor.py:208} INFO - Processing /opt/airflow/dags/my_first_dag.py took 0.096 seconds
[2025-01-23T00:19:22.541+0000] {processor.py:186} INFO - Started process (PID=400) to work on /opt/airflow/dags/my_first_dag.py
[2025-01-23T00:19:22.542+0000] {processor.py:914} INFO - Processing file /opt/airflow/dags/my_first_dag.py for tasks to queue
[2025-01-23T00:19:22.543+0000] {logging_mixin.py:190} INFO - [2025-01-23T00:19:22.543+0000] {dagbag.py:588} INFO - Filling up the DagBag from /opt/airflow/dags/my_first_dag.py
[2025-01-23T00:19:22.570+0000] {processor.py:925} INFO - DAG(s) 'test_project' retrieved from /opt/airflow/dags/my_first_dag.py
[2025-01-23T00:19:22.598+0000] {logging_mixin.py:190} INFO - [2025-01-23T00:19:22.598+0000] {dag.py:3239} INFO - Sync 1 DAGs
[2025-01-23T00:19:22.630+0000] {logging_mixin.py:190} INFO - [2025-01-23T00:19:22.630+0000] {dag.py:4180} INFO - Setting next_dagrun for test_project to 2025-01-22 00:00:00+00:00, run_after=2025-01-23 00:00:00+00:00
[2025-01-23T00:19:22.661+0000] {processor.py:208} INFO - Processing /opt/airflow/dags/my_first_dag.py took 0.127 seconds
[2025-01-23T00:19:53.036+0000] {processor.py:186} INFO - Started process (PID=409) to work on /opt/airflow/dags/my_first_dag.py
[2025-01-23T00:19:53.037+0000] {processor.py:914} INFO - Processing file /opt/airflow/dags/my_first_dag.py for tasks to queue
[2025-01-23T00:19:53.038+0000] {logging_mixin.py:190} INFO - [2025-01-23T00:19:53.038+0000] {dagbag.py:588} INFO - Filling up the DagBag from /opt/airflow/dags/my_first_dag.py
[2025-01-23T00:19:53.056+0000] {processor.py:925} INFO - DAG(s) 'test_project' retrieved from /opt/airflow/dags/my_first_dag.py
[2025-01-23T00:19:53.079+0000] {logging_mixin.py:190} INFO - [2025-01-23T00:19:53.079+0000] {dag.py:3239} INFO - Sync 1 DAGs
[2025-01-23T00:19:53.100+0000] {logging_mixin.py:190} INFO - [2025-01-23T00:19:53.100+0000] {dag.py:4180} INFO - Setting next_dagrun for test_project to 2025-01-22 00:00:00+00:00, run_after=2025-01-23 00:00:00+00:00
[2025-01-23T00:19:53.119+0000] {processor.py:208} INFO - Processing /opt/airflow/dags/my_first_dag.py took 0.090 seconds
[2025-01-23T00:20:23.533+0000] {processor.py:186} INFO - Started process (PID=418) to work on /opt/airflow/dags/my_first_dag.py
[2025-01-23T00:20:23.534+0000] {processor.py:914} INFO - Processing file /opt/airflow/dags/my_first_dag.py for tasks to queue
[2025-01-23T00:20:23.535+0000] {logging_mixin.py:190} INFO - [2025-01-23T00:20:23.535+0000] {dagbag.py:588} INFO - Filling up the DagBag from /opt/airflow/dags/my_first_dag.py
[2025-01-23T00:20:23.553+0000] {processor.py:925} INFO - DAG(s) 'test_project' retrieved from /opt/airflow/dags/my_first_dag.py
[2025-01-23T00:20:23.573+0000] {logging_mixin.py:190} INFO - [2025-01-23T00:20:23.573+0000] {dag.py:3239} INFO - Sync 1 DAGs
[2025-01-23T00:20:23.595+0000] {logging_mixin.py:190} INFO - [2025-01-23T00:20:23.595+0000] {dag.py:4180} INFO - Setting next_dagrun for test_project to 2025-01-22 00:00:00+00:00, run_after=2025-01-23 00:00:00+00:00
[2025-01-23T00:20:23.617+0000] {processor.py:208} INFO - Processing /opt/airflow/dags/my_first_dag.py took 0.090 seconds
[2025-01-23T00:20:54.026+0000] {processor.py:186} INFO - Started process (PID=428) to work on /opt/airflow/dags/my_first_dag.py
[2025-01-23T00:20:54.029+0000] {processor.py:914} INFO - Processing file /opt/airflow/dags/my_first_dag.py for tasks to queue
[2025-01-23T00:20:54.033+0000] {logging_mixin.py:190} INFO - [2025-01-23T00:20:54.032+0000] {dagbag.py:588} INFO - Filling up the DagBag from /opt/airflow/dags/my_first_dag.py
[2025-01-23T00:20:54.065+0000] {processor.py:925} INFO - DAG(s) 'test_project' retrieved from /opt/airflow/dags/my_first_dag.py
[2025-01-23T00:20:54.098+0000] {logging_mixin.py:190} INFO - [2025-01-23T00:20:54.097+0000] {dag.py:3239} INFO - Sync 1 DAGs
[2025-01-23T00:20:54.121+0000] {logging_mixin.py:190} INFO - [2025-01-23T00:20:54.121+0000] {dag.py:4180} INFO - Setting next_dagrun for test_project to 2025-01-22 00:00:00+00:00, run_after=2025-01-23 00:00:00+00:00
[2025-01-23T00:20:54.153+0000] {processor.py:208} INFO - Processing /opt/airflow/dags/my_first_dag.py took 0.133 seconds
[2025-01-23T00:21:24.458+0000] {processor.py:186} INFO - Started process (PID=437) to work on /opt/airflow/dags/my_first_dag.py
[2025-01-23T00:21:24.459+0000] {processor.py:914} INFO - Processing file /opt/airflow/dags/my_first_dag.py for tasks to queue
[2025-01-23T00:21:24.461+0000] {logging_mixin.py:190} INFO - [2025-01-23T00:21:24.461+0000] {dagbag.py:588} INFO - Filling up the DagBag from /opt/airflow/dags/my_first_dag.py
[2025-01-23T00:21:24.485+0000] {processor.py:925} INFO - DAG(s) 'test_project' retrieved from /opt/airflow/dags/my_first_dag.py
[2025-01-23T00:21:24.509+0000] {logging_mixin.py:190} INFO - [2025-01-23T00:21:24.509+0000] {dag.py:3239} INFO - Sync 1 DAGs
[2025-01-23T00:21:24.536+0000] {logging_mixin.py:190} INFO - [2025-01-23T00:21:24.535+0000] {dag.py:4180} INFO - Setting next_dagrun for test_project to 2025-01-22 00:00:00+00:00, run_after=2025-01-23 00:00:00+00:00
[2025-01-23T00:21:24.573+0000] {processor.py:208} INFO - Processing /opt/airflow/dags/my_first_dag.py took 0.120 seconds
[2025-01-23T00:21:54.893+0000] {processor.py:186} INFO - Started process (PID=446) to work on /opt/airflow/dags/my_first_dag.py
[2025-01-23T00:21:54.894+0000] {processor.py:914} INFO - Processing file /opt/airflow/dags/my_first_dag.py for tasks to queue
[2025-01-23T00:21:54.895+0000] {logging_mixin.py:190} INFO - [2025-01-23T00:21:54.895+0000] {dagbag.py:588} INFO - Filling up the DagBag from /opt/airflow/dags/my_first_dag.py
[2025-01-23T00:21:54.915+0000] {processor.py:925} INFO - DAG(s) 'test_project' retrieved from /opt/airflow/dags/my_first_dag.py
[2025-01-23T00:21:54.940+0000] {logging_mixin.py:190} INFO - [2025-01-23T00:21:54.940+0000] {dag.py:3239} INFO - Sync 1 DAGs
[2025-01-23T00:21:54.966+0000] {logging_mixin.py:190} INFO - [2025-01-23T00:21:54.966+0000] {dag.py:4180} INFO - Setting next_dagrun for test_project to 2025-01-22 00:00:00+00:00, run_after=2025-01-23 00:00:00+00:00
[2025-01-23T00:21:55.005+0000] {processor.py:208} INFO - Processing /opt/airflow/dags/my_first_dag.py took 0.119 seconds
[2025-01-23T00:22:25.333+0000] {processor.py:186} INFO - Started process (PID=455) to work on /opt/airflow/dags/my_first_dag.py
[2025-01-23T00:22:25.335+0000] {processor.py:914} INFO - Processing file /opt/airflow/dags/my_first_dag.py for tasks to queue
[2025-01-23T00:22:25.336+0000] {logging_mixin.py:190} INFO - [2025-01-23T00:22:25.336+0000] {dagbag.py:588} INFO - Filling up the DagBag from /opt/airflow/dags/my_first_dag.py
[2025-01-23T00:22:25.358+0000] {processor.py:925} INFO - DAG(s) 'test_project' retrieved from /opt/airflow/dags/my_first_dag.py
[2025-01-23T00:22:25.387+0000] {logging_mixin.py:190} INFO - [2025-01-23T00:22:25.386+0000] {dag.py:3239} INFO - Sync 1 DAGs
[2025-01-23T00:22:25.411+0000] {logging_mixin.py:190} INFO - [2025-01-23T00:22:25.411+0000] {dag.py:4180} INFO - Setting next_dagrun for test_project to 2025-01-22 00:00:00+00:00, run_after=2025-01-23 00:00:00+00:00
[2025-01-23T00:22:25.434+0000] {processor.py:208} INFO - Processing /opt/airflow/dags/my_first_dag.py took 0.106 seconds
[2025-01-23T00:22:55.809+0000] {processor.py:186} INFO - Started process (PID=464) to work on /opt/airflow/dags/my_first_dag.py
[2025-01-23T00:22:55.810+0000] {processor.py:914} INFO - Processing file /opt/airflow/dags/my_first_dag.py for tasks to queue
[2025-01-23T00:22:55.811+0000] {logging_mixin.py:190} INFO - [2025-01-23T00:22:55.811+0000] {dagbag.py:588} INFO - Filling up the DagBag from /opt/airflow/dags/my_first_dag.py
[2025-01-23T00:22:55.829+0000] {processor.py:925} INFO - DAG(s) 'test_project' retrieved from /opt/airflow/dags/my_first_dag.py
[2025-01-23T00:22:55.850+0000] {logging_mixin.py:190} INFO - [2025-01-23T00:22:55.850+0000] {dag.py:3239} INFO - Sync 1 DAGs
[2025-01-23T00:22:55.871+0000] {logging_mixin.py:190} INFO - [2025-01-23T00:22:55.871+0000] {dag.py:4180} INFO - Setting next_dagrun for test_project to 2025-01-22 00:00:00+00:00, run_after=2025-01-23 00:00:00+00:00
[2025-01-23T00:22:55.903+0000] {processor.py:208} INFO - Processing /opt/airflow/dags/my_first_dag.py took 0.099 seconds
[2025-01-23T00:23:26.624+0000] {processor.py:186} INFO - Started process (PID=475) to work on /opt/airflow/dags/my_first_dag.py
[2025-01-23T00:23:26.625+0000] {processor.py:914} INFO - Processing file /opt/airflow/dags/my_first_dag.py for tasks to queue
[2025-01-23T00:23:26.626+0000] {logging_mixin.py:190} INFO - [2025-01-23T00:23:26.626+0000] {dagbag.py:588} INFO - Filling up the DagBag from /opt/airflow/dags/my_first_dag.py
[2025-01-23T00:23:26.644+0000] {processor.py:925} INFO - DAG(s) 'test_project' retrieved from /opt/airflow/dags/my_first_dag.py
[2025-01-23T00:23:26.665+0000] {logging_mixin.py:190} INFO - [2025-01-23T00:23:26.665+0000] {dag.py:3239} INFO - Sync 1 DAGs
[2025-01-23T00:23:26.687+0000] {logging_mixin.py:190} INFO - [2025-01-23T00:23:26.687+0000] {dag.py:4180} INFO - Setting next_dagrun for test_project to 2025-01-22 00:00:00+00:00, run_after=2025-01-23 00:00:00+00:00
[2025-01-23T00:23:26.705+0000] {processor.py:208} INFO - Processing /opt/airflow/dags/my_first_dag.py took 0.086 seconds
