[2025-01-16T21:41:57.982+0000] {processor.py:186} INFO - Started process (PID=76) to work on /opt/airflow/dags/etl_pipeline/my_first_dag.py
[2025-01-16T21:41:57.984+0000] {processor.py:914} INFO - Processing file /opt/airflow/dags/etl_pipeline/my_first_dag.py for tasks to queue
[2025-01-16T21:41:57.988+0000] {logging_mixin.py:190} INFO - [2025-01-16T21:41:57.987+0000] {dagbag.py:588} INFO - Filling up the DagBag from /opt/airflow/dags/etl_pipeline/my_first_dag.py
[2025-01-16T21:41:58.049+0000] {processor.py:925} INFO - DAG(s) 'Capstone_project' retrieved from /opt/airflow/dags/etl_pipeline/my_first_dag.py
[2025-01-16T21:41:58.363+0000] {logging_mixin.py:190} INFO - [2025-01-16T21:41:58.363+0000] {override.py:1911} INFO - Created Permission View: can edit on DAG:Capstone_project
[2025-01-16T21:41:58.375+0000] {logging_mixin.py:190} INFO - [2025-01-16T21:41:58.374+0000] {override.py:1911} INFO - Created Permission View: can delete on DAG:Capstone_project
[2025-01-16T21:41:58.381+0000] {logging_mixin.py:190} INFO - [2025-01-16T21:41:58.381+0000] {override.py:1911} INFO - Created Permission View: can read on DAG:Capstone_project
[2025-01-16T21:41:58.390+0000] {logging_mixin.py:190} INFO - [2025-01-16T21:41:58.390+0000] {override.py:1911} INFO - Created Permission View: can delete on DAG Run:Capstone_project
[2025-01-16T21:41:58.397+0000] {logging_mixin.py:190} INFO - [2025-01-16T21:41:58.396+0000] {override.py:1911} INFO - Created Permission View: menu access on DAG Run:Capstone_project
[2025-01-16T21:41:58.405+0000] {logging_mixin.py:190} INFO - [2025-01-16T21:41:58.404+0000] {override.py:1911} INFO - Created Permission View: can create on DAG Run:Capstone_project
[2025-01-16T21:41:58.412+0000] {logging_mixin.py:190} INFO - [2025-01-16T21:41:58.412+0000] {override.py:1911} INFO - Created Permission View: can read on DAG Run:Capstone_project
[2025-01-16T21:41:58.413+0000] {logging_mixin.py:190} INFO - [2025-01-16T21:41:58.413+0000] {dag.py:3239} INFO - Sync 1 DAGs
[2025-01-16T21:41:58.428+0000] {logging_mixin.py:190} INFO - [2025-01-16T21:41:58.428+0000] {dag.py:3262} INFO - Creating ORM DAG for Capstone_project
[2025-01-16T21:41:58.440+0000] {logging_mixin.py:190} INFO - [2025-01-16T21:41:58.440+0000] {dag.py:4180} INFO - Setting next_dagrun for Capstone_project to 2025-01-15 00:00:00+00:00, run_after=2025-01-16 00:00:00+00:00
[2025-01-16T21:41:58.462+0000] {processor.py:208} INFO - Processing /opt/airflow/dags/etl_pipeline/my_first_dag.py took 0.487 seconds
[2025-01-16T21:42:28.572+0000] {processor.py:186} INFO - Started process (PID=143) to work on /opt/airflow/dags/etl_pipeline/my_first_dag.py
[2025-01-16T21:42:28.573+0000] {processor.py:914} INFO - Processing file /opt/airflow/dags/etl_pipeline/my_first_dag.py for tasks to queue
[2025-01-16T21:42:28.576+0000] {logging_mixin.py:190} INFO - [2025-01-16T21:42:28.576+0000] {dagbag.py:588} INFO - Filling up the DagBag from /opt/airflow/dags/etl_pipeline/my_first_dag.py
[2025-01-16T21:42:28.593+0000] {processor.py:925} INFO - DAG(s) 'Capstone_project' retrieved from /opt/airflow/dags/etl_pipeline/my_first_dag.py
[2025-01-16T21:42:28.609+0000] {logging_mixin.py:190} INFO - [2025-01-16T21:42:28.608+0000] {dag.py:3239} INFO - Sync 1 DAGs
[2025-01-16T21:42:28.629+0000] {logging_mixin.py:190} INFO - [2025-01-16T21:42:28.629+0000] {dag.py:4180} INFO - Setting next_dagrun for Capstone_project to 2025-01-15 00:00:00+00:00, run_after=2025-01-16 00:00:00+00:00
[2025-01-16T21:42:28.658+0000] {processor.py:208} INFO - Processing /opt/airflow/dags/etl_pipeline/my_first_dag.py took 0.090 seconds
[2025-01-16T21:42:59.499+0000] {processor.py:186} INFO - Started process (PID=210) to work on /opt/airflow/dags/etl_pipeline/my_first_dag.py
[2025-01-16T21:42:59.500+0000] {processor.py:914} INFO - Processing file /opt/airflow/dags/etl_pipeline/my_first_dag.py for tasks to queue
[2025-01-16T21:42:59.503+0000] {logging_mixin.py:190} INFO - [2025-01-16T21:42:59.503+0000] {dagbag.py:588} INFO - Filling up the DagBag from /opt/airflow/dags/etl_pipeline/my_first_dag.py
[2025-01-16T21:42:59.527+0000] {processor.py:925} INFO - DAG(s) 'Capstone_project' retrieved from /opt/airflow/dags/etl_pipeline/my_first_dag.py
[2025-01-16T21:42:59.549+0000] {logging_mixin.py:190} INFO - [2025-01-16T21:42:59.549+0000] {dag.py:3239} INFO - Sync 1 DAGs
[2025-01-16T21:42:59.571+0000] {logging_mixin.py:190} INFO - [2025-01-16T21:42:59.571+0000] {dag.py:4180} INFO - Setting next_dagrun for Capstone_project to 2025-01-15 00:00:00+00:00, run_after=2025-01-16 00:00:00+00:00
[2025-01-16T21:42:59.604+0000] {processor.py:208} INFO - Processing /opt/airflow/dags/etl_pipeline/my_first_dag.py took 0.112 seconds
[2025-01-16T21:43:29.891+0000] {processor.py:186} INFO - Started process (PID=277) to work on /opt/airflow/dags/etl_pipeline/my_first_dag.py
[2025-01-16T21:43:29.893+0000] {processor.py:914} INFO - Processing file /opt/airflow/dags/etl_pipeline/my_first_dag.py for tasks to queue
[2025-01-16T21:43:29.895+0000] {logging_mixin.py:190} INFO - [2025-01-16T21:43:29.895+0000] {dagbag.py:588} INFO - Filling up the DagBag from /opt/airflow/dags/etl_pipeline/my_first_dag.py
[2025-01-16T21:43:29.925+0000] {processor.py:925} INFO - DAG(s) 'Capstone_project' retrieved from /opt/airflow/dags/etl_pipeline/my_first_dag.py
[2025-01-16T21:43:29.948+0000] {logging_mixin.py:190} INFO - [2025-01-16T21:43:29.947+0000] {dag.py:3239} INFO - Sync 1 DAGs
[2025-01-16T21:43:29.982+0000] {logging_mixin.py:190} INFO - [2025-01-16T21:43:29.982+0000] {dag.py:4180} INFO - Setting next_dagrun for Capstone_project to 2025-01-15 00:00:00+00:00, run_after=2025-01-16 00:00:00+00:00
[2025-01-16T21:43:30.028+0000] {processor.py:208} INFO - Processing /opt/airflow/dags/etl_pipeline/my_first_dag.py took 0.142 seconds
[2025-01-16T21:44:00.278+0000] {processor.py:186} INFO - Started process (PID=344) to work on /opt/airflow/dags/etl_pipeline/my_first_dag.py
[2025-01-16T21:44:00.280+0000] {processor.py:914} INFO - Processing file /opt/airflow/dags/etl_pipeline/my_first_dag.py for tasks to queue
[2025-01-16T21:44:00.282+0000] {logging_mixin.py:190} INFO - [2025-01-16T21:44:00.282+0000] {dagbag.py:588} INFO - Filling up the DagBag from /opt/airflow/dags/etl_pipeline/my_first_dag.py
[2025-01-16T21:44:00.300+0000] {processor.py:925} INFO - DAG(s) 'Capstone_project' retrieved from /opt/airflow/dags/etl_pipeline/my_first_dag.py
[2025-01-16T21:44:00.316+0000] {logging_mixin.py:190} INFO - [2025-01-16T21:44:00.316+0000] {dag.py:3239} INFO - Sync 1 DAGs
[2025-01-16T21:44:00.336+0000] {logging_mixin.py:190} INFO - [2025-01-16T21:44:00.336+0000] {dag.py:4180} INFO - Setting next_dagrun for Capstone_project to 2025-01-15 00:00:00+00:00, run_after=2025-01-16 00:00:00+00:00
[2025-01-16T21:44:00.353+0000] {processor.py:208} INFO - Processing /opt/airflow/dags/etl_pipeline/my_first_dag.py took 0.079 seconds
[2025-01-16T21:44:30.632+0000] {processor.py:186} INFO - Started process (PID=411) to work on /opt/airflow/dags/etl_pipeline/my_first_dag.py
[2025-01-16T21:44:30.633+0000] {processor.py:914} INFO - Processing file /opt/airflow/dags/etl_pipeline/my_first_dag.py for tasks to queue
[2025-01-16T21:44:30.635+0000] {logging_mixin.py:190} INFO - [2025-01-16T21:44:30.635+0000] {dagbag.py:588} INFO - Filling up the DagBag from /opt/airflow/dags/etl_pipeline/my_first_dag.py
[2025-01-16T21:44:30.653+0000] {processor.py:925} INFO - DAG(s) 'Capstone_project' retrieved from /opt/airflow/dags/etl_pipeline/my_first_dag.py
[2025-01-16T21:44:30.670+0000] {logging_mixin.py:190} INFO - [2025-01-16T21:44:30.670+0000] {dag.py:3239} INFO - Sync 1 DAGs
[2025-01-16T21:44:30.691+0000] {logging_mixin.py:190} INFO - [2025-01-16T21:44:30.691+0000] {dag.py:4180} INFO - Setting next_dagrun for Capstone_project to 2025-01-15 00:00:00+00:00, run_after=2025-01-16 00:00:00+00:00
[2025-01-16T21:44:30.714+0000] {processor.py:208} INFO - Processing /opt/airflow/dags/etl_pipeline/my_first_dag.py took 0.087 seconds
[2025-01-16T21:45:01.120+0000] {processor.py:186} INFO - Started process (PID=478) to work on /opt/airflow/dags/etl_pipeline/my_first_dag.py
[2025-01-16T21:45:01.121+0000] {processor.py:914} INFO - Processing file /opt/airflow/dags/etl_pipeline/my_first_dag.py for tasks to queue
[2025-01-16T21:45:01.123+0000] {logging_mixin.py:190} INFO - [2025-01-16T21:45:01.123+0000] {dagbag.py:588} INFO - Filling up the DagBag from /opt/airflow/dags/etl_pipeline/my_first_dag.py
[2025-01-16T21:45:01.141+0000] {processor.py:925} INFO - DAG(s) 'Capstone_project' retrieved from /opt/airflow/dags/etl_pipeline/my_first_dag.py
[2025-01-16T21:45:01.157+0000] {logging_mixin.py:190} INFO - [2025-01-16T21:45:01.157+0000] {dag.py:3239} INFO - Sync 1 DAGs
[2025-01-16T21:45:01.177+0000] {logging_mixin.py:190} INFO - [2025-01-16T21:45:01.176+0000] {dag.py:4180} INFO - Setting next_dagrun for Capstone_project to 2025-01-15 00:00:00+00:00, run_after=2025-01-16 00:00:00+00:00
[2025-01-16T21:45:01.199+0000] {processor.py:208} INFO - Processing /opt/airflow/dags/etl_pipeline/my_first_dag.py took 0.084 seconds
[2025-01-16T21:45:31.617+0000] {processor.py:186} INFO - Started process (PID=545) to work on /opt/airflow/dags/etl_pipeline/my_first_dag.py
[2025-01-16T21:45:31.619+0000] {processor.py:914} INFO - Processing file /opt/airflow/dags/etl_pipeline/my_first_dag.py for tasks to queue
[2025-01-16T21:45:31.623+0000] {logging_mixin.py:190} INFO - [2025-01-16T21:45:31.622+0000] {dagbag.py:588} INFO - Filling up the DagBag from /opt/airflow/dags/etl_pipeline/my_first_dag.py
[2025-01-16T21:45:31.647+0000] {processor.py:925} INFO - DAG(s) 'Capstone_project' retrieved from /opt/airflow/dags/etl_pipeline/my_first_dag.py
[2025-01-16T21:45:31.664+0000] {logging_mixin.py:190} INFO - [2025-01-16T21:45:31.663+0000] {dag.py:3239} INFO - Sync 1 DAGs
[2025-01-16T21:45:31.687+0000] {logging_mixin.py:190} INFO - [2025-01-16T21:45:31.687+0000] {dag.py:4180} INFO - Setting next_dagrun for Capstone_project to 2025-01-15 00:00:00+00:00, run_after=2025-01-16 00:00:00+00:00
[2025-01-16T21:45:31.704+0000] {processor.py:208} INFO - Processing /opt/airflow/dags/etl_pipeline/my_first_dag.py took 0.093 seconds
[2025-01-16T21:46:02.530+0000] {processor.py:186} INFO - Started process (PID=612) to work on /opt/airflow/dags/etl_pipeline/my_first_dag.py
[2025-01-16T21:46:02.532+0000] {processor.py:914} INFO - Processing file /opt/airflow/dags/etl_pipeline/my_first_dag.py for tasks to queue
[2025-01-16T21:46:02.535+0000] {logging_mixin.py:190} INFO - [2025-01-16T21:46:02.534+0000] {dagbag.py:588} INFO - Filling up the DagBag from /opt/airflow/dags/etl_pipeline/my_first_dag.py
[2025-01-16T21:46:02.565+0000] {processor.py:925} INFO - DAG(s) 'Capstone_project' retrieved from /opt/airflow/dags/etl_pipeline/my_first_dag.py
[2025-01-16T21:46:02.588+0000] {logging_mixin.py:190} INFO - [2025-01-16T21:46:02.588+0000] {dag.py:3239} INFO - Sync 1 DAGs
[2025-01-16T21:46:02.622+0000] {logging_mixin.py:190} INFO - [2025-01-16T21:46:02.622+0000] {dag.py:4180} INFO - Setting next_dagrun for Capstone_project to 2025-01-15 00:00:00+00:00, run_after=2025-01-16 00:00:00+00:00
[2025-01-16T21:46:02.652+0000] {processor.py:208} INFO - Processing /opt/airflow/dags/etl_pipeline/my_first_dag.py took 0.130 seconds
[2025-01-16T21:46:32.984+0000] {processor.py:186} INFO - Started process (PID=679) to work on /opt/airflow/dags/etl_pipeline/my_first_dag.py
[2025-01-16T21:46:32.985+0000] {processor.py:914} INFO - Processing file /opt/airflow/dags/etl_pipeline/my_first_dag.py for tasks to queue
[2025-01-16T21:46:32.987+0000] {logging_mixin.py:190} INFO - [2025-01-16T21:46:32.987+0000] {dagbag.py:588} INFO - Filling up the DagBag from /opt/airflow/dags/etl_pipeline/my_first_dag.py
[2025-01-16T21:46:33.003+0000] {processor.py:925} INFO - DAG(s) 'Capstone_project' retrieved from /opt/airflow/dags/etl_pipeline/my_first_dag.py
[2025-01-16T21:46:33.019+0000] {logging_mixin.py:190} INFO - [2025-01-16T21:46:33.019+0000] {dag.py:3239} INFO - Sync 1 DAGs
[2025-01-16T21:46:33.039+0000] {logging_mixin.py:190} INFO - [2025-01-16T21:46:33.039+0000] {dag.py:4180} INFO - Setting next_dagrun for Capstone_project to 2025-01-15 00:00:00+00:00, run_after=2025-01-16 00:00:00+00:00
[2025-01-16T21:46:33.071+0000] {processor.py:208} INFO - Processing /opt/airflow/dags/etl_pipeline/my_first_dag.py took 0.092 seconds
[2025-01-16T21:47:03.192+0000] {processor.py:186} INFO - Started process (PID=746) to work on /opt/airflow/dags/etl_pipeline/my_first_dag.py
[2025-01-16T21:47:03.193+0000] {processor.py:914} INFO - Processing file /opt/airflow/dags/etl_pipeline/my_first_dag.py for tasks to queue
[2025-01-16T21:47:03.196+0000] {logging_mixin.py:190} INFO - [2025-01-16T21:47:03.196+0000] {dagbag.py:588} INFO - Filling up the DagBag from /opt/airflow/dags/etl_pipeline/my_first_dag.py
[2025-01-16T21:47:03.216+0000] {processor.py:925} INFO - DAG(s) 'Capstone_project' retrieved from /opt/airflow/dags/etl_pipeline/my_first_dag.py
[2025-01-16T21:47:03.232+0000] {logging_mixin.py:190} INFO - [2025-01-16T21:47:03.232+0000] {dag.py:3239} INFO - Sync 1 DAGs
[2025-01-16T21:47:03.255+0000] {logging_mixin.py:190} INFO - [2025-01-16T21:47:03.255+0000] {dag.py:4180} INFO - Setting next_dagrun for Capstone_project to 2025-01-15 00:00:00+00:00, run_after=2025-01-16 00:00:00+00:00
[2025-01-16T21:47:03.290+0000] {processor.py:208} INFO - Processing /opt/airflow/dags/etl_pipeline/my_first_dag.py took 0.102 seconds
[2025-01-16T21:47:33.465+0000] {processor.py:186} INFO - Started process (PID=813) to work on /opt/airflow/dags/etl_pipeline/my_first_dag.py
[2025-01-16T21:47:33.466+0000] {processor.py:914} INFO - Processing file /opt/airflow/dags/etl_pipeline/my_first_dag.py for tasks to queue
[2025-01-16T21:47:33.468+0000] {logging_mixin.py:190} INFO - [2025-01-16T21:47:33.468+0000] {dagbag.py:588} INFO - Filling up the DagBag from /opt/airflow/dags/etl_pipeline/my_first_dag.py
[2025-01-16T21:47:33.490+0000] {processor.py:925} INFO - DAG(s) 'Capstone_project' retrieved from /opt/airflow/dags/etl_pipeline/my_first_dag.py
[2025-01-16T21:47:33.509+0000] {logging_mixin.py:190} INFO - [2025-01-16T21:47:33.509+0000] {dag.py:3239} INFO - Sync 1 DAGs
[2025-01-16T21:47:33.534+0000] {logging_mixin.py:190} INFO - [2025-01-16T21:47:33.534+0000] {dag.py:4180} INFO - Setting next_dagrun for Capstone_project to 2025-01-15 00:00:00+00:00, run_after=2025-01-16 00:00:00+00:00
[2025-01-16T21:47:33.564+0000] {processor.py:208} INFO - Processing /opt/airflow/dags/etl_pipeline/my_first_dag.py took 0.105 seconds
[2025-01-16T21:48:03.703+0000] {processor.py:186} INFO - Started process (PID=881) to work on /opt/airflow/dags/etl_pipeline/my_first_dag.py
[2025-01-16T21:48:03.704+0000] {processor.py:914} INFO - Processing file /opt/airflow/dags/etl_pipeline/my_first_dag.py for tasks to queue
[2025-01-16T21:48:03.707+0000] {logging_mixin.py:190} INFO - [2025-01-16T21:48:03.706+0000] {dagbag.py:588} INFO - Filling up the DagBag from /opt/airflow/dags/etl_pipeline/my_first_dag.py
[2025-01-16T21:48:03.730+0000] {processor.py:925} INFO - DAG(s) 'Capstone_project' retrieved from /opt/airflow/dags/etl_pipeline/my_first_dag.py
[2025-01-16T21:48:03.748+0000] {logging_mixin.py:190} INFO - [2025-01-16T21:48:03.748+0000] {dag.py:3239} INFO - Sync 1 DAGs
[2025-01-16T21:48:03.771+0000] {logging_mixin.py:190} INFO - [2025-01-16T21:48:03.770+0000] {dag.py:4180} INFO - Setting next_dagrun for Capstone_project to 2025-01-15 00:00:00+00:00, run_after=2025-01-16 00:00:00+00:00
[2025-01-16T21:48:03.790+0000] {processor.py:208} INFO - Processing /opt/airflow/dags/etl_pipeline/my_first_dag.py took 0.093 seconds
[2025-01-16T21:48:33.990+0000] {processor.py:186} INFO - Started process (PID=948) to work on /opt/airflow/dags/etl_pipeline/my_first_dag.py
[2025-01-16T21:48:33.991+0000] {processor.py:914} INFO - Processing file /opt/airflow/dags/etl_pipeline/my_first_dag.py for tasks to queue
[2025-01-16T21:48:33.993+0000] {logging_mixin.py:190} INFO - [2025-01-16T21:48:33.993+0000] {dagbag.py:588} INFO - Filling up the DagBag from /opt/airflow/dags/etl_pipeline/my_first_dag.py
[2025-01-16T21:48:34.015+0000] {processor.py:925} INFO - DAG(s) 'Capstone_project' retrieved from /opt/airflow/dags/etl_pipeline/my_first_dag.py
[2025-01-16T21:48:34.037+0000] {logging_mixin.py:190} INFO - [2025-01-16T21:48:34.036+0000] {dag.py:3239} INFO - Sync 1 DAGs
[2025-01-16T21:48:34.058+0000] {logging_mixin.py:190} INFO - [2025-01-16T21:48:34.058+0000] {dag.py:4180} INFO - Setting next_dagrun for Capstone_project to 2025-01-15 00:00:00+00:00, run_after=2025-01-16 00:00:00+00:00
[2025-01-16T21:48:34.079+0000] {processor.py:208} INFO - Processing /opt/airflow/dags/etl_pipeline/my_first_dag.py took 0.096 seconds
[2025-01-16T21:49:04.322+0000] {processor.py:186} INFO - Started process (PID=1015) to work on /opt/airflow/dags/etl_pipeline/my_first_dag.py
[2025-01-16T21:49:04.323+0000] {processor.py:914} INFO - Processing file /opt/airflow/dags/etl_pipeline/my_first_dag.py for tasks to queue
[2025-01-16T21:49:04.325+0000] {logging_mixin.py:190} INFO - [2025-01-16T21:49:04.324+0000] {dagbag.py:588} INFO - Filling up the DagBag from /opt/airflow/dags/etl_pipeline/my_first_dag.py
[2025-01-16T21:49:04.341+0000] {processor.py:925} INFO - DAG(s) 'Capstone_project' retrieved from /opt/airflow/dags/etl_pipeline/my_first_dag.py
[2025-01-16T21:49:04.357+0000] {logging_mixin.py:190} INFO - [2025-01-16T21:49:04.357+0000] {dag.py:3239} INFO - Sync 1 DAGs
[2025-01-16T21:49:04.378+0000] {logging_mixin.py:190} INFO - [2025-01-16T21:49:04.377+0000] {dag.py:4180} INFO - Setting next_dagrun for Capstone_project to 2025-01-15 00:00:00+00:00, run_after=2025-01-16 00:00:00+00:00
[2025-01-16T21:49:04.406+0000] {processor.py:208} INFO - Processing /opt/airflow/dags/etl_pipeline/my_first_dag.py took 0.090 seconds
[2025-01-16T21:49:35.243+0000] {processor.py:186} INFO - Started process (PID=1082) to work on /opt/airflow/dags/etl_pipeline/my_first_dag.py
[2025-01-16T21:49:35.245+0000] {processor.py:914} INFO - Processing file /opt/airflow/dags/etl_pipeline/my_first_dag.py for tasks to queue
[2025-01-16T21:49:35.247+0000] {logging_mixin.py:190} INFO - [2025-01-16T21:49:35.247+0000] {dagbag.py:588} INFO - Filling up the DagBag from /opt/airflow/dags/etl_pipeline/my_first_dag.py
[2025-01-16T21:49:35.274+0000] {processor.py:925} INFO - DAG(s) 'Capstone_project' retrieved from /opt/airflow/dags/etl_pipeline/my_first_dag.py
[2025-01-16T21:49:35.301+0000] {logging_mixin.py:190} INFO - [2025-01-16T21:49:35.300+0000] {dag.py:3239} INFO - Sync 1 DAGs
[2025-01-16T21:49:35.326+0000] {logging_mixin.py:190} INFO - [2025-01-16T21:49:35.325+0000] {dag.py:4180} INFO - Setting next_dagrun for Capstone_project to 2025-01-15 00:00:00+00:00, run_after=2025-01-16 00:00:00+00:00
[2025-01-16T21:49:35.354+0000] {processor.py:208} INFO - Processing /opt/airflow/dags/etl_pipeline/my_first_dag.py took 0.119 seconds
