[2025-01-16T17:57:35.243+0000] {processor.py:186} INFO - Started process (PID=114) to work on /home/airflow/.local/lib/python3.12/site-packages/airflow/example_dags/example_latest_only_with_trigger.py
[2025-01-16T17:57:35.245+0000] {processor.py:914} INFO - Processing file /home/airflow/.local/lib/python3.12/site-packages/airflow/example_dags/example_latest_only_with_trigger.py for tasks to queue
[2025-01-16T17:57:35.250+0000] {logging_mixin.py:190} INFO - [2025-01-16T17:57:35.248+0000] {dagbag.py:588} INFO - Filling up the DagBag from /home/airflow/.local/lib/python3.12/site-packages/airflow/example_dags/example_latest_only_with_trigger.py
[2025-01-16T17:57:35.262+0000] {processor.py:925} INFO - DAG(s) 'latest_only_with_trigger' retrieved from /home/airflow/.local/lib/python3.12/site-packages/airflow/example_dags/example_latest_only_with_trigger.py
[2025-01-16T17:57:35.484+0000] {logging_mixin.py:190} INFO - [2025-01-16T17:57:35.483+0000] {override.py:1911} INFO - Created Permission View: can edit on DAG:latest_only_with_trigger
[2025-01-16T17:57:35.504+0000] {logging_mixin.py:190} INFO - [2025-01-16T17:57:35.503+0000] {override.py:1911} INFO - Created Permission View: can read on DAG:latest_only_with_trigger
[2025-01-16T17:57:35.522+0000] {logging_mixin.py:190} INFO - [2025-01-16T17:57:35.522+0000] {override.py:1911} INFO - Created Permission View: can delete on DAG:latest_only_with_trigger
[2025-01-16T17:57:35.538+0000] {logging_mixin.py:190} INFO - [2025-01-16T17:57:35.538+0000] {override.py:1911} INFO - Created Permission View: can create on DAG Run:latest_only_with_trigger
[2025-01-16T17:57:35.552+0000] {logging_mixin.py:190} INFO - [2025-01-16T17:57:35.551+0000] {override.py:1911} INFO - Created Permission View: can delete on DAG Run:latest_only_with_trigger
[2025-01-16T17:57:35.568+0000] {logging_mixin.py:190} INFO - [2025-01-16T17:57:35.568+0000] {override.py:1911} INFO - Created Permission View: can read on DAG Run:latest_only_with_trigger
[2025-01-16T17:57:35.580+0000] {logging_mixin.py:190} INFO - [2025-01-16T17:57:35.579+0000] {override.py:1911} INFO - Created Permission View: menu access on DAG Run:latest_only_with_trigger
[2025-01-16T17:57:35.582+0000] {logging_mixin.py:190} INFO - [2025-01-16T17:57:35.581+0000] {dag.py:3239} INFO - Sync 1 DAGs
[2025-01-16T17:57:35.599+0000] {logging_mixin.py:190} INFO - [2025-01-16T17:57:35.599+0000] {dag.py:3262} INFO - Creating ORM DAG for latest_only_with_trigger
[2025-01-16T17:57:35.616+0000] {logging_mixin.py:190} INFO - [2025-01-16T17:57:35.616+0000] {dag.py:4180} INFO - Setting next_dagrun for latest_only_with_trigger to 2025-01-16 12:00:00+00:00, run_after=2025-01-16 16:00:00+00:00
[2025-01-16T17:57:35.641+0000] {processor.py:208} INFO - Processing /home/airflow/.local/lib/python3.12/site-packages/airflow/example_dags/example_latest_only_with_trigger.py took 0.407 seconds
[2025-01-16T17:58:06.102+0000] {processor.py:186} INFO - Started process (PID=179) to work on /home/airflow/.local/lib/python3.12/site-packages/airflow/example_dags/example_latest_only_with_trigger.py
[2025-01-16T17:58:06.104+0000] {processor.py:914} INFO - Processing file /home/airflow/.local/lib/python3.12/site-packages/airflow/example_dags/example_latest_only_with_trigger.py for tasks to queue
[2025-01-16T17:58:06.108+0000] {logging_mixin.py:190} INFO - [2025-01-16T17:58:06.107+0000] {dagbag.py:588} INFO - Filling up the DagBag from /home/airflow/.local/lib/python3.12/site-packages/airflow/example_dags/example_latest_only_with_trigger.py
[2025-01-16T17:58:06.120+0000] {processor.py:925} INFO - DAG(s) 'latest_only_with_trigger' retrieved from /home/airflow/.local/lib/python3.12/site-packages/airflow/example_dags/example_latest_only_with_trigger.py
[2025-01-16T17:58:06.166+0000] {logging_mixin.py:190} INFO - [2025-01-16T17:58:06.165+0000] {dag.py:3239} INFO - Sync 1 DAGs
[2025-01-16T17:58:06.212+0000] {logging_mixin.py:190} INFO - [2025-01-16T17:58:06.212+0000] {dag.py:4180} INFO - Setting next_dagrun for latest_only_with_trigger to 2025-01-16 12:00:00+00:00, run_after=2025-01-16 16:00:00+00:00
[2025-01-16T17:58:06.254+0000] {processor.py:208} INFO - Processing /home/airflow/.local/lib/python3.12/site-packages/airflow/example_dags/example_latest_only_with_trigger.py took 0.163 seconds
[2025-01-16T17:58:36.408+0000] {processor.py:186} INFO - Started process (PID=244) to work on /home/airflow/.local/lib/python3.12/site-packages/airflow/example_dags/example_latest_only_with_trigger.py
[2025-01-16T17:58:36.410+0000] {processor.py:914} INFO - Processing file /home/airflow/.local/lib/python3.12/site-packages/airflow/example_dags/example_latest_only_with_trigger.py for tasks to queue
[2025-01-16T17:58:36.412+0000] {logging_mixin.py:190} INFO - [2025-01-16T17:58:36.411+0000] {dagbag.py:588} INFO - Filling up the DagBag from /home/airflow/.local/lib/python3.12/site-packages/airflow/example_dags/example_latest_only_with_trigger.py
[2025-01-16T17:58:36.418+0000] {processor.py:925} INFO - DAG(s) 'latest_only_with_trigger' retrieved from /home/airflow/.local/lib/python3.12/site-packages/airflow/example_dags/example_latest_only_with_trigger.py
[2025-01-16T17:58:36.441+0000] {logging_mixin.py:190} INFO - [2025-01-16T17:58:36.441+0000] {dag.py:3239} INFO - Sync 1 DAGs
[2025-01-16T17:58:36.467+0000] {logging_mixin.py:190} INFO - [2025-01-16T17:58:36.467+0000] {dag.py:4180} INFO - Setting next_dagrun for latest_only_with_trigger to 2025-01-16 12:00:00+00:00, run_after=2025-01-16 16:00:00+00:00
[2025-01-16T17:58:36.492+0000] {processor.py:208} INFO - Processing /home/airflow/.local/lib/python3.12/site-packages/airflow/example_dags/example_latest_only_with_trigger.py took 0.089 seconds
[2025-01-16T17:59:06.583+0000] {processor.py:186} INFO - Started process (PID=309) to work on /home/airflow/.local/lib/python3.12/site-packages/airflow/example_dags/example_latest_only_with_trigger.py
[2025-01-16T17:59:06.584+0000] {processor.py:914} INFO - Processing file /home/airflow/.local/lib/python3.12/site-packages/airflow/example_dags/example_latest_only_with_trigger.py for tasks to queue
[2025-01-16T17:59:06.587+0000] {logging_mixin.py:190} INFO - [2025-01-16T17:59:06.586+0000] {dagbag.py:588} INFO - Filling up the DagBag from /home/airflow/.local/lib/python3.12/site-packages/airflow/example_dags/example_latest_only_with_trigger.py
[2025-01-16T17:59:06.595+0000] {processor.py:925} INFO - DAG(s) 'latest_only_with_trigger' retrieved from /home/airflow/.local/lib/python3.12/site-packages/airflow/example_dags/example_latest_only_with_trigger.py
[2025-01-16T17:59:06.622+0000] {logging_mixin.py:190} INFO - [2025-01-16T17:59:06.622+0000] {dag.py:3239} INFO - Sync 1 DAGs
[2025-01-16T17:59:06.653+0000] {logging_mixin.py:190} INFO - [2025-01-16T17:59:06.653+0000] {dag.py:4180} INFO - Setting next_dagrun for latest_only_with_trigger to 2025-01-16 12:00:00+00:00, run_after=2025-01-16 16:00:00+00:00
[2025-01-16T17:59:06.680+0000] {processor.py:208} INFO - Processing /home/airflow/.local/lib/python3.12/site-packages/airflow/example_dags/example_latest_only_with_trigger.py took 0.106 seconds
[2025-01-16T17:59:37.433+0000] {processor.py:186} INFO - Started process (PID=374) to work on /home/airflow/.local/lib/python3.12/site-packages/airflow/example_dags/example_latest_only_with_trigger.py
[2025-01-16T17:59:37.435+0000] {processor.py:914} INFO - Processing file /home/airflow/.local/lib/python3.12/site-packages/airflow/example_dags/example_latest_only_with_trigger.py for tasks to queue
[2025-01-16T17:59:37.438+0000] {logging_mixin.py:190} INFO - [2025-01-16T17:59:37.437+0000] {dagbag.py:588} INFO - Filling up the DagBag from /home/airflow/.local/lib/python3.12/site-packages/airflow/example_dags/example_latest_only_with_trigger.py
[2025-01-16T17:59:37.446+0000] {processor.py:925} INFO - DAG(s) 'latest_only_with_trigger' retrieved from /home/airflow/.local/lib/python3.12/site-packages/airflow/example_dags/example_latest_only_with_trigger.py
[2025-01-16T17:59:37.475+0000] {logging_mixin.py:190} INFO - [2025-01-16T17:59:37.475+0000] {dag.py:3239} INFO - Sync 1 DAGs
[2025-01-16T17:59:37.507+0000] {logging_mixin.py:190} INFO - [2025-01-16T17:59:37.507+0000] {dag.py:4180} INFO - Setting next_dagrun for latest_only_with_trigger to 2025-01-16 12:00:00+00:00, run_after=2025-01-16 16:00:00+00:00
[2025-01-16T17:59:37.530+0000] {processor.py:208} INFO - Processing /home/airflow/.local/lib/python3.12/site-packages/airflow/example_dags/example_latest_only_with_trigger.py took 0.106 seconds
[2025-01-16T18:00:08.706+0000] {processor.py:186} INFO - Started process (PID=445) to work on /home/airflow/.local/lib/python3.12/site-packages/airflow/example_dags/example_latest_only_with_trigger.py
[2025-01-16T18:00:08.708+0000] {processor.py:914} INFO - Processing file /home/airflow/.local/lib/python3.12/site-packages/airflow/example_dags/example_latest_only_with_trigger.py for tasks to queue
[2025-01-16T18:00:08.711+0000] {logging_mixin.py:190} INFO - [2025-01-16T18:00:08.711+0000] {dagbag.py:588} INFO - Filling up the DagBag from /home/airflow/.local/lib/python3.12/site-packages/airflow/example_dags/example_latest_only_with_trigger.py
[2025-01-16T18:00:08.725+0000] {processor.py:925} INFO - DAG(s) 'latest_only_with_trigger' retrieved from /home/airflow/.local/lib/python3.12/site-packages/airflow/example_dags/example_latest_only_with_trigger.py
[2025-01-16T18:00:08.756+0000] {logging_mixin.py:190} INFO - [2025-01-16T18:00:08.755+0000] {dag.py:3239} INFO - Sync 1 DAGs
[2025-01-16T18:00:08.806+0000] {logging_mixin.py:190} INFO - [2025-01-16T18:00:08.805+0000] {dag.py:4180} INFO - Setting next_dagrun for latest_only_with_trigger to 2025-01-16 12:00:00+00:00, run_after=2025-01-16 16:00:00+00:00
[2025-01-16T18:00:08.842+0000] {processor.py:208} INFO - Processing /home/airflow/.local/lib/python3.12/site-packages/airflow/example_dags/example_latest_only_with_trigger.py took 0.149 seconds
[2025-01-16T18:00:39.660+0000] {processor.py:186} INFO - Started process (PID=510) to work on /home/airflow/.local/lib/python3.12/site-packages/airflow/example_dags/example_latest_only_with_trigger.py
[2025-01-16T18:00:39.662+0000] {processor.py:914} INFO - Processing file /home/airflow/.local/lib/python3.12/site-packages/airflow/example_dags/example_latest_only_with_trigger.py for tasks to queue
[2025-01-16T18:00:39.664+0000] {logging_mixin.py:190} INFO - [2025-01-16T18:00:39.664+0000] {dagbag.py:588} INFO - Filling up the DagBag from /home/airflow/.local/lib/python3.12/site-packages/airflow/example_dags/example_latest_only_with_trigger.py
[2025-01-16T18:00:39.675+0000] {processor.py:925} INFO - DAG(s) 'latest_only_with_trigger' retrieved from /home/airflow/.local/lib/python3.12/site-packages/airflow/example_dags/example_latest_only_with_trigger.py
[2025-01-16T18:00:39.700+0000] {logging_mixin.py:190} INFO - [2025-01-16T18:00:39.699+0000] {dag.py:3239} INFO - Sync 1 DAGs
[2025-01-16T18:00:39.731+0000] {logging_mixin.py:190} INFO - [2025-01-16T18:00:39.730+0000] {dag.py:4180} INFO - Setting next_dagrun for latest_only_with_trigger to 2025-01-16 12:00:00+00:00, run_after=2025-01-16 16:00:00+00:00
[2025-01-16T18:00:39.760+0000] {processor.py:208} INFO - Processing /home/airflow/.local/lib/python3.12/site-packages/airflow/example_dags/example_latest_only_with_trigger.py took 0.106 seconds
[2025-01-16T18:01:10.112+0000] {processor.py:186} INFO - Started process (PID=575) to work on /home/airflow/.local/lib/python3.12/site-packages/airflow/example_dags/example_latest_only_with_trigger.py
[2025-01-16T18:01:10.114+0000] {processor.py:914} INFO - Processing file /home/airflow/.local/lib/python3.12/site-packages/airflow/example_dags/example_latest_only_with_trigger.py for tasks to queue
[2025-01-16T18:01:10.119+0000] {logging_mixin.py:190} INFO - [2025-01-16T18:01:10.118+0000] {dagbag.py:588} INFO - Filling up the DagBag from /home/airflow/.local/lib/python3.12/site-packages/airflow/example_dags/example_latest_only_with_trigger.py
[2025-01-16T18:01:10.132+0000] {processor.py:925} INFO - DAG(s) 'latest_only_with_trigger' retrieved from /home/airflow/.local/lib/python3.12/site-packages/airflow/example_dags/example_latest_only_with_trigger.py
[2025-01-16T18:01:10.164+0000] {logging_mixin.py:190} INFO - [2025-01-16T18:01:10.164+0000] {dag.py:3239} INFO - Sync 1 DAGs
[2025-01-16T18:01:10.209+0000] {logging_mixin.py:190} INFO - [2025-01-16T18:01:10.209+0000] {dag.py:4180} INFO - Setting next_dagrun for latest_only_with_trigger to 2025-01-16 12:00:00+00:00, run_after=2025-01-16 16:00:00+00:00
[2025-01-16T18:01:10.251+0000] {processor.py:208} INFO - Processing /home/airflow/.local/lib/python3.12/site-packages/airflow/example_dags/example_latest_only_with_trigger.py took 0.150 seconds
[2025-01-16T18:01:41.958+0000] {processor.py:186} INFO - Started process (PID=639) to work on /home/airflow/.local/lib/python3.12/site-packages/airflow/example_dags/example_latest_only_with_trigger.py
[2025-01-16T18:01:41.960+0000] {processor.py:914} INFO - Processing file /home/airflow/.local/lib/python3.12/site-packages/airflow/example_dags/example_latest_only_with_trigger.py for tasks to queue
[2025-01-16T18:01:41.969+0000] {logging_mixin.py:190} INFO - [2025-01-16T18:01:41.968+0000] {dagbag.py:588} INFO - Filling up the DagBag from /home/airflow/.local/lib/python3.12/site-packages/airflow/example_dags/example_latest_only_with_trigger.py
[2025-01-16T18:01:41.986+0000] {processor.py:925} INFO - DAG(s) 'latest_only_with_trigger' retrieved from /home/airflow/.local/lib/python3.12/site-packages/airflow/example_dags/example_latest_only_with_trigger.py
[2025-01-16T18:01:42.020+0000] {logging_mixin.py:190} INFO - [2025-01-16T18:01:42.020+0000] {dag.py:3239} INFO - Sync 1 DAGs
[2025-01-16T18:01:42.063+0000] {logging_mixin.py:190} INFO - [2025-01-16T18:01:42.062+0000] {dag.py:4180} INFO - Setting next_dagrun for latest_only_with_trigger to 2025-01-16 12:00:00+00:00, run_after=2025-01-16 16:00:00+00:00
[2025-01-16T18:01:42.107+0000] {processor.py:208} INFO - Processing /home/airflow/.local/lib/python3.12/site-packages/airflow/example_dags/example_latest_only_with_trigger.py took 0.160 seconds
[2025-01-16T18:02:12.394+0000] {processor.py:186} INFO - Started process (PID=704) to work on /home/airflow/.local/lib/python3.12/site-packages/airflow/example_dags/example_latest_only_with_trigger.py
[2025-01-16T18:02:12.395+0000] {processor.py:914} INFO - Processing file /home/airflow/.local/lib/python3.12/site-packages/airflow/example_dags/example_latest_only_with_trigger.py for tasks to queue
[2025-01-16T18:02:12.398+0000] {logging_mixin.py:190} INFO - [2025-01-16T18:02:12.398+0000] {dagbag.py:588} INFO - Filling up the DagBag from /home/airflow/.local/lib/python3.12/site-packages/airflow/example_dags/example_latest_only_with_trigger.py
[2025-01-16T18:02:12.407+0000] {processor.py:925} INFO - DAG(s) 'latest_only_with_trigger' retrieved from /home/airflow/.local/lib/python3.12/site-packages/airflow/example_dags/example_latest_only_with_trigger.py
[2025-01-16T18:02:12.430+0000] {logging_mixin.py:190} INFO - [2025-01-16T18:02:12.430+0000] {dag.py:3239} INFO - Sync 1 DAGs
[2025-01-16T18:02:12.458+0000] {logging_mixin.py:190} INFO - [2025-01-16T18:02:12.458+0000] {dag.py:4180} INFO - Setting next_dagrun for latest_only_with_trigger to 2025-01-16 12:00:00+00:00, run_after=2025-01-16 16:00:00+00:00
[2025-01-16T18:02:12.479+0000] {processor.py:208} INFO - Processing /home/airflow/.local/lib/python3.12/site-packages/airflow/example_dags/example_latest_only_with_trigger.py took 0.091 seconds
[2025-01-16T18:02:43.466+0000] {processor.py:186} INFO - Started process (PID=769) to work on /home/airflow/.local/lib/python3.12/site-packages/airflow/example_dags/example_latest_only_with_trigger.py
[2025-01-16T18:02:43.468+0000] {processor.py:914} INFO - Processing file /home/airflow/.local/lib/python3.12/site-packages/airflow/example_dags/example_latest_only_with_trigger.py for tasks to queue
[2025-01-16T18:02:43.471+0000] {logging_mixin.py:190} INFO - [2025-01-16T18:02:43.471+0000] {dagbag.py:588} INFO - Filling up the DagBag from /home/airflow/.local/lib/python3.12/site-packages/airflow/example_dags/example_latest_only_with_trigger.py
[2025-01-16T18:02:43.485+0000] {processor.py:925} INFO - DAG(s) 'latest_only_with_trigger' retrieved from /home/airflow/.local/lib/python3.12/site-packages/airflow/example_dags/example_latest_only_with_trigger.py
[2025-01-16T18:02:43.516+0000] {logging_mixin.py:190} INFO - [2025-01-16T18:02:43.514+0000] {dag.py:3239} INFO - Sync 1 DAGs
[2025-01-16T18:02:43.555+0000] {logging_mixin.py:190} INFO - [2025-01-16T18:02:43.555+0000] {dag.py:4180} INFO - Setting next_dagrun for latest_only_with_trigger to 2025-01-16 12:00:00+00:00, run_after=2025-01-16 16:00:00+00:00
[2025-01-16T18:02:43.583+0000] {processor.py:208} INFO - Processing /home/airflow/.local/lib/python3.12/site-packages/airflow/example_dags/example_latest_only_with_trigger.py took 0.125 seconds
[2025-01-16T18:03:13.761+0000] {processor.py:186} INFO - Started process (PID=834) to work on /home/airflow/.local/lib/python3.12/site-packages/airflow/example_dags/example_latest_only_with_trigger.py
[2025-01-16T18:03:13.762+0000] {processor.py:914} INFO - Processing file /home/airflow/.local/lib/python3.12/site-packages/airflow/example_dags/example_latest_only_with_trigger.py for tasks to queue
[2025-01-16T18:03:13.766+0000] {logging_mixin.py:190} INFO - [2025-01-16T18:03:13.765+0000] {dagbag.py:588} INFO - Filling up the DagBag from /home/airflow/.local/lib/python3.12/site-packages/airflow/example_dags/example_latest_only_with_trigger.py
[2025-01-16T18:03:13.772+0000] {processor.py:925} INFO - DAG(s) 'latest_only_with_trigger' retrieved from /home/airflow/.local/lib/python3.12/site-packages/airflow/example_dags/example_latest_only_with_trigger.py
[2025-01-16T18:03:13.791+0000] {logging_mixin.py:190} INFO - [2025-01-16T18:03:13.791+0000] {dag.py:3239} INFO - Sync 1 DAGs
[2025-01-16T18:03:13.816+0000] {logging_mixin.py:190} INFO - [2025-01-16T18:03:13.816+0000] {dag.py:4180} INFO - Setting next_dagrun for latest_only_with_trigger to 2025-01-16 12:00:00+00:00, run_after=2025-01-16 16:00:00+00:00
[2025-01-16T18:03:13.847+0000] {processor.py:208} INFO - Processing /home/airflow/.local/lib/python3.12/site-packages/airflow/example_dags/example_latest_only_with_trigger.py took 0.091 seconds
[2025-01-16T18:03:44.083+0000] {processor.py:186} INFO - Started process (PID=898) to work on /home/airflow/.local/lib/python3.12/site-packages/airflow/example_dags/example_latest_only_with_trigger.py
[2025-01-16T18:03:44.084+0000] {processor.py:914} INFO - Processing file /home/airflow/.local/lib/python3.12/site-packages/airflow/example_dags/example_latest_only_with_trigger.py for tasks to queue
[2025-01-16T18:03:44.086+0000] {logging_mixin.py:190} INFO - [2025-01-16T18:03:44.086+0000] {dagbag.py:588} INFO - Filling up the DagBag from /home/airflow/.local/lib/python3.12/site-packages/airflow/example_dags/example_latest_only_with_trigger.py
[2025-01-16T18:03:44.094+0000] {processor.py:925} INFO - DAG(s) 'latest_only_with_trigger' retrieved from /home/airflow/.local/lib/python3.12/site-packages/airflow/example_dags/example_latest_only_with_trigger.py
[2025-01-16T18:03:44.113+0000] {logging_mixin.py:190} INFO - [2025-01-16T18:03:44.113+0000] {dag.py:3239} INFO - Sync 1 DAGs
[2025-01-16T18:03:44.136+0000] {logging_mixin.py:190} INFO - [2025-01-16T18:03:44.136+0000] {dag.py:4180} INFO - Setting next_dagrun for latest_only_with_trigger to 2025-01-16 12:00:00+00:00, run_after=2025-01-16 16:00:00+00:00
[2025-01-16T18:03:44.165+0000] {processor.py:208} INFO - Processing /home/airflow/.local/lib/python3.12/site-packages/airflow/example_dags/example_latest_only_with_trigger.py took 0.087 seconds
[2025-01-16T18:04:14.662+0000] {processor.py:186} INFO - Started process (PID=963) to work on /home/airflow/.local/lib/python3.12/site-packages/airflow/example_dags/example_latest_only_with_trigger.py
[2025-01-16T18:04:14.663+0000] {processor.py:914} INFO - Processing file /home/airflow/.local/lib/python3.12/site-packages/airflow/example_dags/example_latest_only_with_trigger.py for tasks to queue
[2025-01-16T18:04:14.665+0000] {logging_mixin.py:190} INFO - [2025-01-16T18:04:14.665+0000] {dagbag.py:588} INFO - Filling up the DagBag from /home/airflow/.local/lib/python3.12/site-packages/airflow/example_dags/example_latest_only_with_trigger.py
[2025-01-16T18:04:14.671+0000] {processor.py:925} INFO - DAG(s) 'latest_only_with_trigger' retrieved from /home/airflow/.local/lib/python3.12/site-packages/airflow/example_dags/example_latest_only_with_trigger.py
[2025-01-16T18:04:14.687+0000] {logging_mixin.py:190} INFO - [2025-01-16T18:04:14.687+0000] {dag.py:3239} INFO - Sync 1 DAGs
[2025-01-16T18:04:14.708+0000] {logging_mixin.py:190} INFO - [2025-01-16T18:04:14.708+0000] {dag.py:4180} INFO - Setting next_dagrun for latest_only_with_trigger to 2025-01-16 12:00:00+00:00, run_after=2025-01-16 16:00:00+00:00
[2025-01-16T18:04:14.726+0000] {processor.py:208} INFO - Processing /home/airflow/.local/lib/python3.12/site-packages/airflow/example_dags/example_latest_only_with_trigger.py took 0.069 seconds
[2025-01-16T18:04:44.820+0000] {processor.py:186} INFO - Started process (PID=1028) to work on /home/airflow/.local/lib/python3.12/site-packages/airflow/example_dags/example_latest_only_with_trigger.py
[2025-01-16T18:04:44.821+0000] {processor.py:914} INFO - Processing file /home/airflow/.local/lib/python3.12/site-packages/airflow/example_dags/example_latest_only_with_trigger.py for tasks to queue
[2025-01-16T18:04:44.823+0000] {logging_mixin.py:190} INFO - [2025-01-16T18:04:44.822+0000] {dagbag.py:588} INFO - Filling up the DagBag from /home/airflow/.local/lib/python3.12/site-packages/airflow/example_dags/example_latest_only_with_trigger.py
[2025-01-16T18:04:44.830+0000] {processor.py:925} INFO - DAG(s) 'latest_only_with_trigger' retrieved from /home/airflow/.local/lib/python3.12/site-packages/airflow/example_dags/example_latest_only_with_trigger.py
[2025-01-16T18:04:44.848+0000] {logging_mixin.py:190} INFO - [2025-01-16T18:04:44.847+0000] {dag.py:3239} INFO - Sync 1 DAGs
[2025-01-16T18:04:44.869+0000] {logging_mixin.py:190} INFO - [2025-01-16T18:04:44.868+0000] {dag.py:4180} INFO - Setting next_dagrun for latest_only_with_trigger to 2025-01-16 12:00:00+00:00, run_after=2025-01-16 16:00:00+00:00
[2025-01-16T18:04:44.887+0000] {processor.py:208} INFO - Processing /home/airflow/.local/lib/python3.12/site-packages/airflow/example_dags/example_latest_only_with_trigger.py took 0.073 seconds
[2025-01-16T18:05:15.712+0000] {processor.py:186} INFO - Started process (PID=1093) to work on /home/airflow/.local/lib/python3.12/site-packages/airflow/example_dags/example_latest_only_with_trigger.py
[2025-01-16T18:05:15.713+0000] {processor.py:914} INFO - Processing file /home/airflow/.local/lib/python3.12/site-packages/airflow/example_dags/example_latest_only_with_trigger.py for tasks to queue
[2025-01-16T18:05:15.715+0000] {logging_mixin.py:190} INFO - [2025-01-16T18:05:15.715+0000] {dagbag.py:588} INFO - Filling up the DagBag from /home/airflow/.local/lib/python3.12/site-packages/airflow/example_dags/example_latest_only_with_trigger.py
[2025-01-16T18:05:15.723+0000] {processor.py:925} INFO - DAG(s) 'latest_only_with_trigger' retrieved from /home/airflow/.local/lib/python3.12/site-packages/airflow/example_dags/example_latest_only_with_trigger.py
[2025-01-16T18:05:15.740+0000] {logging_mixin.py:190} INFO - [2025-01-16T18:05:15.740+0000] {dag.py:3239} INFO - Sync 1 DAGs
[2025-01-16T18:05:15.759+0000] {logging_mixin.py:190} INFO - [2025-01-16T18:05:15.759+0000] {dag.py:4180} INFO - Setting next_dagrun for latest_only_with_trigger to 2025-01-16 12:00:00+00:00, run_after=2025-01-16 16:00:00+00:00
[2025-01-16T18:05:15.778+0000] {processor.py:208} INFO - Processing /home/airflow/.local/lib/python3.12/site-packages/airflow/example_dags/example_latest_only_with_trigger.py took 0.071 seconds
[2025-01-16T18:05:46.134+0000] {processor.py:186} INFO - Started process (PID=1158) to work on /home/airflow/.local/lib/python3.12/site-packages/airflow/example_dags/example_latest_only_with_trigger.py
[2025-01-16T18:05:46.134+0000] {processor.py:914} INFO - Processing file /home/airflow/.local/lib/python3.12/site-packages/airflow/example_dags/example_latest_only_with_trigger.py for tasks to queue
[2025-01-16T18:05:46.136+0000] {logging_mixin.py:190} INFO - [2025-01-16T18:05:46.136+0000] {dagbag.py:588} INFO - Filling up the DagBag from /home/airflow/.local/lib/python3.12/site-packages/airflow/example_dags/example_latest_only_with_trigger.py
[2025-01-16T18:05:46.144+0000] {processor.py:925} INFO - DAG(s) 'latest_only_with_trigger' retrieved from /home/airflow/.local/lib/python3.12/site-packages/airflow/example_dags/example_latest_only_with_trigger.py
[2025-01-16T18:05:46.162+0000] {logging_mixin.py:190} INFO - [2025-01-16T18:05:46.161+0000] {dag.py:3239} INFO - Sync 1 DAGs
[2025-01-16T18:05:46.184+0000] {logging_mixin.py:190} INFO - [2025-01-16T18:05:46.183+0000] {dag.py:4180} INFO - Setting next_dagrun for latest_only_with_trigger to 2025-01-16 12:00:00+00:00, run_after=2025-01-16 16:00:00+00:00
[2025-01-16T18:05:46.205+0000] {processor.py:208} INFO - Processing /home/airflow/.local/lib/python3.12/site-packages/airflow/example_dags/example_latest_only_with_trigger.py took 0.076 seconds
[2025-01-16T18:06:16.501+0000] {processor.py:186} INFO - Started process (PID=1223) to work on /home/airflow/.local/lib/python3.12/site-packages/airflow/example_dags/example_latest_only_with_trigger.py
[2025-01-16T18:06:16.502+0000] {processor.py:914} INFO - Processing file /home/airflow/.local/lib/python3.12/site-packages/airflow/example_dags/example_latest_only_with_trigger.py for tasks to queue
[2025-01-16T18:06:16.505+0000] {logging_mixin.py:190} INFO - [2025-01-16T18:06:16.505+0000] {dagbag.py:588} INFO - Filling up the DagBag from /home/airflow/.local/lib/python3.12/site-packages/airflow/example_dags/example_latest_only_with_trigger.py
[2025-01-16T18:06:16.516+0000] {processor.py:925} INFO - DAG(s) 'latest_only_with_trigger' retrieved from /home/airflow/.local/lib/python3.12/site-packages/airflow/example_dags/example_latest_only_with_trigger.py
[2025-01-16T18:06:16.546+0000] {logging_mixin.py:190} INFO - [2025-01-16T18:06:16.545+0000] {dag.py:3239} INFO - Sync 1 DAGs
[2025-01-16T18:06:16.585+0000] {logging_mixin.py:190} INFO - [2025-01-16T18:06:16.585+0000] {dag.py:4180} INFO - Setting next_dagrun for latest_only_with_trigger to 2025-01-16 12:00:00+00:00, run_after=2025-01-16 16:00:00+00:00
[2025-01-16T18:06:16.610+0000] {processor.py:208} INFO - Processing /home/airflow/.local/lib/python3.12/site-packages/airflow/example_dags/example_latest_only_with_trigger.py took 0.117 seconds
[2025-01-16T18:06:46.938+0000] {processor.py:186} INFO - Started process (PID=1288) to work on /home/airflow/.local/lib/python3.12/site-packages/airflow/example_dags/example_latest_only_with_trigger.py
[2025-01-16T18:06:46.939+0000] {processor.py:914} INFO - Processing file /home/airflow/.local/lib/python3.12/site-packages/airflow/example_dags/example_latest_only_with_trigger.py for tasks to queue
[2025-01-16T18:06:46.942+0000] {logging_mixin.py:190} INFO - [2025-01-16T18:06:46.941+0000] {dagbag.py:588} INFO - Filling up the DagBag from /home/airflow/.local/lib/python3.12/site-packages/airflow/example_dags/example_latest_only_with_trigger.py
[2025-01-16T18:06:46.951+0000] {processor.py:925} INFO - DAG(s) 'latest_only_with_trigger' retrieved from /home/airflow/.local/lib/python3.12/site-packages/airflow/example_dags/example_latest_only_with_trigger.py
[2025-01-16T18:06:46.973+0000] {logging_mixin.py:190} INFO - [2025-01-16T18:06:46.973+0000] {dag.py:3239} INFO - Sync 1 DAGs
[2025-01-16T18:06:47.000+0000] {logging_mixin.py:190} INFO - [2025-01-16T18:06:47.000+0000] {dag.py:4180} INFO - Setting next_dagrun for latest_only_with_trigger to 2025-01-16 12:00:00+00:00, run_after=2025-01-16 16:00:00+00:00
[2025-01-16T18:06:47.030+0000] {processor.py:208} INFO - Processing /home/airflow/.local/lib/python3.12/site-packages/airflow/example_dags/example_latest_only_with_trigger.py took 0.100 seconds
