[2025-01-16T17:57:25.562+0000] {processor.py:186} INFO - Started process (PID=82) to work on /home/airflow/.local/lib/python3.12/site-packages/airflow/example_dags/example_display_name.py
[2025-01-16T17:57:25.564+0000] {processor.py:914} INFO - Processing file /home/airflow/.local/lib/python3.12/site-packages/airflow/example_dags/example_display_name.py for tasks to queue
[2025-01-16T17:57:25.569+0000] {logging_mixin.py:190} INFO - [2025-01-16T17:57:25.569+0000] {dagbag.py:588} INFO - Filling up the DagBag from /home/airflow/.local/lib/python3.12/site-packages/airflow/example_dags/example_display_name.py
[2025-01-16T17:57:25.584+0000] {processor.py:925} INFO - DAG(s) 'example_display_name' retrieved from /home/airflow/.local/lib/python3.12/site-packages/airflow/example_dags/example_display_name.py
[2025-01-16T17:57:25.747+0000] {logging_mixin.py:190} INFO - [2025-01-16T17:57:25.746+0000] {override.py:1911} INFO - Created Permission View: can edit on DAG:example_display_name
[2025-01-16T17:57:25.764+0000] {logging_mixin.py:190} INFO - [2025-01-16T17:57:25.764+0000] {override.py:1911} INFO - Created Permission View: can read on DAG:example_display_name
[2025-01-16T17:57:25.777+0000] {logging_mixin.py:190} INFO - [2025-01-16T17:57:25.777+0000] {override.py:1911} INFO - Created Permission View: can delete on DAG:example_display_name
[2025-01-16T17:57:25.793+0000] {logging_mixin.py:190} INFO - [2025-01-16T17:57:25.793+0000] {override.py:1911} INFO - Created Permission View: can create on DAG Run:example_display_name
[2025-01-16T17:57:25.809+0000] {logging_mixin.py:190} INFO - [2025-01-16T17:57:25.809+0000] {override.py:1911} INFO - Created Permission View: can delete on DAG Run:example_display_name
[2025-01-16T17:57:25.823+0000] {logging_mixin.py:190} INFO - [2025-01-16T17:57:25.822+0000] {override.py:1911} INFO - Created Permission View: can read on DAG Run:example_display_name
[2025-01-16T17:57:25.838+0000] {logging_mixin.py:190} INFO - [2025-01-16T17:57:25.837+0000] {override.py:1911} INFO - Created Permission View: menu access on DAG Run:example_display_name
[2025-01-16T17:57:25.842+0000] {logging_mixin.py:190} INFO - [2025-01-16T17:57:25.841+0000] {dag.py:3239} INFO - Sync 1 DAGs
[2025-01-16T17:57:25.868+0000] {logging_mixin.py:190} INFO - [2025-01-16T17:57:25.868+0000] {dag.py:3262} INFO - Creating ORM DAG for example_display_name
[2025-01-16T17:57:25.869+0000] {logging_mixin.py:190} INFO - [2025-01-16T17:57:25.869+0000] {dag.py:4180} INFO - Setting next_dagrun for example_display_name to None, run_after=None
[2025-01-16T17:57:25.895+0000] {processor.py:208} INFO - Processing /home/airflow/.local/lib/python3.12/site-packages/airflow/example_dags/example_display_name.py took 0.344 seconds
[2025-01-16T17:57:56.242+0000] {processor.py:186} INFO - Started process (PID=148) to work on /home/airflow/.local/lib/python3.12/site-packages/airflow/example_dags/example_display_name.py
[2025-01-16T17:57:56.243+0000] {processor.py:914} INFO - Processing file /home/airflow/.local/lib/python3.12/site-packages/airflow/example_dags/example_display_name.py for tasks to queue
[2025-01-16T17:57:56.245+0000] {logging_mixin.py:190} INFO - [2025-01-16T17:57:56.245+0000] {dagbag.py:588} INFO - Filling up the DagBag from /home/airflow/.local/lib/python3.12/site-packages/airflow/example_dags/example_display_name.py
[2025-01-16T17:57:56.253+0000] {processor.py:925} INFO - DAG(s) 'example_display_name' retrieved from /home/airflow/.local/lib/python3.12/site-packages/airflow/example_dags/example_display_name.py
[2025-01-16T17:57:56.276+0000] {logging_mixin.py:190} INFO - [2025-01-16T17:57:56.276+0000] {dag.py:3239} INFO - Sync 1 DAGs
[2025-01-16T17:57:56.291+0000] {logging_mixin.py:190} INFO - [2025-01-16T17:57:56.291+0000] {dag.py:4180} INFO - Setting next_dagrun for example_display_name to None, run_after=None
[2025-01-16T17:57:56.325+0000] {processor.py:208} INFO - Processing /home/airflow/.local/lib/python3.12/site-packages/airflow/example_dags/example_display_name.py took 0.088 seconds
[2025-01-16T17:58:27.030+0000] {processor.py:186} INFO - Started process (PID=213) to work on /home/airflow/.local/lib/python3.12/site-packages/airflow/example_dags/example_display_name.py
[2025-01-16T17:58:27.032+0000] {processor.py:914} INFO - Processing file /home/airflow/.local/lib/python3.12/site-packages/airflow/example_dags/example_display_name.py for tasks to queue
[2025-01-16T17:58:27.036+0000] {logging_mixin.py:190} INFO - [2025-01-16T17:58:27.035+0000] {dagbag.py:588} INFO - Filling up the DagBag from /home/airflow/.local/lib/python3.12/site-packages/airflow/example_dags/example_display_name.py
[2025-01-16T17:58:27.045+0000] {processor.py:925} INFO - DAG(s) 'example_display_name' retrieved from /home/airflow/.local/lib/python3.12/site-packages/airflow/example_dags/example_display_name.py
[2025-01-16T17:58:27.070+0000] {logging_mixin.py:190} INFO - [2025-01-16T17:58:27.070+0000] {dag.py:3239} INFO - Sync 1 DAGs
[2025-01-16T17:58:27.085+0000] {logging_mixin.py:190} INFO - [2025-01-16T17:58:27.085+0000] {dag.py:4180} INFO - Setting next_dagrun for example_display_name to None, run_after=None
[2025-01-16T17:58:27.107+0000] {processor.py:208} INFO - Processing /home/airflow/.local/lib/python3.12/site-packages/airflow/example_dags/example_display_name.py took 0.083 seconds
[2025-01-16T17:58:57.274+0000] {processor.py:186} INFO - Started process (PID=278) to work on /home/airflow/.local/lib/python3.12/site-packages/airflow/example_dags/example_display_name.py
[2025-01-16T17:58:57.275+0000] {processor.py:914} INFO - Processing file /home/airflow/.local/lib/python3.12/site-packages/airflow/example_dags/example_display_name.py for tasks to queue
[2025-01-16T17:58:57.278+0000] {logging_mixin.py:190} INFO - [2025-01-16T17:58:57.277+0000] {dagbag.py:588} INFO - Filling up the DagBag from /home/airflow/.local/lib/python3.12/site-packages/airflow/example_dags/example_display_name.py
[2025-01-16T17:58:57.293+0000] {processor.py:925} INFO - DAG(s) 'example_display_name' retrieved from /home/airflow/.local/lib/python3.12/site-packages/airflow/example_dags/example_display_name.py
[2025-01-16T17:58:57.313+0000] {logging_mixin.py:190} INFO - [2025-01-16T17:58:57.313+0000] {dag.py:3239} INFO - Sync 1 DAGs
[2025-01-16T17:58:57.328+0000] {logging_mixin.py:190} INFO - [2025-01-16T17:58:57.328+0000] {dag.py:4180} INFO - Setting next_dagrun for example_display_name to None, run_after=None
[2025-01-16T17:58:57.351+0000] {processor.py:208} INFO - Processing /home/airflow/.local/lib/python3.12/site-packages/airflow/example_dags/example_display_name.py took 0.085 seconds
[2025-01-16T17:59:27.612+0000] {processor.py:186} INFO - Started process (PID=343) to work on /home/airflow/.local/lib/python3.12/site-packages/airflow/example_dags/example_display_name.py
[2025-01-16T17:59:27.614+0000] {processor.py:914} INFO - Processing file /home/airflow/.local/lib/python3.12/site-packages/airflow/example_dags/example_display_name.py for tasks to queue
[2025-01-16T17:59:27.620+0000] {logging_mixin.py:190} INFO - [2025-01-16T17:59:27.619+0000] {dagbag.py:588} INFO - Filling up the DagBag from /home/airflow/.local/lib/python3.12/site-packages/airflow/example_dags/example_display_name.py
[2025-01-16T17:59:27.631+0000] {processor.py:925} INFO - DAG(s) 'example_display_name' retrieved from /home/airflow/.local/lib/python3.12/site-packages/airflow/example_dags/example_display_name.py
[2025-01-16T17:59:27.672+0000] {logging_mixin.py:190} INFO - [2025-01-16T17:59:27.671+0000] {dag.py:3239} INFO - Sync 1 DAGs
[2025-01-16T17:59:27.703+0000] {logging_mixin.py:190} INFO - [2025-01-16T17:59:27.703+0000] {dag.py:4180} INFO - Setting next_dagrun for example_display_name to None, run_after=None
[2025-01-16T17:59:27.742+0000] {processor.py:208} INFO - Processing /home/airflow/.local/lib/python3.12/site-packages/airflow/example_dags/example_display_name.py took 0.138 seconds
[2025-01-16T17:59:57.967+0000] {processor.py:186} INFO - Started process (PID=407) to work on /home/airflow/.local/lib/python3.12/site-packages/airflow/example_dags/example_display_name.py
[2025-01-16T17:59:57.969+0000] {processor.py:914} INFO - Processing file /home/airflow/.local/lib/python3.12/site-packages/airflow/example_dags/example_display_name.py for tasks to queue
[2025-01-16T17:59:57.971+0000] {logging_mixin.py:190} INFO - [2025-01-16T17:59:57.971+0000] {dagbag.py:588} INFO - Filling up the DagBag from /home/airflow/.local/lib/python3.12/site-packages/airflow/example_dags/example_display_name.py
[2025-01-16T17:59:57.977+0000] {processor.py:925} INFO - DAG(s) 'example_display_name' retrieved from /home/airflow/.local/lib/python3.12/site-packages/airflow/example_dags/example_display_name.py
[2025-01-16T17:59:58.005+0000] {logging_mixin.py:190} INFO - [2025-01-16T17:59:58.005+0000] {dag.py:3239} INFO - Sync 1 DAGs
[2025-01-16T17:59:58.021+0000] {logging_mixin.py:190} INFO - [2025-01-16T17:59:58.021+0000] {dag.py:4180} INFO - Setting next_dagrun for example_display_name to None, run_after=None
[2025-01-16T17:59:58.043+0000] {processor.py:208} INFO - Processing /home/airflow/.local/lib/python3.12/site-packages/airflow/example_dags/example_display_name.py took 0.081 seconds
[2025-01-16T18:00:28.588+0000] {processor.py:186} INFO - Started process (PID=473) to work on /home/airflow/.local/lib/python3.12/site-packages/airflow/example_dags/example_display_name.py
[2025-01-16T18:00:28.589+0000] {processor.py:914} INFO - Processing file /home/airflow/.local/lib/python3.12/site-packages/airflow/example_dags/example_display_name.py for tasks to queue
[2025-01-16T18:00:28.591+0000] {logging_mixin.py:190} INFO - [2025-01-16T18:00:28.591+0000] {dagbag.py:588} INFO - Filling up the DagBag from /home/airflow/.local/lib/python3.12/site-packages/airflow/example_dags/example_display_name.py
[2025-01-16T18:00:28.598+0000] {processor.py:925} INFO - DAG(s) 'example_display_name' retrieved from /home/airflow/.local/lib/python3.12/site-packages/airflow/example_dags/example_display_name.py
[2025-01-16T18:00:28.622+0000] {logging_mixin.py:190} INFO - [2025-01-16T18:00:28.622+0000] {dag.py:3239} INFO - Sync 1 DAGs
[2025-01-16T18:00:28.638+0000] {logging_mixin.py:190} INFO - [2025-01-16T18:00:28.637+0000] {dag.py:4180} INFO - Setting next_dagrun for example_display_name to None, run_after=None
[2025-01-16T18:00:28.660+0000] {processor.py:208} INFO - Processing /home/airflow/.local/lib/python3.12/site-packages/airflow/example_dags/example_display_name.py took 0.080 seconds
[2025-01-16T18:00:59.420+0000] {processor.py:186} INFO - Started process (PID=538) to work on /home/airflow/.local/lib/python3.12/site-packages/airflow/example_dags/example_display_name.py
[2025-01-16T18:00:59.421+0000] {processor.py:914} INFO - Processing file /home/airflow/.local/lib/python3.12/site-packages/airflow/example_dags/example_display_name.py for tasks to queue
[2025-01-16T18:00:59.424+0000] {logging_mixin.py:190} INFO - [2025-01-16T18:00:59.424+0000] {dagbag.py:588} INFO - Filling up the DagBag from /home/airflow/.local/lib/python3.12/site-packages/airflow/example_dags/example_display_name.py
[2025-01-16T18:00:59.430+0000] {processor.py:925} INFO - DAG(s) 'example_display_name' retrieved from /home/airflow/.local/lib/python3.12/site-packages/airflow/example_dags/example_display_name.py
[2025-01-16T18:00:59.453+0000] {logging_mixin.py:190} INFO - [2025-01-16T18:00:59.452+0000] {dag.py:3239} INFO - Sync 1 DAGs
[2025-01-16T18:00:59.465+0000] {logging_mixin.py:190} INFO - [2025-01-16T18:00:59.465+0000] {dag.py:4180} INFO - Setting next_dagrun for example_display_name to None, run_after=None
[2025-01-16T18:00:59.489+0000] {processor.py:208} INFO - Processing /home/airflow/.local/lib/python3.12/site-packages/airflow/example_dags/example_display_name.py took 0.076 seconds
[2025-01-16T18:01:29.769+0000] {processor.py:186} INFO - Started process (PID=603) to work on /home/airflow/.local/lib/python3.12/site-packages/airflow/example_dags/example_display_name.py
[2025-01-16T18:01:29.770+0000] {processor.py:914} INFO - Processing file /home/airflow/.local/lib/python3.12/site-packages/airflow/example_dags/example_display_name.py for tasks to queue
[2025-01-16T18:01:29.772+0000] {logging_mixin.py:190} INFO - [2025-01-16T18:01:29.772+0000] {dagbag.py:588} INFO - Filling up the DagBag from /home/airflow/.local/lib/python3.12/site-packages/airflow/example_dags/example_display_name.py
[2025-01-16T18:01:29.781+0000] {processor.py:925} INFO - DAG(s) 'example_display_name' retrieved from /home/airflow/.local/lib/python3.12/site-packages/airflow/example_dags/example_display_name.py
[2025-01-16T18:01:29.798+0000] {logging_mixin.py:190} INFO - [2025-01-16T18:01:29.797+0000] {dag.py:3239} INFO - Sync 1 DAGs
[2025-01-16T18:01:29.809+0000] {logging_mixin.py:190} INFO - [2025-01-16T18:01:29.809+0000] {dag.py:4180} INFO - Setting next_dagrun for example_display_name to None, run_after=None
[2025-01-16T18:01:29.828+0000] {processor.py:208} INFO - Processing /home/airflow/.local/lib/python3.12/site-packages/airflow/example_dags/example_display_name.py took 0.064 seconds
[2025-01-16T18:02:00.085+0000] {processor.py:186} INFO - Started process (PID=668) to work on /home/airflow/.local/lib/python3.12/site-packages/airflow/example_dags/example_display_name.py
[2025-01-16T18:02:00.086+0000] {processor.py:914} INFO - Processing file /home/airflow/.local/lib/python3.12/site-packages/airflow/example_dags/example_display_name.py for tasks to queue
[2025-01-16T18:02:00.088+0000] {logging_mixin.py:190} INFO - [2025-01-16T18:02:00.088+0000] {dagbag.py:588} INFO - Filling up the DagBag from /home/airflow/.local/lib/python3.12/site-packages/airflow/example_dags/example_display_name.py
[2025-01-16T18:02:00.096+0000] {processor.py:925} INFO - DAG(s) 'example_display_name' retrieved from /home/airflow/.local/lib/python3.12/site-packages/airflow/example_dags/example_display_name.py
[2025-01-16T18:02:00.117+0000] {logging_mixin.py:190} INFO - [2025-01-16T18:02:00.117+0000] {dag.py:3239} INFO - Sync 1 DAGs
[2025-01-16T18:02:00.131+0000] {logging_mixin.py:190} INFO - [2025-01-16T18:02:00.130+0000] {dag.py:4180} INFO - Setting next_dagrun for example_display_name to None, run_after=None
[2025-01-16T18:02:00.153+0000] {processor.py:208} INFO - Processing /home/airflow/.local/lib/python3.12/site-packages/airflow/example_dags/example_display_name.py took 0.075 seconds
[2025-01-16T18:02:30.880+0000] {processor.py:186} INFO - Started process (PID=734) to work on /home/airflow/.local/lib/python3.12/site-packages/airflow/example_dags/example_display_name.py
[2025-01-16T18:02:30.881+0000] {processor.py:914} INFO - Processing file /home/airflow/.local/lib/python3.12/site-packages/airflow/example_dags/example_display_name.py for tasks to queue
[2025-01-16T18:02:30.884+0000] {logging_mixin.py:190} INFO - [2025-01-16T18:02:30.883+0000] {dagbag.py:588} INFO - Filling up the DagBag from /home/airflow/.local/lib/python3.12/site-packages/airflow/example_dags/example_display_name.py
[2025-01-16T18:02:30.892+0000] {processor.py:925} INFO - DAG(s) 'example_display_name' retrieved from /home/airflow/.local/lib/python3.12/site-packages/airflow/example_dags/example_display_name.py
[2025-01-16T18:02:30.911+0000] {logging_mixin.py:190} INFO - [2025-01-16T18:02:30.911+0000] {dag.py:3239} INFO - Sync 1 DAGs
[2025-01-16T18:02:30.926+0000] {logging_mixin.py:190} INFO - [2025-01-16T18:02:30.925+0000] {dag.py:4180} INFO - Setting next_dagrun for example_display_name to None, run_after=None
[2025-01-16T18:02:30.957+0000] {processor.py:208} INFO - Processing /home/airflow/.local/lib/python3.12/site-packages/airflow/example_dags/example_display_name.py took 0.081 seconds
[2025-01-16T18:03:01.138+0000] {processor.py:186} INFO - Started process (PID=799) to work on /home/airflow/.local/lib/python3.12/site-packages/airflow/example_dags/example_display_name.py
[2025-01-16T18:03:01.140+0000] {processor.py:914} INFO - Processing file /home/airflow/.local/lib/python3.12/site-packages/airflow/example_dags/example_display_name.py for tasks to queue
[2025-01-16T18:03:01.143+0000] {logging_mixin.py:190} INFO - [2025-01-16T18:03:01.143+0000] {dagbag.py:588} INFO - Filling up the DagBag from /home/airflow/.local/lib/python3.12/site-packages/airflow/example_dags/example_display_name.py
[2025-01-16T18:03:01.153+0000] {processor.py:925} INFO - DAG(s) 'example_display_name' retrieved from /home/airflow/.local/lib/python3.12/site-packages/airflow/example_dags/example_display_name.py
[2025-01-16T18:03:01.177+0000] {logging_mixin.py:190} INFO - [2025-01-16T18:03:01.176+0000] {dag.py:3239} INFO - Sync 1 DAGs
[2025-01-16T18:03:01.193+0000] {logging_mixin.py:190} INFO - [2025-01-16T18:03:01.193+0000] {dag.py:4180} INFO - Setting next_dagrun for example_display_name to None, run_after=None
[2025-01-16T18:03:01.223+0000] {processor.py:208} INFO - Processing /home/airflow/.local/lib/python3.12/site-packages/airflow/example_dags/example_display_name.py took 0.091 seconds
[2025-01-16T18:03:31.573+0000] {processor.py:186} INFO - Started process (PID=864) to work on /home/airflow/.local/lib/python3.12/site-packages/airflow/example_dags/example_display_name.py
[2025-01-16T18:03:31.574+0000] {processor.py:914} INFO - Processing file /home/airflow/.local/lib/python3.12/site-packages/airflow/example_dags/example_display_name.py for tasks to queue
[2025-01-16T18:03:31.576+0000] {logging_mixin.py:190} INFO - [2025-01-16T18:03:31.575+0000] {dagbag.py:588} INFO - Filling up the DagBag from /home/airflow/.local/lib/python3.12/site-packages/airflow/example_dags/example_display_name.py
[2025-01-16T18:03:31.583+0000] {processor.py:925} INFO - DAG(s) 'example_display_name' retrieved from /home/airflow/.local/lib/python3.12/site-packages/airflow/example_dags/example_display_name.py
[2025-01-16T18:03:31.600+0000] {logging_mixin.py:190} INFO - [2025-01-16T18:03:31.600+0000] {dag.py:3239} INFO - Sync 1 DAGs
[2025-01-16T18:03:31.614+0000] {logging_mixin.py:190} INFO - [2025-01-16T18:03:31.614+0000] {dag.py:4180} INFO - Setting next_dagrun for example_display_name to None, run_after=None
[2025-01-16T18:03:31.637+0000] {processor.py:208} INFO - Processing /home/airflow/.local/lib/python3.12/site-packages/airflow/example_dags/example_display_name.py took 0.068 seconds
[2025-01-16T18:04:01.977+0000] {processor.py:186} INFO - Started process (PID=929) to work on /home/airflow/.local/lib/python3.12/site-packages/airflow/example_dags/example_display_name.py
[2025-01-16T18:04:01.979+0000] {processor.py:914} INFO - Processing file /home/airflow/.local/lib/python3.12/site-packages/airflow/example_dags/example_display_name.py for tasks to queue
[2025-01-16T18:04:01.981+0000] {logging_mixin.py:190} INFO - [2025-01-16T18:04:01.981+0000] {dagbag.py:588} INFO - Filling up the DagBag from /home/airflow/.local/lib/python3.12/site-packages/airflow/example_dags/example_display_name.py
[2025-01-16T18:04:01.992+0000] {processor.py:925} INFO - DAG(s) 'example_display_name' retrieved from /home/airflow/.local/lib/python3.12/site-packages/airflow/example_dags/example_display_name.py
[2025-01-16T18:04:02.016+0000] {logging_mixin.py:190} INFO - [2025-01-16T18:04:02.016+0000] {dag.py:3239} INFO - Sync 1 DAGs
[2025-01-16T18:04:02.037+0000] {logging_mixin.py:190} INFO - [2025-01-16T18:04:02.037+0000] {dag.py:4180} INFO - Setting next_dagrun for example_display_name to None, run_after=None
[2025-01-16T18:04:02.063+0000] {processor.py:208} INFO - Processing /home/airflow/.local/lib/python3.12/site-packages/airflow/example_dags/example_display_name.py took 0.091 seconds
[2025-01-16T18:04:32.364+0000] {processor.py:186} INFO - Started process (PID=993) to work on /home/airflow/.local/lib/python3.12/site-packages/airflow/example_dags/example_display_name.py
[2025-01-16T18:04:32.365+0000] {processor.py:914} INFO - Processing file /home/airflow/.local/lib/python3.12/site-packages/airflow/example_dags/example_display_name.py for tasks to queue
[2025-01-16T18:04:32.367+0000] {logging_mixin.py:190} INFO - [2025-01-16T18:04:32.367+0000] {dagbag.py:588} INFO - Filling up the DagBag from /home/airflow/.local/lib/python3.12/site-packages/airflow/example_dags/example_display_name.py
[2025-01-16T18:04:32.375+0000] {processor.py:925} INFO - DAG(s) 'example_display_name' retrieved from /home/airflow/.local/lib/python3.12/site-packages/airflow/example_dags/example_display_name.py
[2025-01-16T18:04:32.397+0000] {logging_mixin.py:190} INFO - [2025-01-16T18:04:32.396+0000] {dag.py:3239} INFO - Sync 1 DAGs
[2025-01-16T18:04:32.412+0000] {logging_mixin.py:190} INFO - [2025-01-16T18:04:32.412+0000] {dag.py:4180} INFO - Setting next_dagrun for example_display_name to None, run_after=None
[2025-01-16T18:04:32.433+0000] {processor.py:208} INFO - Processing /home/airflow/.local/lib/python3.12/site-packages/airflow/example_dags/example_display_name.py took 0.074 seconds
[2025-01-16T18:05:03.082+0000] {processor.py:186} INFO - Started process (PID=1059) to work on /home/airflow/.local/lib/python3.12/site-packages/airflow/example_dags/example_display_name.py
[2025-01-16T18:05:03.084+0000] {processor.py:914} INFO - Processing file /home/airflow/.local/lib/python3.12/site-packages/airflow/example_dags/example_display_name.py for tasks to queue
[2025-01-16T18:05:03.086+0000] {logging_mixin.py:190} INFO - [2025-01-16T18:05:03.086+0000] {dagbag.py:588} INFO - Filling up the DagBag from /home/airflow/.local/lib/python3.12/site-packages/airflow/example_dags/example_display_name.py
[2025-01-16T18:05:03.093+0000] {processor.py:925} INFO - DAG(s) 'example_display_name' retrieved from /home/airflow/.local/lib/python3.12/site-packages/airflow/example_dags/example_display_name.py
[2025-01-16T18:05:03.116+0000] {logging_mixin.py:190} INFO - [2025-01-16T18:05:03.116+0000] {dag.py:3239} INFO - Sync 1 DAGs
[2025-01-16T18:05:03.133+0000] {logging_mixin.py:190} INFO - [2025-01-16T18:05:03.133+0000] {dag.py:4180} INFO - Setting next_dagrun for example_display_name to None, run_after=None
[2025-01-16T18:05:03.156+0000] {processor.py:208} INFO - Processing /home/airflow/.local/lib/python3.12/site-packages/airflow/example_dags/example_display_name.py took 0.082 seconds
[2025-01-16T18:05:33.594+0000] {processor.py:186} INFO - Started process (PID=1124) to work on /home/airflow/.local/lib/python3.12/site-packages/airflow/example_dags/example_display_name.py
[2025-01-16T18:05:33.595+0000] {processor.py:914} INFO - Processing file /home/airflow/.local/lib/python3.12/site-packages/airflow/example_dags/example_display_name.py for tasks to queue
[2025-01-16T18:05:33.597+0000] {logging_mixin.py:190} INFO - [2025-01-16T18:05:33.597+0000] {dagbag.py:588} INFO - Filling up the DagBag from /home/airflow/.local/lib/python3.12/site-packages/airflow/example_dags/example_display_name.py
[2025-01-16T18:05:33.606+0000] {processor.py:925} INFO - DAG(s) 'example_display_name' retrieved from /home/airflow/.local/lib/python3.12/site-packages/airflow/example_dags/example_display_name.py
[2025-01-16T18:05:33.625+0000] {logging_mixin.py:190} INFO - [2025-01-16T18:05:33.624+0000] {dag.py:3239} INFO - Sync 1 DAGs
[2025-01-16T18:05:33.639+0000] {logging_mixin.py:190} INFO - [2025-01-16T18:05:33.639+0000] {dag.py:4180} INFO - Setting next_dagrun for example_display_name to None, run_after=None
[2025-01-16T18:05:33.668+0000] {processor.py:208} INFO - Processing /home/airflow/.local/lib/python3.12/site-packages/airflow/example_dags/example_display_name.py took 0.078 seconds
[2025-01-16T18:06:04.772+0000] {processor.py:186} INFO - Started process (PID=1189) to work on /home/airflow/.local/lib/python3.12/site-packages/airflow/example_dags/example_display_name.py
[2025-01-16T18:06:04.782+0000] {processor.py:914} INFO - Processing file /home/airflow/.local/lib/python3.12/site-packages/airflow/example_dags/example_display_name.py for tasks to queue
[2025-01-16T18:06:04.788+0000] {logging_mixin.py:190} INFO - [2025-01-16T18:06:04.788+0000] {dagbag.py:588} INFO - Filling up the DagBag from /home/airflow/.local/lib/python3.12/site-packages/airflow/example_dags/example_display_name.py
[2025-01-16T18:06:04.810+0000] {processor.py:925} INFO - DAG(s) 'example_display_name' retrieved from /home/airflow/.local/lib/python3.12/site-packages/airflow/example_dags/example_display_name.py
[2025-01-16T18:06:04.848+0000] {logging_mixin.py:190} INFO - [2025-01-16T18:06:04.848+0000] {dag.py:3239} INFO - Sync 1 DAGs
[2025-01-16T18:06:04.881+0000] {logging_mixin.py:190} INFO - [2025-01-16T18:06:04.881+0000] {dag.py:4180} INFO - Setting next_dagrun for example_display_name to None, run_after=None
[2025-01-16T18:06:04.916+0000] {processor.py:208} INFO - Processing /home/airflow/.local/lib/python3.12/site-packages/airflow/example_dags/example_display_name.py took 0.154 seconds
[2025-01-16T18:06:35.200+0000] {processor.py:186} INFO - Started process (PID=1254) to work on /home/airflow/.local/lib/python3.12/site-packages/airflow/example_dags/example_display_name.py
[2025-01-16T18:06:35.201+0000] {processor.py:914} INFO - Processing file /home/airflow/.local/lib/python3.12/site-packages/airflow/example_dags/example_display_name.py for tasks to queue
[2025-01-16T18:06:35.204+0000] {logging_mixin.py:190} INFO - [2025-01-16T18:06:35.204+0000] {dagbag.py:588} INFO - Filling up the DagBag from /home/airflow/.local/lib/python3.12/site-packages/airflow/example_dags/example_display_name.py
[2025-01-16T18:06:35.214+0000] {processor.py:925} INFO - DAG(s) 'example_display_name' retrieved from /home/airflow/.local/lib/python3.12/site-packages/airflow/example_dags/example_display_name.py
[2025-01-16T18:06:35.236+0000] {logging_mixin.py:190} INFO - [2025-01-16T18:06:35.235+0000] {dag.py:3239} INFO - Sync 1 DAGs
[2025-01-16T18:06:35.254+0000] {logging_mixin.py:190} INFO - [2025-01-16T18:06:35.253+0000] {dag.py:4180} INFO - Setting next_dagrun for example_display_name to None, run_after=None
[2025-01-16T18:06:35.280+0000] {processor.py:208} INFO - Processing /home/airflow/.local/lib/python3.12/site-packages/airflow/example_dags/example_display_name.py took 0.087 seconds
