[2025-01-16T17:57:25.164+0000] {processor.py:186} INFO - Started process (PID=81) to work on /home/airflow/.local/lib/python3.12/site-packages/airflow/example_dags/example_subdag_operator.py
[2025-01-16T17:57:25.166+0000] {processor.py:914} INFO - Processing file /home/airflow/.local/lib/python3.12/site-packages/airflow/example_dags/example_subdag_operator.py for tasks to queue
[2025-01-16T17:57:25.169+0000] {logging_mixin.py:190} INFO - [2025-01-16T17:57:25.169+0000] {dagbag.py:588} INFO - Filling up the DagBag from /home/airflow/.local/lib/python3.12/site-packages/airflow/example_dags/example_subdag_operator.py
[2025-01-16T17:57:25.216+0000] {processor.py:925} INFO - DAG(s) 'example_subdag_operator.section-1', 'example_subdag_operator.section-2', 'example_subdag_operator' retrieved from /home/airflow/.local/lib/python3.12/site-packages/airflow/example_dags/example_subdag_operator.py
[2025-01-16T17:57:25.396+0000] {logging_mixin.py:190} INFO - [2025-01-16T17:57:25.394+0000] {override.py:1911} INFO - Created Permission View: can edit on DAG:example_subdag_operator
[2025-01-16T17:57:25.418+0000] {logging_mixin.py:190} INFO - [2025-01-16T17:57:25.418+0000] {override.py:1911} INFO - Created Permission View: can read on DAG:example_subdag_operator
[2025-01-16T17:57:25.432+0000] {logging_mixin.py:190} INFO - [2025-01-16T17:57:25.431+0000] {override.py:1911} INFO - Created Permission View: can delete on DAG:example_subdag_operator
[2025-01-16T17:57:25.449+0000] {logging_mixin.py:190} INFO - [2025-01-16T17:57:25.448+0000] {override.py:1911} INFO - Created Permission View: can create on DAG Run:example_subdag_operator
[2025-01-16T17:57:25.465+0000] {logging_mixin.py:190} INFO - [2025-01-16T17:57:25.465+0000] {override.py:1911} INFO - Created Permission View: can delete on DAG Run:example_subdag_operator
[2025-01-16T17:57:25.486+0000] {logging_mixin.py:190} INFO - [2025-01-16T17:57:25.485+0000] {override.py:1911} INFO - Created Permission View: can read on DAG Run:example_subdag_operator
[2025-01-16T17:57:25.501+0000] {logging_mixin.py:190} INFO - [2025-01-16T17:57:25.500+0000] {override.py:1911} INFO - Created Permission View: menu access on DAG Run:example_subdag_operator
[2025-01-16T17:57:25.503+0000] {logging_mixin.py:190} INFO - [2025-01-16T17:57:25.502+0000] {dag.py:3239} INFO - Sync 3 DAGs
[2025-01-16T17:57:25.534+0000] {logging_mixin.py:190} INFO - [2025-01-16T17:57:25.533+0000] {dag.py:3262} INFO - Creating ORM DAG for example_subdag_operator
[2025-01-16T17:57:25.536+0000] {logging_mixin.py:190} INFO - [2025-01-16T17:57:25.536+0000] {dag.py:3262} INFO - Creating ORM DAG for example_subdag_operator.section-2
[2025-01-16T17:57:25.538+0000] {logging_mixin.py:190} INFO - [2025-01-16T17:57:25.537+0000] {dag.py:3262} INFO - Creating ORM DAG for example_subdag_operator.section-1
[2025-01-16T17:57:25.561+0000] {logging_mixin.py:190} INFO - [2025-01-16T17:57:25.560+0000] {dag.py:4180} INFO - Setting next_dagrun for example_subdag_operator to 2022-01-01 00:00:00+00:00, run_after=2022-01-01 00:00:00+00:00
[2025-01-16T17:57:25.562+0000] {logging_mixin.py:190} INFO - [2025-01-16T17:57:25.562+0000] {dag.py:4180} INFO - Setting next_dagrun for example_subdag_operator.section-1 to None, run_after=None
[2025-01-16T17:57:25.564+0000] {logging_mixin.py:190} INFO - [2025-01-16T17:57:25.564+0000] {dag.py:4180} INFO - Setting next_dagrun for example_subdag_operator.section-2 to None, run_after=None
[2025-01-16T17:57:25.583+0000] {logging_mixin.py:190} INFO - [2025-01-16T17:57:25.582+0000] {dag.py:3239} INFO - Sync 2 DAGs
[2025-01-16T17:57:25.593+0000] {logging_mixin.py:190} INFO - [2025-01-16T17:57:25.593+0000] {dag.py:4180} INFO - Setting next_dagrun for example_subdag_operator.section-1 to None, run_after=None
[2025-01-16T17:57:25.600+0000] {logging_mixin.py:190} INFO - [2025-01-16T17:57:25.599+0000] {dag.py:4180} INFO - Setting next_dagrun for example_subdag_operator.section-2 to None, run_after=None
[2025-01-16T17:57:25.623+0000] {processor.py:208} INFO - Processing /home/airflow/.local/lib/python3.12/site-packages/airflow/example_dags/example_subdag_operator.py took 0.469 seconds
[2025-01-16T17:57:56.240+0000] {processor.py:186} INFO - Started process (PID=147) to work on /home/airflow/.local/lib/python3.12/site-packages/airflow/example_dags/example_subdag_operator.py
[2025-01-16T17:57:56.242+0000] {processor.py:914} INFO - Processing file /home/airflow/.local/lib/python3.12/site-packages/airflow/example_dags/example_subdag_operator.py for tasks to queue
[2025-01-16T17:57:56.245+0000] {logging_mixin.py:190} INFO - [2025-01-16T17:57:56.244+0000] {dagbag.py:588} INFO - Filling up the DagBag from /home/airflow/.local/lib/python3.12/site-packages/airflow/example_dags/example_subdag_operator.py
[2025-01-16T17:57:56.273+0000] {processor.py:925} INFO - DAG(s) 'example_subdag_operator.section-1', 'example_subdag_operator.section-2', 'example_subdag_operator' retrieved from /home/airflow/.local/lib/python3.12/site-packages/airflow/example_dags/example_subdag_operator.py
[2025-01-16T17:57:56.290+0000] {logging_mixin.py:190} INFO - [2025-01-16T17:57:56.290+0000] {dag.py:3239} INFO - Sync 3 DAGs
[2025-01-16T17:57:56.327+0000] {logging_mixin.py:190} INFO - [2025-01-16T17:57:56.327+0000] {dag.py:4180} INFO - Setting next_dagrun for example_subdag_operator to 2022-01-01 00:00:00+00:00, run_after=2022-01-01 00:00:00+00:00
[2025-01-16T17:57:56.334+0000] {logging_mixin.py:190} INFO - [2025-01-16T17:57:56.333+0000] {dag.py:4180} INFO - Setting next_dagrun for example_subdag_operator.section-1 to None, run_after=None
[2025-01-16T17:57:56.336+0000] {logging_mixin.py:190} INFO - [2025-01-16T17:57:56.335+0000] {dag.py:4180} INFO - Setting next_dagrun for example_subdag_operator.section-2 to None, run_after=None
[2025-01-16T17:57:56.344+0000] {logging_mixin.py:190} INFO - [2025-01-16T17:57:56.344+0000] {dag.py:3239} INFO - Sync 2 DAGs
[2025-01-16T17:57:56.352+0000] {logging_mixin.py:190} INFO - [2025-01-16T17:57:56.352+0000] {dag.py:4180} INFO - Setting next_dagrun for example_subdag_operator.section-1 to None, run_after=None
[2025-01-16T17:57:56.353+0000] {logging_mixin.py:190} INFO - [2025-01-16T17:57:56.353+0000] {dag.py:4180} INFO - Setting next_dagrun for example_subdag_operator.section-2 to None, run_after=None
[2025-01-16T17:57:56.368+0000] {processor.py:208} INFO - Processing /home/airflow/.local/lib/python3.12/site-packages/airflow/example_dags/example_subdag_operator.py took 0.133 seconds
[2025-01-16T17:58:26.906+0000] {processor.py:186} INFO - Started process (PID=212) to work on /home/airflow/.local/lib/python3.12/site-packages/airflow/example_dags/example_subdag_operator.py
[2025-01-16T17:58:26.907+0000] {processor.py:914} INFO - Processing file /home/airflow/.local/lib/python3.12/site-packages/airflow/example_dags/example_subdag_operator.py for tasks to queue
[2025-01-16T17:58:26.909+0000] {logging_mixin.py:190} INFO - [2025-01-16T17:58:26.908+0000] {dagbag.py:588} INFO - Filling up the DagBag from /home/airflow/.local/lib/python3.12/site-packages/airflow/example_dags/example_subdag_operator.py
[2025-01-16T17:58:26.929+0000] {processor.py:925} INFO - DAG(s) 'example_subdag_operator.section-1', 'example_subdag_operator.section-2', 'example_subdag_operator' retrieved from /home/airflow/.local/lib/python3.12/site-packages/airflow/example_dags/example_subdag_operator.py
[2025-01-16T17:58:26.944+0000] {logging_mixin.py:190} INFO - [2025-01-16T17:58:26.944+0000] {dag.py:3239} INFO - Sync 3 DAGs
[2025-01-16T17:58:26.973+0000] {logging_mixin.py:190} INFO - [2025-01-16T17:58:26.973+0000] {dag.py:4180} INFO - Setting next_dagrun for example_subdag_operator to 2022-01-01 00:00:00+00:00, run_after=2022-01-01 00:00:00+00:00
[2025-01-16T17:58:26.983+0000] {logging_mixin.py:190} INFO - [2025-01-16T17:58:26.978+0000] {dag.py:4180} INFO - Setting next_dagrun for example_subdag_operator.section-1 to None, run_after=None
[2025-01-16T17:58:26.987+0000] {logging_mixin.py:190} INFO - [2025-01-16T17:58:26.987+0000] {dag.py:4180} INFO - Setting next_dagrun for example_subdag_operator.section-2 to None, run_after=None
[2025-01-16T17:58:27.002+0000] {logging_mixin.py:190} INFO - [2025-01-16T17:58:27.001+0000] {dag.py:3239} INFO - Sync 2 DAGs
[2025-01-16T17:58:27.010+0000] {logging_mixin.py:190} INFO - [2025-01-16T17:58:27.010+0000] {dag.py:4180} INFO - Setting next_dagrun for example_subdag_operator.section-1 to None, run_after=None
[2025-01-16T17:58:27.011+0000] {logging_mixin.py:190} INFO - [2025-01-16T17:58:27.011+0000] {dag.py:4180} INFO - Setting next_dagrun for example_subdag_operator.section-2 to None, run_after=None
[2025-01-16T17:58:27.028+0000] {processor.py:208} INFO - Processing /home/airflow/.local/lib/python3.12/site-packages/airflow/example_dags/example_subdag_operator.py took 0.126 seconds
[2025-01-16T17:58:57.271+0000] {processor.py:186} INFO - Started process (PID=277) to work on /home/airflow/.local/lib/python3.12/site-packages/airflow/example_dags/example_subdag_operator.py
[2025-01-16T17:58:57.272+0000] {processor.py:914} INFO - Processing file /home/airflow/.local/lib/python3.12/site-packages/airflow/example_dags/example_subdag_operator.py for tasks to queue
[2025-01-16T17:58:57.274+0000] {logging_mixin.py:190} INFO - [2025-01-16T17:58:57.274+0000] {dagbag.py:588} INFO - Filling up the DagBag from /home/airflow/.local/lib/python3.12/site-packages/airflow/example_dags/example_subdag_operator.py
[2025-01-16T17:58:57.310+0000] {processor.py:925} INFO - DAG(s) 'example_subdag_operator.section-1', 'example_subdag_operator.section-2', 'example_subdag_operator' retrieved from /home/airflow/.local/lib/python3.12/site-packages/airflow/example_dags/example_subdag_operator.py
[2025-01-16T17:58:57.326+0000] {logging_mixin.py:190} INFO - [2025-01-16T17:58:57.326+0000] {dag.py:3239} INFO - Sync 3 DAGs
[2025-01-16T17:58:57.355+0000] {logging_mixin.py:190} INFO - [2025-01-16T17:58:57.355+0000] {dag.py:4180} INFO - Setting next_dagrun for example_subdag_operator to 2022-01-01 00:00:00+00:00, run_after=2022-01-01 00:00:00+00:00
[2025-01-16T17:58:57.361+0000] {logging_mixin.py:190} INFO - [2025-01-16T17:58:57.361+0000] {dag.py:4180} INFO - Setting next_dagrun for example_subdag_operator.section-1 to None, run_after=None
[2025-01-16T17:58:57.363+0000] {logging_mixin.py:190} INFO - [2025-01-16T17:58:57.363+0000] {dag.py:4180} INFO - Setting next_dagrun for example_subdag_operator.section-2 to None, run_after=None
[2025-01-16T17:58:57.373+0000] {logging_mixin.py:190} INFO - [2025-01-16T17:58:57.373+0000] {dag.py:3239} INFO - Sync 2 DAGs
[2025-01-16T17:58:57.380+0000] {logging_mixin.py:190} INFO - [2025-01-16T17:58:57.379+0000] {dag.py:4180} INFO - Setting next_dagrun for example_subdag_operator.section-1 to None, run_after=None
[2025-01-16T17:58:57.380+0000] {logging_mixin.py:190} INFO - [2025-01-16T17:58:57.380+0000] {dag.py:4180} INFO - Setting next_dagrun for example_subdag_operator.section-2 to None, run_after=None
[2025-01-16T17:58:57.395+0000] {processor.py:208} INFO - Processing /home/airflow/.local/lib/python3.12/site-packages/airflow/example_dags/example_subdag_operator.py took 0.131 seconds
[2025-01-16T17:59:27.612+0000] {processor.py:186} INFO - Started process (PID=342) to work on /home/airflow/.local/lib/python3.12/site-packages/airflow/example_dags/example_subdag_operator.py
[2025-01-16T17:59:27.614+0000] {processor.py:914} INFO - Processing file /home/airflow/.local/lib/python3.12/site-packages/airflow/example_dags/example_subdag_operator.py for tasks to queue
[2025-01-16T17:59:27.620+0000] {logging_mixin.py:190} INFO - [2025-01-16T17:59:27.619+0000] {dagbag.py:588} INFO - Filling up the DagBag from /home/airflow/.local/lib/python3.12/site-packages/airflow/example_dags/example_subdag_operator.py
[2025-01-16T17:59:27.670+0000] {processor.py:925} INFO - DAG(s) 'example_subdag_operator.section-1', 'example_subdag_operator.section-2', 'example_subdag_operator' retrieved from /home/airflow/.local/lib/python3.12/site-packages/airflow/example_dags/example_subdag_operator.py
[2025-01-16T17:59:27.701+0000] {logging_mixin.py:190} INFO - [2025-01-16T17:59:27.700+0000] {dag.py:3239} INFO - Sync 3 DAGs
[2025-01-16T17:59:27.747+0000] {logging_mixin.py:190} INFO - [2025-01-16T17:59:27.746+0000] {dag.py:4180} INFO - Setting next_dagrun for example_subdag_operator to 2022-01-01 00:00:00+00:00, run_after=2022-01-01 00:00:00+00:00
[2025-01-16T17:59:27.755+0000] {logging_mixin.py:190} INFO - [2025-01-16T17:59:27.755+0000] {dag.py:4180} INFO - Setting next_dagrun for example_subdag_operator.section-1 to None, run_after=None
[2025-01-16T17:59:27.759+0000] {logging_mixin.py:190} INFO - [2025-01-16T17:59:27.759+0000] {dag.py:4180} INFO - Setting next_dagrun for example_subdag_operator.section-2 to None, run_after=None
[2025-01-16T17:59:27.772+0000] {logging_mixin.py:190} INFO - [2025-01-16T17:59:27.771+0000] {dag.py:3239} INFO - Sync 2 DAGs
[2025-01-16T17:59:27.782+0000] {logging_mixin.py:190} INFO - [2025-01-16T17:59:27.782+0000] {dag.py:4180} INFO - Setting next_dagrun for example_subdag_operator.section-1 to None, run_after=None
[2025-01-16T17:59:27.785+0000] {logging_mixin.py:190} INFO - [2025-01-16T17:59:27.785+0000] {dag.py:4180} INFO - Setting next_dagrun for example_subdag_operator.section-2 to None, run_after=None
[2025-01-16T17:59:27.814+0000] {processor.py:208} INFO - Processing /home/airflow/.local/lib/python3.12/site-packages/airflow/example_dags/example_subdag_operator.py took 0.211 seconds
[2025-01-16T17:59:58.075+0000] {processor.py:186} INFO - Started process (PID=408) to work on /home/airflow/.local/lib/python3.12/site-packages/airflow/example_dags/example_subdag_operator.py
[2025-01-16T17:59:58.076+0000] {processor.py:914} INFO - Processing file /home/airflow/.local/lib/python3.12/site-packages/airflow/example_dags/example_subdag_operator.py for tasks to queue
[2025-01-16T17:59:58.078+0000] {logging_mixin.py:190} INFO - [2025-01-16T17:59:58.078+0000] {dagbag.py:588} INFO - Filling up the DagBag from /home/airflow/.local/lib/python3.12/site-packages/airflow/example_dags/example_subdag_operator.py
[2025-01-16T17:59:58.105+0000] {processor.py:925} INFO - DAG(s) 'example_subdag_operator.section-1', 'example_subdag_operator.section-2', 'example_subdag_operator' retrieved from /home/airflow/.local/lib/python3.12/site-packages/airflow/example_dags/example_subdag_operator.py
[2025-01-16T17:59:58.119+0000] {logging_mixin.py:190} INFO - [2025-01-16T17:59:58.119+0000] {dag.py:3239} INFO - Sync 3 DAGs
[2025-01-16T17:59:58.141+0000] {logging_mixin.py:190} INFO - [2025-01-16T17:59:58.141+0000] {dag.py:4180} INFO - Setting next_dagrun for example_subdag_operator to 2022-01-01 00:00:00+00:00, run_after=2022-01-01 00:00:00+00:00
[2025-01-16T17:59:58.145+0000] {logging_mixin.py:190} INFO - [2025-01-16T17:59:58.145+0000] {dag.py:4180} INFO - Setting next_dagrun for example_subdag_operator.section-1 to None, run_after=None
[2025-01-16T17:59:58.147+0000] {logging_mixin.py:190} INFO - [2025-01-16T17:59:58.147+0000] {dag.py:4180} INFO - Setting next_dagrun for example_subdag_operator.section-2 to None, run_after=None
[2025-01-16T17:59:58.157+0000] {logging_mixin.py:190} INFO - [2025-01-16T17:59:58.156+0000] {dag.py:3239} INFO - Sync 2 DAGs
[2025-01-16T17:59:58.161+0000] {logging_mixin.py:190} INFO - [2025-01-16T17:59:58.161+0000] {dag.py:4180} INFO - Setting next_dagrun for example_subdag_operator.section-1 to None, run_after=None
[2025-01-16T17:59:58.162+0000] {logging_mixin.py:190} INFO - [2025-01-16T17:59:58.162+0000] {dag.py:4180} INFO - Setting next_dagrun for example_subdag_operator.section-2 to None, run_after=None
[2025-01-16T17:59:58.175+0000] {processor.py:208} INFO - Processing /home/airflow/.local/lib/python3.12/site-packages/airflow/example_dags/example_subdag_operator.py took 0.105 seconds
[2025-01-16T18:00:28.588+0000] {processor.py:186} INFO - Started process (PID=472) to work on /home/airflow/.local/lib/python3.12/site-packages/airflow/example_dags/example_subdag_operator.py
[2025-01-16T18:00:28.589+0000] {processor.py:914} INFO - Processing file /home/airflow/.local/lib/python3.12/site-packages/airflow/example_dags/example_subdag_operator.py for tasks to queue
[2025-01-16T18:00:28.591+0000] {logging_mixin.py:190} INFO - [2025-01-16T18:00:28.591+0000] {dagbag.py:588} INFO - Filling up the DagBag from /home/airflow/.local/lib/python3.12/site-packages/airflow/example_dags/example_subdag_operator.py
[2025-01-16T18:00:28.620+0000] {processor.py:925} INFO - DAG(s) 'example_subdag_operator.section-1', 'example_subdag_operator.section-2', 'example_subdag_operator' retrieved from /home/airflow/.local/lib/python3.12/site-packages/airflow/example_dags/example_subdag_operator.py
[2025-01-16T18:00:28.637+0000] {logging_mixin.py:190} INFO - [2025-01-16T18:00:28.637+0000] {dag.py:3239} INFO - Sync 3 DAGs
[2025-01-16T18:00:28.663+0000] {logging_mixin.py:190} INFO - [2025-01-16T18:00:28.662+0000] {dag.py:4180} INFO - Setting next_dagrun for example_subdag_operator to 2022-01-01 00:00:00+00:00, run_after=2022-01-01 00:00:00+00:00
[2025-01-16T18:00:28.671+0000] {logging_mixin.py:190} INFO - [2025-01-16T18:00:28.670+0000] {dag.py:4180} INFO - Setting next_dagrun for example_subdag_operator.section-1 to None, run_after=None
[2025-01-16T18:00:28.673+0000] {logging_mixin.py:190} INFO - [2025-01-16T18:00:28.673+0000] {dag.py:4180} INFO - Setting next_dagrun for example_subdag_operator.section-2 to None, run_after=None
[2025-01-16T18:00:28.682+0000] {logging_mixin.py:190} INFO - [2025-01-16T18:00:28.682+0000] {dag.py:3239} INFO - Sync 2 DAGs
[2025-01-16T18:00:28.697+0000] {logging_mixin.py:190} INFO - [2025-01-16T18:00:28.696+0000] {dag.py:4180} INFO - Setting next_dagrun for example_subdag_operator.section-1 to None, run_after=None
[2025-01-16T18:00:28.698+0000] {logging_mixin.py:190} INFO - [2025-01-16T18:00:28.698+0000] {dag.py:4180} INFO - Setting next_dagrun for example_subdag_operator.section-2 to None, run_after=None
[2025-01-16T18:00:28.714+0000] {processor.py:208} INFO - Processing /home/airflow/.local/lib/python3.12/site-packages/airflow/example_dags/example_subdag_operator.py took 0.135 seconds
[2025-01-16T18:00:59.418+0000] {processor.py:186} INFO - Started process (PID=537) to work on /home/airflow/.local/lib/python3.12/site-packages/airflow/example_dags/example_subdag_operator.py
[2025-01-16T18:00:59.419+0000] {processor.py:914} INFO - Processing file /home/airflow/.local/lib/python3.12/site-packages/airflow/example_dags/example_subdag_operator.py for tasks to queue
[2025-01-16T18:00:59.422+0000] {logging_mixin.py:190} INFO - [2025-01-16T18:00:59.421+0000] {dagbag.py:588} INFO - Filling up the DagBag from /home/airflow/.local/lib/python3.12/site-packages/airflow/example_dags/example_subdag_operator.py
[2025-01-16T18:00:59.447+0000] {processor.py:925} INFO - DAG(s) 'example_subdag_operator.section-1', 'example_subdag_operator.section-2', 'example_subdag_operator' retrieved from /home/airflow/.local/lib/python3.12/site-packages/airflow/example_dags/example_subdag_operator.py
[2025-01-16T18:00:59.463+0000] {logging_mixin.py:190} INFO - [2025-01-16T18:00:59.463+0000] {dag.py:3239} INFO - Sync 3 DAGs
[2025-01-16T18:00:59.487+0000] {logging_mixin.py:190} INFO - [2025-01-16T18:00:59.487+0000] {dag.py:4180} INFO - Setting next_dagrun for example_subdag_operator to 2022-01-01 00:00:00+00:00, run_after=2022-01-01 00:00:00+00:00
[2025-01-16T18:00:59.492+0000] {logging_mixin.py:190} INFO - [2025-01-16T18:00:59.492+0000] {dag.py:4180} INFO - Setting next_dagrun for example_subdag_operator.section-1 to None, run_after=None
[2025-01-16T18:00:59.494+0000] {logging_mixin.py:190} INFO - [2025-01-16T18:00:59.494+0000] {dag.py:4180} INFO - Setting next_dagrun for example_subdag_operator.section-2 to None, run_after=None
[2025-01-16T18:00:59.503+0000] {logging_mixin.py:190} INFO - [2025-01-16T18:00:59.503+0000] {dag.py:3239} INFO - Sync 2 DAGs
[2025-01-16T18:00:59.510+0000] {logging_mixin.py:190} INFO - [2025-01-16T18:00:59.509+0000] {dag.py:4180} INFO - Setting next_dagrun for example_subdag_operator.section-1 to None, run_after=None
[2025-01-16T18:00:59.510+0000] {logging_mixin.py:190} INFO - [2025-01-16T18:00:59.510+0000] {dag.py:4180} INFO - Setting next_dagrun for example_subdag_operator.section-2 to None, run_after=None
[2025-01-16T18:00:59.524+0000] {processor.py:208} INFO - Processing /home/airflow/.local/lib/python3.12/site-packages/airflow/example_dags/example_subdag_operator.py took 0.112 seconds
[2025-01-16T18:01:29.768+0000] {processor.py:186} INFO - Started process (PID=602) to work on /home/airflow/.local/lib/python3.12/site-packages/airflow/example_dags/example_subdag_operator.py
[2025-01-16T18:01:29.769+0000] {processor.py:914} INFO - Processing file /home/airflow/.local/lib/python3.12/site-packages/airflow/example_dags/example_subdag_operator.py for tasks to queue
[2025-01-16T18:01:29.771+0000] {logging_mixin.py:190} INFO - [2025-01-16T18:01:29.771+0000] {dagbag.py:588} INFO - Filling up the DagBag from /home/airflow/.local/lib/python3.12/site-packages/airflow/example_dags/example_subdag_operator.py
[2025-01-16T18:01:29.794+0000] {processor.py:925} INFO - DAG(s) 'example_subdag_operator.section-1', 'example_subdag_operator.section-2', 'example_subdag_operator' retrieved from /home/airflow/.local/lib/python3.12/site-packages/airflow/example_dags/example_subdag_operator.py
[2025-01-16T18:01:29.808+0000] {logging_mixin.py:190} INFO - [2025-01-16T18:01:29.808+0000] {dag.py:3239} INFO - Sync 3 DAGs
[2025-01-16T18:01:29.832+0000] {logging_mixin.py:190} INFO - [2025-01-16T18:01:29.832+0000] {dag.py:4180} INFO - Setting next_dagrun for example_subdag_operator to 2022-01-01 00:00:00+00:00, run_after=2022-01-01 00:00:00+00:00
[2025-01-16T18:01:29.837+0000] {logging_mixin.py:190} INFO - [2025-01-16T18:01:29.837+0000] {dag.py:4180} INFO - Setting next_dagrun for example_subdag_operator.section-1 to None, run_after=None
[2025-01-16T18:01:29.838+0000] {logging_mixin.py:190} INFO - [2025-01-16T18:01:29.838+0000] {dag.py:4180} INFO - Setting next_dagrun for example_subdag_operator.section-2 to None, run_after=None
[2025-01-16T18:01:29.846+0000] {logging_mixin.py:190} INFO - [2025-01-16T18:01:29.846+0000] {dag.py:3239} INFO - Sync 2 DAGs
[2025-01-16T18:01:29.852+0000] {logging_mixin.py:190} INFO - [2025-01-16T18:01:29.852+0000] {dag.py:4180} INFO - Setting next_dagrun for example_subdag_operator.section-1 to None, run_after=None
[2025-01-16T18:01:29.853+0000] {logging_mixin.py:190} INFO - [2025-01-16T18:01:29.853+0000] {dag.py:4180} INFO - Setting next_dagrun for example_subdag_operator.section-2 to None, run_after=None
[2025-01-16T18:01:29.865+0000] {processor.py:208} INFO - Processing /home/airflow/.local/lib/python3.12/site-packages/airflow/example_dags/example_subdag_operator.py took 0.102 seconds
[2025-01-16T18:02:00.084+0000] {processor.py:186} INFO - Started process (PID=667) to work on /home/airflow/.local/lib/python3.12/site-packages/airflow/example_dags/example_subdag_operator.py
[2025-01-16T18:02:00.086+0000] {processor.py:914} INFO - Processing file /home/airflow/.local/lib/python3.12/site-packages/airflow/example_dags/example_subdag_operator.py for tasks to queue
[2025-01-16T18:02:00.088+0000] {logging_mixin.py:190} INFO - [2025-01-16T18:02:00.088+0000] {dagbag.py:588} INFO - Filling up the DagBag from /home/airflow/.local/lib/python3.12/site-packages/airflow/example_dags/example_subdag_operator.py
[2025-01-16T18:02:00.114+0000] {processor.py:925} INFO - DAG(s) 'example_subdag_operator.section-1', 'example_subdag_operator.section-2', 'example_subdag_operator' retrieved from /home/airflow/.local/lib/python3.12/site-packages/airflow/example_dags/example_subdag_operator.py
[2025-01-16T18:02:00.130+0000] {logging_mixin.py:190} INFO - [2025-01-16T18:02:00.130+0000] {dag.py:3239} INFO - Sync 3 DAGs
[2025-01-16T18:02:00.156+0000] {logging_mixin.py:190} INFO - [2025-01-16T18:02:00.156+0000] {dag.py:4180} INFO - Setting next_dagrun for example_subdag_operator to 2022-01-01 00:00:00+00:00, run_after=2022-01-01 00:00:00+00:00
[2025-01-16T18:02:00.161+0000] {logging_mixin.py:190} INFO - [2025-01-16T18:02:00.161+0000] {dag.py:4180} INFO - Setting next_dagrun for example_subdag_operator.section-1 to None, run_after=None
[2025-01-16T18:02:00.163+0000] {logging_mixin.py:190} INFO - [2025-01-16T18:02:00.163+0000] {dag.py:4180} INFO - Setting next_dagrun for example_subdag_operator.section-2 to None, run_after=None
[2025-01-16T18:02:00.173+0000] {logging_mixin.py:190} INFO - [2025-01-16T18:02:00.173+0000] {dag.py:3239} INFO - Sync 2 DAGs
[2025-01-16T18:02:00.180+0000] {logging_mixin.py:190} INFO - [2025-01-16T18:02:00.180+0000] {dag.py:4180} INFO - Setting next_dagrun for example_subdag_operator.section-1 to None, run_after=None
[2025-01-16T18:02:00.180+0000] {logging_mixin.py:190} INFO - [2025-01-16T18:02:00.180+0000] {dag.py:4180} INFO - Setting next_dagrun for example_subdag_operator.section-2 to None, run_after=None
[2025-01-16T18:02:00.193+0000] {processor.py:208} INFO - Processing /home/airflow/.local/lib/python3.12/site-packages/airflow/example_dags/example_subdag_operator.py took 0.115 seconds
[2025-01-16T18:02:30.880+0000] {processor.py:186} INFO - Started process (PID=733) to work on /home/airflow/.local/lib/python3.12/site-packages/airflow/example_dags/example_subdag_operator.py
[2025-01-16T18:02:30.881+0000] {processor.py:914} INFO - Processing file /home/airflow/.local/lib/python3.12/site-packages/airflow/example_dags/example_subdag_operator.py for tasks to queue
[2025-01-16T18:02:30.884+0000] {logging_mixin.py:190} INFO - [2025-01-16T18:02:30.883+0000] {dagbag.py:588} INFO - Filling up the DagBag from /home/airflow/.local/lib/python3.12/site-packages/airflow/example_dags/example_subdag_operator.py
[2025-01-16T18:02:30.909+0000] {processor.py:925} INFO - DAG(s) 'example_subdag_operator.section-1', 'example_subdag_operator.section-2', 'example_subdag_operator' retrieved from /home/airflow/.local/lib/python3.12/site-packages/airflow/example_dags/example_subdag_operator.py
[2025-01-16T18:02:30.924+0000] {logging_mixin.py:190} INFO - [2025-01-16T18:02:30.924+0000] {dag.py:3239} INFO - Sync 3 DAGs
[2025-01-16T18:02:30.950+0000] {logging_mixin.py:190} INFO - [2025-01-16T18:02:30.949+0000] {dag.py:4180} INFO - Setting next_dagrun for example_subdag_operator to 2022-01-01 00:00:00+00:00, run_after=2022-01-01 00:00:00+00:00
[2025-01-16T18:02:30.955+0000] {logging_mixin.py:190} INFO - [2025-01-16T18:02:30.954+0000] {dag.py:4180} INFO - Setting next_dagrun for example_subdag_operator.section-1 to None, run_after=None
[2025-01-16T18:02:30.957+0000] {logging_mixin.py:190} INFO - [2025-01-16T18:02:30.957+0000] {dag.py:4180} INFO - Setting next_dagrun for example_subdag_operator.section-2 to None, run_after=None
[2025-01-16T18:02:30.965+0000] {logging_mixin.py:190} INFO - [2025-01-16T18:02:30.964+0000] {dag.py:3239} INFO - Sync 2 DAGs
[2025-01-16T18:02:30.974+0000] {logging_mixin.py:190} INFO - [2025-01-16T18:02:30.973+0000] {dag.py:4180} INFO - Setting next_dagrun for example_subdag_operator.section-1 to None, run_after=None
[2025-01-16T18:02:30.975+0000] {logging_mixin.py:190} INFO - [2025-01-16T18:02:30.975+0000] {dag.py:4180} INFO - Setting next_dagrun for example_subdag_operator.section-2 to None, run_after=None
[2025-01-16T18:02:30.989+0000] {processor.py:208} INFO - Processing /home/airflow/.local/lib/python3.12/site-packages/airflow/example_dags/example_subdag_operator.py took 0.114 seconds
[2025-01-16T18:03:01.138+0000] {processor.py:186} INFO - Started process (PID=798) to work on /home/airflow/.local/lib/python3.12/site-packages/airflow/example_dags/example_subdag_operator.py
[2025-01-16T18:03:01.140+0000] {processor.py:914} INFO - Processing file /home/airflow/.local/lib/python3.12/site-packages/airflow/example_dags/example_subdag_operator.py for tasks to queue
[2025-01-16T18:03:01.143+0000] {logging_mixin.py:190} INFO - [2025-01-16T18:03:01.143+0000] {dagbag.py:588} INFO - Filling up the DagBag from /home/airflow/.local/lib/python3.12/site-packages/airflow/example_dags/example_subdag_operator.py
[2025-01-16T18:03:01.176+0000] {processor.py:925} INFO - DAG(s) 'example_subdag_operator.section-1', 'example_subdag_operator.section-2', 'example_subdag_operator' retrieved from /home/airflow/.local/lib/python3.12/site-packages/airflow/example_dags/example_subdag_operator.py
[2025-01-16T18:03:01.195+0000] {logging_mixin.py:190} INFO - [2025-01-16T18:03:01.194+0000] {dag.py:3239} INFO - Sync 3 DAGs
[2025-01-16T18:03:01.216+0000] {logging_mixin.py:190} INFO - [2025-01-16T18:03:01.215+0000] {dag.py:4180} INFO - Setting next_dagrun for example_subdag_operator to 2022-01-01 00:00:00+00:00, run_after=2022-01-01 00:00:00+00:00
[2025-01-16T18:03:01.220+0000] {logging_mixin.py:190} INFO - [2025-01-16T18:03:01.219+0000] {dag.py:4180} INFO - Setting next_dagrun for example_subdag_operator.section-1 to None, run_after=None
[2025-01-16T18:03:01.221+0000] {logging_mixin.py:190} INFO - [2025-01-16T18:03:01.221+0000] {dag.py:4180} INFO - Setting next_dagrun for example_subdag_operator.section-2 to None, run_after=None
[2025-01-16T18:03:01.227+0000] {logging_mixin.py:190} INFO - [2025-01-16T18:03:01.227+0000] {dag.py:3239} INFO - Sync 2 DAGs
[2025-01-16T18:03:01.233+0000] {logging_mixin.py:190} INFO - [2025-01-16T18:03:01.233+0000] {dag.py:4180} INFO - Setting next_dagrun for example_subdag_operator.section-1 to None, run_after=None
[2025-01-16T18:03:01.234+0000] {logging_mixin.py:190} INFO - [2025-01-16T18:03:01.234+0000] {dag.py:4180} INFO - Setting next_dagrun for example_subdag_operator.section-2 to None, run_after=None
[2025-01-16T18:03:01.244+0000] {processor.py:208} INFO - Processing /home/airflow/.local/lib/python3.12/site-packages/airflow/example_dags/example_subdag_operator.py took 0.113 seconds
[2025-01-16T18:03:31.572+0000] {processor.py:186} INFO - Started process (PID=863) to work on /home/airflow/.local/lib/python3.12/site-packages/airflow/example_dags/example_subdag_operator.py
[2025-01-16T18:03:31.573+0000] {processor.py:914} INFO - Processing file /home/airflow/.local/lib/python3.12/site-packages/airflow/example_dags/example_subdag_operator.py for tasks to queue
[2025-01-16T18:03:31.575+0000] {logging_mixin.py:190} INFO - [2025-01-16T18:03:31.575+0000] {dagbag.py:588} INFO - Filling up the DagBag from /home/airflow/.local/lib/python3.12/site-packages/airflow/example_dags/example_subdag_operator.py
[2025-01-16T18:03:31.597+0000] {processor.py:925} INFO - DAG(s) 'example_subdag_operator.section-1', 'example_subdag_operator.section-2', 'example_subdag_operator' retrieved from /home/airflow/.local/lib/python3.12/site-packages/airflow/example_dags/example_subdag_operator.py
[2025-01-16T18:03:31.612+0000] {logging_mixin.py:190} INFO - [2025-01-16T18:03:31.612+0000] {dag.py:3239} INFO - Sync 3 DAGs
[2025-01-16T18:03:31.636+0000] {logging_mixin.py:190} INFO - [2025-01-16T18:03:31.636+0000] {dag.py:4180} INFO - Setting next_dagrun for example_subdag_operator to 2022-01-01 00:00:00+00:00, run_after=2022-01-01 00:00:00+00:00
[2025-01-16T18:03:31.640+0000] {logging_mixin.py:190} INFO - [2025-01-16T18:03:31.640+0000] {dag.py:4180} INFO - Setting next_dagrun for example_subdag_operator.section-1 to None, run_after=None
[2025-01-16T18:03:31.644+0000] {logging_mixin.py:190} INFO - [2025-01-16T18:03:31.643+0000] {dag.py:4180} INFO - Setting next_dagrun for example_subdag_operator.section-2 to None, run_after=None
[2025-01-16T18:03:31.654+0000] {logging_mixin.py:190} INFO - [2025-01-16T18:03:31.654+0000] {dag.py:3239} INFO - Sync 2 DAGs
[2025-01-16T18:03:31.661+0000] {logging_mixin.py:190} INFO - [2025-01-16T18:03:31.661+0000] {dag.py:4180} INFO - Setting next_dagrun for example_subdag_operator.section-1 to None, run_after=None
[2025-01-16T18:03:31.662+0000] {logging_mixin.py:190} INFO - [2025-01-16T18:03:31.661+0000] {dag.py:4180} INFO - Setting next_dagrun for example_subdag_operator.section-2 to None, run_after=None
[2025-01-16T18:03:31.677+0000] {processor.py:208} INFO - Processing /home/airflow/.local/lib/python3.12/site-packages/airflow/example_dags/example_subdag_operator.py took 0.109 seconds
[2025-01-16T18:04:01.977+0000] {processor.py:186} INFO - Started process (PID=928) to work on /home/airflow/.local/lib/python3.12/site-packages/airflow/example_dags/example_subdag_operator.py
[2025-01-16T18:04:01.979+0000] {processor.py:914} INFO - Processing file /home/airflow/.local/lib/python3.12/site-packages/airflow/example_dags/example_subdag_operator.py for tasks to queue
[2025-01-16T18:04:01.982+0000] {logging_mixin.py:190} INFO - [2025-01-16T18:04:01.981+0000] {dagbag.py:588} INFO - Filling up the DagBag from /home/airflow/.local/lib/python3.12/site-packages/airflow/example_dags/example_subdag_operator.py
[2025-01-16T18:04:02.013+0000] {processor.py:925} INFO - DAG(s) 'example_subdag_operator.section-1', 'example_subdag_operator.section-2', 'example_subdag_operator' retrieved from /home/airflow/.local/lib/python3.12/site-packages/airflow/example_dags/example_subdag_operator.py
[2025-01-16T18:04:02.038+0000] {logging_mixin.py:190} INFO - [2025-01-16T18:04:02.038+0000] {dag.py:3239} INFO - Sync 3 DAGs
[2025-01-16T18:04:02.071+0000] {logging_mixin.py:190} INFO - [2025-01-16T18:04:02.071+0000] {dag.py:4180} INFO - Setting next_dagrun for example_subdag_operator to 2022-01-01 00:00:00+00:00, run_after=2022-01-01 00:00:00+00:00
[2025-01-16T18:04:02.080+0000] {logging_mixin.py:190} INFO - [2025-01-16T18:04:02.080+0000] {dag.py:4180} INFO - Setting next_dagrun for example_subdag_operator.section-1 to None, run_after=None
[2025-01-16T18:04:02.083+0000] {logging_mixin.py:190} INFO - [2025-01-16T18:04:02.083+0000] {dag.py:4180} INFO - Setting next_dagrun for example_subdag_operator.section-2 to None, run_after=None
[2025-01-16T18:04:02.097+0000] {logging_mixin.py:190} INFO - [2025-01-16T18:04:02.096+0000] {dag.py:3239} INFO - Sync 2 DAGs
[2025-01-16T18:04:02.108+0000] {logging_mixin.py:190} INFO - [2025-01-16T18:04:02.108+0000] {dag.py:4180} INFO - Setting next_dagrun for example_subdag_operator.section-1 to None, run_after=None
[2025-01-16T18:04:02.109+0000] {logging_mixin.py:190} INFO - [2025-01-16T18:04:02.109+0000] {dag.py:4180} INFO - Setting next_dagrun for example_subdag_operator.section-2 to None, run_after=None
[2025-01-16T18:04:02.144+0000] {processor.py:208} INFO - Processing /home/airflow/.local/lib/python3.12/site-packages/airflow/example_dags/example_subdag_operator.py took 0.173 seconds
[2025-01-16T18:04:32.475+0000] {processor.py:186} INFO - Started process (PID=994) to work on /home/airflow/.local/lib/python3.12/site-packages/airflow/example_dags/example_subdag_operator.py
[2025-01-16T18:04:32.477+0000] {processor.py:914} INFO - Processing file /home/airflow/.local/lib/python3.12/site-packages/airflow/example_dags/example_subdag_operator.py for tasks to queue
[2025-01-16T18:04:32.481+0000] {logging_mixin.py:190} INFO - [2025-01-16T18:04:32.480+0000] {dagbag.py:588} INFO - Filling up the DagBag from /home/airflow/.local/lib/python3.12/site-packages/airflow/example_dags/example_subdag_operator.py
[2025-01-16T18:04:32.517+0000] {processor.py:925} INFO - DAG(s) 'example_subdag_operator.section-1', 'example_subdag_operator.section-2', 'example_subdag_operator' retrieved from /home/airflow/.local/lib/python3.12/site-packages/airflow/example_dags/example_subdag_operator.py
[2025-01-16T18:04:32.551+0000] {logging_mixin.py:190} INFO - [2025-01-16T18:04:32.550+0000] {dag.py:3239} INFO - Sync 3 DAGs
[2025-01-16T18:04:32.586+0000] {logging_mixin.py:190} INFO - [2025-01-16T18:04:32.586+0000] {dag.py:4180} INFO - Setting next_dagrun for example_subdag_operator to 2022-01-01 00:00:00+00:00, run_after=2022-01-01 00:00:00+00:00
[2025-01-16T18:04:32.592+0000] {logging_mixin.py:190} INFO - [2025-01-16T18:04:32.591+0000] {dag.py:4180} INFO - Setting next_dagrun for example_subdag_operator.section-1 to None, run_after=None
[2025-01-16T18:04:32.595+0000] {logging_mixin.py:190} INFO - [2025-01-16T18:04:32.594+0000] {dag.py:4180} INFO - Setting next_dagrun for example_subdag_operator.section-2 to None, run_after=None
[2025-01-16T18:04:32.606+0000] {logging_mixin.py:190} INFO - [2025-01-16T18:04:32.606+0000] {dag.py:3239} INFO - Sync 2 DAGs
[2025-01-16T18:04:32.616+0000] {logging_mixin.py:190} INFO - [2025-01-16T18:04:32.615+0000] {dag.py:4180} INFO - Setting next_dagrun for example_subdag_operator.section-1 to None, run_after=None
[2025-01-16T18:04:32.617+0000] {logging_mixin.py:190} INFO - [2025-01-16T18:04:32.616+0000] {dag.py:4180} INFO - Setting next_dagrun for example_subdag_operator.section-2 to None, run_after=None
[2025-01-16T18:04:32.633+0000] {processor.py:208} INFO - Processing /home/airflow/.local/lib/python3.12/site-packages/airflow/example_dags/example_subdag_operator.py took 0.165 seconds
[2025-01-16T18:05:03.080+0000] {processor.py:186} INFO - Started process (PID=1058) to work on /home/airflow/.local/lib/python3.12/site-packages/airflow/example_dags/example_subdag_operator.py
[2025-01-16T18:05:03.082+0000] {processor.py:914} INFO - Processing file /home/airflow/.local/lib/python3.12/site-packages/airflow/example_dags/example_subdag_operator.py for tasks to queue
[2025-01-16T18:05:03.086+0000] {logging_mixin.py:190} INFO - [2025-01-16T18:05:03.085+0000] {dagbag.py:588} INFO - Filling up the DagBag from /home/airflow/.local/lib/python3.12/site-packages/airflow/example_dags/example_subdag_operator.py
[2025-01-16T18:05:03.112+0000] {processor.py:925} INFO - DAG(s) 'example_subdag_operator.section-1', 'example_subdag_operator.section-2', 'example_subdag_operator' retrieved from /home/airflow/.local/lib/python3.12/site-packages/airflow/example_dags/example_subdag_operator.py
[2025-01-16T18:05:03.129+0000] {logging_mixin.py:190} INFO - [2025-01-16T18:05:03.128+0000] {dag.py:3239} INFO - Sync 3 DAGs
[2025-01-16T18:05:03.157+0000] {logging_mixin.py:190} INFO - [2025-01-16T18:05:03.156+0000] {dag.py:4180} INFO - Setting next_dagrun for example_subdag_operator to 2022-01-01 00:00:00+00:00, run_after=2022-01-01 00:00:00+00:00
[2025-01-16T18:05:03.162+0000] {logging_mixin.py:190} INFO - [2025-01-16T18:05:03.162+0000] {dag.py:4180} INFO - Setting next_dagrun for example_subdag_operator.section-1 to None, run_after=None
[2025-01-16T18:05:03.166+0000] {logging_mixin.py:190} INFO - [2025-01-16T18:05:03.166+0000] {dag.py:4180} INFO - Setting next_dagrun for example_subdag_operator.section-2 to None, run_after=None
[2025-01-16T18:05:03.173+0000] {logging_mixin.py:190} INFO - [2025-01-16T18:05:03.173+0000] {dag.py:3239} INFO - Sync 2 DAGs
[2025-01-16T18:05:03.179+0000] {logging_mixin.py:190} INFO - [2025-01-16T18:05:03.179+0000] {dag.py:4180} INFO - Setting next_dagrun for example_subdag_operator.section-1 to None, run_after=None
[2025-01-16T18:05:03.180+0000] {logging_mixin.py:190} INFO - [2025-01-16T18:05:03.180+0000] {dag.py:4180} INFO - Setting next_dagrun for example_subdag_operator.section-2 to None, run_after=None
[2025-01-16T18:05:03.194+0000] {processor.py:208} INFO - Processing /home/airflow/.local/lib/python3.12/site-packages/airflow/example_dags/example_subdag_operator.py took 0.120 seconds
[2025-01-16T18:05:33.593+0000] {processor.py:186} INFO - Started process (PID=1123) to work on /home/airflow/.local/lib/python3.12/site-packages/airflow/example_dags/example_subdag_operator.py
[2025-01-16T18:05:33.594+0000] {processor.py:914} INFO - Processing file /home/airflow/.local/lib/python3.12/site-packages/airflow/example_dags/example_subdag_operator.py for tasks to queue
[2025-01-16T18:05:33.597+0000] {logging_mixin.py:190} INFO - [2025-01-16T18:05:33.596+0000] {dagbag.py:588} INFO - Filling up the DagBag from /home/airflow/.local/lib/python3.12/site-packages/airflow/example_dags/example_subdag_operator.py
[2025-01-16T18:05:33.622+0000] {processor.py:925} INFO - DAG(s) 'example_subdag_operator.section-1', 'example_subdag_operator.section-2', 'example_subdag_operator' retrieved from /home/airflow/.local/lib/python3.12/site-packages/airflow/example_dags/example_subdag_operator.py
[2025-01-16T18:05:33.638+0000] {logging_mixin.py:190} INFO - [2025-01-16T18:05:33.638+0000] {dag.py:3239} INFO - Sync 3 DAGs
[2025-01-16T18:05:33.658+0000] {logging_mixin.py:190} INFO - [2025-01-16T18:05:33.658+0000] {dag.py:4180} INFO - Setting next_dagrun for example_subdag_operator to 2022-01-01 00:00:00+00:00, run_after=2022-01-01 00:00:00+00:00
[2025-01-16T18:05:33.662+0000] {logging_mixin.py:190} INFO - [2025-01-16T18:05:33.662+0000] {dag.py:4180} INFO - Setting next_dagrun for example_subdag_operator.section-1 to None, run_after=None
[2025-01-16T18:05:33.664+0000] {logging_mixin.py:190} INFO - [2025-01-16T18:05:33.664+0000] {dag.py:4180} INFO - Setting next_dagrun for example_subdag_operator.section-2 to None, run_after=None
[2025-01-16T18:05:33.672+0000] {logging_mixin.py:190} INFO - [2025-01-16T18:05:33.672+0000] {dag.py:3239} INFO - Sync 2 DAGs
[2025-01-16T18:05:33.678+0000] {logging_mixin.py:190} INFO - [2025-01-16T18:05:33.678+0000] {dag.py:4180} INFO - Setting next_dagrun for example_subdag_operator.section-1 to None, run_after=None
[2025-01-16T18:05:33.679+0000] {logging_mixin.py:190} INFO - [2025-01-16T18:05:33.678+0000] {dag.py:4180} INFO - Setting next_dagrun for example_subdag_operator.section-2 to None, run_after=None
[2025-01-16T18:05:33.691+0000] {processor.py:208} INFO - Processing /home/airflow/.local/lib/python3.12/site-packages/airflow/example_dags/example_subdag_operator.py took 0.103 seconds
[2025-01-16T18:06:04.505+0000] {processor.py:186} INFO - Started process (PID=1188) to work on /home/airflow/.local/lib/python3.12/site-packages/airflow/example_dags/example_subdag_operator.py
[2025-01-16T18:06:04.511+0000] {processor.py:914} INFO - Processing file /home/airflow/.local/lib/python3.12/site-packages/airflow/example_dags/example_subdag_operator.py for tasks to queue
[2025-01-16T18:06:04.516+0000] {logging_mixin.py:190} INFO - [2025-01-16T18:06:04.516+0000] {dagbag.py:588} INFO - Filling up the DagBag from /home/airflow/.local/lib/python3.12/site-packages/airflow/example_dags/example_subdag_operator.py
[2025-01-16T18:06:04.566+0000] {processor.py:925} INFO - DAG(s) 'example_subdag_operator.section-1', 'example_subdag_operator.section-2', 'example_subdag_operator' retrieved from /home/airflow/.local/lib/python3.12/site-packages/airflow/example_dags/example_subdag_operator.py
[2025-01-16T18:06:04.600+0000] {logging_mixin.py:190} INFO - [2025-01-16T18:06:04.600+0000] {dag.py:3239} INFO - Sync 3 DAGs
[2025-01-16T18:06:04.641+0000] {logging_mixin.py:190} INFO - [2025-01-16T18:06:04.640+0000] {dag.py:4180} INFO - Setting next_dagrun for example_subdag_operator to 2022-01-01 00:00:00+00:00, run_after=2022-01-01 00:00:00+00:00
[2025-01-16T18:06:04.649+0000] {logging_mixin.py:190} INFO - [2025-01-16T18:06:04.648+0000] {dag.py:4180} INFO - Setting next_dagrun for example_subdag_operator.section-1 to None, run_after=None
[2025-01-16T18:06:04.652+0000] {logging_mixin.py:190} INFO - [2025-01-16T18:06:04.651+0000] {dag.py:4180} INFO - Setting next_dagrun for example_subdag_operator.section-2 to None, run_after=None
[2025-01-16T18:06:04.665+0000] {logging_mixin.py:190} INFO - [2025-01-16T18:06:04.665+0000] {dag.py:3239} INFO - Sync 2 DAGs
[2025-01-16T18:06:04.686+0000] {logging_mixin.py:190} INFO - [2025-01-16T18:06:04.686+0000] {dag.py:4180} INFO - Setting next_dagrun for example_subdag_operator.section-1 to None, run_after=None
[2025-01-16T18:06:04.689+0000] {logging_mixin.py:190} INFO - [2025-01-16T18:06:04.689+0000] {dag.py:4180} INFO - Setting next_dagrun for example_subdag_operator.section-2 to None, run_after=None
[2025-01-16T18:06:04.713+0000] {processor.py:208} INFO - Processing /home/airflow/.local/lib/python3.12/site-packages/airflow/example_dags/example_subdag_operator.py took 0.218 seconds
[2025-01-16T18:06:35.010+0000] {processor.py:186} INFO - Started process (PID=1252) to work on /home/airflow/.local/lib/python3.12/site-packages/airflow/example_dags/example_subdag_operator.py
[2025-01-16T18:06:35.012+0000] {processor.py:914} INFO - Processing file /home/airflow/.local/lib/python3.12/site-packages/airflow/example_dags/example_subdag_operator.py for tasks to queue
[2025-01-16T18:06:35.015+0000] {logging_mixin.py:190} INFO - [2025-01-16T18:06:35.014+0000] {dagbag.py:588} INFO - Filling up the DagBag from /home/airflow/.local/lib/python3.12/site-packages/airflow/example_dags/example_subdag_operator.py
[2025-01-16T18:06:35.039+0000] {processor.py:925} INFO - DAG(s) 'example_subdag_operator.section-1', 'example_subdag_operator.section-2', 'example_subdag_operator' retrieved from /home/airflow/.local/lib/python3.12/site-packages/airflow/example_dags/example_subdag_operator.py
[2025-01-16T18:06:35.057+0000] {logging_mixin.py:190} INFO - [2025-01-16T18:06:35.057+0000] {dag.py:3239} INFO - Sync 3 DAGs
[2025-01-16T18:06:35.084+0000] {logging_mixin.py:190} INFO - [2025-01-16T18:06:35.084+0000] {dag.py:4180} INFO - Setting next_dagrun for example_subdag_operator to 2022-01-01 00:00:00+00:00, run_after=2022-01-01 00:00:00+00:00
[2025-01-16T18:06:35.091+0000] {logging_mixin.py:190} INFO - [2025-01-16T18:06:35.091+0000] {dag.py:4180} INFO - Setting next_dagrun for example_subdag_operator.section-1 to None, run_after=None
[2025-01-16T18:06:35.095+0000] {logging_mixin.py:190} INFO - [2025-01-16T18:06:35.095+0000] {dag.py:4180} INFO - Setting next_dagrun for example_subdag_operator.section-2 to None, run_after=None
[2025-01-16T18:06:35.104+0000] {logging_mixin.py:190} INFO - [2025-01-16T18:06:35.104+0000] {dag.py:3239} INFO - Sync 2 DAGs
[2025-01-16T18:06:35.114+0000] {logging_mixin.py:190} INFO - [2025-01-16T18:06:35.113+0000] {dag.py:4180} INFO - Setting next_dagrun for example_subdag_operator.section-1 to None, run_after=None
[2025-01-16T18:06:35.115+0000] {logging_mixin.py:190} INFO - [2025-01-16T18:06:35.114+0000] {dag.py:4180} INFO - Setting next_dagrun for example_subdag_operator.section-2 to None, run_after=None
[2025-01-16T18:06:35.137+0000] {processor.py:208} INFO - Processing /home/airflow/.local/lib/python3.12/site-packages/airflow/example_dags/example_subdag_operator.py took 0.133 seconds
