[2025-01-16T17:57:26.649+0000] {processor.py:186} INFO - Started process (PID=87) to work on /home/airflow/.local/lib/python3.12/site-packages/airflow/example_dags/example_dataset_alias.py
[2025-01-16T17:57:26.653+0000] {processor.py:914} INFO - Processing file /home/airflow/.local/lib/python3.12/site-packages/airflow/example_dags/example_dataset_alias.py for tasks to queue
[2025-01-16T17:57:26.659+0000] {logging_mixin.py:190} INFO - [2025-01-16T17:57:26.659+0000] {dagbag.py:588} INFO - Filling up the DagBag from /home/airflow/.local/lib/python3.12/site-packages/airflow/example_dags/example_dataset_alias.py
[2025-01-16T17:57:29.797+0000] {processor.py:925} INFO - DAG(s) 'dataset_s3_bucket_producer', 'dataset_s3_bucket_consumer', 'dataset_alias_example_alias_producer', 'dataset_alias_example_alias_consumer' retrieved from /home/airflow/.local/lib/python3.12/site-packages/airflow/example_dags/example_dataset_alias.py
[2025-01-16T17:57:30.029+0000] {logging_mixin.py:190} INFO - [2025-01-16T17:57:30.028+0000] {override.py:1911} INFO - Created Permission View: can edit on DAG:dataset_s3_bucket_producer
[2025-01-16T17:57:30.046+0000] {logging_mixin.py:190} INFO - [2025-01-16T17:57:30.046+0000] {override.py:1911} INFO - Created Permission View: can read on DAG:dataset_s3_bucket_producer
[2025-01-16T17:57:30.060+0000] {logging_mixin.py:190} INFO - [2025-01-16T17:57:30.059+0000] {override.py:1911} INFO - Created Permission View: can delete on DAG:dataset_s3_bucket_producer
[2025-01-16T17:57:30.074+0000] {logging_mixin.py:190} INFO - [2025-01-16T17:57:30.074+0000] {override.py:1911} INFO - Created Permission View: can create on DAG Run:dataset_s3_bucket_producer
[2025-01-16T17:57:30.084+0000] {logging_mixin.py:190} INFO - [2025-01-16T17:57:30.083+0000] {override.py:1911} INFO - Created Permission View: can delete on DAG Run:dataset_s3_bucket_producer
[2025-01-16T17:57:30.096+0000] {logging_mixin.py:190} INFO - [2025-01-16T17:57:30.096+0000] {override.py:1911} INFO - Created Permission View: can read on DAG Run:dataset_s3_bucket_producer
[2025-01-16T17:57:30.109+0000] {logging_mixin.py:190} INFO - [2025-01-16T17:57:30.109+0000] {override.py:1911} INFO - Created Permission View: menu access on DAG Run:dataset_s3_bucket_producer
[2025-01-16T17:57:30.129+0000] {logging_mixin.py:190} INFO - [2025-01-16T17:57:30.129+0000] {override.py:1911} INFO - Created Permission View: can edit on DAG:dataset_s3_bucket_consumer
[2025-01-16T17:57:30.142+0000] {logging_mixin.py:190} INFO - [2025-01-16T17:57:30.141+0000] {override.py:1911} INFO - Created Permission View: can read on DAG:dataset_s3_bucket_consumer
[2025-01-16T17:57:30.158+0000] {logging_mixin.py:190} INFO - [2025-01-16T17:57:30.157+0000] {override.py:1911} INFO - Created Permission View: can delete on DAG:dataset_s3_bucket_consumer
[2025-01-16T17:57:30.168+0000] {logging_mixin.py:190} INFO - [2025-01-16T17:57:30.167+0000] {override.py:1911} INFO - Created Permission View: can create on DAG Run:dataset_s3_bucket_consumer
[2025-01-16T17:57:30.178+0000] {logging_mixin.py:190} INFO - [2025-01-16T17:57:30.178+0000] {override.py:1911} INFO - Created Permission View: can delete on DAG Run:dataset_s3_bucket_consumer
[2025-01-16T17:57:30.188+0000] {logging_mixin.py:190} INFO - [2025-01-16T17:57:30.188+0000] {override.py:1911} INFO - Created Permission View: can read on DAG Run:dataset_s3_bucket_consumer
[2025-01-16T17:57:30.197+0000] {logging_mixin.py:190} INFO - [2025-01-16T17:57:30.197+0000] {override.py:1911} INFO - Created Permission View: menu access on DAG Run:dataset_s3_bucket_consumer
[2025-01-16T17:57:30.217+0000] {logging_mixin.py:190} INFO - [2025-01-16T17:57:30.217+0000] {override.py:1911} INFO - Created Permission View: can edit on DAG:dataset_alias_example_alias_producer
[2025-01-16T17:57:30.228+0000] {logging_mixin.py:190} INFO - [2025-01-16T17:57:30.228+0000] {override.py:1911} INFO - Created Permission View: can read on DAG:dataset_alias_example_alias_producer
[2025-01-16T17:57:30.239+0000] {logging_mixin.py:190} INFO - [2025-01-16T17:57:30.239+0000] {override.py:1911} INFO - Created Permission View: can delete on DAG:dataset_alias_example_alias_producer
[2025-01-16T17:57:30.249+0000] {logging_mixin.py:190} INFO - [2025-01-16T17:57:30.248+0000] {override.py:1911} INFO - Created Permission View: can create on DAG Run:dataset_alias_example_alias_producer
[2025-01-16T17:57:30.260+0000] {logging_mixin.py:190} INFO - [2025-01-16T17:57:30.259+0000] {override.py:1911} INFO - Created Permission View: can delete on DAG Run:dataset_alias_example_alias_producer
[2025-01-16T17:57:30.271+0000] {logging_mixin.py:190} INFO - [2025-01-16T17:57:30.270+0000] {override.py:1911} INFO - Created Permission View: can read on DAG Run:dataset_alias_example_alias_producer
[2025-01-16T17:57:30.280+0000] {logging_mixin.py:190} INFO - [2025-01-16T17:57:30.279+0000] {override.py:1911} INFO - Created Permission View: menu access on DAG Run:dataset_alias_example_alias_producer
[2025-01-16T17:57:30.297+0000] {logging_mixin.py:190} INFO - [2025-01-16T17:57:30.297+0000] {override.py:1911} INFO - Created Permission View: can edit on DAG:dataset_alias_example_alias_consumer
[2025-01-16T17:57:30.309+0000] {logging_mixin.py:190} INFO - [2025-01-16T17:57:30.308+0000] {override.py:1911} INFO - Created Permission View: can read on DAG:dataset_alias_example_alias_consumer
[2025-01-16T17:57:30.321+0000] {logging_mixin.py:190} INFO - [2025-01-16T17:57:30.320+0000] {override.py:1911} INFO - Created Permission View: can delete on DAG:dataset_alias_example_alias_consumer
[2025-01-16T17:57:30.332+0000] {logging_mixin.py:190} INFO - [2025-01-16T17:57:30.332+0000] {override.py:1911} INFO - Created Permission View: can create on DAG Run:dataset_alias_example_alias_consumer
[2025-01-16T17:57:30.345+0000] {logging_mixin.py:190} INFO - [2025-01-16T17:57:30.345+0000] {override.py:1911} INFO - Created Permission View: can delete on DAG Run:dataset_alias_example_alias_consumer
[2025-01-16T17:57:30.361+0000] {logging_mixin.py:190} INFO - [2025-01-16T17:57:30.361+0000] {override.py:1911} INFO - Created Permission View: can read on DAG Run:dataset_alias_example_alias_consumer
[2025-01-16T17:57:30.374+0000] {logging_mixin.py:190} INFO - [2025-01-16T17:57:30.374+0000] {override.py:1911} INFO - Created Permission View: menu access on DAG Run:dataset_alias_example_alias_consumer
[2025-01-16T17:57:30.376+0000] {logging_mixin.py:190} INFO - [2025-01-16T17:57:30.375+0000] {dag.py:3239} INFO - Sync 4 DAGs
[2025-01-16T17:57:30.398+0000] {logging_mixin.py:190} INFO - [2025-01-16T17:57:30.398+0000] {dag.py:3262} INFO - Creating ORM DAG for dataset_s3_bucket_producer
[2025-01-16T17:57:30.401+0000] {logging_mixin.py:190} INFO - [2025-01-16T17:57:30.400+0000] {dag.py:3262} INFO - Creating ORM DAG for dataset_alias_example_alias_consumer
[2025-01-16T17:57:30.405+0000] {logging_mixin.py:190} INFO - [2025-01-16T17:57:30.404+0000] {dag.py:3262} INFO - Creating ORM DAG for dataset_alias_example_alias_producer
[2025-01-16T17:57:30.406+0000] {logging_mixin.py:190} INFO - [2025-01-16T17:57:30.406+0000] {dag.py:3262} INFO - Creating ORM DAG for dataset_s3_bucket_consumer
[2025-01-16T17:57:30.426+0000] {logging_mixin.py:190} INFO - [2025-01-16T17:57:30.426+0000] {dag.py:4180} INFO - Setting next_dagrun for dataset_alias_example_alias_consumer to None, run_after=None
[2025-01-16T17:57:30.428+0000] {logging_mixin.py:190} INFO - [2025-01-16T17:57:30.427+0000] {dag.py:4180} INFO - Setting next_dagrun for dataset_alias_example_alias_producer to None, run_after=None
[2025-01-16T17:57:30.429+0000] {logging_mixin.py:190} INFO - [2025-01-16T17:57:30.428+0000] {dag.py:4180} INFO - Setting next_dagrun for dataset_s3_bucket_consumer to None, run_after=None
[2025-01-16T17:57:30.429+0000] {logging_mixin.py:190} INFO - [2025-01-16T17:57:30.429+0000] {dag.py:4180} INFO - Setting next_dagrun for dataset_s3_bucket_producer to None, run_after=None
[2025-01-16T17:57:30.494+0000] {processor.py:208} INFO - Processing /home/airflow/.local/lib/python3.12/site-packages/airflow/example_dags/example_dataset_alias.py took 3.859 seconds
[2025-01-16T17:58:01.070+0000] {processor.py:186} INFO - Started process (PID=160) to work on /home/airflow/.local/lib/python3.12/site-packages/airflow/example_dags/example_dataset_alias.py
[2025-01-16T17:58:01.072+0000] {processor.py:914} INFO - Processing file /home/airflow/.local/lib/python3.12/site-packages/airflow/example_dags/example_dataset_alias.py for tasks to queue
[2025-01-16T17:58:01.076+0000] {logging_mixin.py:190} INFO - [2025-01-16T17:58:01.076+0000] {dagbag.py:588} INFO - Filling up the DagBag from /home/airflow/.local/lib/python3.12/site-packages/airflow/example_dags/example_dataset_alias.py
[2025-01-16T17:58:02.044+0000] {processor.py:925} INFO - DAG(s) 'dataset_s3_bucket_consumer', 'dataset_s3_bucket_producer', 'dataset_alias_example_alias_consumer', 'dataset_alias_example_alias_producer' retrieved from /home/airflow/.local/lib/python3.12/site-packages/airflow/example_dags/example_dataset_alias.py
[2025-01-16T17:58:02.072+0000] {logging_mixin.py:190} INFO - [2025-01-16T17:58:02.071+0000] {dag.py:3239} INFO - Sync 4 DAGs
[2025-01-16T17:58:02.101+0000] {logging_mixin.py:190} INFO - [2025-01-16T17:58:02.101+0000] {dag.py:4180} INFO - Setting next_dagrun for dataset_alias_example_alias_consumer to None, run_after=None
[2025-01-16T17:58:02.106+0000] {logging_mixin.py:190} INFO - [2025-01-16T17:58:02.106+0000] {dag.py:4180} INFO - Setting next_dagrun for dataset_alias_example_alias_producer to None, run_after=None
[2025-01-16T17:58:02.108+0000] {logging_mixin.py:190} INFO - [2025-01-16T17:58:02.108+0000] {dag.py:4180} INFO - Setting next_dagrun for dataset_s3_bucket_consumer to None, run_after=None
[2025-01-16T17:58:02.110+0000] {logging_mixin.py:190} INFO - [2025-01-16T17:58:02.110+0000] {dag.py:4180} INFO - Setting next_dagrun for dataset_s3_bucket_producer to None, run_after=None
[2025-01-16T17:58:02.159+0000] {processor.py:208} INFO - Processing /home/airflow/.local/lib/python3.12/site-packages/airflow/example_dags/example_dataset_alias.py took 1.097 seconds
[2025-01-16T17:58:32.772+0000] {processor.py:186} INFO - Started process (PID=226) to work on /home/airflow/.local/lib/python3.12/site-packages/airflow/example_dags/example_dataset_alias.py
[2025-01-16T17:58:32.775+0000] {processor.py:914} INFO - Processing file /home/airflow/.local/lib/python3.12/site-packages/airflow/example_dags/example_dataset_alias.py for tasks to queue
[2025-01-16T17:58:32.786+0000] {logging_mixin.py:190} INFO - [2025-01-16T17:58:32.785+0000] {dagbag.py:588} INFO - Filling up the DagBag from /home/airflow/.local/lib/python3.12/site-packages/airflow/example_dags/example_dataset_alias.py
[2025-01-16T17:58:33.660+0000] {processor.py:925} INFO - DAG(s) 'dataset_alias_example_alias_consumer', 'dataset_s3_bucket_producer', 'dataset_s3_bucket_consumer', 'dataset_alias_example_alias_producer' retrieved from /home/airflow/.local/lib/python3.12/site-packages/airflow/example_dags/example_dataset_alias.py
[2025-01-16T17:58:33.692+0000] {logging_mixin.py:190} INFO - [2025-01-16T17:58:33.691+0000] {dag.py:3239} INFO - Sync 4 DAGs
[2025-01-16T17:58:33.721+0000] {logging_mixin.py:190} INFO - [2025-01-16T17:58:33.720+0000] {dag.py:4180} INFO - Setting next_dagrun for dataset_alias_example_alias_consumer to None, run_after=None
[2025-01-16T17:58:33.724+0000] {logging_mixin.py:190} INFO - [2025-01-16T17:58:33.724+0000] {dag.py:4180} INFO - Setting next_dagrun for dataset_alias_example_alias_producer to None, run_after=None
[2025-01-16T17:58:33.727+0000] {logging_mixin.py:190} INFO - [2025-01-16T17:58:33.727+0000] {dag.py:4180} INFO - Setting next_dagrun for dataset_s3_bucket_consumer to None, run_after=None
[2025-01-16T17:58:33.729+0000] {logging_mixin.py:190} INFO - [2025-01-16T17:58:33.729+0000] {dag.py:4180} INFO - Setting next_dagrun for dataset_s3_bucket_producer to None, run_after=None
[2025-01-16T17:58:33.764+0000] {processor.py:208} INFO - Processing /home/airflow/.local/lib/python3.12/site-packages/airflow/example_dags/example_dataset_alias.py took 1.001 seconds
[2025-01-16T17:59:04.339+0000] {processor.py:186} INFO - Started process (PID=294) to work on /home/airflow/.local/lib/python3.12/site-packages/airflow/example_dags/example_dataset_alias.py
[2025-01-16T17:59:04.340+0000] {processor.py:914} INFO - Processing file /home/airflow/.local/lib/python3.12/site-packages/airflow/example_dags/example_dataset_alias.py for tasks to queue
[2025-01-16T17:59:04.342+0000] {logging_mixin.py:190} INFO - [2025-01-16T17:59:04.341+0000] {dagbag.py:588} INFO - Filling up the DagBag from /home/airflow/.local/lib/python3.12/site-packages/airflow/example_dags/example_dataset_alias.py
[2025-01-16T17:59:04.940+0000] {processor.py:925} INFO - DAG(s) 'dataset_alias_example_alias_consumer', 'dataset_s3_bucket_consumer', 'dataset_alias_example_alias_producer', 'dataset_s3_bucket_producer' retrieved from /home/airflow/.local/lib/python3.12/site-packages/airflow/example_dags/example_dataset_alias.py
[2025-01-16T17:59:04.969+0000] {logging_mixin.py:190} INFO - [2025-01-16T17:59:04.969+0000] {dag.py:3239} INFO - Sync 4 DAGs
[2025-01-16T17:59:05.002+0000] {logging_mixin.py:190} INFO - [2025-01-16T17:59:05.002+0000] {dag.py:4180} INFO - Setting next_dagrun for dataset_alias_example_alias_consumer to None, run_after=None
[2025-01-16T17:59:05.006+0000] {logging_mixin.py:190} INFO - [2025-01-16T17:59:05.006+0000] {dag.py:4180} INFO - Setting next_dagrun for dataset_alias_example_alias_producer to None, run_after=None
[2025-01-16T17:59:05.009+0000] {logging_mixin.py:190} INFO - [2025-01-16T17:59:05.008+0000] {dag.py:4180} INFO - Setting next_dagrun for dataset_s3_bucket_consumer to None, run_after=None
[2025-01-16T17:59:05.011+0000] {logging_mixin.py:190} INFO - [2025-01-16T17:59:05.011+0000] {dag.py:4180} INFO - Setting next_dagrun for dataset_s3_bucket_producer to None, run_after=None
[2025-01-16T17:59:05.041+0000] {processor.py:208} INFO - Processing /home/airflow/.local/lib/python3.12/site-packages/airflow/example_dags/example_dataset_alias.py took 0.707 seconds
[2025-01-16T17:59:35.159+0000] {processor.py:186} INFO - Started process (PID=359) to work on /home/airflow/.local/lib/python3.12/site-packages/airflow/example_dags/example_dataset_alias.py
[2025-01-16T17:59:35.160+0000] {processor.py:914} INFO - Processing file /home/airflow/.local/lib/python3.12/site-packages/airflow/example_dags/example_dataset_alias.py for tasks to queue
[2025-01-16T17:59:35.162+0000] {logging_mixin.py:190} INFO - [2025-01-16T17:59:35.162+0000] {dagbag.py:588} INFO - Filling up the DagBag from /home/airflow/.local/lib/python3.12/site-packages/airflow/example_dags/example_dataset_alias.py
[2025-01-16T17:59:35.913+0000] {processor.py:925} INFO - DAG(s) 'dataset_alias_example_alias_consumer', 'dataset_alias_example_alias_producer', 'dataset_s3_bucket_consumer', 'dataset_s3_bucket_producer' retrieved from /home/airflow/.local/lib/python3.12/site-packages/airflow/example_dags/example_dataset_alias.py
[2025-01-16T17:59:35.942+0000] {logging_mixin.py:190} INFO - [2025-01-16T17:59:35.941+0000] {dag.py:3239} INFO - Sync 4 DAGs
[2025-01-16T17:59:35.973+0000] {logging_mixin.py:190} INFO - [2025-01-16T17:59:35.973+0000] {dag.py:4180} INFO - Setting next_dagrun for dataset_alias_example_alias_consumer to None, run_after=None
[2025-01-16T17:59:35.976+0000] {logging_mixin.py:190} INFO - [2025-01-16T17:59:35.976+0000] {dag.py:4180} INFO - Setting next_dagrun for dataset_alias_example_alias_producer to None, run_after=None
[2025-01-16T17:59:35.978+0000] {logging_mixin.py:190} INFO - [2025-01-16T17:59:35.978+0000] {dag.py:4180} INFO - Setting next_dagrun for dataset_s3_bucket_consumer to None, run_after=None
[2025-01-16T17:59:35.980+0000] {logging_mixin.py:190} INFO - [2025-01-16T17:59:35.979+0000] {dag.py:4180} INFO - Setting next_dagrun for dataset_s3_bucket_producer to None, run_after=None
[2025-01-16T17:59:36.007+0000] {processor.py:208} INFO - Processing /home/airflow/.local/lib/python3.12/site-packages/airflow/example_dags/example_dataset_alias.py took 0.853 seconds
[2025-01-16T18:00:06.063+0000] {processor.py:186} INFO - Started process (PID=424) to work on /home/airflow/.local/lib/python3.12/site-packages/airflow/example_dags/example_dataset_alias.py
[2025-01-16T18:00:06.064+0000] {processor.py:914} INFO - Processing file /home/airflow/.local/lib/python3.12/site-packages/airflow/example_dags/example_dataset_alias.py for tasks to queue
[2025-01-16T18:00:06.067+0000] {logging_mixin.py:190} INFO - [2025-01-16T18:00:06.067+0000] {dagbag.py:588} INFO - Filling up the DagBag from /home/airflow/.local/lib/python3.12/site-packages/airflow/example_dags/example_dataset_alias.py
[2025-01-16T18:00:06.645+0000] {processor.py:925} INFO - DAG(s) 'dataset_alias_example_alias_consumer', 'dataset_alias_example_alias_producer', 'dataset_s3_bucket_consumer', 'dataset_s3_bucket_producer' retrieved from /home/airflow/.local/lib/python3.12/site-packages/airflow/example_dags/example_dataset_alias.py
[2025-01-16T18:00:06.676+0000] {logging_mixin.py:190} INFO - [2025-01-16T18:00:06.676+0000] {dag.py:3239} INFO - Sync 4 DAGs
[2025-01-16T18:00:06.707+0000] {logging_mixin.py:190} INFO - [2025-01-16T18:00:06.706+0000] {dag.py:4180} INFO - Setting next_dagrun for dataset_alias_example_alias_consumer to None, run_after=None
[2025-01-16T18:00:06.711+0000] {logging_mixin.py:190} INFO - [2025-01-16T18:00:06.710+0000] {dag.py:4180} INFO - Setting next_dagrun for dataset_alias_example_alias_producer to None, run_after=None
[2025-01-16T18:00:06.713+0000] {logging_mixin.py:190} INFO - [2025-01-16T18:00:06.713+0000] {dag.py:4180} INFO - Setting next_dagrun for dataset_s3_bucket_consumer to None, run_after=None
[2025-01-16T18:00:06.716+0000] {logging_mixin.py:190} INFO - [2025-01-16T18:00:06.715+0000] {dag.py:4180} INFO - Setting next_dagrun for dataset_s3_bucket_producer to None, run_after=None
[2025-01-16T18:00:06.758+0000] {processor.py:208} INFO - Processing /home/airflow/.local/lib/python3.12/site-packages/airflow/example_dags/example_dataset_alias.py took 0.699 seconds
[2025-01-16T18:00:37.539+0000] {processor.py:186} INFO - Started process (PID=489) to work on /home/airflow/.local/lib/python3.12/site-packages/airflow/example_dags/example_dataset_alias.py
[2025-01-16T18:00:37.540+0000] {processor.py:914} INFO - Processing file /home/airflow/.local/lib/python3.12/site-packages/airflow/example_dags/example_dataset_alias.py for tasks to queue
[2025-01-16T18:00:37.543+0000] {logging_mixin.py:190} INFO - [2025-01-16T18:00:37.543+0000] {dagbag.py:588} INFO - Filling up the DagBag from /home/airflow/.local/lib/python3.12/site-packages/airflow/example_dags/example_dataset_alias.py
[2025-01-16T18:00:38.228+0000] {processor.py:925} INFO - DAG(s) 'dataset_alias_example_alias_consumer', 'dataset_alias_example_alias_producer', 'dataset_s3_bucket_producer', 'dataset_s3_bucket_consumer' retrieved from /home/airflow/.local/lib/python3.12/site-packages/airflow/example_dags/example_dataset_alias.py
[2025-01-16T18:00:38.261+0000] {logging_mixin.py:190} INFO - [2025-01-16T18:00:38.260+0000] {dag.py:3239} INFO - Sync 4 DAGs
[2025-01-16T18:00:38.289+0000] {logging_mixin.py:190} INFO - [2025-01-16T18:00:38.288+0000] {dag.py:4180} INFO - Setting next_dagrun for dataset_alias_example_alias_consumer to None, run_after=None
[2025-01-16T18:00:38.294+0000] {logging_mixin.py:190} INFO - [2025-01-16T18:00:38.293+0000] {dag.py:4180} INFO - Setting next_dagrun for dataset_alias_example_alias_producer to None, run_after=None
[2025-01-16T18:00:38.297+0000] {logging_mixin.py:190} INFO - [2025-01-16T18:00:38.297+0000] {dag.py:4180} INFO - Setting next_dagrun for dataset_s3_bucket_consumer to None, run_after=None
[2025-01-16T18:00:38.300+0000] {logging_mixin.py:190} INFO - [2025-01-16T18:00:38.300+0000] {dag.py:4180} INFO - Setting next_dagrun for dataset_s3_bucket_producer to None, run_after=None
[2025-01-16T18:00:38.339+0000] {processor.py:208} INFO - Processing /home/airflow/.local/lib/python3.12/site-packages/airflow/example_dags/example_dataset_alias.py took 0.807 seconds
[2025-01-16T18:01:08.696+0000] {processor.py:186} INFO - Started process (PID=558) to work on /home/airflow/.local/lib/python3.12/site-packages/airflow/example_dags/example_dataset_alias.py
[2025-01-16T18:01:08.698+0000] {processor.py:914} INFO - Processing file /home/airflow/.local/lib/python3.12/site-packages/airflow/example_dags/example_dataset_alias.py for tasks to queue
[2025-01-16T18:01:08.701+0000] {logging_mixin.py:190} INFO - [2025-01-16T18:01:08.701+0000] {dagbag.py:588} INFO - Filling up the DagBag from /home/airflow/.local/lib/python3.12/site-packages/airflow/example_dags/example_dataset_alias.py
[2025-01-16T18:01:09.348+0000] {processor.py:925} INFO - DAG(s) 'dataset_alias_example_alias_producer', 'dataset_s3_bucket_consumer', 'dataset_s3_bucket_producer', 'dataset_alias_example_alias_consumer' retrieved from /home/airflow/.local/lib/python3.12/site-packages/airflow/example_dags/example_dataset_alias.py
[2025-01-16T18:01:09.373+0000] {logging_mixin.py:190} INFO - [2025-01-16T18:01:09.372+0000] {dag.py:3239} INFO - Sync 4 DAGs
[2025-01-16T18:01:09.400+0000] {logging_mixin.py:190} INFO - [2025-01-16T18:01:09.398+0000] {dag.py:4180} INFO - Setting next_dagrun for dataset_alias_example_alias_consumer to None, run_after=None
[2025-01-16T18:01:09.404+0000] {logging_mixin.py:190} INFO - [2025-01-16T18:01:09.404+0000] {dag.py:4180} INFO - Setting next_dagrun for dataset_alias_example_alias_producer to None, run_after=None
[2025-01-16T18:01:09.406+0000] {logging_mixin.py:190} INFO - [2025-01-16T18:01:09.406+0000] {dag.py:4180} INFO - Setting next_dagrun for dataset_s3_bucket_consumer to None, run_after=None
[2025-01-16T18:01:09.408+0000] {logging_mixin.py:190} INFO - [2025-01-16T18:01:09.408+0000] {dag.py:4180} INFO - Setting next_dagrun for dataset_s3_bucket_producer to None, run_after=None
[2025-01-16T18:01:09.447+0000] {processor.py:208} INFO - Processing /home/airflow/.local/lib/python3.12/site-packages/airflow/example_dags/example_dataset_alias.py took 0.756 seconds
[2025-01-16T18:01:39.865+0000] {processor.py:186} INFO - Started process (PID=633) to work on /home/airflow/.local/lib/python3.12/site-packages/airflow/example_dags/example_dataset_alias.py
[2025-01-16T18:01:39.872+0000] {processor.py:914} INFO - Processing file /home/airflow/.local/lib/python3.12/site-packages/airflow/example_dags/example_dataset_alias.py for tasks to queue
[2025-01-16T18:01:39.877+0000] {logging_mixin.py:190} INFO - [2025-01-16T18:01:39.876+0000] {dagbag.py:588} INFO - Filling up the DagBag from /home/airflow/.local/lib/python3.12/site-packages/airflow/example_dags/example_dataset_alias.py
[2025-01-16T18:01:41.279+0000] {processor.py:925} INFO - DAG(s) 'dataset_alias_example_alias_producer', 'dataset_alias_example_alias_consumer', 'dataset_s3_bucket_producer', 'dataset_s3_bucket_consumer' retrieved from /home/airflow/.local/lib/python3.12/site-packages/airflow/example_dags/example_dataset_alias.py
[2025-01-16T18:01:41.325+0000] {logging_mixin.py:190} INFO - [2025-01-16T18:01:41.324+0000] {dag.py:3239} INFO - Sync 4 DAGs
[2025-01-16T18:01:41.372+0000] {logging_mixin.py:190} INFO - [2025-01-16T18:01:41.372+0000] {dag.py:4180} INFO - Setting next_dagrun for dataset_alias_example_alias_consumer to None, run_after=None
[2025-01-16T18:01:41.387+0000] {logging_mixin.py:190} INFO - [2025-01-16T18:01:41.384+0000] {dag.py:4180} INFO - Setting next_dagrun for dataset_alias_example_alias_producer to None, run_after=None
[2025-01-16T18:01:41.391+0000] {logging_mixin.py:190} INFO - [2025-01-16T18:01:41.391+0000] {dag.py:4180} INFO - Setting next_dagrun for dataset_s3_bucket_consumer to None, run_after=None
[2025-01-16T18:01:41.395+0000] {logging_mixin.py:190} INFO - [2025-01-16T18:01:41.394+0000] {dag.py:4180} INFO - Setting next_dagrun for dataset_s3_bucket_producer to None, run_after=None
[2025-01-16T18:01:41.438+0000] {processor.py:208} INFO - Processing /home/airflow/.local/lib/python3.12/site-packages/airflow/example_dags/example_dataset_alias.py took 1.583 seconds
[2025-01-16T18:02:11.567+0000] {processor.py:186} INFO - Started process (PID=701) to work on /home/airflow/.local/lib/python3.12/site-packages/airflow/example_dags/example_dataset_alias.py
[2025-01-16T18:02:11.569+0000] {processor.py:914} INFO - Processing file /home/airflow/.local/lib/python3.12/site-packages/airflow/example_dags/example_dataset_alias.py for tasks to queue
[2025-01-16T18:02:11.571+0000] {logging_mixin.py:190} INFO - [2025-01-16T18:02:11.571+0000] {dagbag.py:588} INFO - Filling up the DagBag from /home/airflow/.local/lib/python3.12/site-packages/airflow/example_dags/example_dataset_alias.py
[2025-01-16T18:02:12.124+0000] {processor.py:925} INFO - DAG(s) 'dataset_s3_bucket_producer', 'dataset_alias_example_alias_producer', 'dataset_alias_example_alias_consumer', 'dataset_s3_bucket_consumer' retrieved from /home/airflow/.local/lib/python3.12/site-packages/airflow/example_dags/example_dataset_alias.py
[2025-01-16T18:02:12.153+0000] {logging_mixin.py:190} INFO - [2025-01-16T18:02:12.152+0000] {dag.py:3239} INFO - Sync 4 DAGs
[2025-01-16T18:02:12.181+0000] {logging_mixin.py:190} INFO - [2025-01-16T18:02:12.181+0000] {dag.py:4180} INFO - Setting next_dagrun for dataset_alias_example_alias_consumer to None, run_after=None
[2025-01-16T18:02:12.184+0000] {logging_mixin.py:190} INFO - [2025-01-16T18:02:12.184+0000] {dag.py:4180} INFO - Setting next_dagrun for dataset_alias_example_alias_producer to None, run_after=None
[2025-01-16T18:02:12.186+0000] {logging_mixin.py:190} INFO - [2025-01-16T18:02:12.186+0000] {dag.py:4180} INFO - Setting next_dagrun for dataset_s3_bucket_consumer to None, run_after=None
[2025-01-16T18:02:12.190+0000] {logging_mixin.py:190} INFO - [2025-01-16T18:02:12.190+0000] {dag.py:4180} INFO - Setting next_dagrun for dataset_s3_bucket_producer to None, run_after=None
[2025-01-16T18:02:12.224+0000] {processor.py:208} INFO - Processing /home/airflow/.local/lib/python3.12/site-packages/airflow/example_dags/example_dataset_alias.py took 0.661 seconds
[2025-01-16T18:02:42.350+0000] {processor.py:186} INFO - Started process (PID=766) to work on /home/airflow/.local/lib/python3.12/site-packages/airflow/example_dags/example_dataset_alias.py
[2025-01-16T18:02:42.351+0000] {processor.py:914} INFO - Processing file /home/airflow/.local/lib/python3.12/site-packages/airflow/example_dags/example_dataset_alias.py for tasks to queue
[2025-01-16T18:02:42.354+0000] {logging_mixin.py:190} INFO - [2025-01-16T18:02:42.354+0000] {dagbag.py:588} INFO - Filling up the DagBag from /home/airflow/.local/lib/python3.12/site-packages/airflow/example_dags/example_dataset_alias.py
[2025-01-16T18:02:43.140+0000] {processor.py:925} INFO - DAG(s) 'dataset_s3_bucket_producer', 'dataset_s3_bucket_consumer', 'dataset_alias_example_alias_producer', 'dataset_alias_example_alias_consumer' retrieved from /home/airflow/.local/lib/python3.12/site-packages/airflow/example_dags/example_dataset_alias.py
[2025-01-16T18:02:43.171+0000] {logging_mixin.py:190} INFO - [2025-01-16T18:02:43.171+0000] {dag.py:3239} INFO - Sync 4 DAGs
[2025-01-16T18:02:43.202+0000] {logging_mixin.py:190} INFO - [2025-01-16T18:02:43.202+0000] {dag.py:4180} INFO - Setting next_dagrun for dataset_alias_example_alias_consumer to None, run_after=None
[2025-01-16T18:02:43.206+0000] {logging_mixin.py:190} INFO - [2025-01-16T18:02:43.205+0000] {dag.py:4180} INFO - Setting next_dagrun for dataset_alias_example_alias_producer to None, run_after=None
[2025-01-16T18:02:43.208+0000] {logging_mixin.py:190} INFO - [2025-01-16T18:02:43.208+0000] {dag.py:4180} INFO - Setting next_dagrun for dataset_s3_bucket_consumer to None, run_after=None
[2025-01-16T18:02:43.211+0000] {logging_mixin.py:190} INFO - [2025-01-16T18:02:43.210+0000] {dag.py:4180} INFO - Setting next_dagrun for dataset_s3_bucket_producer to None, run_after=None
[2025-01-16T18:02:43.236+0000] {processor.py:208} INFO - Processing /home/airflow/.local/lib/python3.12/site-packages/airflow/example_dags/example_dataset_alias.py took 0.893 seconds
[2025-01-16T18:03:13.479+0000] {processor.py:186} INFO - Started process (PID=831) to work on /home/airflow/.local/lib/python3.12/site-packages/airflow/example_dags/example_dataset_alias.py
[2025-01-16T18:03:13.481+0000] {processor.py:914} INFO - Processing file /home/airflow/.local/lib/python3.12/site-packages/airflow/example_dags/example_dataset_alias.py for tasks to queue
[2025-01-16T18:03:13.485+0000] {logging_mixin.py:190} INFO - [2025-01-16T18:03:13.484+0000] {dagbag.py:588} INFO - Filling up the DagBag from /home/airflow/.local/lib/python3.12/site-packages/airflow/example_dags/example_dataset_alias.py
[2025-01-16T18:03:14.217+0000] {processor.py:925} INFO - DAG(s) 'dataset_s3_bucket_consumer', 'dataset_alias_example_alias_consumer', 'dataset_alias_example_alias_producer', 'dataset_s3_bucket_producer' retrieved from /home/airflow/.local/lib/python3.12/site-packages/airflow/example_dags/example_dataset_alias.py
[2025-01-16T18:03:14.251+0000] {logging_mixin.py:190} INFO - [2025-01-16T18:03:14.250+0000] {dag.py:3239} INFO - Sync 4 DAGs
[2025-01-16T18:03:14.280+0000] {logging_mixin.py:190} INFO - [2025-01-16T18:03:14.280+0000] {dag.py:4180} INFO - Setting next_dagrun for dataset_alias_example_alias_consumer to None, run_after=None
[2025-01-16T18:03:14.285+0000] {logging_mixin.py:190} INFO - [2025-01-16T18:03:14.285+0000] {dag.py:4180} INFO - Setting next_dagrun for dataset_alias_example_alias_producer to None, run_after=None
[2025-01-16T18:03:14.288+0000] {logging_mixin.py:190} INFO - [2025-01-16T18:03:14.287+0000] {dag.py:4180} INFO - Setting next_dagrun for dataset_s3_bucket_consumer to None, run_after=None
[2025-01-16T18:03:14.289+0000] {logging_mixin.py:190} INFO - [2025-01-16T18:03:14.289+0000] {dag.py:4180} INFO - Setting next_dagrun for dataset_s3_bucket_producer to None, run_after=None
[2025-01-16T18:03:14.317+0000] {processor.py:208} INFO - Processing /home/airflow/.local/lib/python3.12/site-packages/airflow/example_dags/example_dataset_alias.py took 0.844 seconds
[2025-01-16T18:03:44.465+0000] {processor.py:186} INFO - Started process (PID=901) to work on /home/airflow/.local/lib/python3.12/site-packages/airflow/example_dags/example_dataset_alias.py
[2025-01-16T18:03:44.466+0000] {processor.py:914} INFO - Processing file /home/airflow/.local/lib/python3.12/site-packages/airflow/example_dags/example_dataset_alias.py for tasks to queue
[2025-01-16T18:03:44.469+0000] {logging_mixin.py:190} INFO - [2025-01-16T18:03:44.468+0000] {dagbag.py:588} INFO - Filling up the DagBag from /home/airflow/.local/lib/python3.12/site-packages/airflow/example_dags/example_dataset_alias.py
[2025-01-16T18:03:45.303+0000] {processor.py:925} INFO - DAG(s) 'dataset_s3_bucket_consumer', 'dataset_alias_example_alias_producer', 'dataset_s3_bucket_producer', 'dataset_alias_example_alias_consumer' retrieved from /home/airflow/.local/lib/python3.12/site-packages/airflow/example_dags/example_dataset_alias.py
[2025-01-16T18:03:45.345+0000] {logging_mixin.py:190} INFO - [2025-01-16T18:03:45.344+0000] {dag.py:3239} INFO - Sync 4 DAGs
[2025-01-16T18:03:45.394+0000] {logging_mixin.py:190} INFO - [2025-01-16T18:03:45.393+0000] {dag.py:4180} INFO - Setting next_dagrun for dataset_alias_example_alias_consumer to None, run_after=None
[2025-01-16T18:03:45.400+0000] {logging_mixin.py:190} INFO - [2025-01-16T18:03:45.400+0000] {dag.py:4180} INFO - Setting next_dagrun for dataset_alias_example_alias_producer to None, run_after=None
[2025-01-16T18:03:45.408+0000] {logging_mixin.py:190} INFO - [2025-01-16T18:03:45.407+0000] {dag.py:4180} INFO - Setting next_dagrun for dataset_s3_bucket_consumer to None, run_after=None
[2025-01-16T18:03:45.412+0000] {logging_mixin.py:190} INFO - [2025-01-16T18:03:45.411+0000] {dag.py:4180} INFO - Setting next_dagrun for dataset_s3_bucket_producer to None, run_after=None
[2025-01-16T18:03:45.497+0000] {processor.py:208} INFO - Processing /home/airflow/.local/lib/python3.12/site-packages/airflow/example_dags/example_dataset_alias.py took 1.037 seconds
[2025-01-16T18:04:16.194+0000] {processor.py:186} INFO - Started process (PID=970) to work on /home/airflow/.local/lib/python3.12/site-packages/airflow/example_dags/example_dataset_alias.py
[2025-01-16T18:04:16.195+0000] {processor.py:914} INFO - Processing file /home/airflow/.local/lib/python3.12/site-packages/airflow/example_dags/example_dataset_alias.py for tasks to queue
[2025-01-16T18:04:16.197+0000] {logging_mixin.py:190} INFO - [2025-01-16T18:04:16.197+0000] {dagbag.py:588} INFO - Filling up the DagBag from /home/airflow/.local/lib/python3.12/site-packages/airflow/example_dags/example_dataset_alias.py
[2025-01-16T18:04:16.699+0000] {processor.py:925} INFO - DAG(s) 'dataset_alias_example_alias_consumer', 'dataset_s3_bucket_consumer', 'dataset_s3_bucket_producer', 'dataset_alias_example_alias_producer' retrieved from /home/airflow/.local/lib/python3.12/site-packages/airflow/example_dags/example_dataset_alias.py
[2025-01-16T18:04:16.724+0000] {logging_mixin.py:190} INFO - [2025-01-16T18:04:16.723+0000] {dag.py:3239} INFO - Sync 4 DAGs
[2025-01-16T18:04:16.746+0000] {logging_mixin.py:190} INFO - [2025-01-16T18:04:16.746+0000] {dag.py:4180} INFO - Setting next_dagrun for dataset_alias_example_alias_consumer to None, run_after=None
[2025-01-16T18:04:16.750+0000] {logging_mixin.py:190} INFO - [2025-01-16T18:04:16.750+0000] {dag.py:4180} INFO - Setting next_dagrun for dataset_alias_example_alias_producer to None, run_after=None
[2025-01-16T18:04:16.753+0000] {logging_mixin.py:190} INFO - [2025-01-16T18:04:16.753+0000] {dag.py:4180} INFO - Setting next_dagrun for dataset_s3_bucket_consumer to None, run_after=None
[2025-01-16T18:04:16.757+0000] {logging_mixin.py:190} INFO - [2025-01-16T18:04:16.757+0000] {dag.py:4180} INFO - Setting next_dagrun for dataset_s3_bucket_producer to None, run_after=None
[2025-01-16T18:04:16.785+0000] {processor.py:208} INFO - Processing /home/airflow/.local/lib/python3.12/site-packages/airflow/example_dags/example_dataset_alias.py took 0.596 seconds
[2025-01-16T18:04:47.691+0000] {processor.py:186} INFO - Started process (PID=1042) to work on /home/airflow/.local/lib/python3.12/site-packages/airflow/example_dags/example_dataset_alias.py
[2025-01-16T18:04:47.692+0000] {processor.py:914} INFO - Processing file /home/airflow/.local/lib/python3.12/site-packages/airflow/example_dags/example_dataset_alias.py for tasks to queue
[2025-01-16T18:04:47.695+0000] {logging_mixin.py:190} INFO - [2025-01-16T18:04:47.695+0000] {dagbag.py:588} INFO - Filling up the DagBag from /home/airflow/.local/lib/python3.12/site-packages/airflow/example_dags/example_dataset_alias.py
[2025-01-16T18:04:48.213+0000] {processor.py:925} INFO - DAG(s) 'dataset_s3_bucket_producer', 'dataset_s3_bucket_consumer', 'dataset_alias_example_alias_producer', 'dataset_alias_example_alias_consumer' retrieved from /home/airflow/.local/lib/python3.12/site-packages/airflow/example_dags/example_dataset_alias.py
[2025-01-16T18:04:48.238+0000] {logging_mixin.py:190} INFO - [2025-01-16T18:04:48.237+0000] {dag.py:3239} INFO - Sync 4 DAGs
[2025-01-16T18:04:48.262+0000] {logging_mixin.py:190} INFO - [2025-01-16T18:04:48.262+0000] {dag.py:4180} INFO - Setting next_dagrun for dataset_alias_example_alias_consumer to None, run_after=None
[2025-01-16T18:04:48.266+0000] {logging_mixin.py:190} INFO - [2025-01-16T18:04:48.266+0000] {dag.py:4180} INFO - Setting next_dagrun for dataset_alias_example_alias_producer to None, run_after=None
[2025-01-16T18:04:48.269+0000] {logging_mixin.py:190} INFO - [2025-01-16T18:04:48.269+0000] {dag.py:4180} INFO - Setting next_dagrun for dataset_s3_bucket_consumer to None, run_after=None
[2025-01-16T18:04:48.272+0000] {logging_mixin.py:190} INFO - [2025-01-16T18:04:48.271+0000] {dag.py:4180} INFO - Setting next_dagrun for dataset_s3_bucket_producer to None, run_after=None
[2025-01-16T18:04:48.298+0000] {processor.py:208} INFO - Processing /home/airflow/.local/lib/python3.12/site-packages/airflow/example_dags/example_dataset_alias.py took 0.612 seconds
[2025-01-16T18:05:18.437+0000] {processor.py:186} INFO - Started process (PID=1107) to work on /home/airflow/.local/lib/python3.12/site-packages/airflow/example_dags/example_dataset_alias.py
[2025-01-16T18:05:18.437+0000] {processor.py:914} INFO - Processing file /home/airflow/.local/lib/python3.12/site-packages/airflow/example_dags/example_dataset_alias.py for tasks to queue
[2025-01-16T18:05:18.439+0000] {logging_mixin.py:190} INFO - [2025-01-16T18:05:18.439+0000] {dagbag.py:588} INFO - Filling up the DagBag from /home/airflow/.local/lib/python3.12/site-packages/airflow/example_dags/example_dataset_alias.py
[2025-01-16T18:05:18.971+0000] {processor.py:925} INFO - DAG(s) 'dataset_s3_bucket_consumer', 'dataset_s3_bucket_producer', 'dataset_alias_example_alias_consumer', 'dataset_alias_example_alias_producer' retrieved from /home/airflow/.local/lib/python3.12/site-packages/airflow/example_dags/example_dataset_alias.py
[2025-01-16T18:05:18.993+0000] {logging_mixin.py:190} INFO - [2025-01-16T18:05:18.992+0000] {dag.py:3239} INFO - Sync 4 DAGs
[2025-01-16T18:05:19.015+0000] {logging_mixin.py:190} INFO - [2025-01-16T18:05:19.015+0000] {dag.py:4180} INFO - Setting next_dagrun for dataset_alias_example_alias_consumer to None, run_after=None
[2025-01-16T18:05:19.019+0000] {logging_mixin.py:190} INFO - [2025-01-16T18:05:19.019+0000] {dag.py:4180} INFO - Setting next_dagrun for dataset_alias_example_alias_producer to None, run_after=None
[2025-01-16T18:05:19.021+0000] {logging_mixin.py:190} INFO - [2025-01-16T18:05:19.021+0000] {dag.py:4180} INFO - Setting next_dagrun for dataset_s3_bucket_consumer to None, run_after=None
[2025-01-16T18:05:19.023+0000] {logging_mixin.py:190} INFO - [2025-01-16T18:05:19.023+0000] {dag.py:4180} INFO - Setting next_dagrun for dataset_s3_bucket_producer to None, run_after=None
[2025-01-16T18:05:19.042+0000] {processor.py:208} INFO - Processing /home/airflow/.local/lib/python3.12/site-packages/airflow/example_dags/example_dataset_alias.py took 0.612 seconds
[2025-01-16T18:05:49.865+0000] {processor.py:186} INFO - Started process (PID=1172) to work on /home/airflow/.local/lib/python3.12/site-packages/airflow/example_dags/example_dataset_alias.py
[2025-01-16T18:05:49.867+0000] {processor.py:914} INFO - Processing file /home/airflow/.local/lib/python3.12/site-packages/airflow/example_dags/example_dataset_alias.py for tasks to queue
[2025-01-16T18:05:49.871+0000] {logging_mixin.py:190} INFO - [2025-01-16T18:05:49.871+0000] {dagbag.py:588} INFO - Filling up the DagBag from /home/airflow/.local/lib/python3.12/site-packages/airflow/example_dags/example_dataset_alias.py
[2025-01-16T18:05:50.566+0000] {processor.py:925} INFO - DAG(s) 'dataset_s3_bucket_consumer', 'dataset_alias_example_alias_consumer', 'dataset_alias_example_alias_producer', 'dataset_s3_bucket_producer' retrieved from /home/airflow/.local/lib/python3.12/site-packages/airflow/example_dags/example_dataset_alias.py
[2025-01-16T18:05:50.593+0000] {logging_mixin.py:190} INFO - [2025-01-16T18:05:50.592+0000] {dag.py:3239} INFO - Sync 4 DAGs
[2025-01-16T18:05:50.615+0000] {logging_mixin.py:190} INFO - [2025-01-16T18:05:50.615+0000] {dag.py:4180} INFO - Setting next_dagrun for dataset_alias_example_alias_consumer to None, run_after=None
[2025-01-16T18:05:50.620+0000] {logging_mixin.py:190} INFO - [2025-01-16T18:05:50.619+0000] {dag.py:4180} INFO - Setting next_dagrun for dataset_alias_example_alias_producer to None, run_after=None
[2025-01-16T18:05:50.622+0000] {logging_mixin.py:190} INFO - [2025-01-16T18:05:50.622+0000] {dag.py:4180} INFO - Setting next_dagrun for dataset_s3_bucket_consumer to None, run_after=None
[2025-01-16T18:05:50.623+0000] {logging_mixin.py:190} INFO - [2025-01-16T18:05:50.623+0000] {dag.py:4180} INFO - Setting next_dagrun for dataset_s3_bucket_producer to None, run_after=None
[2025-01-16T18:05:50.661+0000] {processor.py:208} INFO - Processing /home/airflow/.local/lib/python3.12/site-packages/airflow/example_dags/example_dataset_alias.py took 0.803 seconds
[2025-01-16T18:06:21.651+0000] {processor.py:186} INFO - Started process (PID=1237) to work on /home/airflow/.local/lib/python3.12/site-packages/airflow/example_dags/example_dataset_alias.py
[2025-01-16T18:06:21.652+0000] {processor.py:914} INFO - Processing file /home/airflow/.local/lib/python3.12/site-packages/airflow/example_dags/example_dataset_alias.py for tasks to queue
[2025-01-16T18:06:21.655+0000] {logging_mixin.py:190} INFO - [2025-01-16T18:06:21.655+0000] {dagbag.py:588} INFO - Filling up the DagBag from /home/airflow/.local/lib/python3.12/site-packages/airflow/example_dags/example_dataset_alias.py
[2025-01-16T18:06:22.432+0000] {processor.py:925} INFO - DAG(s) 'dataset_s3_bucket_consumer', 'dataset_alias_example_alias_consumer', 'dataset_s3_bucket_producer', 'dataset_alias_example_alias_producer' retrieved from /home/airflow/.local/lib/python3.12/site-packages/airflow/example_dags/example_dataset_alias.py
[2025-01-16T18:06:22.468+0000] {logging_mixin.py:190} INFO - [2025-01-16T18:06:22.467+0000] {dag.py:3239} INFO - Sync 4 DAGs
[2025-01-16T18:06:22.506+0000] {logging_mixin.py:190} INFO - [2025-01-16T18:06:22.506+0000] {dag.py:4180} INFO - Setting next_dagrun for dataset_alias_example_alias_consumer to None, run_after=None
[2025-01-16T18:06:22.511+0000] {logging_mixin.py:190} INFO - [2025-01-16T18:06:22.510+0000] {dag.py:4180} INFO - Setting next_dagrun for dataset_alias_example_alias_producer to None, run_after=None
[2025-01-16T18:06:22.513+0000] {logging_mixin.py:190} INFO - [2025-01-16T18:06:22.513+0000] {dag.py:4180} INFO - Setting next_dagrun for dataset_s3_bucket_consumer to None, run_after=None
[2025-01-16T18:06:22.515+0000] {logging_mixin.py:190} INFO - [2025-01-16T18:06:22.515+0000] {dag.py:4180} INFO - Setting next_dagrun for dataset_s3_bucket_producer to None, run_after=None
[2025-01-16T18:06:22.556+0000] {processor.py:208} INFO - Processing /home/airflow/.local/lib/python3.12/site-packages/airflow/example_dags/example_dataset_alias.py took 0.911 seconds
