[2025-01-16T17:57:34.982+0000] {processor.py:186} INFO - Started process (PID=113) to work on /home/airflow/.local/lib/python3.12/site-packages/airflow/example_dags/example_inlet_event_extra.py
[2025-01-16T17:57:34.984+0000] {processor.py:914} INFO - Processing file /home/airflow/.local/lib/python3.12/site-packages/airflow/example_dags/example_inlet_event_extra.py for tasks to queue
[2025-01-16T17:57:34.987+0000] {logging_mixin.py:190} INFO - [2025-01-16T17:57:34.987+0000] {dagbag.py:588} INFO - Filling up the DagBag from /home/airflow/.local/lib/python3.12/site-packages/airflow/example_dags/example_inlet_event_extra.py
[2025-01-16T17:57:36.012+0000] {processor.py:925} INFO - DAG(s) 'read_dataset_event_from_classic', 'read_dataset_event' retrieved from /home/airflow/.local/lib/python3.12/site-packages/airflow/example_dags/example_inlet_event_extra.py
[2025-01-16T17:57:36.184+0000] {logging_mixin.py:190} INFO - [2025-01-16T17:57:36.183+0000] {override.py:1911} INFO - Created Permission View: can edit on DAG:read_dataset_event_from_classic
[2025-01-16T17:57:36.206+0000] {logging_mixin.py:190} INFO - [2025-01-16T17:57:36.206+0000] {override.py:1911} INFO - Created Permission View: can read on DAG:read_dataset_event_from_classic
[2025-01-16T17:57:36.223+0000] {logging_mixin.py:190} INFO - [2025-01-16T17:57:36.222+0000] {override.py:1911} INFO - Created Permission View: can delete on DAG:read_dataset_event_from_classic
[2025-01-16T17:57:36.242+0000] {logging_mixin.py:190} INFO - [2025-01-16T17:57:36.241+0000] {override.py:1911} INFO - Created Permission View: can create on DAG Run:read_dataset_event_from_classic
[2025-01-16T17:57:36.257+0000] {logging_mixin.py:190} INFO - [2025-01-16T17:57:36.255+0000] {override.py:1911} INFO - Created Permission View: can delete on DAG Run:read_dataset_event_from_classic
[2025-01-16T17:57:36.272+0000] {logging_mixin.py:190} INFO - [2025-01-16T17:57:36.272+0000] {override.py:1911} INFO - Created Permission View: can read on DAG Run:read_dataset_event_from_classic
[2025-01-16T17:57:36.285+0000] {logging_mixin.py:190} INFO - [2025-01-16T17:57:36.285+0000] {override.py:1911} INFO - Created Permission View: menu access on DAG Run:read_dataset_event_from_classic
[2025-01-16T17:57:36.307+0000] {logging_mixin.py:190} INFO - [2025-01-16T17:57:36.307+0000] {override.py:1911} INFO - Created Permission View: can edit on DAG:read_dataset_event
[2025-01-16T17:57:36.320+0000] {logging_mixin.py:190} INFO - [2025-01-16T17:57:36.320+0000] {override.py:1911} INFO - Created Permission View: can read on DAG:read_dataset_event
[2025-01-16T17:57:36.332+0000] {logging_mixin.py:190} INFO - [2025-01-16T17:57:36.331+0000] {override.py:1911} INFO - Created Permission View: can delete on DAG:read_dataset_event
[2025-01-16T17:57:36.395+0000] {logging_mixin.py:190} INFO - [2025-01-16T17:57:36.394+0000] {override.py:1911} INFO - Created Permission View: can create on DAG Run:read_dataset_event
[2025-01-16T17:57:36.418+0000] {logging_mixin.py:190} INFO - [2025-01-16T17:57:36.417+0000] {override.py:1911} INFO - Created Permission View: can delete on DAG Run:read_dataset_event
[2025-01-16T17:57:36.435+0000] {logging_mixin.py:190} INFO - [2025-01-16T17:57:36.435+0000] {override.py:1911} INFO - Created Permission View: can read on DAG Run:read_dataset_event
[2025-01-16T17:57:36.447+0000] {logging_mixin.py:190} INFO - [2025-01-16T17:57:36.446+0000] {override.py:1911} INFO - Created Permission View: menu access on DAG Run:read_dataset_event
[2025-01-16T17:57:36.448+0000] {logging_mixin.py:190} INFO - [2025-01-16T17:57:36.448+0000] {dag.py:3239} INFO - Sync 2 DAGs
[2025-01-16T17:57:36.471+0000] {logging_mixin.py:190} INFO - [2025-01-16T17:57:36.470+0000] {dag.py:3262} INFO - Creating ORM DAG for read_dataset_event
[2025-01-16T17:57:36.473+0000] {logging_mixin.py:190} INFO - [2025-01-16T17:57:36.472+0000] {dag.py:3262} INFO - Creating ORM DAG for read_dataset_event_from_classic
[2025-01-16T17:57:36.490+0000] {logging_mixin.py:190} INFO - [2025-01-16T17:57:36.490+0000] {dag.py:4180} INFO - Setting next_dagrun for read_dataset_event to 2025-01-15 00:00:00+00:00, run_after=2025-01-16 00:00:00+00:00
[2025-01-16T17:57:36.496+0000] {logging_mixin.py:190} INFO - [2025-01-16T17:57:36.495+0000] {dag.py:4180} INFO - Setting next_dagrun for read_dataset_event_from_classic to 2025-01-15 00:00:00+00:00, run_after=2025-01-16 00:00:00+00:00
[2025-01-16T17:57:36.536+0000] {processor.py:208} INFO - Processing /home/airflow/.local/lib/python3.12/site-packages/airflow/example_dags/example_inlet_event_extra.py took 1.562 seconds
[2025-01-16T17:58:07.333+0000] {processor.py:186} INFO - Started process (PID=181) to work on /home/airflow/.local/lib/python3.12/site-packages/airflow/example_dags/example_inlet_event_extra.py
[2025-01-16T17:58:07.336+0000] {processor.py:914} INFO - Processing file /home/airflow/.local/lib/python3.12/site-packages/airflow/example_dags/example_inlet_event_extra.py for tasks to queue
[2025-01-16T17:58:07.340+0000] {logging_mixin.py:190} INFO - [2025-01-16T17:58:07.340+0000] {dagbag.py:588} INFO - Filling up the DagBag from /home/airflow/.local/lib/python3.12/site-packages/airflow/example_dags/example_inlet_event_extra.py
[2025-01-16T17:58:08.079+0000] {processor.py:925} INFO - DAG(s) 'read_dataset_event_from_classic', 'read_dataset_event' retrieved from /home/airflow/.local/lib/python3.12/site-packages/airflow/example_dags/example_inlet_event_extra.py
[2025-01-16T17:58:08.108+0000] {logging_mixin.py:190} INFO - [2025-01-16T17:58:08.108+0000] {dag.py:3239} INFO - Sync 2 DAGs
[2025-01-16T17:58:08.151+0000] {logging_mixin.py:190} INFO - [2025-01-16T17:58:08.150+0000] {dag.py:4180} INFO - Setting next_dagrun for read_dataset_event to 2025-01-15 00:00:00+00:00, run_after=2025-01-16 00:00:00+00:00
[2025-01-16T17:58:08.160+0000] {logging_mixin.py:190} INFO - [2025-01-16T17:58:08.160+0000] {dag.py:4180} INFO - Setting next_dagrun for read_dataset_event_from_classic to 2025-01-15 00:00:00+00:00, run_after=2025-01-16 00:00:00+00:00
[2025-01-16T17:58:08.191+0000] {processor.py:208} INFO - Processing /home/airflow/.local/lib/python3.12/site-packages/airflow/example_dags/example_inlet_event_extra.py took 0.867 seconds
[2025-01-16T17:58:38.718+0000] {processor.py:186} INFO - Started process (PID=254) to work on /home/airflow/.local/lib/python3.12/site-packages/airflow/example_dags/example_inlet_event_extra.py
[2025-01-16T17:58:38.721+0000] {processor.py:914} INFO - Processing file /home/airflow/.local/lib/python3.12/site-packages/airflow/example_dags/example_inlet_event_extra.py for tasks to queue
[2025-01-16T17:58:38.724+0000] {logging_mixin.py:190} INFO - [2025-01-16T17:58:38.724+0000] {dagbag.py:588} INFO - Filling up the DagBag from /home/airflow/.local/lib/python3.12/site-packages/airflow/example_dags/example_inlet_event_extra.py
[2025-01-16T17:58:39.368+0000] {processor.py:925} INFO - DAG(s) 'read_dataset_event', 'read_dataset_event_from_classic' retrieved from /home/airflow/.local/lib/python3.12/site-packages/airflow/example_dags/example_inlet_event_extra.py
[2025-01-16T17:58:39.392+0000] {logging_mixin.py:190} INFO - [2025-01-16T17:58:39.391+0000] {dag.py:3239} INFO - Sync 2 DAGs
[2025-01-16T17:58:39.413+0000] {logging_mixin.py:190} INFO - [2025-01-16T17:58:39.413+0000] {dag.py:4180} INFO - Setting next_dagrun for read_dataset_event to 2025-01-15 00:00:00+00:00, run_after=2025-01-16 00:00:00+00:00
[2025-01-16T17:58:39.420+0000] {logging_mixin.py:190} INFO - [2025-01-16T17:58:39.420+0000] {dag.py:4180} INFO - Setting next_dagrun for read_dataset_event_from_classic to 2025-01-15 00:00:00+00:00, run_after=2025-01-16 00:00:00+00:00
[2025-01-16T17:58:39.448+0000] {processor.py:208} INFO - Processing /home/airflow/.local/lib/python3.12/site-packages/airflow/example_dags/example_inlet_event_extra.py took 0.737 seconds
[2025-01-16T17:59:10.201+0000] {processor.py:186} INFO - Started process (PID=322) to work on /home/airflow/.local/lib/python3.12/site-packages/airflow/example_dags/example_inlet_event_extra.py
[2025-01-16T17:59:10.202+0000] {processor.py:914} INFO - Processing file /home/airflow/.local/lib/python3.12/site-packages/airflow/example_dags/example_inlet_event_extra.py for tasks to queue
[2025-01-16T17:59:10.204+0000] {logging_mixin.py:190} INFO - [2025-01-16T17:59:10.204+0000] {dagbag.py:588} INFO - Filling up the DagBag from /home/airflow/.local/lib/python3.12/site-packages/airflow/example_dags/example_inlet_event_extra.py
[2025-01-16T17:59:10.764+0000] {processor.py:925} INFO - DAG(s) 'read_dataset_event_from_classic', 'read_dataset_event' retrieved from /home/airflow/.local/lib/python3.12/site-packages/airflow/example_dags/example_inlet_event_extra.py
[2025-01-16T17:59:10.793+0000] {logging_mixin.py:190} INFO - [2025-01-16T17:59:10.793+0000] {dag.py:3239} INFO - Sync 2 DAGs
[2025-01-16T17:59:10.829+0000] {logging_mixin.py:190} INFO - [2025-01-16T17:59:10.828+0000] {dag.py:4180} INFO - Setting next_dagrun for read_dataset_event to 2025-01-15 00:00:00+00:00, run_after=2025-01-16 00:00:00+00:00
[2025-01-16T17:59:10.834+0000] {logging_mixin.py:190} INFO - [2025-01-16T17:59:10.834+0000] {dag.py:4180} INFO - Setting next_dagrun for read_dataset_event_from_classic to 2025-01-15 00:00:00+00:00, run_after=2025-01-16 00:00:00+00:00
[2025-01-16T17:59:10.853+0000] {processor.py:208} INFO - Processing /home/airflow/.local/lib/python3.12/site-packages/airflow/example_dags/example_inlet_event_extra.py took 0.657 seconds
[2025-01-16T17:59:41.053+0000] {processor.py:186} INFO - Started process (PID=393) to work on /home/airflow/.local/lib/python3.12/site-packages/airflow/example_dags/example_inlet_event_extra.py
[2025-01-16T17:59:41.054+0000] {processor.py:914} INFO - Processing file /home/airflow/.local/lib/python3.12/site-packages/airflow/example_dags/example_inlet_event_extra.py for tasks to queue
[2025-01-16T17:59:41.057+0000] {logging_mixin.py:190} INFO - [2025-01-16T17:59:41.056+0000] {dagbag.py:588} INFO - Filling up the DagBag from /home/airflow/.local/lib/python3.12/site-packages/airflow/example_dags/example_inlet_event_extra.py
[2025-01-16T17:59:41.640+0000] {processor.py:925} INFO - DAG(s) 'read_dataset_event_from_classic', 'read_dataset_event' retrieved from /home/airflow/.local/lib/python3.12/site-packages/airflow/example_dags/example_inlet_event_extra.py
[2025-01-16T17:59:41.660+0000] {logging_mixin.py:190} INFO - [2025-01-16T17:59:41.660+0000] {dag.py:3239} INFO - Sync 2 DAGs
[2025-01-16T17:59:41.681+0000] {logging_mixin.py:190} INFO - [2025-01-16T17:59:41.681+0000] {dag.py:4180} INFO - Setting next_dagrun for read_dataset_event to 2025-01-15 00:00:00+00:00, run_after=2025-01-16 00:00:00+00:00
[2025-01-16T17:59:41.688+0000] {logging_mixin.py:190} INFO - [2025-01-16T17:59:41.688+0000] {dag.py:4180} INFO - Setting next_dagrun for read_dataset_event_from_classic to 2025-01-15 00:00:00+00:00, run_after=2025-01-16 00:00:00+00:00
[2025-01-16T17:59:41.714+0000] {processor.py:208} INFO - Processing /home/airflow/.local/lib/python3.12/site-packages/airflow/example_dags/example_inlet_event_extra.py took 0.668 seconds
[2025-01-16T18:00:12.409+0000] {processor.py:186} INFO - Started process (PID=459) to work on /home/airflow/.local/lib/python3.12/site-packages/airflow/example_dags/example_inlet_event_extra.py
[2025-01-16T18:00:12.410+0000] {processor.py:914} INFO - Processing file /home/airflow/.local/lib/python3.12/site-packages/airflow/example_dags/example_inlet_event_extra.py for tasks to queue
[2025-01-16T18:00:12.413+0000] {logging_mixin.py:190} INFO - [2025-01-16T18:00:12.412+0000] {dagbag.py:588} INFO - Filling up the DagBag from /home/airflow/.local/lib/python3.12/site-packages/airflow/example_dags/example_inlet_event_extra.py
[2025-01-16T18:00:12.954+0000] {processor.py:925} INFO - DAG(s) 'read_dataset_event_from_classic', 'read_dataset_event' retrieved from /home/airflow/.local/lib/python3.12/site-packages/airflow/example_dags/example_inlet_event_extra.py
[2025-01-16T18:00:12.976+0000] {logging_mixin.py:190} INFO - [2025-01-16T18:00:12.976+0000] {dag.py:3239} INFO - Sync 2 DAGs
[2025-01-16T18:00:12.999+0000] {logging_mixin.py:190} INFO - [2025-01-16T18:00:12.998+0000] {dag.py:4180} INFO - Setting next_dagrun for read_dataset_event to 2025-01-15 00:00:00+00:00, run_after=2025-01-16 00:00:00+00:00
[2025-01-16T18:00:13.005+0000] {logging_mixin.py:190} INFO - [2025-01-16T18:00:13.005+0000] {dag.py:4180} INFO - Setting next_dagrun for read_dataset_event_from_classic to 2025-01-15 00:00:00+00:00, run_after=2025-01-16 00:00:00+00:00
[2025-01-16T18:00:13.035+0000] {processor.py:208} INFO - Processing /home/airflow/.local/lib/python3.12/site-packages/airflow/example_dags/example_inlet_event_extra.py took 0.631 seconds
[2025-01-16T18:00:43.647+0000] {processor.py:186} INFO - Started process (PID=524) to work on /home/airflow/.local/lib/python3.12/site-packages/airflow/example_dags/example_inlet_event_extra.py
[2025-01-16T18:00:43.648+0000] {processor.py:914} INFO - Processing file /home/airflow/.local/lib/python3.12/site-packages/airflow/example_dags/example_inlet_event_extra.py for tasks to queue
[2025-01-16T18:00:43.651+0000] {logging_mixin.py:190} INFO - [2025-01-16T18:00:43.651+0000] {dagbag.py:588} INFO - Filling up the DagBag from /home/airflow/.local/lib/python3.12/site-packages/airflow/example_dags/example_inlet_event_extra.py
[2025-01-16T18:00:44.197+0000] {processor.py:925} INFO - DAG(s) 'read_dataset_event', 'read_dataset_event_from_classic' retrieved from /home/airflow/.local/lib/python3.12/site-packages/airflow/example_dags/example_inlet_event_extra.py
[2025-01-16T18:00:44.223+0000] {logging_mixin.py:190} INFO - [2025-01-16T18:00:44.222+0000] {dag.py:3239} INFO - Sync 2 DAGs
[2025-01-16T18:00:44.258+0000] {logging_mixin.py:190} INFO - [2025-01-16T18:00:44.258+0000] {dag.py:4180} INFO - Setting next_dagrun for read_dataset_event to 2025-01-15 00:00:00+00:00, run_after=2025-01-16 00:00:00+00:00
[2025-01-16T18:00:44.268+0000] {logging_mixin.py:190} INFO - [2025-01-16T18:00:44.268+0000] {dag.py:4180} INFO - Setting next_dagrun for read_dataset_event_from_classic to 2025-01-15 00:00:00+00:00, run_after=2025-01-16 00:00:00+00:00
[2025-01-16T18:00:44.302+0000] {processor.py:208} INFO - Processing /home/airflow/.local/lib/python3.12/site-packages/airflow/example_dags/example_inlet_event_extra.py took 0.659 seconds
[2025-01-16T18:01:14.945+0000] {processor.py:186} INFO - Started process (PID=589) to work on /home/airflow/.local/lib/python3.12/site-packages/airflow/example_dags/example_inlet_event_extra.py
[2025-01-16T18:01:14.946+0000] {processor.py:914} INFO - Processing file /home/airflow/.local/lib/python3.12/site-packages/airflow/example_dags/example_inlet_event_extra.py for tasks to queue
[2025-01-16T18:01:14.948+0000] {logging_mixin.py:190} INFO - [2025-01-16T18:01:14.948+0000] {dagbag.py:588} INFO - Filling up the DagBag from /home/airflow/.local/lib/python3.12/site-packages/airflow/example_dags/example_inlet_event_extra.py
[2025-01-16T18:01:15.479+0000] {processor.py:925} INFO - DAG(s) 'read_dataset_event_from_classic', 'read_dataset_event' retrieved from /home/airflow/.local/lib/python3.12/site-packages/airflow/example_dags/example_inlet_event_extra.py
[2025-01-16T18:01:15.504+0000] {logging_mixin.py:190} INFO - [2025-01-16T18:01:15.504+0000] {dag.py:3239} INFO - Sync 2 DAGs
[2025-01-16T18:01:15.530+0000] {logging_mixin.py:190} INFO - [2025-01-16T18:01:15.530+0000] {dag.py:4180} INFO - Setting next_dagrun for read_dataset_event to 2025-01-15 00:00:00+00:00, run_after=2025-01-16 00:00:00+00:00
[2025-01-16T18:01:15.537+0000] {logging_mixin.py:190} INFO - [2025-01-16T18:01:15.537+0000] {dag.py:4180} INFO - Setting next_dagrun for read_dataset_event_from_classic to 2025-01-15 00:00:00+00:00, run_after=2025-01-16 00:00:00+00:00
[2025-01-16T18:01:15.554+0000] {processor.py:208} INFO - Processing /home/airflow/.local/lib/python3.12/site-packages/airflow/example_dags/example_inlet_event_extra.py took 0.614 seconds
[2025-01-16T18:01:46.105+0000] {processor.py:186} INFO - Started process (PID=654) to work on /home/airflow/.local/lib/python3.12/site-packages/airflow/example_dags/example_inlet_event_extra.py
[2025-01-16T18:01:46.107+0000] {processor.py:914} INFO - Processing file /home/airflow/.local/lib/python3.12/site-packages/airflow/example_dags/example_inlet_event_extra.py for tasks to queue
[2025-01-16T18:01:46.112+0000] {logging_mixin.py:190} INFO - [2025-01-16T18:01:46.111+0000] {dagbag.py:588} INFO - Filling up the DagBag from /home/airflow/.local/lib/python3.12/site-packages/airflow/example_dags/example_inlet_event_extra.py
[2025-01-16T18:01:47.870+0000] {processor.py:925} INFO - DAG(s) 'read_dataset_event', 'read_dataset_event_from_classic' retrieved from /home/airflow/.local/lib/python3.12/site-packages/airflow/example_dags/example_inlet_event_extra.py
[2025-01-16T18:01:47.920+0000] {logging_mixin.py:190} INFO - [2025-01-16T18:01:47.920+0000] {dag.py:3239} INFO - Sync 2 DAGs
[2025-01-16T18:01:47.985+0000] {logging_mixin.py:190} INFO - [2025-01-16T18:01:47.985+0000] {dag.py:4180} INFO - Setting next_dagrun for read_dataset_event to 2025-01-15 00:00:00+00:00, run_after=2025-01-16 00:00:00+00:00
[2025-01-16T18:01:48.002+0000] {logging_mixin.py:190} INFO - [2025-01-16T18:01:48.002+0000] {dag.py:4180} INFO - Setting next_dagrun for read_dataset_event_from_classic to 2025-01-15 00:00:00+00:00, run_after=2025-01-16 00:00:00+00:00
[2025-01-16T18:01:48.040+0000] {processor.py:208} INFO - Processing /home/airflow/.local/lib/python3.12/site-packages/airflow/example_dags/example_inlet_event_extra.py took 1.951 seconds
[2025-01-16T18:02:18.250+0000] {processor.py:186} INFO - Started process (PID=720) to work on /home/airflow/.local/lib/python3.12/site-packages/airflow/example_dags/example_inlet_event_extra.py
[2025-01-16T18:02:18.262+0000] {processor.py:914} INFO - Processing file /home/airflow/.local/lib/python3.12/site-packages/airflow/example_dags/example_inlet_event_extra.py for tasks to queue
[2025-01-16T18:02:18.264+0000] {logging_mixin.py:190} INFO - [2025-01-16T18:02:18.264+0000] {dagbag.py:588} INFO - Filling up the DagBag from /home/airflow/.local/lib/python3.12/site-packages/airflow/example_dags/example_inlet_event_extra.py
[2025-01-16T18:02:19.064+0000] {processor.py:925} INFO - DAG(s) 'read_dataset_event_from_classic', 'read_dataset_event' retrieved from /home/airflow/.local/lib/python3.12/site-packages/airflow/example_dags/example_inlet_event_extra.py
[2025-01-16T18:02:19.093+0000] {logging_mixin.py:190} INFO - [2025-01-16T18:02:19.093+0000] {dag.py:3239} INFO - Sync 2 DAGs
[2025-01-16T18:02:19.126+0000] {logging_mixin.py:190} INFO - [2025-01-16T18:02:19.125+0000] {dag.py:4180} INFO - Setting next_dagrun for read_dataset_event to 2025-01-15 00:00:00+00:00, run_after=2025-01-16 00:00:00+00:00
[2025-01-16T18:02:19.134+0000] {logging_mixin.py:190} INFO - [2025-01-16T18:02:19.134+0000] {dag.py:4180} INFO - Setting next_dagrun for read_dataset_event_from_classic to 2025-01-15 00:00:00+00:00, run_after=2025-01-16 00:00:00+00:00
[2025-01-16T18:02:19.159+0000] {processor.py:208} INFO - Processing /home/airflow/.local/lib/python3.12/site-packages/airflow/example_dags/example_inlet_event_extra.py took 0.915 seconds
[2025-01-16T18:02:49.784+0000] {processor.py:186} INFO - Started process (PID=785) to work on /home/airflow/.local/lib/python3.12/site-packages/airflow/example_dags/example_inlet_event_extra.py
[2025-01-16T18:02:49.787+0000] {processor.py:914} INFO - Processing file /home/airflow/.local/lib/python3.12/site-packages/airflow/example_dags/example_inlet_event_extra.py for tasks to queue
[2025-01-16T18:02:49.790+0000] {logging_mixin.py:190} INFO - [2025-01-16T18:02:49.790+0000] {dagbag.py:588} INFO - Filling up the DagBag from /home/airflow/.local/lib/python3.12/site-packages/airflow/example_dags/example_inlet_event_extra.py
[2025-01-16T18:02:50.287+0000] {processor.py:925} INFO - DAG(s) 'read_dataset_event', 'read_dataset_event_from_classic' retrieved from /home/airflow/.local/lib/python3.12/site-packages/airflow/example_dags/example_inlet_event_extra.py
[2025-01-16T18:02:50.306+0000] {logging_mixin.py:190} INFO - [2025-01-16T18:02:50.305+0000] {dag.py:3239} INFO - Sync 2 DAGs
[2025-01-16T18:02:50.326+0000] {logging_mixin.py:190} INFO - [2025-01-16T18:02:50.325+0000] {dag.py:4180} INFO - Setting next_dagrun for read_dataset_event to 2025-01-15 00:00:00+00:00, run_after=2025-01-16 00:00:00+00:00
[2025-01-16T18:02:50.330+0000] {logging_mixin.py:190} INFO - [2025-01-16T18:02:50.330+0000] {dag.py:4180} INFO - Setting next_dagrun for read_dataset_event_from_classic to 2025-01-15 00:00:00+00:00, run_after=2025-01-16 00:00:00+00:00
[2025-01-16T18:02:50.359+0000] {processor.py:208} INFO - Processing /home/airflow/.local/lib/python3.12/site-packages/airflow/example_dags/example_inlet_event_extra.py took 0.584 seconds
[2025-01-16T18:03:20.663+0000] {processor.py:186} INFO - Started process (PID=850) to work on /home/airflow/.local/lib/python3.12/site-packages/airflow/example_dags/example_inlet_event_extra.py
[2025-01-16T18:03:20.664+0000] {processor.py:914} INFO - Processing file /home/airflow/.local/lib/python3.12/site-packages/airflow/example_dags/example_inlet_event_extra.py for tasks to queue
[2025-01-16T18:03:20.667+0000] {logging_mixin.py:190} INFO - [2025-01-16T18:03:20.667+0000] {dagbag.py:588} INFO - Filling up the DagBag from /home/airflow/.local/lib/python3.12/site-packages/airflow/example_dags/example_inlet_event_extra.py
[2025-01-16T18:03:21.176+0000] {processor.py:925} INFO - DAG(s) 'read_dataset_event', 'read_dataset_event_from_classic' retrieved from /home/airflow/.local/lib/python3.12/site-packages/airflow/example_dags/example_inlet_event_extra.py
[2025-01-16T18:03:21.197+0000] {logging_mixin.py:190} INFO - [2025-01-16T18:03:21.197+0000] {dag.py:3239} INFO - Sync 2 DAGs
[2025-01-16T18:03:21.219+0000] {logging_mixin.py:190} INFO - [2025-01-16T18:03:21.218+0000] {dag.py:4180} INFO - Setting next_dagrun for read_dataset_event to 2025-01-15 00:00:00+00:00, run_after=2025-01-16 00:00:00+00:00
[2025-01-16T18:03:21.224+0000] {logging_mixin.py:190} INFO - [2025-01-16T18:03:21.224+0000] {dag.py:4180} INFO - Setting next_dagrun for read_dataset_event_from_classic to 2025-01-15 00:00:00+00:00, run_after=2025-01-16 00:00:00+00:00
[2025-01-16T18:03:21.248+0000] {processor.py:208} INFO - Processing /home/airflow/.local/lib/python3.12/site-packages/airflow/example_dags/example_inlet_event_extra.py took 0.590 seconds
[2025-01-16T18:03:51.853+0000] {processor.py:186} INFO - Started process (PID=915) to work on /home/airflow/.local/lib/python3.12/site-packages/airflow/example_dags/example_inlet_event_extra.py
[2025-01-16T18:03:51.854+0000] {processor.py:914} INFO - Processing file /home/airflow/.local/lib/python3.12/site-packages/airflow/example_dags/example_inlet_event_extra.py for tasks to queue
[2025-01-16T18:03:51.857+0000] {logging_mixin.py:190} INFO - [2025-01-16T18:03:51.857+0000] {dagbag.py:588} INFO - Filling up the DagBag from /home/airflow/.local/lib/python3.12/site-packages/airflow/example_dags/example_inlet_event_extra.py
[2025-01-16T18:03:52.363+0000] {processor.py:925} INFO - DAG(s) 'read_dataset_event', 'read_dataset_event_from_classic' retrieved from /home/airflow/.local/lib/python3.12/site-packages/airflow/example_dags/example_inlet_event_extra.py
[2025-01-16T18:03:52.391+0000] {logging_mixin.py:190} INFO - [2025-01-16T18:03:52.391+0000] {dag.py:3239} INFO - Sync 2 DAGs
[2025-01-16T18:03:52.413+0000] {logging_mixin.py:190} INFO - [2025-01-16T18:03:52.413+0000] {dag.py:4180} INFO - Setting next_dagrun for read_dataset_event to 2025-01-15 00:00:00+00:00, run_after=2025-01-16 00:00:00+00:00
[2025-01-16T18:03:52.417+0000] {logging_mixin.py:190} INFO - [2025-01-16T18:03:52.417+0000] {dag.py:4180} INFO - Setting next_dagrun for read_dataset_event_from_classic to 2025-01-15 00:00:00+00:00, run_after=2025-01-16 00:00:00+00:00
[2025-01-16T18:03:52.431+0000] {processor.py:208} INFO - Processing /home/airflow/.local/lib/python3.12/site-packages/airflow/example_dags/example_inlet_event_extra.py took 0.584 seconds
[2025-01-16T18:04:22.598+0000] {processor.py:186} INFO - Started process (PID=980) to work on /home/airflow/.local/lib/python3.12/site-packages/airflow/example_dags/example_inlet_event_extra.py
[2025-01-16T18:04:22.599+0000] {processor.py:914} INFO - Processing file /home/airflow/.local/lib/python3.12/site-packages/airflow/example_dags/example_inlet_event_extra.py for tasks to queue
[2025-01-16T18:04:22.601+0000] {logging_mixin.py:190} INFO - [2025-01-16T18:04:22.601+0000] {dagbag.py:588} INFO - Filling up the DagBag from /home/airflow/.local/lib/python3.12/site-packages/airflow/example_dags/example_inlet_event_extra.py
[2025-01-16T18:04:23.021+0000] {processor.py:925} INFO - DAG(s) 'read_dataset_event', 'read_dataset_event_from_classic' retrieved from /home/airflow/.local/lib/python3.12/site-packages/airflow/example_dags/example_inlet_event_extra.py
[2025-01-16T18:04:23.038+0000] {logging_mixin.py:190} INFO - [2025-01-16T18:04:23.038+0000] {dag.py:3239} INFO - Sync 2 DAGs
[2025-01-16T18:04:23.061+0000] {logging_mixin.py:190} INFO - [2025-01-16T18:04:23.061+0000] {dag.py:4180} INFO - Setting next_dagrun for read_dataset_event to 2025-01-15 00:00:00+00:00, run_after=2025-01-16 00:00:00+00:00
[2025-01-16T18:04:23.068+0000] {logging_mixin.py:190} INFO - [2025-01-16T18:04:23.068+0000] {dag.py:4180} INFO - Setting next_dagrun for read_dataset_event_from_classic to 2025-01-15 00:00:00+00:00, run_after=2025-01-16 00:00:00+00:00
[2025-01-16T18:04:23.086+0000] {processor.py:208} INFO - Processing /home/airflow/.local/lib/python3.12/site-packages/airflow/example_dags/example_inlet_event_extra.py took 0.494 seconds
[2025-01-16T18:04:53.399+0000] {processor.py:186} INFO - Started process (PID=1045) to work on /home/airflow/.local/lib/python3.12/site-packages/airflow/example_dags/example_inlet_event_extra.py
[2025-01-16T18:04:53.400+0000] {processor.py:914} INFO - Processing file /home/airflow/.local/lib/python3.12/site-packages/airflow/example_dags/example_inlet_event_extra.py for tasks to queue
[2025-01-16T18:04:53.406+0000] {logging_mixin.py:190} INFO - [2025-01-16T18:04:53.405+0000] {dagbag.py:588} INFO - Filling up the DagBag from /home/airflow/.local/lib/python3.12/site-packages/airflow/example_dags/example_inlet_event_extra.py
[2025-01-16T18:04:54.352+0000] {processor.py:925} INFO - DAG(s) 'read_dataset_event_from_classic', 'read_dataset_event' retrieved from /home/airflow/.local/lib/python3.12/site-packages/airflow/example_dags/example_inlet_event_extra.py
[2025-01-16T18:04:54.381+0000] {logging_mixin.py:190} INFO - [2025-01-16T18:04:54.381+0000] {dag.py:3239} INFO - Sync 2 DAGs
[2025-01-16T18:04:54.414+0000] {logging_mixin.py:190} INFO - [2025-01-16T18:04:54.414+0000] {dag.py:4180} INFO - Setting next_dagrun for read_dataset_event to 2025-01-15 00:00:00+00:00, run_after=2025-01-16 00:00:00+00:00
[2025-01-16T18:04:54.422+0000] {logging_mixin.py:190} INFO - [2025-01-16T18:04:54.422+0000] {dag.py:4180} INFO - Setting next_dagrun for read_dataset_event_from_classic to 2025-01-15 00:00:00+00:00, run_after=2025-01-16 00:00:00+00:00
[2025-01-16T18:04:54.446+0000] {processor.py:208} INFO - Processing /home/airflow/.local/lib/python3.12/site-packages/airflow/example_dags/example_inlet_event_extra.py took 1.055 seconds
[2025-01-16T18:05:24.895+0000] {processor.py:186} INFO - Started process (PID=1110) to work on /home/airflow/.local/lib/python3.12/site-packages/airflow/example_dags/example_inlet_event_extra.py
[2025-01-16T18:05:24.897+0000] {processor.py:914} INFO - Processing file /home/airflow/.local/lib/python3.12/site-packages/airflow/example_dags/example_inlet_event_extra.py for tasks to queue
[2025-01-16T18:05:24.899+0000] {logging_mixin.py:190} INFO - [2025-01-16T18:05:24.899+0000] {dagbag.py:588} INFO - Filling up the DagBag from /home/airflow/.local/lib/python3.12/site-packages/airflow/example_dags/example_inlet_event_extra.py
[2025-01-16T18:05:25.636+0000] {processor.py:925} INFO - DAG(s) 'read_dataset_event', 'read_dataset_event_from_classic' retrieved from /home/airflow/.local/lib/python3.12/site-packages/airflow/example_dags/example_inlet_event_extra.py
[2025-01-16T18:05:25.665+0000] {logging_mixin.py:190} INFO - [2025-01-16T18:05:25.664+0000] {dag.py:3239} INFO - Sync 2 DAGs
[2025-01-16T18:05:25.694+0000] {logging_mixin.py:190} INFO - [2025-01-16T18:05:25.694+0000] {dag.py:4180} INFO - Setting next_dagrun for read_dataset_event to 2025-01-15 00:00:00+00:00, run_after=2025-01-16 00:00:00+00:00
[2025-01-16T18:05:25.700+0000] {logging_mixin.py:190} INFO - [2025-01-16T18:05:25.700+0000] {dag.py:4180} INFO - Setting next_dagrun for read_dataset_event_from_classic to 2025-01-15 00:00:00+00:00, run_after=2025-01-16 00:00:00+00:00
[2025-01-16T18:05:25.734+0000] {processor.py:208} INFO - Processing /home/airflow/.local/lib/python3.12/site-packages/airflow/example_dags/example_inlet_event_extra.py took 0.844 seconds
[2025-01-16T18:05:55.972+0000] {processor.py:186} INFO - Started process (PID=1175) to work on /home/airflow/.local/lib/python3.12/site-packages/airflow/example_dags/example_inlet_event_extra.py
[2025-01-16T18:05:55.974+0000] {processor.py:914} INFO - Processing file /home/airflow/.local/lib/python3.12/site-packages/airflow/example_dags/example_inlet_event_extra.py for tasks to queue
[2025-01-16T18:05:55.977+0000] {logging_mixin.py:190} INFO - [2025-01-16T18:05:55.976+0000] {dagbag.py:588} INFO - Filling up the DagBag from /home/airflow/.local/lib/python3.12/site-packages/airflow/example_dags/example_inlet_event_extra.py
[2025-01-16T18:05:56.793+0000] {processor.py:925} INFO - DAG(s) 'read_dataset_event_from_classic', 'read_dataset_event' retrieved from /home/airflow/.local/lib/python3.12/site-packages/airflow/example_dags/example_inlet_event_extra.py
[2025-01-16T18:05:56.822+0000] {logging_mixin.py:190} INFO - [2025-01-16T18:05:56.822+0000] {dag.py:3239} INFO - Sync 2 DAGs
[2025-01-16T18:05:56.852+0000] {logging_mixin.py:190} INFO - [2025-01-16T18:05:56.852+0000] {dag.py:4180} INFO - Setting next_dagrun for read_dataset_event to 2025-01-15 00:00:00+00:00, run_after=2025-01-16 00:00:00+00:00
[2025-01-16T18:05:56.858+0000] {logging_mixin.py:190} INFO - [2025-01-16T18:05:56.858+0000] {dag.py:4180} INFO - Setting next_dagrun for read_dataset_event_from_classic to 2025-01-15 00:00:00+00:00, run_after=2025-01-16 00:00:00+00:00
[2025-01-16T18:05:56.883+0000] {processor.py:208} INFO - Processing /home/airflow/.local/lib/python3.12/site-packages/airflow/example_dags/example_inlet_event_extra.py took 0.917 seconds
[2025-01-16T18:06:27.653+0000] {processor.py:186} INFO - Started process (PID=1240) to work on /home/airflow/.local/lib/python3.12/site-packages/airflow/example_dags/example_inlet_event_extra.py
[2025-01-16T18:06:27.655+0000] {processor.py:914} INFO - Processing file /home/airflow/.local/lib/python3.12/site-packages/airflow/example_dags/example_inlet_event_extra.py for tasks to queue
[2025-01-16T18:06:27.658+0000] {logging_mixin.py:190} INFO - [2025-01-16T18:06:27.657+0000] {dagbag.py:588} INFO - Filling up the DagBag from /home/airflow/.local/lib/python3.12/site-packages/airflow/example_dags/example_inlet_event_extra.py
[2025-01-16T18:06:28.187+0000] {processor.py:925} INFO - DAG(s) 'read_dataset_event_from_classic', 'read_dataset_event' retrieved from /home/airflow/.local/lib/python3.12/site-packages/airflow/example_dags/example_inlet_event_extra.py
[2025-01-16T18:06:28.207+0000] {logging_mixin.py:190} INFO - [2025-01-16T18:06:28.207+0000] {dag.py:3239} INFO - Sync 2 DAGs
[2025-01-16T18:06:28.228+0000] {logging_mixin.py:190} INFO - [2025-01-16T18:06:28.228+0000] {dag.py:4180} INFO - Setting next_dagrun for read_dataset_event to 2025-01-15 00:00:00+00:00, run_after=2025-01-16 00:00:00+00:00
[2025-01-16T18:06:28.233+0000] {logging_mixin.py:190} INFO - [2025-01-16T18:06:28.233+0000] {dag.py:4180} INFO - Setting next_dagrun for read_dataset_event_from_classic to 2025-01-15 00:00:00+00:00, run_after=2025-01-16 00:00:00+00:00
[2025-01-16T18:06:28.262+0000] {processor.py:208} INFO - Processing /home/airflow/.local/lib/python3.12/site-packages/airflow/example_dags/example_inlet_event_extra.py took 0.616 seconds
