[2025-01-16T17:57:28.467+0000] {processor.py:186} INFO - Started process (PID=92) to work on /home/airflow/.local/lib/python3.12/site-packages/airflow/example_dags/example_task_group_decorator.py
[2025-01-16T17:57:28.468+0000] {processor.py:914} INFO - Processing file /home/airflow/.local/lib/python3.12/site-packages/airflow/example_dags/example_task_group_decorator.py for tasks to queue
[2025-01-16T17:57:28.474+0000] {logging_mixin.py:190} INFO - [2025-01-16T17:57:28.474+0000] {dagbag.py:588} INFO - Filling up the DagBag from /home/airflow/.local/lib/python3.12/site-packages/airflow/example_dags/example_task_group_decorator.py
[2025-01-16T17:57:28.499+0000] {processor.py:925} INFO - DAG(s) 'example_task_group_decorator' retrieved from /home/airflow/.local/lib/python3.12/site-packages/airflow/example_dags/example_task_group_decorator.py
[2025-01-16T17:57:28.646+0000] {logging_mixin.py:190} INFO - [2025-01-16T17:57:28.645+0000] {override.py:1911} INFO - Created Permission View: can edit on DAG:example_task_group_decorator
[2025-01-16T17:57:28.662+0000] {logging_mixin.py:190} INFO - [2025-01-16T17:57:28.661+0000] {override.py:1911} INFO - Created Permission View: can read on DAG:example_task_group_decorator
[2025-01-16T17:57:28.680+0000] {logging_mixin.py:190} INFO - [2025-01-16T17:57:28.680+0000] {override.py:1911} INFO - Created Permission View: can delete on DAG:example_task_group_decorator
[2025-01-16T17:57:28.693+0000] {logging_mixin.py:190} INFO - [2025-01-16T17:57:28.693+0000] {override.py:1911} INFO - Created Permission View: can create on DAG Run:example_task_group_decorator
[2025-01-16T17:57:28.702+0000] {logging_mixin.py:190} INFO - [2025-01-16T17:57:28.702+0000] {override.py:1911} INFO - Created Permission View: can delete on DAG Run:example_task_group_decorator
[2025-01-16T17:57:28.713+0000] {logging_mixin.py:190} INFO - [2025-01-16T17:57:28.713+0000] {override.py:1911} INFO - Created Permission View: can read on DAG Run:example_task_group_decorator
[2025-01-16T17:57:28.723+0000] {logging_mixin.py:190} INFO - [2025-01-16T17:57:28.723+0000] {override.py:1911} INFO - Created Permission View: menu access on DAG Run:example_task_group_decorator
[2025-01-16T17:57:28.724+0000] {logging_mixin.py:190} INFO - [2025-01-16T17:57:28.724+0000] {dag.py:3239} INFO - Sync 1 DAGs
[2025-01-16T17:57:28.748+0000] {logging_mixin.py:190} INFO - [2025-01-16T17:57:28.747+0000] {dag.py:3262} INFO - Creating ORM DAG for example_task_group_decorator
[2025-01-16T17:57:28.749+0000] {logging_mixin.py:190} INFO - [2025-01-16T17:57:28.749+0000] {dag.py:4180} INFO - Setting next_dagrun for example_task_group_decorator to None, run_after=None
[2025-01-16T17:57:28.776+0000] {processor.py:208} INFO - Processing /home/airflow/.local/lib/python3.12/site-packages/airflow/example_dags/example_task_group_decorator.py took 0.317 seconds
[2025-01-16T17:57:58.897+0000] {processor.py:186} INFO - Started process (PID=157) to work on /home/airflow/.local/lib/python3.12/site-packages/airflow/example_dags/example_task_group_decorator.py
[2025-01-16T17:57:58.900+0000] {processor.py:914} INFO - Processing file /home/airflow/.local/lib/python3.12/site-packages/airflow/example_dags/example_task_group_decorator.py for tasks to queue
[2025-01-16T17:57:58.903+0000] {logging_mixin.py:190} INFO - [2025-01-16T17:57:58.903+0000] {dagbag.py:588} INFO - Filling up the DagBag from /home/airflow/.local/lib/python3.12/site-packages/airflow/example_dags/example_task_group_decorator.py
[2025-01-16T17:57:58.918+0000] {processor.py:925} INFO - DAG(s) 'example_task_group_decorator' retrieved from /home/airflow/.local/lib/python3.12/site-packages/airflow/example_dags/example_task_group_decorator.py
[2025-01-16T17:57:58.943+0000] {logging_mixin.py:190} INFO - [2025-01-16T17:57:58.943+0000] {dag.py:3239} INFO - Sync 1 DAGs
[2025-01-16T17:57:58.958+0000] {logging_mixin.py:190} INFO - [2025-01-16T17:57:58.958+0000] {dag.py:4180} INFO - Setting next_dagrun for example_task_group_decorator to None, run_after=None
[2025-01-16T17:57:58.978+0000] {processor.py:208} INFO - Processing /home/airflow/.local/lib/python3.12/site-packages/airflow/example_dags/example_task_group_decorator.py took 0.087 seconds
[2025-01-16T17:58:29.564+0000] {processor.py:186} INFO - Started process (PID=222) to work on /home/airflow/.local/lib/python3.12/site-packages/airflow/example_dags/example_task_group_decorator.py
[2025-01-16T17:58:29.566+0000] {processor.py:914} INFO - Processing file /home/airflow/.local/lib/python3.12/site-packages/airflow/example_dags/example_task_group_decorator.py for tasks to queue
[2025-01-16T17:58:29.569+0000] {logging_mixin.py:190} INFO - [2025-01-16T17:58:29.569+0000] {dagbag.py:588} INFO - Filling up the DagBag from /home/airflow/.local/lib/python3.12/site-packages/airflow/example_dags/example_task_group_decorator.py
[2025-01-16T17:58:29.586+0000] {processor.py:925} INFO - DAG(s) 'example_task_group_decorator' retrieved from /home/airflow/.local/lib/python3.12/site-packages/airflow/example_dags/example_task_group_decorator.py
[2025-01-16T17:58:29.609+0000] {logging_mixin.py:190} INFO - [2025-01-16T17:58:29.609+0000] {dag.py:3239} INFO - Sync 1 DAGs
[2025-01-16T17:58:29.625+0000] {logging_mixin.py:190} INFO - [2025-01-16T17:58:29.625+0000] {dag.py:4180} INFO - Setting next_dagrun for example_task_group_decorator to None, run_after=None
[2025-01-16T17:58:29.647+0000] {processor.py:208} INFO - Processing /home/airflow/.local/lib/python3.12/site-packages/airflow/example_dags/example_task_group_decorator.py took 0.088 seconds
[2025-01-16T17:58:59.930+0000] {processor.py:186} INFO - Started process (PID=287) to work on /home/airflow/.local/lib/python3.12/site-packages/airflow/example_dags/example_task_group_decorator.py
[2025-01-16T17:58:59.931+0000] {processor.py:914} INFO - Processing file /home/airflow/.local/lib/python3.12/site-packages/airflow/example_dags/example_task_group_decorator.py for tasks to queue
[2025-01-16T17:58:59.935+0000] {logging_mixin.py:190} INFO - [2025-01-16T17:58:59.935+0000] {dagbag.py:588} INFO - Filling up the DagBag from /home/airflow/.local/lib/python3.12/site-packages/airflow/example_dags/example_task_group_decorator.py
[2025-01-16T17:58:59.948+0000] {processor.py:925} INFO - DAG(s) 'example_task_group_decorator' retrieved from /home/airflow/.local/lib/python3.12/site-packages/airflow/example_dags/example_task_group_decorator.py
[2025-01-16T17:58:59.972+0000] {logging_mixin.py:190} INFO - [2025-01-16T17:58:59.972+0000] {dag.py:3239} INFO - Sync 1 DAGs
[2025-01-16T17:58:59.989+0000] {logging_mixin.py:190} INFO - [2025-01-16T17:58:59.989+0000] {dag.py:4180} INFO - Setting next_dagrun for example_task_group_decorator to None, run_after=None
[2025-01-16T17:59:00.011+0000] {processor.py:208} INFO - Processing /home/airflow/.local/lib/python3.12/site-packages/airflow/example_dags/example_task_group_decorator.py took 0.085 seconds
[2025-01-16T17:59:30.791+0000] {processor.py:186} INFO - Started process (PID=352) to work on /home/airflow/.local/lib/python3.12/site-packages/airflow/example_dags/example_task_group_decorator.py
[2025-01-16T17:59:30.794+0000] {processor.py:914} INFO - Processing file /home/airflow/.local/lib/python3.12/site-packages/airflow/example_dags/example_task_group_decorator.py for tasks to queue
[2025-01-16T17:59:30.799+0000] {logging_mixin.py:190} INFO - [2025-01-16T17:59:30.798+0000] {dagbag.py:588} INFO - Filling up the DagBag from /home/airflow/.local/lib/python3.12/site-packages/airflow/example_dags/example_task_group_decorator.py
[2025-01-16T17:59:30.826+0000] {processor.py:925} INFO - DAG(s) 'example_task_group_decorator' retrieved from /home/airflow/.local/lib/python3.12/site-packages/airflow/example_dags/example_task_group_decorator.py
[2025-01-16T17:59:30.861+0000] {logging_mixin.py:190} INFO - [2025-01-16T17:59:30.860+0000] {dag.py:3239} INFO - Sync 1 DAGs
[2025-01-16T17:59:30.880+0000] {logging_mixin.py:190} INFO - [2025-01-16T17:59:30.880+0000] {dag.py:4180} INFO - Setting next_dagrun for example_task_group_decorator to None, run_after=None
[2025-01-16T17:59:30.913+0000] {processor.py:208} INFO - Processing /home/airflow/.local/lib/python3.12/site-packages/airflow/example_dags/example_task_group_decorator.py took 0.136 seconds
[2025-01-16T18:00:01.577+0000] {processor.py:186} INFO - Started process (PID=417) to work on /home/airflow/.local/lib/python3.12/site-packages/airflow/example_dags/example_task_group_decorator.py
[2025-01-16T18:00:01.578+0000] {processor.py:914} INFO - Processing file /home/airflow/.local/lib/python3.12/site-packages/airflow/example_dags/example_task_group_decorator.py for tasks to queue
[2025-01-16T18:00:01.581+0000] {logging_mixin.py:190} INFO - [2025-01-16T18:00:01.581+0000] {dagbag.py:588} INFO - Filling up the DagBag from /home/airflow/.local/lib/python3.12/site-packages/airflow/example_dags/example_task_group_decorator.py
[2025-01-16T18:00:01.597+0000] {processor.py:925} INFO - DAG(s) 'example_task_group_decorator' retrieved from /home/airflow/.local/lib/python3.12/site-packages/airflow/example_dags/example_task_group_decorator.py
[2025-01-16T18:00:01.622+0000] {logging_mixin.py:190} INFO - [2025-01-16T18:00:01.621+0000] {dag.py:3239} INFO - Sync 1 DAGs
[2025-01-16T18:00:01.636+0000] {logging_mixin.py:190} INFO - [2025-01-16T18:00:01.636+0000] {dag.py:4180} INFO - Setting next_dagrun for example_task_group_decorator to None, run_after=None
[2025-01-16T18:00:01.670+0000] {processor.py:208} INFO - Processing /home/airflow/.local/lib/python3.12/site-packages/airflow/example_dags/example_task_group_decorator.py took 0.099 seconds
[2025-01-16T18:00:32.208+0000] {processor.py:186} INFO - Started process (PID=482) to work on /home/airflow/.local/lib/python3.12/site-packages/airflow/example_dags/example_task_group_decorator.py
[2025-01-16T18:00:32.209+0000] {processor.py:914} INFO - Processing file /home/airflow/.local/lib/python3.12/site-packages/airflow/example_dags/example_task_group_decorator.py for tasks to queue
[2025-01-16T18:00:32.211+0000] {logging_mixin.py:190} INFO - [2025-01-16T18:00:32.210+0000] {dagbag.py:588} INFO - Filling up the DagBag from /home/airflow/.local/lib/python3.12/site-packages/airflow/example_dags/example_task_group_decorator.py
[2025-01-16T18:00:32.224+0000] {processor.py:925} INFO - DAG(s) 'example_task_group_decorator' retrieved from /home/airflow/.local/lib/python3.12/site-packages/airflow/example_dags/example_task_group_decorator.py
[2025-01-16T18:00:32.245+0000] {logging_mixin.py:190} INFO - [2025-01-16T18:00:32.245+0000] {dag.py:3239} INFO - Sync 1 DAGs
[2025-01-16T18:00:32.259+0000] {logging_mixin.py:190} INFO - [2025-01-16T18:00:32.258+0000] {dag.py:4180} INFO - Setting next_dagrun for example_task_group_decorator to None, run_after=None
[2025-01-16T18:00:32.290+0000] {processor.py:208} INFO - Processing /home/airflow/.local/lib/python3.12/site-packages/airflow/example_dags/example_task_group_decorator.py took 0.087 seconds
[2025-01-16T18:01:02.920+0000] {processor.py:186} INFO - Started process (PID=547) to work on /home/airflow/.local/lib/python3.12/site-packages/airflow/example_dags/example_task_group_decorator.py
[2025-01-16T18:01:02.921+0000] {processor.py:914} INFO - Processing file /home/airflow/.local/lib/python3.12/site-packages/airflow/example_dags/example_task_group_decorator.py for tasks to queue
[2025-01-16T18:01:02.924+0000] {logging_mixin.py:190} INFO - [2025-01-16T18:01:02.923+0000] {dagbag.py:588} INFO - Filling up the DagBag from /home/airflow/.local/lib/python3.12/site-packages/airflow/example_dags/example_task_group_decorator.py
[2025-01-16T18:01:02.937+0000] {processor.py:925} INFO - DAG(s) 'example_task_group_decorator' retrieved from /home/airflow/.local/lib/python3.12/site-packages/airflow/example_dags/example_task_group_decorator.py
[2025-01-16T18:01:02.958+0000] {logging_mixin.py:190} INFO - [2025-01-16T18:01:02.958+0000] {dag.py:3239} INFO - Sync 1 DAGs
[2025-01-16T18:01:02.970+0000] {logging_mixin.py:190} INFO - [2025-01-16T18:01:02.970+0000] {dag.py:4180} INFO - Setting next_dagrun for example_task_group_decorator to None, run_after=None
[2025-01-16T18:01:02.990+0000] {processor.py:208} INFO - Processing /home/airflow/.local/lib/python3.12/site-packages/airflow/example_dags/example_task_group_decorator.py took 0.077 seconds
[2025-01-16T18:01:33.716+0000] {processor.py:186} INFO - Started process (PID=612) to work on /home/airflow/.local/lib/python3.12/site-packages/airflow/example_dags/example_task_group_decorator.py
[2025-01-16T18:01:33.721+0000] {processor.py:914} INFO - Processing file /home/airflow/.local/lib/python3.12/site-packages/airflow/example_dags/example_task_group_decorator.py for tasks to queue
[2025-01-16T18:01:33.729+0000] {logging_mixin.py:190} INFO - [2025-01-16T18:01:33.728+0000] {dagbag.py:588} INFO - Filling up the DagBag from /home/airflow/.local/lib/python3.12/site-packages/airflow/example_dags/example_task_group_decorator.py
[2025-01-16T18:01:33.769+0000] {processor.py:925} INFO - DAG(s) 'example_task_group_decorator' retrieved from /home/airflow/.local/lib/python3.12/site-packages/airflow/example_dags/example_task_group_decorator.py
[2025-01-16T18:01:33.816+0000] {logging_mixin.py:190} INFO - [2025-01-16T18:01:33.816+0000] {dag.py:3239} INFO - Sync 1 DAGs
[2025-01-16T18:01:33.841+0000] {logging_mixin.py:190} INFO - [2025-01-16T18:01:33.841+0000] {dag.py:4180} INFO - Setting next_dagrun for example_task_group_decorator to None, run_after=None
[2025-01-16T18:01:33.881+0000] {processor.py:208} INFO - Processing /home/airflow/.local/lib/python3.12/site-packages/airflow/example_dags/example_task_group_decorator.py took 0.178 seconds
[2025-01-16T18:02:04.602+0000] {processor.py:186} INFO - Started process (PID=677) to work on /home/airflow/.local/lib/python3.12/site-packages/airflow/example_dags/example_task_group_decorator.py
[2025-01-16T18:02:04.605+0000] {processor.py:914} INFO - Processing file /home/airflow/.local/lib/python3.12/site-packages/airflow/example_dags/example_task_group_decorator.py for tasks to queue
[2025-01-16T18:02:04.607+0000] {logging_mixin.py:190} INFO - [2025-01-16T18:02:04.607+0000] {dagbag.py:588} INFO - Filling up the DagBag from /home/airflow/.local/lib/python3.12/site-packages/airflow/example_dags/example_task_group_decorator.py
[2025-01-16T18:02:04.620+0000] {processor.py:925} INFO - DAG(s) 'example_task_group_decorator' retrieved from /home/airflow/.local/lib/python3.12/site-packages/airflow/example_dags/example_task_group_decorator.py
[2025-01-16T18:02:04.641+0000] {logging_mixin.py:190} INFO - [2025-01-16T18:02:04.641+0000] {dag.py:3239} INFO - Sync 1 DAGs
[2025-01-16T18:02:04.653+0000] {logging_mixin.py:190} INFO - [2025-01-16T18:02:04.653+0000] {dag.py:4180} INFO - Setting next_dagrun for example_task_group_decorator to None, run_after=None
[2025-01-16T18:02:04.672+0000] {processor.py:208} INFO - Processing /home/airflow/.local/lib/python3.12/site-packages/airflow/example_dags/example_task_group_decorator.py took 0.074 seconds
[2025-01-16T18:02:35.282+0000] {processor.py:186} INFO - Started process (PID=743) to work on /home/airflow/.local/lib/python3.12/site-packages/airflow/example_dags/example_task_group_decorator.py
[2025-01-16T18:02:35.283+0000] {processor.py:914} INFO - Processing file /home/airflow/.local/lib/python3.12/site-packages/airflow/example_dags/example_task_group_decorator.py for tasks to queue
[2025-01-16T18:02:35.286+0000] {logging_mixin.py:190} INFO - [2025-01-16T18:02:35.286+0000] {dagbag.py:588} INFO - Filling up the DagBag from /home/airflow/.local/lib/python3.12/site-packages/airflow/example_dags/example_task_group_decorator.py
[2025-01-16T18:02:35.299+0000] {processor.py:925} INFO - DAG(s) 'example_task_group_decorator' retrieved from /home/airflow/.local/lib/python3.12/site-packages/airflow/example_dags/example_task_group_decorator.py
[2025-01-16T18:02:35.321+0000] {logging_mixin.py:190} INFO - [2025-01-16T18:02:35.321+0000] {dag.py:3239} INFO - Sync 1 DAGs
[2025-01-16T18:02:35.335+0000] {logging_mixin.py:190} INFO - [2025-01-16T18:02:35.334+0000] {dag.py:4180} INFO - Setting next_dagrun for example_task_group_decorator to None, run_after=None
[2025-01-16T18:02:35.362+0000] {processor.py:208} INFO - Processing /home/airflow/.local/lib/python3.12/site-packages/airflow/example_dags/example_task_group_decorator.py took 0.086 seconds
[2025-01-16T18:03:05.551+0000] {processor.py:186} INFO - Started process (PID=808) to work on /home/airflow/.local/lib/python3.12/site-packages/airflow/example_dags/example_task_group_decorator.py
[2025-01-16T18:03:05.552+0000] {processor.py:914} INFO - Processing file /home/airflow/.local/lib/python3.12/site-packages/airflow/example_dags/example_task_group_decorator.py for tasks to queue
[2025-01-16T18:03:05.554+0000] {logging_mixin.py:190} INFO - [2025-01-16T18:03:05.554+0000] {dagbag.py:588} INFO - Filling up the DagBag from /home/airflow/.local/lib/python3.12/site-packages/airflow/example_dags/example_task_group_decorator.py
[2025-01-16T18:03:05.568+0000] {processor.py:925} INFO - DAG(s) 'example_task_group_decorator' retrieved from /home/airflow/.local/lib/python3.12/site-packages/airflow/example_dags/example_task_group_decorator.py
[2025-01-16T18:03:05.593+0000] {logging_mixin.py:190} INFO - [2025-01-16T18:03:05.593+0000] {dag.py:3239} INFO - Sync 1 DAGs
[2025-01-16T18:03:05.608+0000] {logging_mixin.py:190} INFO - [2025-01-16T18:03:05.608+0000] {dag.py:4180} INFO - Setting next_dagrun for example_task_group_decorator to None, run_after=None
[2025-01-16T18:03:05.645+0000] {processor.py:208} INFO - Processing /home/airflow/.local/lib/python3.12/site-packages/airflow/example_dags/example_task_group_decorator.py took 0.100 seconds
[2025-01-16T18:03:36.053+0000] {processor.py:186} INFO - Started process (PID=873) to work on /home/airflow/.local/lib/python3.12/site-packages/airflow/example_dags/example_task_group_decorator.py
[2025-01-16T18:03:36.054+0000] {processor.py:914} INFO - Processing file /home/airflow/.local/lib/python3.12/site-packages/airflow/example_dags/example_task_group_decorator.py for tasks to queue
[2025-01-16T18:03:36.056+0000] {logging_mixin.py:190} INFO - [2025-01-16T18:03:36.056+0000] {dagbag.py:588} INFO - Filling up the DagBag from /home/airflow/.local/lib/python3.12/site-packages/airflow/example_dags/example_task_group_decorator.py
[2025-01-16T18:03:36.069+0000] {processor.py:925} INFO - DAG(s) 'example_task_group_decorator' retrieved from /home/airflow/.local/lib/python3.12/site-packages/airflow/example_dags/example_task_group_decorator.py
[2025-01-16T18:03:36.090+0000] {logging_mixin.py:190} INFO - [2025-01-16T18:03:36.089+0000] {dag.py:3239} INFO - Sync 1 DAGs
[2025-01-16T18:03:36.103+0000] {logging_mixin.py:190} INFO - [2025-01-16T18:03:36.103+0000] {dag.py:4180} INFO - Setting next_dagrun for example_task_group_decorator to None, run_after=None
[2025-01-16T18:03:36.126+0000] {processor.py:208} INFO - Processing /home/airflow/.local/lib/python3.12/site-packages/airflow/example_dags/example_task_group_decorator.py took 0.080 seconds
[2025-01-16T18:04:06.668+0000] {processor.py:186} INFO - Started process (PID=938) to work on /home/airflow/.local/lib/python3.12/site-packages/airflow/example_dags/example_task_group_decorator.py
[2025-01-16T18:04:06.670+0000] {processor.py:914} INFO - Processing file /home/airflow/.local/lib/python3.12/site-packages/airflow/example_dags/example_task_group_decorator.py for tasks to queue
[2025-01-16T18:04:06.673+0000] {logging_mixin.py:190} INFO - [2025-01-16T18:04:06.672+0000] {dagbag.py:588} INFO - Filling up the DagBag from /home/airflow/.local/lib/python3.12/site-packages/airflow/example_dags/example_task_group_decorator.py
[2025-01-16T18:04:06.693+0000] {processor.py:925} INFO - DAG(s) 'example_task_group_decorator' retrieved from /home/airflow/.local/lib/python3.12/site-packages/airflow/example_dags/example_task_group_decorator.py
[2025-01-16T18:04:06.723+0000] {logging_mixin.py:190} INFO - [2025-01-16T18:04:06.723+0000] {dag.py:3239} INFO - Sync 1 DAGs
[2025-01-16T18:04:06.739+0000] {logging_mixin.py:190} INFO - [2025-01-16T18:04:06.739+0000] {dag.py:4180} INFO - Setting next_dagrun for example_task_group_decorator to None, run_after=None
[2025-01-16T18:04:06.768+0000] {processor.py:208} INFO - Processing /home/airflow/.local/lib/python3.12/site-packages/airflow/example_dags/example_task_group_decorator.py took 0.110 seconds
[2025-01-16T18:04:36.990+0000] {processor.py:186} INFO - Started process (PID=1003) to work on /home/airflow/.local/lib/python3.12/site-packages/airflow/example_dags/example_task_group_decorator.py
[2025-01-16T18:04:36.991+0000] {processor.py:914} INFO - Processing file /home/airflow/.local/lib/python3.12/site-packages/airflow/example_dags/example_task_group_decorator.py for tasks to queue
[2025-01-16T18:04:36.993+0000] {logging_mixin.py:190} INFO - [2025-01-16T18:04:36.993+0000] {dagbag.py:588} INFO - Filling up the DagBag from /home/airflow/.local/lib/python3.12/site-packages/airflow/example_dags/example_task_group_decorator.py
[2025-01-16T18:04:37.006+0000] {processor.py:925} INFO - DAG(s) 'example_task_group_decorator' retrieved from /home/airflow/.local/lib/python3.12/site-packages/airflow/example_dags/example_task_group_decorator.py
[2025-01-16T18:04:37.028+0000] {logging_mixin.py:190} INFO - [2025-01-16T18:04:37.027+0000] {dag.py:3239} INFO - Sync 1 DAGs
[2025-01-16T18:04:37.046+0000] {logging_mixin.py:190} INFO - [2025-01-16T18:04:37.045+0000] {dag.py:4180} INFO - Setting next_dagrun for example_task_group_decorator to None, run_after=None
[2025-01-16T18:04:37.069+0000] {processor.py:208} INFO - Processing /home/airflow/.local/lib/python3.12/site-packages/airflow/example_dags/example_task_group_decorator.py took 0.084 seconds
[2025-01-16T18:05:07.736+0000] {processor.py:186} INFO - Started process (PID=1068) to work on /home/airflow/.local/lib/python3.12/site-packages/airflow/example_dags/example_task_group_decorator.py
[2025-01-16T18:05:07.737+0000] {processor.py:914} INFO - Processing file /home/airflow/.local/lib/python3.12/site-packages/airflow/example_dags/example_task_group_decorator.py for tasks to queue
[2025-01-16T18:05:07.742+0000] {logging_mixin.py:190} INFO - [2025-01-16T18:05:07.742+0000] {dagbag.py:588} INFO - Filling up the DagBag from /home/airflow/.local/lib/python3.12/site-packages/airflow/example_dags/example_task_group_decorator.py
[2025-01-16T18:05:07.765+0000] {processor.py:925} INFO - DAG(s) 'example_task_group_decorator' retrieved from /home/airflow/.local/lib/python3.12/site-packages/airflow/example_dags/example_task_group_decorator.py
[2025-01-16T18:05:07.797+0000] {logging_mixin.py:190} INFO - [2025-01-16T18:05:07.797+0000] {dag.py:3239} INFO - Sync 1 DAGs
[2025-01-16T18:05:07.816+0000] {logging_mixin.py:190} INFO - [2025-01-16T18:05:07.816+0000] {dag.py:4180} INFO - Setting next_dagrun for example_task_group_decorator to None, run_after=None
[2025-01-16T18:05:07.839+0000] {processor.py:208} INFO - Processing /home/airflow/.local/lib/python3.12/site-packages/airflow/example_dags/example_task_group_decorator.py took 0.109 seconds
[2025-01-16T18:05:38.066+0000] {processor.py:186} INFO - Started process (PID=1133) to work on /home/airflow/.local/lib/python3.12/site-packages/airflow/example_dags/example_task_group_decorator.py
[2025-01-16T18:05:38.067+0000] {processor.py:914} INFO - Processing file /home/airflow/.local/lib/python3.12/site-packages/airflow/example_dags/example_task_group_decorator.py for tasks to queue
[2025-01-16T18:05:38.071+0000] {logging_mixin.py:190} INFO - [2025-01-16T18:05:38.070+0000] {dagbag.py:588} INFO - Filling up the DagBag from /home/airflow/.local/lib/python3.12/site-packages/airflow/example_dags/example_task_group_decorator.py
[2025-01-16T18:05:38.091+0000] {processor.py:925} INFO - DAG(s) 'example_task_group_decorator' retrieved from /home/airflow/.local/lib/python3.12/site-packages/airflow/example_dags/example_task_group_decorator.py
[2025-01-16T18:05:38.121+0000] {logging_mixin.py:190} INFO - [2025-01-16T18:05:38.121+0000] {dag.py:3239} INFO - Sync 1 DAGs
[2025-01-16T18:05:38.140+0000] {logging_mixin.py:190} INFO - [2025-01-16T18:05:38.139+0000] {dag.py:4180} INFO - Setting next_dagrun for example_task_group_decorator to None, run_after=None
[2025-01-16T18:05:38.168+0000] {processor.py:208} INFO - Processing /home/airflow/.local/lib/python3.12/site-packages/airflow/example_dags/example_task_group_decorator.py took 0.112 seconds
[2025-01-16T18:06:08.687+0000] {processor.py:186} INFO - Started process (PID=1198) to work on /home/airflow/.local/lib/python3.12/site-packages/airflow/example_dags/example_task_group_decorator.py
[2025-01-16T18:06:08.688+0000] {processor.py:914} INFO - Processing file /home/airflow/.local/lib/python3.12/site-packages/airflow/example_dags/example_task_group_decorator.py for tasks to queue
[2025-01-16T18:06:08.691+0000] {logging_mixin.py:190} INFO - [2025-01-16T18:06:08.690+0000] {dagbag.py:588} INFO - Filling up the DagBag from /home/airflow/.local/lib/python3.12/site-packages/airflow/example_dags/example_task_group_decorator.py
[2025-01-16T18:06:08.705+0000] {processor.py:925} INFO - DAG(s) 'example_task_group_decorator' retrieved from /home/airflow/.local/lib/python3.12/site-packages/airflow/example_dags/example_task_group_decorator.py
[2025-01-16T18:06:08.726+0000] {logging_mixin.py:190} INFO - [2025-01-16T18:06:08.726+0000] {dag.py:3239} INFO - Sync 1 DAGs
[2025-01-16T18:06:08.743+0000] {logging_mixin.py:190} INFO - [2025-01-16T18:06:08.743+0000] {dag.py:4180} INFO - Setting next_dagrun for example_task_group_decorator to None, run_after=None
[2025-01-16T18:06:08.766+0000] {processor.py:208} INFO - Processing /home/airflow/.local/lib/python3.12/site-packages/airflow/example_dags/example_task_group_decorator.py took 0.085 seconds
[2025-01-16T18:06:38.852+0000] {processor.py:186} INFO - Started process (PID=1263) to work on /home/airflow/.local/lib/python3.12/site-packages/airflow/example_dags/example_task_group_decorator.py
[2025-01-16T18:06:38.853+0000] {processor.py:914} INFO - Processing file /home/airflow/.local/lib/python3.12/site-packages/airflow/example_dags/example_task_group_decorator.py for tasks to queue
[2025-01-16T18:06:38.857+0000] {logging_mixin.py:190} INFO - [2025-01-16T18:06:38.856+0000] {dagbag.py:588} INFO - Filling up the DagBag from /home/airflow/.local/lib/python3.12/site-packages/airflow/example_dags/example_task_group_decorator.py
[2025-01-16T18:06:38.869+0000] {processor.py:925} INFO - DAG(s) 'example_task_group_decorator' retrieved from /home/airflow/.local/lib/python3.12/site-packages/airflow/example_dags/example_task_group_decorator.py
[2025-01-16T18:06:38.892+0000] {logging_mixin.py:190} INFO - [2025-01-16T18:06:38.892+0000] {dag.py:3239} INFO - Sync 1 DAGs
[2025-01-16T18:06:38.904+0000] {logging_mixin.py:190} INFO - [2025-01-16T18:06:38.904+0000] {dag.py:4180} INFO - Setting next_dagrun for example_task_group_decorator to None, run_after=None
[2025-01-16T18:06:38.925+0000] {processor.py:208} INFO - Processing /home/airflow/.local/lib/python3.12/site-packages/airflow/example_dags/example_task_group_decorator.py took 0.078 seconds
