[2025-01-16T17:57:34.843+0000] {processor.py:186} INFO - Started process (PID=112) to work on /home/airflow/.local/lib/python3.12/site-packages/airflow/example_dags/example_bash_decorator.py
[2025-01-16T17:57:34.844+0000] {processor.py:914} INFO - Processing file /home/airflow/.local/lib/python3.12/site-packages/airflow/example_dags/example_bash_decorator.py for tasks to queue
[2025-01-16T17:57:34.849+0000] {logging_mixin.py:190} INFO - [2025-01-16T17:57:34.848+0000] {dagbag.py:588} INFO - Filling up the DagBag from /home/airflow/.local/lib/python3.12/site-packages/airflow/example_dags/example_bash_decorator.py
[2025-01-16T17:57:34.876+0000] {processor.py:925} INFO - DAG(s) 'example_bash_decorator' retrieved from /home/airflow/.local/lib/python3.12/site-packages/airflow/example_dags/example_bash_decorator.py
[2025-01-16T17:57:35.046+0000] {logging_mixin.py:190} INFO - [2025-01-16T17:57:35.043+0000] {override.py:1911} INFO - Created Permission View: can edit on DAG:example_bash_decorator
[2025-01-16T17:57:35.077+0000] {logging_mixin.py:190} INFO - [2025-01-16T17:57:35.077+0000] {override.py:1911} INFO - Created Permission View: can read on DAG:example_bash_decorator
[2025-01-16T17:57:35.090+0000] {logging_mixin.py:190} INFO - [2025-01-16T17:57:35.089+0000] {override.py:1911} INFO - Created Permission View: can delete on DAG:example_bash_decorator
[2025-01-16T17:57:35.103+0000] {logging_mixin.py:190} INFO - [2025-01-16T17:57:35.102+0000] {override.py:1911} INFO - Created Permission View: can create on DAG Run:example_bash_decorator
[2025-01-16T17:57:35.119+0000] {logging_mixin.py:190} INFO - [2025-01-16T17:57:35.119+0000] {override.py:1911} INFO - Created Permission View: can delete on DAG Run:example_bash_decorator
[2025-01-16T17:57:35.133+0000] {logging_mixin.py:190} INFO - [2025-01-16T17:57:35.132+0000] {override.py:1911} INFO - Created Permission View: can read on DAG Run:example_bash_decorator
[2025-01-16T17:57:35.143+0000] {logging_mixin.py:190} INFO - [2025-01-16T17:57:35.142+0000] {override.py:1911} INFO - Created Permission View: menu access on DAG Run:example_bash_decorator
[2025-01-16T17:57:35.144+0000] {logging_mixin.py:190} INFO - [2025-01-16T17:57:35.144+0000] {dag.py:3239} INFO - Sync 1 DAGs
[2025-01-16T17:57:35.170+0000] {logging_mixin.py:190} INFO - [2025-01-16T17:57:35.170+0000] {dag.py:3262} INFO - Creating ORM DAG for example_bash_decorator
[2025-01-16T17:57:35.171+0000] {logging_mixin.py:190} INFO - [2025-01-16T17:57:35.171+0000] {dag.py:4180} INFO - Setting next_dagrun for example_bash_decorator to None, run_after=None
[2025-01-16T17:57:35.192+0000] {processor.py:208} INFO - Processing /home/airflow/.local/lib/python3.12/site-packages/airflow/example_dags/example_bash_decorator.py took 0.357 seconds
[2025-01-16T17:58:06.095+0000] {processor.py:186} INFO - Started process (PID=178) to work on /home/airflow/.local/lib/python3.12/site-packages/airflow/example_dags/example_bash_decorator.py
[2025-01-16T17:58:06.097+0000] {processor.py:914} INFO - Processing file /home/airflow/.local/lib/python3.12/site-packages/airflow/example_dags/example_bash_decorator.py for tasks to queue
[2025-01-16T17:58:06.102+0000] {logging_mixin.py:190} INFO - [2025-01-16T17:58:06.101+0000] {dagbag.py:588} INFO - Filling up the DagBag from /home/airflow/.local/lib/python3.12/site-packages/airflow/example_dags/example_bash_decorator.py
[2025-01-16T17:58:06.131+0000] {processor.py:925} INFO - DAG(s) 'example_bash_decorator' retrieved from /home/airflow/.local/lib/python3.12/site-packages/airflow/example_dags/example_bash_decorator.py
[2025-01-16T17:58:06.179+0000] {logging_mixin.py:190} INFO - [2025-01-16T17:58:06.178+0000] {dag.py:3239} INFO - Sync 1 DAGs
[2025-01-16T17:58:06.207+0000] {logging_mixin.py:190} INFO - [2025-01-16T17:58:06.206+0000] {dag.py:4180} INFO - Setting next_dagrun for example_bash_decorator to None, run_after=None
[2025-01-16T17:58:06.246+0000] {processor.py:208} INFO - Processing /home/airflow/.local/lib/python3.12/site-packages/airflow/example_dags/example_bash_decorator.py took 0.161 seconds
[2025-01-16T17:58:36.408+0000] {processor.py:186} INFO - Started process (PID=243) to work on /home/airflow/.local/lib/python3.12/site-packages/airflow/example_dags/example_bash_decorator.py
[2025-01-16T17:58:36.409+0000] {processor.py:914} INFO - Processing file /home/airflow/.local/lib/python3.12/site-packages/airflow/example_dags/example_bash_decorator.py for tasks to queue
[2025-01-16T17:58:36.411+0000] {logging_mixin.py:190} INFO - [2025-01-16T17:58:36.411+0000] {dagbag.py:588} INFO - Filling up the DagBag from /home/airflow/.local/lib/python3.12/site-packages/airflow/example_dags/example_bash_decorator.py
[2025-01-16T17:58:36.425+0000] {processor.py:925} INFO - DAG(s) 'example_bash_decorator' retrieved from /home/airflow/.local/lib/python3.12/site-packages/airflow/example_dags/example_bash_decorator.py
[2025-01-16T17:58:36.449+0000] {logging_mixin.py:190} INFO - [2025-01-16T17:58:36.449+0000] {dag.py:3239} INFO - Sync 1 DAGs
[2025-01-16T17:58:36.466+0000] {logging_mixin.py:190} INFO - [2025-01-16T17:58:36.466+0000] {dag.py:4180} INFO - Setting next_dagrun for example_bash_decorator to None, run_after=None
[2025-01-16T17:58:36.492+0000] {processor.py:208} INFO - Processing /home/airflow/.local/lib/python3.12/site-packages/airflow/example_dags/example_bash_decorator.py took 0.091 seconds
[2025-01-16T17:59:06.583+0000] {processor.py:186} INFO - Started process (PID=308) to work on /home/airflow/.local/lib/python3.12/site-packages/airflow/example_dags/example_bash_decorator.py
[2025-01-16T17:59:06.584+0000] {processor.py:914} INFO - Processing file /home/airflow/.local/lib/python3.12/site-packages/airflow/example_dags/example_bash_decorator.py for tasks to queue
[2025-01-16T17:59:06.587+0000] {logging_mixin.py:190} INFO - [2025-01-16T17:59:06.586+0000] {dagbag.py:588} INFO - Filling up the DagBag from /home/airflow/.local/lib/python3.12/site-packages/airflow/example_dags/example_bash_decorator.py
[2025-01-16T17:59:06.604+0000] {processor.py:925} INFO - DAG(s) 'example_bash_decorator' retrieved from /home/airflow/.local/lib/python3.12/site-packages/airflow/example_dags/example_bash_decorator.py
[2025-01-16T17:59:06.633+0000] {logging_mixin.py:190} INFO - [2025-01-16T17:59:06.633+0000] {dag.py:3239} INFO - Sync 1 DAGs
[2025-01-16T17:59:06.652+0000] {logging_mixin.py:190} INFO - [2025-01-16T17:59:06.652+0000] {dag.py:4180} INFO - Setting next_dagrun for example_bash_decorator to None, run_after=None
[2025-01-16T17:59:06.679+0000] {processor.py:208} INFO - Processing /home/airflow/.local/lib/python3.12/site-packages/airflow/example_dags/example_bash_decorator.py took 0.104 seconds
[2025-01-16T17:59:37.364+0000] {processor.py:186} INFO - Started process (PID=373) to work on /home/airflow/.local/lib/python3.12/site-packages/airflow/example_dags/example_bash_decorator.py
[2025-01-16T17:59:37.369+0000] {processor.py:914} INFO - Processing file /home/airflow/.local/lib/python3.12/site-packages/airflow/example_dags/example_bash_decorator.py for tasks to queue
[2025-01-16T17:59:37.372+0000] {logging_mixin.py:190} INFO - [2025-01-16T17:59:37.371+0000] {dagbag.py:588} INFO - Filling up the DagBag from /home/airflow/.local/lib/python3.12/site-packages/airflow/example_dags/example_bash_decorator.py
[2025-01-16T17:59:37.392+0000] {processor.py:925} INFO - DAG(s) 'example_bash_decorator' retrieved from /home/airflow/.local/lib/python3.12/site-packages/airflow/example_dags/example_bash_decorator.py
[2025-01-16T17:59:37.422+0000] {logging_mixin.py:190} INFO - [2025-01-16T17:59:37.422+0000] {dag.py:3239} INFO - Sync 1 DAGs
[2025-01-16T17:59:37.440+0000] {logging_mixin.py:190} INFO - [2025-01-16T17:59:37.440+0000] {dag.py:4180} INFO - Setting next_dagrun for example_bash_decorator to None, run_after=None
[2025-01-16T17:59:37.464+0000] {processor.py:208} INFO - Processing /home/airflow/.local/lib/python3.12/site-packages/airflow/example_dags/example_bash_decorator.py took 0.108 seconds
[2025-01-16T18:00:08.518+0000] {processor.py:186} INFO - Started process (PID=438) to work on /home/airflow/.local/lib/python3.12/site-packages/airflow/example_dags/example_bash_decorator.py
[2025-01-16T18:00:08.521+0000] {processor.py:914} INFO - Processing file /home/airflow/.local/lib/python3.12/site-packages/airflow/example_dags/example_bash_decorator.py for tasks to queue
[2025-01-16T18:00:08.526+0000] {logging_mixin.py:190} INFO - [2025-01-16T18:00:08.525+0000] {dagbag.py:588} INFO - Filling up the DagBag from /home/airflow/.local/lib/python3.12/site-packages/airflow/example_dags/example_bash_decorator.py
[2025-01-16T18:00:08.550+0000] {processor.py:925} INFO - DAG(s) 'example_bash_decorator' retrieved from /home/airflow/.local/lib/python3.12/site-packages/airflow/example_dags/example_bash_decorator.py
[2025-01-16T18:00:08.579+0000] {logging_mixin.py:190} INFO - [2025-01-16T18:00:08.579+0000] {dag.py:3239} INFO - Sync 1 DAGs
[2025-01-16T18:00:08.610+0000] {logging_mixin.py:190} INFO - [2025-01-16T18:00:08.609+0000] {dag.py:4180} INFO - Setting next_dagrun for example_bash_decorator to None, run_after=None
[2025-01-16T18:00:08.657+0000] {processor.py:208} INFO - Processing /home/airflow/.local/lib/python3.12/site-packages/airflow/example_dags/example_bash_decorator.py took 0.148 seconds
[2025-01-16T18:00:39.536+0000] {processor.py:186} INFO - Started process (PID=509) to work on /home/airflow/.local/lib/python3.12/site-packages/airflow/example_dags/example_bash_decorator.py
[2025-01-16T18:00:39.537+0000] {processor.py:914} INFO - Processing file /home/airflow/.local/lib/python3.12/site-packages/airflow/example_dags/example_bash_decorator.py for tasks to queue
[2025-01-16T18:00:39.539+0000] {logging_mixin.py:190} INFO - [2025-01-16T18:00:39.539+0000] {dagbag.py:588} INFO - Filling up the DagBag from /home/airflow/.local/lib/python3.12/site-packages/airflow/example_dags/example_bash_decorator.py
[2025-01-16T18:00:39.555+0000] {processor.py:925} INFO - DAG(s) 'example_bash_decorator' retrieved from /home/airflow/.local/lib/python3.12/site-packages/airflow/example_dags/example_bash_decorator.py
[2025-01-16T18:00:39.583+0000] {logging_mixin.py:190} INFO - [2025-01-16T18:00:39.583+0000] {dag.py:3239} INFO - Sync 1 DAGs
[2025-01-16T18:00:39.600+0000] {logging_mixin.py:190} INFO - [2025-01-16T18:00:39.600+0000] {dag.py:4180} INFO - Setting next_dagrun for example_bash_decorator to None, run_after=None
[2025-01-16T18:00:39.623+0000] {processor.py:208} INFO - Processing /home/airflow/.local/lib/python3.12/site-packages/airflow/example_dags/example_bash_decorator.py took 0.094 seconds
[2025-01-16T18:01:09.958+0000] {processor.py:186} INFO - Started process (PID=573) to work on /home/airflow/.local/lib/python3.12/site-packages/airflow/example_dags/example_bash_decorator.py
[2025-01-16T18:01:09.960+0000] {processor.py:914} INFO - Processing file /home/airflow/.local/lib/python3.12/site-packages/airflow/example_dags/example_bash_decorator.py for tasks to queue
[2025-01-16T18:01:09.964+0000] {logging_mixin.py:190} INFO - [2025-01-16T18:01:09.963+0000] {dagbag.py:588} INFO - Filling up the DagBag from /home/airflow/.local/lib/python3.12/site-packages/airflow/example_dags/example_bash_decorator.py
[2025-01-16T18:01:09.986+0000] {processor.py:925} INFO - DAG(s) 'example_bash_decorator' retrieved from /home/airflow/.local/lib/python3.12/site-packages/airflow/example_dags/example_bash_decorator.py
[2025-01-16T18:01:10.015+0000] {logging_mixin.py:190} INFO - [2025-01-16T18:01:10.014+0000] {dag.py:3239} INFO - Sync 1 DAGs
[2025-01-16T18:01:10.036+0000] {logging_mixin.py:190} INFO - [2025-01-16T18:01:10.035+0000] {dag.py:4180} INFO - Setting next_dagrun for example_bash_decorator to None, run_after=None
[2025-01-16T18:01:10.061+0000] {processor.py:208} INFO - Processing /home/airflow/.local/lib/python3.12/site-packages/airflow/example_dags/example_bash_decorator.py took 0.109 seconds
[2025-01-16T18:01:41.731+0000] {processor.py:186} INFO - Started process (PID=638) to work on /home/airflow/.local/lib/python3.12/site-packages/airflow/example_dags/example_bash_decorator.py
[2025-01-16T18:01:41.734+0000] {processor.py:914} INFO - Processing file /home/airflow/.local/lib/python3.12/site-packages/airflow/example_dags/example_bash_decorator.py for tasks to queue
[2025-01-16T18:01:41.738+0000] {logging_mixin.py:190} INFO - [2025-01-16T18:01:41.737+0000] {dagbag.py:588} INFO - Filling up the DagBag from /home/airflow/.local/lib/python3.12/site-packages/airflow/example_dags/example_bash_decorator.py
[2025-01-16T18:01:41.779+0000] {processor.py:925} INFO - DAG(s) 'example_bash_decorator' retrieved from /home/airflow/.local/lib/python3.12/site-packages/airflow/example_dags/example_bash_decorator.py
[2025-01-16T18:01:41.826+0000] {logging_mixin.py:190} INFO - [2025-01-16T18:01:41.825+0000] {dag.py:3239} INFO - Sync 1 DAGs
[2025-01-16T18:01:41.857+0000] {logging_mixin.py:190} INFO - [2025-01-16T18:01:41.856+0000] {dag.py:4180} INFO - Setting next_dagrun for example_bash_decorator to None, run_after=None
[2025-01-16T18:01:41.896+0000] {processor.py:208} INFO - Processing /home/airflow/.local/lib/python3.12/site-packages/airflow/example_dags/example_bash_decorator.py took 0.174 seconds
[2025-01-16T18:02:12.272+0000] {processor.py:186} INFO - Started process (PID=703) to work on /home/airflow/.local/lib/python3.12/site-packages/airflow/example_dags/example_bash_decorator.py
[2025-01-16T18:02:12.274+0000] {processor.py:914} INFO - Processing file /home/airflow/.local/lib/python3.12/site-packages/airflow/example_dags/example_bash_decorator.py for tasks to queue
[2025-01-16T18:02:12.276+0000] {logging_mixin.py:190} INFO - [2025-01-16T18:02:12.276+0000] {dagbag.py:588} INFO - Filling up the DagBag from /home/airflow/.local/lib/python3.12/site-packages/airflow/example_dags/example_bash_decorator.py
[2025-01-16T18:02:12.294+0000] {processor.py:925} INFO - DAG(s) 'example_bash_decorator' retrieved from /home/airflow/.local/lib/python3.12/site-packages/airflow/example_dags/example_bash_decorator.py
[2025-01-16T18:02:12.320+0000] {logging_mixin.py:190} INFO - [2025-01-16T18:02:12.319+0000] {dag.py:3239} INFO - Sync 1 DAGs
[2025-01-16T18:02:12.334+0000] {logging_mixin.py:190} INFO - [2025-01-16T18:02:12.334+0000] {dag.py:4180} INFO - Setting next_dagrun for example_bash_decorator to None, run_after=None
[2025-01-16T18:02:12.357+0000] {processor.py:208} INFO - Processing /home/airflow/.local/lib/python3.12/site-packages/airflow/example_dags/example_bash_decorator.py took 0.092 seconds
[2025-01-16T18:02:43.298+0000] {processor.py:186} INFO - Started process (PID=768) to work on /home/airflow/.local/lib/python3.12/site-packages/airflow/example_dags/example_bash_decorator.py
[2025-01-16T18:02:43.300+0000] {processor.py:914} INFO - Processing file /home/airflow/.local/lib/python3.12/site-packages/airflow/example_dags/example_bash_decorator.py for tasks to queue
[2025-01-16T18:02:43.303+0000] {logging_mixin.py:190} INFO - [2025-01-16T18:02:43.303+0000] {dagbag.py:588} INFO - Filling up the DagBag from /home/airflow/.local/lib/python3.12/site-packages/airflow/example_dags/example_bash_decorator.py
[2025-01-16T18:02:43.322+0000] {processor.py:925} INFO - DAG(s) 'example_bash_decorator' retrieved from /home/airflow/.local/lib/python3.12/site-packages/airflow/example_dags/example_bash_decorator.py
[2025-01-16T18:02:43.354+0000] {logging_mixin.py:190} INFO - [2025-01-16T18:02:43.354+0000] {dag.py:3239} INFO - Sync 1 DAGs
[2025-01-16T18:02:43.375+0000] {logging_mixin.py:190} INFO - [2025-01-16T18:02:43.375+0000] {dag.py:4180} INFO - Setting next_dagrun for example_bash_decorator to None, run_after=None
[2025-01-16T18:02:43.404+0000] {processor.py:208} INFO - Processing /home/airflow/.local/lib/python3.12/site-packages/airflow/example_dags/example_bash_decorator.py took 0.113 seconds
[2025-01-16T18:03:13.635+0000] {processor.py:186} INFO - Started process (PID=833) to work on /home/airflow/.local/lib/python3.12/site-packages/airflow/example_dags/example_bash_decorator.py
[2025-01-16T18:03:13.636+0000] {processor.py:914} INFO - Processing file /home/airflow/.local/lib/python3.12/site-packages/airflow/example_dags/example_bash_decorator.py for tasks to queue
[2025-01-16T18:03:13.639+0000] {logging_mixin.py:190} INFO - [2025-01-16T18:03:13.639+0000] {dagbag.py:588} INFO - Filling up the DagBag from /home/airflow/.local/lib/python3.12/site-packages/airflow/example_dags/example_bash_decorator.py
[2025-01-16T18:03:13.655+0000] {processor.py:925} INFO - DAG(s) 'example_bash_decorator' retrieved from /home/airflow/.local/lib/python3.12/site-packages/airflow/example_dags/example_bash_decorator.py
[2025-01-16T18:03:13.677+0000] {logging_mixin.py:190} INFO - [2025-01-16T18:03:13.677+0000] {dag.py:3239} INFO - Sync 1 DAGs
[2025-01-16T18:03:13.690+0000] {logging_mixin.py:190} INFO - [2025-01-16T18:03:13.690+0000] {dag.py:4180} INFO - Setting next_dagrun for example_bash_decorator to None, run_after=None
[2025-01-16T18:03:13.725+0000] {processor.py:208} INFO - Processing /home/airflow/.local/lib/python3.12/site-packages/airflow/example_dags/example_bash_decorator.py took 0.098 seconds
[2025-01-16T18:03:43.944+0000] {processor.py:186} INFO - Started process (PID=897) to work on /home/airflow/.local/lib/python3.12/site-packages/airflow/example_dags/example_bash_decorator.py
[2025-01-16T18:03:43.945+0000] {processor.py:914} INFO - Processing file /home/airflow/.local/lib/python3.12/site-packages/airflow/example_dags/example_bash_decorator.py for tasks to queue
[2025-01-16T18:03:43.946+0000] {logging_mixin.py:190} INFO - [2025-01-16T18:03:43.946+0000] {dagbag.py:588} INFO - Filling up the DagBag from /home/airflow/.local/lib/python3.12/site-packages/airflow/example_dags/example_bash_decorator.py
[2025-01-16T18:03:43.966+0000] {processor.py:925} INFO - DAG(s) 'example_bash_decorator' retrieved from /home/airflow/.local/lib/python3.12/site-packages/airflow/example_dags/example_bash_decorator.py
[2025-01-16T18:03:43.996+0000] {logging_mixin.py:190} INFO - [2025-01-16T18:03:43.995+0000] {dag.py:3239} INFO - Sync 1 DAGs
[2025-01-16T18:03:44.014+0000] {logging_mixin.py:190} INFO - [2025-01-16T18:03:44.014+0000] {dag.py:4180} INFO - Setting next_dagrun for example_bash_decorator to None, run_after=None
[2025-01-16T18:03:44.041+0000] {processor.py:208} INFO - Processing /home/airflow/.local/lib/python3.12/site-packages/airflow/example_dags/example_bash_decorator.py took 0.103 seconds
[2025-01-16T18:04:14.558+0000] {processor.py:186} INFO - Started process (PID=962) to work on /home/airflow/.local/lib/python3.12/site-packages/airflow/example_dags/example_bash_decorator.py
[2025-01-16T18:04:14.560+0000] {processor.py:914} INFO - Processing file /home/airflow/.local/lib/python3.12/site-packages/airflow/example_dags/example_bash_decorator.py for tasks to queue
[2025-01-16T18:04:14.562+0000] {logging_mixin.py:190} INFO - [2025-01-16T18:04:14.561+0000] {dagbag.py:588} INFO - Filling up the DagBag from /home/airflow/.local/lib/python3.12/site-packages/airflow/example_dags/example_bash_decorator.py
[2025-01-16T18:04:14.573+0000] {processor.py:925} INFO - DAG(s) 'example_bash_decorator' retrieved from /home/airflow/.local/lib/python3.12/site-packages/airflow/example_dags/example_bash_decorator.py
[2025-01-16T18:04:14.593+0000] {logging_mixin.py:190} INFO - [2025-01-16T18:04:14.592+0000] {dag.py:3239} INFO - Sync 1 DAGs
[2025-01-16T18:04:14.606+0000] {logging_mixin.py:190} INFO - [2025-01-16T18:04:14.605+0000] {dag.py:4180} INFO - Setting next_dagrun for example_bash_decorator to None, run_after=None
[2025-01-16T18:04:14.631+0000] {processor.py:208} INFO - Processing /home/airflow/.local/lib/python3.12/site-packages/airflow/example_dags/example_bash_decorator.py took 0.078 seconds
[2025-01-16T18:04:44.709+0000] {processor.py:186} INFO - Started process (PID=1027) to work on /home/airflow/.local/lib/python3.12/site-packages/airflow/example_dags/example_bash_decorator.py
[2025-01-16T18:04:44.710+0000] {processor.py:914} INFO - Processing file /home/airflow/.local/lib/python3.12/site-packages/airflow/example_dags/example_bash_decorator.py for tasks to queue
[2025-01-16T18:04:44.713+0000] {logging_mixin.py:190} INFO - [2025-01-16T18:04:44.712+0000] {dagbag.py:588} INFO - Filling up the DagBag from /home/airflow/.local/lib/python3.12/site-packages/airflow/example_dags/example_bash_decorator.py
[2025-01-16T18:04:44.725+0000] {processor.py:925} INFO - DAG(s) 'example_bash_decorator' retrieved from /home/airflow/.local/lib/python3.12/site-packages/airflow/example_dags/example_bash_decorator.py
[2025-01-16T18:04:44.745+0000] {logging_mixin.py:190} INFO - [2025-01-16T18:04:44.745+0000] {dag.py:3239} INFO - Sync 1 DAGs
[2025-01-16T18:04:44.758+0000] {logging_mixin.py:190} INFO - [2025-01-16T18:04:44.757+0000] {dag.py:4180} INFO - Setting next_dagrun for example_bash_decorator to None, run_after=None
[2025-01-16T18:04:44.780+0000] {processor.py:208} INFO - Processing /home/airflow/.local/lib/python3.12/site-packages/airflow/example_dags/example_bash_decorator.py took 0.075 seconds
[2025-01-16T18:05:15.601+0000] {processor.py:186} INFO - Started process (PID=1092) to work on /home/airflow/.local/lib/python3.12/site-packages/airflow/example_dags/example_bash_decorator.py
[2025-01-16T18:05:15.603+0000] {processor.py:914} INFO - Processing file /home/airflow/.local/lib/python3.12/site-packages/airflow/example_dags/example_bash_decorator.py for tasks to queue
[2025-01-16T18:05:15.606+0000] {logging_mixin.py:190} INFO - [2025-01-16T18:05:15.606+0000] {dagbag.py:588} INFO - Filling up the DagBag from /home/airflow/.local/lib/python3.12/site-packages/airflow/example_dags/example_bash_decorator.py
[2025-01-16T18:05:15.620+0000] {processor.py:925} INFO - DAG(s) 'example_bash_decorator' retrieved from /home/airflow/.local/lib/python3.12/site-packages/airflow/example_dags/example_bash_decorator.py
[2025-01-16T18:05:15.643+0000] {logging_mixin.py:190} INFO - [2025-01-16T18:05:15.643+0000] {dag.py:3239} INFO - Sync 1 DAGs
[2025-01-16T18:05:15.658+0000] {logging_mixin.py:190} INFO - [2025-01-16T18:05:15.658+0000] {dag.py:4180} INFO - Setting next_dagrun for example_bash_decorator to None, run_after=None
[2025-01-16T18:05:15.677+0000] {processor.py:208} INFO - Processing /home/airflow/.local/lib/python3.12/site-packages/airflow/example_dags/example_bash_decorator.py took 0.081 seconds
[2025-01-16T18:05:46.030+0000] {processor.py:186} INFO - Started process (PID=1157) to work on /home/airflow/.local/lib/python3.12/site-packages/airflow/example_dags/example_bash_decorator.py
[2025-01-16T18:05:46.031+0000] {processor.py:914} INFO - Processing file /home/airflow/.local/lib/python3.12/site-packages/airflow/example_dags/example_bash_decorator.py for tasks to queue
[2025-01-16T18:05:46.032+0000] {logging_mixin.py:190} INFO - [2025-01-16T18:05:46.032+0000] {dagbag.py:588} INFO - Filling up the DagBag from /home/airflow/.local/lib/python3.12/site-packages/airflow/example_dags/example_bash_decorator.py
[2025-01-16T18:05:46.046+0000] {processor.py:925} INFO - DAG(s) 'example_bash_decorator' retrieved from /home/airflow/.local/lib/python3.12/site-packages/airflow/example_dags/example_bash_decorator.py
[2025-01-16T18:05:46.066+0000] {logging_mixin.py:190} INFO - [2025-01-16T18:05:46.066+0000] {dag.py:3239} INFO - Sync 1 DAGs
[2025-01-16T18:05:46.079+0000] {logging_mixin.py:190} INFO - [2025-01-16T18:05:46.079+0000] {dag.py:4180} INFO - Setting next_dagrun for example_bash_decorator to None, run_after=None
[2025-01-16T18:05:46.101+0000] {processor.py:208} INFO - Processing /home/airflow/.local/lib/python3.12/site-packages/airflow/example_dags/example_bash_decorator.py took 0.076 seconds
[2025-01-16T18:06:16.346+0000] {processor.py:186} INFO - Started process (PID=1222) to work on /home/airflow/.local/lib/python3.12/site-packages/airflow/example_dags/example_bash_decorator.py
[2025-01-16T18:06:16.348+0000] {processor.py:914} INFO - Processing file /home/airflow/.local/lib/python3.12/site-packages/airflow/example_dags/example_bash_decorator.py for tasks to queue
[2025-01-16T18:06:16.351+0000] {logging_mixin.py:190} INFO - [2025-01-16T18:06:16.351+0000] {dagbag.py:588} INFO - Filling up the DagBag from /home/airflow/.local/lib/python3.12/site-packages/airflow/example_dags/example_bash_decorator.py
[2025-01-16T18:06:16.375+0000] {processor.py:925} INFO - DAG(s) 'example_bash_decorator' retrieved from /home/airflow/.local/lib/python3.12/site-packages/airflow/example_dags/example_bash_decorator.py
[2025-01-16T18:06:16.416+0000] {logging_mixin.py:190} INFO - [2025-01-16T18:06:16.415+0000] {dag.py:3239} INFO - Sync 1 DAGs
[2025-01-16T18:06:16.435+0000] {logging_mixin.py:190} INFO - [2025-01-16T18:06:16.434+0000] {dag.py:4180} INFO - Setting next_dagrun for example_bash_decorator to None, run_after=None
[2025-01-16T18:06:16.456+0000] {processor.py:208} INFO - Processing /home/airflow/.local/lib/python3.12/site-packages/airflow/example_dags/example_bash_decorator.py took 0.121 seconds
[2025-01-16T18:06:46.788+0000] {processor.py:186} INFO - Started process (PID=1287) to work on /home/airflow/.local/lib/python3.12/site-packages/airflow/example_dags/example_bash_decorator.py
[2025-01-16T18:06:46.789+0000] {processor.py:914} INFO - Processing file /home/airflow/.local/lib/python3.12/site-packages/airflow/example_dags/example_bash_decorator.py for tasks to queue
[2025-01-16T18:06:46.792+0000] {logging_mixin.py:190} INFO - [2025-01-16T18:06:46.791+0000] {dagbag.py:588} INFO - Filling up the DagBag from /home/airflow/.local/lib/python3.12/site-packages/airflow/example_dags/example_bash_decorator.py
[2025-01-16T18:06:46.812+0000] {processor.py:925} INFO - DAG(s) 'example_bash_decorator' retrieved from /home/airflow/.local/lib/python3.12/site-packages/airflow/example_dags/example_bash_decorator.py
[2025-01-16T18:06:46.846+0000] {logging_mixin.py:190} INFO - [2025-01-16T18:06:46.845+0000] {dag.py:3239} INFO - Sync 1 DAGs
[2025-01-16T18:06:46.865+0000] {logging_mixin.py:190} INFO - [2025-01-16T18:06:46.864+0000] {dag.py:4180} INFO - Setting next_dagrun for example_bash_decorator to None, run_after=None
[2025-01-16T18:06:46.890+0000] {processor.py:208} INFO - Processing /home/airflow/.local/lib/python3.12/site-packages/airflow/example_dags/example_bash_decorator.py took 0.108 seconds
