[2025-01-16T17:57:33.734+0000] {processor.py:186} INFO - Started process (PID=107) to work on /home/airflow/.local/lib/python3.12/site-packages/airflow/example_dags/example_complex.py
[2025-01-16T17:57:33.737+0000] {processor.py:914} INFO - Processing file /home/airflow/.local/lib/python3.12/site-packages/airflow/example_dags/example_complex.py for tasks to queue
[2025-01-16T17:57:33.740+0000] {logging_mixin.py:190} INFO - [2025-01-16T17:57:33.739+0000] {dagbag.py:588} INFO - Filling up the DagBag from /home/airflow/.local/lib/python3.12/site-packages/airflow/example_dags/example_complex.py
[2025-01-16T17:57:33.760+0000] {processor.py:925} INFO - DAG(s) 'example_complex' retrieved from /home/airflow/.local/lib/python3.12/site-packages/airflow/example_dags/example_complex.py
[2025-01-16T17:57:33.973+0000] {logging_mixin.py:190} INFO - [2025-01-16T17:57:33.971+0000] {override.py:1911} INFO - Created Permission View: can edit on DAG:example_complex
[2025-01-16T17:57:33.993+0000] {logging_mixin.py:190} INFO - [2025-01-16T17:57:33.992+0000] {override.py:1911} INFO - Created Permission View: can read on DAG:example_complex
[2025-01-16T17:57:34.004+0000] {logging_mixin.py:190} INFO - [2025-01-16T17:57:34.003+0000] {override.py:1911} INFO - Created Permission View: can delete on DAG:example_complex
[2025-01-16T17:57:34.021+0000] {logging_mixin.py:190} INFO - [2025-01-16T17:57:34.021+0000] {override.py:1911} INFO - Created Permission View: can create on DAG Run:example_complex
[2025-01-16T17:57:34.032+0000] {logging_mixin.py:190} INFO - [2025-01-16T17:57:34.032+0000] {override.py:1911} INFO - Created Permission View: can delete on DAG Run:example_complex
[2025-01-16T17:57:34.041+0000] {logging_mixin.py:190} INFO - [2025-01-16T17:57:34.040+0000] {override.py:1911} INFO - Created Permission View: can read on DAG Run:example_complex
[2025-01-16T17:57:34.057+0000] {logging_mixin.py:190} INFO - [2025-01-16T17:57:34.056+0000] {override.py:1911} INFO - Created Permission View: menu access on DAG Run:example_complex
[2025-01-16T17:57:34.058+0000] {logging_mixin.py:190} INFO - [2025-01-16T17:57:34.057+0000] {dag.py:3239} INFO - Sync 1 DAGs
[2025-01-16T17:57:34.084+0000] {logging_mixin.py:190} INFO - [2025-01-16T17:57:34.083+0000] {dag.py:3262} INFO - Creating ORM DAG for example_complex
[2025-01-16T17:57:34.088+0000] {logging_mixin.py:190} INFO - [2025-01-16T17:57:34.088+0000] {dag.py:4180} INFO - Setting next_dagrun for example_complex to None, run_after=None
[2025-01-16T17:57:34.175+0000] {processor.py:208} INFO - Processing /home/airflow/.local/lib/python3.12/site-packages/airflow/example_dags/example_complex.py took 0.452 seconds
[2025-01-16T17:58:04.556+0000] {processor.py:186} INFO - Started process (PID=173) to work on /home/airflow/.local/lib/python3.12/site-packages/airflow/example_dags/example_complex.py
[2025-01-16T17:58:04.558+0000] {processor.py:914} INFO - Processing file /home/airflow/.local/lib/python3.12/site-packages/airflow/example_dags/example_complex.py for tasks to queue
[2025-01-16T17:58:04.561+0000] {logging_mixin.py:190} INFO - [2025-01-16T17:58:04.561+0000] {dagbag.py:588} INFO - Filling up the DagBag from /home/airflow/.local/lib/python3.12/site-packages/airflow/example_dags/example_complex.py
[2025-01-16T17:58:04.580+0000] {processor.py:925} INFO - DAG(s) 'example_complex' retrieved from /home/airflow/.local/lib/python3.12/site-packages/airflow/example_dags/example_complex.py
[2025-01-16T17:58:04.641+0000] {logging_mixin.py:190} INFO - [2025-01-16T17:58:04.641+0000] {dag.py:3239} INFO - Sync 1 DAGs
[2025-01-16T17:58:04.668+0000] {logging_mixin.py:190} INFO - [2025-01-16T17:58:04.667+0000] {dag.py:4180} INFO - Setting next_dagrun for example_complex to None, run_after=None
[2025-01-16T17:58:04.702+0000] {processor.py:208} INFO - Processing /home/airflow/.local/lib/python3.12/site-packages/airflow/example_dags/example_complex.py took 0.158 seconds
[2025-01-16T17:58:34.965+0000] {processor.py:186} INFO - Started process (PID=238) to work on /home/airflow/.local/lib/python3.12/site-packages/airflow/example_dags/example_complex.py
[2025-01-16T17:58:34.967+0000] {processor.py:914} INFO - Processing file /home/airflow/.local/lib/python3.12/site-packages/airflow/example_dags/example_complex.py for tasks to queue
[2025-01-16T17:58:34.970+0000] {logging_mixin.py:190} INFO - [2025-01-16T17:58:34.969+0000] {dagbag.py:588} INFO - Filling up the DagBag from /home/airflow/.local/lib/python3.12/site-packages/airflow/example_dags/example_complex.py
[2025-01-16T17:58:34.987+0000] {processor.py:925} INFO - DAG(s) 'example_complex' retrieved from /home/airflow/.local/lib/python3.12/site-packages/airflow/example_dags/example_complex.py
[2025-01-16T17:58:35.038+0000] {logging_mixin.py:190} INFO - [2025-01-16T17:58:35.038+0000] {dag.py:3239} INFO - Sync 1 DAGs
[2025-01-16T17:58:35.069+0000] {logging_mixin.py:190} INFO - [2025-01-16T17:58:35.068+0000] {dag.py:4180} INFO - Setting next_dagrun for example_complex to None, run_after=None
[2025-01-16T17:58:35.106+0000] {processor.py:208} INFO - Processing /home/airflow/.local/lib/python3.12/site-packages/airflow/example_dags/example_complex.py took 0.150 seconds
[2025-01-16T17:59:06.107+0000] {processor.py:186} INFO - Started process (PID=303) to work on /home/airflow/.local/lib/python3.12/site-packages/airflow/example_dags/example_complex.py
[2025-01-16T17:59:06.108+0000] {processor.py:914} INFO - Processing file /home/airflow/.local/lib/python3.12/site-packages/airflow/example_dags/example_complex.py for tasks to queue
[2025-01-16T17:59:06.112+0000] {logging_mixin.py:190} INFO - [2025-01-16T17:59:06.111+0000] {dagbag.py:588} INFO - Filling up the DagBag from /home/airflow/.local/lib/python3.12/site-packages/airflow/example_dags/example_complex.py
[2025-01-16T17:59:06.127+0000] {processor.py:925} INFO - DAG(s) 'example_complex' retrieved from /home/airflow/.local/lib/python3.12/site-packages/airflow/example_dags/example_complex.py
[2025-01-16T17:59:06.168+0000] {logging_mixin.py:190} INFO - [2025-01-16T17:59:06.167+0000] {dag.py:3239} INFO - Sync 1 DAGs
[2025-01-16T17:59:06.185+0000] {logging_mixin.py:190} INFO - [2025-01-16T17:59:06.185+0000] {dag.py:4180} INFO - Setting next_dagrun for example_complex to None, run_after=None
[2025-01-16T17:59:06.220+0000] {processor.py:208} INFO - Processing /home/airflow/.local/lib/python3.12/site-packages/airflow/example_dags/example_complex.py took 0.121 seconds
[2025-01-16T17:59:36.587+0000] {processor.py:186} INFO - Started process (PID=368) to work on /home/airflow/.local/lib/python3.12/site-packages/airflow/example_dags/example_complex.py
[2025-01-16T17:59:36.589+0000] {processor.py:914} INFO - Processing file /home/airflow/.local/lib/python3.12/site-packages/airflow/example_dags/example_complex.py for tasks to queue
[2025-01-16T17:59:36.592+0000] {logging_mixin.py:190} INFO - [2025-01-16T17:59:36.591+0000] {dagbag.py:588} INFO - Filling up the DagBag from /home/airflow/.local/lib/python3.12/site-packages/airflow/example_dags/example_complex.py
[2025-01-16T17:59:36.607+0000] {processor.py:925} INFO - DAG(s) 'example_complex' retrieved from /home/airflow/.local/lib/python3.12/site-packages/airflow/example_dags/example_complex.py
[2025-01-16T17:59:36.647+0000] {logging_mixin.py:190} INFO - [2025-01-16T17:59:36.647+0000] {dag.py:3239} INFO - Sync 1 DAGs
[2025-01-16T17:59:36.671+0000] {logging_mixin.py:190} INFO - [2025-01-16T17:59:36.671+0000] {dag.py:4180} INFO - Setting next_dagrun for example_complex to None, run_after=None
[2025-01-16T17:59:36.702+0000] {processor.py:208} INFO - Processing /home/airflow/.local/lib/python3.12/site-packages/airflow/example_dags/example_complex.py took 0.124 seconds
[2025-01-16T18:00:07.680+0000] {processor.py:186} INFO - Started process (PID=432) to work on /home/airflow/.local/lib/python3.12/site-packages/airflow/example_dags/example_complex.py
[2025-01-16T18:00:07.681+0000] {processor.py:914} INFO - Processing file /home/airflow/.local/lib/python3.12/site-packages/airflow/example_dags/example_complex.py for tasks to queue
[2025-01-16T18:00:07.684+0000] {logging_mixin.py:190} INFO - [2025-01-16T18:00:07.684+0000] {dagbag.py:588} INFO - Filling up the DagBag from /home/airflow/.local/lib/python3.12/site-packages/airflow/example_dags/example_complex.py
[2025-01-16T18:00:07.701+0000] {processor.py:925} INFO - DAG(s) 'example_complex' retrieved from /home/airflow/.local/lib/python3.12/site-packages/airflow/example_dags/example_complex.py
[2025-01-16T18:00:07.744+0000] {logging_mixin.py:190} INFO - [2025-01-16T18:00:07.743+0000] {dag.py:3239} INFO - Sync 1 DAGs
[2025-01-16T18:00:07.761+0000] {logging_mixin.py:190} INFO - [2025-01-16T18:00:07.761+0000] {dag.py:4180} INFO - Setting next_dagrun for example_complex to None, run_after=None
[2025-01-16T18:00:07.786+0000] {processor.py:208} INFO - Processing /home/airflow/.local/lib/python3.12/site-packages/airflow/example_dags/example_complex.py took 0.112 seconds
[2025-01-16T18:00:38.701+0000] {processor.py:186} INFO - Started process (PID=497) to work on /home/airflow/.local/lib/python3.12/site-packages/airflow/example_dags/example_complex.py
[2025-01-16T18:00:38.703+0000] {processor.py:914} INFO - Processing file /home/airflow/.local/lib/python3.12/site-packages/airflow/example_dags/example_complex.py for tasks to queue
[2025-01-16T18:00:38.709+0000] {logging_mixin.py:190} INFO - [2025-01-16T18:00:38.706+0000] {dagbag.py:588} INFO - Filling up the DagBag from /home/airflow/.local/lib/python3.12/site-packages/airflow/example_dags/example_complex.py
[2025-01-16T18:00:38.726+0000] {processor.py:925} INFO - DAG(s) 'example_complex' retrieved from /home/airflow/.local/lib/python3.12/site-packages/airflow/example_dags/example_complex.py
[2025-01-16T18:00:38.770+0000] {logging_mixin.py:190} INFO - [2025-01-16T18:00:38.769+0000] {dag.py:3239} INFO - Sync 1 DAGs
[2025-01-16T18:00:38.795+0000] {logging_mixin.py:190} INFO - [2025-01-16T18:00:38.795+0000] {dag.py:4180} INFO - Setting next_dagrun for example_complex to None, run_after=None
[2025-01-16T18:00:38.828+0000] {processor.py:208} INFO - Processing /home/airflow/.local/lib/python3.12/site-packages/airflow/example_dags/example_complex.py took 0.136 seconds
[2025-01-16T18:01:08.957+0000] {processor.py:186} INFO - Started process (PID=567) to work on /home/airflow/.local/lib/python3.12/site-packages/airflow/example_dags/example_complex.py
[2025-01-16T18:01:08.958+0000] {processor.py:914} INFO - Processing file /home/airflow/.local/lib/python3.12/site-packages/airflow/example_dags/example_complex.py for tasks to queue
[2025-01-16T18:01:08.961+0000] {logging_mixin.py:190} INFO - [2025-01-16T18:01:08.960+0000] {dagbag.py:588} INFO - Filling up the DagBag from /home/airflow/.local/lib/python3.12/site-packages/airflow/example_dags/example_complex.py
[2025-01-16T18:01:08.973+0000] {processor.py:925} INFO - DAG(s) 'example_complex' retrieved from /home/airflow/.local/lib/python3.12/site-packages/airflow/example_dags/example_complex.py
[2025-01-16T18:01:09.008+0000] {logging_mixin.py:190} INFO - [2025-01-16T18:01:09.008+0000] {dag.py:3239} INFO - Sync 1 DAGs
[2025-01-16T18:01:09.023+0000] {logging_mixin.py:190} INFO - [2025-01-16T18:01:09.023+0000] {dag.py:4180} INFO - Setting next_dagrun for example_complex to None, run_after=None
[2025-01-16T18:01:09.043+0000] {processor.py:208} INFO - Processing /home/airflow/.local/lib/python3.12/site-packages/airflow/example_dags/example_complex.py took 0.091 seconds
[2025-01-16T18:01:39.577+0000] {processor.py:186} INFO - Started process (PID=631) to work on /home/airflow/.local/lib/python3.12/site-packages/airflow/example_dags/example_complex.py
[2025-01-16T18:01:39.581+0000] {processor.py:914} INFO - Processing file /home/airflow/.local/lib/python3.12/site-packages/airflow/example_dags/example_complex.py for tasks to queue
[2025-01-16T18:01:39.590+0000] {logging_mixin.py:190} INFO - [2025-01-16T18:01:39.589+0000] {dagbag.py:588} INFO - Filling up the DagBag from /home/airflow/.local/lib/python3.12/site-packages/airflow/example_dags/example_complex.py
[2025-01-16T18:01:39.621+0000] {processor.py:925} INFO - DAG(s) 'example_complex' retrieved from /home/airflow/.local/lib/python3.12/site-packages/airflow/example_dags/example_complex.py
[2025-01-16T18:01:39.683+0000] {logging_mixin.py:190} INFO - [2025-01-16T18:01:39.682+0000] {dag.py:3239} INFO - Sync 1 DAGs
[2025-01-16T18:01:39.719+0000] {logging_mixin.py:190} INFO - [2025-01-16T18:01:39.714+0000] {dag.py:4180} INFO - Setting next_dagrun for example_complex to None, run_after=None
[2025-01-16T18:01:39.760+0000] {processor.py:208} INFO - Processing /home/airflow/.local/lib/python3.12/site-packages/airflow/example_dags/example_complex.py took 0.203 seconds
[2025-01-16T18:02:10.289+0000] {processor.py:186} INFO - Started process (PID=697) to work on /home/airflow/.local/lib/python3.12/site-packages/airflow/example_dags/example_complex.py
[2025-01-16T18:02:10.291+0000] {processor.py:914} INFO - Processing file /home/airflow/.local/lib/python3.12/site-packages/airflow/example_dags/example_complex.py for tasks to queue
[2025-01-16T18:02:10.294+0000] {logging_mixin.py:190} INFO - [2025-01-16T18:02:10.293+0000] {dagbag.py:588} INFO - Filling up the DagBag from /home/airflow/.local/lib/python3.12/site-packages/airflow/example_dags/example_complex.py
[2025-01-16T18:02:10.304+0000] {processor.py:925} INFO - DAG(s) 'example_complex' retrieved from /home/airflow/.local/lib/python3.12/site-packages/airflow/example_dags/example_complex.py
[2025-01-16T18:02:10.336+0000] {logging_mixin.py:190} INFO - [2025-01-16T18:02:10.336+0000] {dag.py:3239} INFO - Sync 1 DAGs
[2025-01-16T18:02:10.352+0000] {logging_mixin.py:190} INFO - [2025-01-16T18:02:10.352+0000] {dag.py:4180} INFO - Setting next_dagrun for example_complex to None, run_after=None
[2025-01-16T18:02:10.376+0000] {processor.py:208} INFO - Processing /home/airflow/.local/lib/python3.12/site-packages/airflow/example_dags/example_complex.py took 0.093 seconds
[2025-01-16T18:02:41.003+0000] {processor.py:186} INFO - Started process (PID=762) to work on /home/airflow/.local/lib/python3.12/site-packages/airflow/example_dags/example_complex.py
[2025-01-16T18:02:41.004+0000] {processor.py:914} INFO - Processing file /home/airflow/.local/lib/python3.12/site-packages/airflow/example_dags/example_complex.py for tasks to queue
[2025-01-16T18:02:41.007+0000] {logging_mixin.py:190} INFO - [2025-01-16T18:02:41.007+0000] {dagbag.py:588} INFO - Filling up the DagBag from /home/airflow/.local/lib/python3.12/site-packages/airflow/example_dags/example_complex.py
[2025-01-16T18:02:41.030+0000] {processor.py:925} INFO - DAG(s) 'example_complex' retrieved from /home/airflow/.local/lib/python3.12/site-packages/airflow/example_dags/example_complex.py
[2025-01-16T18:02:41.077+0000] {logging_mixin.py:190} INFO - [2025-01-16T18:02:41.076+0000] {dag.py:3239} INFO - Sync 1 DAGs
[2025-01-16T18:02:41.101+0000] {logging_mixin.py:190} INFO - [2025-01-16T18:02:41.101+0000] {dag.py:4180} INFO - Setting next_dagrun for example_complex to None, run_after=None
[2025-01-16T18:02:41.148+0000] {processor.py:208} INFO - Processing /home/airflow/.local/lib/python3.12/site-packages/airflow/example_dags/example_complex.py took 0.155 seconds
[2025-01-16T18:03:11.203+0000] {processor.py:186} INFO - Started process (PID=827) to work on /home/airflow/.local/lib/python3.12/site-packages/airflow/example_dags/example_complex.py
[2025-01-16T18:03:11.204+0000] {processor.py:914} INFO - Processing file /home/airflow/.local/lib/python3.12/site-packages/airflow/example_dags/example_complex.py for tasks to queue
[2025-01-16T18:03:11.206+0000] {logging_mixin.py:190} INFO - [2025-01-16T18:03:11.205+0000] {dagbag.py:588} INFO - Filling up the DagBag from /home/airflow/.local/lib/python3.12/site-packages/airflow/example_dags/example_complex.py
[2025-01-16T18:03:11.217+0000] {processor.py:925} INFO - DAG(s) 'example_complex' retrieved from /home/airflow/.local/lib/python3.12/site-packages/airflow/example_dags/example_complex.py
[2025-01-16T18:03:11.251+0000] {logging_mixin.py:190} INFO - [2025-01-16T18:03:11.251+0000] {dag.py:3239} INFO - Sync 1 DAGs
[2025-01-16T18:03:11.274+0000] {logging_mixin.py:190} INFO - [2025-01-16T18:03:11.274+0000] {dag.py:4180} INFO - Setting next_dagrun for example_complex to None, run_after=None
[2025-01-16T18:03:11.302+0000] {processor.py:208} INFO - Processing /home/airflow/.local/lib/python3.12/site-packages/airflow/example_dags/example_complex.py took 0.106 seconds
[2025-01-16T18:03:41.680+0000] {processor.py:186} INFO - Started process (PID=892) to work on /home/airflow/.local/lib/python3.12/site-packages/airflow/example_dags/example_complex.py
[2025-01-16T18:03:41.681+0000] {processor.py:914} INFO - Processing file /home/airflow/.local/lib/python3.12/site-packages/airflow/example_dags/example_complex.py for tasks to queue
[2025-01-16T18:03:41.683+0000] {logging_mixin.py:190} INFO - [2025-01-16T18:03:41.683+0000] {dagbag.py:588} INFO - Filling up the DagBag from /home/airflow/.local/lib/python3.12/site-packages/airflow/example_dags/example_complex.py
[2025-01-16T18:03:41.696+0000] {processor.py:925} INFO - DAG(s) 'example_complex' retrieved from /home/airflow/.local/lib/python3.12/site-packages/airflow/example_dags/example_complex.py
[2025-01-16T18:03:41.733+0000] {logging_mixin.py:190} INFO - [2025-01-16T18:03:41.732+0000] {dag.py:3239} INFO - Sync 1 DAGs
[2025-01-16T18:03:41.751+0000] {logging_mixin.py:190} INFO - [2025-01-16T18:03:41.751+0000] {dag.py:4180} INFO - Setting next_dagrun for example_complex to None, run_after=None
[2025-01-16T18:03:41.785+0000] {processor.py:208} INFO - Processing /home/airflow/.local/lib/python3.12/site-packages/airflow/example_dags/example_complex.py took 0.110 seconds
[2025-01-16T18:04:12.367+0000] {processor.py:186} INFO - Started process (PID=957) to work on /home/airflow/.local/lib/python3.12/site-packages/airflow/example_dags/example_complex.py
[2025-01-16T18:04:12.368+0000] {processor.py:914} INFO - Processing file /home/airflow/.local/lib/python3.12/site-packages/airflow/example_dags/example_complex.py for tasks to queue
[2025-01-16T18:04:12.370+0000] {logging_mixin.py:190} INFO - [2025-01-16T18:04:12.370+0000] {dagbag.py:588} INFO - Filling up the DagBag from /home/airflow/.local/lib/python3.12/site-packages/airflow/example_dags/example_complex.py
[2025-01-16T18:04:12.380+0000] {processor.py:925} INFO - DAG(s) 'example_complex' retrieved from /home/airflow/.local/lib/python3.12/site-packages/airflow/example_dags/example_complex.py
[2025-01-16T18:04:12.406+0000] {logging_mixin.py:190} INFO - [2025-01-16T18:04:12.405+0000] {dag.py:3239} INFO - Sync 1 DAGs
[2025-01-16T18:04:12.418+0000] {logging_mixin.py:190} INFO - [2025-01-16T18:04:12.417+0000] {dag.py:4180} INFO - Setting next_dagrun for example_complex to None, run_after=None
[2025-01-16T18:04:12.435+0000] {processor.py:208} INFO - Processing /home/airflow/.local/lib/python3.12/site-packages/airflow/example_dags/example_complex.py took 0.073 seconds
[2025-01-16T18:04:42.513+0000] {processor.py:186} INFO - Started process (PID=1022) to work on /home/airflow/.local/lib/python3.12/site-packages/airflow/example_dags/example_complex.py
[2025-01-16T18:04:42.514+0000] {processor.py:914} INFO - Processing file /home/airflow/.local/lib/python3.12/site-packages/airflow/example_dags/example_complex.py for tasks to queue
[2025-01-16T18:04:42.516+0000] {logging_mixin.py:190} INFO - [2025-01-16T18:04:42.516+0000] {dagbag.py:588} INFO - Filling up the DagBag from /home/airflow/.local/lib/python3.12/site-packages/airflow/example_dags/example_complex.py
[2025-01-16T18:04:42.525+0000] {processor.py:925} INFO - DAG(s) 'example_complex' retrieved from /home/airflow/.local/lib/python3.12/site-packages/airflow/example_dags/example_complex.py
[2025-01-16T18:04:42.557+0000] {logging_mixin.py:190} INFO - [2025-01-16T18:04:42.556+0000] {dag.py:3239} INFO - Sync 1 DAGs
[2025-01-16T18:04:42.572+0000] {logging_mixin.py:190} INFO - [2025-01-16T18:04:42.572+0000] {dag.py:4180} INFO - Setting next_dagrun for example_complex to None, run_after=None
[2025-01-16T18:04:42.591+0000] {processor.py:208} INFO - Processing /home/airflow/.local/lib/python3.12/site-packages/airflow/example_dags/example_complex.py took 0.084 seconds
[2025-01-16T18:05:13.347+0000] {processor.py:186} INFO - Started process (PID=1087) to work on /home/airflow/.local/lib/python3.12/site-packages/airflow/example_dags/example_complex.py
[2025-01-16T18:05:13.348+0000] {processor.py:914} INFO - Processing file /home/airflow/.local/lib/python3.12/site-packages/airflow/example_dags/example_complex.py for tasks to queue
[2025-01-16T18:05:13.350+0000] {logging_mixin.py:190} INFO - [2025-01-16T18:05:13.349+0000] {dagbag.py:588} INFO - Filling up the DagBag from /home/airflow/.local/lib/python3.12/site-packages/airflow/example_dags/example_complex.py
[2025-01-16T18:05:13.361+0000] {processor.py:925} INFO - DAG(s) 'example_complex' retrieved from /home/airflow/.local/lib/python3.12/site-packages/airflow/example_dags/example_complex.py
[2025-01-16T18:05:13.390+0000] {logging_mixin.py:190} INFO - [2025-01-16T18:05:13.390+0000] {dag.py:3239} INFO - Sync 1 DAGs
[2025-01-16T18:05:13.403+0000] {logging_mixin.py:190} INFO - [2025-01-16T18:05:13.403+0000] {dag.py:4180} INFO - Setting next_dagrun for example_complex to None, run_after=None
[2025-01-16T18:05:13.425+0000] {processor.py:208} INFO - Processing /home/airflow/.local/lib/python3.12/site-packages/airflow/example_dags/example_complex.py took 0.083 seconds
[2025-01-16T18:05:43.826+0000] {processor.py:186} INFO - Started process (PID=1152) to work on /home/airflow/.local/lib/python3.12/site-packages/airflow/example_dags/example_complex.py
[2025-01-16T18:05:43.828+0000] {processor.py:914} INFO - Processing file /home/airflow/.local/lib/python3.12/site-packages/airflow/example_dags/example_complex.py for tasks to queue
[2025-01-16T18:05:43.830+0000] {logging_mixin.py:190} INFO - [2025-01-16T18:05:43.829+0000] {dagbag.py:588} INFO - Filling up the DagBag from /home/airflow/.local/lib/python3.12/site-packages/airflow/example_dags/example_complex.py
[2025-01-16T18:05:43.840+0000] {processor.py:925} INFO - DAG(s) 'example_complex' retrieved from /home/airflow/.local/lib/python3.12/site-packages/airflow/example_dags/example_complex.py
[2025-01-16T18:05:43.868+0000] {logging_mixin.py:190} INFO - [2025-01-16T18:05:43.868+0000] {dag.py:3239} INFO - Sync 1 DAGs
[2025-01-16T18:05:43.883+0000] {logging_mixin.py:190} INFO - [2025-01-16T18:05:43.882+0000] {dag.py:4180} INFO - Setting next_dagrun for example_complex to None, run_after=None
[2025-01-16T18:05:43.904+0000] {processor.py:208} INFO - Processing /home/airflow/.local/lib/python3.12/site-packages/airflow/example_dags/example_complex.py took 0.084 seconds
[2025-01-16T18:06:14.746+0000] {processor.py:186} INFO - Started process (PID=1217) to work on /home/airflow/.local/lib/python3.12/site-packages/airflow/example_dags/example_complex.py
[2025-01-16T18:06:14.748+0000] {processor.py:914} INFO - Processing file /home/airflow/.local/lib/python3.12/site-packages/airflow/example_dags/example_complex.py for tasks to queue
[2025-01-16T18:06:14.752+0000] {logging_mixin.py:190} INFO - [2025-01-16T18:06:14.751+0000] {dagbag.py:588} INFO - Filling up the DagBag from /home/airflow/.local/lib/python3.12/site-packages/airflow/example_dags/example_complex.py
[2025-01-16T18:06:14.775+0000] {processor.py:925} INFO - DAG(s) 'example_complex' retrieved from /home/airflow/.local/lib/python3.12/site-packages/airflow/example_dags/example_complex.py
[2025-01-16T18:06:14.832+0000] {logging_mixin.py:190} INFO - [2025-01-16T18:06:14.832+0000] {dag.py:3239} INFO - Sync 1 DAGs
[2025-01-16T18:06:14.868+0000] {logging_mixin.py:190} INFO - [2025-01-16T18:06:14.868+0000] {dag.py:4180} INFO - Setting next_dagrun for example_complex to None, run_after=None
[2025-01-16T18:06:14.920+0000] {processor.py:208} INFO - Processing /home/airflow/.local/lib/python3.12/site-packages/airflow/example_dags/example_complex.py took 0.185 seconds
[2025-01-16T18:06:45.487+0000] {processor.py:186} INFO - Started process (PID=1282) to work on /home/airflow/.local/lib/python3.12/site-packages/airflow/example_dags/example_complex.py
[2025-01-16T18:06:45.488+0000] {processor.py:914} INFO - Processing file /home/airflow/.local/lib/python3.12/site-packages/airflow/example_dags/example_complex.py for tasks to queue
[2025-01-16T18:06:45.491+0000] {logging_mixin.py:190} INFO - [2025-01-16T18:06:45.490+0000] {dagbag.py:588} INFO - Filling up the DagBag from /home/airflow/.local/lib/python3.12/site-packages/airflow/example_dags/example_complex.py
[2025-01-16T18:06:45.504+0000] {processor.py:925} INFO - DAG(s) 'example_complex' retrieved from /home/airflow/.local/lib/python3.12/site-packages/airflow/example_dags/example_complex.py
[2025-01-16T18:06:45.543+0000] {logging_mixin.py:190} INFO - [2025-01-16T18:06:45.543+0000] {dag.py:3239} INFO - Sync 1 DAGs
[2025-01-16T18:06:45.561+0000] {logging_mixin.py:190} INFO - [2025-01-16T18:06:45.561+0000] {dag.py:4180} INFO - Setting next_dagrun for example_complex to None, run_after=None
[2025-01-16T18:06:45.586+0000] {processor.py:208} INFO - Processing /home/airflow/.local/lib/python3.12/site-packages/airflow/example_dags/example_complex.py took 0.107 seconds
