[2025-01-16T17:57:31.011+0000] {processor.py:186} INFO - Started process (PID=97) to work on /home/airflow/.local/lib/python3.12/site-packages/airflow/example_dags/example_external_task_marker_dag.py
[2025-01-16T17:57:31.012+0000] {processor.py:914} INFO - Processing file /home/airflow/.local/lib/python3.12/site-packages/airflow/example_dags/example_external_task_marker_dag.py for tasks to queue
[2025-01-16T17:57:31.015+0000] {logging_mixin.py:190} INFO - [2025-01-16T17:57:31.015+0000] {dagbag.py:588} INFO - Filling up the DagBag from /home/airflow/.local/lib/python3.12/site-packages/airflow/example_dags/example_external_task_marker_dag.py
[2025-01-16T17:57:31.030+0000] {processor.py:925} INFO - DAG(s) 'example_external_task_marker_parent', 'example_external_task_marker_child' retrieved from /home/airflow/.local/lib/python3.12/site-packages/airflow/example_dags/example_external_task_marker_dag.py
[2025-01-16T17:57:31.155+0000] {logging_mixin.py:190} INFO - [2025-01-16T17:57:31.154+0000] {override.py:1911} INFO - Created Permission View: can edit on DAG:example_external_task_marker_parent
[2025-01-16T17:57:31.165+0000] {logging_mixin.py:190} INFO - [2025-01-16T17:57:31.164+0000] {override.py:1911} INFO - Created Permission View: can read on DAG:example_external_task_marker_parent
[2025-01-16T17:57:31.174+0000] {logging_mixin.py:190} INFO - [2025-01-16T17:57:31.173+0000] {override.py:1911} INFO - Created Permission View: can delete on DAG:example_external_task_marker_parent
[2025-01-16T17:57:31.182+0000] {logging_mixin.py:190} INFO - [2025-01-16T17:57:31.182+0000] {override.py:1911} INFO - Created Permission View: can create on DAG Run:example_external_task_marker_parent
[2025-01-16T17:57:31.191+0000] {logging_mixin.py:190} INFO - [2025-01-16T17:57:31.191+0000] {override.py:1911} INFO - Created Permission View: can delete on DAG Run:example_external_task_marker_parent
[2025-01-16T17:57:31.198+0000] {logging_mixin.py:190} INFO - [2025-01-16T17:57:31.198+0000] {override.py:1911} INFO - Created Permission View: can read on DAG Run:example_external_task_marker_parent
[2025-01-16T17:57:31.207+0000] {logging_mixin.py:190} INFO - [2025-01-16T17:57:31.207+0000] {override.py:1911} INFO - Created Permission View: menu access on DAG Run:example_external_task_marker_parent
[2025-01-16T17:57:31.224+0000] {logging_mixin.py:190} INFO - [2025-01-16T17:57:31.223+0000] {override.py:1911} INFO - Created Permission View: can edit on DAG:example_external_task_marker_child
[2025-01-16T17:57:31.230+0000] {logging_mixin.py:190} INFO - [2025-01-16T17:57:31.230+0000] {override.py:1911} INFO - Created Permission View: can read on DAG:example_external_task_marker_child
[2025-01-16T17:57:31.239+0000] {logging_mixin.py:190} INFO - [2025-01-16T17:57:31.238+0000] {override.py:1911} INFO - Created Permission View: can delete on DAG:example_external_task_marker_child
[2025-01-16T17:57:31.247+0000] {logging_mixin.py:190} INFO - [2025-01-16T17:57:31.246+0000] {override.py:1911} INFO - Created Permission View: can create on DAG Run:example_external_task_marker_child
[2025-01-16T17:57:31.255+0000] {logging_mixin.py:190} INFO - [2025-01-16T17:57:31.254+0000] {override.py:1911} INFO - Created Permission View: can delete on DAG Run:example_external_task_marker_child
[2025-01-16T17:57:31.262+0000] {logging_mixin.py:190} INFO - [2025-01-16T17:57:31.262+0000] {override.py:1911} INFO - Created Permission View: can read on DAG Run:example_external_task_marker_child
[2025-01-16T17:57:31.270+0000] {logging_mixin.py:190} INFO - [2025-01-16T17:57:31.269+0000] {override.py:1911} INFO - Created Permission View: menu access on DAG Run:example_external_task_marker_child
[2025-01-16T17:57:31.271+0000] {logging_mixin.py:190} INFO - [2025-01-16T17:57:31.270+0000] {dag.py:3239} INFO - Sync 2 DAGs
[2025-01-16T17:57:31.285+0000] {logging_mixin.py:190} INFO - [2025-01-16T17:57:31.285+0000] {dag.py:3262} INFO - Creating ORM DAG for example_external_task_marker_child
[2025-01-16T17:57:31.286+0000] {logging_mixin.py:190} INFO - [2025-01-16T17:57:31.286+0000] {dag.py:3262} INFO - Creating ORM DAG for example_external_task_marker_parent
[2025-01-16T17:57:31.288+0000] {logging_mixin.py:190} INFO - [2025-01-16T17:57:31.287+0000] {dag.py:4180} INFO - Setting next_dagrun for example_external_task_marker_child to None, run_after=None
[2025-01-16T17:57:31.289+0000] {logging_mixin.py:190} INFO - [2025-01-16T17:57:31.289+0000] {dag.py:4180} INFO - Setting next_dagrun for example_external_task_marker_parent to None, run_after=None
[2025-01-16T17:57:31.309+0000] {processor.py:208} INFO - Processing /home/airflow/.local/lib/python3.12/site-packages/airflow/example_dags/example_external_task_marker_dag.py took 0.305 seconds
[2025-01-16T17:58:02.211+0000] {processor.py:186} INFO - Started process (PID=163) to work on /home/airflow/.local/lib/python3.12/site-packages/airflow/example_dags/example_external_task_marker_dag.py
[2025-01-16T17:58:02.213+0000] {processor.py:914} INFO - Processing file /home/airflow/.local/lib/python3.12/site-packages/airflow/example_dags/example_external_task_marker_dag.py for tasks to queue
[2025-01-16T17:58:02.215+0000] {logging_mixin.py:190} INFO - [2025-01-16T17:58:02.215+0000] {dagbag.py:588} INFO - Filling up the DagBag from /home/airflow/.local/lib/python3.12/site-packages/airflow/example_dags/example_external_task_marker_dag.py
[2025-01-16T17:58:02.227+0000] {processor.py:925} INFO - DAG(s) 'example_external_task_marker_child', 'example_external_task_marker_parent' retrieved from /home/airflow/.local/lib/python3.12/site-packages/airflow/example_dags/example_external_task_marker_dag.py
[2025-01-16T17:58:02.266+0000] {logging_mixin.py:190} INFO - [2025-01-16T17:58:02.265+0000] {dag.py:3239} INFO - Sync 2 DAGs
[2025-01-16T17:58:02.289+0000] {logging_mixin.py:190} INFO - [2025-01-16T17:58:02.288+0000] {dag.py:4180} INFO - Setting next_dagrun for example_external_task_marker_child to None, run_after=None
[2025-01-16T17:58:02.295+0000] {logging_mixin.py:190} INFO - [2025-01-16T17:58:02.295+0000] {dag.py:4180} INFO - Setting next_dagrun for example_external_task_marker_parent to None, run_after=None
[2025-01-16T17:58:02.332+0000] {processor.py:208} INFO - Processing /home/airflow/.local/lib/python3.12/site-packages/airflow/example_dags/example_external_task_marker_dag.py took 0.129 seconds
[2025-01-16T17:58:32.774+0000] {processor.py:186} INFO - Started process (PID=227) to work on /home/airflow/.local/lib/python3.12/site-packages/airflow/example_dags/example_external_task_marker_dag.py
[2025-01-16T17:58:32.782+0000] {processor.py:914} INFO - Processing file /home/airflow/.local/lib/python3.12/site-packages/airflow/example_dags/example_external_task_marker_dag.py for tasks to queue
[2025-01-16T17:58:32.789+0000] {logging_mixin.py:190} INFO - [2025-01-16T17:58:32.789+0000] {dagbag.py:588} INFO - Filling up the DagBag from /home/airflow/.local/lib/python3.12/site-packages/airflow/example_dags/example_external_task_marker_dag.py
[2025-01-16T17:58:32.808+0000] {processor.py:925} INFO - DAG(s) 'example_external_task_marker_parent', 'example_external_task_marker_child' retrieved from /home/airflow/.local/lib/python3.12/site-packages/airflow/example_dags/example_external_task_marker_dag.py
[2025-01-16T17:58:32.855+0000] {logging_mixin.py:190} INFO - [2025-01-16T17:58:32.854+0000] {dag.py:3239} INFO - Sync 2 DAGs
[2025-01-16T17:58:32.879+0000] {logging_mixin.py:190} INFO - [2025-01-16T17:58:32.879+0000] {dag.py:4180} INFO - Setting next_dagrun for example_external_task_marker_child to None, run_after=None
[2025-01-16T17:58:32.887+0000] {logging_mixin.py:190} INFO - [2025-01-16T17:58:32.886+0000] {dag.py:4180} INFO - Setting next_dagrun for example_external_task_marker_parent to None, run_after=None
[2025-01-16T17:58:32.921+0000] {processor.py:208} INFO - Processing /home/airflow/.local/lib/python3.12/site-packages/airflow/example_dags/example_external_task_marker_dag.py took 0.155 seconds
[2025-01-16T17:59:03.129+0000] {processor.py:186} INFO - Started process (PID=291) to work on /home/airflow/.local/lib/python3.12/site-packages/airflow/example_dags/example_external_task_marker_dag.py
[2025-01-16T17:59:03.130+0000] {processor.py:914} INFO - Processing file /home/airflow/.local/lib/python3.12/site-packages/airflow/example_dags/example_external_task_marker_dag.py for tasks to queue
[2025-01-16T17:59:03.135+0000] {logging_mixin.py:190} INFO - [2025-01-16T17:59:03.134+0000] {dagbag.py:588} INFO - Filling up the DagBag from /home/airflow/.local/lib/python3.12/site-packages/airflow/example_dags/example_external_task_marker_dag.py
[2025-01-16T17:59:03.141+0000] {processor.py:925} INFO - DAG(s) 'example_external_task_marker_parent', 'example_external_task_marker_child' retrieved from /home/airflow/.local/lib/python3.12/site-packages/airflow/example_dags/example_external_task_marker_dag.py
[2025-01-16T17:59:03.162+0000] {logging_mixin.py:190} INFO - [2025-01-16T17:59:03.162+0000] {dag.py:3239} INFO - Sync 2 DAGs
[2025-01-16T17:59:03.177+0000] {logging_mixin.py:190} INFO - [2025-01-16T17:59:03.177+0000] {dag.py:4180} INFO - Setting next_dagrun for example_external_task_marker_child to None, run_after=None
[2025-01-16T17:59:03.181+0000] {logging_mixin.py:190} INFO - [2025-01-16T17:59:03.180+0000] {dag.py:4180} INFO - Setting next_dagrun for example_external_task_marker_parent to None, run_after=None
[2025-01-16T17:59:03.220+0000] {processor.py:208} INFO - Processing /home/airflow/.local/lib/python3.12/site-packages/airflow/example_dags/example_external_task_marker_dag.py took 0.097 seconds
[2025-01-16T17:59:34.000+0000] {processor.py:186} INFO - Started process (PID=356) to work on /home/airflow/.local/lib/python3.12/site-packages/airflow/example_dags/example_external_task_marker_dag.py
[2025-01-16T17:59:34.003+0000] {processor.py:914} INFO - Processing file /home/airflow/.local/lib/python3.12/site-packages/airflow/example_dags/example_external_task_marker_dag.py for tasks to queue
[2025-01-16T17:59:34.006+0000] {logging_mixin.py:190} INFO - [2025-01-16T17:59:34.006+0000] {dagbag.py:588} INFO - Filling up the DagBag from /home/airflow/.local/lib/python3.12/site-packages/airflow/example_dags/example_external_task_marker_dag.py
[2025-01-16T17:59:34.013+0000] {processor.py:925} INFO - DAG(s) 'example_external_task_marker_child', 'example_external_task_marker_parent' retrieved from /home/airflow/.local/lib/python3.12/site-packages/airflow/example_dags/example_external_task_marker_dag.py
[2025-01-16T17:59:34.042+0000] {logging_mixin.py:190} INFO - [2025-01-16T17:59:34.042+0000] {dag.py:3239} INFO - Sync 2 DAGs
[2025-01-16T17:59:34.058+0000] {logging_mixin.py:190} INFO - [2025-01-16T17:59:34.058+0000] {dag.py:4180} INFO - Setting next_dagrun for example_external_task_marker_child to None, run_after=None
[2025-01-16T17:59:34.062+0000] {logging_mixin.py:190} INFO - [2025-01-16T17:59:34.062+0000] {dag.py:4180} INFO - Setting next_dagrun for example_external_task_marker_parent to None, run_after=None
[2025-01-16T17:59:34.087+0000] {processor.py:208} INFO - Processing /home/airflow/.local/lib/python3.12/site-packages/airflow/example_dags/example_external_task_marker_dag.py took 0.094 seconds
[2025-01-16T18:00:04.778+0000] {processor.py:186} INFO - Started process (PID=421) to work on /home/airflow/.local/lib/python3.12/site-packages/airflow/example_dags/example_external_task_marker_dag.py
[2025-01-16T18:00:04.779+0000] {processor.py:914} INFO - Processing file /home/airflow/.local/lib/python3.12/site-packages/airflow/example_dags/example_external_task_marker_dag.py for tasks to queue
[2025-01-16T18:00:04.783+0000] {logging_mixin.py:190} INFO - [2025-01-16T18:00:04.783+0000] {dagbag.py:588} INFO - Filling up the DagBag from /home/airflow/.local/lib/python3.12/site-packages/airflow/example_dags/example_external_task_marker_dag.py
[2025-01-16T18:00:04.792+0000] {processor.py:925} INFO - DAG(s) 'example_external_task_marker_parent', 'example_external_task_marker_child' retrieved from /home/airflow/.local/lib/python3.12/site-packages/airflow/example_dags/example_external_task_marker_dag.py
[2025-01-16T18:00:04.820+0000] {logging_mixin.py:190} INFO - [2025-01-16T18:00:04.820+0000] {dag.py:3239} INFO - Sync 2 DAGs
[2025-01-16T18:00:04.837+0000] {logging_mixin.py:190} INFO - [2025-01-16T18:00:04.837+0000] {dag.py:4180} INFO - Setting next_dagrun for example_external_task_marker_child to None, run_after=None
[2025-01-16T18:00:04.844+0000] {logging_mixin.py:190} INFO - [2025-01-16T18:00:04.843+0000] {dag.py:4180} INFO - Setting next_dagrun for example_external_task_marker_parent to None, run_after=None
[2025-01-16T18:00:04.865+0000] {processor.py:208} INFO - Processing /home/airflow/.local/lib/python3.12/site-packages/airflow/example_dags/example_external_task_marker_dag.py took 0.092 seconds
[2025-01-16T18:00:35.375+0000] {processor.py:186} INFO - Started process (PID=486) to work on /home/airflow/.local/lib/python3.12/site-packages/airflow/example_dags/example_external_task_marker_dag.py
[2025-01-16T18:00:35.376+0000] {processor.py:914} INFO - Processing file /home/airflow/.local/lib/python3.12/site-packages/airflow/example_dags/example_external_task_marker_dag.py for tasks to queue
[2025-01-16T18:00:35.379+0000] {logging_mixin.py:190} INFO - [2025-01-16T18:00:35.379+0000] {dagbag.py:588} INFO - Filling up the DagBag from /home/airflow/.local/lib/python3.12/site-packages/airflow/example_dags/example_external_task_marker_dag.py
[2025-01-16T18:00:35.387+0000] {processor.py:925} INFO - DAG(s) 'example_external_task_marker_parent', 'example_external_task_marker_child' retrieved from /home/airflow/.local/lib/python3.12/site-packages/airflow/example_dags/example_external_task_marker_dag.py
[2025-01-16T18:00:35.412+0000] {logging_mixin.py:190} INFO - [2025-01-16T18:00:35.412+0000] {dag.py:3239} INFO - Sync 2 DAGs
[2025-01-16T18:00:35.429+0000] {logging_mixin.py:190} INFO - [2025-01-16T18:00:35.429+0000] {dag.py:4180} INFO - Setting next_dagrun for example_external_task_marker_child to None, run_after=None
[2025-01-16T18:00:35.434+0000] {logging_mixin.py:190} INFO - [2025-01-16T18:00:35.433+0000] {dag.py:4180} INFO - Setting next_dagrun for example_external_task_marker_parent to None, run_after=None
[2025-01-16T18:00:35.458+0000] {processor.py:208} INFO - Processing /home/airflow/.local/lib/python3.12/site-packages/airflow/example_dags/example_external_task_marker_dag.py took 0.090 seconds
[2025-01-16T18:01:06.092+0000] {processor.py:186} INFO - Started process (PID=551) to work on /home/airflow/.local/lib/python3.12/site-packages/airflow/example_dags/example_external_task_marker_dag.py
[2025-01-16T18:01:06.093+0000] {processor.py:914} INFO - Processing file /home/airflow/.local/lib/python3.12/site-packages/airflow/example_dags/example_external_task_marker_dag.py for tasks to queue
[2025-01-16T18:01:06.095+0000] {logging_mixin.py:190} INFO - [2025-01-16T18:01:06.095+0000] {dagbag.py:588} INFO - Filling up the DagBag from /home/airflow/.local/lib/python3.12/site-packages/airflow/example_dags/example_external_task_marker_dag.py
[2025-01-16T18:01:06.105+0000] {processor.py:925} INFO - DAG(s) 'example_external_task_marker_child', 'example_external_task_marker_parent' retrieved from /home/airflow/.local/lib/python3.12/site-packages/airflow/example_dags/example_external_task_marker_dag.py
[2025-01-16T18:01:06.128+0000] {logging_mixin.py:190} INFO - [2025-01-16T18:01:06.127+0000] {dag.py:3239} INFO - Sync 2 DAGs
[2025-01-16T18:01:06.143+0000] {logging_mixin.py:190} INFO - [2025-01-16T18:01:06.143+0000] {dag.py:4180} INFO - Setting next_dagrun for example_external_task_marker_child to None, run_after=None
[2025-01-16T18:01:06.147+0000] {logging_mixin.py:190} INFO - [2025-01-16T18:01:06.147+0000] {dag.py:4180} INFO - Setting next_dagrun for example_external_task_marker_parent to None, run_after=None
[2025-01-16T18:01:06.169+0000] {processor.py:208} INFO - Processing /home/airflow/.local/lib/python3.12/site-packages/airflow/example_dags/example_external_task_marker_dag.py took 0.083 seconds
[2025-01-16T18:01:37.149+0000] {processor.py:186} INFO - Started process (PID=616) to work on /home/airflow/.local/lib/python3.12/site-packages/airflow/example_dags/example_external_task_marker_dag.py
[2025-01-16T18:01:37.150+0000] {processor.py:914} INFO - Processing file /home/airflow/.local/lib/python3.12/site-packages/airflow/example_dags/example_external_task_marker_dag.py for tasks to queue
[2025-01-16T18:01:37.156+0000] {logging_mixin.py:190} INFO - [2025-01-16T18:01:37.155+0000] {dagbag.py:588} INFO - Filling up the DagBag from /home/airflow/.local/lib/python3.12/site-packages/airflow/example_dags/example_external_task_marker_dag.py
[2025-01-16T18:01:37.174+0000] {processor.py:925} INFO - DAG(s) 'example_external_task_marker_parent', 'example_external_task_marker_child' retrieved from /home/airflow/.local/lib/python3.12/site-packages/airflow/example_dags/example_external_task_marker_dag.py
[2025-01-16T18:01:37.227+0000] {logging_mixin.py:190} INFO - [2025-01-16T18:01:37.227+0000] {dag.py:3239} INFO - Sync 2 DAGs
[2025-01-16T18:01:37.249+0000] {logging_mixin.py:190} INFO - [2025-01-16T18:01:37.249+0000] {dag.py:4180} INFO - Setting next_dagrun for example_external_task_marker_child to None, run_after=None
[2025-01-16T18:01:37.256+0000] {logging_mixin.py:190} INFO - [2025-01-16T18:01:37.255+0000] {dag.py:4180} INFO - Setting next_dagrun for example_external_task_marker_parent to None, run_after=None
[2025-01-16T18:01:37.281+0000] {processor.py:208} INFO - Processing /home/airflow/.local/lib/python3.12/site-packages/airflow/example_dags/example_external_task_marker_dag.py took 0.147 seconds
[2025-01-16T18:02:07.844+0000] {processor.py:186} INFO - Started process (PID=681) to work on /home/airflow/.local/lib/python3.12/site-packages/airflow/example_dags/example_external_task_marker_dag.py
[2025-01-16T18:02:07.846+0000] {processor.py:914} INFO - Processing file /home/airflow/.local/lib/python3.12/site-packages/airflow/example_dags/example_external_task_marker_dag.py for tasks to queue
[2025-01-16T18:02:07.849+0000] {logging_mixin.py:190} INFO - [2025-01-16T18:02:07.849+0000] {dagbag.py:588} INFO - Filling up the DagBag from /home/airflow/.local/lib/python3.12/site-packages/airflow/example_dags/example_external_task_marker_dag.py
[2025-01-16T18:02:07.860+0000] {processor.py:925} INFO - DAG(s) 'example_external_task_marker_child', 'example_external_task_marker_parent' retrieved from /home/airflow/.local/lib/python3.12/site-packages/airflow/example_dags/example_external_task_marker_dag.py
[2025-01-16T18:02:07.888+0000] {logging_mixin.py:190} INFO - [2025-01-16T18:02:07.887+0000] {dag.py:3239} INFO - Sync 2 DAGs
[2025-01-16T18:02:07.909+0000] {logging_mixin.py:190} INFO - [2025-01-16T18:02:07.909+0000] {dag.py:4180} INFO - Setting next_dagrun for example_external_task_marker_child to None, run_after=None
[2025-01-16T18:02:07.915+0000] {logging_mixin.py:190} INFO - [2025-01-16T18:02:07.915+0000] {dag.py:4180} INFO - Setting next_dagrun for example_external_task_marker_parent to None, run_after=None
[2025-01-16T18:02:07.935+0000] {processor.py:208} INFO - Processing /home/airflow/.local/lib/python3.12/site-packages/airflow/example_dags/example_external_task_marker_dag.py took 0.100 seconds
[2025-01-16T18:02:38.469+0000] {processor.py:186} INFO - Started process (PID=747) to work on /home/airflow/.local/lib/python3.12/site-packages/airflow/example_dags/example_external_task_marker_dag.py
[2025-01-16T18:02:38.470+0000] {processor.py:914} INFO - Processing file /home/airflow/.local/lib/python3.12/site-packages/airflow/example_dags/example_external_task_marker_dag.py for tasks to queue
[2025-01-16T18:02:38.472+0000] {logging_mixin.py:190} INFO - [2025-01-16T18:02:38.472+0000] {dagbag.py:588} INFO - Filling up the DagBag from /home/airflow/.local/lib/python3.12/site-packages/airflow/example_dags/example_external_task_marker_dag.py
[2025-01-16T18:02:38.480+0000] {processor.py:925} INFO - DAG(s) 'example_external_task_marker_child', 'example_external_task_marker_parent' retrieved from /home/airflow/.local/lib/python3.12/site-packages/airflow/example_dags/example_external_task_marker_dag.py
[2025-01-16T18:02:38.502+0000] {logging_mixin.py:190} INFO - [2025-01-16T18:02:38.502+0000] {dag.py:3239} INFO - Sync 2 DAGs
[2025-01-16T18:02:38.516+0000] {logging_mixin.py:190} INFO - [2025-01-16T18:02:38.516+0000] {dag.py:4180} INFO - Setting next_dagrun for example_external_task_marker_child to None, run_after=None
[2025-01-16T18:02:38.520+0000] {logging_mixin.py:190} INFO - [2025-01-16T18:02:38.520+0000] {dag.py:4180} INFO - Setting next_dagrun for example_external_task_marker_parent to None, run_after=None
[2025-01-16T18:02:38.550+0000] {processor.py:208} INFO - Processing /home/airflow/.local/lib/python3.12/site-packages/airflow/example_dags/example_external_task_marker_dag.py took 0.088 seconds
[2025-01-16T18:03:08.601+0000] {processor.py:186} INFO - Started process (PID=812) to work on /home/airflow/.local/lib/python3.12/site-packages/airflow/example_dags/example_external_task_marker_dag.py
[2025-01-16T18:03:08.602+0000] {processor.py:914} INFO - Processing file /home/airflow/.local/lib/python3.12/site-packages/airflow/example_dags/example_external_task_marker_dag.py for tasks to queue
[2025-01-16T18:03:08.605+0000] {logging_mixin.py:190} INFO - [2025-01-16T18:03:08.604+0000] {dagbag.py:588} INFO - Filling up the DagBag from /home/airflow/.local/lib/python3.12/site-packages/airflow/example_dags/example_external_task_marker_dag.py
[2025-01-16T18:03:08.611+0000] {processor.py:925} INFO - DAG(s) 'example_external_task_marker_child', 'example_external_task_marker_parent' retrieved from /home/airflow/.local/lib/python3.12/site-packages/airflow/example_dags/example_external_task_marker_dag.py
[2025-01-16T18:03:08.630+0000] {logging_mixin.py:190} INFO - [2025-01-16T18:03:08.630+0000] {dag.py:3239} INFO - Sync 2 DAGs
[2025-01-16T18:03:08.644+0000] {logging_mixin.py:190} INFO - [2025-01-16T18:03:08.644+0000] {dag.py:4180} INFO - Setting next_dagrun for example_external_task_marker_child to None, run_after=None
[2025-01-16T18:03:08.649+0000] {logging_mixin.py:190} INFO - [2025-01-16T18:03:08.649+0000] {dag.py:4180} INFO - Setting next_dagrun for example_external_task_marker_parent to None, run_after=None
[2025-01-16T18:03:08.675+0000] {processor.py:208} INFO - Processing /home/airflow/.local/lib/python3.12/site-packages/airflow/example_dags/example_external_task_marker_dag.py took 0.080 seconds
[2025-01-16T18:03:39.248+0000] {processor.py:186} INFO - Started process (PID=883) to work on /home/airflow/.local/lib/python3.12/site-packages/airflow/example_dags/example_external_task_marker_dag.py
[2025-01-16T18:03:39.249+0000] {processor.py:914} INFO - Processing file /home/airflow/.local/lib/python3.12/site-packages/airflow/example_dags/example_external_task_marker_dag.py for tasks to queue
[2025-01-16T18:03:39.251+0000] {logging_mixin.py:190} INFO - [2025-01-16T18:03:39.251+0000] {dagbag.py:588} INFO - Filling up the DagBag from /home/airflow/.local/lib/python3.12/site-packages/airflow/example_dags/example_external_task_marker_dag.py
[2025-01-16T18:03:39.261+0000] {processor.py:925} INFO - DAG(s) 'example_external_task_marker_child', 'example_external_task_marker_parent' retrieved from /home/airflow/.local/lib/python3.12/site-packages/airflow/example_dags/example_external_task_marker_dag.py
[2025-01-16T18:03:39.292+0000] {logging_mixin.py:190} INFO - [2025-01-16T18:03:39.292+0000] {dag.py:3239} INFO - Sync 2 DAGs
[2025-01-16T18:03:39.308+0000] {logging_mixin.py:190} INFO - [2025-01-16T18:03:39.308+0000] {dag.py:4180} INFO - Setting next_dagrun for example_external_task_marker_child to None, run_after=None
[2025-01-16T18:03:39.314+0000] {logging_mixin.py:190} INFO - [2025-01-16T18:03:39.313+0000] {dag.py:4180} INFO - Setting next_dagrun for example_external_task_marker_parent to None, run_after=None
[2025-01-16T18:03:39.330+0000] {processor.py:208} INFO - Processing /home/airflow/.local/lib/python3.12/site-packages/airflow/example_dags/example_external_task_marker_dag.py took 0.088 seconds
[2025-01-16T18:04:09.857+0000] {processor.py:186} INFO - Started process (PID=948) to work on /home/airflow/.local/lib/python3.12/site-packages/airflow/example_dags/example_external_task_marker_dag.py
[2025-01-16T18:04:09.859+0000] {processor.py:914} INFO - Processing file /home/airflow/.local/lib/python3.12/site-packages/airflow/example_dags/example_external_task_marker_dag.py for tasks to queue
[2025-01-16T18:04:09.863+0000] {logging_mixin.py:190} INFO - [2025-01-16T18:04:09.862+0000] {dagbag.py:588} INFO - Filling up the DagBag from /home/airflow/.local/lib/python3.12/site-packages/airflow/example_dags/example_external_task_marker_dag.py
[2025-01-16T18:04:09.875+0000] {processor.py:925} INFO - DAG(s) 'example_external_task_marker_parent', 'example_external_task_marker_child' retrieved from /home/airflow/.local/lib/python3.12/site-packages/airflow/example_dags/example_external_task_marker_dag.py
[2025-01-16T18:04:09.926+0000] {logging_mixin.py:190} INFO - [2025-01-16T18:04:09.926+0000] {dag.py:3239} INFO - Sync 2 DAGs
[2025-01-16T18:04:09.969+0000] {logging_mixin.py:190} INFO - [2025-01-16T18:04:09.968+0000] {dag.py:4180} INFO - Setting next_dagrun for example_external_task_marker_child to None, run_after=None
[2025-01-16T18:04:09.977+0000] {logging_mixin.py:190} INFO - [2025-01-16T18:04:09.977+0000] {dag.py:4180} INFO - Setting next_dagrun for example_external_task_marker_parent to None, run_after=None
[2025-01-16T18:04:10.016+0000] {processor.py:208} INFO - Processing /home/airflow/.local/lib/python3.12/site-packages/airflow/example_dags/example_external_task_marker_dag.py took 0.165 seconds
[2025-01-16T18:04:40.132+0000] {processor.py:186} INFO - Started process (PID=1013) to work on /home/airflow/.local/lib/python3.12/site-packages/airflow/example_dags/example_external_task_marker_dag.py
[2025-01-16T18:04:40.134+0000] {processor.py:914} INFO - Processing file /home/airflow/.local/lib/python3.12/site-packages/airflow/example_dags/example_external_task_marker_dag.py for tasks to queue
[2025-01-16T18:04:40.137+0000] {logging_mixin.py:190} INFO - [2025-01-16T18:04:40.137+0000] {dagbag.py:588} INFO - Filling up the DagBag from /home/airflow/.local/lib/python3.12/site-packages/airflow/example_dags/example_external_task_marker_dag.py
[2025-01-16T18:04:40.144+0000] {processor.py:925} INFO - DAG(s) 'example_external_task_marker_parent', 'example_external_task_marker_child' retrieved from /home/airflow/.local/lib/python3.12/site-packages/airflow/example_dags/example_external_task_marker_dag.py
[2025-01-16T18:04:40.172+0000] {logging_mixin.py:190} INFO - [2025-01-16T18:04:40.172+0000] {dag.py:3239} INFO - Sync 2 DAGs
[2025-01-16T18:04:40.188+0000] {logging_mixin.py:190} INFO - [2025-01-16T18:04:40.187+0000] {dag.py:4180} INFO - Setting next_dagrun for example_external_task_marker_child to None, run_after=None
[2025-01-16T18:04:40.192+0000] {logging_mixin.py:190} INFO - [2025-01-16T18:04:40.192+0000] {dag.py:4180} INFO - Setting next_dagrun for example_external_task_marker_parent to None, run_after=None
[2025-01-16T18:04:40.223+0000] {processor.py:208} INFO - Processing /home/airflow/.local/lib/python3.12/site-packages/airflow/example_dags/example_external_task_marker_dag.py took 0.096 seconds
[2025-01-16T18:05:10.917+0000] {processor.py:186} INFO - Started process (PID=1078) to work on /home/airflow/.local/lib/python3.12/site-packages/airflow/example_dags/example_external_task_marker_dag.py
[2025-01-16T18:05:10.918+0000] {processor.py:914} INFO - Processing file /home/airflow/.local/lib/python3.12/site-packages/airflow/example_dags/example_external_task_marker_dag.py for tasks to queue
[2025-01-16T18:05:10.920+0000] {logging_mixin.py:190} INFO - [2025-01-16T18:05:10.920+0000] {dagbag.py:588} INFO - Filling up the DagBag from /home/airflow/.local/lib/python3.12/site-packages/airflow/example_dags/example_external_task_marker_dag.py
[2025-01-16T18:05:10.938+0000] {processor.py:925} INFO - DAG(s) 'example_external_task_marker_child', 'example_external_task_marker_parent' retrieved from /home/airflow/.local/lib/python3.12/site-packages/airflow/example_dags/example_external_task_marker_dag.py
[2025-01-16T18:05:10.965+0000] {logging_mixin.py:190} INFO - [2025-01-16T18:05:10.965+0000] {dag.py:3239} INFO - Sync 2 DAGs
[2025-01-16T18:05:10.980+0000] {logging_mixin.py:190} INFO - [2025-01-16T18:05:10.980+0000] {dag.py:4180} INFO - Setting next_dagrun for example_external_task_marker_child to None, run_after=None
[2025-01-16T18:05:10.984+0000] {logging_mixin.py:190} INFO - [2025-01-16T18:05:10.984+0000] {dag.py:4180} INFO - Setting next_dagrun for example_external_task_marker_parent to None, run_after=None
[2025-01-16T18:05:10.999+0000] {processor.py:208} INFO - Processing /home/airflow/.local/lib/python3.12/site-packages/airflow/example_dags/example_external_task_marker_dag.py took 0.087 seconds
[2025-01-16T18:05:41.349+0000] {processor.py:186} INFO - Started process (PID=1143) to work on /home/airflow/.local/lib/python3.12/site-packages/airflow/example_dags/example_external_task_marker_dag.py
[2025-01-16T18:05:41.351+0000] {processor.py:914} INFO - Processing file /home/airflow/.local/lib/python3.12/site-packages/airflow/example_dags/example_external_task_marker_dag.py for tasks to queue
[2025-01-16T18:05:41.355+0000] {logging_mixin.py:190} INFO - [2025-01-16T18:05:41.355+0000] {dagbag.py:588} INFO - Filling up the DagBag from /home/airflow/.local/lib/python3.12/site-packages/airflow/example_dags/example_external_task_marker_dag.py
[2025-01-16T18:05:41.372+0000] {processor.py:925} INFO - DAG(s) 'example_external_task_marker_child', 'example_external_task_marker_parent' retrieved from /home/airflow/.local/lib/python3.12/site-packages/airflow/example_dags/example_external_task_marker_dag.py
[2025-01-16T18:05:41.415+0000] {logging_mixin.py:190} INFO - [2025-01-16T18:05:41.414+0000] {dag.py:3239} INFO - Sync 2 DAGs
[2025-01-16T18:05:41.446+0000] {logging_mixin.py:190} INFO - [2025-01-16T18:05:41.445+0000] {dag.py:4180} INFO - Setting next_dagrun for example_external_task_marker_child to None, run_after=None
[2025-01-16T18:05:41.452+0000] {logging_mixin.py:190} INFO - [2025-01-16T18:05:41.452+0000] {dag.py:4180} INFO - Setting next_dagrun for example_external_task_marker_parent to None, run_after=None
[2025-01-16T18:05:41.479+0000] {processor.py:208} INFO - Processing /home/airflow/.local/lib/python3.12/site-packages/airflow/example_dags/example_external_task_marker_dag.py took 0.144 seconds
[2025-01-16T18:06:11.912+0000] {processor.py:186} INFO - Started process (PID=1208) to work on /home/airflow/.local/lib/python3.12/site-packages/airflow/example_dags/example_external_task_marker_dag.py
[2025-01-16T18:06:11.916+0000] {processor.py:914} INFO - Processing file /home/airflow/.local/lib/python3.12/site-packages/airflow/example_dags/example_external_task_marker_dag.py for tasks to queue
[2025-01-16T18:06:11.922+0000] {logging_mixin.py:190} INFO - [2025-01-16T18:06:11.921+0000] {dagbag.py:588} INFO - Filling up the DagBag from /home/airflow/.local/lib/python3.12/site-packages/airflow/example_dags/example_external_task_marker_dag.py
[2025-01-16T18:06:11.933+0000] {processor.py:925} INFO - DAG(s) 'example_external_task_marker_child', 'example_external_task_marker_parent' retrieved from /home/airflow/.local/lib/python3.12/site-packages/airflow/example_dags/example_external_task_marker_dag.py
[2025-01-16T18:06:11.972+0000] {logging_mixin.py:190} INFO - [2025-01-16T18:06:11.972+0000] {dag.py:3239} INFO - Sync 2 DAGs
[2025-01-16T18:06:12.007+0000] {logging_mixin.py:190} INFO - [2025-01-16T18:06:12.007+0000] {dag.py:4180} INFO - Setting next_dagrun for example_external_task_marker_child to None, run_after=None
[2025-01-16T18:06:12.018+0000] {logging_mixin.py:190} INFO - [2025-01-16T18:06:12.017+0000] {dag.py:4180} INFO - Setting next_dagrun for example_external_task_marker_parent to None, run_after=None
[2025-01-16T18:06:12.055+0000] {processor.py:208} INFO - Processing /home/airflow/.local/lib/python3.12/site-packages/airflow/example_dags/example_external_task_marker_dag.py took 0.152 seconds
[2025-01-16T18:06:42.136+0000] {processor.py:186} INFO - Started process (PID=1273) to work on /home/airflow/.local/lib/python3.12/site-packages/airflow/example_dags/example_external_task_marker_dag.py
[2025-01-16T18:06:42.138+0000] {processor.py:914} INFO - Processing file /home/airflow/.local/lib/python3.12/site-packages/airflow/example_dags/example_external_task_marker_dag.py for tasks to queue
[2025-01-16T18:06:42.140+0000] {logging_mixin.py:190} INFO - [2025-01-16T18:06:42.139+0000] {dagbag.py:588} INFO - Filling up the DagBag from /home/airflow/.local/lib/python3.12/site-packages/airflow/example_dags/example_external_task_marker_dag.py
[2025-01-16T18:06:42.146+0000] {processor.py:925} INFO - DAG(s) 'example_external_task_marker_child', 'example_external_task_marker_parent' retrieved from /home/airflow/.local/lib/python3.12/site-packages/airflow/example_dags/example_external_task_marker_dag.py
[2025-01-16T18:06:42.172+0000] {logging_mixin.py:190} INFO - [2025-01-16T18:06:42.171+0000] {dag.py:3239} INFO - Sync 2 DAGs
[2025-01-16T18:06:42.185+0000] {logging_mixin.py:190} INFO - [2025-01-16T18:06:42.185+0000] {dag.py:4180} INFO - Setting next_dagrun for example_external_task_marker_child to None, run_after=None
[2025-01-16T18:06:42.191+0000] {logging_mixin.py:190} INFO - [2025-01-16T18:06:42.191+0000] {dag.py:4180} INFO - Setting next_dagrun for example_external_task_marker_parent to None, run_after=None
[2025-01-16T18:06:42.214+0000] {processor.py:208} INFO - Processing /home/airflow/.local/lib/python3.12/site-packages/airflow/example_dags/example_external_task_marker_dag.py took 0.084 seconds
