[2025-01-16T17:57:37.959+0000] {processor.py:186} INFO - Started process (PID=121) to work on /home/airflow/.local/lib/python3.12/site-packages/airflow/example_dags/example_xcom.py
[2025-01-16T17:57:37.962+0000] {processor.py:914} INFO - Processing file /home/airflow/.local/lib/python3.12/site-packages/airflow/example_dags/example_xcom.py for tasks to queue
[2025-01-16T17:57:37.967+0000] {logging_mixin.py:190} INFO - [2025-01-16T17:57:37.966+0000] {dagbag.py:588} INFO - Filling up the DagBag from /home/airflow/.local/lib/python3.12/site-packages/airflow/example_dags/example_xcom.py
[2025-01-16T17:57:37.985+0000] {processor.py:925} INFO - DAG(s) 'example_xcom' retrieved from /home/airflow/.local/lib/python3.12/site-packages/airflow/example_dags/example_xcom.py
[2025-01-16T17:57:38.155+0000] {logging_mixin.py:190} INFO - [2025-01-16T17:57:38.154+0000] {override.py:1911} INFO - Created Permission View: can edit on DAG:example_xcom
[2025-01-16T17:57:38.169+0000] {logging_mixin.py:190} INFO - [2025-01-16T17:57:38.168+0000] {override.py:1911} INFO - Created Permission View: can read on DAG:example_xcom
[2025-01-16T17:57:38.178+0000] {logging_mixin.py:190} INFO - [2025-01-16T17:57:38.178+0000] {override.py:1911} INFO - Created Permission View: can delete on DAG:example_xcom
[2025-01-16T17:57:38.189+0000] {logging_mixin.py:190} INFO - [2025-01-16T17:57:38.189+0000] {override.py:1911} INFO - Created Permission View: can create on DAG Run:example_xcom
[2025-01-16T17:57:38.201+0000] {logging_mixin.py:190} INFO - [2025-01-16T17:57:38.201+0000] {override.py:1911} INFO - Created Permission View: can delete on DAG Run:example_xcom
[2025-01-16T17:57:38.212+0000] {logging_mixin.py:190} INFO - [2025-01-16T17:57:38.211+0000] {override.py:1911} INFO - Created Permission View: can read on DAG Run:example_xcom
[2025-01-16T17:57:38.221+0000] {logging_mixin.py:190} INFO - [2025-01-16T17:57:38.221+0000] {override.py:1911} INFO - Created Permission View: menu access on DAG Run:example_xcom
[2025-01-16T17:57:38.222+0000] {logging_mixin.py:190} INFO - [2025-01-16T17:57:38.222+0000] {dag.py:3239} INFO - Sync 1 DAGs
[2025-01-16T17:57:38.246+0000] {logging_mixin.py:190} INFO - [2025-01-16T17:57:38.246+0000] {dag.py:3262} INFO - Creating ORM DAG for example_xcom
[2025-01-16T17:57:38.264+0000] {logging_mixin.py:190} INFO - [2025-01-16T17:57:38.264+0000] {dag.py:4180} INFO - Setting next_dagrun for example_xcom to 2021-01-01 00:00:00+00:00, run_after=2021-01-01 00:00:00+00:00
[2025-01-16T17:57:38.295+0000] {processor.py:208} INFO - Processing /home/airflow/.local/lib/python3.12/site-packages/airflow/example_dags/example_xcom.py took 0.344 seconds
[2025-01-16T17:58:08.417+0000] {processor.py:186} INFO - Started process (PID=186) to work on /home/airflow/.local/lib/python3.12/site-packages/airflow/example_dags/example_xcom.py
[2025-01-16T17:58:08.419+0000] {processor.py:914} INFO - Processing file /home/airflow/.local/lib/python3.12/site-packages/airflow/example_dags/example_xcom.py for tasks to queue
[2025-01-16T17:58:08.422+0000] {logging_mixin.py:190} INFO - [2025-01-16T17:58:08.422+0000] {dagbag.py:588} INFO - Filling up the DagBag from /home/airflow/.local/lib/python3.12/site-packages/airflow/example_dags/example_xcom.py
[2025-01-16T17:58:08.433+0000] {processor.py:925} INFO - DAG(s) 'example_xcom' retrieved from /home/airflow/.local/lib/python3.12/site-packages/airflow/example_dags/example_xcom.py
[2025-01-16T17:58:08.463+0000] {logging_mixin.py:190} INFO - [2025-01-16T17:58:08.463+0000] {dag.py:3239} INFO - Sync 1 DAGs
[2025-01-16T17:58:08.508+0000] {logging_mixin.py:190} INFO - [2025-01-16T17:58:08.508+0000] {dag.py:4180} INFO - Setting next_dagrun for example_xcom to 2021-01-01 00:00:00+00:00, run_after=2021-01-01 00:00:00+00:00
[2025-01-16T17:58:08.544+0000] {processor.py:208} INFO - Processing /home/airflow/.local/lib/python3.12/site-packages/airflow/example_dags/example_xcom.py took 0.134 seconds
[2025-01-16T17:58:38.973+0000] {processor.py:186} INFO - Started process (PID=257) to work on /home/airflow/.local/lib/python3.12/site-packages/airflow/example_dags/example_xcom.py
[2025-01-16T17:58:38.974+0000] {processor.py:914} INFO - Processing file /home/airflow/.local/lib/python3.12/site-packages/airflow/example_dags/example_xcom.py for tasks to queue
[2025-01-16T17:58:38.977+0000] {logging_mixin.py:190} INFO - [2025-01-16T17:58:38.976+0000] {dagbag.py:588} INFO - Filling up the DagBag from /home/airflow/.local/lib/python3.12/site-packages/airflow/example_dags/example_xcom.py
[2025-01-16T17:58:38.987+0000] {processor.py:925} INFO - DAG(s) 'example_xcom' retrieved from /home/airflow/.local/lib/python3.12/site-packages/airflow/example_dags/example_xcom.py
[2025-01-16T17:58:39.013+0000] {logging_mixin.py:190} INFO - [2025-01-16T17:58:39.013+0000] {dag.py:3239} INFO - Sync 1 DAGs
[2025-01-16T17:58:39.049+0000] {logging_mixin.py:190} INFO - [2025-01-16T17:58:39.049+0000] {dag.py:4180} INFO - Setting next_dagrun for example_xcom to 2021-01-01 00:00:00+00:00, run_after=2021-01-01 00:00:00+00:00
[2025-01-16T17:58:39.077+0000] {processor.py:208} INFO - Processing /home/airflow/.local/lib/python3.12/site-packages/airflow/example_dags/example_xcom.py took 0.111 seconds
[2025-01-16T17:59:09.189+0000] {processor.py:186} INFO - Started process (PID=321) to work on /home/airflow/.local/lib/python3.12/site-packages/airflow/example_dags/example_xcom.py
[2025-01-16T17:59:09.191+0000] {processor.py:914} INFO - Processing file /home/airflow/.local/lib/python3.12/site-packages/airflow/example_dags/example_xcom.py for tasks to queue
[2025-01-16T17:59:09.194+0000] {logging_mixin.py:190} INFO - [2025-01-16T17:59:09.193+0000] {dagbag.py:588} INFO - Filling up the DagBag from /home/airflow/.local/lib/python3.12/site-packages/airflow/example_dags/example_xcom.py
[2025-01-16T17:59:09.203+0000] {processor.py:925} INFO - DAG(s) 'example_xcom' retrieved from /home/airflow/.local/lib/python3.12/site-packages/airflow/example_dags/example_xcom.py
[2025-01-16T17:59:09.222+0000] {logging_mixin.py:190} INFO - [2025-01-16T17:59:09.222+0000] {dag.py:3239} INFO - Sync 1 DAGs
[2025-01-16T17:59:09.246+0000] {logging_mixin.py:190} INFO - [2025-01-16T17:59:09.246+0000] {dag.py:4180} INFO - Setting next_dagrun for example_xcom to 2021-01-01 00:00:00+00:00, run_after=2021-01-01 00:00:00+00:00
[2025-01-16T17:59:09.275+0000] {processor.py:208} INFO - Processing /home/airflow/.local/lib/python3.12/site-packages/airflow/example_dags/example_xcom.py took 0.092 seconds
[2025-01-16T17:59:39.828+0000] {processor.py:186} INFO - Started process (PID=386) to work on /home/airflow/.local/lib/python3.12/site-packages/airflow/example_dags/example_xcom.py
[2025-01-16T17:59:39.830+0000] {processor.py:914} INFO - Processing file /home/airflow/.local/lib/python3.12/site-packages/airflow/example_dags/example_xcom.py for tasks to queue
[2025-01-16T17:59:39.833+0000] {logging_mixin.py:190} INFO - [2025-01-16T17:59:39.833+0000] {dagbag.py:588} INFO - Filling up the DagBag from /home/airflow/.local/lib/python3.12/site-packages/airflow/example_dags/example_xcom.py
[2025-01-16T17:59:39.841+0000] {processor.py:925} INFO - DAG(s) 'example_xcom' retrieved from /home/airflow/.local/lib/python3.12/site-packages/airflow/example_dags/example_xcom.py
[2025-01-16T17:59:39.861+0000] {logging_mixin.py:190} INFO - [2025-01-16T17:59:39.860+0000] {dag.py:3239} INFO - Sync 1 DAGs
[2025-01-16T17:59:39.888+0000] {logging_mixin.py:190} INFO - [2025-01-16T17:59:39.888+0000] {dag.py:4180} INFO - Setting next_dagrun for example_xcom to 2021-01-01 00:00:00+00:00, run_after=2021-01-01 00:00:00+00:00
[2025-01-16T17:59:39.909+0000] {processor.py:208} INFO - Processing /home/airflow/.local/lib/python3.12/site-packages/airflow/example_dags/example_xcom.py took 0.085 seconds
[2025-01-16T18:00:10.069+0000] {processor.py:186} INFO - Started process (PID=451) to work on /home/airflow/.local/lib/python3.12/site-packages/airflow/example_dags/example_xcom.py
[2025-01-16T18:00:10.070+0000] {processor.py:914} INFO - Processing file /home/airflow/.local/lib/python3.12/site-packages/airflow/example_dags/example_xcom.py for tasks to queue
[2025-01-16T18:00:10.073+0000] {logging_mixin.py:190} INFO - [2025-01-16T18:00:10.072+0000] {dagbag.py:588} INFO - Filling up the DagBag from /home/airflow/.local/lib/python3.12/site-packages/airflow/example_dags/example_xcom.py
[2025-01-16T18:00:10.081+0000] {processor.py:925} INFO - DAG(s) 'example_xcom' retrieved from /home/airflow/.local/lib/python3.12/site-packages/airflow/example_dags/example_xcom.py
[2025-01-16T18:00:10.101+0000] {logging_mixin.py:190} INFO - [2025-01-16T18:00:10.101+0000] {dag.py:3239} INFO - Sync 1 DAGs
[2025-01-16T18:00:10.123+0000] {logging_mixin.py:190} INFO - [2025-01-16T18:00:10.123+0000] {dag.py:4180} INFO - Setting next_dagrun for example_xcom to 2021-01-01 00:00:00+00:00, run_after=2021-01-01 00:00:00+00:00
[2025-01-16T18:00:10.144+0000] {processor.py:208} INFO - Processing /home/airflow/.local/lib/python3.12/site-packages/airflow/example_dags/example_xcom.py took 0.082 seconds
[2025-01-16T18:00:40.281+0000] {processor.py:186} INFO - Started process (PID=516) to work on /home/airflow/.local/lib/python3.12/site-packages/airflow/example_dags/example_xcom.py
[2025-01-16T18:00:40.284+0000] {processor.py:914} INFO - Processing file /home/airflow/.local/lib/python3.12/site-packages/airflow/example_dags/example_xcom.py for tasks to queue
[2025-01-16T18:00:40.287+0000] {logging_mixin.py:190} INFO - [2025-01-16T18:00:40.287+0000] {dagbag.py:588} INFO - Filling up the DagBag from /home/airflow/.local/lib/python3.12/site-packages/airflow/example_dags/example_xcom.py
[2025-01-16T18:00:40.301+0000] {processor.py:925} INFO - DAG(s) 'example_xcom' retrieved from /home/airflow/.local/lib/python3.12/site-packages/airflow/example_dags/example_xcom.py
[2025-01-16T18:00:40.325+0000] {logging_mixin.py:190} INFO - [2025-01-16T18:00:40.325+0000] {dag.py:3239} INFO - Sync 1 DAGs
[2025-01-16T18:00:40.355+0000] {logging_mixin.py:190} INFO - [2025-01-16T18:00:40.355+0000] {dag.py:4180} INFO - Setting next_dagrun for example_xcom to 2021-01-01 00:00:00+00:00, run_after=2021-01-01 00:00:00+00:00
[2025-01-16T18:00:40.392+0000] {processor.py:208} INFO - Processing /home/airflow/.local/lib/python3.12/site-packages/airflow/example_dags/example_xcom.py took 0.117 seconds
[2025-01-16T18:01:11.313+0000] {processor.py:186} INFO - Started process (PID=581) to work on /home/airflow/.local/lib/python3.12/site-packages/airflow/example_dags/example_xcom.py
[2025-01-16T18:01:11.315+0000] {processor.py:914} INFO - Processing file /home/airflow/.local/lib/python3.12/site-packages/airflow/example_dags/example_xcom.py for tasks to queue
[2025-01-16T18:01:11.319+0000] {logging_mixin.py:190} INFO - [2025-01-16T18:01:11.319+0000] {dagbag.py:588} INFO - Filling up the DagBag from /home/airflow/.local/lib/python3.12/site-packages/airflow/example_dags/example_xcom.py
[2025-01-16T18:01:11.333+0000] {processor.py:925} INFO - DAG(s) 'example_xcom' retrieved from /home/airflow/.local/lib/python3.12/site-packages/airflow/example_dags/example_xcom.py
[2025-01-16T18:01:11.362+0000] {logging_mixin.py:190} INFO - [2025-01-16T18:01:11.362+0000] {dag.py:3239} INFO - Sync 1 DAGs
[2025-01-16T18:01:11.393+0000] {logging_mixin.py:190} INFO - [2025-01-16T18:01:11.393+0000] {dag.py:4180} INFO - Setting next_dagrun for example_xcom to 2021-01-01 00:00:00+00:00, run_after=2021-01-01 00:00:00+00:00
[2025-01-16T18:01:11.429+0000] {processor.py:208} INFO - Processing /home/airflow/.local/lib/python3.12/site-packages/airflow/example_dags/example_xcom.py took 0.124 seconds
[2025-01-16T18:01:43.032+0000] {processor.py:186} INFO - Started process (PID=646) to work on /home/airflow/.local/lib/python3.12/site-packages/airflow/example_dags/example_xcom.py
[2025-01-16T18:01:43.035+0000] {processor.py:914} INFO - Processing file /home/airflow/.local/lib/python3.12/site-packages/airflow/example_dags/example_xcom.py for tasks to queue
[2025-01-16T18:01:43.041+0000] {logging_mixin.py:190} INFO - [2025-01-16T18:01:43.040+0000] {dagbag.py:588} INFO - Filling up the DagBag from /home/airflow/.local/lib/python3.12/site-packages/airflow/example_dags/example_xcom.py
[2025-01-16T18:01:43.061+0000] {processor.py:925} INFO - DAG(s) 'example_xcom' retrieved from /home/airflow/.local/lib/python3.12/site-packages/airflow/example_dags/example_xcom.py
[2025-01-16T18:01:43.114+0000] {logging_mixin.py:190} INFO - [2025-01-16T18:01:43.114+0000] {dag.py:3239} INFO - Sync 1 DAGs
[2025-01-16T18:01:43.175+0000] {logging_mixin.py:190} INFO - [2025-01-16T18:01:43.174+0000] {dag.py:4180} INFO - Setting next_dagrun for example_xcom to 2021-01-01 00:00:00+00:00, run_after=2021-01-01 00:00:00+00:00
[2025-01-16T18:01:43.209+0000] {processor.py:208} INFO - Processing /home/airflow/.local/lib/python3.12/site-packages/airflow/example_dags/example_xcom.py took 0.188 seconds
[2025-01-16T18:02:13.273+0000] {processor.py:186} INFO - Started process (PID=711) to work on /home/airflow/.local/lib/python3.12/site-packages/airflow/example_dags/example_xcom.py
[2025-01-16T18:02:13.276+0000] {processor.py:914} INFO - Processing file /home/airflow/.local/lib/python3.12/site-packages/airflow/example_dags/example_xcom.py for tasks to queue
[2025-01-16T18:02:13.279+0000] {logging_mixin.py:190} INFO - [2025-01-16T18:02:13.279+0000] {dagbag.py:588} INFO - Filling up the DagBag from /home/airflow/.local/lib/python3.12/site-packages/airflow/example_dags/example_xcom.py
[2025-01-16T18:02:13.312+0000] {processor.py:925} INFO - DAG(s) 'example_xcom' retrieved from /home/airflow/.local/lib/python3.12/site-packages/airflow/example_dags/example_xcom.py
[2025-01-16T18:02:13.384+0000] {logging_mixin.py:190} INFO - [2025-01-16T18:02:13.384+0000] {dag.py:3239} INFO - Sync 1 DAGs
[2025-01-16T18:02:13.424+0000] {logging_mixin.py:190} INFO - [2025-01-16T18:02:13.424+0000] {dag.py:4180} INFO - Setting next_dagrun for example_xcom to 2021-01-01 00:00:00+00:00, run_after=2021-01-01 00:00:00+00:00
[2025-01-16T18:02:13.456+0000] {processor.py:208} INFO - Processing /home/airflow/.local/lib/python3.12/site-packages/airflow/example_dags/example_xcom.py took 0.192 seconds
[2025-01-16T18:02:44.175+0000] {processor.py:186} INFO - Started process (PID=776) to work on /home/airflow/.local/lib/python3.12/site-packages/airflow/example_dags/example_xcom.py
[2025-01-16T18:02:44.177+0000] {processor.py:914} INFO - Processing file /home/airflow/.local/lib/python3.12/site-packages/airflow/example_dags/example_xcom.py for tasks to queue
[2025-01-16T18:02:44.180+0000] {logging_mixin.py:190} INFO - [2025-01-16T18:02:44.179+0000] {dagbag.py:588} INFO - Filling up the DagBag from /home/airflow/.local/lib/python3.12/site-packages/airflow/example_dags/example_xcom.py
[2025-01-16T18:02:44.194+0000] {processor.py:925} INFO - DAG(s) 'example_xcom' retrieved from /home/airflow/.local/lib/python3.12/site-packages/airflow/example_dags/example_xcom.py
[2025-01-16T18:02:44.222+0000] {logging_mixin.py:190} INFO - [2025-01-16T18:02:44.222+0000] {dag.py:3239} INFO - Sync 1 DAGs
[2025-01-16T18:02:44.249+0000] {logging_mixin.py:190} INFO - [2025-01-16T18:02:44.249+0000] {dag.py:4180} INFO - Setting next_dagrun for example_xcom to 2021-01-01 00:00:00+00:00, run_after=2021-01-01 00:00:00+00:00
[2025-01-16T18:02:44.283+0000] {processor.py:208} INFO - Processing /home/airflow/.local/lib/python3.12/site-packages/airflow/example_dags/example_xcom.py took 0.115 seconds
[2025-01-16T18:03:14.700+0000] {processor.py:186} INFO - Started process (PID=840) to work on /home/airflow/.local/lib/python3.12/site-packages/airflow/example_dags/example_xcom.py
[2025-01-16T18:03:14.702+0000] {processor.py:914} INFO - Processing file /home/airflow/.local/lib/python3.12/site-packages/airflow/example_dags/example_xcom.py for tasks to queue
[2025-01-16T18:03:14.705+0000] {logging_mixin.py:190} INFO - [2025-01-16T18:03:14.705+0000] {dagbag.py:588} INFO - Filling up the DagBag from /home/airflow/.local/lib/python3.12/site-packages/airflow/example_dags/example_xcom.py
[2025-01-16T18:03:14.723+0000] {processor.py:925} INFO - DAG(s) 'example_xcom' retrieved from /home/airflow/.local/lib/python3.12/site-packages/airflow/example_dags/example_xcom.py
[2025-01-16T18:03:14.755+0000] {logging_mixin.py:190} INFO - [2025-01-16T18:03:14.755+0000] {dag.py:3239} INFO - Sync 1 DAGs
[2025-01-16T18:03:14.803+0000] {logging_mixin.py:190} INFO - [2025-01-16T18:03:14.803+0000] {dag.py:4180} INFO - Setting next_dagrun for example_xcom to 2021-01-01 00:00:00+00:00, run_after=2021-01-01 00:00:00+00:00
[2025-01-16T18:03:14.847+0000] {processor.py:208} INFO - Processing /home/airflow/.local/lib/python3.12/site-packages/airflow/example_dags/example_xcom.py took 0.158 seconds
[2025-01-16T18:03:44.901+0000] {processor.py:186} INFO - Started process (PID=905) to work on /home/airflow/.local/lib/python3.12/site-packages/airflow/example_dags/example_xcom.py
[2025-01-16T18:03:44.903+0000] {processor.py:914} INFO - Processing file /home/airflow/.local/lib/python3.12/site-packages/airflow/example_dags/example_xcom.py for tasks to queue
[2025-01-16T18:03:44.916+0000] {logging_mixin.py:190} INFO - [2025-01-16T18:03:44.911+0000] {dagbag.py:588} INFO - Filling up the DagBag from /home/airflow/.local/lib/python3.12/site-packages/airflow/example_dags/example_xcom.py
[2025-01-16T18:03:44.944+0000] {processor.py:925} INFO - DAG(s) 'example_xcom' retrieved from /home/airflow/.local/lib/python3.12/site-packages/airflow/example_dags/example_xcom.py
[2025-01-16T18:03:44.991+0000] {logging_mixin.py:190} INFO - [2025-01-16T18:03:44.991+0000] {dag.py:3239} INFO - Sync 1 DAGs
[2025-01-16T18:03:45.030+0000] {logging_mixin.py:190} INFO - [2025-01-16T18:03:45.029+0000] {dag.py:4180} INFO - Setting next_dagrun for example_xcom to 2021-01-01 00:00:00+00:00, run_after=2021-01-01 00:00:00+00:00
[2025-01-16T18:03:45.063+0000] {processor.py:208} INFO - Processing /home/airflow/.local/lib/python3.12/site-packages/airflow/example_dags/example_xcom.py took 0.170 seconds
[2025-01-16T18:04:15.187+0000] {processor.py:186} INFO - Started process (PID=969) to work on /home/airflow/.local/lib/python3.12/site-packages/airflow/example_dags/example_xcom.py
[2025-01-16T18:04:15.188+0000] {processor.py:914} INFO - Processing file /home/airflow/.local/lib/python3.12/site-packages/airflow/example_dags/example_xcom.py for tasks to queue
[2025-01-16T18:04:15.192+0000] {logging_mixin.py:190} INFO - [2025-01-16T18:04:15.191+0000] {dagbag.py:588} INFO - Filling up the DagBag from /home/airflow/.local/lib/python3.12/site-packages/airflow/example_dags/example_xcom.py
[2025-01-16T18:04:15.201+0000] {processor.py:925} INFO - DAG(s) 'example_xcom' retrieved from /home/airflow/.local/lib/python3.12/site-packages/airflow/example_dags/example_xcom.py
[2025-01-16T18:04:15.223+0000] {logging_mixin.py:190} INFO - [2025-01-16T18:04:15.223+0000] {dag.py:3239} INFO - Sync 1 DAGs
[2025-01-16T18:04:15.245+0000] {logging_mixin.py:190} INFO - [2025-01-16T18:04:15.245+0000] {dag.py:4180} INFO - Setting next_dagrun for example_xcom to 2021-01-01 00:00:00+00:00, run_after=2021-01-01 00:00:00+00:00
[2025-01-16T18:04:15.264+0000] {processor.py:208} INFO - Processing /home/airflow/.local/lib/python3.12/site-packages/airflow/example_dags/example_xcom.py took 0.084 seconds
[2025-01-16T18:04:45.361+0000] {processor.py:186} INFO - Started process (PID=1034) to work on /home/airflow/.local/lib/python3.12/site-packages/airflow/example_dags/example_xcom.py
[2025-01-16T18:04:45.363+0000] {processor.py:914} INFO - Processing file /home/airflow/.local/lib/python3.12/site-packages/airflow/example_dags/example_xcom.py for tasks to queue
[2025-01-16T18:04:45.366+0000] {logging_mixin.py:190} INFO - [2025-01-16T18:04:45.365+0000] {dagbag.py:588} INFO - Filling up the DagBag from /home/airflow/.local/lib/python3.12/site-packages/airflow/example_dags/example_xcom.py
[2025-01-16T18:04:45.375+0000] {processor.py:925} INFO - DAG(s) 'example_xcom' retrieved from /home/airflow/.local/lib/python3.12/site-packages/airflow/example_dags/example_xcom.py
[2025-01-16T18:04:45.396+0000] {logging_mixin.py:190} INFO - [2025-01-16T18:04:45.395+0000] {dag.py:3239} INFO - Sync 1 DAGs
[2025-01-16T18:04:45.417+0000] {logging_mixin.py:190} INFO - [2025-01-16T18:04:45.417+0000] {dag.py:4180} INFO - Setting next_dagrun for example_xcom to 2021-01-01 00:00:00+00:00, run_after=2021-01-01 00:00:00+00:00
[2025-01-16T18:04:45.438+0000] {processor.py:208} INFO - Processing /home/airflow/.local/lib/python3.12/site-packages/airflow/example_dags/example_xcom.py took 0.083 seconds
[2025-01-16T18:05:16.074+0000] {processor.py:186} INFO - Started process (PID=1099) to work on /home/airflow/.local/lib/python3.12/site-packages/airflow/example_dags/example_xcom.py
[2025-01-16T18:05:16.075+0000] {processor.py:914} INFO - Processing file /home/airflow/.local/lib/python3.12/site-packages/airflow/example_dags/example_xcom.py for tasks to queue
[2025-01-16T18:05:16.077+0000] {logging_mixin.py:190} INFO - [2025-01-16T18:05:16.077+0000] {dagbag.py:588} INFO - Filling up the DagBag from /home/airflow/.local/lib/python3.12/site-packages/airflow/example_dags/example_xcom.py
[2025-01-16T18:05:16.087+0000] {processor.py:925} INFO - DAG(s) 'example_xcom' retrieved from /home/airflow/.local/lib/python3.12/site-packages/airflow/example_dags/example_xcom.py
[2025-01-16T18:05:16.107+0000] {logging_mixin.py:190} INFO - [2025-01-16T18:05:16.107+0000] {dag.py:3239} INFO - Sync 1 DAGs
[2025-01-16T18:05:16.127+0000] {logging_mixin.py:190} INFO - [2025-01-16T18:05:16.127+0000] {dag.py:4180} INFO - Setting next_dagrun for example_xcom to 2021-01-01 00:00:00+00:00, run_after=2021-01-01 00:00:00+00:00
[2025-01-16T18:05:16.144+0000] {processor.py:208} INFO - Processing /home/airflow/.local/lib/python3.12/site-packages/airflow/example_dags/example_xcom.py took 0.076 seconds
[2025-01-16T18:05:46.472+0000] {processor.py:186} INFO - Started process (PID=1164) to work on /home/airflow/.local/lib/python3.12/site-packages/airflow/example_dags/example_xcom.py
[2025-01-16T18:05:46.473+0000] {processor.py:914} INFO - Processing file /home/airflow/.local/lib/python3.12/site-packages/airflow/example_dags/example_xcom.py for tasks to queue
[2025-01-16T18:05:46.475+0000] {logging_mixin.py:190} INFO - [2025-01-16T18:05:46.475+0000] {dagbag.py:588} INFO - Filling up the DagBag from /home/airflow/.local/lib/python3.12/site-packages/airflow/example_dags/example_xcom.py
[2025-01-16T18:05:46.483+0000] {processor.py:925} INFO - DAG(s) 'example_xcom' retrieved from /home/airflow/.local/lib/python3.12/site-packages/airflow/example_dags/example_xcom.py
[2025-01-16T18:05:46.502+0000] {logging_mixin.py:190} INFO - [2025-01-16T18:05:46.501+0000] {dag.py:3239} INFO - Sync 1 DAGs
[2025-01-16T18:05:46.524+0000] {logging_mixin.py:190} INFO - [2025-01-16T18:05:46.524+0000] {dag.py:4180} INFO - Setting next_dagrun for example_xcom to 2021-01-01 00:00:00+00:00, run_after=2021-01-01 00:00:00+00:00
[2025-01-16T18:05:46.538+0000] {processor.py:208} INFO - Processing /home/airflow/.local/lib/python3.12/site-packages/airflow/example_dags/example_xcom.py took 0.071 seconds
[2025-01-16T18:06:17.077+0000] {processor.py:186} INFO - Started process (PID=1229) to work on /home/airflow/.local/lib/python3.12/site-packages/airflow/example_dags/example_xcom.py
[2025-01-16T18:06:17.079+0000] {processor.py:914} INFO - Processing file /home/airflow/.local/lib/python3.12/site-packages/airflow/example_dags/example_xcom.py for tasks to queue
[2025-01-16T18:06:17.083+0000] {logging_mixin.py:190} INFO - [2025-01-16T18:06:17.082+0000] {dagbag.py:588} INFO - Filling up the DagBag from /home/airflow/.local/lib/python3.12/site-packages/airflow/example_dags/example_xcom.py
[2025-01-16T18:06:17.096+0000] {processor.py:925} INFO - DAG(s) 'example_xcom' retrieved from /home/airflow/.local/lib/python3.12/site-packages/airflow/example_dags/example_xcom.py
[2025-01-16T18:06:17.133+0000] {logging_mixin.py:190} INFO - [2025-01-16T18:06:17.132+0000] {dag.py:3239} INFO - Sync 1 DAGs
[2025-01-16T18:06:17.212+0000] {logging_mixin.py:190} INFO - [2025-01-16T18:06:17.212+0000] {dag.py:4180} INFO - Setting next_dagrun for example_xcom to 2021-01-01 00:00:00+00:00, run_after=2021-01-01 00:00:00+00:00
[2025-01-16T18:06:17.283+0000] {processor.py:208} INFO - Processing /home/airflow/.local/lib/python3.12/site-packages/airflow/example_dags/example_xcom.py took 0.215 seconds
[2025-01-16T18:06:47.410+0000] {processor.py:186} INFO - Started process (PID=1294) to work on /home/airflow/.local/lib/python3.12/site-packages/airflow/example_dags/example_xcom.py
[2025-01-16T18:06:47.411+0000] {processor.py:914} INFO - Processing file /home/airflow/.local/lib/python3.12/site-packages/airflow/example_dags/example_xcom.py for tasks to queue
[2025-01-16T18:06:47.416+0000] {logging_mixin.py:190} INFO - [2025-01-16T18:06:47.415+0000] {dagbag.py:588} INFO - Filling up the DagBag from /home/airflow/.local/lib/python3.12/site-packages/airflow/example_dags/example_xcom.py
[2025-01-16T18:06:47.427+0000] {processor.py:925} INFO - DAG(s) 'example_xcom' retrieved from /home/airflow/.local/lib/python3.12/site-packages/airflow/example_dags/example_xcom.py
[2025-01-16T18:06:47.456+0000] {logging_mixin.py:190} INFO - [2025-01-16T18:06:47.456+0000] {dag.py:3239} INFO - Sync 1 DAGs
[2025-01-16T18:06:47.490+0000] {logging_mixin.py:190} INFO - [2025-01-16T18:06:47.489+0000] {dag.py:4180} INFO - Setting next_dagrun for example_xcom to 2021-01-01 00:00:00+00:00, run_after=2021-01-01 00:00:00+00:00
[2025-01-16T18:06:47.534+0000] {processor.py:208} INFO - Processing /home/airflow/.local/lib/python3.12/site-packages/airflow/example_dags/example_xcom.py took 0.131 seconds
