[2025-01-16T17:57:25.960+0000] {processor.py:186} INFO - Started process (PID=84) to work on /home/airflow/.local/lib/python3.12/site-packages/airflow/example_dags/example_python_decorator.py
[2025-01-16T17:57:25.962+0000] {processor.py:914} INFO - Processing file /home/airflow/.local/lib/python3.12/site-packages/airflow/example_dags/example_python_decorator.py for tasks to queue
[2025-01-16T17:57:25.966+0000] {logging_mixin.py:190} INFO - [2025-01-16T17:57:25.965+0000] {dagbag.py:588} INFO - Filling up the DagBag from /home/airflow/.local/lib/python3.12/site-packages/airflow/example_dags/example_python_decorator.py
[2025-01-16T17:57:25.995+0000] {processor.py:925} INFO - DAG(s) 'example_python_decorator' retrieved from /home/airflow/.local/lib/python3.12/site-packages/airflow/example_dags/example_python_decorator.py
[2025-01-16T17:57:26.169+0000] {logging_mixin.py:190} INFO - [2025-01-16T17:57:26.168+0000] {override.py:1911} INFO - Created Permission View: can edit on DAG:example_python_decorator
[2025-01-16T17:57:26.184+0000] {logging_mixin.py:190} INFO - [2025-01-16T17:57:26.183+0000] {override.py:1911} INFO - Created Permission View: can read on DAG:example_python_decorator
[2025-01-16T17:57:26.194+0000] {logging_mixin.py:190} INFO - [2025-01-16T17:57:26.193+0000] {override.py:1911} INFO - Created Permission View: can delete on DAG:example_python_decorator
[2025-01-16T17:57:26.204+0000] {logging_mixin.py:190} INFO - [2025-01-16T17:57:26.203+0000] {override.py:1911} INFO - Created Permission View: can create on DAG Run:example_python_decorator
[2025-01-16T17:57:26.215+0000] {logging_mixin.py:190} INFO - [2025-01-16T17:57:26.215+0000] {override.py:1911} INFO - Created Permission View: can delete on DAG Run:example_python_decorator
[2025-01-16T17:57:26.227+0000] {logging_mixin.py:190} INFO - [2025-01-16T17:57:26.227+0000] {override.py:1911} INFO - Created Permission View: can read on DAG Run:example_python_decorator
[2025-01-16T17:57:26.236+0000] {logging_mixin.py:190} INFO - [2025-01-16T17:57:26.236+0000] {override.py:1911} INFO - Created Permission View: menu access on DAG Run:example_python_decorator
[2025-01-16T17:57:26.237+0000] {logging_mixin.py:190} INFO - [2025-01-16T17:57:26.237+0000] {dag.py:3239} INFO - Sync 1 DAGs
[2025-01-16T17:57:26.252+0000] {logging_mixin.py:190} INFO - [2025-01-16T17:57:26.252+0000] {dag.py:3262} INFO - Creating ORM DAG for example_python_decorator
[2025-01-16T17:57:26.253+0000] {logging_mixin.py:190} INFO - [2025-01-16T17:57:26.253+0000] {dag.py:4180} INFO - Setting next_dagrun for example_python_decorator to None, run_after=None
[2025-01-16T17:57:26.275+0000] {processor.py:208} INFO - Processing /home/airflow/.local/lib/python3.12/site-packages/airflow/example_dags/example_python_decorator.py took 0.327 seconds
[2025-01-16T17:57:56.404+0000] {processor.py:186} INFO - Started process (PID=150) to work on /home/airflow/.local/lib/python3.12/site-packages/airflow/example_dags/example_python_decorator.py
[2025-01-16T17:57:56.406+0000] {processor.py:914} INFO - Processing file /home/airflow/.local/lib/python3.12/site-packages/airflow/example_dags/example_python_decorator.py for tasks to queue
[2025-01-16T17:57:56.408+0000] {logging_mixin.py:190} INFO - [2025-01-16T17:57:56.408+0000] {dagbag.py:588} INFO - Filling up the DagBag from /home/airflow/.local/lib/python3.12/site-packages/airflow/example_dags/example_python_decorator.py
[2025-01-16T17:57:56.422+0000] {processor.py:925} INFO - DAG(s) 'example_python_decorator' retrieved from /home/airflow/.local/lib/python3.12/site-packages/airflow/example_dags/example_python_decorator.py
[2025-01-16T17:57:56.444+0000] {logging_mixin.py:190} INFO - [2025-01-16T17:57:56.444+0000] {dag.py:3239} INFO - Sync 1 DAGs
[2025-01-16T17:57:56.459+0000] {logging_mixin.py:190} INFO - [2025-01-16T17:57:56.459+0000] {dag.py:4180} INFO - Setting next_dagrun for example_python_decorator to None, run_after=None
[2025-01-16T17:57:56.480+0000] {processor.py:208} INFO - Processing /home/airflow/.local/lib/python3.12/site-packages/airflow/example_dags/example_python_decorator.py took 0.081 seconds
[2025-01-16T17:58:27.138+0000] {processor.py:186} INFO - Started process (PID=215) to work on /home/airflow/.local/lib/python3.12/site-packages/airflow/example_dags/example_python_decorator.py
[2025-01-16T17:58:27.139+0000] {processor.py:914} INFO - Processing file /home/airflow/.local/lib/python3.12/site-packages/airflow/example_dags/example_python_decorator.py for tasks to queue
[2025-01-16T17:58:27.141+0000] {logging_mixin.py:190} INFO - [2025-01-16T17:58:27.141+0000] {dagbag.py:588} INFO - Filling up the DagBag from /home/airflow/.local/lib/python3.12/site-packages/airflow/example_dags/example_python_decorator.py
[2025-01-16T17:58:27.156+0000] {processor.py:925} INFO - DAG(s) 'example_python_decorator' retrieved from /home/airflow/.local/lib/python3.12/site-packages/airflow/example_dags/example_python_decorator.py
[2025-01-16T17:58:27.177+0000] {logging_mixin.py:190} INFO - [2025-01-16T17:58:27.177+0000] {dag.py:3239} INFO - Sync 1 DAGs
[2025-01-16T17:58:27.192+0000] {logging_mixin.py:190} INFO - [2025-01-16T17:58:27.192+0000] {dag.py:4180} INFO - Setting next_dagrun for example_python_decorator to None, run_after=None
[2025-01-16T17:58:27.211+0000] {processor.py:208} INFO - Processing /home/airflow/.local/lib/python3.12/site-packages/airflow/example_dags/example_python_decorator.py took 0.081 seconds
[2025-01-16T17:58:57.439+0000] {processor.py:186} INFO - Started process (PID=280) to work on /home/airflow/.local/lib/python3.12/site-packages/airflow/example_dags/example_python_decorator.py
[2025-01-16T17:58:57.441+0000] {processor.py:914} INFO - Processing file /home/airflow/.local/lib/python3.12/site-packages/airflow/example_dags/example_python_decorator.py for tasks to queue
[2025-01-16T17:58:57.443+0000] {logging_mixin.py:190} INFO - [2025-01-16T17:58:57.443+0000] {dagbag.py:588} INFO - Filling up the DagBag from /home/airflow/.local/lib/python3.12/site-packages/airflow/example_dags/example_python_decorator.py
[2025-01-16T17:58:57.458+0000] {processor.py:925} INFO - DAG(s) 'example_python_decorator' retrieved from /home/airflow/.local/lib/python3.12/site-packages/airflow/example_dags/example_python_decorator.py
[2025-01-16T17:58:57.481+0000] {logging_mixin.py:190} INFO - [2025-01-16T17:58:57.481+0000] {dag.py:3239} INFO - Sync 1 DAGs
[2025-01-16T17:58:57.497+0000] {logging_mixin.py:190} INFO - [2025-01-16T17:58:57.497+0000] {dag.py:4180} INFO - Setting next_dagrun for example_python_decorator to None, run_after=None
[2025-01-16T17:58:57.520+0000] {processor.py:208} INFO - Processing /home/airflow/.local/lib/python3.12/site-packages/airflow/example_dags/example_python_decorator.py took 0.089 seconds
[2025-01-16T17:59:27.876+0000] {processor.py:186} INFO - Started process (PID=345) to work on /home/airflow/.local/lib/python3.12/site-packages/airflow/example_dags/example_python_decorator.py
[2025-01-16T17:59:27.878+0000] {processor.py:914} INFO - Processing file /home/airflow/.local/lib/python3.12/site-packages/airflow/example_dags/example_python_decorator.py for tasks to queue
[2025-01-16T17:59:27.885+0000] {logging_mixin.py:190} INFO - [2025-01-16T17:59:27.881+0000] {dagbag.py:588} INFO - Filling up the DagBag from /home/airflow/.local/lib/python3.12/site-packages/airflow/example_dags/example_python_decorator.py
[2025-01-16T17:59:27.926+0000] {processor.py:925} INFO - DAG(s) 'example_python_decorator' retrieved from /home/airflow/.local/lib/python3.12/site-packages/airflow/example_dags/example_python_decorator.py
[2025-01-16T17:59:27.981+0000] {logging_mixin.py:190} INFO - [2025-01-16T17:59:27.980+0000] {dag.py:3239} INFO - Sync 1 DAGs
[2025-01-16T17:59:28.006+0000] {logging_mixin.py:190} INFO - [2025-01-16T17:59:28.005+0000] {dag.py:4180} INFO - Setting next_dagrun for example_python_decorator to None, run_after=None
[2025-01-16T17:59:28.043+0000] {processor.py:208} INFO - Processing /home/airflow/.local/lib/python3.12/site-packages/airflow/example_dags/example_python_decorator.py took 0.178 seconds
[2025-01-16T17:59:58.207+0000] {processor.py:186} INFO - Started process (PID=410) to work on /home/airflow/.local/lib/python3.12/site-packages/airflow/example_dags/example_python_decorator.py
[2025-01-16T17:59:58.209+0000] {processor.py:914} INFO - Processing file /home/airflow/.local/lib/python3.12/site-packages/airflow/example_dags/example_python_decorator.py for tasks to queue
[2025-01-16T17:59:58.211+0000] {logging_mixin.py:190} INFO - [2025-01-16T17:59:58.211+0000] {dagbag.py:588} INFO - Filling up the DagBag from /home/airflow/.local/lib/python3.12/site-packages/airflow/example_dags/example_python_decorator.py
[2025-01-16T17:59:58.225+0000] {processor.py:925} INFO - DAG(s) 'example_python_decorator' retrieved from /home/airflow/.local/lib/python3.12/site-packages/airflow/example_dags/example_python_decorator.py
[2025-01-16T17:59:58.245+0000] {logging_mixin.py:190} INFO - [2025-01-16T17:59:58.245+0000] {dag.py:3239} INFO - Sync 1 DAGs
[2025-01-16T17:59:58.260+0000] {logging_mixin.py:190} INFO - [2025-01-16T17:59:58.259+0000] {dag.py:4180} INFO - Setting next_dagrun for example_python_decorator to None, run_after=None
[2025-01-16T17:59:58.278+0000] {processor.py:208} INFO - Processing /home/airflow/.local/lib/python3.12/site-packages/airflow/example_dags/example_python_decorator.py took 0.075 seconds
[2025-01-16T18:00:28.765+0000] {processor.py:186} INFO - Started process (PID=475) to work on /home/airflow/.local/lib/python3.12/site-packages/airflow/example_dags/example_python_decorator.py
[2025-01-16T18:00:28.771+0000] {processor.py:914} INFO - Processing file /home/airflow/.local/lib/python3.12/site-packages/airflow/example_dags/example_python_decorator.py for tasks to queue
[2025-01-16T18:00:28.774+0000] {logging_mixin.py:190} INFO - [2025-01-16T18:00:28.774+0000] {dagbag.py:588} INFO - Filling up the DagBag from /home/airflow/.local/lib/python3.12/site-packages/airflow/example_dags/example_python_decorator.py
[2025-01-16T18:00:28.796+0000] {processor.py:925} INFO - DAG(s) 'example_python_decorator' retrieved from /home/airflow/.local/lib/python3.12/site-packages/airflow/example_dags/example_python_decorator.py
[2025-01-16T18:00:28.828+0000] {logging_mixin.py:190} INFO - [2025-01-16T18:00:28.828+0000] {dag.py:3239} INFO - Sync 1 DAGs
[2025-01-16T18:00:28.853+0000] {logging_mixin.py:190} INFO - [2025-01-16T18:00:28.852+0000] {dag.py:4180} INFO - Setting next_dagrun for example_python_decorator to None, run_after=None
[2025-01-16T18:00:28.882+0000] {processor.py:208} INFO - Processing /home/airflow/.local/lib/python3.12/site-packages/airflow/example_dags/example_python_decorator.py took 0.126 seconds
[2025-01-16T18:00:59.559+0000] {processor.py:186} INFO - Started process (PID=540) to work on /home/airflow/.local/lib/python3.12/site-packages/airflow/example_dags/example_python_decorator.py
[2025-01-16T18:00:59.560+0000] {processor.py:914} INFO - Processing file /home/airflow/.local/lib/python3.12/site-packages/airflow/example_dags/example_python_decorator.py for tasks to queue
[2025-01-16T18:00:59.562+0000] {logging_mixin.py:190} INFO - [2025-01-16T18:00:59.562+0000] {dagbag.py:588} INFO - Filling up the DagBag from /home/airflow/.local/lib/python3.12/site-packages/airflow/example_dags/example_python_decorator.py
[2025-01-16T18:00:59.576+0000] {processor.py:925} INFO - DAG(s) 'example_python_decorator' retrieved from /home/airflow/.local/lib/python3.12/site-packages/airflow/example_dags/example_python_decorator.py
[2025-01-16T18:00:59.597+0000] {logging_mixin.py:190} INFO - [2025-01-16T18:00:59.597+0000] {dag.py:3239} INFO - Sync 1 DAGs
[2025-01-16T18:00:59.613+0000] {logging_mixin.py:190} INFO - [2025-01-16T18:00:59.613+0000] {dag.py:4180} INFO - Setting next_dagrun for example_python_decorator to None, run_after=None
[2025-01-16T18:00:59.638+0000] {processor.py:208} INFO - Processing /home/airflow/.local/lib/python3.12/site-packages/airflow/example_dags/example_python_decorator.py took 0.085 seconds
[2025-01-16T18:01:29.899+0000] {processor.py:186} INFO - Started process (PID=605) to work on /home/airflow/.local/lib/python3.12/site-packages/airflow/example_dags/example_python_decorator.py
[2025-01-16T18:01:29.900+0000] {processor.py:914} INFO - Processing file /home/airflow/.local/lib/python3.12/site-packages/airflow/example_dags/example_python_decorator.py for tasks to queue
[2025-01-16T18:01:29.903+0000] {logging_mixin.py:190} INFO - [2025-01-16T18:01:29.902+0000] {dagbag.py:588} INFO - Filling up the DagBag from /home/airflow/.local/lib/python3.12/site-packages/airflow/example_dags/example_python_decorator.py
[2025-01-16T18:01:29.924+0000] {processor.py:925} INFO - DAG(s) 'example_python_decorator' retrieved from /home/airflow/.local/lib/python3.12/site-packages/airflow/example_dags/example_python_decorator.py
[2025-01-16T18:01:29.961+0000] {logging_mixin.py:190} INFO - [2025-01-16T18:01:29.960+0000] {dag.py:3239} INFO - Sync 1 DAGs
[2025-01-16T18:01:29.981+0000] {logging_mixin.py:190} INFO - [2025-01-16T18:01:29.980+0000] {dag.py:4180} INFO - Setting next_dagrun for example_python_decorator to None, run_after=None
[2025-01-16T18:01:30.006+0000] {processor.py:208} INFO - Processing /home/airflow/.local/lib/python3.12/site-packages/airflow/example_dags/example_python_decorator.py took 0.114 seconds
[2025-01-16T18:02:00.232+0000] {processor.py:186} INFO - Started process (PID=670) to work on /home/airflow/.local/lib/python3.12/site-packages/airflow/example_dags/example_python_decorator.py
[2025-01-16T18:02:00.234+0000] {processor.py:914} INFO - Processing file /home/airflow/.local/lib/python3.12/site-packages/airflow/example_dags/example_python_decorator.py for tasks to queue
[2025-01-16T18:02:00.237+0000] {logging_mixin.py:190} INFO - [2025-01-16T18:02:00.236+0000] {dagbag.py:588} INFO - Filling up the DagBag from /home/airflow/.local/lib/python3.12/site-packages/airflow/example_dags/example_python_decorator.py
[2025-01-16T18:02:00.253+0000] {processor.py:925} INFO - DAG(s) 'example_python_decorator' retrieved from /home/airflow/.local/lib/python3.12/site-packages/airflow/example_dags/example_python_decorator.py
[2025-01-16T18:02:00.278+0000] {logging_mixin.py:190} INFO - [2025-01-16T18:02:00.278+0000] {dag.py:3239} INFO - Sync 1 DAGs
[2025-01-16T18:02:00.294+0000] {logging_mixin.py:190} INFO - [2025-01-16T18:02:00.294+0000] {dag.py:4180} INFO - Setting next_dagrun for example_python_decorator to None, run_after=None
[2025-01-16T18:02:00.319+0000] {processor.py:208} INFO - Processing /home/airflow/.local/lib/python3.12/site-packages/airflow/example_dags/example_python_decorator.py took 0.094 seconds
[2025-01-16T18:02:31.024+0000] {processor.py:186} INFO - Started process (PID=736) to work on /home/airflow/.local/lib/python3.12/site-packages/airflow/example_dags/example_python_decorator.py
[2025-01-16T18:02:31.025+0000] {processor.py:914} INFO - Processing file /home/airflow/.local/lib/python3.12/site-packages/airflow/example_dags/example_python_decorator.py for tasks to queue
[2025-01-16T18:02:31.027+0000] {logging_mixin.py:190} INFO - [2025-01-16T18:02:31.027+0000] {dagbag.py:588} INFO - Filling up the DagBag from /home/airflow/.local/lib/python3.12/site-packages/airflow/example_dags/example_python_decorator.py
[2025-01-16T18:02:31.041+0000] {processor.py:925} INFO - DAG(s) 'example_python_decorator' retrieved from /home/airflow/.local/lib/python3.12/site-packages/airflow/example_dags/example_python_decorator.py
[2025-01-16T18:02:31.063+0000] {logging_mixin.py:190} INFO - [2025-01-16T18:02:31.063+0000] {dag.py:3239} INFO - Sync 1 DAGs
[2025-01-16T18:02:31.077+0000] {logging_mixin.py:190} INFO - [2025-01-16T18:02:31.077+0000] {dag.py:4180} INFO - Setting next_dagrun for example_python_decorator to None, run_after=None
[2025-01-16T18:02:31.097+0000] {processor.py:208} INFO - Processing /home/airflow/.local/lib/python3.12/site-packages/airflow/example_dags/example_python_decorator.py took 0.080 seconds
[2025-01-16T18:03:01.274+0000] {processor.py:186} INFO - Started process (PID=801) to work on /home/airflow/.local/lib/python3.12/site-packages/airflow/example_dags/example_python_decorator.py
[2025-01-16T18:03:01.275+0000] {processor.py:914} INFO - Processing file /home/airflow/.local/lib/python3.12/site-packages/airflow/example_dags/example_python_decorator.py for tasks to queue
[2025-01-16T18:03:01.278+0000] {logging_mixin.py:190} INFO - [2025-01-16T18:03:01.277+0000] {dagbag.py:588} INFO - Filling up the DagBag from /home/airflow/.local/lib/python3.12/site-packages/airflow/example_dags/example_python_decorator.py
[2025-01-16T18:03:01.290+0000] {processor.py:925} INFO - DAG(s) 'example_python_decorator' retrieved from /home/airflow/.local/lib/python3.12/site-packages/airflow/example_dags/example_python_decorator.py
[2025-01-16T18:03:01.309+0000] {logging_mixin.py:190} INFO - [2025-01-16T18:03:01.309+0000] {dag.py:3239} INFO - Sync 1 DAGs
[2025-01-16T18:03:01.322+0000] {logging_mixin.py:190} INFO - [2025-01-16T18:03:01.322+0000] {dag.py:4180} INFO - Setting next_dagrun for example_python_decorator to None, run_after=None
[2025-01-16T18:03:01.341+0000] {processor.py:208} INFO - Processing /home/airflow/.local/lib/python3.12/site-packages/airflow/example_dags/example_python_decorator.py took 0.072 seconds
[2025-01-16T18:03:31.713+0000] {processor.py:186} INFO - Started process (PID=866) to work on /home/airflow/.local/lib/python3.12/site-packages/airflow/example_dags/example_python_decorator.py
[2025-01-16T18:03:31.714+0000] {processor.py:914} INFO - Processing file /home/airflow/.local/lib/python3.12/site-packages/airflow/example_dags/example_python_decorator.py for tasks to queue
[2025-01-16T18:03:31.718+0000] {logging_mixin.py:190} INFO - [2025-01-16T18:03:31.717+0000] {dagbag.py:588} INFO - Filling up the DagBag from /home/airflow/.local/lib/python3.12/site-packages/airflow/example_dags/example_python_decorator.py
[2025-01-16T18:03:31.729+0000] {processor.py:925} INFO - DAG(s) 'example_python_decorator' retrieved from /home/airflow/.local/lib/python3.12/site-packages/airflow/example_dags/example_python_decorator.py
[2025-01-16T18:03:31.751+0000] {logging_mixin.py:190} INFO - [2025-01-16T18:03:31.751+0000] {dag.py:3239} INFO - Sync 1 DAGs
[2025-01-16T18:03:31.762+0000] {logging_mixin.py:190} INFO - [2025-01-16T18:03:31.762+0000] {dag.py:4180} INFO - Setting next_dagrun for example_python_decorator to None, run_after=None
[2025-01-16T18:03:31.782+0000] {processor.py:208} INFO - Processing /home/airflow/.local/lib/python3.12/site-packages/airflow/example_dags/example_python_decorator.py took 0.075 seconds
[2025-01-16T18:04:02.206+0000] {processor.py:186} INFO - Started process (PID=931) to work on /home/airflow/.local/lib/python3.12/site-packages/airflow/example_dags/example_python_decorator.py
[2025-01-16T18:04:02.208+0000] {processor.py:914} INFO - Processing file /home/airflow/.local/lib/python3.12/site-packages/airflow/example_dags/example_python_decorator.py for tasks to queue
[2025-01-16T18:04:02.212+0000] {logging_mixin.py:190} INFO - [2025-01-16T18:04:02.211+0000] {dagbag.py:588} INFO - Filling up the DagBag from /home/airflow/.local/lib/python3.12/site-packages/airflow/example_dags/example_python_decorator.py
[2025-01-16T18:04:02.237+0000] {processor.py:925} INFO - DAG(s) 'example_python_decorator' retrieved from /home/airflow/.local/lib/python3.12/site-packages/airflow/example_dags/example_python_decorator.py
[2025-01-16T18:04:02.270+0000] {logging_mixin.py:190} INFO - [2025-01-16T18:04:02.270+0000] {dag.py:3239} INFO - Sync 1 DAGs
[2025-01-16T18:04:02.293+0000] {logging_mixin.py:190} INFO - [2025-01-16T18:04:02.293+0000] {dag.py:4180} INFO - Setting next_dagrun for example_python_decorator to None, run_after=None
[2025-01-16T18:04:02.316+0000] {processor.py:208} INFO - Processing /home/airflow/.local/lib/python3.12/site-packages/airflow/example_dags/example_python_decorator.py took 0.120 seconds
[2025-01-16T18:04:32.677+0000] {processor.py:186} INFO - Started process (PID=996) to work on /home/airflow/.local/lib/python3.12/site-packages/airflow/example_dags/example_python_decorator.py
[2025-01-16T18:04:32.678+0000] {processor.py:914} INFO - Processing file /home/airflow/.local/lib/python3.12/site-packages/airflow/example_dags/example_python_decorator.py for tasks to queue
[2025-01-16T18:04:32.681+0000] {logging_mixin.py:190} INFO - [2025-01-16T18:04:32.681+0000] {dagbag.py:588} INFO - Filling up the DagBag from /home/airflow/.local/lib/python3.12/site-packages/airflow/example_dags/example_python_decorator.py
[2025-01-16T18:04:32.693+0000] {processor.py:925} INFO - DAG(s) 'example_python_decorator' retrieved from /home/airflow/.local/lib/python3.12/site-packages/airflow/example_dags/example_python_decorator.py
[2025-01-16T18:04:32.712+0000] {logging_mixin.py:190} INFO - [2025-01-16T18:04:32.712+0000] {dag.py:3239} INFO - Sync 1 DAGs
[2025-01-16T18:04:32.728+0000] {logging_mixin.py:190} INFO - [2025-01-16T18:04:32.728+0000] {dag.py:4180} INFO - Setting next_dagrun for example_python_decorator to None, run_after=None
[2025-01-16T18:04:32.744+0000] {processor.py:208} INFO - Processing /home/airflow/.local/lib/python3.12/site-packages/airflow/example_dags/example_python_decorator.py took 0.072 seconds
[2025-01-16T18:05:03.240+0000] {processor.py:186} INFO - Started process (PID=1061) to work on /home/airflow/.local/lib/python3.12/site-packages/airflow/example_dags/example_python_decorator.py
[2025-01-16T18:05:03.241+0000] {processor.py:914} INFO - Processing file /home/airflow/.local/lib/python3.12/site-packages/airflow/example_dags/example_python_decorator.py for tasks to queue
[2025-01-16T18:05:03.243+0000] {logging_mixin.py:190} INFO - [2025-01-16T18:05:03.243+0000] {dagbag.py:588} INFO - Filling up the DagBag from /home/airflow/.local/lib/python3.12/site-packages/airflow/example_dags/example_python_decorator.py
[2025-01-16T18:05:03.260+0000] {processor.py:925} INFO - DAG(s) 'example_python_decorator' retrieved from /home/airflow/.local/lib/python3.12/site-packages/airflow/example_dags/example_python_decorator.py
[2025-01-16T18:05:03.285+0000] {logging_mixin.py:190} INFO - [2025-01-16T18:05:03.285+0000] {dag.py:3239} INFO - Sync 1 DAGs
[2025-01-16T18:05:03.301+0000] {logging_mixin.py:190} INFO - [2025-01-16T18:05:03.301+0000] {dag.py:4180} INFO - Setting next_dagrun for example_python_decorator to None, run_after=None
[2025-01-16T18:05:03.321+0000] {processor.py:208} INFO - Processing /home/airflow/.local/lib/python3.12/site-packages/airflow/example_dags/example_python_decorator.py took 0.086 seconds
[2025-01-16T18:05:33.727+0000] {processor.py:186} INFO - Started process (PID=1126) to work on /home/airflow/.local/lib/python3.12/site-packages/airflow/example_dags/example_python_decorator.py
[2025-01-16T18:05:33.728+0000] {processor.py:914} INFO - Processing file /home/airflow/.local/lib/python3.12/site-packages/airflow/example_dags/example_python_decorator.py for tasks to queue
[2025-01-16T18:05:33.729+0000] {logging_mixin.py:190} INFO - [2025-01-16T18:05:33.729+0000] {dagbag.py:588} INFO - Filling up the DagBag from /home/airflow/.local/lib/python3.12/site-packages/airflow/example_dags/example_python_decorator.py
[2025-01-16T18:05:33.744+0000] {processor.py:925} INFO - DAG(s) 'example_python_decorator' retrieved from /home/airflow/.local/lib/python3.12/site-packages/airflow/example_dags/example_python_decorator.py
[2025-01-16T18:05:33.768+0000] {logging_mixin.py:190} INFO - [2025-01-16T18:05:33.767+0000] {dag.py:3239} INFO - Sync 1 DAGs
[2025-01-16T18:05:33.779+0000] {logging_mixin.py:190} INFO - [2025-01-16T18:05:33.779+0000] {dag.py:4180} INFO - Setting next_dagrun for example_python_decorator to None, run_after=None
[2025-01-16T18:05:33.798+0000] {processor.py:208} INFO - Processing /home/airflow/.local/lib/python3.12/site-packages/airflow/example_dags/example_python_decorator.py took 0.076 seconds
[2025-01-16T18:06:04.977+0000] {processor.py:186} INFO - Started process (PID=1191) to work on /home/airflow/.local/lib/python3.12/site-packages/airflow/example_dags/example_python_decorator.py
[2025-01-16T18:06:04.979+0000] {processor.py:914} INFO - Processing file /home/airflow/.local/lib/python3.12/site-packages/airflow/example_dags/example_python_decorator.py for tasks to queue
[2025-01-16T18:06:04.983+0000] {logging_mixin.py:190} INFO - [2025-01-16T18:06:04.983+0000] {dagbag.py:588} INFO - Filling up the DagBag from /home/airflow/.local/lib/python3.12/site-packages/airflow/example_dags/example_python_decorator.py
[2025-01-16T18:06:05.013+0000] {processor.py:925} INFO - DAG(s) 'example_python_decorator' retrieved from /home/airflow/.local/lib/python3.12/site-packages/airflow/example_dags/example_python_decorator.py
[2025-01-16T18:06:05.061+0000] {logging_mixin.py:190} INFO - [2025-01-16T18:06:05.061+0000] {dag.py:3239} INFO - Sync 1 DAGs
[2025-01-16T18:06:05.085+0000] {logging_mixin.py:190} INFO - [2025-01-16T18:06:05.084+0000] {dag.py:4180} INFO - Setting next_dagrun for example_python_decorator to None, run_after=None
[2025-01-16T18:06:05.118+0000] {processor.py:208} INFO - Processing /home/airflow/.local/lib/python3.12/site-packages/airflow/example_dags/example_python_decorator.py took 0.150 seconds
[2025-01-16T18:06:35.427+0000] {processor.py:186} INFO - Started process (PID=1256) to work on /home/airflow/.local/lib/python3.12/site-packages/airflow/example_dags/example_python_decorator.py
[2025-01-16T18:06:35.429+0000] {processor.py:914} INFO - Processing file /home/airflow/.local/lib/python3.12/site-packages/airflow/example_dags/example_python_decorator.py for tasks to queue
[2025-01-16T18:06:35.432+0000] {logging_mixin.py:190} INFO - [2025-01-16T18:06:35.432+0000] {dagbag.py:588} INFO - Filling up the DagBag from /home/airflow/.local/lib/python3.12/site-packages/airflow/example_dags/example_python_decorator.py
[2025-01-16T18:06:35.449+0000] {processor.py:925} INFO - DAG(s) 'example_python_decorator' retrieved from /home/airflow/.local/lib/python3.12/site-packages/airflow/example_dags/example_python_decorator.py
[2025-01-16T18:06:35.476+0000] {logging_mixin.py:190} INFO - [2025-01-16T18:06:35.475+0000] {dag.py:3239} INFO - Sync 1 DAGs
[2025-01-16T18:06:35.496+0000] {logging_mixin.py:190} INFO - [2025-01-16T18:06:35.495+0000] {dag.py:4180} INFO - Setting next_dagrun for example_python_decorator to None, run_after=None
[2025-01-16T18:06:35.525+0000] {processor.py:208} INFO - Processing /home/airflow/.local/lib/python3.12/site-packages/airflow/example_dags/example_python_decorator.py took 0.106 seconds
