[2025-01-16T17:57:23.375+0000] {processor.py:186} INFO - Started process (PID=74) to work on /home/airflow/.local/lib/python3.12/site-packages/airflow/example_dags/example_python_operator.py
[2025-01-16T17:57:23.387+0000] {processor.py:914} INFO - Processing file /home/airflow/.local/lib/python3.12/site-packages/airflow/example_dags/example_python_operator.py for tasks to queue
[2025-01-16T17:57:23.399+0000] {logging_mixin.py:190} INFO - [2025-01-16T17:57:23.398+0000] {dagbag.py:588} INFO - Filling up the DagBag from /home/airflow/.local/lib/python3.12/site-packages/airflow/example_dags/example_python_operator.py
[2025-01-16T17:57:23.471+0000] {processor.py:925} INFO - DAG(s) 'example_python_operator' retrieved from /home/airflow/.local/lib/python3.12/site-packages/airflow/example_dags/example_python_operator.py
[2025-01-16T17:57:23.716+0000] {logging_mixin.py:190} INFO - [2025-01-16T17:57:23.715+0000] {override.py:1911} INFO - Created Permission View: can edit on DAG:example_python_operator
[2025-01-16T17:57:23.735+0000] {logging_mixin.py:190} INFO - [2025-01-16T17:57:23.734+0000] {override.py:1911} INFO - Created Permission View: can read on DAG:example_python_operator
[2025-01-16T17:57:23.747+0000] {logging_mixin.py:190} INFO - [2025-01-16T17:57:23.747+0000] {override.py:1911} INFO - Created Permission View: can delete on DAG:example_python_operator
[2025-01-16T17:57:23.762+0000] {logging_mixin.py:190} INFO - [2025-01-16T17:57:23.761+0000] {override.py:1911} INFO - Created Permission View: can create on DAG Run:example_python_operator
[2025-01-16T17:57:23.777+0000] {logging_mixin.py:190} INFO - [2025-01-16T17:57:23.777+0000] {override.py:1911} INFO - Created Permission View: can delete on DAG Run:example_python_operator
[2025-01-16T17:57:23.790+0000] {logging_mixin.py:190} INFO - [2025-01-16T17:57:23.789+0000] {override.py:1911} INFO - Created Permission View: can read on DAG Run:example_python_operator
[2025-01-16T17:57:23.803+0000] {logging_mixin.py:190} INFO - [2025-01-16T17:57:23.803+0000] {override.py:1911} INFO - Created Permission View: menu access on DAG Run:example_python_operator
[2025-01-16T17:57:23.804+0000] {logging_mixin.py:190} INFO - [2025-01-16T17:57:23.804+0000] {dag.py:3239} INFO - Sync 1 DAGs
[2025-01-16T17:57:23.826+0000] {logging_mixin.py:190} INFO - [2025-01-16T17:57:23.825+0000] {dag.py:3262} INFO - Creating ORM DAG for example_python_operator
[2025-01-16T17:57:23.828+0000] {logging_mixin.py:190} INFO - [2025-01-16T17:57:23.827+0000] {dag.py:4180} INFO - Setting next_dagrun for example_python_operator to None, run_after=None
[2025-01-16T17:57:23.861+0000] {processor.py:208} INFO - Processing /home/airflow/.local/lib/python3.12/site-packages/airflow/example_dags/example_python_operator.py took 0.504 seconds
[2025-01-16T17:57:54.639+0000] {processor.py:186} INFO - Started process (PID=140) to work on /home/airflow/.local/lib/python3.12/site-packages/airflow/example_dags/example_python_operator.py
[2025-01-16T17:57:54.640+0000] {processor.py:914} INFO - Processing file /home/airflow/.local/lib/python3.12/site-packages/airflow/example_dags/example_python_operator.py for tasks to queue
[2025-01-16T17:57:54.642+0000] {logging_mixin.py:190} INFO - [2025-01-16T17:57:54.642+0000] {dagbag.py:588} INFO - Filling up the DagBag from /home/airflow/.local/lib/python3.12/site-packages/airflow/example_dags/example_python_operator.py
[2025-01-16T17:57:54.656+0000] {processor.py:925} INFO - DAG(s) 'example_python_operator' retrieved from /home/airflow/.local/lib/python3.12/site-packages/airflow/example_dags/example_python_operator.py
[2025-01-16T17:57:54.674+0000] {logging_mixin.py:190} INFO - [2025-01-16T17:57:54.674+0000] {dag.py:3239} INFO - Sync 1 DAGs
[2025-01-16T17:57:54.688+0000] {logging_mixin.py:190} INFO - [2025-01-16T17:57:54.688+0000] {dag.py:4180} INFO - Setting next_dagrun for example_python_operator to None, run_after=None
[2025-01-16T17:57:54.709+0000] {processor.py:208} INFO - Processing /home/airflow/.local/lib/python3.12/site-packages/airflow/example_dags/example_python_operator.py took 0.074 seconds
[2025-01-16T17:58:25.327+0000] {processor.py:186} INFO - Started process (PID=205) to work on /home/airflow/.local/lib/python3.12/site-packages/airflow/example_dags/example_python_operator.py
[2025-01-16T17:58:25.328+0000] {processor.py:914} INFO - Processing file /home/airflow/.local/lib/python3.12/site-packages/airflow/example_dags/example_python_operator.py for tasks to queue
[2025-01-16T17:58:25.330+0000] {logging_mixin.py:190} INFO - [2025-01-16T17:58:25.330+0000] {dagbag.py:588} INFO - Filling up the DagBag from /home/airflow/.local/lib/python3.12/site-packages/airflow/example_dags/example_python_operator.py
[2025-01-16T17:58:25.350+0000] {processor.py:925} INFO - DAG(s) 'example_python_operator' retrieved from /home/airflow/.local/lib/python3.12/site-packages/airflow/example_dags/example_python_operator.py
[2025-01-16T17:58:25.376+0000] {logging_mixin.py:190} INFO - [2025-01-16T17:58:25.375+0000] {dag.py:3239} INFO - Sync 1 DAGs
[2025-01-16T17:58:25.397+0000] {logging_mixin.py:190} INFO - [2025-01-16T17:58:25.397+0000] {dag.py:4180} INFO - Setting next_dagrun for example_python_operator to None, run_after=None
[2025-01-16T17:58:25.436+0000] {processor.py:208} INFO - Processing /home/airflow/.local/lib/python3.12/site-packages/airflow/example_dags/example_python_operator.py took 0.116 seconds
[2025-01-16T17:58:55.527+0000] {processor.py:186} INFO - Started process (PID=270) to work on /home/airflow/.local/lib/python3.12/site-packages/airflow/example_dags/example_python_operator.py
[2025-01-16T17:58:55.529+0000] {processor.py:914} INFO - Processing file /home/airflow/.local/lib/python3.12/site-packages/airflow/example_dags/example_python_operator.py for tasks to queue
[2025-01-16T17:58:55.533+0000] {logging_mixin.py:190} INFO - [2025-01-16T17:58:55.532+0000] {dagbag.py:588} INFO - Filling up the DagBag from /home/airflow/.local/lib/python3.12/site-packages/airflow/example_dags/example_python_operator.py
[2025-01-16T17:58:55.553+0000] {processor.py:925} INFO - DAG(s) 'example_python_operator' retrieved from /home/airflow/.local/lib/python3.12/site-packages/airflow/example_dags/example_python_operator.py
[2025-01-16T17:58:55.592+0000] {logging_mixin.py:190} INFO - [2025-01-16T17:58:55.591+0000] {dag.py:3239} INFO - Sync 1 DAGs
[2025-01-16T17:58:55.617+0000] {logging_mixin.py:190} INFO - [2025-01-16T17:58:55.616+0000] {dag.py:4180} INFO - Setting next_dagrun for example_python_operator to None, run_after=None
[2025-01-16T17:58:55.647+0000] {processor.py:208} INFO - Processing /home/airflow/.local/lib/python3.12/site-packages/airflow/example_dags/example_python_operator.py took 0.127 seconds
[2025-01-16T17:59:26.007+0000] {processor.py:186} INFO - Started process (PID=335) to work on /home/airflow/.local/lib/python3.12/site-packages/airflow/example_dags/example_python_operator.py
[2025-01-16T17:59:26.008+0000] {processor.py:914} INFO - Processing file /home/airflow/.local/lib/python3.12/site-packages/airflow/example_dags/example_python_operator.py for tasks to queue
[2025-01-16T17:59:26.011+0000] {logging_mixin.py:190} INFO - [2025-01-16T17:59:26.011+0000] {dagbag.py:588} INFO - Filling up the DagBag from /home/airflow/.local/lib/python3.12/site-packages/airflow/example_dags/example_python_operator.py
[2025-01-16T17:59:26.023+0000] {processor.py:925} INFO - DAG(s) 'example_python_operator' retrieved from /home/airflow/.local/lib/python3.12/site-packages/airflow/example_dags/example_python_operator.py
[2025-01-16T17:59:26.042+0000] {logging_mixin.py:190} INFO - [2025-01-16T17:59:26.042+0000] {dag.py:3239} INFO - Sync 1 DAGs
[2025-01-16T17:59:26.055+0000] {logging_mixin.py:190} INFO - [2025-01-16T17:59:26.055+0000] {dag.py:4180} INFO - Setting next_dagrun for example_python_operator to None, run_after=None
[2025-01-16T17:59:26.085+0000] {processor.py:208} INFO - Processing /home/airflow/.local/lib/python3.12/site-packages/airflow/example_dags/example_python_operator.py took 0.082 seconds
[2025-01-16T17:59:56.443+0000] {processor.py:186} INFO - Started process (PID=400) to work on /home/airflow/.local/lib/python3.12/site-packages/airflow/example_dags/example_python_operator.py
[2025-01-16T17:59:56.454+0000] {processor.py:914} INFO - Processing file /home/airflow/.local/lib/python3.12/site-packages/airflow/example_dags/example_python_operator.py for tasks to queue
[2025-01-16T17:59:56.456+0000] {logging_mixin.py:190} INFO - [2025-01-16T17:59:56.456+0000] {dagbag.py:588} INFO - Filling up the DagBag from /home/airflow/.local/lib/python3.12/site-packages/airflow/example_dags/example_python_operator.py
[2025-01-16T17:59:56.469+0000] {processor.py:925} INFO - DAG(s) 'example_python_operator' retrieved from /home/airflow/.local/lib/python3.12/site-packages/airflow/example_dags/example_python_operator.py
[2025-01-16T17:59:56.488+0000] {logging_mixin.py:190} INFO - [2025-01-16T17:59:56.488+0000] {dag.py:3239} INFO - Sync 1 DAGs
[2025-01-16T17:59:56.503+0000] {logging_mixin.py:190} INFO - [2025-01-16T17:59:56.503+0000] {dag.py:4180} INFO - Setting next_dagrun for example_python_operator to None, run_after=None
[2025-01-16T17:59:56.521+0000] {processor.py:208} INFO - Processing /home/airflow/.local/lib/python3.12/site-packages/airflow/example_dags/example_python_operator.py took 0.082 seconds
[2025-01-16T18:00:26.732+0000] {processor.py:186} INFO - Started process (PID=465) to work on /home/airflow/.local/lib/python3.12/site-packages/airflow/example_dags/example_python_operator.py
[2025-01-16T18:00:26.735+0000] {processor.py:914} INFO - Processing file /home/airflow/.local/lib/python3.12/site-packages/airflow/example_dags/example_python_operator.py for tasks to queue
[2025-01-16T18:00:26.739+0000] {logging_mixin.py:190} INFO - [2025-01-16T18:00:26.739+0000] {dagbag.py:588} INFO - Filling up the DagBag from /home/airflow/.local/lib/python3.12/site-packages/airflow/example_dags/example_python_operator.py
[2025-01-16T18:00:26.751+0000] {processor.py:925} INFO - DAG(s) 'example_python_operator' retrieved from /home/airflow/.local/lib/python3.12/site-packages/airflow/example_dags/example_python_operator.py
[2025-01-16T18:00:26.781+0000] {logging_mixin.py:190} INFO - [2025-01-16T18:00:26.781+0000] {dag.py:3239} INFO - Sync 1 DAGs
[2025-01-16T18:00:26.805+0000] {logging_mixin.py:190} INFO - [2025-01-16T18:00:26.804+0000] {dag.py:4180} INFO - Setting next_dagrun for example_python_operator to None, run_after=None
[2025-01-16T18:00:26.831+0000] {processor.py:208} INFO - Processing /home/airflow/.local/lib/python3.12/site-packages/airflow/example_dags/example_python_operator.py took 0.104 seconds
[2025-01-16T18:00:57.681+0000] {processor.py:186} INFO - Started process (PID=530) to work on /home/airflow/.local/lib/python3.12/site-packages/airflow/example_dags/example_python_operator.py
[2025-01-16T18:00:57.682+0000] {processor.py:914} INFO - Processing file /home/airflow/.local/lib/python3.12/site-packages/airflow/example_dags/example_python_operator.py for tasks to queue
[2025-01-16T18:00:57.686+0000] {logging_mixin.py:190} INFO - [2025-01-16T18:00:57.686+0000] {dagbag.py:588} INFO - Filling up the DagBag from /home/airflow/.local/lib/python3.12/site-packages/airflow/example_dags/example_python_operator.py
[2025-01-16T18:00:57.701+0000] {processor.py:925} INFO - DAG(s) 'example_python_operator' retrieved from /home/airflow/.local/lib/python3.12/site-packages/airflow/example_dags/example_python_operator.py
[2025-01-16T18:00:57.727+0000] {logging_mixin.py:190} INFO - [2025-01-16T18:00:57.726+0000] {dag.py:3239} INFO - Sync 1 DAGs
[2025-01-16T18:00:57.742+0000] {logging_mixin.py:190} INFO - [2025-01-16T18:00:57.742+0000] {dag.py:4180} INFO - Setting next_dagrun for example_python_operator to None, run_after=None
[2025-01-16T18:00:57.766+0000] {processor.py:208} INFO - Processing /home/airflow/.local/lib/python3.12/site-packages/airflow/example_dags/example_python_operator.py took 0.089 seconds
[2025-01-16T18:01:28.191+0000] {processor.py:186} INFO - Started process (PID=595) to work on /home/airflow/.local/lib/python3.12/site-packages/airflow/example_dags/example_python_operator.py
[2025-01-16T18:01:28.203+0000] {processor.py:914} INFO - Processing file /home/airflow/.local/lib/python3.12/site-packages/airflow/example_dags/example_python_operator.py for tasks to queue
[2025-01-16T18:01:28.206+0000] {logging_mixin.py:190} INFO - [2025-01-16T18:01:28.205+0000] {dagbag.py:588} INFO - Filling up the DagBag from /home/airflow/.local/lib/python3.12/site-packages/airflow/example_dags/example_python_operator.py
[2025-01-16T18:01:28.218+0000] {processor.py:925} INFO - DAG(s) 'example_python_operator' retrieved from /home/airflow/.local/lib/python3.12/site-packages/airflow/example_dags/example_python_operator.py
[2025-01-16T18:01:28.236+0000] {logging_mixin.py:190} INFO - [2025-01-16T18:01:28.236+0000] {dag.py:3239} INFO - Sync 1 DAGs
[2025-01-16T18:01:28.250+0000] {logging_mixin.py:190} INFO - [2025-01-16T18:01:28.250+0000] {dag.py:4180} INFO - Setting next_dagrun for example_python_operator to None, run_after=None
[2025-01-16T18:01:28.270+0000] {processor.py:208} INFO - Processing /home/airflow/.local/lib/python3.12/site-packages/airflow/example_dags/example_python_operator.py took 0.084 seconds
[2025-01-16T18:01:58.478+0000] {processor.py:186} INFO - Started process (PID=660) to work on /home/airflow/.local/lib/python3.12/site-packages/airflow/example_dags/example_python_operator.py
[2025-01-16T18:01:58.479+0000] {processor.py:914} INFO - Processing file /home/airflow/.local/lib/python3.12/site-packages/airflow/example_dags/example_python_operator.py for tasks to queue
[2025-01-16T18:01:58.481+0000] {logging_mixin.py:190} INFO - [2025-01-16T18:01:58.481+0000] {dagbag.py:588} INFO - Filling up the DagBag from /home/airflow/.local/lib/python3.12/site-packages/airflow/example_dags/example_python_operator.py
[2025-01-16T18:01:58.493+0000] {processor.py:925} INFO - DAG(s) 'example_python_operator' retrieved from /home/airflow/.local/lib/python3.12/site-packages/airflow/example_dags/example_python_operator.py
[2025-01-16T18:01:58.512+0000] {logging_mixin.py:190} INFO - [2025-01-16T18:01:58.512+0000] {dag.py:3239} INFO - Sync 1 DAGs
[2025-01-16T18:01:58.527+0000] {logging_mixin.py:190} INFO - [2025-01-16T18:01:58.526+0000] {dag.py:4180} INFO - Setting next_dagrun for example_python_operator to None, run_after=None
[2025-01-16T18:01:58.545+0000] {processor.py:208} INFO - Processing /home/airflow/.local/lib/python3.12/site-packages/airflow/example_dags/example_python_operator.py took 0.072 seconds
[2025-01-16T18:02:29.302+0000] {processor.py:186} INFO - Started process (PID=726) to work on /home/airflow/.local/lib/python3.12/site-packages/airflow/example_dags/example_python_operator.py
[2025-01-16T18:02:29.303+0000] {processor.py:914} INFO - Processing file /home/airflow/.local/lib/python3.12/site-packages/airflow/example_dags/example_python_operator.py for tasks to queue
[2025-01-16T18:02:29.309+0000] {logging_mixin.py:190} INFO - [2025-01-16T18:02:29.308+0000] {dagbag.py:588} INFO - Filling up the DagBag from /home/airflow/.local/lib/python3.12/site-packages/airflow/example_dags/example_python_operator.py
[2025-01-16T18:02:29.325+0000] {processor.py:925} INFO - DAG(s) 'example_python_operator' retrieved from /home/airflow/.local/lib/python3.12/site-packages/airflow/example_dags/example_python_operator.py
[2025-01-16T18:02:29.349+0000] {logging_mixin.py:190} INFO - [2025-01-16T18:02:29.348+0000] {dag.py:3239} INFO - Sync 1 DAGs
[2025-01-16T18:02:29.363+0000] {logging_mixin.py:190} INFO - [2025-01-16T18:02:29.363+0000] {dag.py:4180} INFO - Setting next_dagrun for example_python_operator to None, run_after=None
[2025-01-16T18:02:29.393+0000] {processor.py:208} INFO - Processing /home/airflow/.local/lib/python3.12/site-packages/airflow/example_dags/example_python_operator.py took 0.099 seconds
[2025-01-16T18:02:59.602+0000] {processor.py:186} INFO - Started process (PID=791) to work on /home/airflow/.local/lib/python3.12/site-packages/airflow/example_dags/example_python_operator.py
[2025-01-16T18:02:59.602+0000] {processor.py:914} INFO - Processing file /home/airflow/.local/lib/python3.12/site-packages/airflow/example_dags/example_python_operator.py for tasks to queue
[2025-01-16T18:02:59.604+0000] {logging_mixin.py:190} INFO - [2025-01-16T18:02:59.604+0000] {dagbag.py:588} INFO - Filling up the DagBag from /home/airflow/.local/lib/python3.12/site-packages/airflow/example_dags/example_python_operator.py
[2025-01-16T18:02:59.617+0000] {processor.py:925} INFO - DAG(s) 'example_python_operator' retrieved from /home/airflow/.local/lib/python3.12/site-packages/airflow/example_dags/example_python_operator.py
[2025-01-16T18:02:59.635+0000] {logging_mixin.py:190} INFO - [2025-01-16T18:02:59.634+0000] {dag.py:3239} INFO - Sync 1 DAGs
[2025-01-16T18:02:59.646+0000] {logging_mixin.py:190} INFO - [2025-01-16T18:02:59.646+0000] {dag.py:4180} INFO - Setting next_dagrun for example_python_operator to None, run_after=None
[2025-01-16T18:02:59.675+0000] {processor.py:208} INFO - Processing /home/airflow/.local/lib/python3.12/site-packages/airflow/example_dags/example_python_operator.py took 0.079 seconds
[2025-01-16T18:03:29.878+0000] {processor.py:186} INFO - Started process (PID=856) to work on /home/airflow/.local/lib/python3.12/site-packages/airflow/example_dags/example_python_operator.py
[2025-01-16T18:03:29.879+0000] {processor.py:914} INFO - Processing file /home/airflow/.local/lib/python3.12/site-packages/airflow/example_dags/example_python_operator.py for tasks to queue
[2025-01-16T18:03:29.881+0000] {logging_mixin.py:190} INFO - [2025-01-16T18:03:29.880+0000] {dagbag.py:588} INFO - Filling up the DagBag from /home/airflow/.local/lib/python3.12/site-packages/airflow/example_dags/example_python_operator.py
[2025-01-16T18:03:29.896+0000] {processor.py:925} INFO - DAG(s) 'example_python_operator' retrieved from /home/airflow/.local/lib/python3.12/site-packages/airflow/example_dags/example_python_operator.py
[2025-01-16T18:03:29.921+0000] {logging_mixin.py:190} INFO - [2025-01-16T18:03:29.921+0000] {dag.py:3239} INFO - Sync 1 DAGs
[2025-01-16T18:03:29.938+0000] {logging_mixin.py:190} INFO - [2025-01-16T18:03:29.937+0000] {dag.py:4180} INFO - Setting next_dagrun for example_python_operator to None, run_after=None
[2025-01-16T18:03:29.961+0000] {processor.py:208} INFO - Processing /home/airflow/.local/lib/python3.12/site-packages/airflow/example_dags/example_python_operator.py took 0.088 seconds
[2025-01-16T18:04:00.274+0000] {processor.py:186} INFO - Started process (PID=921) to work on /home/airflow/.local/lib/python3.12/site-packages/airflow/example_dags/example_python_operator.py
[2025-01-16T18:04:00.275+0000] {processor.py:914} INFO - Processing file /home/airflow/.local/lib/python3.12/site-packages/airflow/example_dags/example_python_operator.py for tasks to queue
[2025-01-16T18:04:00.277+0000] {logging_mixin.py:190} INFO - [2025-01-16T18:04:00.277+0000] {dagbag.py:588} INFO - Filling up the DagBag from /home/airflow/.local/lib/python3.12/site-packages/airflow/example_dags/example_python_operator.py
[2025-01-16T18:04:00.289+0000] {processor.py:925} INFO - DAG(s) 'example_python_operator' retrieved from /home/airflow/.local/lib/python3.12/site-packages/airflow/example_dags/example_python_operator.py
[2025-01-16T18:04:00.321+0000] {logging_mixin.py:190} INFO - [2025-01-16T18:04:00.321+0000] {dag.py:3239} INFO - Sync 1 DAGs
[2025-01-16T18:04:00.339+0000] {logging_mixin.py:190} INFO - [2025-01-16T18:04:00.339+0000] {dag.py:4180} INFO - Setting next_dagrun for example_python_operator to None, run_after=None
[2025-01-16T18:04:00.378+0000] {processor.py:208} INFO - Processing /home/airflow/.local/lib/python3.12/site-packages/airflow/example_dags/example_python_operator.py took 0.110 seconds
[2025-01-16T18:04:30.817+0000] {processor.py:186} INFO - Started process (PID=986) to work on /home/airflow/.local/lib/python3.12/site-packages/airflow/example_dags/example_python_operator.py
[2025-01-16T18:04:30.818+0000] {processor.py:914} INFO - Processing file /home/airflow/.local/lib/python3.12/site-packages/airflow/example_dags/example_python_operator.py for tasks to queue
[2025-01-16T18:04:30.820+0000] {logging_mixin.py:190} INFO - [2025-01-16T18:04:30.820+0000] {dagbag.py:588} INFO - Filling up the DagBag from /home/airflow/.local/lib/python3.12/site-packages/airflow/example_dags/example_python_operator.py
[2025-01-16T18:04:30.830+0000] {processor.py:925} INFO - DAG(s) 'example_python_operator' retrieved from /home/airflow/.local/lib/python3.12/site-packages/airflow/example_dags/example_python_operator.py
[2025-01-16T18:04:30.856+0000] {logging_mixin.py:190} INFO - [2025-01-16T18:04:30.856+0000] {dag.py:3239} INFO - Sync 1 DAGs
[2025-01-16T18:04:30.867+0000] {logging_mixin.py:190} INFO - [2025-01-16T18:04:30.867+0000] {dag.py:4180} INFO - Setting next_dagrun for example_python_operator to None, run_after=None
[2025-01-16T18:04:30.888+0000] {processor.py:208} INFO - Processing /home/airflow/.local/lib/python3.12/site-packages/airflow/example_dags/example_python_operator.py took 0.075 seconds
[2025-01-16T18:05:01.343+0000] {processor.py:186} INFO - Started process (PID=1051) to work on /home/airflow/.local/lib/python3.12/site-packages/airflow/example_dags/example_python_operator.py
[2025-01-16T18:05:01.344+0000] {processor.py:914} INFO - Processing file /home/airflow/.local/lib/python3.12/site-packages/airflow/example_dags/example_python_operator.py for tasks to queue
[2025-01-16T18:05:01.347+0000] {logging_mixin.py:190} INFO - [2025-01-16T18:05:01.347+0000] {dagbag.py:588} INFO - Filling up the DagBag from /home/airflow/.local/lib/python3.12/site-packages/airflow/example_dags/example_python_operator.py
[2025-01-16T18:05:01.359+0000] {processor.py:925} INFO - DAG(s) 'example_python_operator' retrieved from /home/airflow/.local/lib/python3.12/site-packages/airflow/example_dags/example_python_operator.py
[2025-01-16T18:05:01.384+0000] {logging_mixin.py:190} INFO - [2025-01-16T18:05:01.384+0000] {dag.py:3239} INFO - Sync 1 DAGs
[2025-01-16T18:05:01.399+0000] {logging_mixin.py:190} INFO - [2025-01-16T18:05:01.399+0000] {dag.py:4180} INFO - Setting next_dagrun for example_python_operator to None, run_after=None
[2025-01-16T18:05:01.422+0000] {processor.py:208} INFO - Processing /home/airflow/.local/lib/python3.12/site-packages/airflow/example_dags/example_python_operator.py took 0.083 seconds
[2025-01-16T18:05:32.031+0000] {processor.py:186} INFO - Started process (PID=1116) to work on /home/airflow/.local/lib/python3.12/site-packages/airflow/example_dags/example_python_operator.py
[2025-01-16T18:05:32.032+0000] {processor.py:914} INFO - Processing file /home/airflow/.local/lib/python3.12/site-packages/airflow/example_dags/example_python_operator.py for tasks to queue
[2025-01-16T18:05:32.034+0000] {logging_mixin.py:190} INFO - [2025-01-16T18:05:32.034+0000] {dagbag.py:588} INFO - Filling up the DagBag from /home/airflow/.local/lib/python3.12/site-packages/airflow/example_dags/example_python_operator.py
[2025-01-16T18:05:32.048+0000] {processor.py:925} INFO - DAG(s) 'example_python_operator' retrieved from /home/airflow/.local/lib/python3.12/site-packages/airflow/example_dags/example_python_operator.py
[2025-01-16T18:05:32.067+0000] {logging_mixin.py:190} INFO - [2025-01-16T18:05:32.067+0000] {dag.py:3239} INFO - Sync 1 DAGs
[2025-01-16T18:05:32.081+0000] {logging_mixin.py:190} INFO - [2025-01-16T18:05:32.081+0000] {dag.py:4180} INFO - Setting next_dagrun for example_python_operator to None, run_after=None
[2025-01-16T18:05:32.098+0000] {processor.py:208} INFO - Processing /home/airflow/.local/lib/python3.12/site-packages/airflow/example_dags/example_python_operator.py took 0.073 seconds
[2025-01-16T18:06:02.772+0000] {processor.py:186} INFO - Started process (PID=1181) to work on /home/airflow/.local/lib/python3.12/site-packages/airflow/example_dags/example_python_operator.py
[2025-01-16T18:06:02.774+0000] {processor.py:914} INFO - Processing file /home/airflow/.local/lib/python3.12/site-packages/airflow/example_dags/example_python_operator.py for tasks to queue
[2025-01-16T18:06:02.777+0000] {logging_mixin.py:190} INFO - [2025-01-16T18:06:02.777+0000] {dagbag.py:588} INFO - Filling up the DagBag from /home/airflow/.local/lib/python3.12/site-packages/airflow/example_dags/example_python_operator.py
[2025-01-16T18:06:02.788+0000] {processor.py:925} INFO - DAG(s) 'example_python_operator' retrieved from /home/airflow/.local/lib/python3.12/site-packages/airflow/example_dags/example_python_operator.py
[2025-01-16T18:06:02.811+0000] {logging_mixin.py:190} INFO - [2025-01-16T18:06:02.811+0000] {dag.py:3239} INFO - Sync 1 DAGs
[2025-01-16T18:06:02.826+0000] {logging_mixin.py:190} INFO - [2025-01-16T18:06:02.826+0000] {dag.py:4180} INFO - Setting next_dagrun for example_python_operator to None, run_after=None
[2025-01-16T18:06:02.847+0000] {processor.py:208} INFO - Processing /home/airflow/.local/lib/python3.12/site-packages/airflow/example_dags/example_python_operator.py took 0.081 seconds
[2025-01-16T18:06:33.562+0000] {processor.py:186} INFO - Started process (PID=1246) to work on /home/airflow/.local/lib/python3.12/site-packages/airflow/example_dags/example_python_operator.py
[2025-01-16T18:06:33.564+0000] {processor.py:914} INFO - Processing file /home/airflow/.local/lib/python3.12/site-packages/airflow/example_dags/example_python_operator.py for tasks to queue
[2025-01-16T18:06:33.568+0000] {logging_mixin.py:190} INFO - [2025-01-16T18:06:33.567+0000] {dagbag.py:588} INFO - Filling up the DagBag from /home/airflow/.local/lib/python3.12/site-packages/airflow/example_dags/example_python_operator.py
[2025-01-16T18:06:33.583+0000] {processor.py:925} INFO - DAG(s) 'example_python_operator' retrieved from /home/airflow/.local/lib/python3.12/site-packages/airflow/example_dags/example_python_operator.py
[2025-01-16T18:06:33.609+0000] {logging_mixin.py:190} INFO - [2025-01-16T18:06:33.608+0000] {dag.py:3239} INFO - Sync 1 DAGs
[2025-01-16T18:06:33.624+0000] {logging_mixin.py:190} INFO - [2025-01-16T18:06:33.624+0000] {dag.py:4180} INFO - Setting next_dagrun for example_python_operator to None, run_after=None
[2025-01-16T18:06:33.649+0000] {processor.py:208} INFO - Processing /home/airflow/.local/lib/python3.12/site-packages/airflow/example_dags/example_python_operator.py took 0.095 seconds
