[2025-01-16T17:57:34.124+0000] {processor.py:186} INFO - Started process (PID=108) to work on /home/airflow/.local/lib/python3.12/site-packages/airflow/example_dags/example_sla_dag.py
[2025-01-16T17:57:34.126+0000] {processor.py:914} INFO - Processing file /home/airflow/.local/lib/python3.12/site-packages/airflow/example_dags/example_sla_dag.py for tasks to queue
[2025-01-16T17:57:34.139+0000] {logging_mixin.py:190} INFO - [2025-01-16T17:57:34.139+0000] {dagbag.py:588} INFO - Filling up the DagBag from /home/airflow/.local/lib/python3.12/site-packages/airflow/example_dags/example_sla_dag.py
[2025-01-16T17:57:34.171+0000] {processor.py:925} INFO - DAG(s) 'example_sla_dag' retrieved from /home/airflow/.local/lib/python3.12/site-packages/airflow/example_dags/example_sla_dag.py
[2025-01-16T17:57:34.344+0000] {logging_mixin.py:190} INFO - [2025-01-16T17:57:34.344+0000] {override.py:1911} INFO - Created Permission View: can edit on DAG:example_sla_dag
[2025-01-16T17:57:34.358+0000] {logging_mixin.py:190} INFO - [2025-01-16T17:57:34.358+0000] {override.py:1911} INFO - Created Permission View: can read on DAG:example_sla_dag
[2025-01-16T17:57:34.368+0000] {logging_mixin.py:190} INFO - [2025-01-16T17:57:34.367+0000] {override.py:1911} INFO - Created Permission View: can delete on DAG:example_sla_dag
[2025-01-16T17:57:34.378+0000] {logging_mixin.py:190} INFO - [2025-01-16T17:57:34.377+0000] {override.py:1911} INFO - Created Permission View: can create on DAG Run:example_sla_dag
[2025-01-16T17:57:34.389+0000] {logging_mixin.py:190} INFO - [2025-01-16T17:57:34.389+0000] {override.py:1911} INFO - Created Permission View: can delete on DAG Run:example_sla_dag
[2025-01-16T17:57:34.399+0000] {logging_mixin.py:190} INFO - [2025-01-16T17:57:34.398+0000] {override.py:1911} INFO - Created Permission View: can read on DAG Run:example_sla_dag
[2025-01-16T17:57:34.407+0000] {logging_mixin.py:190} INFO - [2025-01-16T17:57:34.406+0000] {override.py:1911} INFO - Created Permission View: menu access on DAG Run:example_sla_dag
[2025-01-16T17:57:34.408+0000] {logging_mixin.py:190} INFO - [2025-01-16T17:57:34.407+0000] {dag.py:3239} INFO - Sync 1 DAGs
[2025-01-16T17:57:34.425+0000] {logging_mixin.py:190} INFO - [2025-01-16T17:57:34.425+0000] {dag.py:3262} INFO - Creating ORM DAG for example_sla_dag
[2025-01-16T17:57:34.444+0000] {logging_mixin.py:190} INFO - [2025-01-16T17:57:34.443+0000] {dag.py:4180} INFO - Setting next_dagrun for example_sla_dag to 2025-01-16 17:54:00+00:00, run_after=2025-01-16 17:56:00+00:00
[2025-01-16T17:57:34.465+0000] {processor.py:208} INFO - Processing /home/airflow/.local/lib/python3.12/site-packages/airflow/example_dags/example_sla_dag.py took 0.364 seconds
[2025-01-16T17:58:04.721+0000] {processor.py:186} INFO - Started process (PID=174) to work on /home/airflow/.local/lib/python3.12/site-packages/airflow/example_dags/example_sla_dag.py
[2025-01-16T17:58:04.723+0000] {processor.py:914} INFO - Processing file /home/airflow/.local/lib/python3.12/site-packages/airflow/example_dags/example_sla_dag.py for tasks to queue
[2025-01-16T17:58:04.727+0000] {logging_mixin.py:190} INFO - [2025-01-16T17:58:04.727+0000] {dagbag.py:588} INFO - Filling up the DagBag from /home/airflow/.local/lib/python3.12/site-packages/airflow/example_dags/example_sla_dag.py
[2025-01-16T17:58:04.745+0000] {processor.py:925} INFO - DAG(s) 'example_sla_dag' retrieved from /home/airflow/.local/lib/python3.12/site-packages/airflow/example_dags/example_sla_dag.py
[2025-01-16T17:58:04.785+0000] {logging_mixin.py:190} INFO - [2025-01-16T17:58:04.784+0000] {dag.py:3239} INFO - Sync 1 DAGs
[2025-01-16T17:58:04.824+0000] {logging_mixin.py:190} INFO - [2025-01-16T17:58:04.824+0000] {dag.py:4180} INFO - Setting next_dagrun for example_sla_dag to 2025-01-16 17:56:00+00:00, run_after=2025-01-16 17:58:00+00:00
[2025-01-16T17:58:04.848+0000] {processor.py:208} INFO - Processing /home/airflow/.local/lib/python3.12/site-packages/airflow/example_dags/example_sla_dag.py took 0.136 seconds
[2025-01-16T17:58:35.057+0000] {processor.py:186} INFO - Started process (PID=239) to work on /home/airflow/.local/lib/python3.12/site-packages/airflow/example_dags/example_sla_dag.py
[2025-01-16T17:58:35.059+0000] {processor.py:914} INFO - Processing file /home/airflow/.local/lib/python3.12/site-packages/airflow/example_dags/example_sla_dag.py for tasks to queue
[2025-01-16T17:58:35.063+0000] {logging_mixin.py:190} INFO - [2025-01-16T17:58:35.063+0000] {dagbag.py:588} INFO - Filling up the DagBag from /home/airflow/.local/lib/python3.12/site-packages/airflow/example_dags/example_sla_dag.py
[2025-01-16T17:58:35.087+0000] {processor.py:925} INFO - DAG(s) 'example_sla_dag' retrieved from /home/airflow/.local/lib/python3.12/site-packages/airflow/example_dags/example_sla_dag.py
[2025-01-16T17:58:35.122+0000] {logging_mixin.py:190} INFO - [2025-01-16T17:58:35.121+0000] {dag.py:3239} INFO - Sync 1 DAGs
[2025-01-16T17:58:35.173+0000] {logging_mixin.py:190} INFO - [2025-01-16T17:58:35.172+0000] {dag.py:4180} INFO - Setting next_dagrun for example_sla_dag to 2025-01-16 17:56:00+00:00, run_after=2025-01-16 17:58:00+00:00
[2025-01-16T17:58:35.210+0000] {processor.py:208} INFO - Processing /home/airflow/.local/lib/python3.12/site-packages/airflow/example_dags/example_sla_dag.py took 0.165 seconds
[2025-01-16T17:59:06.142+0000] {processor.py:186} INFO - Started process (PID=304) to work on /home/airflow/.local/lib/python3.12/site-packages/airflow/example_dags/example_sla_dag.py
[2025-01-16T17:59:06.144+0000] {processor.py:914} INFO - Processing file /home/airflow/.local/lib/python3.12/site-packages/airflow/example_dags/example_sla_dag.py for tasks to queue
[2025-01-16T17:59:06.147+0000] {logging_mixin.py:190} INFO - [2025-01-16T17:59:06.146+0000] {dagbag.py:588} INFO - Filling up the DagBag from /home/airflow/.local/lib/python3.12/site-packages/airflow/example_dags/example_sla_dag.py
[2025-01-16T17:59:06.159+0000] {processor.py:925} INFO - DAG(s) 'example_sla_dag' retrieved from /home/airflow/.local/lib/python3.12/site-packages/airflow/example_dags/example_sla_dag.py
[2025-01-16T17:59:06.182+0000] {logging_mixin.py:190} INFO - [2025-01-16T17:59:06.181+0000] {dag.py:3239} INFO - Sync 1 DAGs
[2025-01-16T17:59:06.214+0000] {logging_mixin.py:190} INFO - [2025-01-16T17:59:06.213+0000] {dag.py:4180} INFO - Setting next_dagrun for example_sla_dag to 2025-01-16 17:56:00+00:00, run_after=2025-01-16 17:58:00+00:00
[2025-01-16T17:59:06.238+0000] {processor.py:208} INFO - Processing /home/airflow/.local/lib/python3.12/site-packages/airflow/example_dags/example_sla_dag.py took 0.102 seconds
[2025-01-16T17:59:36.746+0000] {processor.py:186} INFO - Started process (PID=369) to work on /home/airflow/.local/lib/python3.12/site-packages/airflow/example_dags/example_sla_dag.py
[2025-01-16T17:59:36.748+0000] {processor.py:914} INFO - Processing file /home/airflow/.local/lib/python3.12/site-packages/airflow/example_dags/example_sla_dag.py for tasks to queue
[2025-01-16T17:59:36.756+0000] {logging_mixin.py:190} INFO - [2025-01-16T17:59:36.755+0000] {dagbag.py:588} INFO - Filling up the DagBag from /home/airflow/.local/lib/python3.12/site-packages/airflow/example_dags/example_sla_dag.py
[2025-01-16T17:59:36.776+0000] {processor.py:925} INFO - DAG(s) 'example_sla_dag' retrieved from /home/airflow/.local/lib/python3.12/site-packages/airflow/example_dags/example_sla_dag.py
[2025-01-16T17:59:36.810+0000] {logging_mixin.py:190} INFO - [2025-01-16T17:59:36.810+0000] {dag.py:3239} INFO - Sync 1 DAGs
[2025-01-16T17:59:36.858+0000] {logging_mixin.py:190} INFO - [2025-01-16T17:59:36.858+0000] {dag.py:4180} INFO - Setting next_dagrun for example_sla_dag to 2025-01-16 17:56:00+00:00, run_after=2025-01-16 17:58:00+00:00
[2025-01-16T17:59:36.894+0000] {processor.py:208} INFO - Processing /home/airflow/.local/lib/python3.12/site-packages/airflow/example_dags/example_sla_dag.py took 0.156 seconds
[2025-01-16T18:00:07.830+0000] {processor.py:186} INFO - Started process (PID=434) to work on /home/airflow/.local/lib/python3.12/site-packages/airflow/example_dags/example_sla_dag.py
[2025-01-16T18:00:07.832+0000] {processor.py:914} INFO - Processing file /home/airflow/.local/lib/python3.12/site-packages/airflow/example_dags/example_sla_dag.py for tasks to queue
[2025-01-16T18:00:07.838+0000] {logging_mixin.py:190} INFO - [2025-01-16T18:00:07.837+0000] {dagbag.py:588} INFO - Filling up the DagBag from /home/airflow/.local/lib/python3.12/site-packages/airflow/example_dags/example_sla_dag.py
[2025-01-16T18:00:07.850+0000] {processor.py:925} INFO - DAG(s) 'example_sla_dag' retrieved from /home/airflow/.local/lib/python3.12/site-packages/airflow/example_dags/example_sla_dag.py
[2025-01-16T18:00:07.875+0000] {logging_mixin.py:190} INFO - [2025-01-16T18:00:07.875+0000] {dag.py:3239} INFO - Sync 1 DAGs
[2025-01-16T18:00:07.910+0000] {logging_mixin.py:190} INFO - [2025-01-16T18:00:07.909+0000] {dag.py:4180} INFO - Setting next_dagrun for example_sla_dag to 2025-01-16 17:58:00+00:00, run_after=2025-01-16 18:00:00+00:00
[2025-01-16T18:00:07.948+0000] {processor.py:208} INFO - Processing /home/airflow/.local/lib/python3.12/site-packages/airflow/example_dags/example_sla_dag.py took 0.126 seconds
[2025-01-16T18:00:38.871+0000] {processor.py:186} INFO - Started process (PID=504) to work on /home/airflow/.local/lib/python3.12/site-packages/airflow/example_dags/example_sla_dag.py
[2025-01-16T18:00:38.872+0000] {processor.py:914} INFO - Processing file /home/airflow/.local/lib/python3.12/site-packages/airflow/example_dags/example_sla_dag.py for tasks to queue
[2025-01-16T18:00:38.875+0000] {logging_mixin.py:190} INFO - [2025-01-16T18:00:38.875+0000] {dagbag.py:588} INFO - Filling up the DagBag from /home/airflow/.local/lib/python3.12/site-packages/airflow/example_dags/example_sla_dag.py
[2025-01-16T18:00:38.891+0000] {processor.py:925} INFO - DAG(s) 'example_sla_dag' retrieved from /home/airflow/.local/lib/python3.12/site-packages/airflow/example_dags/example_sla_dag.py
[2025-01-16T18:00:38.917+0000] {logging_mixin.py:190} INFO - [2025-01-16T18:00:38.917+0000] {dag.py:3239} INFO - Sync 1 DAGs
[2025-01-16T18:00:38.953+0000] {logging_mixin.py:190} INFO - [2025-01-16T18:00:38.953+0000] {dag.py:4180} INFO - Setting next_dagrun for example_sla_dag to 2025-01-16 17:58:00+00:00, run_after=2025-01-16 18:00:00+00:00
[2025-01-16T18:00:38.991+0000] {processor.py:208} INFO - Processing /home/airflow/.local/lib/python3.12/site-packages/airflow/example_dags/example_sla_dag.py took 0.129 seconds
[2025-01-16T18:01:09.077+0000] {processor.py:186} INFO - Started process (PID=568) to work on /home/airflow/.local/lib/python3.12/site-packages/airflow/example_dags/example_sla_dag.py
[2025-01-16T18:01:09.079+0000] {processor.py:914} INFO - Processing file /home/airflow/.local/lib/python3.12/site-packages/airflow/example_dags/example_sla_dag.py for tasks to queue
[2025-01-16T18:01:09.085+0000] {logging_mixin.py:190} INFO - [2025-01-16T18:01:09.085+0000] {dagbag.py:588} INFO - Filling up the DagBag from /home/airflow/.local/lib/python3.12/site-packages/airflow/example_dags/example_sla_dag.py
[2025-01-16T18:01:09.100+0000] {processor.py:925} INFO - DAG(s) 'example_sla_dag' retrieved from /home/airflow/.local/lib/python3.12/site-packages/airflow/example_dags/example_sla_dag.py
[2025-01-16T18:01:09.123+0000] {logging_mixin.py:190} INFO - [2025-01-16T18:01:09.123+0000] {dag.py:3239} INFO - Sync 1 DAGs
[2025-01-16T18:01:09.155+0000] {logging_mixin.py:190} INFO - [2025-01-16T18:01:09.155+0000] {dag.py:4180} INFO - Setting next_dagrun for example_sla_dag to 2025-01-16 17:58:00+00:00, run_after=2025-01-16 18:00:00+00:00
[2025-01-16T18:01:09.184+0000] {processor.py:208} INFO - Processing /home/airflow/.local/lib/python3.12/site-packages/airflow/example_dags/example_sla_dag.py took 0.114 seconds
[2025-01-16T18:01:39.609+0000] {processor.py:186} INFO - Started process (PID=632) to work on /home/airflow/.local/lib/python3.12/site-packages/airflow/example_dags/example_sla_dag.py
[2025-01-16T18:01:39.610+0000] {processor.py:914} INFO - Processing file /home/airflow/.local/lib/python3.12/site-packages/airflow/example_dags/example_sla_dag.py for tasks to queue
[2025-01-16T18:01:39.614+0000] {logging_mixin.py:190} INFO - [2025-01-16T18:01:39.614+0000] {dagbag.py:588} INFO - Filling up the DagBag from /home/airflow/.local/lib/python3.12/site-packages/airflow/example_dags/example_sla_dag.py
[2025-01-16T18:01:39.642+0000] {processor.py:925} INFO - DAG(s) 'example_sla_dag' retrieved from /home/airflow/.local/lib/python3.12/site-packages/airflow/example_dags/example_sla_dag.py
[2025-01-16T18:01:39.675+0000] {logging_mixin.py:190} INFO - [2025-01-16T18:01:39.675+0000] {dag.py:3239} INFO - Sync 1 DAGs
[2025-01-16T18:01:39.729+0000] {logging_mixin.py:190} INFO - [2025-01-16T18:01:39.728+0000] {dag.py:4180} INFO - Setting next_dagrun for example_sla_dag to 2025-01-16 17:58:00+00:00, run_after=2025-01-16 18:00:00+00:00
[2025-01-16T18:01:39.782+0000] {processor.py:208} INFO - Processing /home/airflow/.local/lib/python3.12/site-packages/airflow/example_dags/example_sla_dag.py took 0.186 seconds
[2025-01-16T18:02:10.365+0000] {processor.py:186} INFO - Started process (PID=698) to work on /home/airflow/.local/lib/python3.12/site-packages/airflow/example_dags/example_sla_dag.py
[2025-01-16T18:02:10.367+0000] {processor.py:914} INFO - Processing file /home/airflow/.local/lib/python3.12/site-packages/airflow/example_dags/example_sla_dag.py for tasks to queue
[2025-01-16T18:02:10.369+0000] {logging_mixin.py:190} INFO - [2025-01-16T18:02:10.369+0000] {dagbag.py:588} INFO - Filling up the DagBag from /home/airflow/.local/lib/python3.12/site-packages/airflow/example_dags/example_sla_dag.py
[2025-01-16T18:02:10.383+0000] {processor.py:925} INFO - DAG(s) 'example_sla_dag' retrieved from /home/airflow/.local/lib/python3.12/site-packages/airflow/example_dags/example_sla_dag.py
[2025-01-16T18:02:10.402+0000] {logging_mixin.py:190} INFO - [2025-01-16T18:02:10.402+0000] {dag.py:3239} INFO - Sync 1 DAGs
[2025-01-16T18:02:10.427+0000] {logging_mixin.py:190} INFO - [2025-01-16T18:02:10.427+0000] {dag.py:4180} INFO - Setting next_dagrun for example_sla_dag to 2025-01-16 18:00:00+00:00, run_after=2025-01-16 18:02:00+00:00
[2025-01-16T18:02:10.447+0000] {processor.py:208} INFO - Processing /home/airflow/.local/lib/python3.12/site-packages/airflow/example_dags/example_sla_dag.py took 0.089 seconds
[2025-01-16T18:02:41.105+0000] {processor.py:186} INFO - Started process (PID=763) to work on /home/airflow/.local/lib/python3.12/site-packages/airflow/example_dags/example_sla_dag.py
[2025-01-16T18:02:41.106+0000] {processor.py:914} INFO - Processing file /home/airflow/.local/lib/python3.12/site-packages/airflow/example_dags/example_sla_dag.py for tasks to queue
[2025-01-16T18:02:41.111+0000] {logging_mixin.py:190} INFO - [2025-01-16T18:02:41.111+0000] {dagbag.py:588} INFO - Filling up the DagBag from /home/airflow/.local/lib/python3.12/site-packages/airflow/example_dags/example_sla_dag.py
[2025-01-16T18:02:41.133+0000] {processor.py:925} INFO - DAG(s) 'example_sla_dag' retrieved from /home/airflow/.local/lib/python3.12/site-packages/airflow/example_dags/example_sla_dag.py
[2025-01-16T18:02:41.167+0000] {logging_mixin.py:190} INFO - [2025-01-16T18:02:41.166+0000] {dag.py:3239} INFO - Sync 1 DAGs
[2025-01-16T18:02:41.212+0000] {logging_mixin.py:190} INFO - [2025-01-16T18:02:41.212+0000] {dag.py:4180} INFO - Setting next_dagrun for example_sla_dag to 2025-01-16 18:00:00+00:00, run_after=2025-01-16 18:02:00+00:00
[2025-01-16T18:02:41.254+0000] {processor.py:208} INFO - Processing /home/airflow/.local/lib/python3.12/site-packages/airflow/example_dags/example_sla_dag.py took 0.157 seconds
[2025-01-16T18:03:11.333+0000] {processor.py:186} INFO - Started process (PID=828) to work on /home/airflow/.local/lib/python3.12/site-packages/airflow/example_dags/example_sla_dag.py
[2025-01-16T18:03:11.334+0000] {processor.py:914} INFO - Processing file /home/airflow/.local/lib/python3.12/site-packages/airflow/example_dags/example_sla_dag.py for tasks to queue
[2025-01-16T18:03:11.336+0000] {logging_mixin.py:190} INFO - [2025-01-16T18:03:11.336+0000] {dagbag.py:588} INFO - Filling up the DagBag from /home/airflow/.local/lib/python3.12/site-packages/airflow/example_dags/example_sla_dag.py
[2025-01-16T18:03:11.345+0000] {processor.py:925} INFO - DAG(s) 'example_sla_dag' retrieved from /home/airflow/.local/lib/python3.12/site-packages/airflow/example_dags/example_sla_dag.py
[2025-01-16T18:03:11.361+0000] {logging_mixin.py:190} INFO - [2025-01-16T18:03:11.361+0000] {dag.py:3239} INFO - Sync 1 DAGs
[2025-01-16T18:03:11.386+0000] {logging_mixin.py:190} INFO - [2025-01-16T18:03:11.386+0000] {dag.py:4180} INFO - Setting next_dagrun for example_sla_dag to 2025-01-16 18:00:00+00:00, run_after=2025-01-16 18:02:00+00:00
[2025-01-16T18:03:11.405+0000] {processor.py:208} INFO - Processing /home/airflow/.local/lib/python3.12/site-packages/airflow/example_dags/example_sla_dag.py took 0.078 seconds
[2025-01-16T18:03:41.799+0000] {processor.py:186} INFO - Started process (PID=893) to work on /home/airflow/.local/lib/python3.12/site-packages/airflow/example_dags/example_sla_dag.py
[2025-01-16T18:03:41.801+0000] {processor.py:914} INFO - Processing file /home/airflow/.local/lib/python3.12/site-packages/airflow/example_dags/example_sla_dag.py for tasks to queue
[2025-01-16T18:03:41.804+0000] {logging_mixin.py:190} INFO - [2025-01-16T18:03:41.803+0000] {dagbag.py:588} INFO - Filling up the DagBag from /home/airflow/.local/lib/python3.12/site-packages/airflow/example_dags/example_sla_dag.py
[2025-01-16T18:03:41.819+0000] {processor.py:925} INFO - DAG(s) 'example_sla_dag' retrieved from /home/airflow/.local/lib/python3.12/site-packages/airflow/example_dags/example_sla_dag.py
[2025-01-16T18:03:41.841+0000] {logging_mixin.py:190} INFO - [2025-01-16T18:03:41.840+0000] {dag.py:3239} INFO - Sync 1 DAGs
[2025-01-16T18:03:41.866+0000] {logging_mixin.py:190} INFO - [2025-01-16T18:03:41.866+0000] {dag.py:4180} INFO - Setting next_dagrun for example_sla_dag to 2025-01-16 18:00:00+00:00, run_after=2025-01-16 18:02:00+00:00
[2025-01-16T18:03:41.885+0000] {processor.py:208} INFO - Processing /home/airflow/.local/lib/python3.12/site-packages/airflow/example_dags/example_sla_dag.py took 0.094 seconds
[2025-01-16T18:04:12.439+0000] {processor.py:186} INFO - Started process (PID=958) to work on /home/airflow/.local/lib/python3.12/site-packages/airflow/example_dags/example_sla_dag.py
[2025-01-16T18:04:12.440+0000] {processor.py:914} INFO - Processing file /home/airflow/.local/lib/python3.12/site-packages/airflow/example_dags/example_sla_dag.py for tasks to queue
[2025-01-16T18:04:12.443+0000] {logging_mixin.py:190} INFO - [2025-01-16T18:04:12.442+0000] {dagbag.py:588} INFO - Filling up the DagBag from /home/airflow/.local/lib/python3.12/site-packages/airflow/example_dags/example_sla_dag.py
[2025-01-16T18:04:12.451+0000] {processor.py:925} INFO - DAG(s) 'example_sla_dag' retrieved from /home/airflow/.local/lib/python3.12/site-packages/airflow/example_dags/example_sla_dag.py
[2025-01-16T18:04:12.465+0000] {logging_mixin.py:190} INFO - [2025-01-16T18:04:12.465+0000] {dag.py:3239} INFO - Sync 1 DAGs
[2025-01-16T18:04:12.487+0000] {logging_mixin.py:190} INFO - [2025-01-16T18:04:12.486+0000] {dag.py:4180} INFO - Setting next_dagrun for example_sla_dag to 2025-01-16 18:02:00+00:00, run_after=2025-01-16 18:04:00+00:00
[2025-01-16T18:04:12.501+0000] {processor.py:208} INFO - Processing /home/airflow/.local/lib/python3.12/site-packages/airflow/example_dags/example_sla_dag.py took 0.068 seconds
[2025-01-16T18:04:42.586+0000] {processor.py:186} INFO - Started process (PID=1023) to work on /home/airflow/.local/lib/python3.12/site-packages/airflow/example_dags/example_sla_dag.py
[2025-01-16T18:04:42.587+0000] {processor.py:914} INFO - Processing file /home/airflow/.local/lib/python3.12/site-packages/airflow/example_dags/example_sla_dag.py for tasks to queue
[2025-01-16T18:04:42.590+0000] {logging_mixin.py:190} INFO - [2025-01-16T18:04:42.590+0000] {dagbag.py:588} INFO - Filling up the DagBag from /home/airflow/.local/lib/python3.12/site-packages/airflow/example_dags/example_sla_dag.py
[2025-01-16T18:04:42.601+0000] {processor.py:925} INFO - DAG(s) 'example_sla_dag' retrieved from /home/airflow/.local/lib/python3.12/site-packages/airflow/example_dags/example_sla_dag.py
[2025-01-16T18:04:42.618+0000] {logging_mixin.py:190} INFO - [2025-01-16T18:04:42.618+0000] {dag.py:3239} INFO - Sync 1 DAGs
[2025-01-16T18:04:42.640+0000] {logging_mixin.py:190} INFO - [2025-01-16T18:04:42.639+0000] {dag.py:4180} INFO - Setting next_dagrun for example_sla_dag to 2025-01-16 18:02:00+00:00, run_after=2025-01-16 18:04:00+00:00
[2025-01-16T18:04:42.656+0000] {processor.py:208} INFO - Processing /home/airflow/.local/lib/python3.12/site-packages/airflow/example_dags/example_sla_dag.py took 0.077 seconds
[2025-01-16T18:05:13.453+0000] {processor.py:186} INFO - Started process (PID=1088) to work on /home/airflow/.local/lib/python3.12/site-packages/airflow/example_dags/example_sla_dag.py
[2025-01-16T18:05:13.455+0000] {processor.py:914} INFO - Processing file /home/airflow/.local/lib/python3.12/site-packages/airflow/example_dags/example_sla_dag.py for tasks to queue
[2025-01-16T18:05:13.458+0000] {logging_mixin.py:190} INFO - [2025-01-16T18:05:13.458+0000] {dagbag.py:588} INFO - Filling up the DagBag from /home/airflow/.local/lib/python3.12/site-packages/airflow/example_dags/example_sla_dag.py
[2025-01-16T18:05:13.468+0000] {processor.py:925} INFO - DAG(s) 'example_sla_dag' retrieved from /home/airflow/.local/lib/python3.12/site-packages/airflow/example_dags/example_sla_dag.py
[2025-01-16T18:05:13.489+0000] {logging_mixin.py:190} INFO - [2025-01-16T18:05:13.489+0000] {dag.py:3239} INFO - Sync 1 DAGs
[2025-01-16T18:05:13.515+0000] {logging_mixin.py:190} INFO - [2025-01-16T18:05:13.515+0000] {dag.py:4180} INFO - Setting next_dagrun for example_sla_dag to 2025-01-16 18:02:00+00:00, run_after=2025-01-16 18:04:00+00:00
[2025-01-16T18:05:13.542+0000] {processor.py:208} INFO - Processing /home/airflow/.local/lib/python3.12/site-packages/airflow/example_dags/example_sla_dag.py took 0.095 seconds
[2025-01-16T18:05:43.887+0000] {processor.py:186} INFO - Started process (PID=1153) to work on /home/airflow/.local/lib/python3.12/site-packages/airflow/example_dags/example_sla_dag.py
[2025-01-16T18:05:43.889+0000] {processor.py:914} INFO - Processing file /home/airflow/.local/lib/python3.12/site-packages/airflow/example_dags/example_sla_dag.py for tasks to queue
[2025-01-16T18:05:43.892+0000] {logging_mixin.py:190} INFO - [2025-01-16T18:05:43.891+0000] {dagbag.py:588} INFO - Filling up the DagBag from /home/airflow/.local/lib/python3.12/site-packages/airflow/example_dags/example_sla_dag.py
[2025-01-16T18:05:43.905+0000] {processor.py:925} INFO - DAG(s) 'example_sla_dag' retrieved from /home/airflow/.local/lib/python3.12/site-packages/airflow/example_dags/example_sla_dag.py
[2025-01-16T18:05:43.929+0000] {logging_mixin.py:190} INFO - [2025-01-16T18:05:43.929+0000] {dag.py:3239} INFO - Sync 1 DAGs
[2025-01-16T18:05:43.955+0000] {logging_mixin.py:190} INFO - [2025-01-16T18:05:43.954+0000] {dag.py:4180} INFO - Setting next_dagrun for example_sla_dag to 2025-01-16 18:02:00+00:00, run_after=2025-01-16 18:04:00+00:00
[2025-01-16T18:05:43.975+0000] {processor.py:208} INFO - Processing /home/airflow/.local/lib/python3.12/site-packages/airflow/example_dags/example_sla_dag.py took 0.092 seconds
[2025-01-16T18:06:14.903+0000] {processor.py:186} INFO - Started process (PID=1218) to work on /home/airflow/.local/lib/python3.12/site-packages/airflow/example_dags/example_sla_dag.py
[2025-01-16T18:06:14.905+0000] {processor.py:914} INFO - Processing file /home/airflow/.local/lib/python3.12/site-packages/airflow/example_dags/example_sla_dag.py for tasks to queue
[2025-01-16T18:06:14.909+0000] {logging_mixin.py:190} INFO - [2025-01-16T18:06:14.908+0000] {dagbag.py:588} INFO - Filling up the DagBag from /home/airflow/.local/lib/python3.12/site-packages/airflow/example_dags/example_sla_dag.py
[2025-01-16T18:06:14.941+0000] {processor.py:925} INFO - DAG(s) 'example_sla_dag' retrieved from /home/airflow/.local/lib/python3.12/site-packages/airflow/example_dags/example_sla_dag.py
[2025-01-16T18:06:14.974+0000] {logging_mixin.py:190} INFO - [2025-01-16T18:06:14.973+0000] {dag.py:3239} INFO - Sync 1 DAGs
[2025-01-16T18:06:15.023+0000] {logging_mixin.py:190} INFO - [2025-01-16T18:06:15.022+0000] {dag.py:4180} INFO - Setting next_dagrun for example_sla_dag to 2025-01-16 18:04:00+00:00, run_after=2025-01-16 18:06:00+00:00
[2025-01-16T18:06:15.058+0000] {processor.py:208} INFO - Processing /home/airflow/.local/lib/python3.12/site-packages/airflow/example_dags/example_sla_dag.py took 0.170 seconds
[2025-01-16T18:06:45.582+0000] {processor.py:186} INFO - Started process (PID=1283) to work on /home/airflow/.local/lib/python3.12/site-packages/airflow/example_dags/example_sla_dag.py
[2025-01-16T18:06:45.583+0000] {processor.py:914} INFO - Processing file /home/airflow/.local/lib/python3.12/site-packages/airflow/example_dags/example_sla_dag.py for tasks to queue
[2025-01-16T18:06:45.587+0000] {logging_mixin.py:190} INFO - [2025-01-16T18:06:45.586+0000] {dagbag.py:588} INFO - Filling up the DagBag from /home/airflow/.local/lib/python3.12/site-packages/airflow/example_dags/example_sla_dag.py
[2025-01-16T18:06:45.602+0000] {processor.py:925} INFO - DAG(s) 'example_sla_dag' retrieved from /home/airflow/.local/lib/python3.12/site-packages/airflow/example_dags/example_sla_dag.py
[2025-01-16T18:06:45.622+0000] {logging_mixin.py:190} INFO - [2025-01-16T18:06:45.622+0000] {dag.py:3239} INFO - Sync 1 DAGs
[2025-01-16T18:06:45.655+0000] {logging_mixin.py:190} INFO - [2025-01-16T18:06:45.654+0000] {dag.py:4180} INFO - Setting next_dagrun for example_sla_dag to 2025-01-16 18:04:00+00:00, run_after=2025-01-16 18:06:00+00:00
[2025-01-16T18:06:45.679+0000] {processor.py:208} INFO - Processing /home/airflow/.local/lib/python3.12/site-packages/airflow/example_dags/example_sla_dag.py took 0.104 seconds
