[2025-01-16T17:57:36.160+0000] {processor.py:186} INFO - Started process (PID=116) to work on /home/airflow/.local/lib/python3.12/site-packages/airflow/example_dags/example_branch_operator.py
[2025-01-16T17:57:36.163+0000] {processor.py:914} INFO - Processing file /home/airflow/.local/lib/python3.12/site-packages/airflow/example_dags/example_branch_operator.py for tasks to queue
[2025-01-16T17:57:36.167+0000] {logging_mixin.py:190} INFO - [2025-01-16T17:57:36.167+0000] {dagbag.py:588} INFO - Filling up the DagBag from /home/airflow/.local/lib/python3.12/site-packages/airflow/example_dags/example_branch_operator.py
[2025-01-16T17:57:36.206+0000] {processor.py:925} INFO - DAG(s) 'example_branch_operator' retrieved from /home/airflow/.local/lib/python3.12/site-packages/airflow/example_dags/example_branch_operator.py
[2025-01-16T17:57:36.436+0000] {logging_mixin.py:190} INFO - [2025-01-16T17:57:36.436+0000] {override.py:1911} INFO - Created Permission View: can edit on DAG:example_branch_operator
[2025-01-16T17:57:36.453+0000] {logging_mixin.py:190} INFO - [2025-01-16T17:57:36.452+0000] {override.py:1911} INFO - Created Permission View: can read on DAG:example_branch_operator
[2025-01-16T17:57:36.460+0000] {logging_mixin.py:190} INFO - [2025-01-16T17:57:36.460+0000] {override.py:1911} INFO - Created Permission View: can delete on DAG:example_branch_operator
[2025-01-16T17:57:36.474+0000] {logging_mixin.py:190} INFO - [2025-01-16T17:57:36.473+0000] {override.py:1911} INFO - Created Permission View: can create on DAG Run:example_branch_operator
[2025-01-16T17:57:36.486+0000] {logging_mixin.py:190} INFO - [2025-01-16T17:57:36.485+0000] {override.py:1911} INFO - Created Permission View: can delete on DAG Run:example_branch_operator
[2025-01-16T17:57:36.497+0000] {logging_mixin.py:190} INFO - [2025-01-16T17:57:36.497+0000] {override.py:1911} INFO - Created Permission View: can read on DAG Run:example_branch_operator
[2025-01-16T17:57:36.509+0000] {logging_mixin.py:190} INFO - [2025-01-16T17:57:36.509+0000] {override.py:1911} INFO - Created Permission View: menu access on DAG Run:example_branch_operator
[2025-01-16T17:57:36.511+0000] {logging_mixin.py:190} INFO - [2025-01-16T17:57:36.510+0000] {dag.py:3239} INFO - Sync 1 DAGs
[2025-01-16T17:57:36.540+0000] {logging_mixin.py:190} INFO - [2025-01-16T17:57:36.540+0000] {dag.py:3262} INFO - Creating ORM DAG for example_branch_operator
[2025-01-16T17:57:36.563+0000] {logging_mixin.py:190} INFO - [2025-01-16T17:57:36.562+0000] {dag.py:4180} INFO - Setting next_dagrun for example_branch_operator to 2025-01-15 00:00:00+00:00, run_after=2025-01-16 00:00:00+00:00
[2025-01-16T17:57:36.594+0000] {processor.py:208} INFO - Processing /home/airflow/.local/lib/python3.12/site-packages/airflow/example_dags/example_branch_operator.py took 0.441 seconds
[2025-01-16T17:58:07.336+0000] {processor.py:186} INFO - Started process (PID=182) to work on /home/airflow/.local/lib/python3.12/site-packages/airflow/example_dags/example_branch_operator.py
[2025-01-16T17:58:07.338+0000] {processor.py:914} INFO - Processing file /home/airflow/.local/lib/python3.12/site-packages/airflow/example_dags/example_branch_operator.py for tasks to queue
[2025-01-16T17:58:07.342+0000] {logging_mixin.py:190} INFO - [2025-01-16T17:58:07.341+0000] {dagbag.py:588} INFO - Filling up the DagBag from /home/airflow/.local/lib/python3.12/site-packages/airflow/example_dags/example_branch_operator.py
[2025-01-16T17:58:07.367+0000] {processor.py:925} INFO - DAG(s) 'example_branch_operator' retrieved from /home/airflow/.local/lib/python3.12/site-packages/airflow/example_dags/example_branch_operator.py
[2025-01-16T17:58:07.415+0000] {logging_mixin.py:190} INFO - [2025-01-16T17:58:07.415+0000] {dag.py:3239} INFO - Sync 1 DAGs
[2025-01-16T17:58:07.454+0000] {logging_mixin.py:190} INFO - [2025-01-16T17:58:07.453+0000] {dag.py:4180} INFO - Setting next_dagrun for example_branch_operator to 2025-01-15 00:00:00+00:00, run_after=2025-01-16 00:00:00+00:00
[2025-01-16T17:58:07.479+0000] {processor.py:208} INFO - Processing /home/airflow/.local/lib/python3.12/site-packages/airflow/example_dags/example_branch_operator.py took 0.155 seconds
[2025-01-16T17:58:37.552+0000] {processor.py:186} INFO - Started process (PID=246) to work on /home/airflow/.local/lib/python3.12/site-packages/airflow/example_dags/example_branch_operator.py
[2025-01-16T17:58:37.554+0000] {processor.py:914} INFO - Processing file /home/airflow/.local/lib/python3.12/site-packages/airflow/example_dags/example_branch_operator.py for tasks to queue
[2025-01-16T17:58:37.557+0000] {logging_mixin.py:190} INFO - [2025-01-16T17:58:37.557+0000] {dagbag.py:588} INFO - Filling up the DagBag from /home/airflow/.local/lib/python3.12/site-packages/airflow/example_dags/example_branch_operator.py
[2025-01-16T17:58:37.578+0000] {processor.py:925} INFO - DAG(s) 'example_branch_operator' retrieved from /home/airflow/.local/lib/python3.12/site-packages/airflow/example_dags/example_branch_operator.py
[2025-01-16T17:58:37.608+0000] {logging_mixin.py:190} INFO - [2025-01-16T17:58:37.608+0000] {dag.py:3239} INFO - Sync 1 DAGs
[2025-01-16T17:58:37.632+0000] {logging_mixin.py:190} INFO - [2025-01-16T17:58:37.632+0000] {dag.py:4180} INFO - Setting next_dagrun for example_branch_operator to 2025-01-15 00:00:00+00:00, run_after=2025-01-16 00:00:00+00:00
[2025-01-16T17:58:37.663+0000] {processor.py:208} INFO - Processing /home/airflow/.local/lib/python3.12/site-packages/airflow/example_dags/example_branch_operator.py took 0.117 seconds
[2025-01-16T17:59:07.767+0000] {processor.py:186} INFO - Started process (PID=311) to work on /home/airflow/.local/lib/python3.12/site-packages/airflow/example_dags/example_branch_operator.py
[2025-01-16T17:59:07.768+0000] {processor.py:914} INFO - Processing file /home/airflow/.local/lib/python3.12/site-packages/airflow/example_dags/example_branch_operator.py for tasks to queue
[2025-01-16T17:59:07.771+0000] {logging_mixin.py:190} INFO - [2025-01-16T17:59:07.771+0000] {dagbag.py:588} INFO - Filling up the DagBag from /home/airflow/.local/lib/python3.12/site-packages/airflow/example_dags/example_branch_operator.py
[2025-01-16T17:59:07.794+0000] {processor.py:925} INFO - DAG(s) 'example_branch_operator' retrieved from /home/airflow/.local/lib/python3.12/site-packages/airflow/example_dags/example_branch_operator.py
[2025-01-16T17:59:07.828+0000] {logging_mixin.py:190} INFO - [2025-01-16T17:59:07.828+0000] {dag.py:3239} INFO - Sync 1 DAGs
[2025-01-16T17:59:07.860+0000] {logging_mixin.py:190} INFO - [2025-01-16T17:59:07.859+0000] {dag.py:4180} INFO - Setting next_dagrun for example_branch_operator to 2025-01-15 00:00:00+00:00, run_after=2025-01-16 00:00:00+00:00
[2025-01-16T17:59:07.893+0000] {processor.py:208} INFO - Processing /home/airflow/.local/lib/python3.12/site-packages/airflow/example_dags/example_branch_operator.py took 0.135 seconds
[2025-01-16T17:59:38.590+0000] {processor.py:186} INFO - Started process (PID=376) to work on /home/airflow/.local/lib/python3.12/site-packages/airflow/example_dags/example_branch_operator.py
[2025-01-16T17:59:38.591+0000] {processor.py:914} INFO - Processing file /home/airflow/.local/lib/python3.12/site-packages/airflow/example_dags/example_branch_operator.py for tasks to queue
[2025-01-16T17:59:38.594+0000] {logging_mixin.py:190} INFO - [2025-01-16T17:59:38.594+0000] {dagbag.py:588} INFO - Filling up the DagBag from /home/airflow/.local/lib/python3.12/site-packages/airflow/example_dags/example_branch_operator.py
[2025-01-16T17:59:38.614+0000] {processor.py:925} INFO - DAG(s) 'example_branch_operator' retrieved from /home/airflow/.local/lib/python3.12/site-packages/airflow/example_dags/example_branch_operator.py
[2025-01-16T17:59:38.643+0000] {logging_mixin.py:190} INFO - [2025-01-16T17:59:38.643+0000] {dag.py:3239} INFO - Sync 1 DAGs
[2025-01-16T17:59:38.665+0000] {logging_mixin.py:190} INFO - [2025-01-16T17:59:38.664+0000] {dag.py:4180} INFO - Setting next_dagrun for example_branch_operator to 2025-01-15 00:00:00+00:00, run_after=2025-01-16 00:00:00+00:00
[2025-01-16T17:59:38.683+0000] {processor.py:208} INFO - Processing /home/airflow/.local/lib/python3.12/site-packages/airflow/example_dags/example_branch_operator.py took 0.099 seconds
[2025-01-16T18:00:08.894+0000] {processor.py:186} INFO - Started process (PID=447) to work on /home/airflow/.local/lib/python3.12/site-packages/airflow/example_dags/example_branch_operator.py
[2025-01-16T18:00:08.896+0000] {processor.py:914} INFO - Processing file /home/airflow/.local/lib/python3.12/site-packages/airflow/example_dags/example_branch_operator.py for tasks to queue
[2025-01-16T18:00:08.899+0000] {logging_mixin.py:190} INFO - [2025-01-16T18:00:08.898+0000] {dagbag.py:588} INFO - Filling up the DagBag from /home/airflow/.local/lib/python3.12/site-packages/airflow/example_dags/example_branch_operator.py
[2025-01-16T18:00:08.929+0000] {processor.py:925} INFO - DAG(s) 'example_branch_operator' retrieved from /home/airflow/.local/lib/python3.12/site-packages/airflow/example_dags/example_branch_operator.py
[2025-01-16T18:00:08.977+0000] {logging_mixin.py:190} INFO - [2025-01-16T18:00:08.977+0000] {dag.py:3239} INFO - Sync 1 DAGs
[2025-01-16T18:00:09.023+0000] {logging_mixin.py:190} INFO - [2025-01-16T18:00:09.022+0000] {dag.py:4180} INFO - Setting next_dagrun for example_branch_operator to 2025-01-15 00:00:00+00:00, run_after=2025-01-16 00:00:00+00:00
[2025-01-16T18:00:09.059+0000] {processor.py:208} INFO - Processing /home/airflow/.local/lib/python3.12/site-packages/airflow/example_dags/example_branch_operator.py took 0.171 seconds
[2025-01-16T18:00:39.931+0000] {processor.py:186} INFO - Started process (PID=512) to work on /home/airflow/.local/lib/python3.12/site-packages/airflow/example_dags/example_branch_operator.py
[2025-01-16T18:00:39.932+0000] {processor.py:914} INFO - Processing file /home/airflow/.local/lib/python3.12/site-packages/airflow/example_dags/example_branch_operator.py for tasks to queue
[2025-01-16T18:00:39.935+0000] {logging_mixin.py:190} INFO - [2025-01-16T18:00:39.935+0000] {dagbag.py:588} INFO - Filling up the DagBag from /home/airflow/.local/lib/python3.12/site-packages/airflow/example_dags/example_branch_operator.py
[2025-01-16T18:00:39.958+0000] {processor.py:925} INFO - DAG(s) 'example_branch_operator' retrieved from /home/airflow/.local/lib/python3.12/site-packages/airflow/example_dags/example_branch_operator.py
[2025-01-16T18:00:39.998+0000] {logging_mixin.py:190} INFO - [2025-01-16T18:00:39.998+0000] {dag.py:3239} INFO - Sync 1 DAGs
[2025-01-16T18:00:40.035+0000] {logging_mixin.py:190} INFO - [2025-01-16T18:00:40.035+0000] {dag.py:4180} INFO - Setting next_dagrun for example_branch_operator to 2025-01-15 00:00:00+00:00, run_after=2025-01-16 00:00:00+00:00
[2025-01-16T18:00:40.073+0000] {processor.py:208} INFO - Processing /home/airflow/.local/lib/python3.12/site-packages/airflow/example_dags/example_branch_operator.py took 0.150 seconds
[2025-01-16T18:01:10.488+0000] {processor.py:186} INFO - Started process (PID=577) to work on /home/airflow/.local/lib/python3.12/site-packages/airflow/example_dags/example_branch_operator.py
[2025-01-16T18:01:10.490+0000] {processor.py:914} INFO - Processing file /home/airflow/.local/lib/python3.12/site-packages/airflow/example_dags/example_branch_operator.py for tasks to queue
[2025-01-16T18:01:10.494+0000] {logging_mixin.py:190} INFO - [2025-01-16T18:01:10.493+0000] {dagbag.py:588} INFO - Filling up the DagBag from /home/airflow/.local/lib/python3.12/site-packages/airflow/example_dags/example_branch_operator.py
[2025-01-16T18:01:10.529+0000] {processor.py:925} INFO - DAG(s) 'example_branch_operator' retrieved from /home/airflow/.local/lib/python3.12/site-packages/airflow/example_dags/example_branch_operator.py
[2025-01-16T18:01:10.591+0000] {logging_mixin.py:190} INFO - [2025-01-16T18:01:10.591+0000] {dag.py:3239} INFO - Sync 1 DAGs
[2025-01-16T18:01:10.642+0000] {logging_mixin.py:190} INFO - [2025-01-16T18:01:10.642+0000] {dag.py:4180} INFO - Setting next_dagrun for example_branch_operator to 2025-01-15 00:00:00+00:00, run_after=2025-01-16 00:00:00+00:00
[2025-01-16T18:01:10.679+0000] {processor.py:208} INFO - Processing /home/airflow/.local/lib/python3.12/site-packages/airflow/example_dags/example_branch_operator.py took 0.204 seconds
[2025-01-16T18:01:42.381+0000] {processor.py:186} INFO - Started process (PID=641) to work on /home/airflow/.local/lib/python3.12/site-packages/airflow/example_dags/example_branch_operator.py
[2025-01-16T18:01:42.384+0000] {processor.py:914} INFO - Processing file /home/airflow/.local/lib/python3.12/site-packages/airflow/example_dags/example_branch_operator.py for tasks to queue
[2025-01-16T18:01:42.389+0000] {logging_mixin.py:190} INFO - [2025-01-16T18:01:42.388+0000] {dagbag.py:588} INFO - Filling up the DagBag from /home/airflow/.local/lib/python3.12/site-packages/airflow/example_dags/example_branch_operator.py
[2025-01-16T18:01:42.424+0000] {processor.py:925} INFO - DAG(s) 'example_branch_operator' retrieved from /home/airflow/.local/lib/python3.12/site-packages/airflow/example_dags/example_branch_operator.py
[2025-01-16T18:01:42.476+0000] {logging_mixin.py:190} INFO - [2025-01-16T18:01:42.475+0000] {dag.py:3239} INFO - Sync 1 DAGs
[2025-01-16T18:01:42.530+0000] {logging_mixin.py:190} INFO - [2025-01-16T18:01:42.529+0000] {dag.py:4180} INFO - Setting next_dagrun for example_branch_operator to 2025-01-15 00:00:00+00:00, run_after=2025-01-16 00:00:00+00:00
[2025-01-16T18:01:42.579+0000] {processor.py:208} INFO - Processing /home/airflow/.local/lib/python3.12/site-packages/airflow/example_dags/example_branch_operator.py took 0.207 seconds
[2025-01-16T18:02:12.653+0000] {processor.py:186} INFO - Started process (PID=707) to work on /home/airflow/.local/lib/python3.12/site-packages/airflow/example_dags/example_branch_operator.py
[2025-01-16T18:02:12.655+0000] {processor.py:914} INFO - Processing file /home/airflow/.local/lib/python3.12/site-packages/airflow/example_dags/example_branch_operator.py for tasks to queue
[2025-01-16T18:02:12.658+0000] {logging_mixin.py:190} INFO - [2025-01-16T18:02:12.657+0000] {dagbag.py:588} INFO - Filling up the DagBag from /home/airflow/.local/lib/python3.12/site-packages/airflow/example_dags/example_branch_operator.py
[2025-01-16T18:02:12.677+0000] {processor.py:925} INFO - DAG(s) 'example_branch_operator' retrieved from /home/airflow/.local/lib/python3.12/site-packages/airflow/example_dags/example_branch_operator.py
[2025-01-16T18:02:12.709+0000] {logging_mixin.py:190} INFO - [2025-01-16T18:02:12.708+0000] {dag.py:3239} INFO - Sync 1 DAGs
[2025-01-16T18:02:12.737+0000] {logging_mixin.py:190} INFO - [2025-01-16T18:02:12.737+0000] {dag.py:4180} INFO - Setting next_dagrun for example_branch_operator to 2025-01-15 00:00:00+00:00, run_after=2025-01-16 00:00:00+00:00
[2025-01-16T18:02:12.762+0000] {processor.py:208} INFO - Processing /home/airflow/.local/lib/python3.12/site-packages/airflow/example_dags/example_branch_operator.py took 0.115 seconds
[2025-01-16T18:02:43.638+0000] {processor.py:186} INFO - Started process (PID=771) to work on /home/airflow/.local/lib/python3.12/site-packages/airflow/example_dags/example_branch_operator.py
[2025-01-16T18:02:43.639+0000] {processor.py:914} INFO - Processing file /home/airflow/.local/lib/python3.12/site-packages/airflow/example_dags/example_branch_operator.py for tasks to queue
[2025-01-16T18:02:43.644+0000] {logging_mixin.py:190} INFO - [2025-01-16T18:02:43.643+0000] {dagbag.py:588} INFO - Filling up the DagBag from /home/airflow/.local/lib/python3.12/site-packages/airflow/example_dags/example_branch_operator.py
[2025-01-16T18:02:43.671+0000] {processor.py:925} INFO - DAG(s) 'example_branch_operator' retrieved from /home/airflow/.local/lib/python3.12/site-packages/airflow/example_dags/example_branch_operator.py
[2025-01-16T18:02:43.713+0000] {logging_mixin.py:190} INFO - [2025-01-16T18:02:43.713+0000] {dag.py:3239} INFO - Sync 1 DAGs
[2025-01-16T18:02:43.752+0000] {logging_mixin.py:190} INFO - [2025-01-16T18:02:43.752+0000] {dag.py:4180} INFO - Setting next_dagrun for example_branch_operator to 2025-01-15 00:00:00+00:00, run_after=2025-01-16 00:00:00+00:00
[2025-01-16T18:02:43.780+0000] {processor.py:208} INFO - Processing /home/airflow/.local/lib/python3.12/site-packages/airflow/example_dags/example_branch_operator.py took 0.150 seconds
[2025-01-16T18:03:14.041+0000] {processor.py:186} INFO - Started process (PID=836) to work on /home/airflow/.local/lib/python3.12/site-packages/airflow/example_dags/example_branch_operator.py
[2025-01-16T18:03:14.042+0000] {processor.py:914} INFO - Processing file /home/airflow/.local/lib/python3.12/site-packages/airflow/example_dags/example_branch_operator.py for tasks to queue
[2025-01-16T18:03:14.045+0000] {logging_mixin.py:190} INFO - [2025-01-16T18:03:14.044+0000] {dagbag.py:588} INFO - Filling up the DagBag from /home/airflow/.local/lib/python3.12/site-packages/airflow/example_dags/example_branch_operator.py
[2025-01-16T18:03:14.066+0000] {processor.py:925} INFO - DAG(s) 'example_branch_operator' retrieved from /home/airflow/.local/lib/python3.12/site-packages/airflow/example_dags/example_branch_operator.py
[2025-01-16T18:03:14.104+0000] {logging_mixin.py:190} INFO - [2025-01-16T18:03:14.103+0000] {dag.py:3239} INFO - Sync 1 DAGs
[2025-01-16T18:03:14.136+0000] {logging_mixin.py:190} INFO - [2025-01-16T18:03:14.135+0000] {dag.py:4180} INFO - Setting next_dagrun for example_branch_operator to 2025-01-15 00:00:00+00:00, run_after=2025-01-16 00:00:00+00:00
[2025-01-16T18:03:14.173+0000] {processor.py:208} INFO - Processing /home/airflow/.local/lib/python3.12/site-packages/airflow/example_dags/example_branch_operator.py took 0.138 seconds
[2025-01-16T18:03:44.329+0000] {processor.py:186} INFO - Started process (PID=900) to work on /home/airflow/.local/lib/python3.12/site-packages/airflow/example_dags/example_branch_operator.py
[2025-01-16T18:03:44.331+0000] {processor.py:914} INFO - Processing file /home/airflow/.local/lib/python3.12/site-packages/airflow/example_dags/example_branch_operator.py for tasks to queue
[2025-01-16T18:03:44.335+0000] {logging_mixin.py:190} INFO - [2025-01-16T18:03:44.333+0000] {dagbag.py:588} INFO - Filling up the DagBag from /home/airflow/.local/lib/python3.12/site-packages/airflow/example_dags/example_branch_operator.py
[2025-01-16T18:03:44.353+0000] {processor.py:925} INFO - DAG(s) 'example_branch_operator' retrieved from /home/airflow/.local/lib/python3.12/site-packages/airflow/example_dags/example_branch_operator.py
[2025-01-16T18:03:44.380+0000] {logging_mixin.py:190} INFO - [2025-01-16T18:03:44.380+0000] {dag.py:3239} INFO - Sync 1 DAGs
[2025-01-16T18:03:44.403+0000] {logging_mixin.py:190} INFO - [2025-01-16T18:03:44.403+0000] {dag.py:4180} INFO - Setting next_dagrun for example_branch_operator to 2025-01-15 00:00:00+00:00, run_after=2025-01-16 00:00:00+00:00
[2025-01-16T18:03:44.427+0000] {processor.py:208} INFO - Processing /home/airflow/.local/lib/python3.12/site-packages/airflow/example_dags/example_branch_operator.py took 0.104 seconds
[2025-01-16T18:04:14.760+0000] {processor.py:186} INFO - Started process (PID=965) to work on /home/airflow/.local/lib/python3.12/site-packages/airflow/example_dags/example_branch_operator.py
[2025-01-16T18:04:14.761+0000] {processor.py:914} INFO - Processing file /home/airflow/.local/lib/python3.12/site-packages/airflow/example_dags/example_branch_operator.py for tasks to queue
[2025-01-16T18:04:14.763+0000] {logging_mixin.py:190} INFO - [2025-01-16T18:04:14.762+0000] {dagbag.py:588} INFO - Filling up the DagBag from /home/airflow/.local/lib/python3.12/site-packages/airflow/example_dags/example_branch_operator.py
[2025-01-16T18:04:14.777+0000] {processor.py:925} INFO - DAG(s) 'example_branch_operator' retrieved from /home/airflow/.local/lib/python3.12/site-packages/airflow/example_dags/example_branch_operator.py
[2025-01-16T18:04:14.804+0000] {logging_mixin.py:190} INFO - [2025-01-16T18:04:14.803+0000] {dag.py:3239} INFO - Sync 1 DAGs
[2025-01-16T18:04:14.825+0000] {logging_mixin.py:190} INFO - [2025-01-16T18:04:14.825+0000] {dag.py:4180} INFO - Setting next_dagrun for example_branch_operator to 2025-01-15 00:00:00+00:00, run_after=2025-01-16 00:00:00+00:00
[2025-01-16T18:04:14.843+0000] {processor.py:208} INFO - Processing /home/airflow/.local/lib/python3.12/site-packages/airflow/example_dags/example_branch_operator.py took 0.089 seconds
[2025-01-16T18:04:44.930+0000] {processor.py:186} INFO - Started process (PID=1030) to work on /home/airflow/.local/lib/python3.12/site-packages/airflow/example_dags/example_branch_operator.py
[2025-01-16T18:04:44.932+0000] {processor.py:914} INFO - Processing file /home/airflow/.local/lib/python3.12/site-packages/airflow/example_dags/example_branch_operator.py for tasks to queue
[2025-01-16T18:04:44.935+0000] {logging_mixin.py:190} INFO - [2025-01-16T18:04:44.935+0000] {dagbag.py:588} INFO - Filling up the DagBag from /home/airflow/.local/lib/python3.12/site-packages/airflow/example_dags/example_branch_operator.py
[2025-01-16T18:04:44.955+0000] {processor.py:925} INFO - DAG(s) 'example_branch_operator' retrieved from /home/airflow/.local/lib/python3.12/site-packages/airflow/example_dags/example_branch_operator.py
[2025-01-16T18:04:44.992+0000] {logging_mixin.py:190} INFO - [2025-01-16T18:04:44.991+0000] {dag.py:3239} INFO - Sync 1 DAGs
[2025-01-16T18:04:45.019+0000] {logging_mixin.py:190} INFO - [2025-01-16T18:04:45.019+0000] {dag.py:4180} INFO - Setting next_dagrun for example_branch_operator to 2025-01-15 00:00:00+00:00, run_after=2025-01-16 00:00:00+00:00
[2025-01-16T18:04:45.046+0000] {processor.py:208} INFO - Processing /home/airflow/.local/lib/python3.12/site-packages/airflow/example_dags/example_branch_operator.py took 0.121 seconds
[2025-01-16T18:05:15.821+0000] {processor.py:186} INFO - Started process (PID=1095) to work on /home/airflow/.local/lib/python3.12/site-packages/airflow/example_dags/example_branch_operator.py
[2025-01-16T18:05:15.822+0000] {processor.py:914} INFO - Processing file /home/airflow/.local/lib/python3.12/site-packages/airflow/example_dags/example_branch_operator.py for tasks to queue
[2025-01-16T18:05:15.825+0000] {logging_mixin.py:190} INFO - [2025-01-16T18:05:15.825+0000] {dagbag.py:588} INFO - Filling up the DagBag from /home/airflow/.local/lib/python3.12/site-packages/airflow/example_dags/example_branch_operator.py
[2025-01-16T18:05:15.842+0000] {processor.py:925} INFO - DAG(s) 'example_branch_operator' retrieved from /home/airflow/.local/lib/python3.12/site-packages/airflow/example_dags/example_branch_operator.py
[2025-01-16T18:05:15.874+0000] {logging_mixin.py:190} INFO - [2025-01-16T18:05:15.874+0000] {dag.py:3239} INFO - Sync 1 DAGs
[2025-01-16T18:05:15.895+0000] {logging_mixin.py:190} INFO - [2025-01-16T18:05:15.895+0000] {dag.py:4180} INFO - Setting next_dagrun for example_branch_operator to 2025-01-15 00:00:00+00:00, run_after=2025-01-16 00:00:00+00:00
[2025-01-16T18:05:15.921+0000] {processor.py:208} INFO - Processing /home/airflow/.local/lib/python3.12/site-packages/airflow/example_dags/example_branch_operator.py took 0.107 seconds
[2025-01-16T18:05:46.246+0000] {processor.py:186} INFO - Started process (PID=1160) to work on /home/airflow/.local/lib/python3.12/site-packages/airflow/example_dags/example_branch_operator.py
[2025-01-16T18:05:46.247+0000] {processor.py:914} INFO - Processing file /home/airflow/.local/lib/python3.12/site-packages/airflow/example_dags/example_branch_operator.py for tasks to queue
[2025-01-16T18:05:46.249+0000] {logging_mixin.py:190} INFO - [2025-01-16T18:05:46.249+0000] {dagbag.py:588} INFO - Filling up the DagBag from /home/airflow/.local/lib/python3.12/site-packages/airflow/example_dags/example_branch_operator.py
[2025-01-16T18:05:46.270+0000] {processor.py:925} INFO - DAG(s) 'example_branch_operator' retrieved from /home/airflow/.local/lib/python3.12/site-packages/airflow/example_dags/example_branch_operator.py
[2025-01-16T18:05:46.298+0000] {logging_mixin.py:190} INFO - [2025-01-16T18:05:46.298+0000] {dag.py:3239} INFO - Sync 1 DAGs
[2025-01-16T18:05:46.323+0000] {logging_mixin.py:190} INFO - [2025-01-16T18:05:46.322+0000] {dag.py:4180} INFO - Setting next_dagrun for example_branch_operator to 2025-01-15 00:00:00+00:00, run_after=2025-01-16 00:00:00+00:00
[2025-01-16T18:05:46.344+0000] {processor.py:208} INFO - Processing /home/airflow/.local/lib/python3.12/site-packages/airflow/example_dags/example_branch_operator.py took 0.105 seconds
[2025-01-16T18:06:16.681+0000] {processor.py:186} INFO - Started process (PID=1225) to work on /home/airflow/.local/lib/python3.12/site-packages/airflow/example_dags/example_branch_operator.py
[2025-01-16T18:06:16.683+0000] {processor.py:914} INFO - Processing file /home/airflow/.local/lib/python3.12/site-packages/airflow/example_dags/example_branch_operator.py for tasks to queue
[2025-01-16T18:06:16.686+0000] {logging_mixin.py:190} INFO - [2025-01-16T18:06:16.686+0000] {dagbag.py:588} INFO - Filling up the DagBag from /home/airflow/.local/lib/python3.12/site-packages/airflow/example_dags/example_branch_operator.py
[2025-01-16T18:06:16.722+0000] {processor.py:925} INFO - DAG(s) 'example_branch_operator' retrieved from /home/airflow/.local/lib/python3.12/site-packages/airflow/example_dags/example_branch_operator.py
[2025-01-16T18:06:16.772+0000] {logging_mixin.py:190} INFO - [2025-01-16T18:06:16.772+0000] {dag.py:3239} INFO - Sync 1 DAGs
[2025-01-16T18:06:16.816+0000] {logging_mixin.py:190} INFO - [2025-01-16T18:06:16.816+0000] {dag.py:4180} INFO - Setting next_dagrun for example_branch_operator to 2025-01-15 00:00:00+00:00, run_after=2025-01-16 00:00:00+00:00
[2025-01-16T18:06:16.853+0000] {processor.py:208} INFO - Processing /home/airflow/.local/lib/python3.12/site-packages/airflow/example_dags/example_branch_operator.py took 0.183 seconds
[2025-01-16T18:06:47.081+0000] {processor.py:186} INFO - Started process (PID=1290) to work on /home/airflow/.local/lib/python3.12/site-packages/airflow/example_dags/example_branch_operator.py
[2025-01-16T18:06:47.083+0000] {processor.py:914} INFO - Processing file /home/airflow/.local/lib/python3.12/site-packages/airflow/example_dags/example_branch_operator.py for tasks to queue
[2025-01-16T18:06:47.086+0000] {logging_mixin.py:190} INFO - [2025-01-16T18:06:47.085+0000] {dagbag.py:588} INFO - Filling up the DagBag from /home/airflow/.local/lib/python3.12/site-packages/airflow/example_dags/example_branch_operator.py
[2025-01-16T18:06:47.107+0000] {processor.py:925} INFO - DAG(s) 'example_branch_operator' retrieved from /home/airflow/.local/lib/python3.12/site-packages/airflow/example_dags/example_branch_operator.py
[2025-01-16T18:06:47.142+0000] {logging_mixin.py:190} INFO - [2025-01-16T18:06:47.142+0000] {dag.py:3239} INFO - Sync 1 DAGs
[2025-01-16T18:06:47.181+0000] {logging_mixin.py:190} INFO - [2025-01-16T18:06:47.179+0000] {dag.py:4180} INFO - Setting next_dagrun for example_branch_operator to 2025-01-15 00:00:00+00:00, run_after=2025-01-16 00:00:00+00:00
[2025-01-16T18:06:47.221+0000] {processor.py:208} INFO - Processing /home/airflow/.local/lib/python3.12/site-packages/airflow/example_dags/example_branch_operator.py took 0.146 seconds
