[2025-01-16T17:57:26.758+0000] {processor.py:186} INFO - Started process (PID=88) to work on /home/airflow/.local/lib/python3.12/site-packages/airflow/example_dags/example_branch_python_dop_operator_3.py
[2025-01-16T17:57:26.760+0000] {processor.py:914} INFO - Processing file /home/airflow/.local/lib/python3.12/site-packages/airflow/example_dags/example_branch_python_dop_operator_3.py for tasks to queue
[2025-01-16T17:57:26.763+0000] {logging_mixin.py:190} INFO - [2025-01-16T17:57:26.763+0000] {dagbag.py:588} INFO - Filling up the DagBag from /home/airflow/.local/lib/python3.12/site-packages/airflow/example_dags/example_branch_python_dop_operator_3.py
[2025-01-16T17:57:26.786+0000] {processor.py:925} INFO - DAG(s) 'example_branch_dop_operator_v3' retrieved from /home/airflow/.local/lib/python3.12/site-packages/airflow/example_dags/example_branch_python_dop_operator_3.py
[2025-01-16T17:57:26.981+0000] {logging_mixin.py:190} INFO - [2025-01-16T17:57:26.980+0000] {override.py:1911} INFO - Created Permission View: can edit on DAG:example_branch_dop_operator_v3
[2025-01-16T17:57:27.015+0000] {logging_mixin.py:190} INFO - [2025-01-16T17:57:27.014+0000] {override.py:1911} INFO - Created Permission View: can read on DAG:example_branch_dop_operator_v3
[2025-01-16T17:57:27.032+0000] {logging_mixin.py:190} INFO - [2025-01-16T17:57:27.031+0000] {override.py:1911} INFO - Created Permission View: can delete on DAG:example_branch_dop_operator_v3
[2025-01-16T17:57:27.057+0000] {logging_mixin.py:190} INFO - [2025-01-16T17:57:27.056+0000] {override.py:1911} INFO - Created Permission View: can create on DAG Run:example_branch_dop_operator_v3
[2025-01-16T17:57:27.081+0000] {logging_mixin.py:190} INFO - [2025-01-16T17:57:27.081+0000] {override.py:1911} INFO - Created Permission View: can delete on DAG Run:example_branch_dop_operator_v3
[2025-01-16T17:57:27.101+0000] {logging_mixin.py:190} INFO - [2025-01-16T17:57:27.101+0000] {override.py:1911} INFO - Created Permission View: can read on DAG Run:example_branch_dop_operator_v3
[2025-01-16T17:57:27.115+0000] {logging_mixin.py:190} INFO - [2025-01-16T17:57:27.114+0000] {override.py:1911} INFO - Created Permission View: menu access on DAG Run:example_branch_dop_operator_v3
[2025-01-16T17:57:27.116+0000] {logging_mixin.py:190} INFO - [2025-01-16T17:57:27.116+0000] {dag.py:3239} INFO - Sync 1 DAGs
[2025-01-16T17:57:27.145+0000] {logging_mixin.py:190} INFO - [2025-01-16T17:57:27.145+0000] {dag.py:3262} INFO - Creating ORM DAG for example_branch_dop_operator_v3
[2025-01-16T17:57:27.165+0000] {logging_mixin.py:190} INFO - [2025-01-16T17:57:27.165+0000] {dag.py:4180} INFO - Setting next_dagrun for example_branch_dop_operator_v3 to 2025-01-16 17:56:00+00:00, run_after=2025-01-16 17:57:00+00:00
[2025-01-16T17:57:27.191+0000] {processor.py:208} INFO - Processing /home/airflow/.local/lib/python3.12/site-packages/airflow/example_dags/example_branch_python_dop_operator_3.py took 0.446 seconds
[2025-01-16T17:57:57.640+0000] {processor.py:186} INFO - Started process (PID=153) to work on /home/airflow/.local/lib/python3.12/site-packages/airflow/example_dags/example_branch_python_dop_operator_3.py
[2025-01-16T17:57:57.642+0000] {processor.py:914} INFO - Processing file /home/airflow/.local/lib/python3.12/site-packages/airflow/example_dags/example_branch_python_dop_operator_3.py for tasks to queue
[2025-01-16T17:57:57.644+0000] {logging_mixin.py:190} INFO - [2025-01-16T17:57:57.644+0000] {dagbag.py:588} INFO - Filling up the DagBag from /home/airflow/.local/lib/python3.12/site-packages/airflow/example_dags/example_branch_python_dop_operator_3.py
[2025-01-16T17:57:57.655+0000] {processor.py:925} INFO - DAG(s) 'example_branch_dop_operator_v3' retrieved from /home/airflow/.local/lib/python3.12/site-packages/airflow/example_dags/example_branch_python_dop_operator_3.py
[2025-01-16T17:57:57.676+0000] {logging_mixin.py:190} INFO - [2025-01-16T17:57:57.675+0000] {dag.py:3239} INFO - Sync 1 DAGs
[2025-01-16T17:57:57.708+0000] {logging_mixin.py:190} INFO - [2025-01-16T17:57:57.707+0000] {dag.py:4180} INFO - Setting next_dagrun for example_branch_dop_operator_v3 to 2025-01-16 17:56:00+00:00, run_after=2025-01-16 17:57:00+00:00
[2025-01-16T17:57:57.730+0000] {processor.py:208} INFO - Processing /home/airflow/.local/lib/python3.12/site-packages/airflow/example_dags/example_branch_python_dop_operator_3.py took 0.095 seconds
[2025-01-16T17:58:28.343+0000] {processor.py:186} INFO - Started process (PID=218) to work on /home/airflow/.local/lib/python3.12/site-packages/airflow/example_dags/example_branch_python_dop_operator_3.py
[2025-01-16T17:58:28.344+0000] {processor.py:914} INFO - Processing file /home/airflow/.local/lib/python3.12/site-packages/airflow/example_dags/example_branch_python_dop_operator_3.py for tasks to queue
[2025-01-16T17:58:28.346+0000] {logging_mixin.py:190} INFO - [2025-01-16T17:58:28.346+0000] {dagbag.py:588} INFO - Filling up the DagBag from /home/airflow/.local/lib/python3.12/site-packages/airflow/example_dags/example_branch_python_dop_operator_3.py
[2025-01-16T17:58:28.356+0000] {processor.py:925} INFO - DAG(s) 'example_branch_dop_operator_v3' retrieved from /home/airflow/.local/lib/python3.12/site-packages/airflow/example_dags/example_branch_python_dop_operator_3.py
[2025-01-16T17:58:28.375+0000] {logging_mixin.py:190} INFO - [2025-01-16T17:58:28.375+0000] {dag.py:3239} INFO - Sync 1 DAGs
[2025-01-16T17:58:28.405+0000] {logging_mixin.py:190} INFO - [2025-01-16T17:58:28.405+0000] {dag.py:4180} INFO - Setting next_dagrun for example_branch_dop_operator_v3 to 2025-01-16 17:57:00+00:00, run_after=2025-01-16 17:58:00+00:00
[2025-01-16T17:58:28.423+0000] {processor.py:208} INFO - Processing /home/airflow/.local/lib/python3.12/site-packages/airflow/example_dags/example_branch_python_dop_operator_3.py took 0.086 seconds
[2025-01-16T17:58:58.679+0000] {processor.py:186} INFO - Started process (PID=283) to work on /home/airflow/.local/lib/python3.12/site-packages/airflow/example_dags/example_branch_python_dop_operator_3.py
[2025-01-16T17:58:58.680+0000] {processor.py:914} INFO - Processing file /home/airflow/.local/lib/python3.12/site-packages/airflow/example_dags/example_branch_python_dop_operator_3.py for tasks to queue
[2025-01-16T17:58:58.683+0000] {logging_mixin.py:190} INFO - [2025-01-16T17:58:58.682+0000] {dagbag.py:588} INFO - Filling up the DagBag from /home/airflow/.local/lib/python3.12/site-packages/airflow/example_dags/example_branch_python_dop_operator_3.py
[2025-01-16T17:58:58.695+0000] {processor.py:925} INFO - DAG(s) 'example_branch_dop_operator_v3' retrieved from /home/airflow/.local/lib/python3.12/site-packages/airflow/example_dags/example_branch_python_dop_operator_3.py
[2025-01-16T17:58:58.717+0000] {logging_mixin.py:190} INFO - [2025-01-16T17:58:58.717+0000] {dag.py:3239} INFO - Sync 1 DAGs
[2025-01-16T17:58:58.745+0000] {logging_mixin.py:190} INFO - [2025-01-16T17:58:58.745+0000] {dag.py:4180} INFO - Setting next_dagrun for example_branch_dop_operator_v3 to 2025-01-16 17:57:00+00:00, run_after=2025-01-16 17:58:00+00:00
[2025-01-16T17:58:58.772+0000] {processor.py:208} INFO - Processing /home/airflow/.local/lib/python3.12/site-packages/airflow/example_dags/example_branch_python_dop_operator_3.py took 0.098 seconds
[2025-01-16T17:59:29.365+0000] {processor.py:186} INFO - Started process (PID=348) to work on /home/airflow/.local/lib/python3.12/site-packages/airflow/example_dags/example_branch_python_dop_operator_3.py
[2025-01-16T17:59:29.371+0000] {processor.py:914} INFO - Processing file /home/airflow/.local/lib/python3.12/site-packages/airflow/example_dags/example_branch_python_dop_operator_3.py for tasks to queue
[2025-01-16T17:59:29.377+0000] {logging_mixin.py:190} INFO - [2025-01-16T17:59:29.376+0000] {dagbag.py:588} INFO - Filling up the DagBag from /home/airflow/.local/lib/python3.12/site-packages/airflow/example_dags/example_branch_python_dop_operator_3.py
[2025-01-16T17:59:29.402+0000] {processor.py:925} INFO - DAG(s) 'example_branch_dop_operator_v3' retrieved from /home/airflow/.local/lib/python3.12/site-packages/airflow/example_dags/example_branch_python_dop_operator_3.py
[2025-01-16T17:59:29.448+0000] {logging_mixin.py:190} INFO - [2025-01-16T17:59:29.447+0000] {dag.py:3239} INFO - Sync 1 DAGs
[2025-01-16T17:59:29.512+0000] {logging_mixin.py:190} INFO - [2025-01-16T17:59:29.511+0000] {dag.py:4180} INFO - Setting next_dagrun for example_branch_dop_operator_v3 to 2025-01-16 17:58:00+00:00, run_after=2025-01-16 17:59:00+00:00
[2025-01-16T17:59:29.550+0000] {processor.py:208} INFO - Processing /home/airflow/.local/lib/python3.12/site-packages/airflow/example_dags/example_branch_python_dop_operator_3.py took 0.200 seconds
[2025-01-16T18:00:00.349+0000] {processor.py:186} INFO - Started process (PID=413) to work on /home/airflow/.local/lib/python3.12/site-packages/airflow/example_dags/example_branch_python_dop_operator_3.py
[2025-01-16T18:00:00.351+0000] {processor.py:914} INFO - Processing file /home/airflow/.local/lib/python3.12/site-packages/airflow/example_dags/example_branch_python_dop_operator_3.py for tasks to queue
[2025-01-16T18:00:00.353+0000] {logging_mixin.py:190} INFO - [2025-01-16T18:00:00.353+0000] {dagbag.py:588} INFO - Filling up the DagBag from /home/airflow/.local/lib/python3.12/site-packages/airflow/example_dags/example_branch_python_dop_operator_3.py
[2025-01-16T18:00:00.362+0000] {processor.py:925} INFO - DAG(s) 'example_branch_dop_operator_v3' retrieved from /home/airflow/.local/lib/python3.12/site-packages/airflow/example_dags/example_branch_python_dop_operator_3.py
[2025-01-16T18:00:00.381+0000] {logging_mixin.py:190} INFO - [2025-01-16T18:00:00.381+0000] {dag.py:3239} INFO - Sync 1 DAGs
[2025-01-16T18:00:00.407+0000] {logging_mixin.py:190} INFO - [2025-01-16T18:00:00.407+0000] {dag.py:4180} INFO - Setting next_dagrun for example_branch_dop_operator_v3 to 2025-01-16 17:59:00+00:00, run_after=2025-01-16 18:00:00+00:00
[2025-01-16T18:00:00.428+0000] {processor.py:208} INFO - Processing /home/airflow/.local/lib/python3.12/site-packages/airflow/example_dags/example_branch_python_dop_operator_3.py took 0.085 seconds
[2025-01-16T18:00:30.955+0000] {processor.py:186} INFO - Started process (PID=478) to work on /home/airflow/.local/lib/python3.12/site-packages/airflow/example_dags/example_branch_python_dop_operator_3.py
[2025-01-16T18:00:30.956+0000] {processor.py:914} INFO - Processing file /home/airflow/.local/lib/python3.12/site-packages/airflow/example_dags/example_branch_python_dop_operator_3.py for tasks to queue
[2025-01-16T18:00:30.958+0000] {logging_mixin.py:190} INFO - [2025-01-16T18:00:30.958+0000] {dagbag.py:588} INFO - Filling up the DagBag from /home/airflow/.local/lib/python3.12/site-packages/airflow/example_dags/example_branch_python_dop_operator_3.py
[2025-01-16T18:00:30.969+0000] {processor.py:925} INFO - DAG(s) 'example_branch_dop_operator_v3' retrieved from /home/airflow/.local/lib/python3.12/site-packages/airflow/example_dags/example_branch_python_dop_operator_3.py
[2025-01-16T18:00:30.989+0000] {logging_mixin.py:190} INFO - [2025-01-16T18:00:30.989+0000] {dag.py:3239} INFO - Sync 1 DAGs
[2025-01-16T18:00:31.014+0000] {logging_mixin.py:190} INFO - [2025-01-16T18:00:31.014+0000] {dag.py:4180} INFO - Setting next_dagrun for example_branch_dop_operator_v3 to 2025-01-16 17:59:00+00:00, run_after=2025-01-16 18:00:00+00:00
[2025-01-16T18:00:31.041+0000] {processor.py:208} INFO - Processing /home/airflow/.local/lib/python3.12/site-packages/airflow/example_dags/example_branch_python_dop_operator_3.py took 0.093 seconds
[2025-01-16T18:01:01.715+0000] {processor.py:186} INFO - Started process (PID=543) to work on /home/airflow/.local/lib/python3.12/site-packages/airflow/example_dags/example_branch_python_dop_operator_3.py
[2025-01-16T18:01:01.717+0000] {processor.py:914} INFO - Processing file /home/airflow/.local/lib/python3.12/site-packages/airflow/example_dags/example_branch_python_dop_operator_3.py for tasks to queue
[2025-01-16T18:01:01.719+0000] {logging_mixin.py:190} INFO - [2025-01-16T18:01:01.718+0000] {dagbag.py:588} INFO - Filling up the DagBag from /home/airflow/.local/lib/python3.12/site-packages/airflow/example_dags/example_branch_python_dop_operator_3.py
[2025-01-16T18:01:01.728+0000] {processor.py:925} INFO - DAG(s) 'example_branch_dop_operator_v3' retrieved from /home/airflow/.local/lib/python3.12/site-packages/airflow/example_dags/example_branch_python_dop_operator_3.py
[2025-01-16T18:01:01.751+0000] {logging_mixin.py:190} INFO - [2025-01-16T18:01:01.750+0000] {dag.py:3239} INFO - Sync 1 DAGs
[2025-01-16T18:01:01.783+0000] {logging_mixin.py:190} INFO - [2025-01-16T18:01:01.782+0000] {dag.py:4180} INFO - Setting next_dagrun for example_branch_dop_operator_v3 to 2025-01-16 18:00:00+00:00, run_after=2025-01-16 18:01:00+00:00
[2025-01-16T18:01:01.809+0000] {processor.py:208} INFO - Processing /home/airflow/.local/lib/python3.12/site-packages/airflow/example_dags/example_branch_python_dop_operator_3.py took 0.098 seconds
[2025-01-16T18:01:32.092+0000] {processor.py:186} INFO - Started process (PID=608) to work on /home/airflow/.local/lib/python3.12/site-packages/airflow/example_dags/example_branch_python_dop_operator_3.py
[2025-01-16T18:01:32.096+0000] {processor.py:914} INFO - Processing file /home/airflow/.local/lib/python3.12/site-packages/airflow/example_dags/example_branch_python_dop_operator_3.py for tasks to queue
[2025-01-16T18:01:32.100+0000] {logging_mixin.py:190} INFO - [2025-01-16T18:01:32.099+0000] {dagbag.py:588} INFO - Filling up the DagBag from /home/airflow/.local/lib/python3.12/site-packages/airflow/example_dags/example_branch_python_dop_operator_3.py
[2025-01-16T18:01:32.118+0000] {processor.py:925} INFO - DAG(s) 'example_branch_dop_operator_v3' retrieved from /home/airflow/.local/lib/python3.12/site-packages/airflow/example_dags/example_branch_python_dop_operator_3.py
[2025-01-16T18:01:32.154+0000] {logging_mixin.py:190} INFO - [2025-01-16T18:01:32.153+0000] {dag.py:3239} INFO - Sync 1 DAGs
[2025-01-16T18:01:32.202+0000] {logging_mixin.py:190} INFO - [2025-01-16T18:01:32.202+0000] {dag.py:4180} INFO - Setting next_dagrun for example_branch_dop_operator_v3 to 2025-01-16 18:00:00+00:00, run_after=2025-01-16 18:01:00+00:00
[2025-01-16T18:01:32.254+0000] {processor.py:208} INFO - Processing /home/airflow/.local/lib/python3.12/site-packages/airflow/example_dags/example_branch_python_dop_operator_3.py took 0.172 seconds
[2025-01-16T18:02:02.403+0000] {processor.py:186} INFO - Started process (PID=673) to work on /home/airflow/.local/lib/python3.12/site-packages/airflow/example_dags/example_branch_python_dop_operator_3.py
[2025-01-16T18:02:02.405+0000] {processor.py:914} INFO - Processing file /home/airflow/.local/lib/python3.12/site-packages/airflow/example_dags/example_branch_python_dop_operator_3.py for tasks to queue
[2025-01-16T18:02:02.408+0000] {logging_mixin.py:190} INFO - [2025-01-16T18:02:02.407+0000] {dagbag.py:588} INFO - Filling up the DagBag from /home/airflow/.local/lib/python3.12/site-packages/airflow/example_dags/example_branch_python_dop_operator_3.py
[2025-01-16T18:02:02.424+0000] {processor.py:925} INFO - DAG(s) 'example_branch_dop_operator_v3' retrieved from /home/airflow/.local/lib/python3.12/site-packages/airflow/example_dags/example_branch_python_dop_operator_3.py
[2025-01-16T18:02:02.451+0000] {logging_mixin.py:190} INFO - [2025-01-16T18:02:02.451+0000] {dag.py:3239} INFO - Sync 1 DAGs
[2025-01-16T18:02:02.486+0000] {logging_mixin.py:190} INFO - [2025-01-16T18:02:02.486+0000] {dag.py:4180} INFO - Setting next_dagrun for example_branch_dop_operator_v3 to 2025-01-16 18:01:00+00:00, run_after=2025-01-16 18:02:00+00:00
[2025-01-16T18:02:02.509+0000] {processor.py:208} INFO - Processing /home/airflow/.local/lib/python3.12/site-packages/airflow/example_dags/example_branch_python_dop_operator_3.py took 0.114 seconds
[2025-01-16T18:02:33.072+0000] {processor.py:186} INFO - Started process (PID=739) to work on /home/airflow/.local/lib/python3.12/site-packages/airflow/example_dags/example_branch_python_dop_operator_3.py
[2025-01-16T18:02:33.073+0000] {processor.py:914} INFO - Processing file /home/airflow/.local/lib/python3.12/site-packages/airflow/example_dags/example_branch_python_dop_operator_3.py for tasks to queue
[2025-01-16T18:02:33.076+0000] {logging_mixin.py:190} INFO - [2025-01-16T18:02:33.075+0000] {dagbag.py:588} INFO - Filling up the DagBag from /home/airflow/.local/lib/python3.12/site-packages/airflow/example_dags/example_branch_python_dop_operator_3.py
[2025-01-16T18:02:33.089+0000] {processor.py:925} INFO - DAG(s) 'example_branch_dop_operator_v3' retrieved from /home/airflow/.local/lib/python3.12/site-packages/airflow/example_dags/example_branch_python_dop_operator_3.py
[2025-01-16T18:02:33.110+0000] {logging_mixin.py:190} INFO - [2025-01-16T18:02:33.109+0000] {dag.py:3239} INFO - Sync 1 DAGs
[2025-01-16T18:02:33.143+0000] {logging_mixin.py:190} INFO - [2025-01-16T18:02:33.142+0000] {dag.py:4180} INFO - Setting next_dagrun for example_branch_dop_operator_v3 to 2025-01-16 18:01:00+00:00, run_after=2025-01-16 18:02:00+00:00
[2025-01-16T18:02:33.163+0000] {processor.py:208} INFO - Processing /home/airflow/.local/lib/python3.12/site-packages/airflow/example_dags/example_branch_python_dop_operator_3.py took 0.098 seconds
[2025-01-16T18:03:03.405+0000] {processor.py:186} INFO - Started process (PID=804) to work on /home/airflow/.local/lib/python3.12/site-packages/airflow/example_dags/example_branch_python_dop_operator_3.py
[2025-01-16T18:03:03.407+0000] {processor.py:914} INFO - Processing file /home/airflow/.local/lib/python3.12/site-packages/airflow/example_dags/example_branch_python_dop_operator_3.py for tasks to queue
[2025-01-16T18:03:03.410+0000] {logging_mixin.py:190} INFO - [2025-01-16T18:03:03.410+0000] {dagbag.py:588} INFO - Filling up the DagBag from /home/airflow/.local/lib/python3.12/site-packages/airflow/example_dags/example_branch_python_dop_operator_3.py
[2025-01-16T18:03:03.424+0000] {processor.py:925} INFO - DAG(s) 'example_branch_dop_operator_v3' retrieved from /home/airflow/.local/lib/python3.12/site-packages/airflow/example_dags/example_branch_python_dop_operator_3.py
[2025-01-16T18:03:03.442+0000] {logging_mixin.py:190} INFO - [2025-01-16T18:03:03.442+0000] {dag.py:3239} INFO - Sync 1 DAGs
[2025-01-16T18:03:03.471+0000] {logging_mixin.py:190} INFO - [2025-01-16T18:03:03.471+0000] {dag.py:4180} INFO - Setting next_dagrun for example_branch_dop_operator_v3 to 2025-01-16 18:02:00+00:00, run_after=2025-01-16 18:03:00+00:00
[2025-01-16T18:03:03.491+0000] {processor.py:208} INFO - Processing /home/airflow/.local/lib/python3.12/site-packages/airflow/example_dags/example_branch_python_dop_operator_3.py took 0.091 seconds
[2025-01-16T18:03:33.853+0000] {processor.py:186} INFO - Started process (PID=869) to work on /home/airflow/.local/lib/python3.12/site-packages/airflow/example_dags/example_branch_python_dop_operator_3.py
[2025-01-16T18:03:33.854+0000] {processor.py:914} INFO - Processing file /home/airflow/.local/lib/python3.12/site-packages/airflow/example_dags/example_branch_python_dop_operator_3.py for tasks to queue
[2025-01-16T18:03:33.857+0000] {logging_mixin.py:190} INFO - [2025-01-16T18:03:33.857+0000] {dagbag.py:588} INFO - Filling up the DagBag from /home/airflow/.local/lib/python3.12/site-packages/airflow/example_dags/example_branch_python_dop_operator_3.py
[2025-01-16T18:03:33.871+0000] {processor.py:925} INFO - DAG(s) 'example_branch_dop_operator_v3' retrieved from /home/airflow/.local/lib/python3.12/site-packages/airflow/example_dags/example_branch_python_dop_operator_3.py
[2025-01-16T18:03:33.898+0000] {logging_mixin.py:190} INFO - [2025-01-16T18:03:33.898+0000] {dag.py:3239} INFO - Sync 1 DAGs
[2025-01-16T18:03:33.937+0000] {logging_mixin.py:190} INFO - [2025-01-16T18:03:33.937+0000] {dag.py:4180} INFO - Setting next_dagrun for example_branch_dop_operator_v3 to 2025-01-16 18:02:00+00:00, run_after=2025-01-16 18:03:00+00:00
[2025-01-16T18:03:33.964+0000] {processor.py:208} INFO - Processing /home/airflow/.local/lib/python3.12/site-packages/airflow/example_dags/example_branch_python_dop_operator_3.py took 0.118 seconds
[2025-01-16T18:04:04.389+0000] {processor.py:186} INFO - Started process (PID=934) to work on /home/airflow/.local/lib/python3.12/site-packages/airflow/example_dags/example_branch_python_dop_operator_3.py
[2025-01-16T18:04:04.390+0000] {processor.py:914} INFO - Processing file /home/airflow/.local/lib/python3.12/site-packages/airflow/example_dags/example_branch_python_dop_operator_3.py for tasks to queue
[2025-01-16T18:04:04.393+0000] {logging_mixin.py:190} INFO - [2025-01-16T18:04:04.393+0000] {dagbag.py:588} INFO - Filling up the DagBag from /home/airflow/.local/lib/python3.12/site-packages/airflow/example_dags/example_branch_python_dop_operator_3.py
[2025-01-16T18:04:04.405+0000] {processor.py:925} INFO - DAG(s) 'example_branch_dop_operator_v3' retrieved from /home/airflow/.local/lib/python3.12/site-packages/airflow/example_dags/example_branch_python_dop_operator_3.py
[2025-01-16T18:04:04.427+0000] {logging_mixin.py:190} INFO - [2025-01-16T18:04:04.427+0000] {dag.py:3239} INFO - Sync 1 DAGs
[2025-01-16T18:04:04.454+0000] {logging_mixin.py:190} INFO - [2025-01-16T18:04:04.454+0000] {dag.py:4180} INFO - Setting next_dagrun for example_branch_dop_operator_v3 to 2025-01-16 18:03:00+00:00, run_after=2025-01-16 18:04:00+00:00
[2025-01-16T18:04:04.473+0000] {processor.py:208} INFO - Processing /home/airflow/.local/lib/python3.12/site-packages/airflow/example_dags/example_branch_python_dop_operator_3.py took 0.089 seconds
[2025-01-16T18:04:34.800+0000] {processor.py:186} INFO - Started process (PID=999) to work on /home/airflow/.local/lib/python3.12/site-packages/airflow/example_dags/example_branch_python_dop_operator_3.py
[2025-01-16T18:04:34.802+0000] {processor.py:914} INFO - Processing file /home/airflow/.local/lib/python3.12/site-packages/airflow/example_dags/example_branch_python_dop_operator_3.py for tasks to queue
[2025-01-16T18:04:34.806+0000] {logging_mixin.py:190} INFO - [2025-01-16T18:04:34.806+0000] {dagbag.py:588} INFO - Filling up the DagBag from /home/airflow/.local/lib/python3.12/site-packages/airflow/example_dags/example_branch_python_dop_operator_3.py
[2025-01-16T18:04:34.819+0000] {processor.py:925} INFO - DAG(s) 'example_branch_dop_operator_v3' retrieved from /home/airflow/.local/lib/python3.12/site-packages/airflow/example_dags/example_branch_python_dop_operator_3.py
[2025-01-16T18:04:34.846+0000] {logging_mixin.py:190} INFO - [2025-01-16T18:04:34.846+0000] {dag.py:3239} INFO - Sync 1 DAGs
[2025-01-16T18:04:34.879+0000] {logging_mixin.py:190} INFO - [2025-01-16T18:04:34.878+0000] {dag.py:4180} INFO - Setting next_dagrun for example_branch_dop_operator_v3 to 2025-01-16 18:03:00+00:00, run_after=2025-01-16 18:04:00+00:00
[2025-01-16T18:04:34.902+0000] {processor.py:208} INFO - Processing /home/airflow/.local/lib/python3.12/site-packages/airflow/example_dags/example_branch_python_dop_operator_3.py took 0.107 seconds
[2025-01-16T18:05:05.407+0000] {processor.py:186} INFO - Started process (PID=1064) to work on /home/airflow/.local/lib/python3.12/site-packages/airflow/example_dags/example_branch_python_dop_operator_3.py
[2025-01-16T18:05:05.410+0000] {processor.py:914} INFO - Processing file /home/airflow/.local/lib/python3.12/site-packages/airflow/example_dags/example_branch_python_dop_operator_3.py for tasks to queue
[2025-01-16T18:05:05.414+0000] {logging_mixin.py:190} INFO - [2025-01-16T18:05:05.413+0000] {dagbag.py:588} INFO - Filling up the DagBag from /home/airflow/.local/lib/python3.12/site-packages/airflow/example_dags/example_branch_python_dop_operator_3.py
[2025-01-16T18:05:05.432+0000] {processor.py:925} INFO - DAG(s) 'example_branch_dop_operator_v3' retrieved from /home/airflow/.local/lib/python3.12/site-packages/airflow/example_dags/example_branch_python_dop_operator_3.py
[2025-01-16T18:05:05.460+0000] {logging_mixin.py:190} INFO - [2025-01-16T18:05:05.460+0000] {dag.py:3239} INFO - Sync 1 DAGs
[2025-01-16T18:05:05.495+0000] {logging_mixin.py:190} INFO - [2025-01-16T18:05:05.495+0000] {dag.py:4180} INFO - Setting next_dagrun for example_branch_dop_operator_v3 to 2025-01-16 18:04:00+00:00, run_after=2025-01-16 18:05:00+00:00
[2025-01-16T18:05:05.519+0000] {processor.py:208} INFO - Processing /home/airflow/.local/lib/python3.12/site-packages/airflow/example_dags/example_branch_python_dop_operator_3.py took 0.120 seconds
[2025-01-16T18:05:35.869+0000] {processor.py:186} INFO - Started process (PID=1129) to work on /home/airflow/.local/lib/python3.12/site-packages/airflow/example_dags/example_branch_python_dop_operator_3.py
[2025-01-16T18:05:35.871+0000] {processor.py:914} INFO - Processing file /home/airflow/.local/lib/python3.12/site-packages/airflow/example_dags/example_branch_python_dop_operator_3.py for tasks to queue
[2025-01-16T18:05:35.873+0000] {logging_mixin.py:190} INFO - [2025-01-16T18:05:35.873+0000] {dagbag.py:588} INFO - Filling up the DagBag from /home/airflow/.local/lib/python3.12/site-packages/airflow/example_dags/example_branch_python_dop_operator_3.py
[2025-01-16T18:05:35.888+0000] {processor.py:925} INFO - DAG(s) 'example_branch_dop_operator_v3' retrieved from /home/airflow/.local/lib/python3.12/site-packages/airflow/example_dags/example_branch_python_dop_operator_3.py
[2025-01-16T18:05:35.912+0000] {logging_mixin.py:190} INFO - [2025-01-16T18:05:35.912+0000] {dag.py:3239} INFO - Sync 1 DAGs
[2025-01-16T18:05:35.950+0000] {logging_mixin.py:190} INFO - [2025-01-16T18:05:35.949+0000] {dag.py:4180} INFO - Setting next_dagrun for example_branch_dop_operator_v3 to 2025-01-16 18:04:00+00:00, run_after=2025-01-16 18:05:00+00:00
[2025-01-16T18:05:35.977+0000] {processor.py:208} INFO - Processing /home/airflow/.local/lib/python3.12/site-packages/airflow/example_dags/example_branch_python_dop_operator_3.py took 0.117 seconds
[2025-01-16T18:06:06.380+0000] {processor.py:186} INFO - Started process (PID=1194) to work on /home/airflow/.local/lib/python3.12/site-packages/airflow/example_dags/example_branch_python_dop_operator_3.py
[2025-01-16T18:06:06.381+0000] {processor.py:914} INFO - Processing file /home/airflow/.local/lib/python3.12/site-packages/airflow/example_dags/example_branch_python_dop_operator_3.py for tasks to queue
[2025-01-16T18:06:06.385+0000] {logging_mixin.py:190} INFO - [2025-01-16T18:06:06.384+0000] {dagbag.py:588} INFO - Filling up the DagBag from /home/airflow/.local/lib/python3.12/site-packages/airflow/example_dags/example_branch_python_dop_operator_3.py
[2025-01-16T18:06:06.400+0000] {processor.py:925} INFO - DAG(s) 'example_branch_dop_operator_v3' retrieved from /home/airflow/.local/lib/python3.12/site-packages/airflow/example_dags/example_branch_python_dop_operator_3.py
[2025-01-16T18:06:06.427+0000] {logging_mixin.py:190} INFO - [2025-01-16T18:06:06.426+0000] {dag.py:3239} INFO - Sync 1 DAGs
[2025-01-16T18:06:06.464+0000] {logging_mixin.py:190} INFO - [2025-01-16T18:06:06.463+0000] {dag.py:4180} INFO - Setting next_dagrun for example_branch_dop_operator_v3 to 2025-01-16 18:05:00+00:00, run_after=2025-01-16 18:06:00+00:00
[2025-01-16T18:06:06.493+0000] {processor.py:208} INFO - Processing /home/airflow/.local/lib/python3.12/site-packages/airflow/example_dags/example_branch_python_dop_operator_3.py took 0.120 seconds
[2025-01-16T18:06:36.620+0000] {processor.py:186} INFO - Started process (PID=1259) to work on /home/airflow/.local/lib/python3.12/site-packages/airflow/example_dags/example_branch_python_dop_operator_3.py
[2025-01-16T18:06:36.621+0000] {processor.py:914} INFO - Processing file /home/airflow/.local/lib/python3.12/site-packages/airflow/example_dags/example_branch_python_dop_operator_3.py for tasks to queue
[2025-01-16T18:06:36.624+0000] {logging_mixin.py:190} INFO - [2025-01-16T18:06:36.623+0000] {dagbag.py:588} INFO - Filling up the DagBag from /home/airflow/.local/lib/python3.12/site-packages/airflow/example_dags/example_branch_python_dop_operator_3.py
[2025-01-16T18:06:36.635+0000] {processor.py:925} INFO - DAG(s) 'example_branch_dop_operator_v3' retrieved from /home/airflow/.local/lib/python3.12/site-packages/airflow/example_dags/example_branch_python_dop_operator_3.py
[2025-01-16T18:06:36.661+0000] {logging_mixin.py:190} INFO - [2025-01-16T18:06:36.660+0000] {dag.py:3239} INFO - Sync 1 DAGs
[2025-01-16T18:06:36.696+0000] {logging_mixin.py:190} INFO - [2025-01-16T18:06:36.696+0000] {dag.py:4180} INFO - Setting next_dagrun for example_branch_dop_operator_v3 to 2025-01-16 18:05:00+00:00, run_after=2025-01-16 18:06:00+00:00
[2025-01-16T18:06:36.727+0000] {processor.py:208} INFO - Processing /home/airflow/.local/lib/python3.12/site-packages/airflow/example_dags/example_branch_python_dop_operator_3.py took 0.113 seconds
