[2025-01-16T17:57:29.978+0000] {processor.py:186} INFO - Started process (PID=95) to work on /home/airflow/.local/lib/python3.12/site-packages/airflow/example_dags/example_dataset_alias_with_no_taskflow.py
[2025-01-16T17:57:29.980+0000] {processor.py:914} INFO - Processing file /home/airflow/.local/lib/python3.12/site-packages/airflow/example_dags/example_dataset_alias_with_no_taskflow.py for tasks to queue
[2025-01-16T17:57:29.987+0000] {logging_mixin.py:190} INFO - [2025-01-16T17:57:29.986+0000] {dagbag.py:588} INFO - Filling up the DagBag from /home/airflow/.local/lib/python3.12/site-packages/airflow/example_dags/example_dataset_alias_with_no_taskflow.py
[2025-01-16T17:57:31.003+0000] {processor.py:925} INFO - DAG(s) 'dataset_alias_example_alias_consumer_with_no_taskflow', 'dataset_s3_bucket_producer_with_no_taskflow', 'dataset_s3_bucket_consumer_with_no_taskflow', 'dataset_alias_example_alias_producer_with_no_taskflow' retrieved from /home/airflow/.local/lib/python3.12/site-packages/airflow/example_dags/example_dataset_alias_with_no_taskflow.py
[2025-01-16T17:57:31.119+0000] {logging_mixin.py:190} INFO - [2025-01-16T17:57:31.118+0000] {override.py:1911} INFO - Created Permission View: can edit on DAG:dataset_alias_example_alias_consumer_with_no_taskflow
[2025-01-16T17:57:31.135+0000] {logging_mixin.py:190} INFO - [2025-01-16T17:57:31.135+0000] {override.py:1911} INFO - Created Permission View: can read on DAG:dataset_alias_example_alias_consumer_with_no_taskflow
[2025-01-16T17:57:31.146+0000] {logging_mixin.py:190} INFO - [2025-01-16T17:57:31.146+0000] {override.py:1911} INFO - Created Permission View: can delete on DAG:dataset_alias_example_alias_consumer_with_no_taskflow
[2025-01-16T17:57:31.159+0000] {logging_mixin.py:190} INFO - [2025-01-16T17:57:31.159+0000] {override.py:1911} INFO - Created Permission View: can create on DAG Run:dataset_alias_example_alias_consumer_with_no_taskflow
[2025-01-16T17:57:31.166+0000] {logging_mixin.py:190} INFO - [2025-01-16T17:57:31.165+0000] {override.py:1911} INFO - Created Permission View: can delete on DAG Run:dataset_alias_example_alias_consumer_with_no_taskflow
[2025-01-16T17:57:31.175+0000] {logging_mixin.py:190} INFO - [2025-01-16T17:57:31.174+0000] {override.py:1911} INFO - Created Permission View: can read on DAG Run:dataset_alias_example_alias_consumer_with_no_taskflow
[2025-01-16T17:57:31.182+0000] {logging_mixin.py:190} INFO - [2025-01-16T17:57:31.181+0000] {override.py:1911} INFO - Created Permission View: menu access on DAG Run:dataset_alias_example_alias_consumer_with_no_taskflow
[2025-01-16T17:57:31.196+0000] {logging_mixin.py:190} INFO - [2025-01-16T17:57:31.196+0000] {override.py:1911} INFO - Created Permission View: can edit on DAG:dataset_s3_bucket_producer_with_no_taskflow
[2025-01-16T17:57:31.205+0000] {logging_mixin.py:190} INFO - [2025-01-16T17:57:31.205+0000] {override.py:1911} INFO - Created Permission View: can read on DAG:dataset_s3_bucket_producer_with_no_taskflow
[2025-01-16T17:57:31.213+0000] {logging_mixin.py:190} INFO - [2025-01-16T17:57:31.212+0000] {override.py:1911} INFO - Created Permission View: can delete on DAG:dataset_s3_bucket_producer_with_no_taskflow
[2025-01-16T17:57:31.222+0000] {logging_mixin.py:190} INFO - [2025-01-16T17:57:31.222+0000] {override.py:1911} INFO - Created Permission View: can create on DAG Run:dataset_s3_bucket_producer_with_no_taskflow
[2025-01-16T17:57:31.229+0000] {logging_mixin.py:190} INFO - [2025-01-16T17:57:31.229+0000] {override.py:1911} INFO - Created Permission View: can delete on DAG Run:dataset_s3_bucket_producer_with_no_taskflow
[2025-01-16T17:57:31.238+0000] {logging_mixin.py:190} INFO - [2025-01-16T17:57:31.237+0000] {override.py:1911} INFO - Created Permission View: can read on DAG Run:dataset_s3_bucket_producer_with_no_taskflow
[2025-01-16T17:57:31.246+0000] {logging_mixin.py:190} INFO - [2025-01-16T17:57:31.246+0000] {override.py:1911} INFO - Created Permission View: menu access on DAG Run:dataset_s3_bucket_producer_with_no_taskflow
[2025-01-16T17:57:31.261+0000] {logging_mixin.py:190} INFO - [2025-01-16T17:57:31.261+0000] {override.py:1911} INFO - Created Permission View: can edit on DAG:dataset_s3_bucket_consumer_with_no_taskflow
[2025-01-16T17:57:31.271+0000] {logging_mixin.py:190} INFO - [2025-01-16T17:57:31.271+0000] {override.py:1911} INFO - Created Permission View: can read on DAG:dataset_s3_bucket_consumer_with_no_taskflow
[2025-01-16T17:57:31.279+0000] {logging_mixin.py:190} INFO - [2025-01-16T17:57:31.279+0000] {override.py:1911} INFO - Created Permission View: can delete on DAG:dataset_s3_bucket_consumer_with_no_taskflow
[2025-01-16T17:57:31.289+0000] {logging_mixin.py:190} INFO - [2025-01-16T17:57:31.288+0000] {override.py:1911} INFO - Created Permission View: can create on DAG Run:dataset_s3_bucket_consumer_with_no_taskflow
[2025-01-16T17:57:31.297+0000] {logging_mixin.py:190} INFO - [2025-01-16T17:57:31.296+0000] {override.py:1911} INFO - Created Permission View: can delete on DAG Run:dataset_s3_bucket_consumer_with_no_taskflow
[2025-01-16T17:57:31.307+0000] {logging_mixin.py:190} INFO - [2025-01-16T17:57:31.306+0000] {override.py:1911} INFO - Created Permission View: can read on DAG Run:dataset_s3_bucket_consumer_with_no_taskflow
[2025-01-16T17:57:31.314+0000] {logging_mixin.py:190} INFO - [2025-01-16T17:57:31.314+0000] {override.py:1911} INFO - Created Permission View: menu access on DAG Run:dataset_s3_bucket_consumer_with_no_taskflow
[2025-01-16T17:57:31.338+0000] {logging_mixin.py:190} INFO - [2025-01-16T17:57:31.338+0000] {override.py:1911} INFO - Created Permission View: can edit on DAG:dataset_alias_example_alias_producer_with_no_taskflow
[2025-01-16T17:57:31.348+0000] {logging_mixin.py:190} INFO - [2025-01-16T17:57:31.347+0000] {override.py:1911} INFO - Created Permission View: can read on DAG:dataset_alias_example_alias_producer_with_no_taskflow
[2025-01-16T17:57:31.357+0000] {logging_mixin.py:190} INFO - [2025-01-16T17:57:31.356+0000] {override.py:1911} INFO - Created Permission View: can delete on DAG:dataset_alias_example_alias_producer_with_no_taskflow
[2025-01-16T17:57:31.365+0000] {logging_mixin.py:190} INFO - [2025-01-16T17:57:31.365+0000] {override.py:1911} INFO - Created Permission View: can create on DAG Run:dataset_alias_example_alias_producer_with_no_taskflow
[2025-01-16T17:57:31.375+0000] {logging_mixin.py:190} INFO - [2025-01-16T17:57:31.375+0000] {override.py:1911} INFO - Created Permission View: can delete on DAG Run:dataset_alias_example_alias_producer_with_no_taskflow
[2025-01-16T17:57:31.384+0000] {logging_mixin.py:190} INFO - [2025-01-16T17:57:31.383+0000] {override.py:1911} INFO - Created Permission View: can read on DAG Run:dataset_alias_example_alias_producer_with_no_taskflow
[2025-01-16T17:57:31.395+0000] {logging_mixin.py:190} INFO - [2025-01-16T17:57:31.394+0000] {override.py:1911} INFO - Created Permission View: menu access on DAG Run:dataset_alias_example_alias_producer_with_no_taskflow
[2025-01-16T17:57:31.396+0000] {logging_mixin.py:190} INFO - [2025-01-16T17:57:31.395+0000] {dag.py:3239} INFO - Sync 4 DAGs
[2025-01-16T17:57:31.413+0000] {logging_mixin.py:190} INFO - [2025-01-16T17:57:31.412+0000] {dag.py:3262} INFO - Creating ORM DAG for dataset_alias_example_alias_producer_with_no_taskflow
[2025-01-16T17:57:31.414+0000] {logging_mixin.py:190} INFO - [2025-01-16T17:57:31.414+0000] {dag.py:3262} INFO - Creating ORM DAG for dataset_s3_bucket_consumer_with_no_taskflow
[2025-01-16T17:57:31.415+0000] {logging_mixin.py:190} INFO - [2025-01-16T17:57:31.415+0000] {dag.py:3262} INFO - Creating ORM DAG for dataset_s3_bucket_producer_with_no_taskflow
[2025-01-16T17:57:31.416+0000] {logging_mixin.py:190} INFO - [2025-01-16T17:57:31.416+0000] {dag.py:3262} INFO - Creating ORM DAG for dataset_alias_example_alias_consumer_with_no_taskflow
[2025-01-16T17:57:31.428+0000] {logging_mixin.py:190} INFO - [2025-01-16T17:57:31.428+0000] {dag.py:4180} INFO - Setting next_dagrun for dataset_alias_example_alias_consumer_with_no_taskflow to None, run_after=None
[2025-01-16T17:57:31.430+0000] {logging_mixin.py:190} INFO - [2025-01-16T17:57:31.429+0000] {dag.py:4180} INFO - Setting next_dagrun for dataset_alias_example_alias_producer_with_no_taskflow to None, run_after=None
[2025-01-16T17:57:31.430+0000] {logging_mixin.py:190} INFO - [2025-01-16T17:57:31.430+0000] {dag.py:4180} INFO - Setting next_dagrun for dataset_s3_bucket_consumer_with_no_taskflow to None, run_after=None
[2025-01-16T17:57:31.431+0000] {logging_mixin.py:190} INFO - [2025-01-16T17:57:31.431+0000] {dag.py:4180} INFO - Setting next_dagrun for dataset_s3_bucket_producer_with_no_taskflow to None, run_after=None
[2025-01-16T17:57:31.471+0000] {processor.py:208} INFO - Processing /home/airflow/.local/lib/python3.12/site-packages/airflow/example_dags/example_dataset_alias_with_no_taskflow.py took 1.508 seconds
[2025-01-16T17:58:02.180+0000] {processor.py:186} INFO - Started process (PID=162) to work on /home/airflow/.local/lib/python3.12/site-packages/airflow/example_dags/example_dataset_alias_with_no_taskflow.py
[2025-01-16T17:58:02.181+0000] {processor.py:914} INFO - Processing file /home/airflow/.local/lib/python3.12/site-packages/airflow/example_dags/example_dataset_alias_with_no_taskflow.py for tasks to queue
[2025-01-16T17:58:02.184+0000] {logging_mixin.py:190} INFO - [2025-01-16T17:58:02.183+0000] {dagbag.py:588} INFO - Filling up the DagBag from /home/airflow/.local/lib/python3.12/site-packages/airflow/example_dags/example_dataset_alias_with_no_taskflow.py
[2025-01-16T17:58:03.045+0000] {processor.py:925} INFO - DAG(s) 'dataset_alias_example_alias_producer_with_no_taskflow', 'dataset_alias_example_alias_consumer_with_no_taskflow', 'dataset_s3_bucket_consumer_with_no_taskflow', 'dataset_s3_bucket_producer_with_no_taskflow' retrieved from /home/airflow/.local/lib/python3.12/site-packages/airflow/example_dags/example_dataset_alias_with_no_taskflow.py
[2025-01-16T17:58:03.074+0000] {logging_mixin.py:190} INFO - [2025-01-16T17:58:03.073+0000] {dag.py:3239} INFO - Sync 4 DAGs
[2025-01-16T17:58:03.098+0000] {logging_mixin.py:190} INFO - [2025-01-16T17:58:03.098+0000] {dag.py:4180} INFO - Setting next_dagrun for dataset_alias_example_alias_consumer_with_no_taskflow to None, run_after=None
[2025-01-16T17:58:03.102+0000] {logging_mixin.py:190} INFO - [2025-01-16T17:58:03.101+0000] {dag.py:4180} INFO - Setting next_dagrun for dataset_alias_example_alias_producer_with_no_taskflow to None, run_after=None
[2025-01-16T17:58:03.106+0000] {logging_mixin.py:190} INFO - [2025-01-16T17:58:03.105+0000] {dag.py:4180} INFO - Setting next_dagrun for dataset_s3_bucket_consumer_with_no_taskflow to None, run_after=None
[2025-01-16T17:58:03.108+0000] {logging_mixin.py:190} INFO - [2025-01-16T17:58:03.108+0000] {dag.py:4180} INFO - Setting next_dagrun for dataset_s3_bucket_producer_with_no_taskflow to None, run_after=None
[2025-01-16T17:58:03.148+0000] {processor.py:208} INFO - Processing /home/airflow/.local/lib/python3.12/site-packages/airflow/example_dags/example_dataset_alias_with_no_taskflow.py took 0.979 seconds
[2025-01-16T17:58:33.311+0000] {processor.py:186} INFO - Started process (PID=230) to work on /home/airflow/.local/lib/python3.12/site-packages/airflow/example_dags/example_dataset_alias_with_no_taskflow.py
[2025-01-16T17:58:33.313+0000] {processor.py:914} INFO - Processing file /home/airflow/.local/lib/python3.12/site-packages/airflow/example_dags/example_dataset_alias_with_no_taskflow.py for tasks to queue
[2025-01-16T17:58:33.316+0000] {logging_mixin.py:190} INFO - [2025-01-16T17:58:33.316+0000] {dagbag.py:588} INFO - Filling up the DagBag from /home/airflow/.local/lib/python3.12/site-packages/airflow/example_dags/example_dataset_alias_with_no_taskflow.py
[2025-01-16T17:58:34.085+0000] {processor.py:925} INFO - DAG(s) 'dataset_alias_example_alias_consumer_with_no_taskflow', 'dataset_alias_example_alias_producer_with_no_taskflow', 'dataset_s3_bucket_consumer_with_no_taskflow', 'dataset_s3_bucket_producer_with_no_taskflow' retrieved from /home/airflow/.local/lib/python3.12/site-packages/airflow/example_dags/example_dataset_alias_with_no_taskflow.py
[2025-01-16T17:58:34.112+0000] {logging_mixin.py:190} INFO - [2025-01-16T17:58:34.111+0000] {dag.py:3239} INFO - Sync 4 DAGs
[2025-01-16T17:58:34.137+0000] {logging_mixin.py:190} INFO - [2025-01-16T17:58:34.137+0000] {dag.py:4180} INFO - Setting next_dagrun for dataset_alias_example_alias_consumer_with_no_taskflow to None, run_after=None
[2025-01-16T17:58:34.141+0000] {logging_mixin.py:190} INFO - [2025-01-16T17:58:34.140+0000] {dag.py:4180} INFO - Setting next_dagrun for dataset_alias_example_alias_producer_with_no_taskflow to None, run_after=None
[2025-01-16T17:58:34.143+0000] {logging_mixin.py:190} INFO - [2025-01-16T17:58:34.143+0000] {dag.py:4180} INFO - Setting next_dagrun for dataset_s3_bucket_consumer_with_no_taskflow to None, run_after=None
[2025-01-16T17:58:34.145+0000] {logging_mixin.py:190} INFO - [2025-01-16T17:58:34.145+0000] {dag.py:4180} INFO - Setting next_dagrun for dataset_s3_bucket_producer_with_no_taskflow to None, run_after=None
[2025-01-16T17:58:34.170+0000] {processor.py:208} INFO - Processing /home/airflow/.local/lib/python3.12/site-packages/airflow/example_dags/example_dataset_alias_with_no_taskflow.py took 0.868 seconds
[2025-01-16T17:59:04.339+0000] {processor.py:186} INFO - Started process (PID=295) to work on /home/airflow/.local/lib/python3.12/site-packages/airflow/example_dags/example_dataset_alias_with_no_taskflow.py
[2025-01-16T17:59:04.340+0000] {processor.py:914} INFO - Processing file /home/airflow/.local/lib/python3.12/site-packages/airflow/example_dags/example_dataset_alias_with_no_taskflow.py for tasks to queue
[2025-01-16T17:59:04.342+0000] {logging_mixin.py:190} INFO - [2025-01-16T17:59:04.342+0000] {dagbag.py:588} INFO - Filling up the DagBag from /home/airflow/.local/lib/python3.12/site-packages/airflow/example_dags/example_dataset_alias_with_no_taskflow.py
[2025-01-16T17:59:04.962+0000] {processor.py:925} INFO - DAG(s) 'dataset_alias_example_alias_producer_with_no_taskflow', 'dataset_s3_bucket_producer_with_no_taskflow', 'dataset_s3_bucket_consumer_with_no_taskflow', 'dataset_alias_example_alias_consumer_with_no_taskflow' retrieved from /home/airflow/.local/lib/python3.12/site-packages/airflow/example_dags/example_dataset_alias_with_no_taskflow.py
[2025-01-16T17:59:04.990+0000] {logging_mixin.py:190} INFO - [2025-01-16T17:59:04.989+0000] {dag.py:3239} INFO - Sync 4 DAGs
[2025-01-16T17:59:05.023+0000] {logging_mixin.py:190} INFO - [2025-01-16T17:59:05.023+0000] {dag.py:4180} INFO - Setting next_dagrun for dataset_alias_example_alias_consumer_with_no_taskflow to None, run_after=None
[2025-01-16T17:59:05.028+0000] {logging_mixin.py:190} INFO - [2025-01-16T17:59:05.028+0000] {dag.py:4180} INFO - Setting next_dagrun for dataset_alias_example_alias_producer_with_no_taskflow to None, run_after=None
[2025-01-16T17:59:05.032+0000] {logging_mixin.py:190} INFO - [2025-01-16T17:59:05.031+0000] {dag.py:4180} INFO - Setting next_dagrun for dataset_s3_bucket_consumer_with_no_taskflow to None, run_after=None
[2025-01-16T17:59:05.035+0000] {logging_mixin.py:190} INFO - [2025-01-16T17:59:05.035+0000] {dag.py:4180} INFO - Setting next_dagrun for dataset_s3_bucket_producer_with_no_taskflow to None, run_after=None
[2025-01-16T17:59:05.066+0000] {processor.py:208} INFO - Processing /home/airflow/.local/lib/python3.12/site-packages/airflow/example_dags/example_dataset_alias_with_no_taskflow.py took 0.731 seconds
[2025-01-16T17:59:35.159+0000] {processor.py:186} INFO - Started process (PID=360) to work on /home/airflow/.local/lib/python3.12/site-packages/airflow/example_dags/example_dataset_alias_with_no_taskflow.py
[2025-01-16T17:59:35.160+0000] {processor.py:914} INFO - Processing file /home/airflow/.local/lib/python3.12/site-packages/airflow/example_dags/example_dataset_alias_with_no_taskflow.py for tasks to queue
[2025-01-16T17:59:35.162+0000] {logging_mixin.py:190} INFO - [2025-01-16T17:59:35.162+0000] {dagbag.py:588} INFO - Filling up the DagBag from /home/airflow/.local/lib/python3.12/site-packages/airflow/example_dags/example_dataset_alias_with_no_taskflow.py
[2025-01-16T17:59:35.930+0000] {processor.py:925} INFO - DAG(s) 'dataset_alias_example_alias_producer_with_no_taskflow', 'dataset_s3_bucket_producer_with_no_taskflow', 'dataset_alias_example_alias_consumer_with_no_taskflow', 'dataset_s3_bucket_consumer_with_no_taskflow' retrieved from /home/airflow/.local/lib/python3.12/site-packages/airflow/example_dags/example_dataset_alias_with_no_taskflow.py
[2025-01-16T17:59:35.963+0000] {logging_mixin.py:190} INFO - [2025-01-16T17:59:35.962+0000] {dag.py:3239} INFO - Sync 4 DAGs
[2025-01-16T17:59:35.991+0000] {logging_mixin.py:190} INFO - [2025-01-16T17:59:35.991+0000] {dag.py:4180} INFO - Setting next_dagrun for dataset_alias_example_alias_consumer_with_no_taskflow to None, run_after=None
[2025-01-16T17:59:35.994+0000] {logging_mixin.py:190} INFO - [2025-01-16T17:59:35.993+0000] {dag.py:4180} INFO - Setting next_dagrun for dataset_alias_example_alias_producer_with_no_taskflow to None, run_after=None
[2025-01-16T17:59:35.995+0000] {logging_mixin.py:190} INFO - [2025-01-16T17:59:35.995+0000] {dag.py:4180} INFO - Setting next_dagrun for dataset_s3_bucket_consumer_with_no_taskflow to None, run_after=None
[2025-01-16T17:59:35.997+0000] {logging_mixin.py:190} INFO - [2025-01-16T17:59:35.997+0000] {dag.py:4180} INFO - Setting next_dagrun for dataset_s3_bucket_producer_with_no_taskflow to None, run_after=None
[2025-01-16T17:59:36.025+0000] {processor.py:208} INFO - Processing /home/airflow/.local/lib/python3.12/site-packages/airflow/example_dags/example_dataset_alias_with_no_taskflow.py took 0.871 seconds
[2025-01-16T18:00:06.816+0000] {processor.py:186} INFO - Started process (PID=425) to work on /home/airflow/.local/lib/python3.12/site-packages/airflow/example_dags/example_dataset_alias_with_no_taskflow.py
[2025-01-16T18:00:06.818+0000] {processor.py:914} INFO - Processing file /home/airflow/.local/lib/python3.12/site-packages/airflow/example_dags/example_dataset_alias_with_no_taskflow.py for tasks to queue
[2025-01-16T18:00:06.822+0000] {logging_mixin.py:190} INFO - [2025-01-16T18:00:06.822+0000] {dagbag.py:588} INFO - Filling up the DagBag from /home/airflow/.local/lib/python3.12/site-packages/airflow/example_dags/example_dataset_alias_with_no_taskflow.py
[2025-01-16T18:00:07.502+0000] {processor.py:925} INFO - DAG(s) 'dataset_s3_bucket_consumer_with_no_taskflow', 'dataset_alias_example_alias_producer_with_no_taskflow', 'dataset_alias_example_alias_consumer_with_no_taskflow', 'dataset_s3_bucket_producer_with_no_taskflow' retrieved from /home/airflow/.local/lib/python3.12/site-packages/airflow/example_dags/example_dataset_alias_with_no_taskflow.py
[2025-01-16T18:00:07.536+0000] {logging_mixin.py:190} INFO - [2025-01-16T18:00:07.535+0000] {dag.py:3239} INFO - Sync 4 DAGs
[2025-01-16T18:00:07.574+0000] {logging_mixin.py:190} INFO - [2025-01-16T18:00:07.573+0000] {dag.py:4180} INFO - Setting next_dagrun for dataset_alias_example_alias_consumer_with_no_taskflow to None, run_after=None
[2025-01-16T18:00:07.578+0000] {logging_mixin.py:190} INFO - [2025-01-16T18:00:07.578+0000] {dag.py:4180} INFO - Setting next_dagrun for dataset_alias_example_alias_producer_with_no_taskflow to None, run_after=None
[2025-01-16T18:00:07.582+0000] {logging_mixin.py:190} INFO - [2025-01-16T18:00:07.581+0000] {dag.py:4180} INFO - Setting next_dagrun for dataset_s3_bucket_consumer_with_no_taskflow to None, run_after=None
[2025-01-16T18:00:07.585+0000] {logging_mixin.py:190} INFO - [2025-01-16T18:00:07.585+0000] {dag.py:4180} INFO - Setting next_dagrun for dataset_s3_bucket_producer_with_no_taskflow to None, run_after=None
[2025-01-16T18:00:07.625+0000] {processor.py:208} INFO - Processing /home/airflow/.local/lib/python3.12/site-packages/airflow/example_dags/example_dataset_alias_with_no_taskflow.py took 0.815 seconds
[2025-01-16T18:00:38.168+0000] {processor.py:186} INFO - Started process (PID=494) to work on /home/airflow/.local/lib/python3.12/site-packages/airflow/example_dags/example_dataset_alias_with_no_taskflow.py
[2025-01-16T18:00:38.169+0000] {processor.py:914} INFO - Processing file /home/airflow/.local/lib/python3.12/site-packages/airflow/example_dags/example_dataset_alias_with_no_taskflow.py for tasks to queue
[2025-01-16T18:00:38.171+0000] {logging_mixin.py:190} INFO - [2025-01-16T18:00:38.171+0000] {dagbag.py:588} INFO - Filling up the DagBag from /home/airflow/.local/lib/python3.12/site-packages/airflow/example_dags/example_dataset_alias_with_no_taskflow.py
[2025-01-16T18:00:38.919+0000] {processor.py:925} INFO - DAG(s) 'dataset_s3_bucket_producer_with_no_taskflow', 'dataset_alias_example_alias_consumer_with_no_taskflow', 'dataset_s3_bucket_consumer_with_no_taskflow', 'dataset_alias_example_alias_producer_with_no_taskflow' retrieved from /home/airflow/.local/lib/python3.12/site-packages/airflow/example_dags/example_dataset_alias_with_no_taskflow.py
[2025-01-16T18:00:38.954+0000] {logging_mixin.py:190} INFO - [2025-01-16T18:00:38.953+0000] {dag.py:3239} INFO - Sync 4 DAGs
[2025-01-16T18:00:38.985+0000] {logging_mixin.py:190} INFO - [2025-01-16T18:00:38.985+0000] {dag.py:4180} INFO - Setting next_dagrun for dataset_alias_example_alias_consumer_with_no_taskflow to None, run_after=None
[2025-01-16T18:00:38.989+0000] {logging_mixin.py:190} INFO - [2025-01-16T18:00:38.989+0000] {dag.py:4180} INFO - Setting next_dagrun for dataset_alias_example_alias_producer_with_no_taskflow to None, run_after=None
[2025-01-16T18:00:38.994+0000] {logging_mixin.py:190} INFO - [2025-01-16T18:00:38.993+0000] {dag.py:4180} INFO - Setting next_dagrun for dataset_s3_bucket_consumer_with_no_taskflow to None, run_after=None
[2025-01-16T18:00:38.996+0000] {logging_mixin.py:190} INFO - [2025-01-16T18:00:38.996+0000] {dag.py:4180} INFO - Setting next_dagrun for dataset_s3_bucket_producer_with_no_taskflow to None, run_after=None
[2025-01-16T18:00:39.061+0000] {processor.py:208} INFO - Processing /home/airflow/.local/lib/python3.12/site-packages/airflow/example_dags/example_dataset_alias_with_no_taskflow.py took 0.900 seconds
[2025-01-16T18:01:09.218+0000] {processor.py:186} INFO - Started process (PID=569) to work on /home/airflow/.local/lib/python3.12/site-packages/airflow/example_dags/example_dataset_alias_with_no_taskflow.py
[2025-01-16T18:01:09.219+0000] {processor.py:914} INFO - Processing file /home/airflow/.local/lib/python3.12/site-packages/airflow/example_dags/example_dataset_alias_with_no_taskflow.py for tasks to queue
[2025-01-16T18:01:09.222+0000] {logging_mixin.py:190} INFO - [2025-01-16T18:01:09.221+0000] {dagbag.py:588} INFO - Filling up the DagBag from /home/airflow/.local/lib/python3.12/site-packages/airflow/example_dags/example_dataset_alias_with_no_taskflow.py
[2025-01-16T18:01:09.908+0000] {processor.py:925} INFO - DAG(s) 'dataset_alias_example_alias_consumer_with_no_taskflow', 'dataset_s3_bucket_producer_with_no_taskflow', 'dataset_alias_example_alias_producer_with_no_taskflow', 'dataset_s3_bucket_consumer_with_no_taskflow' retrieved from /home/airflow/.local/lib/python3.12/site-packages/airflow/example_dags/example_dataset_alias_with_no_taskflow.py
[2025-01-16T18:01:09.946+0000] {logging_mixin.py:190} INFO - [2025-01-16T18:01:09.945+0000] {dag.py:3239} INFO - Sync 4 DAGs
[2025-01-16T18:01:09.979+0000] {logging_mixin.py:190} INFO - [2025-01-16T18:01:09.979+0000] {dag.py:4180} INFO - Setting next_dagrun for dataset_alias_example_alias_consumer_with_no_taskflow to None, run_after=None
[2025-01-16T18:01:09.984+0000] {logging_mixin.py:190} INFO - [2025-01-16T18:01:09.984+0000] {dag.py:4180} INFO - Setting next_dagrun for dataset_alias_example_alias_producer_with_no_taskflow to None, run_after=None
[2025-01-16T18:01:09.987+0000] {logging_mixin.py:190} INFO - [2025-01-16T18:01:09.987+0000] {dag.py:4180} INFO - Setting next_dagrun for dataset_s3_bucket_consumer_with_no_taskflow to None, run_after=None
[2025-01-16T18:01:09.989+0000] {logging_mixin.py:190} INFO - [2025-01-16T18:01:09.988+0000] {dag.py:4180} INFO - Setting next_dagrun for dataset_s3_bucket_producer_with_no_taskflow to None, run_after=None
[2025-01-16T18:01:10.021+0000] {processor.py:208} INFO - Processing /home/airflow/.local/lib/python3.12/site-packages/airflow/example_dags/example_dataset_alias_with_no_taskflow.py took 0.810 seconds
[2025-01-16T18:01:41.167+0000] {processor.py:186} INFO - Started process (PID=636) to work on /home/airflow/.local/lib/python3.12/site-packages/airflow/example_dags/example_dataset_alias_with_no_taskflow.py
[2025-01-16T18:01:41.169+0000] {processor.py:914} INFO - Processing file /home/airflow/.local/lib/python3.12/site-packages/airflow/example_dags/example_dataset_alias_with_no_taskflow.py for tasks to queue
[2025-01-16T18:01:41.174+0000] {logging_mixin.py:190} INFO - [2025-01-16T18:01:41.173+0000] {dagbag.py:588} INFO - Filling up the DagBag from /home/airflow/.local/lib/python3.12/site-packages/airflow/example_dags/example_dataset_alias_with_no_taskflow.py
[2025-01-16T18:01:42.390+0000] {processor.py:925} INFO - DAG(s) 'dataset_alias_example_alias_consumer_with_no_taskflow', 'dataset_s3_bucket_consumer_with_no_taskflow', 'dataset_s3_bucket_producer_with_no_taskflow', 'dataset_alias_example_alias_producer_with_no_taskflow' retrieved from /home/airflow/.local/lib/python3.12/site-packages/airflow/example_dags/example_dataset_alias_with_no_taskflow.py
[2025-01-16T18:01:42.441+0000] {logging_mixin.py:190} INFO - [2025-01-16T18:01:42.440+0000] {dag.py:3239} INFO - Sync 4 DAGs
[2025-01-16T18:01:42.478+0000] {logging_mixin.py:190} INFO - [2025-01-16T18:01:42.478+0000] {dag.py:4180} INFO - Setting next_dagrun for dataset_alias_example_alias_consumer_with_no_taskflow to None, run_after=None
[2025-01-16T18:01:42.485+0000] {logging_mixin.py:190} INFO - [2025-01-16T18:01:42.485+0000] {dag.py:4180} INFO - Setting next_dagrun for dataset_alias_example_alias_producer_with_no_taskflow to None, run_after=None
[2025-01-16T18:01:42.489+0000] {logging_mixin.py:190} INFO - [2025-01-16T18:01:42.489+0000] {dag.py:4180} INFO - Setting next_dagrun for dataset_s3_bucket_consumer_with_no_taskflow to None, run_after=None
[2025-01-16T18:01:42.492+0000] {logging_mixin.py:190} INFO - [2025-01-16T18:01:42.492+0000] {dag.py:4180} INFO - Setting next_dagrun for dataset_s3_bucket_producer_with_no_taskflow to None, run_after=None
[2025-01-16T18:01:42.542+0000] {processor.py:208} INFO - Processing /home/airflow/.local/lib/python3.12/site-packages/airflow/example_dags/example_dataset_alias_with_no_taskflow.py took 1.385 seconds
[2025-01-16T18:02:12.649+0000] {processor.py:186} INFO - Started process (PID=706) to work on /home/airflow/.local/lib/python3.12/site-packages/airflow/example_dags/example_dataset_alias_with_no_taskflow.py
[2025-01-16T18:02:12.650+0000] {processor.py:914} INFO - Processing file /home/airflow/.local/lib/python3.12/site-packages/airflow/example_dags/example_dataset_alias_with_no_taskflow.py for tasks to queue
[2025-01-16T18:02:12.653+0000] {logging_mixin.py:190} INFO - [2025-01-16T18:02:12.653+0000] {dagbag.py:588} INFO - Filling up the DagBag from /home/airflow/.local/lib/python3.12/site-packages/airflow/example_dags/example_dataset_alias_with_no_taskflow.py
[2025-01-16T18:02:13.490+0000] {processor.py:925} INFO - DAG(s) 'dataset_s3_bucket_consumer_with_no_taskflow', 'dataset_alias_example_alias_consumer_with_no_taskflow', 'dataset_s3_bucket_producer_with_no_taskflow', 'dataset_alias_example_alias_producer_with_no_taskflow' retrieved from /home/airflow/.local/lib/python3.12/site-packages/airflow/example_dags/example_dataset_alias_with_no_taskflow.py
[2025-01-16T18:02:13.525+0000] {logging_mixin.py:190} INFO - [2025-01-16T18:02:13.524+0000] {dag.py:3239} INFO - Sync 4 DAGs
[2025-01-16T18:02:13.562+0000] {logging_mixin.py:190} INFO - [2025-01-16T18:02:13.562+0000] {dag.py:4180} INFO - Setting next_dagrun for dataset_alias_example_alias_consumer_with_no_taskflow to None, run_after=None
[2025-01-16T18:02:13.567+0000] {logging_mixin.py:190} INFO - [2025-01-16T18:02:13.566+0000] {dag.py:4180} INFO - Setting next_dagrun for dataset_alias_example_alias_producer_with_no_taskflow to None, run_after=None
[2025-01-16T18:02:13.571+0000] {logging_mixin.py:190} INFO - [2025-01-16T18:02:13.570+0000] {dag.py:4180} INFO - Setting next_dagrun for dataset_s3_bucket_consumer_with_no_taskflow to None, run_after=None
[2025-01-16T18:02:13.574+0000] {logging_mixin.py:190} INFO - [2025-01-16T18:02:13.574+0000] {dag.py:4180} INFO - Setting next_dagrun for dataset_s3_bucket_producer_with_no_taskflow to None, run_after=None
[2025-01-16T18:02:13.604+0000] {processor.py:208} INFO - Processing /home/airflow/.local/lib/python3.12/site-packages/airflow/example_dags/example_dataset_alias_with_no_taskflow.py took 0.961 seconds
[2025-01-16T18:02:44.044+0000] {processor.py:186} INFO - Started process (PID=775) to work on /home/airflow/.local/lib/python3.12/site-packages/airflow/example_dags/example_dataset_alias_with_no_taskflow.py
[2025-01-16T18:02:44.046+0000] {processor.py:914} INFO - Processing file /home/airflow/.local/lib/python3.12/site-packages/airflow/example_dags/example_dataset_alias_with_no_taskflow.py for tasks to queue
[2025-01-16T18:02:44.051+0000] {logging_mixin.py:190} INFO - [2025-01-16T18:02:44.050+0000] {dagbag.py:588} INFO - Filling up the DagBag from /home/airflow/.local/lib/python3.12/site-packages/airflow/example_dags/example_dataset_alias_with_no_taskflow.py
[2025-01-16T18:02:44.828+0000] {processor.py:925} INFO - DAG(s) 'dataset_s3_bucket_producer_with_no_taskflow', 'dataset_alias_example_alias_producer_with_no_taskflow', 'dataset_alias_example_alias_consumer_with_no_taskflow', 'dataset_s3_bucket_consumer_with_no_taskflow' retrieved from /home/airflow/.local/lib/python3.12/site-packages/airflow/example_dags/example_dataset_alias_with_no_taskflow.py
[2025-01-16T18:02:44.856+0000] {logging_mixin.py:190} INFO - [2025-01-16T18:02:44.856+0000] {dag.py:3239} INFO - Sync 4 DAGs
[2025-01-16T18:02:44.882+0000] {logging_mixin.py:190} INFO - [2025-01-16T18:02:44.881+0000] {dag.py:4180} INFO - Setting next_dagrun for dataset_alias_example_alias_consumer_with_no_taskflow to None, run_after=None
[2025-01-16T18:02:44.886+0000] {logging_mixin.py:190} INFO - [2025-01-16T18:02:44.885+0000] {dag.py:4180} INFO - Setting next_dagrun for dataset_alias_example_alias_producer_with_no_taskflow to None, run_after=None
[2025-01-16T18:02:44.888+0000] {logging_mixin.py:190} INFO - [2025-01-16T18:02:44.887+0000] {dag.py:4180} INFO - Setting next_dagrun for dataset_s3_bucket_consumer_with_no_taskflow to None, run_after=None
[2025-01-16T18:02:44.890+0000] {logging_mixin.py:190} INFO - [2025-01-16T18:02:44.889+0000] {dag.py:4180} INFO - Setting next_dagrun for dataset_s3_bucket_producer_with_no_taskflow to None, run_after=None
[2025-01-16T18:02:44.928+0000] {processor.py:208} INFO - Processing /home/airflow/.local/lib/python3.12/site-packages/airflow/example_dags/example_dataset_alias_with_no_taskflow.py took 0.893 seconds
[2025-01-16T18:03:15.097+0000] {processor.py:186} INFO - Started process (PID=846) to work on /home/airflow/.local/lib/python3.12/site-packages/airflow/example_dags/example_dataset_alias_with_no_taskflow.py
[2025-01-16T18:03:15.099+0000] {processor.py:914} INFO - Processing file /home/airflow/.local/lib/python3.12/site-packages/airflow/example_dags/example_dataset_alias_with_no_taskflow.py for tasks to queue
[2025-01-16T18:03:15.104+0000] {logging_mixin.py:190} INFO - [2025-01-16T18:03:15.103+0000] {dagbag.py:588} INFO - Filling up the DagBag from /home/airflow/.local/lib/python3.12/site-packages/airflow/example_dags/example_dataset_alias_with_no_taskflow.py
[2025-01-16T18:03:15.748+0000] {processor.py:925} INFO - DAG(s) 'dataset_s3_bucket_producer_with_no_taskflow', 'dataset_alias_example_alias_producer_with_no_taskflow', 'dataset_s3_bucket_consumer_with_no_taskflow', 'dataset_alias_example_alias_consumer_with_no_taskflow' retrieved from /home/airflow/.local/lib/python3.12/site-packages/airflow/example_dags/example_dataset_alias_with_no_taskflow.py
[2025-01-16T18:03:15.771+0000] {logging_mixin.py:190} INFO - [2025-01-16T18:03:15.771+0000] {dag.py:3239} INFO - Sync 4 DAGs
[2025-01-16T18:03:15.792+0000] {logging_mixin.py:190} INFO - [2025-01-16T18:03:15.792+0000] {dag.py:4180} INFO - Setting next_dagrun for dataset_alias_example_alias_consumer_with_no_taskflow to None, run_after=None
[2025-01-16T18:03:15.796+0000] {logging_mixin.py:190} INFO - [2025-01-16T18:03:15.795+0000] {dag.py:4180} INFO - Setting next_dagrun for dataset_alias_example_alias_producer_with_no_taskflow to None, run_after=None
[2025-01-16T18:03:15.799+0000] {logging_mixin.py:190} INFO - [2025-01-16T18:03:15.798+0000] {dag.py:4180} INFO - Setting next_dagrun for dataset_s3_bucket_consumer_with_no_taskflow to None, run_after=None
[2025-01-16T18:03:15.801+0000] {logging_mixin.py:190} INFO - [2025-01-16T18:03:15.801+0000] {dag.py:4180} INFO - Setting next_dagrun for dataset_s3_bucket_producer_with_no_taskflow to None, run_after=None
[2025-01-16T18:03:15.838+0000] {processor.py:208} INFO - Processing /home/airflow/.local/lib/python3.12/site-packages/airflow/example_dags/example_dataset_alias_with_no_taskflow.py took 0.750 seconds
[2025-01-16T18:03:46.086+0000] {processor.py:186} INFO - Started process (PID=913) to work on /home/airflow/.local/lib/python3.12/site-packages/airflow/example_dags/example_dataset_alias_with_no_taskflow.py
[2025-01-16T18:03:46.088+0000] {processor.py:914} INFO - Processing file /home/airflow/.local/lib/python3.12/site-packages/airflow/example_dags/example_dataset_alias_with_no_taskflow.py for tasks to queue
[2025-01-16T18:03:46.091+0000] {logging_mixin.py:190} INFO - [2025-01-16T18:03:46.091+0000] {dagbag.py:588} INFO - Filling up the DagBag from /home/airflow/.local/lib/python3.12/site-packages/airflow/example_dags/example_dataset_alias_with_no_taskflow.py
[2025-01-16T18:03:46.890+0000] {processor.py:925} INFO - DAG(s) 'dataset_alias_example_alias_consumer_with_no_taskflow', 'dataset_alias_example_alias_producer_with_no_taskflow', 'dataset_s3_bucket_producer_with_no_taskflow', 'dataset_s3_bucket_consumer_with_no_taskflow' retrieved from /home/airflow/.local/lib/python3.12/site-packages/airflow/example_dags/example_dataset_alias_with_no_taskflow.py
[2025-01-16T18:03:46.918+0000] {logging_mixin.py:190} INFO - [2025-01-16T18:03:46.918+0000] {dag.py:3239} INFO - Sync 4 DAGs
[2025-01-16T18:03:46.947+0000] {logging_mixin.py:190} INFO - [2025-01-16T18:03:46.946+0000] {dag.py:4180} INFO - Setting next_dagrun for dataset_alias_example_alias_consumer_with_no_taskflow to None, run_after=None
[2025-01-16T18:03:46.952+0000] {logging_mixin.py:190} INFO - [2025-01-16T18:03:46.952+0000] {dag.py:4180} INFO - Setting next_dagrun for dataset_alias_example_alias_producer_with_no_taskflow to None, run_after=None
[2025-01-16T18:03:46.955+0000] {logging_mixin.py:190} INFO - [2025-01-16T18:03:46.955+0000] {dag.py:4180} INFO - Setting next_dagrun for dataset_s3_bucket_consumer_with_no_taskflow to None, run_after=None
[2025-01-16T18:03:46.957+0000] {logging_mixin.py:190} INFO - [2025-01-16T18:03:46.957+0000] {dag.py:4180} INFO - Setting next_dagrun for dataset_s3_bucket_producer_with_no_taskflow to None, run_after=None
[2025-01-16T18:03:46.997+0000] {processor.py:208} INFO - Processing /home/airflow/.local/lib/python3.12/site-packages/airflow/example_dags/example_dataset_alias_with_no_taskflow.py took 0.920 seconds
[2025-01-16T18:04:17.629+0000] {processor.py:186} INFO - Started process (PID=978) to work on /home/airflow/.local/lib/python3.12/site-packages/airflow/example_dags/example_dataset_alias_with_no_taskflow.py
[2025-01-16T18:04:17.630+0000] {processor.py:914} INFO - Processing file /home/airflow/.local/lib/python3.12/site-packages/airflow/example_dags/example_dataset_alias_with_no_taskflow.py for tasks to queue
[2025-01-16T18:04:17.632+0000] {logging_mixin.py:190} INFO - [2025-01-16T18:04:17.632+0000] {dagbag.py:588} INFO - Filling up the DagBag from /home/airflow/.local/lib/python3.12/site-packages/airflow/example_dags/example_dataset_alias_with_no_taskflow.py
[2025-01-16T18:04:18.246+0000] {processor.py:925} INFO - DAG(s) 'dataset_s3_bucket_consumer_with_no_taskflow', 'dataset_alias_example_alias_producer_with_no_taskflow', 'dataset_s3_bucket_producer_with_no_taskflow', 'dataset_alias_example_alias_consumer_with_no_taskflow' retrieved from /home/airflow/.local/lib/python3.12/site-packages/airflow/example_dags/example_dataset_alias_with_no_taskflow.py
[2025-01-16T18:04:18.273+0000] {logging_mixin.py:190} INFO - [2025-01-16T18:04:18.273+0000] {dag.py:3239} INFO - Sync 4 DAGs
[2025-01-16T18:04:18.298+0000] {logging_mixin.py:190} INFO - [2025-01-16T18:04:18.298+0000] {dag.py:4180} INFO - Setting next_dagrun for dataset_alias_example_alias_consumer_with_no_taskflow to None, run_after=None
[2025-01-16T18:04:18.302+0000] {logging_mixin.py:190} INFO - [2025-01-16T18:04:18.301+0000] {dag.py:4180} INFO - Setting next_dagrun for dataset_alias_example_alias_producer_with_no_taskflow to None, run_after=None
[2025-01-16T18:04:18.305+0000] {logging_mixin.py:190} INFO - [2025-01-16T18:04:18.304+0000] {dag.py:4180} INFO - Setting next_dagrun for dataset_s3_bucket_consumer_with_no_taskflow to None, run_after=None
[2025-01-16T18:04:18.307+0000] {logging_mixin.py:190} INFO - [2025-01-16T18:04:18.306+0000] {dag.py:4180} INFO - Setting next_dagrun for dataset_s3_bucket_producer_with_no_taskflow to None, run_after=None
[2025-01-16T18:04:18.334+0000] {processor.py:208} INFO - Processing /home/airflow/.local/lib/python3.12/site-packages/airflow/example_dags/example_dataset_alias_with_no_taskflow.py took 0.709 seconds
[2025-01-16T18:04:48.737+0000] {processor.py:186} INFO - Started process (PID=1043) to work on /home/airflow/.local/lib/python3.12/site-packages/airflow/example_dags/example_dataset_alias_with_no_taskflow.py
[2025-01-16T18:04:48.738+0000] {processor.py:914} INFO - Processing file /home/airflow/.local/lib/python3.12/site-packages/airflow/example_dags/example_dataset_alias_with_no_taskflow.py for tasks to queue
[2025-01-16T18:04:48.740+0000] {logging_mixin.py:190} INFO - [2025-01-16T18:04:48.740+0000] {dagbag.py:588} INFO - Filling up the DagBag from /home/airflow/.local/lib/python3.12/site-packages/airflow/example_dags/example_dataset_alias_with_no_taskflow.py
[2025-01-16T18:04:49.456+0000] {processor.py:925} INFO - DAG(s) 'dataset_alias_example_alias_consumer_with_no_taskflow', 'dataset_s3_bucket_consumer_with_no_taskflow', 'dataset_alias_example_alias_producer_with_no_taskflow', 'dataset_s3_bucket_producer_with_no_taskflow' retrieved from /home/airflow/.local/lib/python3.12/site-packages/airflow/example_dags/example_dataset_alias_with_no_taskflow.py
[2025-01-16T18:04:49.498+0000] {logging_mixin.py:190} INFO - [2025-01-16T18:04:49.497+0000] {dag.py:3239} INFO - Sync 4 DAGs
[2025-01-16T18:04:49.537+0000] {logging_mixin.py:190} INFO - [2025-01-16T18:04:49.537+0000] {dag.py:4180} INFO - Setting next_dagrun for dataset_alias_example_alias_consumer_with_no_taskflow to None, run_after=None
[2025-01-16T18:04:49.542+0000] {logging_mixin.py:190} INFO - [2025-01-16T18:04:49.541+0000] {dag.py:4180} INFO - Setting next_dagrun for dataset_alias_example_alias_producer_with_no_taskflow to None, run_after=None
[2025-01-16T18:04:49.549+0000] {logging_mixin.py:190} INFO - [2025-01-16T18:04:49.549+0000] {dag.py:4180} INFO - Setting next_dagrun for dataset_s3_bucket_consumer_with_no_taskflow to None, run_after=None
[2025-01-16T18:04:49.552+0000] {logging_mixin.py:190} INFO - [2025-01-16T18:04:49.552+0000] {dag.py:4180} INFO - Setting next_dagrun for dataset_s3_bucket_producer_with_no_taskflow to None, run_after=None
[2025-01-16T18:04:49.600+0000] {processor.py:208} INFO - Processing /home/airflow/.local/lib/python3.12/site-packages/airflow/example_dags/example_dataset_alias_with_no_taskflow.py took 0.868 seconds
[2025-01-16T18:05:20.091+0000] {processor.py:186} INFO - Started process (PID=1108) to work on /home/airflow/.local/lib/python3.12/site-packages/airflow/example_dags/example_dataset_alias_with_no_taskflow.py
[2025-01-16T18:05:20.092+0000] {processor.py:914} INFO - Processing file /home/airflow/.local/lib/python3.12/site-packages/airflow/example_dags/example_dataset_alias_with_no_taskflow.py for tasks to queue
[2025-01-16T18:05:20.094+0000] {logging_mixin.py:190} INFO - [2025-01-16T18:05:20.093+0000] {dagbag.py:588} INFO - Filling up the DagBag from /home/airflow/.local/lib/python3.12/site-packages/airflow/example_dags/example_dataset_alias_with_no_taskflow.py
[2025-01-16T18:05:20.762+0000] {processor.py:925} INFO - DAG(s) 'dataset_alias_example_alias_consumer_with_no_taskflow', 'dataset_alias_example_alias_producer_with_no_taskflow', 'dataset_s3_bucket_consumer_with_no_taskflow', 'dataset_s3_bucket_producer_with_no_taskflow' retrieved from /home/airflow/.local/lib/python3.12/site-packages/airflow/example_dags/example_dataset_alias_with_no_taskflow.py
[2025-01-16T18:05:20.788+0000] {logging_mixin.py:190} INFO - [2025-01-16T18:05:20.787+0000] {dag.py:3239} INFO - Sync 4 DAGs
[2025-01-16T18:05:20.816+0000] {logging_mixin.py:190} INFO - [2025-01-16T18:05:20.815+0000] {dag.py:4180} INFO - Setting next_dagrun for dataset_alias_example_alias_consumer_with_no_taskflow to None, run_after=None
[2025-01-16T18:05:20.819+0000] {logging_mixin.py:190} INFO - [2025-01-16T18:05:20.819+0000] {dag.py:4180} INFO - Setting next_dagrun for dataset_alias_example_alias_producer_with_no_taskflow to None, run_after=None
[2025-01-16T18:05:20.821+0000] {logging_mixin.py:190} INFO - [2025-01-16T18:05:20.821+0000] {dag.py:4180} INFO - Setting next_dagrun for dataset_s3_bucket_consumer_with_no_taskflow to None, run_after=None
[2025-01-16T18:05:20.823+0000] {logging_mixin.py:190} INFO - [2025-01-16T18:05:20.823+0000] {dag.py:4180} INFO - Setting next_dagrun for dataset_s3_bucket_producer_with_no_taskflow to None, run_after=None
[2025-01-16T18:05:20.853+0000] {processor.py:208} INFO - Processing /home/airflow/.local/lib/python3.12/site-packages/airflow/example_dags/example_dataset_alias_with_no_taskflow.py took 0.767 seconds
[2025-01-16T18:05:51.670+0000] {processor.py:186} INFO - Started process (PID=1174) to work on /home/airflow/.local/lib/python3.12/site-packages/airflow/example_dags/example_dataset_alias_with_no_taskflow.py
[2025-01-16T18:05:51.672+0000] {processor.py:914} INFO - Processing file /home/airflow/.local/lib/python3.12/site-packages/airflow/example_dags/example_dataset_alias_with_no_taskflow.py for tasks to queue
[2025-01-16T18:05:51.675+0000] {logging_mixin.py:190} INFO - [2025-01-16T18:05:51.675+0000] {dagbag.py:588} INFO - Filling up the DagBag from /home/airflow/.local/lib/python3.12/site-packages/airflow/example_dags/example_dataset_alias_with_no_taskflow.py
[2025-01-16T18:05:52.326+0000] {processor.py:925} INFO - DAG(s) 'dataset_alias_example_alias_consumer_with_no_taskflow', 'dataset_alias_example_alias_producer_with_no_taskflow', 'dataset_s3_bucket_consumer_with_no_taskflow', 'dataset_s3_bucket_producer_with_no_taskflow' retrieved from /home/airflow/.local/lib/python3.12/site-packages/airflow/example_dags/example_dataset_alias_with_no_taskflow.py
[2025-01-16T18:05:52.355+0000] {logging_mixin.py:190} INFO - [2025-01-16T18:05:52.354+0000] {dag.py:3239} INFO - Sync 4 DAGs
[2025-01-16T18:05:52.379+0000] {logging_mixin.py:190} INFO - [2025-01-16T18:05:52.379+0000] {dag.py:4180} INFO - Setting next_dagrun for dataset_alias_example_alias_consumer_with_no_taskflow to None, run_after=None
[2025-01-16T18:05:52.383+0000] {logging_mixin.py:190} INFO - [2025-01-16T18:05:52.383+0000] {dag.py:4180} INFO - Setting next_dagrun for dataset_alias_example_alias_producer_with_no_taskflow to None, run_after=None
[2025-01-16T18:05:52.387+0000] {logging_mixin.py:190} INFO - [2025-01-16T18:05:52.387+0000] {dag.py:4180} INFO - Setting next_dagrun for dataset_s3_bucket_consumer_with_no_taskflow to None, run_after=None
[2025-01-16T18:05:52.390+0000] {logging_mixin.py:190} INFO - [2025-01-16T18:05:52.390+0000] {dag.py:4180} INFO - Setting next_dagrun for dataset_s3_bucket_producer_with_no_taskflow to None, run_after=None
[2025-01-16T18:05:52.420+0000] {processor.py:208} INFO - Processing /home/airflow/.local/lib/python3.12/site-packages/airflow/example_dags/example_dataset_alias_with_no_taskflow.py took 0.758 seconds
[2025-01-16T18:06:22.609+0000] {processor.py:186} INFO - Started process (PID=1239) to work on /home/airflow/.local/lib/python3.12/site-packages/airflow/example_dags/example_dataset_alias_with_no_taskflow.py
[2025-01-16T18:06:22.611+0000] {processor.py:914} INFO - Processing file /home/airflow/.local/lib/python3.12/site-packages/airflow/example_dags/example_dataset_alias_with_no_taskflow.py for tasks to queue
[2025-01-16T18:06:22.614+0000] {logging_mixin.py:190} INFO - [2025-01-16T18:06:22.614+0000] {dagbag.py:588} INFO - Filling up the DagBag from /home/airflow/.local/lib/python3.12/site-packages/airflow/example_dags/example_dataset_alias_with_no_taskflow.py
[2025-01-16T18:06:23.416+0000] {processor.py:925} INFO - DAG(s) 'dataset_s3_bucket_producer_with_no_taskflow', 'dataset_s3_bucket_consumer_with_no_taskflow', 'dataset_alias_example_alias_producer_with_no_taskflow', 'dataset_alias_example_alias_consumer_with_no_taskflow' retrieved from /home/airflow/.local/lib/python3.12/site-packages/airflow/example_dags/example_dataset_alias_with_no_taskflow.py
[2025-01-16T18:06:23.446+0000] {logging_mixin.py:190} INFO - [2025-01-16T18:06:23.446+0000] {dag.py:3239} INFO - Sync 4 DAGs
[2025-01-16T18:06:23.484+0000] {logging_mixin.py:190} INFO - [2025-01-16T18:06:23.484+0000] {dag.py:4180} INFO - Setting next_dagrun for dataset_alias_example_alias_consumer_with_no_taskflow to None, run_after=None
[2025-01-16T18:06:23.489+0000] {logging_mixin.py:190} INFO - [2025-01-16T18:06:23.488+0000] {dag.py:4180} INFO - Setting next_dagrun for dataset_alias_example_alias_producer_with_no_taskflow to None, run_after=None
[2025-01-16T18:06:23.493+0000] {logging_mixin.py:190} INFO - [2025-01-16T18:06:23.492+0000] {dag.py:4180} INFO - Setting next_dagrun for dataset_s3_bucket_consumer_with_no_taskflow to None, run_after=None
[2025-01-16T18:06:23.496+0000] {logging_mixin.py:190} INFO - [2025-01-16T18:06:23.495+0000] {dag.py:4180} INFO - Setting next_dagrun for dataset_s3_bucket_producer_with_no_taskflow to None, run_after=None
[2025-01-16T18:06:23.538+0000] {processor.py:208} INFO - Processing /home/airflow/.local/lib/python3.12/site-packages/airflow/example_dags/example_dataset_alias_with_no_taskflow.py took 0.939 seconds
