[2025-01-16T17:57:33.026+0000] {processor.py:186} INFO - Started process (PID=103) to work on /home/airflow/.local/lib/python3.12/site-packages/airflow/example_dags/example_setup_teardown.py
[2025-01-16T17:57:33.028+0000] {processor.py:914} INFO - Processing file /home/airflow/.local/lib/python3.12/site-packages/airflow/example_dags/example_setup_teardown.py for tasks to queue
[2025-01-16T17:57:33.031+0000] {logging_mixin.py:190} INFO - [2025-01-16T17:57:33.031+0000] {dagbag.py:588} INFO - Filling up the DagBag from /home/airflow/.local/lib/python3.12/site-packages/airflow/example_dags/example_setup_teardown.py
[2025-01-16T17:57:33.049+0000] {processor.py:925} INFO - DAG(s) 'example_setup_teardown' retrieved from /home/airflow/.local/lib/python3.12/site-packages/airflow/example_dags/example_setup_teardown.py
[2025-01-16T17:57:33.228+0000] {logging_mixin.py:190} INFO - [2025-01-16T17:57:33.227+0000] {override.py:1911} INFO - Created Permission View: can edit on DAG:example_setup_teardown
[2025-01-16T17:57:33.256+0000] {logging_mixin.py:190} INFO - [2025-01-16T17:57:33.256+0000] {override.py:1911} INFO - Created Permission View: can read on DAG:example_setup_teardown
[2025-01-16T17:57:33.271+0000] {logging_mixin.py:190} INFO - [2025-01-16T17:57:33.271+0000] {override.py:1911} INFO - Created Permission View: can delete on DAG:example_setup_teardown
[2025-01-16T17:57:33.283+0000] {logging_mixin.py:190} INFO - [2025-01-16T17:57:33.283+0000] {override.py:1911} INFO - Created Permission View: can create on DAG Run:example_setup_teardown
[2025-01-16T17:57:33.292+0000] {logging_mixin.py:190} INFO - [2025-01-16T17:57:33.292+0000] {override.py:1911} INFO - Created Permission View: can delete on DAG Run:example_setup_teardown
[2025-01-16T17:57:33.302+0000] {logging_mixin.py:190} INFO - [2025-01-16T17:57:33.301+0000] {override.py:1911} INFO - Created Permission View: can read on DAG Run:example_setup_teardown
[2025-01-16T17:57:33.310+0000] {logging_mixin.py:190} INFO - [2025-01-16T17:57:33.309+0000] {override.py:1911} INFO - Created Permission View: menu access on DAG Run:example_setup_teardown
[2025-01-16T17:57:33.311+0000] {logging_mixin.py:190} INFO - [2025-01-16T17:57:33.310+0000] {dag.py:3239} INFO - Sync 1 DAGs
[2025-01-16T17:57:33.328+0000] {logging_mixin.py:190} INFO - [2025-01-16T17:57:33.327+0000] {dag.py:3262} INFO - Creating ORM DAG for example_setup_teardown
[2025-01-16T17:57:33.329+0000] {logging_mixin.py:190} INFO - [2025-01-16T17:57:33.329+0000] {dag.py:4180} INFO - Setting next_dagrun for example_setup_teardown to None, run_after=None
[2025-01-16T17:57:33.354+0000] {processor.py:208} INFO - Processing /home/airflow/.local/lib/python3.12/site-packages/airflow/example_dags/example_setup_teardown.py took 0.345 seconds
[2025-01-16T17:58:03.966+0000] {processor.py:186} INFO - Started process (PID=169) to work on /home/airflow/.local/lib/python3.12/site-packages/airflow/example_dags/example_setup_teardown.py
[2025-01-16T17:58:03.968+0000] {processor.py:914} INFO - Processing file /home/airflow/.local/lib/python3.12/site-packages/airflow/example_dags/example_setup_teardown.py for tasks to queue
[2025-01-16T17:58:03.973+0000] {logging_mixin.py:190} INFO - [2025-01-16T17:58:03.972+0000] {dagbag.py:588} INFO - Filling up the DagBag from /home/airflow/.local/lib/python3.12/site-packages/airflow/example_dags/example_setup_teardown.py
[2025-01-16T17:58:03.992+0000] {processor.py:925} INFO - DAG(s) 'example_setup_teardown' retrieved from /home/airflow/.local/lib/python3.12/site-packages/airflow/example_dags/example_setup_teardown.py
[2025-01-16T17:58:04.031+0000] {logging_mixin.py:190} INFO - [2025-01-16T17:58:04.031+0000] {dag.py:3239} INFO - Sync 1 DAGs
[2025-01-16T17:58:04.055+0000] {logging_mixin.py:190} INFO - [2025-01-16T17:58:04.055+0000] {dag.py:4180} INFO - Setting next_dagrun for example_setup_teardown to None, run_after=None
[2025-01-16T17:58:04.090+0000] {processor.py:208} INFO - Processing /home/airflow/.local/lib/python3.12/site-packages/airflow/example_dags/example_setup_teardown.py took 0.135 seconds
[2025-01-16T17:58:34.345+0000] {processor.py:186} INFO - Started process (PID=234) to work on /home/airflow/.local/lib/python3.12/site-packages/airflow/example_dags/example_setup_teardown.py
[2025-01-16T17:58:34.346+0000] {processor.py:914} INFO - Processing file /home/airflow/.local/lib/python3.12/site-packages/airflow/example_dags/example_setup_teardown.py for tasks to queue
[2025-01-16T17:58:34.349+0000] {logging_mixin.py:190} INFO - [2025-01-16T17:58:34.348+0000] {dagbag.py:588} INFO - Filling up the DagBag from /home/airflow/.local/lib/python3.12/site-packages/airflow/example_dags/example_setup_teardown.py
[2025-01-16T17:58:34.359+0000] {processor.py:925} INFO - DAG(s) 'example_setup_teardown' retrieved from /home/airflow/.local/lib/python3.12/site-packages/airflow/example_dags/example_setup_teardown.py
[2025-01-16T17:58:34.383+0000] {logging_mixin.py:190} INFO - [2025-01-16T17:58:34.382+0000] {dag.py:3239} INFO - Sync 1 DAGs
[2025-01-16T17:58:34.400+0000] {logging_mixin.py:190} INFO - [2025-01-16T17:58:34.400+0000] {dag.py:4180} INFO - Setting next_dagrun for example_setup_teardown to None, run_after=None
[2025-01-16T17:58:34.433+0000] {processor.py:208} INFO - Processing /home/airflow/.local/lib/python3.12/site-packages/airflow/example_dags/example_setup_teardown.py took 0.096 seconds
[2025-01-16T17:59:05.408+0000] {processor.py:186} INFO - Started process (PID=299) to work on /home/airflow/.local/lib/python3.12/site-packages/airflow/example_dags/example_setup_teardown.py
[2025-01-16T17:59:05.411+0000] {processor.py:914} INFO - Processing file /home/airflow/.local/lib/python3.12/site-packages/airflow/example_dags/example_setup_teardown.py for tasks to queue
[2025-01-16T17:59:05.413+0000] {logging_mixin.py:190} INFO - [2025-01-16T17:59:05.413+0000] {dagbag.py:588} INFO - Filling up the DagBag from /home/airflow/.local/lib/python3.12/site-packages/airflow/example_dags/example_setup_teardown.py
[2025-01-16T17:59:05.425+0000] {processor.py:925} INFO - DAG(s) 'example_setup_teardown' retrieved from /home/airflow/.local/lib/python3.12/site-packages/airflow/example_dags/example_setup_teardown.py
[2025-01-16T17:59:05.456+0000] {logging_mixin.py:190} INFO - [2025-01-16T17:59:05.455+0000] {dag.py:3239} INFO - Sync 1 DAGs
[2025-01-16T17:59:05.481+0000] {logging_mixin.py:190} INFO - [2025-01-16T17:59:05.480+0000] {dag.py:4180} INFO - Setting next_dagrun for example_setup_teardown to None, run_after=None
[2025-01-16T17:59:05.512+0000] {processor.py:208} INFO - Processing /home/airflow/.local/lib/python3.12/site-packages/airflow/example_dags/example_setup_teardown.py took 0.110 seconds
[2025-01-16T17:59:36.180+0000] {processor.py:186} INFO - Started process (PID=363) to work on /home/airflow/.local/lib/python3.12/site-packages/airflow/example_dags/example_setup_teardown.py
[2025-01-16T17:59:36.184+0000] {processor.py:914} INFO - Processing file /home/airflow/.local/lib/python3.12/site-packages/airflow/example_dags/example_setup_teardown.py for tasks to queue
[2025-01-16T17:59:36.187+0000] {logging_mixin.py:190} INFO - [2025-01-16T17:59:36.186+0000] {dagbag.py:588} INFO - Filling up the DagBag from /home/airflow/.local/lib/python3.12/site-packages/airflow/example_dags/example_setup_teardown.py
[2025-01-16T17:59:36.196+0000] {processor.py:925} INFO - DAG(s) 'example_setup_teardown' retrieved from /home/airflow/.local/lib/python3.12/site-packages/airflow/example_dags/example_setup_teardown.py
[2025-01-16T17:59:36.222+0000] {logging_mixin.py:190} INFO - [2025-01-16T17:59:36.222+0000] {dag.py:3239} INFO - Sync 1 DAGs
[2025-01-16T17:59:36.240+0000] {logging_mixin.py:190} INFO - [2025-01-16T17:59:36.239+0000] {dag.py:4180} INFO - Setting next_dagrun for example_setup_teardown to None, run_after=None
[2025-01-16T17:59:36.262+0000] {processor.py:208} INFO - Processing /home/airflow/.local/lib/python3.12/site-packages/airflow/example_dags/example_setup_teardown.py took 0.088 seconds
[2025-01-16T18:00:07.077+0000] {processor.py:186} INFO - Started process (PID=428) to work on /home/airflow/.local/lib/python3.12/site-packages/airflow/example_dags/example_setup_teardown.py
[2025-01-16T18:00:07.078+0000] {processor.py:914} INFO - Processing file /home/airflow/.local/lib/python3.12/site-packages/airflow/example_dags/example_setup_teardown.py for tasks to queue
[2025-01-16T18:00:07.080+0000] {logging_mixin.py:190} INFO - [2025-01-16T18:00:07.080+0000] {dagbag.py:588} INFO - Filling up the DagBag from /home/airflow/.local/lib/python3.12/site-packages/airflow/example_dags/example_setup_teardown.py
[2025-01-16T18:00:07.091+0000] {processor.py:925} INFO - DAG(s) 'example_setup_teardown' retrieved from /home/airflow/.local/lib/python3.12/site-packages/airflow/example_dags/example_setup_teardown.py
[2025-01-16T18:00:07.116+0000] {logging_mixin.py:190} INFO - [2025-01-16T18:00:07.116+0000] {dag.py:3239} INFO - Sync 1 DAGs
[2025-01-16T18:00:07.134+0000] {logging_mixin.py:190} INFO - [2025-01-16T18:00:07.134+0000] {dag.py:4180} INFO - Setting next_dagrun for example_setup_teardown to None, run_after=None
[2025-01-16T18:00:07.169+0000] {processor.py:208} INFO - Processing /home/airflow/.local/lib/python3.12/site-packages/airflow/example_dags/example_setup_teardown.py took 0.099 seconds
[2025-01-16T18:00:37.839+0000] {processor.py:186} INFO - Started process (PID=492) to work on /home/airflow/.local/lib/python3.12/site-packages/airflow/example_dags/example_setup_teardown.py
[2025-01-16T18:00:37.840+0000] {processor.py:914} INFO - Processing file /home/airflow/.local/lib/python3.12/site-packages/airflow/example_dags/example_setup_teardown.py for tasks to queue
[2025-01-16T18:00:37.844+0000] {logging_mixin.py:190} INFO - [2025-01-16T18:00:37.843+0000] {dagbag.py:588} INFO - Filling up the DagBag from /home/airflow/.local/lib/python3.12/site-packages/airflow/example_dags/example_setup_teardown.py
[2025-01-16T18:00:37.856+0000] {processor.py:925} INFO - DAG(s) 'example_setup_teardown' retrieved from /home/airflow/.local/lib/python3.12/site-packages/airflow/example_dags/example_setup_teardown.py
[2025-01-16T18:00:37.881+0000] {logging_mixin.py:190} INFO - [2025-01-16T18:00:37.880+0000] {dag.py:3239} INFO - Sync 1 DAGs
[2025-01-16T18:00:37.901+0000] {logging_mixin.py:190} INFO - [2025-01-16T18:00:37.901+0000] {dag.py:4180} INFO - Setting next_dagrun for example_setup_teardown to None, run_after=None
[2025-01-16T18:00:37.938+0000] {processor.py:208} INFO - Processing /home/airflow/.local/lib/python3.12/site-packages/airflow/example_dags/example_setup_teardown.py took 0.108 seconds
[2025-01-16T18:01:08.421+0000] {processor.py:186} INFO - Started process (PID=556) to work on /home/airflow/.local/lib/python3.12/site-packages/airflow/example_dags/example_setup_teardown.py
[2025-01-16T18:01:08.422+0000] {processor.py:914} INFO - Processing file /home/airflow/.local/lib/python3.12/site-packages/airflow/example_dags/example_setup_teardown.py for tasks to queue
[2025-01-16T18:01:08.425+0000] {logging_mixin.py:190} INFO - [2025-01-16T18:01:08.424+0000] {dagbag.py:588} INFO - Filling up the DagBag from /home/airflow/.local/lib/python3.12/site-packages/airflow/example_dags/example_setup_teardown.py
[2025-01-16T18:01:08.437+0000] {processor.py:925} INFO - DAG(s) 'example_setup_teardown' retrieved from /home/airflow/.local/lib/python3.12/site-packages/airflow/example_dags/example_setup_teardown.py
[2025-01-16T18:01:08.459+0000] {logging_mixin.py:190} INFO - [2025-01-16T18:01:08.459+0000] {dag.py:3239} INFO - Sync 1 DAGs
[2025-01-16T18:01:08.478+0000] {logging_mixin.py:190} INFO - [2025-01-16T18:01:08.478+0000] {dag.py:4180} INFO - Setting next_dagrun for example_setup_teardown to None, run_after=None
[2025-01-16T18:01:08.501+0000] {processor.py:208} INFO - Processing /home/airflow/.local/lib/python3.12/site-packages/airflow/example_dags/example_setup_teardown.py took 0.087 seconds
[2025-01-16T18:01:38.779+0000] {processor.py:186} INFO - Started process (PID=621) to work on /home/airflow/.local/lib/python3.12/site-packages/airflow/example_dags/example_setup_teardown.py
[2025-01-16T18:01:38.780+0000] {processor.py:914} INFO - Processing file /home/airflow/.local/lib/python3.12/site-packages/airflow/example_dags/example_setup_teardown.py for tasks to queue
[2025-01-16T18:01:38.787+0000] {logging_mixin.py:190} INFO - [2025-01-16T18:01:38.786+0000] {dagbag.py:588} INFO - Filling up the DagBag from /home/airflow/.local/lib/python3.12/site-packages/airflow/example_dags/example_setup_teardown.py
[2025-01-16T18:01:38.808+0000] {processor.py:925} INFO - DAG(s) 'example_setup_teardown' retrieved from /home/airflow/.local/lib/python3.12/site-packages/airflow/example_dags/example_setup_teardown.py
[2025-01-16T18:01:38.842+0000] {logging_mixin.py:190} INFO - [2025-01-16T18:01:38.841+0000] {dag.py:3239} INFO - Sync 1 DAGs
[2025-01-16T18:01:38.878+0000] {logging_mixin.py:190} INFO - [2025-01-16T18:01:38.877+0000] {dag.py:4180} INFO - Setting next_dagrun for example_setup_teardown to None, run_after=None
[2025-01-16T18:01:38.910+0000] {processor.py:208} INFO - Processing /home/airflow/.local/lib/python3.12/site-packages/airflow/example_dags/example_setup_teardown.py took 0.141 seconds
[2025-01-16T18:02:09.136+0000] {processor.py:186} INFO - Started process (PID=693) to work on /home/airflow/.local/lib/python3.12/site-packages/airflow/example_dags/example_setup_teardown.py
[2025-01-16T18:02:09.137+0000] {processor.py:914} INFO - Processing file /home/airflow/.local/lib/python3.12/site-packages/airflow/example_dags/example_setup_teardown.py for tasks to queue
[2025-01-16T18:02:09.142+0000] {logging_mixin.py:190} INFO - [2025-01-16T18:02:09.142+0000] {dagbag.py:588} INFO - Filling up the DagBag from /home/airflow/.local/lib/python3.12/site-packages/airflow/example_dags/example_setup_teardown.py
[2025-01-16T18:02:09.150+0000] {processor.py:925} INFO - DAG(s) 'example_setup_teardown' retrieved from /home/airflow/.local/lib/python3.12/site-packages/airflow/example_dags/example_setup_teardown.py
[2025-01-16T18:02:09.170+0000] {logging_mixin.py:190} INFO - [2025-01-16T18:02:09.170+0000] {dag.py:3239} INFO - Sync 1 DAGs
[2025-01-16T18:02:09.186+0000] {logging_mixin.py:190} INFO - [2025-01-16T18:02:09.186+0000] {dag.py:4180} INFO - Setting next_dagrun for example_setup_teardown to None, run_after=None
[2025-01-16T18:02:09.205+0000] {processor.py:208} INFO - Processing /home/airflow/.local/lib/python3.12/site-packages/airflow/example_dags/example_setup_teardown.py took 0.075 seconds
[2025-01-16T18:02:39.738+0000] {processor.py:186} INFO - Started process (PID=758) to work on /home/airflow/.local/lib/python3.12/site-packages/airflow/example_dags/example_setup_teardown.py
[2025-01-16T18:02:39.739+0000] {processor.py:914} INFO - Processing file /home/airflow/.local/lib/python3.12/site-packages/airflow/example_dags/example_setup_teardown.py for tasks to queue
[2025-01-16T18:02:39.742+0000] {logging_mixin.py:190} INFO - [2025-01-16T18:02:39.741+0000] {dagbag.py:588} INFO - Filling up the DagBag from /home/airflow/.local/lib/python3.12/site-packages/airflow/example_dags/example_setup_teardown.py
[2025-01-16T18:02:39.753+0000] {processor.py:925} INFO - DAG(s) 'example_setup_teardown' retrieved from /home/airflow/.local/lib/python3.12/site-packages/airflow/example_dags/example_setup_teardown.py
[2025-01-16T18:02:39.775+0000] {logging_mixin.py:190} INFO - [2025-01-16T18:02:39.775+0000] {dag.py:3239} INFO - Sync 1 DAGs
[2025-01-16T18:02:39.791+0000] {logging_mixin.py:190} INFO - [2025-01-16T18:02:39.790+0000] {dag.py:4180} INFO - Setting next_dagrun for example_setup_teardown to None, run_after=None
[2025-01-16T18:02:39.823+0000] {processor.py:208} INFO - Processing /home/airflow/.local/lib/python3.12/site-packages/airflow/example_dags/example_setup_teardown.py took 0.091 seconds
[2025-01-16T18:03:09.945+0000] {processor.py:186} INFO - Started process (PID=823) to work on /home/airflow/.local/lib/python3.12/site-packages/airflow/example_dags/example_setup_teardown.py
[2025-01-16T18:03:09.946+0000] {processor.py:914} INFO - Processing file /home/airflow/.local/lib/python3.12/site-packages/airflow/example_dags/example_setup_teardown.py for tasks to queue
[2025-01-16T18:03:09.950+0000] {logging_mixin.py:190} INFO - [2025-01-16T18:03:09.949+0000] {dagbag.py:588} INFO - Filling up the DagBag from /home/airflow/.local/lib/python3.12/site-packages/airflow/example_dags/example_setup_teardown.py
[2025-01-16T18:03:09.957+0000] {processor.py:925} INFO - DAG(s) 'example_setup_teardown' retrieved from /home/airflow/.local/lib/python3.12/site-packages/airflow/example_dags/example_setup_teardown.py
[2025-01-16T18:03:09.975+0000] {logging_mixin.py:190} INFO - [2025-01-16T18:03:09.975+0000] {dag.py:3239} INFO - Sync 1 DAGs
[2025-01-16T18:03:09.988+0000] {logging_mixin.py:190} INFO - [2025-01-16T18:03:09.988+0000] {dag.py:4180} INFO - Setting next_dagrun for example_setup_teardown to None, run_after=None
[2025-01-16T18:03:10.017+0000] {processor.py:208} INFO - Processing /home/airflow/.local/lib/python3.12/site-packages/airflow/example_dags/example_setup_teardown.py took 0.076 seconds
[2025-01-16T18:03:40.508+0000] {processor.py:186} INFO - Started process (PID=888) to work on /home/airflow/.local/lib/python3.12/site-packages/airflow/example_dags/example_setup_teardown.py
[2025-01-16T18:03:40.509+0000] {processor.py:914} INFO - Processing file /home/airflow/.local/lib/python3.12/site-packages/airflow/example_dags/example_setup_teardown.py for tasks to queue
[2025-01-16T18:03:40.511+0000] {logging_mixin.py:190} INFO - [2025-01-16T18:03:40.510+0000] {dagbag.py:588} INFO - Filling up the DagBag from /home/airflow/.local/lib/python3.12/site-packages/airflow/example_dags/example_setup_teardown.py
[2025-01-16T18:03:40.518+0000] {processor.py:925} INFO - DAG(s) 'example_setup_teardown' retrieved from /home/airflow/.local/lib/python3.12/site-packages/airflow/example_dags/example_setup_teardown.py
[2025-01-16T18:03:40.534+0000] {logging_mixin.py:190} INFO - [2025-01-16T18:03:40.534+0000] {dag.py:3239} INFO - Sync 1 DAGs
[2025-01-16T18:03:40.547+0000] {logging_mixin.py:190} INFO - [2025-01-16T18:03:40.547+0000] {dag.py:4180} INFO - Setting next_dagrun for example_setup_teardown to None, run_after=None
[2025-01-16T18:03:40.576+0000] {processor.py:208} INFO - Processing /home/airflow/.local/lib/python3.12/site-packages/airflow/example_dags/example_setup_teardown.py took 0.074 seconds
[2025-01-16T18:04:11.214+0000] {processor.py:186} INFO - Started process (PID=953) to work on /home/airflow/.local/lib/python3.12/site-packages/airflow/example_dags/example_setup_teardown.py
[2025-01-16T18:04:11.215+0000] {processor.py:914} INFO - Processing file /home/airflow/.local/lib/python3.12/site-packages/airflow/example_dags/example_setup_teardown.py for tasks to queue
[2025-01-16T18:04:11.217+0000] {logging_mixin.py:190} INFO - [2025-01-16T18:04:11.217+0000] {dagbag.py:588} INFO - Filling up the DagBag from /home/airflow/.local/lib/python3.12/site-packages/airflow/example_dags/example_setup_teardown.py
[2025-01-16T18:04:11.225+0000] {processor.py:925} INFO - DAG(s) 'example_setup_teardown' retrieved from /home/airflow/.local/lib/python3.12/site-packages/airflow/example_dags/example_setup_teardown.py
[2025-01-16T18:04:11.242+0000] {logging_mixin.py:190} INFO - [2025-01-16T18:04:11.241+0000] {dag.py:3239} INFO - Sync 1 DAGs
[2025-01-16T18:04:11.253+0000] {logging_mixin.py:190} INFO - [2025-01-16T18:04:11.253+0000] {dag.py:4180} INFO - Setting next_dagrun for example_setup_teardown to None, run_after=None
[2025-01-16T18:04:11.273+0000] {processor.py:208} INFO - Processing /home/airflow/.local/lib/python3.12/site-packages/airflow/example_dags/example_setup_teardown.py took 0.065 seconds
[2025-01-16T18:04:41.375+0000] {processor.py:186} INFO - Started process (PID=1018) to work on /home/airflow/.local/lib/python3.12/site-packages/airflow/example_dags/example_setup_teardown.py
[2025-01-16T18:04:41.376+0000] {processor.py:914} INFO - Processing file /home/airflow/.local/lib/python3.12/site-packages/airflow/example_dags/example_setup_teardown.py for tasks to queue
[2025-01-16T18:04:41.378+0000] {logging_mixin.py:190} INFO - [2025-01-16T18:04:41.378+0000] {dagbag.py:588} INFO - Filling up the DagBag from /home/airflow/.local/lib/python3.12/site-packages/airflow/example_dags/example_setup_teardown.py
[2025-01-16T18:04:41.386+0000] {processor.py:925} INFO - DAG(s) 'example_setup_teardown' retrieved from /home/airflow/.local/lib/python3.12/site-packages/airflow/example_dags/example_setup_teardown.py
[2025-01-16T18:04:41.403+0000] {logging_mixin.py:190} INFO - [2025-01-16T18:04:41.403+0000] {dag.py:3239} INFO - Sync 1 DAGs
[2025-01-16T18:04:41.415+0000] {logging_mixin.py:190} INFO - [2025-01-16T18:04:41.414+0000] {dag.py:4180} INFO - Setting next_dagrun for example_setup_teardown to None, run_after=None
[2025-01-16T18:04:41.431+0000] {processor.py:208} INFO - Processing /home/airflow/.local/lib/python3.12/site-packages/airflow/example_dags/example_setup_teardown.py took 0.061 seconds
[2025-01-16T18:05:12.201+0000] {processor.py:186} INFO - Started process (PID=1083) to work on /home/airflow/.local/lib/python3.12/site-packages/airflow/example_dags/example_setup_teardown.py
[2025-01-16T18:05:12.202+0000] {processor.py:914} INFO - Processing file /home/airflow/.local/lib/python3.12/site-packages/airflow/example_dags/example_setup_teardown.py for tasks to queue
[2025-01-16T18:05:12.206+0000] {logging_mixin.py:190} INFO - [2025-01-16T18:05:12.205+0000] {dagbag.py:588} INFO - Filling up the DagBag from /home/airflow/.local/lib/python3.12/site-packages/airflow/example_dags/example_setup_teardown.py
[2025-01-16T18:05:12.213+0000] {processor.py:925} INFO - DAG(s) 'example_setup_teardown' retrieved from /home/airflow/.local/lib/python3.12/site-packages/airflow/example_dags/example_setup_teardown.py
[2025-01-16T18:05:12.230+0000] {logging_mixin.py:190} INFO - [2025-01-16T18:05:12.230+0000] {dag.py:3239} INFO - Sync 1 DAGs
[2025-01-16T18:05:12.244+0000] {logging_mixin.py:190} INFO - [2025-01-16T18:05:12.243+0000] {dag.py:4180} INFO - Setting next_dagrun for example_setup_teardown to None, run_after=None
[2025-01-16T18:05:12.273+0000] {processor.py:208} INFO - Processing /home/airflow/.local/lib/python3.12/site-packages/airflow/example_dags/example_setup_teardown.py took 0.077 seconds
[2025-01-16T18:05:42.668+0000] {processor.py:186} INFO - Started process (PID=1148) to work on /home/airflow/.local/lib/python3.12/site-packages/airflow/example_dags/example_setup_teardown.py
[2025-01-16T18:05:42.669+0000] {processor.py:914} INFO - Processing file /home/airflow/.local/lib/python3.12/site-packages/airflow/example_dags/example_setup_teardown.py for tasks to queue
[2025-01-16T18:05:42.671+0000] {logging_mixin.py:190} INFO - [2025-01-16T18:05:42.671+0000] {dagbag.py:588} INFO - Filling up the DagBag from /home/airflow/.local/lib/python3.12/site-packages/airflow/example_dags/example_setup_teardown.py
[2025-01-16T18:05:42.681+0000] {processor.py:925} INFO - DAG(s) 'example_setup_teardown' retrieved from /home/airflow/.local/lib/python3.12/site-packages/airflow/example_dags/example_setup_teardown.py
[2025-01-16T18:05:42.704+0000] {logging_mixin.py:190} INFO - [2025-01-16T18:05:42.703+0000] {dag.py:3239} INFO - Sync 1 DAGs
[2025-01-16T18:05:42.717+0000] {logging_mixin.py:190} INFO - [2025-01-16T18:05:42.717+0000] {dag.py:4180} INFO - Setting next_dagrun for example_setup_teardown to None, run_after=None
[2025-01-16T18:05:42.738+0000] {processor.py:208} INFO - Processing /home/airflow/.local/lib/python3.12/site-packages/airflow/example_dags/example_setup_teardown.py took 0.076 seconds
[2025-01-16T18:06:13.457+0000] {processor.py:186} INFO - Started process (PID=1213) to work on /home/airflow/.local/lib/python3.12/site-packages/airflow/example_dags/example_setup_teardown.py
[2025-01-16T18:06:13.459+0000] {processor.py:914} INFO - Processing file /home/airflow/.local/lib/python3.12/site-packages/airflow/example_dags/example_setup_teardown.py for tasks to queue
[2025-01-16T18:06:13.464+0000] {logging_mixin.py:190} INFO - [2025-01-16T18:06:13.463+0000] {dagbag.py:588} INFO - Filling up the DagBag from /home/airflow/.local/lib/python3.12/site-packages/airflow/example_dags/example_setup_teardown.py
[2025-01-16T18:06:13.481+0000] {processor.py:925} INFO - DAG(s) 'example_setup_teardown' retrieved from /home/airflow/.local/lib/python3.12/site-packages/airflow/example_dags/example_setup_teardown.py
[2025-01-16T18:06:13.523+0000] {logging_mixin.py:190} INFO - [2025-01-16T18:06:13.522+0000] {dag.py:3239} INFO - Sync 1 DAGs
[2025-01-16T18:06:13.551+0000] {logging_mixin.py:190} INFO - [2025-01-16T18:06:13.551+0000] {dag.py:4180} INFO - Setting next_dagrun for example_setup_teardown to None, run_after=None
[2025-01-16T18:06:13.619+0000] {processor.py:208} INFO - Processing /home/airflow/.local/lib/python3.12/site-packages/airflow/example_dags/example_setup_teardown.py took 0.174 seconds
[2025-01-16T18:06:44.311+0000] {processor.py:186} INFO - Started process (PID=1278) to work on /home/airflow/.local/lib/python3.12/site-packages/airflow/example_dags/example_setup_teardown.py
[2025-01-16T18:06:44.312+0000] {processor.py:914} INFO - Processing file /home/airflow/.local/lib/python3.12/site-packages/airflow/example_dags/example_setup_teardown.py for tasks to queue
[2025-01-16T18:06:44.314+0000] {logging_mixin.py:190} INFO - [2025-01-16T18:06:44.314+0000] {dagbag.py:588} INFO - Filling up the DagBag from /home/airflow/.local/lib/python3.12/site-packages/airflow/example_dags/example_setup_teardown.py
[2025-01-16T18:06:44.322+0000] {processor.py:925} INFO - DAG(s) 'example_setup_teardown' retrieved from /home/airflow/.local/lib/python3.12/site-packages/airflow/example_dags/example_setup_teardown.py
[2025-01-16T18:06:44.341+0000] {logging_mixin.py:190} INFO - [2025-01-16T18:06:44.341+0000] {dag.py:3239} INFO - Sync 1 DAGs
[2025-01-16T18:06:44.356+0000] {logging_mixin.py:190} INFO - [2025-01-16T18:06:44.356+0000] {dag.py:4180} INFO - Setting next_dagrun for example_setup_teardown to None, run_after=None
[2025-01-16T18:06:44.376+0000] {processor.py:208} INFO - Processing /home/airflow/.local/lib/python3.12/site-packages/airflow/example_dags/example_setup_teardown.py took 0.069 seconds
