[2025-01-16T17:57:31.535+0000] {processor.py:186} INFO - Started process (PID=99) to work on /home/airflow/.local/lib/python3.12/site-packages/airflow/example_dags/example_sensors.py
[2025-01-16T17:57:31.537+0000] {processor.py:914} INFO - Processing file /home/airflow/.local/lib/python3.12/site-packages/airflow/example_dags/example_sensors.py for tasks to queue
[2025-01-16T17:57:31.540+0000] {logging_mixin.py:190} INFO - [2025-01-16T17:57:31.539+0000] {dagbag.py:588} INFO - Filling up the DagBag from /home/airflow/.local/lib/python3.12/site-packages/airflow/example_dags/example_sensors.py
[2025-01-16T17:57:31.557+0000] {processor.py:925} INFO - DAG(s) 'example_sensors' retrieved from /home/airflow/.local/lib/python3.12/site-packages/airflow/example_dags/example_sensors.py
[2025-01-16T17:57:31.795+0000] {logging_mixin.py:190} INFO - [2025-01-16T17:57:31.794+0000] {override.py:1911} INFO - Created Permission View: can edit on DAG:example_sensors
[2025-01-16T17:57:31.825+0000] {logging_mixin.py:190} INFO - [2025-01-16T17:57:31.824+0000] {override.py:1911} INFO - Created Permission View: can read on DAG:example_sensors
[2025-01-16T17:57:31.841+0000] {logging_mixin.py:190} INFO - [2025-01-16T17:57:31.840+0000] {override.py:1911} INFO - Created Permission View: can delete on DAG:example_sensors
[2025-01-16T17:57:31.866+0000] {logging_mixin.py:190} INFO - [2025-01-16T17:57:31.865+0000] {override.py:1911} INFO - Created Permission View: can create on DAG Run:example_sensors
[2025-01-16T17:57:31.889+0000] {logging_mixin.py:190} INFO - [2025-01-16T17:57:31.888+0000] {override.py:1911} INFO - Created Permission View: can delete on DAG Run:example_sensors
[2025-01-16T17:57:31.900+0000] {logging_mixin.py:190} INFO - [2025-01-16T17:57:31.899+0000] {override.py:1911} INFO - Created Permission View: can read on DAG Run:example_sensors
[2025-01-16T17:57:31.914+0000] {logging_mixin.py:190} INFO - [2025-01-16T17:57:31.913+0000] {override.py:1911} INFO - Created Permission View: menu access on DAG Run:example_sensors
[2025-01-16T17:57:31.916+0000] {logging_mixin.py:190} INFO - [2025-01-16T17:57:31.915+0000] {dag.py:3239} INFO - Sync 1 DAGs
[2025-01-16T17:57:31.948+0000] {logging_mixin.py:190} INFO - [2025-01-16T17:57:31.948+0000] {dag.py:3262} INFO - Creating ORM DAG for example_sensors
[2025-01-16T17:57:31.949+0000] {logging_mixin.py:190} INFO - [2025-01-16T17:57:31.949+0000] {dag.py:4180} INFO - Setting next_dagrun for example_sensors to None, run_after=None
[2025-01-16T17:57:31.986+0000] {processor.py:208} INFO - Processing /home/airflow/.local/lib/python3.12/site-packages/airflow/example_dags/example_sensors.py took 0.458 seconds
[2025-01-16T17:58:02.376+0000] {processor.py:186} INFO - Started process (PID=164) to work on /home/airflow/.local/lib/python3.12/site-packages/airflow/example_dags/example_sensors.py
[2025-01-16T17:58:02.378+0000] {processor.py:914} INFO - Processing file /home/airflow/.local/lib/python3.12/site-packages/airflow/example_dags/example_sensors.py for tasks to queue
[2025-01-16T17:58:02.382+0000] {logging_mixin.py:190} INFO - [2025-01-16T17:58:02.381+0000] {dagbag.py:588} INFO - Filling up the DagBag from /home/airflow/.local/lib/python3.12/site-packages/airflow/example_dags/example_sensors.py
[2025-01-16T17:58:02.400+0000] {processor.py:925} INFO - DAG(s) 'example_sensors' retrieved from /home/airflow/.local/lib/python3.12/site-packages/airflow/example_dags/example_sensors.py
[2025-01-16T17:58:02.435+0000] {logging_mixin.py:190} INFO - [2025-01-16T17:58:02.435+0000] {dag.py:3239} INFO - Sync 1 DAGs
[2025-01-16T17:58:02.461+0000] {logging_mixin.py:190} INFO - [2025-01-16T17:58:02.461+0000] {dag.py:4180} INFO - Setting next_dagrun for example_sensors to None, run_after=None
[2025-01-16T17:58:02.492+0000] {processor.py:208} INFO - Processing /home/airflow/.local/lib/python3.12/site-packages/airflow/example_dags/example_sensors.py took 0.124 seconds
[2025-01-16T17:58:32.984+0000] {processor.py:186} INFO - Started process (PID=228) to work on /home/airflow/.local/lib/python3.12/site-packages/airflow/example_dags/example_sensors.py
[2025-01-16T17:58:32.986+0000] {processor.py:914} INFO - Processing file /home/airflow/.local/lib/python3.12/site-packages/airflow/example_dags/example_sensors.py for tasks to queue
[2025-01-16T17:58:32.989+0000] {logging_mixin.py:190} INFO - [2025-01-16T17:58:32.989+0000] {dagbag.py:588} INFO - Filling up the DagBag from /home/airflow/.local/lib/python3.12/site-packages/airflow/example_dags/example_sensors.py
[2025-01-16T17:58:33.008+0000] {processor.py:925} INFO - DAG(s) 'example_sensors' retrieved from /home/airflow/.local/lib/python3.12/site-packages/airflow/example_dags/example_sensors.py
[2025-01-16T17:58:33.059+0000] {logging_mixin.py:190} INFO - [2025-01-16T17:58:33.059+0000] {dag.py:3239} INFO - Sync 1 DAGs
[2025-01-16T17:58:33.081+0000] {logging_mixin.py:190} INFO - [2025-01-16T17:58:33.081+0000] {dag.py:4180} INFO - Setting next_dagrun for example_sensors to None, run_after=None
[2025-01-16T17:58:33.118+0000] {processor.py:208} INFO - Processing /home/airflow/.local/lib/python3.12/site-packages/airflow/example_dags/example_sensors.py took 0.145 seconds
[2025-01-16T17:59:03.216+0000] {processor.py:186} INFO - Started process (PID=292) to work on /home/airflow/.local/lib/python3.12/site-packages/airflow/example_dags/example_sensors.py
[2025-01-16T17:59:03.217+0000] {processor.py:914} INFO - Processing file /home/airflow/.local/lib/python3.12/site-packages/airflow/example_dags/example_sensors.py for tasks to queue
[2025-01-16T17:59:03.220+0000] {logging_mixin.py:190} INFO - [2025-01-16T17:59:03.219+0000] {dagbag.py:588} INFO - Filling up the DagBag from /home/airflow/.local/lib/python3.12/site-packages/airflow/example_dags/example_sensors.py
[2025-01-16T17:59:03.233+0000] {processor.py:925} INFO - DAG(s) 'example_sensors' retrieved from /home/airflow/.local/lib/python3.12/site-packages/airflow/example_dags/example_sensors.py
[2025-01-16T17:59:03.256+0000] {logging_mixin.py:190} INFO - [2025-01-16T17:59:03.256+0000] {dag.py:3239} INFO - Sync 1 DAGs
[2025-01-16T17:59:03.269+0000] {logging_mixin.py:190} INFO - [2025-01-16T17:59:03.269+0000] {dag.py:4180} INFO - Setting next_dagrun for example_sensors to None, run_after=None
[2025-01-16T17:59:03.290+0000] {processor.py:208} INFO - Processing /home/airflow/.local/lib/python3.12/site-packages/airflow/example_dags/example_sensors.py took 0.080 seconds
[2025-01-16T17:59:34.000+0000] {processor.py:186} INFO - Started process (PID=357) to work on /home/airflow/.local/lib/python3.12/site-packages/airflow/example_dags/example_sensors.py
[2025-01-16T17:59:34.003+0000] {processor.py:914} INFO - Processing file /home/airflow/.local/lib/python3.12/site-packages/airflow/example_dags/example_sensors.py for tasks to queue
[2025-01-16T17:59:34.006+0000] {logging_mixin.py:190} INFO - [2025-01-16T17:59:34.006+0000] {dagbag.py:588} INFO - Filling up the DagBag from /home/airflow/.local/lib/python3.12/site-packages/airflow/example_dags/example_sensors.py
[2025-01-16T17:59:34.017+0000] {processor.py:925} INFO - DAG(s) 'example_sensors' retrieved from /home/airflow/.local/lib/python3.12/site-packages/airflow/example_dags/example_sensors.py
[2025-01-16T17:59:34.053+0000] {logging_mixin.py:190} INFO - [2025-01-16T17:59:34.052+0000] {dag.py:3239} INFO - Sync 1 DAGs
[2025-01-16T17:59:34.069+0000] {logging_mixin.py:190} INFO - [2025-01-16T17:59:34.069+0000] {dag.py:4180} INFO - Setting next_dagrun for example_sensors to None, run_after=None
[2025-01-16T17:59:34.098+0000] {processor.py:208} INFO - Processing /home/airflow/.local/lib/python3.12/site-packages/airflow/example_dags/example_sensors.py took 0.104 seconds
[2025-01-16T18:00:04.783+0000] {processor.py:186} INFO - Started process (PID=422) to work on /home/airflow/.local/lib/python3.12/site-packages/airflow/example_dags/example_sensors.py
[2025-01-16T18:00:04.784+0000] {processor.py:914} INFO - Processing file /home/airflow/.local/lib/python3.12/site-packages/airflow/example_dags/example_sensors.py for tasks to queue
[2025-01-16T18:00:04.786+0000] {logging_mixin.py:190} INFO - [2025-01-16T18:00:04.786+0000] {dagbag.py:588} INFO - Filling up the DagBag from /home/airflow/.local/lib/python3.12/site-packages/airflow/example_dags/example_sensors.py
[2025-01-16T18:00:04.798+0000] {processor.py:925} INFO - DAG(s) 'example_sensors' retrieved from /home/airflow/.local/lib/python3.12/site-packages/airflow/example_dags/example_sensors.py
[2025-01-16T18:00:04.828+0000] {logging_mixin.py:190} INFO - [2025-01-16T18:00:04.827+0000] {dag.py:3239} INFO - Sync 1 DAGs
[2025-01-16T18:00:04.845+0000] {logging_mixin.py:190} INFO - [2025-01-16T18:00:04.845+0000] {dag.py:4180} INFO - Setting next_dagrun for example_sensors to None, run_after=None
[2025-01-16T18:00:04.870+0000] {processor.py:208} INFO - Processing /home/airflow/.local/lib/python3.12/site-packages/airflow/example_dags/example_sensors.py took 0.093 seconds
[2025-01-16T18:00:35.375+0000] {processor.py:186} INFO - Started process (PID=487) to work on /home/airflow/.local/lib/python3.12/site-packages/airflow/example_dags/example_sensors.py
[2025-01-16T18:00:35.376+0000] {processor.py:914} INFO - Processing file /home/airflow/.local/lib/python3.12/site-packages/airflow/example_dags/example_sensors.py for tasks to queue
[2025-01-16T18:00:35.379+0000] {logging_mixin.py:190} INFO - [2025-01-16T18:00:35.379+0000] {dagbag.py:588} INFO - Filling up the DagBag from /home/airflow/.local/lib/python3.12/site-packages/airflow/example_dags/example_sensors.py
[2025-01-16T18:00:35.390+0000] {processor.py:925} INFO - DAG(s) 'example_sensors' retrieved from /home/airflow/.local/lib/python3.12/site-packages/airflow/example_dags/example_sensors.py
[2025-01-16T18:00:35.418+0000] {logging_mixin.py:190} INFO - [2025-01-16T18:00:35.417+0000] {dag.py:3239} INFO - Sync 1 DAGs
[2025-01-16T18:00:35.429+0000] {logging_mixin.py:190} INFO - [2025-01-16T18:00:35.429+0000] {dag.py:4180} INFO - Setting next_dagrun for example_sensors to None, run_after=None
[2025-01-16T18:00:35.459+0000] {processor.py:208} INFO - Processing /home/airflow/.local/lib/python3.12/site-packages/airflow/example_dags/example_sensors.py took 0.088 seconds
[2025-01-16T18:01:06.093+0000] {processor.py:186} INFO - Started process (PID=552) to work on /home/airflow/.local/lib/python3.12/site-packages/airflow/example_dags/example_sensors.py
[2025-01-16T18:01:06.094+0000] {processor.py:914} INFO - Processing file /home/airflow/.local/lib/python3.12/site-packages/airflow/example_dags/example_sensors.py for tasks to queue
[2025-01-16T18:01:06.096+0000] {logging_mixin.py:190} INFO - [2025-01-16T18:01:06.096+0000] {dagbag.py:588} INFO - Filling up the DagBag from /home/airflow/.local/lib/python3.12/site-packages/airflow/example_dags/example_sensors.py
[2025-01-16T18:01:06.108+0000] {processor.py:925} INFO - DAG(s) 'example_sensors' retrieved from /home/airflow/.local/lib/python3.12/site-packages/airflow/example_dags/example_sensors.py
[2025-01-16T18:01:06.135+0000] {logging_mixin.py:190} INFO - [2025-01-16T18:01:06.135+0000] {dag.py:3239} INFO - Sync 1 DAGs
[2025-01-16T18:01:06.151+0000] {logging_mixin.py:190} INFO - [2025-01-16T18:01:06.151+0000] {dag.py:4180} INFO - Setting next_dagrun for example_sensors to None, run_after=None
[2025-01-16T18:01:06.173+0000] {processor.py:208} INFO - Processing /home/airflow/.local/lib/python3.12/site-packages/airflow/example_dags/example_sensors.py took 0.084 seconds
[2025-01-16T18:01:37.145+0000] {processor.py:186} INFO - Started process (PID=617) to work on /home/airflow/.local/lib/python3.12/site-packages/airflow/example_dags/example_sensors.py
[2025-01-16T18:01:37.148+0000] {processor.py:914} INFO - Processing file /home/airflow/.local/lib/python3.12/site-packages/airflow/example_dags/example_sensors.py for tasks to queue
[2025-01-16T18:01:37.154+0000] {logging_mixin.py:190} INFO - [2025-01-16T18:01:37.151+0000] {dagbag.py:588} INFO - Filling up the DagBag from /home/airflow/.local/lib/python3.12/site-packages/airflow/example_dags/example_sensors.py
[2025-01-16T18:01:37.178+0000] {processor.py:925} INFO - DAG(s) 'example_sensors' retrieved from /home/airflow/.local/lib/python3.12/site-packages/airflow/example_dags/example_sensors.py
[2025-01-16T18:01:37.228+0000] {logging_mixin.py:190} INFO - [2025-01-16T18:01:37.228+0000] {dag.py:3239} INFO - Sync 1 DAGs
[2025-01-16T18:01:37.249+0000] {logging_mixin.py:190} INFO - [2025-01-16T18:01:37.249+0000] {dag.py:4180} INFO - Setting next_dagrun for example_sensors to None, run_after=None
[2025-01-16T18:01:37.280+0000] {processor.py:208} INFO - Processing /home/airflow/.local/lib/python3.12/site-packages/airflow/example_dags/example_sensors.py took 0.145 seconds
[2025-01-16T18:02:07.845+0000] {processor.py:186} INFO - Started process (PID=682) to work on /home/airflow/.local/lib/python3.12/site-packages/airflow/example_dags/example_sensors.py
[2025-01-16T18:02:07.847+0000] {processor.py:914} INFO - Processing file /home/airflow/.local/lib/python3.12/site-packages/airflow/example_dags/example_sensors.py for tasks to queue
[2025-01-16T18:02:07.849+0000] {logging_mixin.py:190} INFO - [2025-01-16T18:02:07.849+0000] {dagbag.py:588} INFO - Filling up the DagBag from /home/airflow/.local/lib/python3.12/site-packages/airflow/example_dags/example_sensors.py
[2025-01-16T18:02:07.865+0000] {processor.py:925} INFO - DAG(s) 'example_sensors' retrieved from /home/airflow/.local/lib/python3.12/site-packages/airflow/example_dags/example_sensors.py
[2025-01-16T18:02:07.897+0000] {logging_mixin.py:190} INFO - [2025-01-16T18:02:07.897+0000] {dag.py:3239} INFO - Sync 1 DAGs
[2025-01-16T18:02:07.917+0000] {logging_mixin.py:190} INFO - [2025-01-16T18:02:07.917+0000] {dag.py:4180} INFO - Setting next_dagrun for example_sensors to None, run_after=None
[2025-01-16T18:02:07.941+0000] {processor.py:208} INFO - Processing /home/airflow/.local/lib/python3.12/site-packages/airflow/example_dags/example_sensors.py took 0.104 seconds
[2025-01-16T18:02:38.470+0000] {processor.py:186} INFO - Started process (PID=748) to work on /home/airflow/.local/lib/python3.12/site-packages/airflow/example_dags/example_sensors.py
[2025-01-16T18:02:38.470+0000] {processor.py:914} INFO - Processing file /home/airflow/.local/lib/python3.12/site-packages/airflow/example_dags/example_sensors.py for tasks to queue
[2025-01-16T18:02:38.472+0000] {logging_mixin.py:190} INFO - [2025-01-16T18:02:38.472+0000] {dagbag.py:588} INFO - Filling up the DagBag from /home/airflow/.local/lib/python3.12/site-packages/airflow/example_dags/example_sensors.py
[2025-01-16T18:02:38.482+0000] {processor.py:925} INFO - DAG(s) 'example_sensors' retrieved from /home/airflow/.local/lib/python3.12/site-packages/airflow/example_dags/example_sensors.py
[2025-01-16T18:02:38.506+0000] {logging_mixin.py:190} INFO - [2025-01-16T18:02:38.505+0000] {dag.py:3239} INFO - Sync 1 DAGs
[2025-01-16T18:02:38.519+0000] {logging_mixin.py:190} INFO - [2025-01-16T18:02:38.519+0000] {dag.py:4180} INFO - Setting next_dagrun for example_sensors to None, run_after=None
[2025-01-16T18:02:38.551+0000] {processor.py:208} INFO - Processing /home/airflow/.local/lib/python3.12/site-packages/airflow/example_dags/example_sensors.py took 0.087 seconds
[2025-01-16T18:03:08.601+0000] {processor.py:186} INFO - Started process (PID=813) to work on /home/airflow/.local/lib/python3.12/site-packages/airflow/example_dags/example_sensors.py
[2025-01-16T18:03:08.602+0000] {processor.py:914} INFO - Processing file /home/airflow/.local/lib/python3.12/site-packages/airflow/example_dags/example_sensors.py for tasks to queue
[2025-01-16T18:03:08.604+0000] {logging_mixin.py:190} INFO - [2025-01-16T18:03:08.604+0000] {dagbag.py:588} INFO - Filling up the DagBag from /home/airflow/.local/lib/python3.12/site-packages/airflow/example_dags/example_sensors.py
[2025-01-16T18:03:08.613+0000] {processor.py:925} INFO - DAG(s) 'example_sensors' retrieved from /home/airflow/.local/lib/python3.12/site-packages/airflow/example_dags/example_sensors.py
[2025-01-16T18:03:08.636+0000] {logging_mixin.py:190} INFO - [2025-01-16T18:03:08.636+0000] {dag.py:3239} INFO - Sync 1 DAGs
[2025-01-16T18:03:08.647+0000] {logging_mixin.py:190} INFO - [2025-01-16T18:03:08.647+0000] {dag.py:4180} INFO - Setting next_dagrun for example_sensors to None, run_after=None
[2025-01-16T18:03:08.675+0000] {processor.py:208} INFO - Processing /home/airflow/.local/lib/python3.12/site-packages/airflow/example_dags/example_sensors.py took 0.080 seconds
[2025-01-16T18:03:39.249+0000] {processor.py:186} INFO - Started process (PID=884) to work on /home/airflow/.local/lib/python3.12/site-packages/airflow/example_dags/example_sensors.py
[2025-01-16T18:03:39.250+0000] {processor.py:914} INFO - Processing file /home/airflow/.local/lib/python3.12/site-packages/airflow/example_dags/example_sensors.py for tasks to queue
[2025-01-16T18:03:39.253+0000] {logging_mixin.py:190} INFO - [2025-01-16T18:03:39.252+0000] {dagbag.py:588} INFO - Filling up the DagBag from /home/airflow/.local/lib/python3.12/site-packages/airflow/example_dags/example_sensors.py
[2025-01-16T18:03:39.266+0000] {processor.py:925} INFO - DAG(s) 'example_sensors' retrieved from /home/airflow/.local/lib/python3.12/site-packages/airflow/example_dags/example_sensors.py
[2025-01-16T18:03:39.296+0000] {logging_mixin.py:190} INFO - [2025-01-16T18:03:39.296+0000] {dag.py:3239} INFO - Sync 1 DAGs
[2025-01-16T18:03:39.312+0000] {logging_mixin.py:190} INFO - [2025-01-16T18:03:39.312+0000] {dag.py:4180} INFO - Setting next_dagrun for example_sensors to None, run_after=None
[2025-01-16T18:03:39.333+0000] {processor.py:208} INFO - Processing /home/airflow/.local/lib/python3.12/site-packages/airflow/example_dags/example_sensors.py took 0.089 seconds
[2025-01-16T18:04:09.859+0000] {processor.py:186} INFO - Started process (PID=949) to work on /home/airflow/.local/lib/python3.12/site-packages/airflow/example_dags/example_sensors.py
[2025-01-16T18:04:09.862+0000] {processor.py:914} INFO - Processing file /home/airflow/.local/lib/python3.12/site-packages/airflow/example_dags/example_sensors.py for tasks to queue
[2025-01-16T18:04:09.865+0000] {logging_mixin.py:190} INFO - [2025-01-16T18:04:09.865+0000] {dagbag.py:588} INFO - Filling up the DagBag from /home/airflow/.local/lib/python3.12/site-packages/airflow/example_dags/example_sensors.py
[2025-01-16T18:04:09.895+0000] {processor.py:925} INFO - DAG(s) 'example_sensors' retrieved from /home/airflow/.local/lib/python3.12/site-packages/airflow/example_dags/example_sensors.py
[2025-01-16T18:04:09.951+0000] {logging_mixin.py:190} INFO - [2025-01-16T18:04:09.951+0000] {dag.py:3239} INFO - Sync 1 DAGs
[2025-01-16T18:04:09.985+0000] {logging_mixin.py:190} INFO - [2025-01-16T18:04:09.984+0000] {dag.py:4180} INFO - Setting next_dagrun for example_sensors to None, run_after=None
[2025-01-16T18:04:10.030+0000] {processor.py:208} INFO - Processing /home/airflow/.local/lib/python3.12/site-packages/airflow/example_dags/example_sensors.py took 0.178 seconds
[2025-01-16T18:04:40.136+0000] {processor.py:186} INFO - Started process (PID=1014) to work on /home/airflow/.local/lib/python3.12/site-packages/airflow/example_dags/example_sensors.py
[2025-01-16T18:04:40.137+0000] {processor.py:914} INFO - Processing file /home/airflow/.local/lib/python3.12/site-packages/airflow/example_dags/example_sensors.py for tasks to queue
[2025-01-16T18:04:40.140+0000] {logging_mixin.py:190} INFO - [2025-01-16T18:04:40.139+0000] {dagbag.py:588} INFO - Filling up the DagBag from /home/airflow/.local/lib/python3.12/site-packages/airflow/example_dags/example_sensors.py
[2025-01-16T18:04:40.155+0000] {processor.py:925} INFO - DAG(s) 'example_sensors' retrieved from /home/airflow/.local/lib/python3.12/site-packages/airflow/example_dags/example_sensors.py
[2025-01-16T18:04:40.182+0000] {logging_mixin.py:190} INFO - [2025-01-16T18:04:40.181+0000] {dag.py:3239} INFO - Sync 1 DAGs
[2025-01-16T18:04:40.199+0000] {logging_mixin.py:190} INFO - [2025-01-16T18:04:40.199+0000] {dag.py:4180} INFO - Setting next_dagrun for example_sensors to None, run_after=None
[2025-01-16T18:04:40.223+0000] {processor.py:208} INFO - Processing /home/airflow/.local/lib/python3.12/site-packages/airflow/example_dags/example_sensors.py took 0.096 seconds
[2025-01-16T18:05:10.918+0000] {processor.py:186} INFO - Started process (PID=1079) to work on /home/airflow/.local/lib/python3.12/site-packages/airflow/example_dags/example_sensors.py
[2025-01-16T18:05:10.919+0000] {processor.py:914} INFO - Processing file /home/airflow/.local/lib/python3.12/site-packages/airflow/example_dags/example_sensors.py for tasks to queue
[2025-01-16T18:05:10.922+0000] {logging_mixin.py:190} INFO - [2025-01-16T18:05:10.922+0000] {dagbag.py:588} INFO - Filling up the DagBag from /home/airflow/.local/lib/python3.12/site-packages/airflow/example_dags/example_sensors.py
[2025-01-16T18:05:10.936+0000] {processor.py:925} INFO - DAG(s) 'example_sensors' retrieved from /home/airflow/.local/lib/python3.12/site-packages/airflow/example_dags/example_sensors.py
[2025-01-16T18:05:10.967+0000] {logging_mixin.py:190} INFO - [2025-01-16T18:05:10.967+0000] {dag.py:3239} INFO - Sync 1 DAGs
[2025-01-16T18:05:10.980+0000] {logging_mixin.py:190} INFO - [2025-01-16T18:05:10.980+0000] {dag.py:4180} INFO - Setting next_dagrun for example_sensors to None, run_after=None
[2025-01-16T18:05:10.999+0000] {processor.py:208} INFO - Processing /home/airflow/.local/lib/python3.12/site-packages/airflow/example_dags/example_sensors.py took 0.085 seconds
[2025-01-16T18:05:41.352+0000] {processor.py:186} INFO - Started process (PID=1144) to work on /home/airflow/.local/lib/python3.12/site-packages/airflow/example_dags/example_sensors.py
[2025-01-16T18:05:41.354+0000] {processor.py:914} INFO - Processing file /home/airflow/.local/lib/python3.12/site-packages/airflow/example_dags/example_sensors.py for tasks to queue
[2025-01-16T18:05:41.358+0000] {logging_mixin.py:190} INFO - [2025-01-16T18:05:41.357+0000] {dagbag.py:588} INFO - Filling up the DagBag from /home/airflow/.local/lib/python3.12/site-packages/airflow/example_dags/example_sensors.py
[2025-01-16T18:05:41.382+0000] {processor.py:925} INFO - DAG(s) 'example_sensors' retrieved from /home/airflow/.local/lib/python3.12/site-packages/airflow/example_dags/example_sensors.py
[2025-01-16T18:05:41.425+0000] {logging_mixin.py:190} INFO - [2025-01-16T18:05:41.423+0000] {dag.py:3239} INFO - Sync 1 DAGs
[2025-01-16T18:05:41.452+0000] {logging_mixin.py:190} INFO - [2025-01-16T18:05:41.451+0000] {dag.py:4180} INFO - Setting next_dagrun for example_sensors to None, run_after=None
[2025-01-16T18:05:41.479+0000] {processor.py:208} INFO - Processing /home/airflow/.local/lib/python3.12/site-packages/airflow/example_dags/example_sensors.py took 0.140 seconds
[2025-01-16T18:06:11.919+0000] {processor.py:186} INFO - Started process (PID=1209) to work on /home/airflow/.local/lib/python3.12/site-packages/airflow/example_dags/example_sensors.py
[2025-01-16T18:06:11.921+0000] {processor.py:914} INFO - Processing file /home/airflow/.local/lib/python3.12/site-packages/airflow/example_dags/example_sensors.py for tasks to queue
[2025-01-16T18:06:11.924+0000] {logging_mixin.py:190} INFO - [2025-01-16T18:06:11.924+0000] {dagbag.py:588} INFO - Filling up the DagBag from /home/airflow/.local/lib/python3.12/site-packages/airflow/example_dags/example_sensors.py
[2025-01-16T18:06:11.941+0000] {processor.py:925} INFO - DAG(s) 'example_sensors' retrieved from /home/airflow/.local/lib/python3.12/site-packages/airflow/example_dags/example_sensors.py
[2025-01-16T18:06:11.994+0000] {logging_mixin.py:190} INFO - [2025-01-16T18:06:11.994+0000] {dag.py:3239} INFO - Sync 1 DAGs
[2025-01-16T18:06:12.024+0000] {logging_mixin.py:190} INFO - [2025-01-16T18:06:12.024+0000] {dag.py:4180} INFO - Setting next_dagrun for example_sensors to None, run_after=None
[2025-01-16T18:06:12.065+0000] {processor.py:208} INFO - Processing /home/airflow/.local/lib/python3.12/site-packages/airflow/example_dags/example_sensors.py took 0.160 seconds
[2025-01-16T18:06:42.138+0000] {processor.py:186} INFO - Started process (PID=1274) to work on /home/airflow/.local/lib/python3.12/site-packages/airflow/example_dags/example_sensors.py
[2025-01-16T18:06:42.139+0000] {processor.py:914} INFO - Processing file /home/airflow/.local/lib/python3.12/site-packages/airflow/example_dags/example_sensors.py for tasks to queue
[2025-01-16T18:06:42.141+0000] {logging_mixin.py:190} INFO - [2025-01-16T18:06:42.140+0000] {dagbag.py:588} INFO - Filling up the DagBag from /home/airflow/.local/lib/python3.12/site-packages/airflow/example_dags/example_sensors.py
[2025-01-16T18:06:42.149+0000] {processor.py:925} INFO - DAG(s) 'example_sensors' retrieved from /home/airflow/.local/lib/python3.12/site-packages/airflow/example_dags/example_sensors.py
[2025-01-16T18:06:42.176+0000] {logging_mixin.py:190} INFO - [2025-01-16T18:06:42.176+0000] {dag.py:3239} INFO - Sync 1 DAGs
[2025-01-16T18:06:42.191+0000] {logging_mixin.py:190} INFO - [2025-01-16T18:06:42.190+0000] {dag.py:4180} INFO - Setting next_dagrun for example_sensors to None, run_after=None
[2025-01-16T18:06:42.226+0000] {processor.py:208} INFO - Processing /home/airflow/.local/lib/python3.12/site-packages/airflow/example_dags/example_sensors.py took 0.095 seconds
