[2025-01-16T17:57:36.612+0000] {processor.py:186} INFO - Started process (PID=117) to work on /home/airflow/.local/lib/python3.12/site-packages/airflow/example_dags/example_datasets.py
[2025-01-16T17:57:36.615+0000] {processor.py:914} INFO - Processing file /home/airflow/.local/lib/python3.12/site-packages/airflow/example_dags/example_datasets.py for tasks to queue
[2025-01-16T17:57:36.619+0000] {logging_mixin.py:190} INFO - [2025-01-16T17:57:36.619+0000] {dagbag.py:588} INFO - Filling up the DagBag from /home/airflow/.local/lib/python3.12/site-packages/airflow/example_dags/example_datasets.py
[2025-01-16T17:57:37.670+0000] {processor.py:925} INFO - DAG(s) 'consume_1_or_2_with_dataset_expressions', 'dataset_consumes_1_never_scheduled', 'dataset_consumes_1_and_2', 'dataset_consumes_unknown_never_scheduled', 'consume_1_or_both_2_and_3_with_dataset_expressions', 'dataset_produces_2', 'dataset_produces_1', 'conditional_dataset_and_time_based_timetable', 'dataset_consumes_1', 'consume_1_and_2_with_dataset_expressions' retrieved from /home/airflow/.local/lib/python3.12/site-packages/airflow/example_dags/example_datasets.py
[2025-01-16T17:57:37.857+0000] {logging_mixin.py:190} INFO - [2025-01-16T17:57:37.856+0000] {override.py:1911} INFO - Created Permission View: can edit on DAG:consume_1_or_2_with_dataset_expressions
[2025-01-16T17:57:37.874+0000] {logging_mixin.py:190} INFO - [2025-01-16T17:57:37.874+0000] {override.py:1911} INFO - Created Permission View: can read on DAG:consume_1_or_2_with_dataset_expressions
[2025-01-16T17:57:37.889+0000] {logging_mixin.py:190} INFO - [2025-01-16T17:57:37.888+0000] {override.py:1911} INFO - Created Permission View: can delete on DAG:consume_1_or_2_with_dataset_expressions
[2025-01-16T17:57:37.908+0000] {logging_mixin.py:190} INFO - [2025-01-16T17:57:37.907+0000] {override.py:1911} INFO - Created Permission View: can create on DAG Run:consume_1_or_2_with_dataset_expressions
[2025-01-16T17:57:37.932+0000] {logging_mixin.py:190} INFO - [2025-01-16T17:57:37.931+0000] {override.py:1911} INFO - Created Permission View: can delete on DAG Run:consume_1_or_2_with_dataset_expressions
[2025-01-16T17:57:37.948+0000] {logging_mixin.py:190} INFO - [2025-01-16T17:57:37.947+0000] {override.py:1911} INFO - Created Permission View: can read on DAG Run:consume_1_or_2_with_dataset_expressions
[2025-01-16T17:57:37.961+0000] {logging_mixin.py:190} INFO - [2025-01-16T17:57:37.958+0000] {override.py:1911} INFO - Created Permission View: menu access on DAG Run:consume_1_or_2_with_dataset_expressions
[2025-01-16T17:57:37.987+0000] {logging_mixin.py:190} INFO - [2025-01-16T17:57:37.986+0000] {override.py:1911} INFO - Created Permission View: can edit on DAG:dataset_consumes_1_never_scheduled
[2025-01-16T17:57:37.999+0000] {logging_mixin.py:190} INFO - [2025-01-16T17:57:37.999+0000] {override.py:1911} INFO - Created Permission View: can read on DAG:dataset_consumes_1_never_scheduled
[2025-01-16T17:57:38.010+0000] {logging_mixin.py:190} INFO - [2025-01-16T17:57:38.009+0000] {override.py:1911} INFO - Created Permission View: can delete on DAG:dataset_consumes_1_never_scheduled
[2025-01-16T17:57:38.023+0000] {logging_mixin.py:190} INFO - [2025-01-16T17:57:38.023+0000] {override.py:1911} INFO - Created Permission View: can create on DAG Run:dataset_consumes_1_never_scheduled
[2025-01-16T17:57:38.037+0000] {logging_mixin.py:190} INFO - [2025-01-16T17:57:38.037+0000] {override.py:1911} INFO - Created Permission View: can delete on DAG Run:dataset_consumes_1_never_scheduled
[2025-01-16T17:57:38.050+0000] {logging_mixin.py:190} INFO - [2025-01-16T17:57:38.050+0000] {override.py:1911} INFO - Created Permission View: can read on DAG Run:dataset_consumes_1_never_scheduled
[2025-01-16T17:57:38.064+0000] {logging_mixin.py:190} INFO - [2025-01-16T17:57:38.064+0000] {override.py:1911} INFO - Created Permission View: menu access on DAG Run:dataset_consumes_1_never_scheduled
[2025-01-16T17:57:38.085+0000] {logging_mixin.py:190} INFO - [2025-01-16T17:57:38.085+0000] {override.py:1911} INFO - Created Permission View: can edit on DAG:dataset_consumes_1_and_2
[2025-01-16T17:57:38.098+0000] {logging_mixin.py:190} INFO - [2025-01-16T17:57:38.097+0000] {override.py:1911} INFO - Created Permission View: can read on DAG:dataset_consumes_1_and_2
[2025-01-16T17:57:38.108+0000] {logging_mixin.py:190} INFO - [2025-01-16T17:57:38.108+0000] {override.py:1911} INFO - Created Permission View: can delete on DAG:dataset_consumes_1_and_2
[2025-01-16T17:57:38.121+0000] {logging_mixin.py:190} INFO - [2025-01-16T17:57:38.120+0000] {override.py:1911} INFO - Created Permission View: can create on DAG Run:dataset_consumes_1_and_2
[2025-01-16T17:57:38.133+0000] {logging_mixin.py:190} INFO - [2025-01-16T17:57:38.132+0000] {override.py:1911} INFO - Created Permission View: can delete on DAG Run:dataset_consumes_1_and_2
[2025-01-16T17:57:38.142+0000] {logging_mixin.py:190} INFO - [2025-01-16T17:57:38.141+0000] {override.py:1911} INFO - Created Permission View: can read on DAG Run:dataset_consumes_1_and_2
[2025-01-16T17:57:38.153+0000] {logging_mixin.py:190} INFO - [2025-01-16T17:57:38.152+0000] {override.py:1911} INFO - Created Permission View: menu access on DAG Run:dataset_consumes_1_and_2
[2025-01-16T17:57:38.171+0000] {logging_mixin.py:190} INFO - [2025-01-16T17:57:38.171+0000] {override.py:1911} INFO - Created Permission View: can edit on DAG:dataset_consumes_unknown_never_scheduled
[2025-01-16T17:57:38.183+0000] {logging_mixin.py:190} INFO - [2025-01-16T17:57:38.182+0000] {override.py:1911} INFO - Created Permission View: can read on DAG:dataset_consumes_unknown_never_scheduled
[2025-01-16T17:57:38.192+0000] {logging_mixin.py:190} INFO - [2025-01-16T17:57:38.192+0000] {override.py:1911} INFO - Created Permission View: can delete on DAG:dataset_consumes_unknown_never_scheduled
[2025-01-16T17:57:38.206+0000] {logging_mixin.py:190} INFO - [2025-01-16T17:57:38.205+0000] {override.py:1911} INFO - Created Permission View: can create on DAG Run:dataset_consumes_unknown_never_scheduled
[2025-01-16T17:57:38.217+0000] {logging_mixin.py:190} INFO - [2025-01-16T17:57:38.217+0000] {override.py:1911} INFO - Created Permission View: can delete on DAG Run:dataset_consumes_unknown_never_scheduled
[2025-01-16T17:57:38.227+0000] {logging_mixin.py:190} INFO - [2025-01-16T17:57:38.226+0000] {override.py:1911} INFO - Created Permission View: can read on DAG Run:dataset_consumes_unknown_never_scheduled
[2025-01-16T17:57:38.241+0000] {logging_mixin.py:190} INFO - [2025-01-16T17:57:38.240+0000] {override.py:1911} INFO - Created Permission View: menu access on DAG Run:dataset_consumes_unknown_never_scheduled
[2025-01-16T17:57:38.265+0000] {logging_mixin.py:190} INFO - [2025-01-16T17:57:38.264+0000] {override.py:1911} INFO - Created Permission View: can edit on DAG:consume_1_or_both_2_and_3_with_dataset_expressions
[2025-01-16T17:57:38.274+0000] {logging_mixin.py:190} INFO - [2025-01-16T17:57:38.274+0000] {override.py:1911} INFO - Created Permission View: can read on DAG:consume_1_or_both_2_and_3_with_dataset_expressions
[2025-01-16T17:57:38.286+0000] {logging_mixin.py:190} INFO - [2025-01-16T17:57:38.286+0000] {override.py:1911} INFO - Created Permission View: can delete on DAG:consume_1_or_both_2_and_3_with_dataset_expressions
[2025-01-16T17:57:38.300+0000] {logging_mixin.py:190} INFO - [2025-01-16T17:57:38.299+0000] {override.py:1911} INFO - Created Permission View: can create on DAG Run:consume_1_or_both_2_and_3_with_dataset_expressions
[2025-01-16T17:57:38.312+0000] {logging_mixin.py:190} INFO - [2025-01-16T17:57:38.311+0000] {override.py:1911} INFO - Created Permission View: can delete on DAG Run:consume_1_or_both_2_and_3_with_dataset_expressions
[2025-01-16T17:57:38.322+0000] {logging_mixin.py:190} INFO - [2025-01-16T17:57:38.322+0000] {override.py:1911} INFO - Created Permission View: can read on DAG Run:consume_1_or_both_2_and_3_with_dataset_expressions
[2025-01-16T17:57:38.340+0000] {logging_mixin.py:190} INFO - [2025-01-16T17:57:38.339+0000] {override.py:1911} INFO - Created Permission View: menu access on DAG Run:consume_1_or_both_2_and_3_with_dataset_expressions
[2025-01-16T17:57:38.382+0000] {logging_mixin.py:190} INFO - [2025-01-16T17:57:38.381+0000] {override.py:1911} INFO - Created Permission View: can edit on DAG:dataset_produces_2
[2025-01-16T17:57:38.402+0000] {logging_mixin.py:190} INFO - [2025-01-16T17:57:38.401+0000] {override.py:1911} INFO - Created Permission View: can read on DAG:dataset_produces_2
[2025-01-16T17:57:38.420+0000] {logging_mixin.py:190} INFO - [2025-01-16T17:57:38.419+0000] {override.py:1911} INFO - Created Permission View: can delete on DAG:dataset_produces_2
[2025-01-16T17:57:38.452+0000] {logging_mixin.py:190} INFO - [2025-01-16T17:57:38.451+0000] {override.py:1911} INFO - Created Permission View: can create on DAG Run:dataset_produces_2
[2025-01-16T17:57:38.470+0000] {logging_mixin.py:190} INFO - [2025-01-16T17:57:38.470+0000] {override.py:1911} INFO - Created Permission View: can delete on DAG Run:dataset_produces_2
[2025-01-16T17:57:38.483+0000] {logging_mixin.py:190} INFO - [2025-01-16T17:57:38.482+0000] {override.py:1911} INFO - Created Permission View: can read on DAG Run:dataset_produces_2
[2025-01-16T17:57:38.491+0000] {logging_mixin.py:190} INFO - [2025-01-16T17:57:38.491+0000] {override.py:1911} INFO - Created Permission View: menu access on DAG Run:dataset_produces_2
[2025-01-16T17:57:38.510+0000] {logging_mixin.py:190} INFO - [2025-01-16T17:57:38.510+0000] {override.py:1911} INFO - Created Permission View: can edit on DAG:dataset_produces_1
[2025-01-16T17:57:38.522+0000] {logging_mixin.py:190} INFO - [2025-01-16T17:57:38.521+0000] {override.py:1911} INFO - Created Permission View: can read on DAG:dataset_produces_1
[2025-01-16T17:57:38.534+0000] {logging_mixin.py:190} INFO - [2025-01-16T17:57:38.534+0000] {override.py:1911} INFO - Created Permission View: can delete on DAG:dataset_produces_1
[2025-01-16T17:57:38.543+0000] {logging_mixin.py:190} INFO - [2025-01-16T17:57:38.543+0000] {override.py:1911} INFO - Created Permission View: can create on DAG Run:dataset_produces_1
[2025-01-16T17:57:38.553+0000] {logging_mixin.py:190} INFO - [2025-01-16T17:57:38.553+0000] {override.py:1911} INFO - Created Permission View: can delete on DAG Run:dataset_produces_1
[2025-01-16T17:57:38.566+0000] {logging_mixin.py:190} INFO - [2025-01-16T17:57:38.566+0000] {override.py:1911} INFO - Created Permission View: can read on DAG Run:dataset_produces_1
[2025-01-16T17:57:38.584+0000] {logging_mixin.py:190} INFO - [2025-01-16T17:57:38.584+0000] {override.py:1911} INFO - Created Permission View: menu access on DAG Run:dataset_produces_1
[2025-01-16T17:57:38.607+0000] {logging_mixin.py:190} INFO - [2025-01-16T17:57:38.607+0000] {override.py:1911} INFO - Created Permission View: can edit on DAG:conditional_dataset_and_time_based_timetable
[2025-01-16T17:57:38.625+0000] {logging_mixin.py:190} INFO - [2025-01-16T17:57:38.624+0000] {override.py:1911} INFO - Created Permission View: can read on DAG:conditional_dataset_and_time_based_timetable
[2025-01-16T17:57:38.639+0000] {logging_mixin.py:190} INFO - [2025-01-16T17:57:38.639+0000] {override.py:1911} INFO - Created Permission View: can delete on DAG:conditional_dataset_and_time_based_timetable
[2025-01-16T17:57:38.652+0000] {logging_mixin.py:190} INFO - [2025-01-16T17:57:38.651+0000] {override.py:1911} INFO - Created Permission View: can create on DAG Run:conditional_dataset_and_time_based_timetable
[2025-01-16T17:57:38.663+0000] {logging_mixin.py:190} INFO - [2025-01-16T17:57:38.663+0000] {override.py:1911} INFO - Created Permission View: can delete on DAG Run:conditional_dataset_and_time_based_timetable
[2025-01-16T17:57:38.672+0000] {logging_mixin.py:190} INFO - [2025-01-16T17:57:38.672+0000] {override.py:1911} INFO - Created Permission View: can read on DAG Run:conditional_dataset_and_time_based_timetable
[2025-01-16T17:57:38.683+0000] {logging_mixin.py:190} INFO - [2025-01-16T17:57:38.683+0000] {override.py:1911} INFO - Created Permission View: menu access on DAG Run:conditional_dataset_and_time_based_timetable
[2025-01-16T17:57:38.705+0000] {logging_mixin.py:190} INFO - [2025-01-16T17:57:38.705+0000] {override.py:1911} INFO - Created Permission View: can edit on DAG:dataset_consumes_1
[2025-01-16T17:57:38.718+0000] {logging_mixin.py:190} INFO - [2025-01-16T17:57:38.717+0000] {override.py:1911} INFO - Created Permission View: can read on DAG:dataset_consumes_1
[2025-01-16T17:57:38.731+0000] {logging_mixin.py:190} INFO - [2025-01-16T17:57:38.731+0000] {override.py:1911} INFO - Created Permission View: can delete on DAG:dataset_consumes_1
[2025-01-16T17:57:38.742+0000] {logging_mixin.py:190} INFO - [2025-01-16T17:57:38.741+0000] {override.py:1911} INFO - Created Permission View: can create on DAG Run:dataset_consumes_1
[2025-01-16T17:57:38.757+0000] {logging_mixin.py:190} INFO - [2025-01-16T17:57:38.757+0000] {override.py:1911} INFO - Created Permission View: can delete on DAG Run:dataset_consumes_1
[2025-01-16T17:57:38.770+0000] {logging_mixin.py:190} INFO - [2025-01-16T17:57:38.769+0000] {override.py:1911} INFO - Created Permission View: can read on DAG Run:dataset_consumes_1
[2025-01-16T17:57:38.783+0000] {logging_mixin.py:190} INFO - [2025-01-16T17:57:38.783+0000] {override.py:1911} INFO - Created Permission View: menu access on DAG Run:dataset_consumes_1
[2025-01-16T17:57:38.808+0000] {logging_mixin.py:190} INFO - [2025-01-16T17:57:38.807+0000] {override.py:1911} INFO - Created Permission View: can edit on DAG:consume_1_and_2_with_dataset_expressions
[2025-01-16T17:57:38.821+0000] {logging_mixin.py:190} INFO - [2025-01-16T17:57:38.821+0000] {override.py:1911} INFO - Created Permission View: can read on DAG:consume_1_and_2_with_dataset_expressions
[2025-01-16T17:57:38.835+0000] {logging_mixin.py:190} INFO - [2025-01-16T17:57:38.834+0000] {override.py:1911} INFO - Created Permission View: can delete on DAG:consume_1_and_2_with_dataset_expressions
[2025-01-16T17:57:38.853+0000] {logging_mixin.py:190} INFO - [2025-01-16T17:57:38.853+0000] {override.py:1911} INFO - Created Permission View: can create on DAG Run:consume_1_and_2_with_dataset_expressions
[2025-01-16T17:57:38.868+0000] {logging_mixin.py:190} INFO - [2025-01-16T17:57:38.868+0000] {override.py:1911} INFO - Created Permission View: can delete on DAG Run:consume_1_and_2_with_dataset_expressions
[2025-01-16T17:57:38.881+0000] {logging_mixin.py:190} INFO - [2025-01-16T17:57:38.881+0000] {override.py:1911} INFO - Created Permission View: can read on DAG Run:consume_1_and_2_with_dataset_expressions
[2025-01-16T17:57:38.898+0000] {logging_mixin.py:190} INFO - [2025-01-16T17:57:38.897+0000] {override.py:1911} INFO - Created Permission View: menu access on DAG Run:consume_1_and_2_with_dataset_expressions
[2025-01-16T17:57:38.899+0000] {logging_mixin.py:190} INFO - [2025-01-16T17:57:38.898+0000] {dag.py:3239} INFO - Sync 10 DAGs
[2025-01-16T17:57:38.928+0000] {logging_mixin.py:190} INFO - [2025-01-16T17:57:38.927+0000] {dag.py:3262} INFO - Creating ORM DAG for dataset_consumes_1_and_2
[2025-01-16T17:57:38.933+0000] {logging_mixin.py:190} INFO - [2025-01-16T17:57:38.932+0000] {dag.py:3262} INFO - Creating ORM DAG for consume_1_or_2_with_dataset_expressions
[2025-01-16T17:57:38.934+0000] {logging_mixin.py:190} INFO - [2025-01-16T17:57:38.934+0000] {dag.py:3262} INFO - Creating ORM DAG for consume_1_and_2_with_dataset_expressions
[2025-01-16T17:57:38.936+0000] {logging_mixin.py:190} INFO - [2025-01-16T17:57:38.935+0000] {dag.py:3262} INFO - Creating ORM DAG for dataset_consumes_1
[2025-01-16T17:57:38.938+0000] {logging_mixin.py:190} INFO - [2025-01-16T17:57:38.938+0000] {dag.py:3262} INFO - Creating ORM DAG for dataset_produces_2
[2025-01-16T17:57:38.940+0000] {logging_mixin.py:190} INFO - [2025-01-16T17:57:38.939+0000] {dag.py:3262} INFO - Creating ORM DAG for consume_1_or_both_2_and_3_with_dataset_expressions
[2025-01-16T17:57:38.941+0000] {logging_mixin.py:190} INFO - [2025-01-16T17:57:38.941+0000] {dag.py:3262} INFO - Creating ORM DAG for dataset_consumes_unknown_never_scheduled
[2025-01-16T17:57:38.945+0000] {logging_mixin.py:190} INFO - [2025-01-16T17:57:38.944+0000] {dag.py:3262} INFO - Creating ORM DAG for dataset_consumes_1_never_scheduled
[2025-01-16T17:57:38.948+0000] {logging_mixin.py:190} INFO - [2025-01-16T17:57:38.948+0000] {dag.py:3262} INFO - Creating ORM DAG for dataset_produces_1
[2025-01-16T17:57:38.951+0000] {logging_mixin.py:190} INFO - [2025-01-16T17:57:38.951+0000] {dag.py:3262} INFO - Creating ORM DAG for conditional_dataset_and_time_based_timetable
[2025-01-16T17:57:38.981+0000] {logging_mixin.py:190} INFO - [2025-01-16T17:57:38.980+0000] {dag.py:4180} INFO - Setting next_dagrun for conditional_dataset_and_time_based_timetable to 2025-01-15 01:00:00+00:00, run_after=2025-01-15 01:00:00+00:00
[2025-01-16T17:57:38.982+0000] {logging_mixin.py:190} INFO - [2025-01-16T17:57:38.982+0000] {dag.py:4180} INFO - Setting next_dagrun for consume_1_and_2_with_dataset_expressions to None, run_after=None
[2025-01-16T17:57:38.984+0000] {logging_mixin.py:190} INFO - [2025-01-16T17:57:38.983+0000] {dag.py:4180} INFO - Setting next_dagrun for consume_1_or_2_with_dataset_expressions to None, run_after=None
[2025-01-16T17:57:38.985+0000] {logging_mixin.py:190} INFO - [2025-01-16T17:57:38.985+0000] {dag.py:4180} INFO - Setting next_dagrun for consume_1_or_both_2_and_3_with_dataset_expressions to None, run_after=None
[2025-01-16T17:57:38.986+0000] {logging_mixin.py:190} INFO - [2025-01-16T17:57:38.986+0000] {dag.py:4180} INFO - Setting next_dagrun for dataset_consumes_1 to None, run_after=None
[2025-01-16T17:57:38.987+0000] {logging_mixin.py:190} INFO - [2025-01-16T17:57:38.987+0000] {dag.py:4180} INFO - Setting next_dagrun for dataset_consumes_1_and_2 to None, run_after=None
[2025-01-16T17:57:38.989+0000] {logging_mixin.py:190} INFO - [2025-01-16T17:57:38.988+0000] {dag.py:4180} INFO - Setting next_dagrun for dataset_consumes_1_never_scheduled to None, run_after=None
[2025-01-16T17:57:38.990+0000] {logging_mixin.py:190} INFO - [2025-01-16T17:57:38.990+0000] {dag.py:4180} INFO - Setting next_dagrun for dataset_consumes_unknown_never_scheduled to None, run_after=None
[2025-01-16T17:57:38.996+0000] {logging_mixin.py:190} INFO - [2025-01-16T17:57:38.995+0000] {dag.py:4180} INFO - Setting next_dagrun for dataset_produces_1 to 2025-01-15 00:00:00+00:00, run_after=2025-01-16 00:00:00+00:00
[2025-01-16T17:57:38.998+0000] {logging_mixin.py:190} INFO - [2025-01-16T17:57:38.998+0000] {dag.py:4180} INFO - Setting next_dagrun for dataset_produces_2 to None, run_after=None
[2025-01-16T17:57:39.071+0000] {processor.py:208} INFO - Processing /home/airflow/.local/lib/python3.12/site-packages/airflow/example_dags/example_datasets.py took 2.468 seconds
[2025-01-16T17:58:09.425+0000] {processor.py:186} INFO - Started process (PID=193) to work on /home/airflow/.local/lib/python3.12/site-packages/airflow/example_dags/example_datasets.py
[2025-01-16T17:58:09.437+0000] {processor.py:914} INFO - Processing file /home/airflow/.local/lib/python3.12/site-packages/airflow/example_dags/example_datasets.py for tasks to queue
[2025-01-16T17:58:09.439+0000] {logging_mixin.py:190} INFO - [2025-01-16T17:58:09.439+0000] {dagbag.py:588} INFO - Filling up the DagBag from /home/airflow/.local/lib/python3.12/site-packages/airflow/example_dags/example_datasets.py
[2025-01-16T17:58:10.018+0000] {processor.py:925} INFO - DAG(s) 'dataset_consumes_1', 'dataset_consumes_1_never_scheduled', 'dataset_consumes_unknown_never_scheduled', 'conditional_dataset_and_time_based_timetable', 'dataset_produces_2', 'consume_1_or_2_with_dataset_expressions', 'dataset_consumes_1_and_2', 'consume_1_or_both_2_and_3_with_dataset_expressions', 'dataset_produces_1', 'consume_1_and_2_with_dataset_expressions' retrieved from /home/airflow/.local/lib/python3.12/site-packages/airflow/example_dags/example_datasets.py
[2025-01-16T17:58:10.067+0000] {logging_mixin.py:190} INFO - [2025-01-16T17:58:10.067+0000] {dag.py:3239} INFO - Sync 10 DAGs
[2025-01-16T17:58:10.093+0000] {logging_mixin.py:190} INFO - [2025-01-16T17:58:10.093+0000] {dag.py:4180} INFO - Setting next_dagrun for conditional_dataset_and_time_based_timetable to 2025-01-15 01:00:00+00:00, run_after=2025-01-15 01:00:00+00:00
[2025-01-16T17:58:10.100+0000] {logging_mixin.py:190} INFO - [2025-01-16T17:58:10.100+0000] {dag.py:4180} INFO - Setting next_dagrun for consume_1_and_2_with_dataset_expressions to None, run_after=None
[2025-01-16T17:58:10.104+0000] {logging_mixin.py:190} INFO - [2025-01-16T17:58:10.103+0000] {dag.py:4180} INFO - Setting next_dagrun for consume_1_or_2_with_dataset_expressions to None, run_after=None
[2025-01-16T17:58:10.106+0000] {logging_mixin.py:190} INFO - [2025-01-16T17:58:10.106+0000] {dag.py:4180} INFO - Setting next_dagrun for consume_1_or_both_2_and_3_with_dataset_expressions to None, run_after=None
[2025-01-16T17:58:10.108+0000] {logging_mixin.py:190} INFO - [2025-01-16T17:58:10.107+0000] {dag.py:4180} INFO - Setting next_dagrun for dataset_consumes_1 to None, run_after=None
[2025-01-16T17:58:10.109+0000] {logging_mixin.py:190} INFO - [2025-01-16T17:58:10.109+0000] {dag.py:4180} INFO - Setting next_dagrun for dataset_consumes_1_and_2 to None, run_after=None
[2025-01-16T17:58:10.111+0000] {logging_mixin.py:190} INFO - [2025-01-16T17:58:10.111+0000] {dag.py:4180} INFO - Setting next_dagrun for dataset_consumes_1_never_scheduled to None, run_after=None
[2025-01-16T17:58:10.116+0000] {logging_mixin.py:190} INFO - [2025-01-16T17:58:10.115+0000] {dag.py:4180} INFO - Setting next_dagrun for dataset_consumes_unknown_never_scheduled to None, run_after=None
[2025-01-16T17:58:10.119+0000] {logging_mixin.py:190} INFO - [2025-01-16T17:58:10.119+0000] {dag.py:4180} INFO - Setting next_dagrun for dataset_produces_1 to 2025-01-15 00:00:00+00:00, run_after=2025-01-16 00:00:00+00:00
[2025-01-16T17:58:10.121+0000] {logging_mixin.py:190} INFO - [2025-01-16T17:58:10.121+0000] {dag.py:4180} INFO - Setting next_dagrun for dataset_produces_2 to None, run_after=None
[2025-01-16T17:58:10.165+0000] {processor.py:208} INFO - Processing /home/airflow/.local/lib/python3.12/site-packages/airflow/example_dags/example_datasets.py took 0.744 seconds
[2025-01-16T17:58:40.462+0000] {processor.py:186} INFO - Started process (PID=265) to work on /home/airflow/.local/lib/python3.12/site-packages/airflow/example_dags/example_datasets.py
[2025-01-16T17:58:40.462+0000] {processor.py:914} INFO - Processing file /home/airflow/.local/lib/python3.12/site-packages/airflow/example_dags/example_datasets.py for tasks to queue
[2025-01-16T17:58:40.465+0000] {logging_mixin.py:190} INFO - [2025-01-16T17:58:40.464+0000] {dagbag.py:588} INFO - Filling up the DagBag from /home/airflow/.local/lib/python3.12/site-packages/airflow/example_dags/example_datasets.py
[2025-01-16T17:58:41.001+0000] {processor.py:925} INFO - DAG(s) 'conditional_dataset_and_time_based_timetable', 'dataset_consumes_1_and_2', 'dataset_consumes_unknown_never_scheduled', 'dataset_produces_1', 'dataset_produces_2', 'dataset_consumes_1', 'consume_1_and_2_with_dataset_expressions', 'dataset_consumes_1_never_scheduled', 'consume_1_or_2_with_dataset_expressions', 'consume_1_or_both_2_and_3_with_dataset_expressions' retrieved from /home/airflow/.local/lib/python3.12/site-packages/airflow/example_dags/example_datasets.py
[2025-01-16T17:58:41.044+0000] {logging_mixin.py:190} INFO - [2025-01-16T17:58:41.044+0000] {dag.py:3239} INFO - Sync 10 DAGs
[2025-01-16T17:58:41.069+0000] {logging_mixin.py:190} INFO - [2025-01-16T17:58:41.068+0000] {dag.py:4180} INFO - Setting next_dagrun for conditional_dataset_and_time_based_timetable to 2025-01-15 01:00:00+00:00, run_after=2025-01-15 01:00:00+00:00
[2025-01-16T17:58:41.073+0000] {logging_mixin.py:190} INFO - [2025-01-16T17:58:41.073+0000] {dag.py:4180} INFO - Setting next_dagrun for consume_1_and_2_with_dataset_expressions to None, run_after=None
[2025-01-16T17:58:41.075+0000] {logging_mixin.py:190} INFO - [2025-01-16T17:58:41.075+0000] {dag.py:4180} INFO - Setting next_dagrun for consume_1_or_2_with_dataset_expressions to None, run_after=None
[2025-01-16T17:58:41.077+0000] {logging_mixin.py:190} INFO - [2025-01-16T17:58:41.077+0000] {dag.py:4180} INFO - Setting next_dagrun for consume_1_or_both_2_and_3_with_dataset_expressions to None, run_after=None
[2025-01-16T17:58:41.080+0000] {logging_mixin.py:190} INFO - [2025-01-16T17:58:41.079+0000] {dag.py:4180} INFO - Setting next_dagrun for dataset_consumes_1 to None, run_after=None
[2025-01-16T17:58:41.082+0000] {logging_mixin.py:190} INFO - [2025-01-16T17:58:41.081+0000] {dag.py:4180} INFO - Setting next_dagrun for dataset_consumes_1_and_2 to None, run_after=None
[2025-01-16T17:58:41.085+0000] {logging_mixin.py:190} INFO - [2025-01-16T17:58:41.084+0000] {dag.py:4180} INFO - Setting next_dagrun for dataset_consumes_1_never_scheduled to None, run_after=None
[2025-01-16T17:58:41.087+0000] {logging_mixin.py:190} INFO - [2025-01-16T17:58:41.086+0000] {dag.py:4180} INFO - Setting next_dagrun for dataset_consumes_unknown_never_scheduled to None, run_after=None
[2025-01-16T17:58:41.089+0000] {logging_mixin.py:190} INFO - [2025-01-16T17:58:41.089+0000] {dag.py:4180} INFO - Setting next_dagrun for dataset_produces_1 to 2025-01-15 00:00:00+00:00, run_after=2025-01-16 00:00:00+00:00
[2025-01-16T17:58:41.091+0000] {logging_mixin.py:190} INFO - [2025-01-16T17:58:41.091+0000] {dag.py:4180} INFO - Setting next_dagrun for dataset_produces_2 to None, run_after=None
[2025-01-16T17:58:41.133+0000] {processor.py:208} INFO - Processing /home/airflow/.local/lib/python3.12/site-packages/airflow/example_dags/example_datasets.py took 0.676 seconds
[2025-01-16T17:59:11.854+0000] {processor.py:186} INFO - Started process (PID=330) to work on /home/airflow/.local/lib/python3.12/site-packages/airflow/example_dags/example_datasets.py
[2025-01-16T17:59:11.856+0000] {processor.py:914} INFO - Processing file /home/airflow/.local/lib/python3.12/site-packages/airflow/example_dags/example_datasets.py for tasks to queue
[2025-01-16T17:59:11.858+0000] {logging_mixin.py:190} INFO - [2025-01-16T17:59:11.858+0000] {dagbag.py:588} INFO - Filling up the DagBag from /home/airflow/.local/lib/python3.12/site-packages/airflow/example_dags/example_datasets.py
[2025-01-16T17:59:12.543+0000] {processor.py:925} INFO - DAG(s) 'consume_1_and_2_with_dataset_expressions', 'dataset_consumes_1', 'dataset_produces_1', 'dataset_consumes_1_never_scheduled', 'dataset_consumes_1_and_2', 'consume_1_or_both_2_and_3_with_dataset_expressions', 'dataset_produces_2', 'consume_1_or_2_with_dataset_expressions', 'dataset_consumes_unknown_never_scheduled', 'conditional_dataset_and_time_based_timetable' retrieved from /home/airflow/.local/lib/python3.12/site-packages/airflow/example_dags/example_datasets.py
[2025-01-16T17:59:12.593+0000] {logging_mixin.py:190} INFO - [2025-01-16T17:59:12.593+0000] {dag.py:3239} INFO - Sync 10 DAGs
[2025-01-16T17:59:12.624+0000] {logging_mixin.py:190} INFO - [2025-01-16T17:59:12.624+0000] {dag.py:4180} INFO - Setting next_dagrun for conditional_dataset_and_time_based_timetable to 2025-01-15 01:00:00+00:00, run_after=2025-01-15 01:00:00+00:00
[2025-01-16T17:59:12.629+0000] {logging_mixin.py:190} INFO - [2025-01-16T17:59:12.629+0000] {dag.py:4180} INFO - Setting next_dagrun for consume_1_and_2_with_dataset_expressions to None, run_after=None
[2025-01-16T17:59:12.631+0000] {logging_mixin.py:190} INFO - [2025-01-16T17:59:12.631+0000] {dag.py:4180} INFO - Setting next_dagrun for consume_1_or_2_with_dataset_expressions to None, run_after=None
[2025-01-16T17:59:12.633+0000] {logging_mixin.py:190} INFO - [2025-01-16T17:59:12.633+0000] {dag.py:4180} INFO - Setting next_dagrun for consume_1_or_both_2_and_3_with_dataset_expressions to None, run_after=None
[2025-01-16T17:59:12.635+0000] {logging_mixin.py:190} INFO - [2025-01-16T17:59:12.635+0000] {dag.py:4180} INFO - Setting next_dagrun for dataset_consumes_1 to None, run_after=None
[2025-01-16T17:59:12.636+0000] {logging_mixin.py:190} INFO - [2025-01-16T17:59:12.636+0000] {dag.py:4180} INFO - Setting next_dagrun for dataset_consumes_1_and_2 to None, run_after=None
[2025-01-16T17:59:12.639+0000] {logging_mixin.py:190} INFO - [2025-01-16T17:59:12.638+0000] {dag.py:4180} INFO - Setting next_dagrun for dataset_consumes_1_never_scheduled to None, run_after=None
[2025-01-16T17:59:12.641+0000] {logging_mixin.py:190} INFO - [2025-01-16T17:59:12.641+0000] {dag.py:4180} INFO - Setting next_dagrun for dataset_consumes_unknown_never_scheduled to None, run_after=None
[2025-01-16T17:59:12.645+0000] {logging_mixin.py:190} INFO - [2025-01-16T17:59:12.645+0000] {dag.py:4180} INFO - Setting next_dagrun for dataset_produces_1 to 2025-01-15 00:00:00+00:00, run_after=2025-01-16 00:00:00+00:00
[2025-01-16T17:59:12.647+0000] {logging_mixin.py:190} INFO - [2025-01-16T17:59:12.647+0000] {dag.py:4180} INFO - Setting next_dagrun for dataset_produces_2 to None, run_after=None
[2025-01-16T17:59:12.687+0000] {processor.py:208} INFO - Processing /home/airflow/.local/lib/python3.12/site-packages/airflow/example_dags/example_datasets.py took 0.839 seconds
[2025-01-16T17:59:42.776+0000] {processor.py:186} INFO - Started process (PID=395) to work on /home/airflow/.local/lib/python3.12/site-packages/airflow/example_dags/example_datasets.py
[2025-01-16T17:59:42.778+0000] {processor.py:914} INFO - Processing file /home/airflow/.local/lib/python3.12/site-packages/airflow/example_dags/example_datasets.py for tasks to queue
[2025-01-16T17:59:42.780+0000] {logging_mixin.py:190} INFO - [2025-01-16T17:59:42.780+0000] {dagbag.py:588} INFO - Filling up the DagBag from /home/airflow/.local/lib/python3.12/site-packages/airflow/example_dags/example_datasets.py
[2025-01-16T17:59:43.260+0000] {processor.py:925} INFO - DAG(s) 'dataset_produces_1', 'consume_1_or_2_with_dataset_expressions', 'consume_1_and_2_with_dataset_expressions', 'dataset_consumes_1_never_scheduled', 'dataset_consumes_1_and_2', 'dataset_produces_2', 'consume_1_or_both_2_and_3_with_dataset_expressions', 'conditional_dataset_and_time_based_timetable', 'dataset_consumes_unknown_never_scheduled', 'dataset_consumes_1' retrieved from /home/airflow/.local/lib/python3.12/site-packages/airflow/example_dags/example_datasets.py
[2025-01-16T17:59:43.304+0000] {logging_mixin.py:190} INFO - [2025-01-16T17:59:43.304+0000] {dag.py:3239} INFO - Sync 10 DAGs
[2025-01-16T17:59:43.327+0000] {logging_mixin.py:190} INFO - [2025-01-16T17:59:43.326+0000] {dag.py:4180} INFO - Setting next_dagrun for conditional_dataset_and_time_based_timetable to 2025-01-15 01:00:00+00:00, run_after=2025-01-15 01:00:00+00:00
[2025-01-16T17:59:43.331+0000] {logging_mixin.py:190} INFO - [2025-01-16T17:59:43.330+0000] {dag.py:4180} INFO - Setting next_dagrun for consume_1_and_2_with_dataset_expressions to None, run_after=None
[2025-01-16T17:59:43.334+0000] {logging_mixin.py:190} INFO - [2025-01-16T17:59:43.334+0000] {dag.py:4180} INFO - Setting next_dagrun for consume_1_or_2_with_dataset_expressions to None, run_after=None
[2025-01-16T17:59:43.335+0000] {logging_mixin.py:190} INFO - [2025-01-16T17:59:43.335+0000] {dag.py:4180} INFO - Setting next_dagrun for consume_1_or_both_2_and_3_with_dataset_expressions to None, run_after=None
[2025-01-16T17:59:43.337+0000] {logging_mixin.py:190} INFO - [2025-01-16T17:59:43.336+0000] {dag.py:4180} INFO - Setting next_dagrun for dataset_consumes_1 to None, run_after=None
[2025-01-16T17:59:43.338+0000] {logging_mixin.py:190} INFO - [2025-01-16T17:59:43.338+0000] {dag.py:4180} INFO - Setting next_dagrun for dataset_consumes_1_and_2 to None, run_after=None
[2025-01-16T17:59:43.339+0000] {logging_mixin.py:190} INFO - [2025-01-16T17:59:43.339+0000] {dag.py:4180} INFO - Setting next_dagrun for dataset_consumes_1_never_scheduled to None, run_after=None
[2025-01-16T17:59:43.340+0000] {logging_mixin.py:190} INFO - [2025-01-16T17:59:43.340+0000] {dag.py:4180} INFO - Setting next_dagrun for dataset_consumes_unknown_never_scheduled to None, run_after=None
[2025-01-16T17:59:43.343+0000] {logging_mixin.py:190} INFO - [2025-01-16T17:59:43.343+0000] {dag.py:4180} INFO - Setting next_dagrun for dataset_produces_1 to 2025-01-15 00:00:00+00:00, run_after=2025-01-16 00:00:00+00:00
[2025-01-16T17:59:43.345+0000] {logging_mixin.py:190} INFO - [2025-01-16T17:59:43.345+0000] {dag.py:4180} INFO - Setting next_dagrun for dataset_produces_2 to None, run_after=None
[2025-01-16T17:59:43.378+0000] {processor.py:208} INFO - Processing /home/airflow/.local/lib/python3.12/site-packages/airflow/example_dags/example_datasets.py took 0.607 seconds
[2025-01-16T18:00:13.478+0000] {processor.py:186} INFO - Started process (PID=460) to work on /home/airflow/.local/lib/python3.12/site-packages/airflow/example_dags/example_datasets.py
[2025-01-16T18:00:13.479+0000] {processor.py:914} INFO - Processing file /home/airflow/.local/lib/python3.12/site-packages/airflow/example_dags/example_datasets.py for tasks to queue
[2025-01-16T18:00:13.482+0000] {logging_mixin.py:190} INFO - [2025-01-16T18:00:13.481+0000] {dagbag.py:588} INFO - Filling up the DagBag from /home/airflow/.local/lib/python3.12/site-packages/airflow/example_dags/example_datasets.py
[2025-01-16T18:00:14.140+0000] {processor.py:925} INFO - DAG(s) 'dataset_consumes_1_and_2', 'dataset_consumes_1_never_scheduled', 'conditional_dataset_and_time_based_timetable', 'consume_1_and_2_with_dataset_expressions', 'dataset_consumes_unknown_never_scheduled', 'dataset_produces_2', 'dataset_produces_1', 'dataset_consumes_1', 'consume_1_or_both_2_and_3_with_dataset_expressions', 'consume_1_or_2_with_dataset_expressions' retrieved from /home/airflow/.local/lib/python3.12/site-packages/airflow/example_dags/example_datasets.py
[2025-01-16T18:00:14.205+0000] {logging_mixin.py:190} INFO - [2025-01-16T18:00:14.204+0000] {dag.py:3239} INFO - Sync 10 DAGs
[2025-01-16T18:00:14.242+0000] {logging_mixin.py:190} INFO - [2025-01-16T18:00:14.241+0000] {dag.py:4180} INFO - Setting next_dagrun for conditional_dataset_and_time_based_timetable to 2025-01-15 01:00:00+00:00, run_after=2025-01-15 01:00:00+00:00
[2025-01-16T18:00:14.246+0000] {logging_mixin.py:190} INFO - [2025-01-16T18:00:14.246+0000] {dag.py:4180} INFO - Setting next_dagrun for consume_1_and_2_with_dataset_expressions to None, run_after=None
[2025-01-16T18:00:14.251+0000] {logging_mixin.py:190} INFO - [2025-01-16T18:00:14.250+0000] {dag.py:4180} INFO - Setting next_dagrun for consume_1_or_2_with_dataset_expressions to None, run_after=None
[2025-01-16T18:00:14.254+0000] {logging_mixin.py:190} INFO - [2025-01-16T18:00:14.253+0000] {dag.py:4180} INFO - Setting next_dagrun for consume_1_or_both_2_and_3_with_dataset_expressions to None, run_after=None
[2025-01-16T18:00:14.257+0000] {logging_mixin.py:190} INFO - [2025-01-16T18:00:14.256+0000] {dag.py:4180} INFO - Setting next_dagrun for dataset_consumes_1 to None, run_after=None
[2025-01-16T18:00:14.260+0000] {logging_mixin.py:190} INFO - [2025-01-16T18:00:14.259+0000] {dag.py:4180} INFO - Setting next_dagrun for dataset_consumes_1_and_2 to None, run_after=None
[2025-01-16T18:00:14.262+0000] {logging_mixin.py:190} INFO - [2025-01-16T18:00:14.261+0000] {dag.py:4180} INFO - Setting next_dagrun for dataset_consumes_1_never_scheduled to None, run_after=None
[2025-01-16T18:00:14.269+0000] {logging_mixin.py:190} INFO - [2025-01-16T18:00:14.268+0000] {dag.py:4180} INFO - Setting next_dagrun for dataset_consumes_unknown_never_scheduled to None, run_after=None
[2025-01-16T18:00:14.275+0000] {logging_mixin.py:190} INFO - [2025-01-16T18:00:14.275+0000] {dag.py:4180} INFO - Setting next_dagrun for dataset_produces_1 to 2025-01-15 00:00:00+00:00, run_after=2025-01-16 00:00:00+00:00
[2025-01-16T18:00:14.279+0000] {logging_mixin.py:190} INFO - [2025-01-16T18:00:14.278+0000] {dag.py:4180} INFO - Setting next_dagrun for dataset_produces_2 to None, run_after=None
[2025-01-16T18:00:14.338+0000] {processor.py:208} INFO - Processing /home/airflow/.local/lib/python3.12/site-packages/airflow/example_dags/example_datasets.py took 0.865 seconds
[2025-01-16T18:00:44.686+0000] {processor.py:186} INFO - Started process (PID=525) to work on /home/airflow/.local/lib/python3.12/site-packages/airflow/example_dags/example_datasets.py
[2025-01-16T18:00:44.688+0000] {processor.py:914} INFO - Processing file /home/airflow/.local/lib/python3.12/site-packages/airflow/example_dags/example_datasets.py for tasks to queue
[2025-01-16T18:00:44.690+0000] {logging_mixin.py:190} INFO - [2025-01-16T18:00:44.690+0000] {dagbag.py:588} INFO - Filling up the DagBag from /home/airflow/.local/lib/python3.12/site-packages/airflow/example_dags/example_datasets.py
[2025-01-16T18:00:45.226+0000] {processor.py:925} INFO - DAG(s) 'dataset_produces_2', 'consume_1_or_both_2_and_3_with_dataset_expressions', 'dataset_consumes_unknown_never_scheduled', 'conditional_dataset_and_time_based_timetable', 'dataset_consumes_1', 'dataset_consumes_1_and_2', 'consume_1_or_2_with_dataset_expressions', 'consume_1_and_2_with_dataset_expressions', 'dataset_produces_1', 'dataset_consumes_1_never_scheduled' retrieved from /home/airflow/.local/lib/python3.12/site-packages/airflow/example_dags/example_datasets.py
[2025-01-16T18:00:45.284+0000] {logging_mixin.py:190} INFO - [2025-01-16T18:00:45.283+0000] {dag.py:3239} INFO - Sync 10 DAGs
[2025-01-16T18:00:45.312+0000] {logging_mixin.py:190} INFO - [2025-01-16T18:00:45.312+0000] {dag.py:4180} INFO - Setting next_dagrun for conditional_dataset_and_time_based_timetable to 2025-01-15 01:00:00+00:00, run_after=2025-01-15 01:00:00+00:00
[2025-01-16T18:00:45.318+0000] {logging_mixin.py:190} INFO - [2025-01-16T18:00:45.317+0000] {dag.py:4180} INFO - Setting next_dagrun for consume_1_and_2_with_dataset_expressions to None, run_after=None
[2025-01-16T18:00:45.321+0000] {logging_mixin.py:190} INFO - [2025-01-16T18:00:45.321+0000] {dag.py:4180} INFO - Setting next_dagrun for consume_1_or_2_with_dataset_expressions to None, run_after=None
[2025-01-16T18:00:45.324+0000] {logging_mixin.py:190} INFO - [2025-01-16T18:00:45.324+0000] {dag.py:4180} INFO - Setting next_dagrun for consume_1_or_both_2_and_3_with_dataset_expressions to None, run_after=None
[2025-01-16T18:00:45.326+0000] {logging_mixin.py:190} INFO - [2025-01-16T18:00:45.326+0000] {dag.py:4180} INFO - Setting next_dagrun for dataset_consumes_1 to None, run_after=None
[2025-01-16T18:00:45.329+0000] {logging_mixin.py:190} INFO - [2025-01-16T18:00:45.328+0000] {dag.py:4180} INFO - Setting next_dagrun for dataset_consumes_1_and_2 to None, run_after=None
[2025-01-16T18:00:45.331+0000] {logging_mixin.py:190} INFO - [2025-01-16T18:00:45.331+0000] {dag.py:4180} INFO - Setting next_dagrun for dataset_consumes_1_never_scheduled to None, run_after=None
[2025-01-16T18:00:45.334+0000] {logging_mixin.py:190} INFO - [2025-01-16T18:00:45.334+0000] {dag.py:4180} INFO - Setting next_dagrun for dataset_consumes_unknown_never_scheduled to None, run_after=None
[2025-01-16T18:00:45.340+0000] {logging_mixin.py:190} INFO - [2025-01-16T18:00:45.339+0000] {dag.py:4180} INFO - Setting next_dagrun for dataset_produces_1 to 2025-01-15 00:00:00+00:00, run_after=2025-01-16 00:00:00+00:00
[2025-01-16T18:00:45.342+0000] {logging_mixin.py:190} INFO - [2025-01-16T18:00:45.341+0000] {dag.py:4180} INFO - Setting next_dagrun for dataset_produces_2 to None, run_after=None
[2025-01-16T18:00:45.385+0000] {processor.py:208} INFO - Processing /home/airflow/.local/lib/python3.12/site-packages/airflow/example_dags/example_datasets.py took 0.705 seconds
[2025-01-16T18:01:15.599+0000] {processor.py:186} INFO - Started process (PID=590) to work on /home/airflow/.local/lib/python3.12/site-packages/airflow/example_dags/example_datasets.py
[2025-01-16T18:01:15.601+0000] {processor.py:914} INFO - Processing file /home/airflow/.local/lib/python3.12/site-packages/airflow/example_dags/example_datasets.py for tasks to queue
[2025-01-16T18:01:15.603+0000] {logging_mixin.py:190} INFO - [2025-01-16T18:01:15.603+0000] {dagbag.py:588} INFO - Filling up the DagBag from /home/airflow/.local/lib/python3.12/site-packages/airflow/example_dags/example_datasets.py
[2025-01-16T18:01:16.186+0000] {processor.py:925} INFO - DAG(s) 'consume_1_or_both_2_and_3_with_dataset_expressions', 'consume_1_and_2_with_dataset_expressions', 'consume_1_or_2_with_dataset_expressions', 'conditional_dataset_and_time_based_timetable', 'dataset_consumes_1_and_2', 'dataset_produces_2', 'dataset_consumes_1_never_scheduled', 'dataset_consumes_unknown_never_scheduled', 'dataset_consumes_1', 'dataset_produces_1' retrieved from /home/airflow/.local/lib/python3.12/site-packages/airflow/example_dags/example_datasets.py
[2025-01-16T18:01:16.231+0000] {logging_mixin.py:190} INFO - [2025-01-16T18:01:16.231+0000] {dag.py:3239} INFO - Sync 10 DAGs
[2025-01-16T18:01:16.259+0000] {logging_mixin.py:190} INFO - [2025-01-16T18:01:16.258+0000] {dag.py:4180} INFO - Setting next_dagrun for conditional_dataset_and_time_based_timetable to 2025-01-15 01:00:00+00:00, run_after=2025-01-15 01:00:00+00:00
[2025-01-16T18:01:16.263+0000] {logging_mixin.py:190} INFO - [2025-01-16T18:01:16.263+0000] {dag.py:4180} INFO - Setting next_dagrun for consume_1_and_2_with_dataset_expressions to None, run_after=None
[2025-01-16T18:01:16.267+0000] {logging_mixin.py:190} INFO - [2025-01-16T18:01:16.267+0000] {dag.py:4180} INFO - Setting next_dagrun for consume_1_or_2_with_dataset_expressions to None, run_after=None
[2025-01-16T18:01:16.269+0000] {logging_mixin.py:190} INFO - [2025-01-16T18:01:16.269+0000] {dag.py:4180} INFO - Setting next_dagrun for consume_1_or_both_2_and_3_with_dataset_expressions to None, run_after=None
[2025-01-16T18:01:16.272+0000] {logging_mixin.py:190} INFO - [2025-01-16T18:01:16.271+0000] {dag.py:4180} INFO - Setting next_dagrun for dataset_consumes_1 to None, run_after=None
[2025-01-16T18:01:16.275+0000] {logging_mixin.py:190} INFO - [2025-01-16T18:01:16.275+0000] {dag.py:4180} INFO - Setting next_dagrun for dataset_consumes_1_and_2 to None, run_after=None
[2025-01-16T18:01:16.277+0000] {logging_mixin.py:190} INFO - [2025-01-16T18:01:16.277+0000] {dag.py:4180} INFO - Setting next_dagrun for dataset_consumes_1_never_scheduled to None, run_after=None
[2025-01-16T18:01:16.279+0000] {logging_mixin.py:190} INFO - [2025-01-16T18:01:16.279+0000] {dag.py:4180} INFO - Setting next_dagrun for dataset_consumes_unknown_never_scheduled to None, run_after=None
[2025-01-16T18:01:16.285+0000] {logging_mixin.py:190} INFO - [2025-01-16T18:01:16.284+0000] {dag.py:4180} INFO - Setting next_dagrun for dataset_produces_1 to 2025-01-15 00:00:00+00:00, run_after=2025-01-16 00:00:00+00:00
[2025-01-16T18:01:16.288+0000] {logging_mixin.py:190} INFO - [2025-01-16T18:01:16.288+0000] {dag.py:4180} INFO - Setting next_dagrun for dataset_produces_2 to None, run_after=None
[2025-01-16T18:01:16.347+0000] {processor.py:208} INFO - Processing /home/airflow/.local/lib/python3.12/site-packages/airflow/example_dags/example_datasets.py took 0.754 seconds
[2025-01-16T18:01:47.142+0000] {processor.py:186} INFO - Started process (PID=655) to work on /home/airflow/.local/lib/python3.12/site-packages/airflow/example_dags/example_datasets.py
[2025-01-16T18:01:47.148+0000] {processor.py:914} INFO - Processing file /home/airflow/.local/lib/python3.12/site-packages/airflow/example_dags/example_datasets.py for tasks to queue
[2025-01-16T18:01:47.161+0000] {logging_mixin.py:190} INFO - [2025-01-16T18:01:47.159+0000] {dagbag.py:588} INFO - Filling up the DagBag from /home/airflow/.local/lib/python3.12/site-packages/airflow/example_dags/example_datasets.py
[2025-01-16T18:01:48.763+0000] {processor.py:925} INFO - DAG(s) 'dataset_consumes_1', 'conditional_dataset_and_time_based_timetable', 'consume_1_or_2_with_dataset_expressions', 'dataset_produces_1', 'dataset_produces_2', 'dataset_consumes_unknown_never_scheduled', 'dataset_consumes_1_and_2', 'consume_1_and_2_with_dataset_expressions', 'dataset_consumes_1_never_scheduled', 'consume_1_or_both_2_and_3_with_dataset_expressions' retrieved from /home/airflow/.local/lib/python3.12/site-packages/airflow/example_dags/example_datasets.py
[2025-01-16T18:01:48.853+0000] {logging_mixin.py:190} INFO - [2025-01-16T18:01:48.853+0000] {dag.py:3239} INFO - Sync 10 DAGs
[2025-01-16T18:01:48.912+0000] {logging_mixin.py:190} INFO - [2025-01-16T18:01:48.911+0000] {dag.py:4180} INFO - Setting next_dagrun for conditional_dataset_and_time_based_timetable to 2025-01-15 01:00:00+00:00, run_after=2025-01-15 01:00:00+00:00
[2025-01-16T18:01:48.923+0000] {logging_mixin.py:190} INFO - [2025-01-16T18:01:48.922+0000] {dag.py:4180} INFO - Setting next_dagrun for consume_1_and_2_with_dataset_expressions to None, run_after=None
[2025-01-16T18:01:48.926+0000] {logging_mixin.py:190} INFO - [2025-01-16T18:01:48.926+0000] {dag.py:4180} INFO - Setting next_dagrun for consume_1_or_2_with_dataset_expressions to None, run_after=None
[2025-01-16T18:01:48.938+0000] {logging_mixin.py:190} INFO - [2025-01-16T18:01:48.937+0000] {dag.py:4180} INFO - Setting next_dagrun for consume_1_or_both_2_and_3_with_dataset_expressions to None, run_after=None
[2025-01-16T18:01:48.942+0000] {logging_mixin.py:190} INFO - [2025-01-16T18:01:48.941+0000] {dag.py:4180} INFO - Setting next_dagrun for dataset_consumes_1 to None, run_after=None
[2025-01-16T18:01:48.946+0000] {logging_mixin.py:190} INFO - [2025-01-16T18:01:48.945+0000] {dag.py:4180} INFO - Setting next_dagrun for dataset_consumes_1_and_2 to None, run_after=None
[2025-01-16T18:01:48.951+0000] {logging_mixin.py:190} INFO - [2025-01-16T18:01:48.950+0000] {dag.py:4180} INFO - Setting next_dagrun for dataset_consumes_1_never_scheduled to None, run_after=None
[2025-01-16T18:01:48.961+0000] {logging_mixin.py:190} INFO - [2025-01-16T18:01:48.954+0000] {dag.py:4180} INFO - Setting next_dagrun for dataset_consumes_unknown_never_scheduled to None, run_after=None
[2025-01-16T18:01:48.968+0000] {logging_mixin.py:190} INFO - [2025-01-16T18:01:48.967+0000] {dag.py:4180} INFO - Setting next_dagrun for dataset_produces_1 to 2025-01-15 00:00:00+00:00, run_after=2025-01-16 00:00:00+00:00
[2025-01-16T18:01:48.988+0000] {logging_mixin.py:190} INFO - [2025-01-16T18:01:48.988+0000] {dag.py:4180} INFO - Setting next_dagrun for dataset_produces_2 to None, run_after=None
[2025-01-16T18:01:49.134+0000] {processor.py:208} INFO - Processing /home/airflow/.local/lib/python3.12/site-packages/airflow/example_dags/example_datasets.py took 2.009 seconds
[2025-01-16T18:02:19.898+0000] {processor.py:186} INFO - Started process (PID=721) to work on /home/airflow/.local/lib/python3.12/site-packages/airflow/example_dags/example_datasets.py
[2025-01-16T18:02:19.901+0000] {processor.py:914} INFO - Processing file /home/airflow/.local/lib/python3.12/site-packages/airflow/example_dags/example_datasets.py for tasks to queue
[2025-01-16T18:02:19.904+0000] {logging_mixin.py:190} INFO - [2025-01-16T18:02:19.904+0000] {dagbag.py:588} INFO - Filling up the DagBag from /home/airflow/.local/lib/python3.12/site-packages/airflow/example_dags/example_datasets.py
[2025-01-16T18:02:20.800+0000] {processor.py:925} INFO - DAG(s) 'consume_1_and_2_with_dataset_expressions', 'conditional_dataset_and_time_based_timetable', 'dataset_produces_2', 'dataset_consumes_1_and_2', 'dataset_produces_1', 'dataset_consumes_1_never_scheduled', 'dataset_consumes_1', 'consume_1_or_2_with_dataset_expressions', 'consume_1_or_both_2_and_3_with_dataset_expressions', 'dataset_consumes_unknown_never_scheduled' retrieved from /home/airflow/.local/lib/python3.12/site-packages/airflow/example_dags/example_datasets.py
[2025-01-16T18:02:20.868+0000] {logging_mixin.py:190} INFO - [2025-01-16T18:02:20.867+0000] {dag.py:3239} INFO - Sync 10 DAGs
[2025-01-16T18:02:20.902+0000] {logging_mixin.py:190} INFO - [2025-01-16T18:02:20.902+0000] {dag.py:4180} INFO - Setting next_dagrun for conditional_dataset_and_time_based_timetable to 2025-01-15 01:00:00+00:00, run_after=2025-01-15 01:00:00+00:00
[2025-01-16T18:02:20.907+0000] {logging_mixin.py:190} INFO - [2025-01-16T18:02:20.907+0000] {dag.py:4180} INFO - Setting next_dagrun for consume_1_and_2_with_dataset_expressions to None, run_after=None
[2025-01-16T18:02:20.909+0000] {logging_mixin.py:190} INFO - [2025-01-16T18:02:20.909+0000] {dag.py:4180} INFO - Setting next_dagrun for consume_1_or_2_with_dataset_expressions to None, run_after=None
[2025-01-16T18:02:20.912+0000] {logging_mixin.py:190} INFO - [2025-01-16T18:02:20.911+0000] {dag.py:4180} INFO - Setting next_dagrun for consume_1_or_both_2_and_3_with_dataset_expressions to None, run_after=None
[2025-01-16T18:02:20.915+0000] {logging_mixin.py:190} INFO - [2025-01-16T18:02:20.914+0000] {dag.py:4180} INFO - Setting next_dagrun for dataset_consumes_1 to None, run_after=None
[2025-01-16T18:02:20.918+0000] {logging_mixin.py:190} INFO - [2025-01-16T18:02:20.918+0000] {dag.py:4180} INFO - Setting next_dagrun for dataset_consumes_1_and_2 to None, run_after=None
[2025-01-16T18:02:20.921+0000] {logging_mixin.py:190} INFO - [2025-01-16T18:02:20.921+0000] {dag.py:4180} INFO - Setting next_dagrun for dataset_consumes_1_never_scheduled to None, run_after=None
[2025-01-16T18:02:20.923+0000] {logging_mixin.py:190} INFO - [2025-01-16T18:02:20.923+0000] {dag.py:4180} INFO - Setting next_dagrun for dataset_consumes_unknown_never_scheduled to None, run_after=None
[2025-01-16T18:02:20.927+0000] {logging_mixin.py:190} INFO - [2025-01-16T18:02:20.926+0000] {dag.py:4180} INFO - Setting next_dagrun for dataset_produces_1 to 2025-01-15 00:00:00+00:00, run_after=2025-01-16 00:00:00+00:00
[2025-01-16T18:02:20.930+0000] {logging_mixin.py:190} INFO - [2025-01-16T18:02:20.929+0000] {dag.py:4180} INFO - Setting next_dagrun for dataset_produces_2 to None, run_after=None
[2025-01-16T18:02:20.996+0000] {processor.py:208} INFO - Processing /home/airflow/.local/lib/python3.12/site-packages/airflow/example_dags/example_datasets.py took 1.106 seconds
[2025-01-16T18:02:51.075+0000] {processor.py:186} INFO - Started process (PID=786) to work on /home/airflow/.local/lib/python3.12/site-packages/airflow/example_dags/example_datasets.py
[2025-01-16T18:02:51.076+0000] {processor.py:914} INFO - Processing file /home/airflow/.local/lib/python3.12/site-packages/airflow/example_dags/example_datasets.py for tasks to queue
[2025-01-16T18:02:51.078+0000] {logging_mixin.py:190} INFO - [2025-01-16T18:02:51.077+0000] {dagbag.py:588} INFO - Filling up the DagBag from /home/airflow/.local/lib/python3.12/site-packages/airflow/example_dags/example_datasets.py
[2025-01-16T18:02:51.561+0000] {processor.py:925} INFO - DAG(s) 'dataset_produces_1', 'consume_1_or_2_with_dataset_expressions', 'dataset_consumes_unknown_never_scheduled', 'dataset_consumes_1_and_2', 'dataset_consumes_1_never_scheduled', 'consume_1_or_both_2_and_3_with_dataset_expressions', 'consume_1_and_2_with_dataset_expressions', 'dataset_consumes_1', 'conditional_dataset_and_time_based_timetable', 'dataset_produces_2' retrieved from /home/airflow/.local/lib/python3.12/site-packages/airflow/example_dags/example_datasets.py
[2025-01-16T18:02:51.599+0000] {logging_mixin.py:190} INFO - [2025-01-16T18:02:51.598+0000] {dag.py:3239} INFO - Sync 10 DAGs
[2025-01-16T18:02:51.622+0000] {logging_mixin.py:190} INFO - [2025-01-16T18:02:51.621+0000] {dag.py:4180} INFO - Setting next_dagrun for conditional_dataset_and_time_based_timetable to 2025-01-15 01:00:00+00:00, run_after=2025-01-15 01:00:00+00:00
[2025-01-16T18:02:51.625+0000] {logging_mixin.py:190} INFO - [2025-01-16T18:02:51.625+0000] {dag.py:4180} INFO - Setting next_dagrun for consume_1_and_2_with_dataset_expressions to None, run_after=None
[2025-01-16T18:02:51.627+0000] {logging_mixin.py:190} INFO - [2025-01-16T18:02:51.627+0000] {dag.py:4180} INFO - Setting next_dagrun for consume_1_or_2_with_dataset_expressions to None, run_after=None
[2025-01-16T18:02:51.629+0000] {logging_mixin.py:190} INFO - [2025-01-16T18:02:51.629+0000] {dag.py:4180} INFO - Setting next_dagrun for consume_1_or_both_2_and_3_with_dataset_expressions to None, run_after=None
[2025-01-16T18:02:51.630+0000] {logging_mixin.py:190} INFO - [2025-01-16T18:02:51.630+0000] {dag.py:4180} INFO - Setting next_dagrun for dataset_consumes_1 to None, run_after=None
[2025-01-16T18:02:51.632+0000] {logging_mixin.py:190} INFO - [2025-01-16T18:02:51.632+0000] {dag.py:4180} INFO - Setting next_dagrun for dataset_consumes_1_and_2 to None, run_after=None
[2025-01-16T18:02:51.635+0000] {logging_mixin.py:190} INFO - [2025-01-16T18:02:51.635+0000] {dag.py:4180} INFO - Setting next_dagrun for dataset_consumes_1_never_scheduled to None, run_after=None
[2025-01-16T18:02:51.637+0000] {logging_mixin.py:190} INFO - [2025-01-16T18:02:51.637+0000] {dag.py:4180} INFO - Setting next_dagrun for dataset_consumes_unknown_never_scheduled to None, run_after=None
[2025-01-16T18:02:51.640+0000] {logging_mixin.py:190} INFO - [2025-01-16T18:02:51.640+0000] {dag.py:4180} INFO - Setting next_dagrun for dataset_produces_1 to 2025-01-15 00:00:00+00:00, run_after=2025-01-16 00:00:00+00:00
[2025-01-16T18:02:51.641+0000] {logging_mixin.py:190} INFO - [2025-01-16T18:02:51.641+0000] {dag.py:4180} INFO - Setting next_dagrun for dataset_produces_2 to None, run_after=None
[2025-01-16T18:02:51.680+0000] {processor.py:208} INFO - Processing /home/airflow/.local/lib/python3.12/site-packages/airflow/example_dags/example_datasets.py took 0.610 seconds
[2025-01-16T18:03:22.299+0000] {processor.py:186} INFO - Started process (PID=851) to work on /home/airflow/.local/lib/python3.12/site-packages/airflow/example_dags/example_datasets.py
[2025-01-16T18:03:22.300+0000] {processor.py:914} INFO - Processing file /home/airflow/.local/lib/python3.12/site-packages/airflow/example_dags/example_datasets.py for tasks to queue
[2025-01-16T18:03:22.302+0000] {logging_mixin.py:190} INFO - [2025-01-16T18:03:22.302+0000] {dagbag.py:588} INFO - Filling up the DagBag from /home/airflow/.local/lib/python3.12/site-packages/airflow/example_dags/example_datasets.py
[2025-01-16T18:03:22.825+0000] {processor.py:925} INFO - DAG(s) 'dataset_consumes_1_never_scheduled', 'conditional_dataset_and_time_based_timetable', 'consume_1_or_2_with_dataset_expressions', 'dataset_produces_2', 'consume_1_and_2_with_dataset_expressions', 'dataset_consumes_unknown_never_scheduled', 'dataset_consumes_1_and_2', 'dataset_produces_1', 'dataset_consumes_1', 'consume_1_or_both_2_and_3_with_dataset_expressions' retrieved from /home/airflow/.local/lib/python3.12/site-packages/airflow/example_dags/example_datasets.py
[2025-01-16T18:03:22.872+0000] {logging_mixin.py:190} INFO - [2025-01-16T18:03:22.872+0000] {dag.py:3239} INFO - Sync 10 DAGs
[2025-01-16T18:03:22.893+0000] {logging_mixin.py:190} INFO - [2025-01-16T18:03:22.893+0000] {dag.py:4180} INFO - Setting next_dagrun for conditional_dataset_and_time_based_timetable to 2025-01-15 01:00:00+00:00, run_after=2025-01-15 01:00:00+00:00
[2025-01-16T18:03:22.897+0000] {logging_mixin.py:190} INFO - [2025-01-16T18:03:22.897+0000] {dag.py:4180} INFO - Setting next_dagrun for consume_1_and_2_with_dataset_expressions to None, run_after=None
[2025-01-16T18:03:22.909+0000] {logging_mixin.py:190} INFO - [2025-01-16T18:03:22.908+0000] {dag.py:4180} INFO - Setting next_dagrun for consume_1_or_2_with_dataset_expressions to None, run_after=None
[2025-01-16T18:03:22.910+0000] {logging_mixin.py:190} INFO - [2025-01-16T18:03:22.910+0000] {dag.py:4180} INFO - Setting next_dagrun for consume_1_or_both_2_and_3_with_dataset_expressions to None, run_after=None
[2025-01-16T18:03:22.911+0000] {logging_mixin.py:190} INFO - [2025-01-16T18:03:22.911+0000] {dag.py:4180} INFO - Setting next_dagrun for dataset_consumes_1 to None, run_after=None
[2025-01-16T18:03:22.912+0000] {logging_mixin.py:190} INFO - [2025-01-16T18:03:22.912+0000] {dag.py:4180} INFO - Setting next_dagrun for dataset_consumes_1_and_2 to None, run_after=None
[2025-01-16T18:03:22.913+0000] {logging_mixin.py:190} INFO - [2025-01-16T18:03:22.913+0000] {dag.py:4180} INFO - Setting next_dagrun for dataset_consumes_1_never_scheduled to None, run_after=None
[2025-01-16T18:03:22.914+0000] {logging_mixin.py:190} INFO - [2025-01-16T18:03:22.914+0000] {dag.py:4180} INFO - Setting next_dagrun for dataset_consumes_unknown_never_scheduled to None, run_after=None
[2025-01-16T18:03:22.918+0000] {logging_mixin.py:190} INFO - [2025-01-16T18:03:22.918+0000] {dag.py:4180} INFO - Setting next_dagrun for dataset_produces_1 to 2025-01-15 00:00:00+00:00, run_after=2025-01-16 00:00:00+00:00
[2025-01-16T18:03:22.920+0000] {logging_mixin.py:190} INFO - [2025-01-16T18:03:22.919+0000] {dag.py:4180} INFO - Setting next_dagrun for dataset_produces_2 to None, run_after=None
[2025-01-16T18:03:22.954+0000] {processor.py:208} INFO - Processing /home/airflow/.local/lib/python3.12/site-packages/airflow/example_dags/example_datasets.py took 0.661 seconds
[2025-01-16T18:03:53.106+0000] {processor.py:186} INFO - Started process (PID=916) to work on /home/airflow/.local/lib/python3.12/site-packages/airflow/example_dags/example_datasets.py
[2025-01-16T18:03:53.107+0000] {processor.py:914} INFO - Processing file /home/airflow/.local/lib/python3.12/site-packages/airflow/example_dags/example_datasets.py for tasks to queue
[2025-01-16T18:03:53.110+0000] {logging_mixin.py:190} INFO - [2025-01-16T18:03:53.109+0000] {dagbag.py:588} INFO - Filling up the DagBag from /home/airflow/.local/lib/python3.12/site-packages/airflow/example_dags/example_datasets.py
[2025-01-16T18:03:53.843+0000] {processor.py:925} INFO - DAG(s) 'dataset_consumes_1_never_scheduled', 'dataset_produces_2', 'dataset_consumes_unknown_never_scheduled', 'dataset_consumes_1_and_2', 'dataset_consumes_1', 'consume_1_and_2_with_dataset_expressions', 'conditional_dataset_and_time_based_timetable', 'dataset_produces_1', 'consume_1_or_2_with_dataset_expressions', 'consume_1_or_both_2_and_3_with_dataset_expressions' retrieved from /home/airflow/.local/lib/python3.12/site-packages/airflow/example_dags/example_datasets.py
[2025-01-16T18:03:53.896+0000] {logging_mixin.py:190} INFO - [2025-01-16T18:03:53.895+0000] {dag.py:3239} INFO - Sync 10 DAGs
[2025-01-16T18:03:53.929+0000] {logging_mixin.py:190} INFO - [2025-01-16T18:03:53.929+0000] {dag.py:4180} INFO - Setting next_dagrun for conditional_dataset_and_time_based_timetable to 2025-01-15 01:00:00+00:00, run_after=2025-01-15 01:00:00+00:00
[2025-01-16T18:03:53.936+0000] {logging_mixin.py:190} INFO - [2025-01-16T18:03:53.935+0000] {dag.py:4180} INFO - Setting next_dagrun for consume_1_and_2_with_dataset_expressions to None, run_after=None
[2025-01-16T18:03:53.938+0000] {logging_mixin.py:190} INFO - [2025-01-16T18:03:53.938+0000] {dag.py:4180} INFO - Setting next_dagrun for consume_1_or_2_with_dataset_expressions to None, run_after=None
[2025-01-16T18:03:53.940+0000] {logging_mixin.py:190} INFO - [2025-01-16T18:03:53.940+0000] {dag.py:4180} INFO - Setting next_dagrun for consume_1_or_both_2_and_3_with_dataset_expressions to None, run_after=None
[2025-01-16T18:03:53.942+0000] {logging_mixin.py:190} INFO - [2025-01-16T18:03:53.941+0000] {dag.py:4180} INFO - Setting next_dagrun for dataset_consumes_1 to None, run_after=None
[2025-01-16T18:03:53.945+0000] {logging_mixin.py:190} INFO - [2025-01-16T18:03:53.944+0000] {dag.py:4180} INFO - Setting next_dagrun for dataset_consumes_1_and_2 to None, run_after=None
[2025-01-16T18:03:53.947+0000] {logging_mixin.py:190} INFO - [2025-01-16T18:03:53.946+0000] {dag.py:4180} INFO - Setting next_dagrun for dataset_consumes_1_never_scheduled to None, run_after=None
[2025-01-16T18:03:53.948+0000] {logging_mixin.py:190} INFO - [2025-01-16T18:03:53.948+0000] {dag.py:4180} INFO - Setting next_dagrun for dataset_consumes_unknown_never_scheduled to None, run_after=None
[2025-01-16T18:03:53.951+0000] {logging_mixin.py:190} INFO - [2025-01-16T18:03:53.951+0000] {dag.py:4180} INFO - Setting next_dagrun for dataset_produces_1 to 2025-01-15 00:00:00+00:00, run_after=2025-01-16 00:00:00+00:00
[2025-01-16T18:03:53.953+0000] {logging_mixin.py:190} INFO - [2025-01-16T18:03:53.953+0000] {dag.py:4180} INFO - Setting next_dagrun for dataset_produces_2 to None, run_after=None
[2025-01-16T18:03:53.996+0000] {processor.py:208} INFO - Processing /home/airflow/.local/lib/python3.12/site-packages/airflow/example_dags/example_datasets.py took 0.895 seconds
[2025-01-16T18:04:24.135+0000] {processor.py:186} INFO - Started process (PID=981) to work on /home/airflow/.local/lib/python3.12/site-packages/airflow/example_dags/example_datasets.py
[2025-01-16T18:04:24.136+0000] {processor.py:914} INFO - Processing file /home/airflow/.local/lib/python3.12/site-packages/airflow/example_dags/example_datasets.py for tasks to queue
[2025-01-16T18:04:24.138+0000] {logging_mixin.py:190} INFO - [2025-01-16T18:04:24.138+0000] {dagbag.py:588} INFO - Filling up the DagBag from /home/airflow/.local/lib/python3.12/site-packages/airflow/example_dags/example_datasets.py
[2025-01-16T18:04:24.675+0000] {processor.py:925} INFO - DAG(s) 'dataset_consumes_1_and_2', 'conditional_dataset_and_time_based_timetable', 'dataset_produces_1', 'dataset_consumes_1', 'dataset_consumes_unknown_never_scheduled', 'dataset_produces_2', 'consume_1_or_2_with_dataset_expressions', 'consume_1_or_both_2_and_3_with_dataset_expressions', 'dataset_consumes_1_never_scheduled', 'consume_1_and_2_with_dataset_expressions' retrieved from /home/airflow/.local/lib/python3.12/site-packages/airflow/example_dags/example_datasets.py
[2025-01-16T18:04:24.719+0000] {logging_mixin.py:190} INFO - [2025-01-16T18:04:24.719+0000] {dag.py:3239} INFO - Sync 10 DAGs
[2025-01-16T18:04:24.742+0000] {logging_mixin.py:190} INFO - [2025-01-16T18:04:24.742+0000] {dag.py:4180} INFO - Setting next_dagrun for conditional_dataset_and_time_based_timetable to 2025-01-15 01:00:00+00:00, run_after=2025-01-15 01:00:00+00:00
[2025-01-16T18:04:24.746+0000] {logging_mixin.py:190} INFO - [2025-01-16T18:04:24.746+0000] {dag.py:4180} INFO - Setting next_dagrun for consume_1_and_2_with_dataset_expressions to None, run_after=None
[2025-01-16T18:04:24.748+0000] {logging_mixin.py:190} INFO - [2025-01-16T18:04:24.748+0000] {dag.py:4180} INFO - Setting next_dagrun for consume_1_or_2_with_dataset_expressions to None, run_after=None
[2025-01-16T18:04:24.750+0000] {logging_mixin.py:190} INFO - [2025-01-16T18:04:24.750+0000] {dag.py:4180} INFO - Setting next_dagrun for consume_1_or_both_2_and_3_with_dataset_expressions to None, run_after=None
[2025-01-16T18:04:24.751+0000] {logging_mixin.py:190} INFO - [2025-01-16T18:04:24.751+0000] {dag.py:4180} INFO - Setting next_dagrun for dataset_consumes_1 to None, run_after=None
[2025-01-16T18:04:24.753+0000] {logging_mixin.py:190} INFO - [2025-01-16T18:04:24.753+0000] {dag.py:4180} INFO - Setting next_dagrun for dataset_consumes_1_and_2 to None, run_after=None
[2025-01-16T18:04:24.754+0000] {logging_mixin.py:190} INFO - [2025-01-16T18:04:24.754+0000] {dag.py:4180} INFO - Setting next_dagrun for dataset_consumes_1_never_scheduled to None, run_after=None
[2025-01-16T18:04:24.755+0000] {logging_mixin.py:190} INFO - [2025-01-16T18:04:24.755+0000] {dag.py:4180} INFO - Setting next_dagrun for dataset_consumes_unknown_never_scheduled to None, run_after=None
[2025-01-16T18:04:24.758+0000] {logging_mixin.py:190} INFO - [2025-01-16T18:04:24.757+0000] {dag.py:4180} INFO - Setting next_dagrun for dataset_produces_1 to 2025-01-15 00:00:00+00:00, run_after=2025-01-16 00:00:00+00:00
[2025-01-16T18:04:24.759+0000] {logging_mixin.py:190} INFO - [2025-01-16T18:04:24.759+0000] {dag.py:4180} INFO - Setting next_dagrun for dataset_produces_2 to None, run_after=None
[2025-01-16T18:04:24.791+0000] {processor.py:208} INFO - Processing /home/airflow/.local/lib/python3.12/site-packages/airflow/example_dags/example_datasets.py took 0.662 seconds
[2025-01-16T18:04:55.431+0000] {processor.py:186} INFO - Started process (PID=1046) to work on /home/airflow/.local/lib/python3.12/site-packages/airflow/example_dags/example_datasets.py
[2025-01-16T18:04:55.432+0000] {processor.py:914} INFO - Processing file /home/airflow/.local/lib/python3.12/site-packages/airflow/example_dags/example_datasets.py for tasks to queue
[2025-01-16T18:04:55.435+0000] {logging_mixin.py:190} INFO - [2025-01-16T18:04:55.435+0000] {dagbag.py:588} INFO - Filling up the DagBag from /home/airflow/.local/lib/python3.12/site-packages/airflow/example_dags/example_datasets.py
[2025-01-16T18:04:55.979+0000] {processor.py:925} INFO - DAG(s) 'dataset_consumes_1_never_scheduled', 'consume_1_or_2_with_dataset_expressions', 'dataset_produces_2', 'conditional_dataset_and_time_based_timetable', 'dataset_consumes_unknown_never_scheduled', 'dataset_produces_1', 'dataset_consumes_1', 'consume_1_or_both_2_and_3_with_dataset_expressions', 'consume_1_and_2_with_dataset_expressions', 'dataset_consumes_1_and_2' retrieved from /home/airflow/.local/lib/python3.12/site-packages/airflow/example_dags/example_datasets.py
[2025-01-16T18:04:56.023+0000] {logging_mixin.py:190} INFO - [2025-01-16T18:04:56.023+0000] {dag.py:3239} INFO - Sync 10 DAGs
[2025-01-16T18:04:56.050+0000] {logging_mixin.py:190} INFO - [2025-01-16T18:04:56.050+0000] {dag.py:4180} INFO - Setting next_dagrun for conditional_dataset_and_time_based_timetable to 2025-01-15 01:00:00+00:00, run_after=2025-01-15 01:00:00+00:00
[2025-01-16T18:04:56.055+0000] {logging_mixin.py:190} INFO - [2025-01-16T18:04:56.055+0000] {dag.py:4180} INFO - Setting next_dagrun for consume_1_and_2_with_dataset_expressions to None, run_after=None
[2025-01-16T18:04:56.058+0000] {logging_mixin.py:190} INFO - [2025-01-16T18:04:56.058+0000] {dag.py:4180} INFO - Setting next_dagrun for consume_1_or_2_with_dataset_expressions to None, run_after=None
[2025-01-16T18:04:56.060+0000] {logging_mixin.py:190} INFO - [2025-01-16T18:04:56.060+0000] {dag.py:4180} INFO - Setting next_dagrun for consume_1_or_both_2_and_3_with_dataset_expressions to None, run_after=None
[2025-01-16T18:04:56.061+0000] {logging_mixin.py:190} INFO - [2025-01-16T18:04:56.061+0000] {dag.py:4180} INFO - Setting next_dagrun for dataset_consumes_1 to None, run_after=None
[2025-01-16T18:04:56.062+0000] {logging_mixin.py:190} INFO - [2025-01-16T18:04:56.062+0000] {dag.py:4180} INFO - Setting next_dagrun for dataset_consumes_1_and_2 to None, run_after=None
[2025-01-16T18:04:56.063+0000] {logging_mixin.py:190} INFO - [2025-01-16T18:04:56.063+0000] {dag.py:4180} INFO - Setting next_dagrun for dataset_consumes_1_never_scheduled to None, run_after=None
[2025-01-16T18:04:56.065+0000] {logging_mixin.py:190} INFO - [2025-01-16T18:04:56.064+0000] {dag.py:4180} INFO - Setting next_dagrun for dataset_consumes_unknown_never_scheduled to None, run_after=None
[2025-01-16T18:04:56.067+0000] {logging_mixin.py:190} INFO - [2025-01-16T18:04:56.066+0000] {dag.py:4180} INFO - Setting next_dagrun for dataset_produces_1 to 2025-01-15 00:00:00+00:00, run_after=2025-01-16 00:00:00+00:00
[2025-01-16T18:04:56.069+0000] {logging_mixin.py:190} INFO - [2025-01-16T18:04:56.069+0000] {dag.py:4180} INFO - Setting next_dagrun for dataset_produces_2 to None, run_after=None
[2025-01-16T18:04:56.100+0000] {processor.py:208} INFO - Processing /home/airflow/.local/lib/python3.12/site-packages/airflow/example_dags/example_datasets.py took 0.675 seconds
[2025-01-16T18:05:26.845+0000] {processor.py:186} INFO - Started process (PID=1111) to work on /home/airflow/.local/lib/python3.12/site-packages/airflow/example_dags/example_datasets.py
[2025-01-16T18:05:26.846+0000] {processor.py:914} INFO - Processing file /home/airflow/.local/lib/python3.12/site-packages/airflow/example_dags/example_datasets.py for tasks to queue
[2025-01-16T18:05:26.849+0000] {logging_mixin.py:190} INFO - [2025-01-16T18:05:26.849+0000] {dagbag.py:588} INFO - Filling up the DagBag from /home/airflow/.local/lib/python3.12/site-packages/airflow/example_dags/example_datasets.py
[2025-01-16T18:05:27.613+0000] {processor.py:925} INFO - DAG(s) 'conditional_dataset_and_time_based_timetable', 'consume_1_or_2_with_dataset_expressions', 'dataset_consumes_1', 'consume_1_and_2_with_dataset_expressions', 'consume_1_or_both_2_and_3_with_dataset_expressions', 'dataset_consumes_1_never_scheduled', 'dataset_produces_1', 'dataset_consumes_unknown_never_scheduled', 'dataset_produces_2', 'dataset_consumes_1_and_2' retrieved from /home/airflow/.local/lib/python3.12/site-packages/airflow/example_dags/example_datasets.py
[2025-01-16T18:05:27.666+0000] {logging_mixin.py:190} INFO - [2025-01-16T18:05:27.666+0000] {dag.py:3239} INFO - Sync 10 DAGs
[2025-01-16T18:05:27.694+0000] {logging_mixin.py:190} INFO - [2025-01-16T18:05:27.693+0000] {dag.py:4180} INFO - Setting next_dagrun for conditional_dataset_and_time_based_timetable to 2025-01-15 01:00:00+00:00, run_after=2025-01-15 01:00:00+00:00
[2025-01-16T18:05:27.698+0000] {logging_mixin.py:190} INFO - [2025-01-16T18:05:27.698+0000] {dag.py:4180} INFO - Setting next_dagrun for consume_1_and_2_with_dataset_expressions to None, run_after=None
[2025-01-16T18:05:27.700+0000] {logging_mixin.py:190} INFO - [2025-01-16T18:05:27.700+0000] {dag.py:4180} INFO - Setting next_dagrun for consume_1_or_2_with_dataset_expressions to None, run_after=None
[2025-01-16T18:05:27.702+0000] {logging_mixin.py:190} INFO - [2025-01-16T18:05:27.702+0000] {dag.py:4180} INFO - Setting next_dagrun for consume_1_or_both_2_and_3_with_dataset_expressions to None, run_after=None
[2025-01-16T18:05:27.704+0000] {logging_mixin.py:190} INFO - [2025-01-16T18:05:27.704+0000] {dag.py:4180} INFO - Setting next_dagrun for dataset_consumes_1 to None, run_after=None
[2025-01-16T18:05:27.706+0000] {logging_mixin.py:190} INFO - [2025-01-16T18:05:27.706+0000] {dag.py:4180} INFO - Setting next_dagrun for dataset_consumes_1_and_2 to None, run_after=None
[2025-01-16T18:05:27.709+0000] {logging_mixin.py:190} INFO - [2025-01-16T18:05:27.708+0000] {dag.py:4180} INFO - Setting next_dagrun for dataset_consumes_1_never_scheduled to None, run_after=None
[2025-01-16T18:05:27.712+0000] {logging_mixin.py:190} INFO - [2025-01-16T18:05:27.711+0000] {dag.py:4180} INFO - Setting next_dagrun for dataset_consumes_unknown_never_scheduled to None, run_after=None
[2025-01-16T18:05:27.714+0000] {logging_mixin.py:190} INFO - [2025-01-16T18:05:27.714+0000] {dag.py:4180} INFO - Setting next_dagrun for dataset_produces_1 to 2025-01-15 00:00:00+00:00, run_after=2025-01-16 00:00:00+00:00
[2025-01-16T18:05:27.716+0000] {logging_mixin.py:190} INFO - [2025-01-16T18:05:27.716+0000] {dag.py:4180} INFO - Setting next_dagrun for dataset_produces_2 to None, run_after=None
[2025-01-16T18:05:27.773+0000] {processor.py:208} INFO - Processing /home/airflow/.local/lib/python3.12/site-packages/airflow/example_dags/example_datasets.py took 0.937 seconds
[2025-01-16T18:05:57.937+0000] {processor.py:186} INFO - Started process (PID=1176) to work on /home/airflow/.local/lib/python3.12/site-packages/airflow/example_dags/example_datasets.py
[2025-01-16T18:05:57.938+0000] {processor.py:914} INFO - Processing file /home/airflow/.local/lib/python3.12/site-packages/airflow/example_dags/example_datasets.py for tasks to queue
[2025-01-16T18:05:57.939+0000] {logging_mixin.py:190} INFO - [2025-01-16T18:05:57.939+0000] {dagbag.py:588} INFO - Filling up the DagBag from /home/airflow/.local/lib/python3.12/site-packages/airflow/example_dags/example_datasets.py
[2025-01-16T18:05:58.446+0000] {processor.py:925} INFO - DAG(s) 'dataset_produces_1', 'consume_1_and_2_with_dataset_expressions', 'dataset_produces_2', 'dataset_consumes_1_never_scheduled', 'consume_1_or_both_2_and_3_with_dataset_expressions', 'consume_1_or_2_with_dataset_expressions', 'conditional_dataset_and_time_based_timetable', 'dataset_consumes_unknown_never_scheduled', 'dataset_consumes_1_and_2', 'dataset_consumes_1' retrieved from /home/airflow/.local/lib/python3.12/site-packages/airflow/example_dags/example_datasets.py
[2025-01-16T18:05:58.503+0000] {logging_mixin.py:190} INFO - [2025-01-16T18:05:58.503+0000] {dag.py:3239} INFO - Sync 10 DAGs
[2025-01-16T18:05:58.558+0000] {logging_mixin.py:190} INFO - [2025-01-16T18:05:58.558+0000] {dag.py:4180} INFO - Setting next_dagrun for conditional_dataset_and_time_based_timetable to 2025-01-15 01:00:00+00:00, run_after=2025-01-15 01:00:00+00:00
[2025-01-16T18:05:58.575+0000] {logging_mixin.py:190} INFO - [2025-01-16T18:05:58.574+0000] {dag.py:4180} INFO - Setting next_dagrun for consume_1_and_2_with_dataset_expressions to None, run_after=None
[2025-01-16T18:05:58.579+0000] {logging_mixin.py:190} INFO - [2025-01-16T18:05:58.578+0000] {dag.py:4180} INFO - Setting next_dagrun for consume_1_or_2_with_dataset_expressions to None, run_after=None
[2025-01-16T18:05:58.584+0000] {logging_mixin.py:190} INFO - [2025-01-16T18:05:58.583+0000] {dag.py:4180} INFO - Setting next_dagrun for consume_1_or_both_2_and_3_with_dataset_expressions to None, run_after=None
[2025-01-16T18:05:58.587+0000] {logging_mixin.py:190} INFO - [2025-01-16T18:05:58.586+0000] {dag.py:4180} INFO - Setting next_dagrun for dataset_consumes_1 to None, run_after=None
[2025-01-16T18:05:58.589+0000] {logging_mixin.py:190} INFO - [2025-01-16T18:05:58.589+0000] {dag.py:4180} INFO - Setting next_dagrun for dataset_consumes_1_and_2 to None, run_after=None
[2025-01-16T18:05:58.591+0000] {logging_mixin.py:190} INFO - [2025-01-16T18:05:58.591+0000] {dag.py:4180} INFO - Setting next_dagrun for dataset_consumes_1_never_scheduled to None, run_after=None
[2025-01-16T18:05:58.594+0000] {logging_mixin.py:190} INFO - [2025-01-16T18:05:58.594+0000] {dag.py:4180} INFO - Setting next_dagrun for dataset_consumes_unknown_never_scheduled to None, run_after=None
[2025-01-16T18:05:58.600+0000] {logging_mixin.py:190} INFO - [2025-01-16T18:05:58.600+0000] {dag.py:4180} INFO - Setting next_dagrun for dataset_produces_1 to 2025-01-15 00:00:00+00:00, run_after=2025-01-16 00:00:00+00:00
[2025-01-16T18:05:58.603+0000] {logging_mixin.py:190} INFO - [2025-01-16T18:05:58.603+0000] {dag.py:4180} INFO - Setting next_dagrun for dataset_produces_2 to None, run_after=None
[2025-01-16T18:05:58.650+0000] {processor.py:208} INFO - Processing /home/airflow/.local/lib/python3.12/site-packages/airflow/example_dags/example_datasets.py took 0.718 seconds
[2025-01-16T18:06:28.723+0000] {processor.py:186} INFO - Started process (PID=1241) to work on /home/airflow/.local/lib/python3.12/site-packages/airflow/example_dags/example_datasets.py
[2025-01-16T18:06:28.725+0000] {processor.py:914} INFO - Processing file /home/airflow/.local/lib/python3.12/site-packages/airflow/example_dags/example_datasets.py for tasks to queue
[2025-01-16T18:06:28.727+0000] {logging_mixin.py:190} INFO - [2025-01-16T18:06:28.727+0000] {dagbag.py:588} INFO - Filling up the DagBag from /home/airflow/.local/lib/python3.12/site-packages/airflow/example_dags/example_datasets.py
[2025-01-16T18:06:29.321+0000] {processor.py:925} INFO - DAG(s) 'consume_1_and_2_with_dataset_expressions', 'dataset_consumes_1_and_2', 'consume_1_or_both_2_and_3_with_dataset_expressions', 'dataset_consumes_unknown_never_scheduled', 'dataset_consumes_1', 'conditional_dataset_and_time_based_timetable', 'dataset_produces_1', 'dataset_produces_2', 'dataset_consumes_1_never_scheduled', 'consume_1_or_2_with_dataset_expressions' retrieved from /home/airflow/.local/lib/python3.12/site-packages/airflow/example_dags/example_datasets.py
[2025-01-16T18:06:29.387+0000] {logging_mixin.py:190} INFO - [2025-01-16T18:06:29.386+0000] {dag.py:3239} INFO - Sync 10 DAGs
[2025-01-16T18:06:29.428+0000] {logging_mixin.py:190} INFO - [2025-01-16T18:06:29.428+0000] {dag.py:4180} INFO - Setting next_dagrun for conditional_dataset_and_time_based_timetable to 2025-01-15 01:00:00+00:00, run_after=2025-01-15 01:00:00+00:00
[2025-01-16T18:06:29.437+0000] {logging_mixin.py:190} INFO - [2025-01-16T18:06:29.437+0000] {dag.py:4180} INFO - Setting next_dagrun for consume_1_and_2_with_dataset_expressions to None, run_after=None
[2025-01-16T18:06:29.440+0000] {logging_mixin.py:190} INFO - [2025-01-16T18:06:29.440+0000] {dag.py:4180} INFO - Setting next_dagrun for consume_1_or_2_with_dataset_expressions to None, run_after=None
[2025-01-16T18:06:29.443+0000] {logging_mixin.py:190} INFO - [2025-01-16T18:06:29.443+0000] {dag.py:4180} INFO - Setting next_dagrun for consume_1_or_both_2_and_3_with_dataset_expressions to None, run_after=None
[2025-01-16T18:06:29.445+0000] {logging_mixin.py:190} INFO - [2025-01-16T18:06:29.445+0000] {dag.py:4180} INFO - Setting next_dagrun for dataset_consumes_1 to None, run_after=None
[2025-01-16T18:06:29.451+0000] {logging_mixin.py:190} INFO - [2025-01-16T18:06:29.450+0000] {dag.py:4180} INFO - Setting next_dagrun for dataset_consumes_1_and_2 to None, run_after=None
[2025-01-16T18:06:29.454+0000] {logging_mixin.py:190} INFO - [2025-01-16T18:06:29.454+0000] {dag.py:4180} INFO - Setting next_dagrun for dataset_consumes_1_never_scheduled to None, run_after=None
[2025-01-16T18:06:29.457+0000] {logging_mixin.py:190} INFO - [2025-01-16T18:06:29.456+0000] {dag.py:4180} INFO - Setting next_dagrun for dataset_consumes_unknown_never_scheduled to None, run_after=None
[2025-01-16T18:06:29.468+0000] {logging_mixin.py:190} INFO - [2025-01-16T18:06:29.467+0000] {dag.py:4180} INFO - Setting next_dagrun for dataset_produces_1 to 2025-01-15 00:00:00+00:00, run_after=2025-01-16 00:00:00+00:00
[2025-01-16T18:06:29.470+0000] {logging_mixin.py:190} INFO - [2025-01-16T18:06:29.470+0000] {dag.py:4180} INFO - Setting next_dagrun for dataset_produces_2 to None, run_after=None
[2025-01-16T18:06:29.532+0000] {processor.py:208} INFO - Processing /home/airflow/.local/lib/python3.12/site-packages/airflow/example_dags/example_datasets.py took 0.814 seconds
