[2025-01-16T17:57:34.509+0000] {processor.py:186} INFO - Started process (PID=110) to work on /home/airflow/.local/lib/python3.12/site-packages/airflow/example_dags/example_latest_only.py
[2025-01-16T17:57:34.511+0000] {processor.py:914} INFO - Processing file /home/airflow/.local/lib/python3.12/site-packages/airflow/example_dags/example_latest_only.py for tasks to queue
[2025-01-16T17:57:34.514+0000] {logging_mixin.py:190} INFO - [2025-01-16T17:57:34.514+0000] {dagbag.py:588} INFO - Filling up the DagBag from /home/airflow/.local/lib/python3.12/site-packages/airflow/example_dags/example_latest_only.py
[2025-01-16T17:57:34.525+0000] {processor.py:925} INFO - DAG(s) 'latest_only' retrieved from /home/airflow/.local/lib/python3.12/site-packages/airflow/example_dags/example_latest_only.py
[2025-01-16T17:57:34.653+0000] {logging_mixin.py:190} INFO - [2025-01-16T17:57:34.653+0000] {override.py:1911} INFO - Created Permission View: can edit on DAG:latest_only
[2025-01-16T17:57:34.669+0000] {logging_mixin.py:190} INFO - [2025-01-16T17:57:34.669+0000] {override.py:1911} INFO - Created Permission View: can read on DAG:latest_only
[2025-01-16T17:57:34.676+0000] {logging_mixin.py:190} INFO - [2025-01-16T17:57:34.676+0000] {override.py:1911} INFO - Created Permission View: can delete on DAG:latest_only
[2025-01-16T17:57:34.689+0000] {logging_mixin.py:190} INFO - [2025-01-16T17:57:34.688+0000] {override.py:1911} INFO - Created Permission View: can create on DAG Run:latest_only
[2025-01-16T17:57:34.698+0000] {logging_mixin.py:190} INFO - [2025-01-16T17:57:34.698+0000] {override.py:1911} INFO - Created Permission View: can delete on DAG Run:latest_only
[2025-01-16T17:57:34.707+0000] {logging_mixin.py:190} INFO - [2025-01-16T17:57:34.707+0000] {override.py:1911} INFO - Created Permission View: can read on DAG Run:latest_only
[2025-01-16T17:57:34.720+0000] {logging_mixin.py:190} INFO - [2025-01-16T17:57:34.719+0000] {override.py:1911} INFO - Created Permission View: menu access on DAG Run:latest_only
[2025-01-16T17:57:34.721+0000] {logging_mixin.py:190} INFO - [2025-01-16T17:57:34.720+0000] {dag.py:3239} INFO - Sync 1 DAGs
[2025-01-16T17:57:34.742+0000] {logging_mixin.py:190} INFO - [2025-01-16T17:57:34.742+0000] {dag.py:3262} INFO - Creating ORM DAG for latest_only
[2025-01-16T17:57:34.759+0000] {logging_mixin.py:190} INFO - [2025-01-16T17:57:34.758+0000] {dag.py:4180} INFO - Setting next_dagrun for latest_only to 2025-01-16 12:00:00+00:00, run_after=2025-01-16 16:00:00+00:00
[2025-01-16T17:57:34.789+0000] {processor.py:208} INFO - Processing /home/airflow/.local/lib/python3.12/site-packages/airflow/example_dags/example_latest_only.py took 0.286 seconds
[2025-01-16T17:58:04.903+0000] {processor.py:186} INFO - Started process (PID=176) to work on /home/airflow/.local/lib/python3.12/site-packages/airflow/example_dags/example_latest_only.py
[2025-01-16T17:58:04.905+0000] {processor.py:914} INFO - Processing file /home/airflow/.local/lib/python3.12/site-packages/airflow/example_dags/example_latest_only.py for tasks to queue
[2025-01-16T17:58:04.909+0000] {logging_mixin.py:190} INFO - [2025-01-16T17:58:04.908+0000] {dagbag.py:588} INFO - Filling up the DagBag from /home/airflow/.local/lib/python3.12/site-packages/airflow/example_dags/example_latest_only.py
[2025-01-16T17:58:04.916+0000] {processor.py:925} INFO - DAG(s) 'latest_only' retrieved from /home/airflow/.local/lib/python3.12/site-packages/airflow/example_dags/example_latest_only.py
[2025-01-16T17:58:04.943+0000] {logging_mixin.py:190} INFO - [2025-01-16T17:58:04.942+0000] {dag.py:3239} INFO - Sync 1 DAGs
[2025-01-16T17:58:04.979+0000] {logging_mixin.py:190} INFO - [2025-01-16T17:58:04.979+0000] {dag.py:4180} INFO - Setting next_dagrun for latest_only to 2025-01-16 12:00:00+00:00, run_after=2025-01-16 16:00:00+00:00
[2025-01-16T17:58:05.014+0000] {processor.py:208} INFO - Processing /home/airflow/.local/lib/python3.12/site-packages/airflow/example_dags/example_latest_only.py took 0.121 seconds
[2025-01-16T17:58:35.252+0000] {processor.py:186} INFO - Started process (PID=241) to work on /home/airflow/.local/lib/python3.12/site-packages/airflow/example_dags/example_latest_only.py
[2025-01-16T17:58:35.253+0000] {processor.py:914} INFO - Processing file /home/airflow/.local/lib/python3.12/site-packages/airflow/example_dags/example_latest_only.py for tasks to queue
[2025-01-16T17:58:35.256+0000] {logging_mixin.py:190} INFO - [2025-01-16T17:58:35.256+0000] {dagbag.py:588} INFO - Filling up the DagBag from /home/airflow/.local/lib/python3.12/site-packages/airflow/example_dags/example_latest_only.py
[2025-01-16T17:58:35.266+0000] {processor.py:925} INFO - DAG(s) 'latest_only' retrieved from /home/airflow/.local/lib/python3.12/site-packages/airflow/example_dags/example_latest_only.py
[2025-01-16T17:58:35.291+0000] {logging_mixin.py:190} INFO - [2025-01-16T17:58:35.290+0000] {dag.py:3239} INFO - Sync 1 DAGs
[2025-01-16T17:58:35.320+0000] {logging_mixin.py:190} INFO - [2025-01-16T17:58:35.320+0000] {dag.py:4180} INFO - Setting next_dagrun for latest_only to 2025-01-16 12:00:00+00:00, run_after=2025-01-16 16:00:00+00:00
[2025-01-16T17:58:35.357+0000] {processor.py:208} INFO - Processing /home/airflow/.local/lib/python3.12/site-packages/airflow/example_dags/example_latest_only.py took 0.112 seconds
[2025-01-16T17:59:06.282+0000] {processor.py:186} INFO - Started process (PID=306) to work on /home/airflow/.local/lib/python3.12/site-packages/airflow/example_dags/example_latest_only.py
[2025-01-16T17:59:06.284+0000] {processor.py:914} INFO - Processing file /home/airflow/.local/lib/python3.12/site-packages/airflow/example_dags/example_latest_only.py for tasks to queue
[2025-01-16T17:59:06.288+0000] {logging_mixin.py:190} INFO - [2025-01-16T17:59:06.288+0000] {dagbag.py:588} INFO - Filling up the DagBag from /home/airflow/.local/lib/python3.12/site-packages/airflow/example_dags/example_latest_only.py
[2025-01-16T17:59:06.303+0000] {processor.py:925} INFO - DAG(s) 'latest_only' retrieved from /home/airflow/.local/lib/python3.12/site-packages/airflow/example_dags/example_latest_only.py
[2025-01-16T17:59:06.334+0000] {logging_mixin.py:190} INFO - [2025-01-16T17:59:06.334+0000] {dag.py:3239} INFO - Sync 1 DAGs
[2025-01-16T17:59:06.372+0000] {logging_mixin.py:190} INFO - [2025-01-16T17:59:06.372+0000] {dag.py:4180} INFO - Setting next_dagrun for latest_only to 2025-01-16 12:00:00+00:00, run_after=2025-01-16 16:00:00+00:00
[2025-01-16T17:59:06.403+0000] {processor.py:208} INFO - Processing /home/airflow/.local/lib/python3.12/site-packages/airflow/example_dags/example_latest_only.py took 0.130 seconds
[2025-01-16T17:59:37.109+0000] {processor.py:186} INFO - Started process (PID=371) to work on /home/airflow/.local/lib/python3.12/site-packages/airflow/example_dags/example_latest_only.py
[2025-01-16T17:59:37.111+0000] {processor.py:914} INFO - Processing file /home/airflow/.local/lib/python3.12/site-packages/airflow/example_dags/example_latest_only.py for tasks to queue
[2025-01-16T17:59:37.114+0000] {logging_mixin.py:190} INFO - [2025-01-16T17:59:37.113+0000] {dagbag.py:588} INFO - Filling up the DagBag from /home/airflow/.local/lib/python3.12/site-packages/airflow/example_dags/example_latest_only.py
[2025-01-16T17:59:37.125+0000] {processor.py:925} INFO - DAG(s) 'latest_only' retrieved from /home/airflow/.local/lib/python3.12/site-packages/airflow/example_dags/example_latest_only.py
[2025-01-16T17:59:37.154+0000] {logging_mixin.py:190} INFO - [2025-01-16T17:59:37.154+0000] {dag.py:3239} INFO - Sync 1 DAGs
[2025-01-16T17:59:37.194+0000] {logging_mixin.py:190} INFO - [2025-01-16T17:59:37.194+0000] {dag.py:4180} INFO - Setting next_dagrun for latest_only to 2025-01-16 12:00:00+00:00, run_after=2025-01-16 16:00:00+00:00
[2025-01-16T17:59:37.227+0000] {processor.py:208} INFO - Processing /home/airflow/.local/lib/python3.12/site-packages/airflow/example_dags/example_latest_only.py took 0.125 seconds
[2025-01-16T18:00:08.152+0000] {processor.py:186} INFO - Started process (PID=436) to work on /home/airflow/.local/lib/python3.12/site-packages/airflow/example_dags/example_latest_only.py
[2025-01-16T18:00:08.155+0000] {processor.py:914} INFO - Processing file /home/airflow/.local/lib/python3.12/site-packages/airflow/example_dags/example_latest_only.py for tasks to queue
[2025-01-16T18:00:08.159+0000] {logging_mixin.py:190} INFO - [2025-01-16T18:00:08.159+0000] {dagbag.py:588} INFO - Filling up the DagBag from /home/airflow/.local/lib/python3.12/site-packages/airflow/example_dags/example_latest_only.py
[2025-01-16T18:00:08.174+0000] {processor.py:925} INFO - DAG(s) 'latest_only' retrieved from /home/airflow/.local/lib/python3.12/site-packages/airflow/example_dags/example_latest_only.py
[2025-01-16T18:00:08.212+0000] {logging_mixin.py:190} INFO - [2025-01-16T18:00:08.211+0000] {dag.py:3239} INFO - Sync 1 DAGs
[2025-01-16T18:00:08.260+0000] {logging_mixin.py:190} INFO - [2025-01-16T18:00:08.260+0000] {dag.py:4180} INFO - Setting next_dagrun for latest_only to 2025-01-16 12:00:00+00:00, run_after=2025-01-16 16:00:00+00:00
[2025-01-16T18:00:08.296+0000] {processor.py:208} INFO - Processing /home/airflow/.local/lib/python3.12/site-packages/airflow/example_dags/example_latest_only.py took 0.152 seconds
[2025-01-16T18:00:39.245+0000] {processor.py:186} INFO - Started process (PID=507) to work on /home/airflow/.local/lib/python3.12/site-packages/airflow/example_dags/example_latest_only.py
[2025-01-16T18:00:39.246+0000] {processor.py:914} INFO - Processing file /home/airflow/.local/lib/python3.12/site-packages/airflow/example_dags/example_latest_only.py for tasks to queue
[2025-01-16T18:00:39.250+0000] {logging_mixin.py:190} INFO - [2025-01-16T18:00:39.249+0000] {dagbag.py:588} INFO - Filling up the DagBag from /home/airflow/.local/lib/python3.12/site-packages/airflow/example_dags/example_latest_only.py
[2025-01-16T18:00:39.260+0000] {processor.py:925} INFO - DAG(s) 'latest_only' retrieved from /home/airflow/.local/lib/python3.12/site-packages/airflow/example_dags/example_latest_only.py
[2025-01-16T18:00:39.287+0000] {logging_mixin.py:190} INFO - [2025-01-16T18:00:39.287+0000] {dag.py:3239} INFO - Sync 1 DAGs
[2025-01-16T18:00:39.318+0000] {logging_mixin.py:190} INFO - [2025-01-16T18:00:39.318+0000] {dag.py:4180} INFO - Setting next_dagrun for latest_only to 2025-01-16 12:00:00+00:00, run_after=2025-01-16 16:00:00+00:00
[2025-01-16T18:00:39.354+0000] {processor.py:208} INFO - Processing /home/airflow/.local/lib/python3.12/site-packages/airflow/example_dags/example_latest_only.py took 0.118 seconds
[2025-01-16T18:01:09.637+0000] {processor.py:186} INFO - Started process (PID=571) to work on /home/airflow/.local/lib/python3.12/site-packages/airflow/example_dags/example_latest_only.py
[2025-01-16T18:01:09.638+0000] {processor.py:914} INFO - Processing file /home/airflow/.local/lib/python3.12/site-packages/airflow/example_dags/example_latest_only.py for tasks to queue
[2025-01-16T18:01:09.641+0000] {logging_mixin.py:190} INFO - [2025-01-16T18:01:09.640+0000] {dagbag.py:588} INFO - Filling up the DagBag from /home/airflow/.local/lib/python3.12/site-packages/airflow/example_dags/example_latest_only.py
[2025-01-16T18:01:09.651+0000] {processor.py:925} INFO - DAG(s) 'latest_only' retrieved from /home/airflow/.local/lib/python3.12/site-packages/airflow/example_dags/example_latest_only.py
[2025-01-16T18:01:09.672+0000] {logging_mixin.py:190} INFO - [2025-01-16T18:01:09.672+0000] {dag.py:3239} INFO - Sync 1 DAGs
[2025-01-16T18:01:09.703+0000] {logging_mixin.py:190} INFO - [2025-01-16T18:01:09.703+0000] {dag.py:4180} INFO - Setting next_dagrun for latest_only to 2025-01-16 12:00:00+00:00, run_after=2025-01-16 16:00:00+00:00
[2025-01-16T18:01:09.737+0000] {processor.py:208} INFO - Processing /home/airflow/.local/lib/python3.12/site-packages/airflow/example_dags/example_latest_only.py took 0.109 seconds
[2025-01-16T18:01:40.895+0000] {processor.py:186} INFO - Started process (PID=635) to work on /home/airflow/.local/lib/python3.12/site-packages/airflow/example_dags/example_latest_only.py
[2025-01-16T18:01:40.900+0000] {processor.py:914} INFO - Processing file /home/airflow/.local/lib/python3.12/site-packages/airflow/example_dags/example_latest_only.py for tasks to queue
[2025-01-16T18:01:40.906+0000] {logging_mixin.py:190} INFO - [2025-01-16T18:01:40.905+0000] {dagbag.py:588} INFO - Filling up the DagBag from /home/airflow/.local/lib/python3.12/site-packages/airflow/example_dags/example_latest_only.py
[2025-01-16T18:01:40.925+0000] {processor.py:925} INFO - DAG(s) 'latest_only' retrieved from /home/airflow/.local/lib/python3.12/site-packages/airflow/example_dags/example_latest_only.py
[2025-01-16T18:01:40.985+0000] {logging_mixin.py:190} INFO - [2025-01-16T18:01:40.985+0000] {dag.py:3239} INFO - Sync 1 DAGs
[2025-01-16T18:01:41.060+0000] {logging_mixin.py:190} INFO - [2025-01-16T18:01:41.059+0000] {dag.py:4180} INFO - Setting next_dagrun for latest_only to 2025-01-16 12:00:00+00:00, run_after=2025-01-16 16:00:00+00:00
[2025-01-16T18:01:41.104+0000] {processor.py:208} INFO - Processing /home/airflow/.local/lib/python3.12/site-packages/airflow/example_dags/example_latest_only.py took 0.222 seconds
[2025-01-16T18:02:11.445+0000] {processor.py:186} INFO - Started process (PID=700) to work on /home/airflow/.local/lib/python3.12/site-packages/airflow/example_dags/example_latest_only.py
[2025-01-16T18:02:11.446+0000] {processor.py:914} INFO - Processing file /home/airflow/.local/lib/python3.12/site-packages/airflow/example_dags/example_latest_only.py for tasks to queue
[2025-01-16T18:02:11.448+0000] {logging_mixin.py:190} INFO - [2025-01-16T18:02:11.448+0000] {dagbag.py:588} INFO - Filling up the DagBag from /home/airflow/.local/lib/python3.12/site-packages/airflow/example_dags/example_latest_only.py
[2025-01-16T18:02:11.455+0000] {processor.py:925} INFO - DAG(s) 'latest_only' retrieved from /home/airflow/.local/lib/python3.12/site-packages/airflow/example_dags/example_latest_only.py
[2025-01-16T18:02:11.477+0000] {logging_mixin.py:190} INFO - [2025-01-16T18:02:11.477+0000] {dag.py:3239} INFO - Sync 1 DAGs
[2025-01-16T18:02:11.501+0000] {logging_mixin.py:190} INFO - [2025-01-16T18:02:11.500+0000] {dag.py:4180} INFO - Setting next_dagrun for latest_only to 2025-01-16 12:00:00+00:00, run_after=2025-01-16 16:00:00+00:00
[2025-01-16T18:02:11.526+0000] {processor.py:208} INFO - Processing /home/airflow/.local/lib/python3.12/site-packages/airflow/example_dags/example_latest_only.py took 0.088 seconds
[2025-01-16T18:02:42.215+0000] {processor.py:186} INFO - Started process (PID=765) to work on /home/airflow/.local/lib/python3.12/site-packages/airflow/example_dags/example_latest_only.py
[2025-01-16T18:02:42.216+0000] {processor.py:914} INFO - Processing file /home/airflow/.local/lib/python3.12/site-packages/airflow/example_dags/example_latest_only.py for tasks to queue
[2025-01-16T18:02:42.220+0000] {logging_mixin.py:190} INFO - [2025-01-16T18:02:42.219+0000] {dagbag.py:588} INFO - Filling up the DagBag from /home/airflow/.local/lib/python3.12/site-packages/airflow/example_dags/example_latest_only.py
[2025-01-16T18:02:42.228+0000] {processor.py:925} INFO - DAG(s) 'latest_only' retrieved from /home/airflow/.local/lib/python3.12/site-packages/airflow/example_dags/example_latest_only.py
[2025-01-16T18:02:42.252+0000] {logging_mixin.py:190} INFO - [2025-01-16T18:02:42.252+0000] {dag.py:3239} INFO - Sync 1 DAGs
[2025-01-16T18:02:42.280+0000] {logging_mixin.py:190} INFO - [2025-01-16T18:02:42.280+0000] {dag.py:4180} INFO - Setting next_dagrun for latest_only to 2025-01-16 12:00:00+00:00, run_after=2025-01-16 16:00:00+00:00
[2025-01-16T18:02:42.306+0000] {processor.py:208} INFO - Processing /home/airflow/.local/lib/python3.12/site-packages/airflow/example_dags/example_latest_only.py took 0.098 seconds
[2025-01-16T18:03:12.350+0000] {processor.py:186} INFO - Started process (PID=830) to work on /home/airflow/.local/lib/python3.12/site-packages/airflow/example_dags/example_latest_only.py
[2025-01-16T18:03:12.351+0000] {processor.py:914} INFO - Processing file /home/airflow/.local/lib/python3.12/site-packages/airflow/example_dags/example_latest_only.py for tasks to queue
[2025-01-16T18:03:12.353+0000] {logging_mixin.py:190} INFO - [2025-01-16T18:03:12.353+0000] {dagbag.py:588} INFO - Filling up the DagBag from /home/airflow/.local/lib/python3.12/site-packages/airflow/example_dags/example_latest_only.py
[2025-01-16T18:03:12.361+0000] {processor.py:925} INFO - DAG(s) 'latest_only' retrieved from /home/airflow/.local/lib/python3.12/site-packages/airflow/example_dags/example_latest_only.py
[2025-01-16T18:03:12.385+0000] {logging_mixin.py:190} INFO - [2025-01-16T18:03:12.385+0000] {dag.py:3239} INFO - Sync 1 DAGs
[2025-01-16T18:03:12.419+0000] {logging_mixin.py:190} INFO - [2025-01-16T18:03:12.418+0000] {dag.py:4180} INFO - Setting next_dagrun for latest_only to 2025-01-16 12:00:00+00:00, run_after=2025-01-16 16:00:00+00:00
[2025-01-16T18:03:12.444+0000] {processor.py:208} INFO - Processing /home/airflow/.local/lib/python3.12/site-packages/airflow/example_dags/example_latest_only.py took 0.101 seconds
[2025-01-16T18:03:42.857+0000] {processor.py:186} INFO - Started process (PID=895) to work on /home/airflow/.local/lib/python3.12/site-packages/airflow/example_dags/example_latest_only.py
[2025-01-16T18:03:42.859+0000] {processor.py:914} INFO - Processing file /home/airflow/.local/lib/python3.12/site-packages/airflow/example_dags/example_latest_only.py for tasks to queue
[2025-01-16T18:03:42.862+0000] {logging_mixin.py:190} INFO - [2025-01-16T18:03:42.862+0000] {dagbag.py:588} INFO - Filling up the DagBag from /home/airflow/.local/lib/python3.12/site-packages/airflow/example_dags/example_latest_only.py
[2025-01-16T18:03:42.871+0000] {processor.py:925} INFO - DAG(s) 'latest_only' retrieved from /home/airflow/.local/lib/python3.12/site-packages/airflow/example_dags/example_latest_only.py
[2025-01-16T18:03:42.894+0000] {logging_mixin.py:190} INFO - [2025-01-16T18:03:42.894+0000] {dag.py:3239} INFO - Sync 1 DAGs
[2025-01-16T18:03:42.924+0000] {logging_mixin.py:190} INFO - [2025-01-16T18:03:42.923+0000] {dag.py:4180} INFO - Setting next_dagrun for latest_only to 2025-01-16 12:00:00+00:00, run_after=2025-01-16 16:00:00+00:00
[2025-01-16T18:03:42.954+0000] {processor.py:208} INFO - Processing /home/airflow/.local/lib/python3.12/site-packages/airflow/example_dags/example_latest_only.py took 0.103 seconds
[2025-01-16T18:04:13.475+0000] {processor.py:186} INFO - Started process (PID=960) to work on /home/airflow/.local/lib/python3.12/site-packages/airflow/example_dags/example_latest_only.py
[2025-01-16T18:04:13.476+0000] {processor.py:914} INFO - Processing file /home/airflow/.local/lib/python3.12/site-packages/airflow/example_dags/example_latest_only.py for tasks to queue
[2025-01-16T18:04:13.478+0000] {logging_mixin.py:190} INFO - [2025-01-16T18:04:13.478+0000] {dagbag.py:588} INFO - Filling up the DagBag from /home/airflow/.local/lib/python3.12/site-packages/airflow/example_dags/example_latest_only.py
[2025-01-16T18:04:13.483+0000] {processor.py:925} INFO - DAG(s) 'latest_only' retrieved from /home/airflow/.local/lib/python3.12/site-packages/airflow/example_dags/example_latest_only.py
[2025-01-16T18:04:13.499+0000] {logging_mixin.py:190} INFO - [2025-01-16T18:04:13.498+0000] {dag.py:3239} INFO - Sync 1 DAGs
[2025-01-16T18:04:13.519+0000] {logging_mixin.py:190} INFO - [2025-01-16T18:04:13.518+0000] {dag.py:4180} INFO - Setting next_dagrun for latest_only to 2025-01-16 12:00:00+00:00, run_after=2025-01-16 16:00:00+00:00
[2025-01-16T18:04:13.548+0000] {processor.py:208} INFO - Processing /home/airflow/.local/lib/python3.12/site-packages/airflow/example_dags/example_latest_only.py took 0.078 seconds
[2025-01-16T18:04:43.635+0000] {processor.py:186} INFO - Started process (PID=1025) to work on /home/airflow/.local/lib/python3.12/site-packages/airflow/example_dags/example_latest_only.py
[2025-01-16T18:04:43.636+0000] {processor.py:914} INFO - Processing file /home/airflow/.local/lib/python3.12/site-packages/airflow/example_dags/example_latest_only.py for tasks to queue
[2025-01-16T18:04:43.637+0000] {logging_mixin.py:190} INFO - [2025-01-16T18:04:43.637+0000] {dagbag.py:588} INFO - Filling up the DagBag from /home/airflow/.local/lib/python3.12/site-packages/airflow/example_dags/example_latest_only.py
[2025-01-16T18:04:43.643+0000] {processor.py:925} INFO - DAG(s) 'latest_only' retrieved from /home/airflow/.local/lib/python3.12/site-packages/airflow/example_dags/example_latest_only.py
[2025-01-16T18:04:43.661+0000] {logging_mixin.py:190} INFO - [2025-01-16T18:04:43.661+0000] {dag.py:3239} INFO - Sync 1 DAGs
[2025-01-16T18:04:43.681+0000] {logging_mixin.py:190} INFO - [2025-01-16T18:04:43.681+0000] {dag.py:4180} INFO - Setting next_dagrun for latest_only to 2025-01-16 12:00:00+00:00, run_after=2025-01-16 16:00:00+00:00
[2025-01-16T18:04:43.707+0000] {processor.py:208} INFO - Processing /home/airflow/.local/lib/python3.12/site-packages/airflow/example_dags/example_latest_only.py took 0.077 seconds
[2025-01-16T18:05:14.481+0000] {processor.py:186} INFO - Started process (PID=1090) to work on /home/airflow/.local/lib/python3.12/site-packages/airflow/example_dags/example_latest_only.py
[2025-01-16T18:05:14.482+0000] {processor.py:914} INFO - Processing file /home/airflow/.local/lib/python3.12/site-packages/airflow/example_dags/example_latest_only.py for tasks to queue
[2025-01-16T18:05:14.485+0000] {logging_mixin.py:190} INFO - [2025-01-16T18:05:14.484+0000] {dagbag.py:588} INFO - Filling up the DagBag from /home/airflow/.local/lib/python3.12/site-packages/airflow/example_dags/example_latest_only.py
[2025-01-16T18:05:14.493+0000] {processor.py:925} INFO - DAG(s) 'latest_only' retrieved from /home/airflow/.local/lib/python3.12/site-packages/airflow/example_dags/example_latest_only.py
[2025-01-16T18:05:14.513+0000] {logging_mixin.py:190} INFO - [2025-01-16T18:05:14.513+0000] {dag.py:3239} INFO - Sync 1 DAGs
[2025-01-16T18:05:14.541+0000] {logging_mixin.py:190} INFO - [2025-01-16T18:05:14.541+0000] {dag.py:4180} INFO - Setting next_dagrun for latest_only to 2025-01-16 12:00:00+00:00, run_after=2025-01-16 16:00:00+00:00
[2025-01-16T18:05:14.560+0000] {processor.py:208} INFO - Processing /home/airflow/.local/lib/python3.12/site-packages/airflow/example_dags/example_latest_only.py took 0.084 seconds
[2025-01-16T18:05:44.953+0000] {processor.py:186} INFO - Started process (PID=1155) to work on /home/airflow/.local/lib/python3.12/site-packages/airflow/example_dags/example_latest_only.py
[2025-01-16T18:05:44.954+0000] {processor.py:914} INFO - Processing file /home/airflow/.local/lib/python3.12/site-packages/airflow/example_dags/example_latest_only.py for tasks to queue
[2025-01-16T18:05:44.958+0000] {logging_mixin.py:190} INFO - [2025-01-16T18:05:44.958+0000] {dagbag.py:588} INFO - Filling up the DagBag from /home/airflow/.local/lib/python3.12/site-packages/airflow/example_dags/example_latest_only.py
[2025-01-16T18:05:44.965+0000] {processor.py:925} INFO - DAG(s) 'latest_only' retrieved from /home/airflow/.local/lib/python3.12/site-packages/airflow/example_dags/example_latest_only.py
[2025-01-16T18:05:44.984+0000] {logging_mixin.py:190} INFO - [2025-01-16T18:05:44.984+0000] {dag.py:3239} INFO - Sync 1 DAGs
[2025-01-16T18:05:45.013+0000] {logging_mixin.py:190} INFO - [2025-01-16T18:05:45.013+0000] {dag.py:4180} INFO - Setting next_dagrun for latest_only to 2025-01-16 12:00:00+00:00, run_after=2025-01-16 16:00:00+00:00
[2025-01-16T18:05:45.033+0000] {processor.py:208} INFO - Processing /home/airflow/.local/lib/python3.12/site-packages/airflow/example_dags/example_latest_only.py took 0.086 seconds
[2025-01-16T18:06:15.132+0000] {processor.py:186} INFO - Started process (PID=1220) to work on /home/airflow/.local/lib/python3.12/site-packages/airflow/example_dags/example_latest_only.py
[2025-01-16T18:06:15.134+0000] {processor.py:914} INFO - Processing file /home/airflow/.local/lib/python3.12/site-packages/airflow/example_dags/example_latest_only.py for tasks to queue
[2025-01-16T18:06:15.137+0000] {logging_mixin.py:190} INFO - [2025-01-16T18:06:15.137+0000] {dagbag.py:588} INFO - Filling up the DagBag from /home/airflow/.local/lib/python3.12/site-packages/airflow/example_dags/example_latest_only.py
[2025-01-16T18:06:15.155+0000] {processor.py:925} INFO - DAG(s) 'latest_only' retrieved from /home/airflow/.local/lib/python3.12/site-packages/airflow/example_dags/example_latest_only.py
[2025-01-16T18:06:15.191+0000] {logging_mixin.py:190} INFO - [2025-01-16T18:06:15.190+0000] {dag.py:3239} INFO - Sync 1 DAGs
[2025-01-16T18:06:15.239+0000] {logging_mixin.py:190} INFO - [2025-01-16T18:06:15.239+0000] {dag.py:4180} INFO - Setting next_dagrun for latest_only to 2025-01-16 12:00:00+00:00, run_after=2025-01-16 16:00:00+00:00
[2025-01-16T18:06:15.271+0000] {processor.py:208} INFO - Processing /home/airflow/.local/lib/python3.12/site-packages/airflow/example_dags/example_latest_only.py took 0.152 seconds
[2025-01-16T18:06:45.716+0000] {processor.py:186} INFO - Started process (PID=1285) to work on /home/airflow/.local/lib/python3.12/site-packages/airflow/example_dags/example_latest_only.py
[2025-01-16T18:06:45.718+0000] {processor.py:914} INFO - Processing file /home/airflow/.local/lib/python3.12/site-packages/airflow/example_dags/example_latest_only.py for tasks to queue
[2025-01-16T18:06:45.722+0000] {logging_mixin.py:190} INFO - [2025-01-16T18:06:45.721+0000] {dagbag.py:588} INFO - Filling up the DagBag from /home/airflow/.local/lib/python3.12/site-packages/airflow/example_dags/example_latest_only.py
[2025-01-16T18:06:45.731+0000] {processor.py:925} INFO - DAG(s) 'latest_only' retrieved from /home/airflow/.local/lib/python3.12/site-packages/airflow/example_dags/example_latest_only.py
[2025-01-16T18:06:45.764+0000] {logging_mixin.py:190} INFO - [2025-01-16T18:06:45.763+0000] {dag.py:3239} INFO - Sync 1 DAGs
[2025-01-16T18:06:45.796+0000] {logging_mixin.py:190} INFO - [2025-01-16T18:06:45.796+0000] {dag.py:4180} INFO - Setting next_dagrun for latest_only to 2025-01-16 12:00:00+00:00, run_after=2025-01-16 16:00:00+00:00
[2025-01-16T18:06:45.823+0000] {processor.py:208} INFO - Processing /home/airflow/.local/lib/python3.12/site-packages/airflow/example_dags/example_latest_only.py took 0.114 seconds
