[2025-01-16T17:57:24.306+0000] {processor.py:186} INFO - Started process (PID=76) to work on /home/airflow/.local/lib/python3.12/site-packages/airflow/example_dags/example_bash_operator.py
[2025-01-16T17:57:24.308+0000] {processor.py:914} INFO - Processing file /home/airflow/.local/lib/python3.12/site-packages/airflow/example_dags/example_bash_operator.py for tasks to queue
[2025-01-16T17:57:24.312+0000] {logging_mixin.py:190} INFO - [2025-01-16T17:57:24.311+0000] {dagbag.py:588} INFO - Filling up the DagBag from /home/airflow/.local/lib/python3.12/site-packages/airflow/example_dags/example_bash_operator.py
[2025-01-16T17:57:24.348+0000] {processor.py:925} INFO - DAG(s) 'example_bash_operator' retrieved from /home/airflow/.local/lib/python3.12/site-packages/airflow/example_dags/example_bash_operator.py
[2025-01-16T17:57:24.536+0000] {logging_mixin.py:190} INFO - [2025-01-16T17:57:24.536+0000] {override.py:1911} INFO - Created Permission View: can edit on DAG:example_bash_operator
[2025-01-16T17:57:24.548+0000] {logging_mixin.py:190} INFO - [2025-01-16T17:57:24.548+0000] {override.py:1911} INFO - Created Permission View: can read on DAG:example_bash_operator
[2025-01-16T17:57:24.556+0000] {logging_mixin.py:190} INFO - [2025-01-16T17:57:24.556+0000] {override.py:1911} INFO - Created Permission View: can delete on DAG:example_bash_operator
[2025-01-16T17:57:24.569+0000] {logging_mixin.py:190} INFO - [2025-01-16T17:57:24.568+0000] {override.py:1911} INFO - Created Permission View: can create on DAG Run:example_bash_operator
[2025-01-16T17:57:24.581+0000] {logging_mixin.py:190} INFO - [2025-01-16T17:57:24.580+0000] {override.py:1911} INFO - Created Permission View: can delete on DAG Run:example_bash_operator
[2025-01-16T17:57:24.595+0000] {logging_mixin.py:190} INFO - [2025-01-16T17:57:24.595+0000] {override.py:1911} INFO - Created Permission View: can read on DAG Run:example_bash_operator
[2025-01-16T17:57:24.609+0000] {logging_mixin.py:190} INFO - [2025-01-16T17:57:24.609+0000] {override.py:1911} INFO - Created Permission View: menu access on DAG Run:example_bash_operator
[2025-01-16T17:57:24.610+0000] {logging_mixin.py:190} INFO - [2025-01-16T17:57:24.610+0000] {dag.py:3239} INFO - Sync 1 DAGs
[2025-01-16T17:57:24.655+0000] {logging_mixin.py:190} INFO - [2025-01-16T17:57:24.654+0000] {dag.py:3262} INFO - Creating ORM DAG for example_bash_operator
[2025-01-16T17:57:24.682+0000] {logging_mixin.py:190} INFO - [2025-01-16T17:57:24.681+0000] {dag.py:4180} INFO - Setting next_dagrun for example_bash_operator to 2025-01-15 00:00:00+00:00, run_after=2025-01-16 00:00:00+00:00
[2025-01-16T17:57:24.720+0000] {processor.py:208} INFO - Processing /home/airflow/.local/lib/python3.12/site-packages/airflow/example_dags/example_bash_operator.py took 0.424 seconds
[2025-01-16T17:57:54.879+0000] {processor.py:186} INFO - Started process (PID=142) to work on /home/airflow/.local/lib/python3.12/site-packages/airflow/example_dags/example_bash_operator.py
[2025-01-16T17:57:54.880+0000] {processor.py:914} INFO - Processing file /home/airflow/.local/lib/python3.12/site-packages/airflow/example_dags/example_bash_operator.py for tasks to queue
[2025-01-16T17:57:54.884+0000] {logging_mixin.py:190} INFO - [2025-01-16T17:57:54.884+0000] {dagbag.py:588} INFO - Filling up the DagBag from /home/airflow/.local/lib/python3.12/site-packages/airflow/example_dags/example_bash_operator.py
[2025-01-16T17:57:54.900+0000] {processor.py:925} INFO - DAG(s) 'example_bash_operator' retrieved from /home/airflow/.local/lib/python3.12/site-packages/airflow/example_dags/example_bash_operator.py
[2025-01-16T17:57:54.929+0000] {logging_mixin.py:190} INFO - [2025-01-16T17:57:54.929+0000] {dag.py:3239} INFO - Sync 1 DAGs
[2025-01-16T17:57:54.961+0000] {logging_mixin.py:190} INFO - [2025-01-16T17:57:54.961+0000] {dag.py:4180} INFO - Setting next_dagrun for example_bash_operator to 2025-01-15 00:00:00+00:00, run_after=2025-01-16 00:00:00+00:00
[2025-01-16T17:57:54.988+0000] {processor.py:208} INFO - Processing /home/airflow/.local/lib/python3.12/site-packages/airflow/example_dags/example_bash_operator.py took 0.115 seconds
[2025-01-16T17:58:25.660+0000] {processor.py:186} INFO - Started process (PID=207) to work on /home/airflow/.local/lib/python3.12/site-packages/airflow/example_dags/example_bash_operator.py
[2025-01-16T17:58:25.662+0000] {processor.py:914} INFO - Processing file /home/airflow/.local/lib/python3.12/site-packages/airflow/example_dags/example_bash_operator.py for tasks to queue
[2025-01-16T17:58:25.664+0000] {logging_mixin.py:190} INFO - [2025-01-16T17:58:25.664+0000] {dagbag.py:588} INFO - Filling up the DagBag from /home/airflow/.local/lib/python3.12/site-packages/airflow/example_dags/example_bash_operator.py
[2025-01-16T17:58:25.683+0000] {processor.py:925} INFO - DAG(s) 'example_bash_operator' retrieved from /home/airflow/.local/lib/python3.12/site-packages/airflow/example_dags/example_bash_operator.py
[2025-01-16T17:58:25.721+0000] {logging_mixin.py:190} INFO - [2025-01-16T17:58:25.720+0000] {dag.py:3239} INFO - Sync 1 DAGs
[2025-01-16T17:58:25.756+0000] {logging_mixin.py:190} INFO - [2025-01-16T17:58:25.755+0000] {dag.py:4180} INFO - Setting next_dagrun for example_bash_operator to 2025-01-15 00:00:00+00:00, run_after=2025-01-16 00:00:00+00:00
[2025-01-16T17:58:25.785+0000] {processor.py:208} INFO - Processing /home/airflow/.local/lib/python3.12/site-packages/airflow/example_dags/example_bash_operator.py took 0.131 seconds
[2025-01-16T17:58:55.874+0000] {processor.py:186} INFO - Started process (PID=272) to work on /home/airflow/.local/lib/python3.12/site-packages/airflow/example_dags/example_bash_operator.py
[2025-01-16T17:58:55.876+0000] {processor.py:914} INFO - Processing file /home/airflow/.local/lib/python3.12/site-packages/airflow/example_dags/example_bash_operator.py for tasks to queue
[2025-01-16T17:58:55.878+0000] {logging_mixin.py:190} INFO - [2025-01-16T17:58:55.878+0000] {dagbag.py:588} INFO - Filling up the DagBag from /home/airflow/.local/lib/python3.12/site-packages/airflow/example_dags/example_bash_operator.py
[2025-01-16T17:58:55.893+0000] {processor.py:925} INFO - DAG(s) 'example_bash_operator' retrieved from /home/airflow/.local/lib/python3.12/site-packages/airflow/example_dags/example_bash_operator.py
[2025-01-16T17:58:55.922+0000] {logging_mixin.py:190} INFO - [2025-01-16T17:58:55.921+0000] {dag.py:3239} INFO - Sync 1 DAGs
[2025-01-16T17:58:55.952+0000] {logging_mixin.py:190} INFO - [2025-01-16T17:58:55.951+0000] {dag.py:4180} INFO - Setting next_dagrun for example_bash_operator to 2025-01-15 00:00:00+00:00, run_after=2025-01-16 00:00:00+00:00
[2025-01-16T17:58:55.980+0000] {processor.py:208} INFO - Processing /home/airflow/.local/lib/python3.12/site-packages/airflow/example_dags/example_bash_operator.py took 0.112 seconds
[2025-01-16T17:59:26.236+0000] {processor.py:186} INFO - Started process (PID=338) to work on /home/airflow/.local/lib/python3.12/site-packages/airflow/example_dags/example_bash_operator.py
[2025-01-16T17:59:26.237+0000] {processor.py:914} INFO - Processing file /home/airflow/.local/lib/python3.12/site-packages/airflow/example_dags/example_bash_operator.py for tasks to queue
[2025-01-16T17:59:26.239+0000] {logging_mixin.py:190} INFO - [2025-01-16T17:59:26.239+0000] {dagbag.py:588} INFO - Filling up the DagBag from /home/airflow/.local/lib/python3.12/site-packages/airflow/example_dags/example_bash_operator.py
[2025-01-16T17:59:26.251+0000] {processor.py:925} INFO - DAG(s) 'example_bash_operator' retrieved from /home/airflow/.local/lib/python3.12/site-packages/airflow/example_dags/example_bash_operator.py
[2025-01-16T17:59:26.274+0000] {logging_mixin.py:190} INFO - [2025-01-16T17:59:26.273+0000] {dag.py:3239} INFO - Sync 1 DAGs
[2025-01-16T17:59:26.297+0000] {logging_mixin.py:190} INFO - [2025-01-16T17:59:26.297+0000] {dag.py:4180} INFO - Setting next_dagrun for example_bash_operator to 2025-01-15 00:00:00+00:00, run_after=2025-01-16 00:00:00+00:00
[2025-01-16T17:59:26.335+0000] {processor.py:208} INFO - Processing /home/airflow/.local/lib/python3.12/site-packages/airflow/example_dags/example_bash_operator.py took 0.105 seconds
[2025-01-16T17:59:56.707+0000] {processor.py:186} INFO - Started process (PID=402) to work on /home/airflow/.local/lib/python3.12/site-packages/airflow/example_dags/example_bash_operator.py
[2025-01-16T17:59:56.709+0000] {processor.py:914} INFO - Processing file /home/airflow/.local/lib/python3.12/site-packages/airflow/example_dags/example_bash_operator.py for tasks to queue
[2025-01-16T17:59:56.711+0000] {logging_mixin.py:190} INFO - [2025-01-16T17:59:56.710+0000] {dagbag.py:588} INFO - Filling up the DagBag from /home/airflow/.local/lib/python3.12/site-packages/airflow/example_dags/example_bash_operator.py
[2025-01-16T17:59:56.726+0000] {processor.py:925} INFO - DAG(s) 'example_bash_operator' retrieved from /home/airflow/.local/lib/python3.12/site-packages/airflow/example_dags/example_bash_operator.py
[2025-01-16T17:59:56.756+0000] {logging_mixin.py:190} INFO - [2025-01-16T17:59:56.756+0000] {dag.py:3239} INFO - Sync 1 DAGs
[2025-01-16T17:59:56.782+0000] {logging_mixin.py:190} INFO - [2025-01-16T17:59:56.781+0000] {dag.py:4180} INFO - Setting next_dagrun for example_bash_operator to 2025-01-15 00:00:00+00:00, run_after=2025-01-16 00:00:00+00:00
[2025-01-16T17:59:56.806+0000] {processor.py:208} INFO - Processing /home/airflow/.local/lib/python3.12/site-packages/airflow/example_dags/example_bash_operator.py took 0.104 seconds
[2025-01-16T18:00:27.056+0000] {processor.py:186} INFO - Started process (PID=467) to work on /home/airflow/.local/lib/python3.12/site-packages/airflow/example_dags/example_bash_operator.py
[2025-01-16T18:00:27.058+0000] {processor.py:914} INFO - Processing file /home/airflow/.local/lib/python3.12/site-packages/airflow/example_dags/example_bash_operator.py for tasks to queue
[2025-01-16T18:00:27.061+0000] {logging_mixin.py:190} INFO - [2025-01-16T18:00:27.061+0000] {dagbag.py:588} INFO - Filling up the DagBag from /home/airflow/.local/lib/python3.12/site-packages/airflow/example_dags/example_bash_operator.py
[2025-01-16T18:00:27.080+0000] {processor.py:925} INFO - DAG(s) 'example_bash_operator' retrieved from /home/airflow/.local/lib/python3.12/site-packages/airflow/example_dags/example_bash_operator.py
[2025-01-16T18:00:27.126+0000] {logging_mixin.py:190} INFO - [2025-01-16T18:00:27.126+0000] {dag.py:3239} INFO - Sync 1 DAGs
[2025-01-16T18:00:27.191+0000] {logging_mixin.py:190} INFO - [2025-01-16T18:00:27.190+0000] {dag.py:4180} INFO - Setting next_dagrun for example_bash_operator to 2025-01-15 00:00:00+00:00, run_after=2025-01-16 00:00:00+00:00
[2025-01-16T18:00:27.218+0000] {processor.py:208} INFO - Processing /home/airflow/.local/lib/python3.12/site-packages/airflow/example_dags/example_bash_operator.py took 0.174 seconds
[2025-01-16T18:00:57.943+0000] {processor.py:186} INFO - Started process (PID=532) to work on /home/airflow/.local/lib/python3.12/site-packages/airflow/example_dags/example_bash_operator.py
[2025-01-16T18:00:57.945+0000] {processor.py:914} INFO - Processing file /home/airflow/.local/lib/python3.12/site-packages/airflow/example_dags/example_bash_operator.py for tasks to queue
[2025-01-16T18:00:57.947+0000] {logging_mixin.py:190} INFO - [2025-01-16T18:00:57.946+0000] {dagbag.py:588} INFO - Filling up the DagBag from /home/airflow/.local/lib/python3.12/site-packages/airflow/example_dags/example_bash_operator.py
[2025-01-16T18:00:57.962+0000] {processor.py:925} INFO - DAG(s) 'example_bash_operator' retrieved from /home/airflow/.local/lib/python3.12/site-packages/airflow/example_dags/example_bash_operator.py
[2025-01-16T18:00:57.994+0000] {logging_mixin.py:190} INFO - [2025-01-16T18:00:57.994+0000] {dag.py:3239} INFO - Sync 1 DAGs
[2025-01-16T18:00:58.029+0000] {logging_mixin.py:190} INFO - [2025-01-16T18:00:58.029+0000] {dag.py:4180} INFO - Setting next_dagrun for example_bash_operator to 2025-01-15 00:00:00+00:00, run_after=2025-01-16 00:00:00+00:00
[2025-01-16T18:00:58.059+0000] {processor.py:208} INFO - Processing /home/airflow/.local/lib/python3.12/site-packages/airflow/example_dags/example_bash_operator.py took 0.121 seconds
[2025-01-16T18:01:28.436+0000] {processor.py:186} INFO - Started process (PID=597) to work on /home/airflow/.local/lib/python3.12/site-packages/airflow/example_dags/example_bash_operator.py
[2025-01-16T18:01:28.437+0000] {processor.py:914} INFO - Processing file /home/airflow/.local/lib/python3.12/site-packages/airflow/example_dags/example_bash_operator.py for tasks to queue
[2025-01-16T18:01:28.439+0000] {logging_mixin.py:190} INFO - [2025-01-16T18:01:28.439+0000] {dagbag.py:588} INFO - Filling up the DagBag from /home/airflow/.local/lib/python3.12/site-packages/airflow/example_dags/example_bash_operator.py
[2025-01-16T18:01:28.456+0000] {processor.py:925} INFO - DAG(s) 'example_bash_operator' retrieved from /home/airflow/.local/lib/python3.12/site-packages/airflow/example_dags/example_bash_operator.py
[2025-01-16T18:01:28.485+0000] {logging_mixin.py:190} INFO - [2025-01-16T18:01:28.484+0000] {dag.py:3239} INFO - Sync 1 DAGs
[2025-01-16T18:01:28.507+0000] {logging_mixin.py:190} INFO - [2025-01-16T18:01:28.507+0000] {dag.py:4180} INFO - Setting next_dagrun for example_bash_operator to 2025-01-15 00:00:00+00:00, run_after=2025-01-16 00:00:00+00:00
[2025-01-16T18:01:28.537+0000] {processor.py:208} INFO - Processing /home/airflow/.local/lib/python3.12/site-packages/airflow/example_dags/example_bash_operator.py took 0.107 seconds
[2025-01-16T18:01:58.704+0000] {processor.py:186} INFO - Started process (PID=662) to work on /home/airflow/.local/lib/python3.12/site-packages/airflow/example_dags/example_bash_operator.py
[2025-01-16T18:01:58.705+0000] {processor.py:914} INFO - Processing file /home/airflow/.local/lib/python3.12/site-packages/airflow/example_dags/example_bash_operator.py for tasks to queue
[2025-01-16T18:01:58.707+0000] {logging_mixin.py:190} INFO - [2025-01-16T18:01:58.707+0000] {dagbag.py:588} INFO - Filling up the DagBag from /home/airflow/.local/lib/python3.12/site-packages/airflow/example_dags/example_bash_operator.py
[2025-01-16T18:01:58.719+0000] {processor.py:925} INFO - DAG(s) 'example_bash_operator' retrieved from /home/airflow/.local/lib/python3.12/site-packages/airflow/example_dags/example_bash_operator.py
[2025-01-16T18:01:58.743+0000] {logging_mixin.py:190} INFO - [2025-01-16T18:01:58.743+0000] {dag.py:3239} INFO - Sync 1 DAGs
[2025-01-16T18:01:58.767+0000] {logging_mixin.py:190} INFO - [2025-01-16T18:01:58.767+0000] {dag.py:4180} INFO - Setting next_dagrun for example_bash_operator to 2025-01-15 00:00:00+00:00, run_after=2025-01-16 00:00:00+00:00
[2025-01-16T18:01:58.788+0000] {processor.py:208} INFO - Processing /home/airflow/.local/lib/python3.12/site-packages/airflow/example_dags/example_bash_operator.py took 0.090 seconds
[2025-01-16T18:02:29.433+0000] {processor.py:186} INFO - Started process (PID=728) to work on /home/airflow/.local/lib/python3.12/site-packages/airflow/example_dags/example_bash_operator.py
[2025-01-16T18:02:29.434+0000] {processor.py:914} INFO - Processing file /home/airflow/.local/lib/python3.12/site-packages/airflow/example_dags/example_bash_operator.py for tasks to queue
[2025-01-16T18:02:29.436+0000] {logging_mixin.py:190} INFO - [2025-01-16T18:02:29.436+0000] {dagbag.py:588} INFO - Filling up the DagBag from /home/airflow/.local/lib/python3.12/site-packages/airflow/example_dags/example_bash_operator.py
[2025-01-16T18:02:29.448+0000] {processor.py:925} INFO - DAG(s) 'example_bash_operator' retrieved from /home/airflow/.local/lib/python3.12/site-packages/airflow/example_dags/example_bash_operator.py
[2025-01-16T18:02:29.479+0000] {logging_mixin.py:190} INFO - [2025-01-16T18:02:29.479+0000] {dag.py:3239} INFO - Sync 1 DAGs
[2025-01-16T18:02:29.505+0000] {logging_mixin.py:190} INFO - [2025-01-16T18:02:29.505+0000] {dag.py:4180} INFO - Setting next_dagrun for example_bash_operator to 2025-01-15 00:00:00+00:00, run_after=2025-01-16 00:00:00+00:00
[2025-01-16T18:02:29.523+0000] {processor.py:208} INFO - Processing /home/airflow/.local/lib/python3.12/site-packages/airflow/example_dags/example_bash_operator.py took 0.095 seconds
[2025-01-16T18:02:59.710+0000] {processor.py:186} INFO - Started process (PID=793) to work on /home/airflow/.local/lib/python3.12/site-packages/airflow/example_dags/example_bash_operator.py
[2025-01-16T18:02:59.711+0000] {processor.py:914} INFO - Processing file /home/airflow/.local/lib/python3.12/site-packages/airflow/example_dags/example_bash_operator.py for tasks to queue
[2025-01-16T18:02:59.713+0000] {logging_mixin.py:190} INFO - [2025-01-16T18:02:59.713+0000] {dagbag.py:588} INFO - Filling up the DagBag from /home/airflow/.local/lib/python3.12/site-packages/airflow/example_dags/example_bash_operator.py
[2025-01-16T18:02:59.724+0000] {processor.py:925} INFO - DAG(s) 'example_bash_operator' retrieved from /home/airflow/.local/lib/python3.12/site-packages/airflow/example_dags/example_bash_operator.py
[2025-01-16T18:02:59.749+0000] {logging_mixin.py:190} INFO - [2025-01-16T18:02:59.749+0000] {dag.py:3239} INFO - Sync 1 DAGs
[2025-01-16T18:02:59.774+0000] {logging_mixin.py:190} INFO - [2025-01-16T18:02:59.774+0000] {dag.py:4180} INFO - Setting next_dagrun for example_bash_operator to 2025-01-15 00:00:00+00:00, run_after=2025-01-16 00:00:00+00:00
[2025-01-16T18:02:59.792+0000] {processor.py:208} INFO - Processing /home/airflow/.local/lib/python3.12/site-packages/airflow/example_dags/example_bash_operator.py took 0.087 seconds
[2025-01-16T18:03:30.144+0000] {processor.py:186} INFO - Started process (PID=858) to work on /home/airflow/.local/lib/python3.12/site-packages/airflow/example_dags/example_bash_operator.py
[2025-01-16T18:03:30.145+0000] {processor.py:914} INFO - Processing file /home/airflow/.local/lib/python3.12/site-packages/airflow/example_dags/example_bash_operator.py for tasks to queue
[2025-01-16T18:03:30.147+0000] {logging_mixin.py:190} INFO - [2025-01-16T18:03:30.147+0000] {dagbag.py:588} INFO - Filling up the DagBag from /home/airflow/.local/lib/python3.12/site-packages/airflow/example_dags/example_bash_operator.py
[2025-01-16T18:03:30.160+0000] {processor.py:925} INFO - DAG(s) 'example_bash_operator' retrieved from /home/airflow/.local/lib/python3.12/site-packages/airflow/example_dags/example_bash_operator.py
[2025-01-16T18:03:30.186+0000] {logging_mixin.py:190} INFO - [2025-01-16T18:03:30.185+0000] {dag.py:3239} INFO - Sync 1 DAGs
[2025-01-16T18:03:30.206+0000] {logging_mixin.py:190} INFO - [2025-01-16T18:03:30.206+0000] {dag.py:4180} INFO - Setting next_dagrun for example_bash_operator to 2025-01-15 00:00:00+00:00, run_after=2025-01-16 00:00:00+00:00
[2025-01-16T18:03:30.238+0000] {processor.py:208} INFO - Processing /home/airflow/.local/lib/python3.12/site-packages/airflow/example_dags/example_bash_operator.py took 0.099 seconds
[2025-01-16T18:04:00.458+0000] {processor.py:186} INFO - Started process (PID=923) to work on /home/airflow/.local/lib/python3.12/site-packages/airflow/example_dags/example_bash_operator.py
[2025-01-16T18:04:00.460+0000] {processor.py:914} INFO - Processing file /home/airflow/.local/lib/python3.12/site-packages/airflow/example_dags/example_bash_operator.py for tasks to queue
[2025-01-16T18:04:00.463+0000] {logging_mixin.py:190} INFO - [2025-01-16T18:04:00.463+0000] {dagbag.py:588} INFO - Filling up the DagBag from /home/airflow/.local/lib/python3.12/site-packages/airflow/example_dags/example_bash_operator.py
[2025-01-16T18:04:00.480+0000] {processor.py:925} INFO - DAG(s) 'example_bash_operator' retrieved from /home/airflow/.local/lib/python3.12/site-packages/airflow/example_dags/example_bash_operator.py
[2025-01-16T18:04:00.515+0000] {logging_mixin.py:190} INFO - [2025-01-16T18:04:00.515+0000] {dag.py:3239} INFO - Sync 1 DAGs
[2025-01-16T18:04:00.547+0000] {logging_mixin.py:190} INFO - [2025-01-16T18:04:00.547+0000] {dag.py:4180} INFO - Setting next_dagrun for example_bash_operator to 2025-01-15 00:00:00+00:00, run_after=2025-01-16 00:00:00+00:00
[2025-01-16T18:04:00.570+0000] {processor.py:208} INFO - Processing /home/airflow/.local/lib/python3.12/site-packages/airflow/example_dags/example_bash_operator.py took 0.121 seconds
[2025-01-16T18:04:31.055+0000] {processor.py:186} INFO - Started process (PID=988) to work on /home/airflow/.local/lib/python3.12/site-packages/airflow/example_dags/example_bash_operator.py
[2025-01-16T18:04:31.056+0000] {processor.py:914} INFO - Processing file /home/airflow/.local/lib/python3.12/site-packages/airflow/example_dags/example_bash_operator.py for tasks to queue
[2025-01-16T18:04:31.059+0000] {logging_mixin.py:190} INFO - [2025-01-16T18:04:31.058+0000] {dagbag.py:588} INFO - Filling up the DagBag from /home/airflow/.local/lib/python3.12/site-packages/airflow/example_dags/example_bash_operator.py
[2025-01-16T18:04:31.070+0000] {processor.py:925} INFO - DAG(s) 'example_bash_operator' retrieved from /home/airflow/.local/lib/python3.12/site-packages/airflow/example_dags/example_bash_operator.py
[2025-01-16T18:04:31.095+0000] {logging_mixin.py:190} INFO - [2025-01-16T18:04:31.094+0000] {dag.py:3239} INFO - Sync 1 DAGs
[2025-01-16T18:04:31.116+0000] {logging_mixin.py:190} INFO - [2025-01-16T18:04:31.116+0000] {dag.py:4180} INFO - Setting next_dagrun for example_bash_operator to 2025-01-15 00:00:00+00:00, run_after=2025-01-16 00:00:00+00:00
[2025-01-16T18:04:31.135+0000] {processor.py:208} INFO - Processing /home/airflow/.local/lib/python3.12/site-packages/airflow/example_dags/example_bash_operator.py took 0.085 seconds
[2025-01-16T18:05:01.593+0000] {processor.py:186} INFO - Started process (PID=1053) to work on /home/airflow/.local/lib/python3.12/site-packages/airflow/example_dags/example_bash_operator.py
[2025-01-16T18:05:01.594+0000] {processor.py:914} INFO - Processing file /home/airflow/.local/lib/python3.12/site-packages/airflow/example_dags/example_bash_operator.py for tasks to queue
[2025-01-16T18:05:01.598+0000] {logging_mixin.py:190} INFO - [2025-01-16T18:05:01.598+0000] {dagbag.py:588} INFO - Filling up the DagBag from /home/airflow/.local/lib/python3.12/site-packages/airflow/example_dags/example_bash_operator.py
[2025-01-16T18:05:01.609+0000] {processor.py:925} INFO - DAG(s) 'example_bash_operator' retrieved from /home/airflow/.local/lib/python3.12/site-packages/airflow/example_dags/example_bash_operator.py
[2025-01-16T18:05:01.636+0000] {logging_mixin.py:190} INFO - [2025-01-16T18:05:01.635+0000] {dag.py:3239} INFO - Sync 1 DAGs
[2025-01-16T18:05:01.657+0000] {logging_mixin.py:190} INFO - [2025-01-16T18:05:01.657+0000] {dag.py:4180} INFO - Setting next_dagrun for example_bash_operator to 2025-01-15 00:00:00+00:00, run_after=2025-01-16 00:00:00+00:00
[2025-01-16T18:05:01.676+0000] {processor.py:208} INFO - Processing /home/airflow/.local/lib/python3.12/site-packages/airflow/example_dags/example_bash_operator.py took 0.087 seconds
[2025-01-16T18:05:32.140+0000] {processor.py:186} INFO - Started process (PID=1118) to work on /home/airflow/.local/lib/python3.12/site-packages/airflow/example_dags/example_bash_operator.py
[2025-01-16T18:05:32.141+0000] {processor.py:914} INFO - Processing file /home/airflow/.local/lib/python3.12/site-packages/airflow/example_dags/example_bash_operator.py for tasks to queue
[2025-01-16T18:05:32.143+0000] {logging_mixin.py:190} INFO - [2025-01-16T18:05:32.143+0000] {dagbag.py:588} INFO - Filling up the DagBag from /home/airflow/.local/lib/python3.12/site-packages/airflow/example_dags/example_bash_operator.py
[2025-01-16T18:05:32.156+0000] {processor.py:925} INFO - DAG(s) 'example_bash_operator' retrieved from /home/airflow/.local/lib/python3.12/site-packages/airflow/example_dags/example_bash_operator.py
[2025-01-16T18:05:32.179+0000] {logging_mixin.py:190} INFO - [2025-01-16T18:05:32.179+0000] {dag.py:3239} INFO - Sync 1 DAGs
[2025-01-16T18:05:32.213+0000] {logging_mixin.py:190} INFO - [2025-01-16T18:05:32.213+0000] {dag.py:4180} INFO - Setting next_dagrun for example_bash_operator to 2025-01-15 00:00:00+00:00, run_after=2025-01-16 00:00:00+00:00
[2025-01-16T18:05:32.233+0000] {processor.py:208} INFO - Processing /home/airflow/.local/lib/python3.12/site-packages/airflow/example_dags/example_bash_operator.py took 0.099 seconds
[2025-01-16T18:06:03.035+0000] {processor.py:186} INFO - Started process (PID=1183) to work on /home/airflow/.local/lib/python3.12/site-packages/airflow/example_dags/example_bash_operator.py
[2025-01-16T18:06:03.036+0000] {processor.py:914} INFO - Processing file /home/airflow/.local/lib/python3.12/site-packages/airflow/example_dags/example_bash_operator.py for tasks to queue
[2025-01-16T18:06:03.039+0000] {logging_mixin.py:190} INFO - [2025-01-16T18:06:03.039+0000] {dagbag.py:588} INFO - Filling up the DagBag from /home/airflow/.local/lib/python3.12/site-packages/airflow/example_dags/example_bash_operator.py
[2025-01-16T18:06:03.052+0000] {processor.py:925} INFO - DAG(s) 'example_bash_operator' retrieved from /home/airflow/.local/lib/python3.12/site-packages/airflow/example_dags/example_bash_operator.py
[2025-01-16T18:06:03.086+0000] {logging_mixin.py:190} INFO - [2025-01-16T18:06:03.085+0000] {dag.py:3239} INFO - Sync 1 DAGs
[2025-01-16T18:06:03.118+0000] {logging_mixin.py:190} INFO - [2025-01-16T18:06:03.118+0000] {dag.py:4180} INFO - Setting next_dagrun for example_bash_operator to 2025-01-15 00:00:00+00:00, run_after=2025-01-16 00:00:00+00:00
[2025-01-16T18:06:03.150+0000] {processor.py:208} INFO - Processing /home/airflow/.local/lib/python3.12/site-packages/airflow/example_dags/example_bash_operator.py took 0.121 seconds
[2025-01-16T18:06:33.699+0000] {processor.py:186} INFO - Started process (PID=1248) to work on /home/airflow/.local/lib/python3.12/site-packages/airflow/example_dags/example_bash_operator.py
[2025-01-16T18:06:33.700+0000] {processor.py:914} INFO - Processing file /home/airflow/.local/lib/python3.12/site-packages/airflow/example_dags/example_bash_operator.py for tasks to queue
[2025-01-16T18:06:33.703+0000] {logging_mixin.py:190} INFO - [2025-01-16T18:06:33.703+0000] {dagbag.py:588} INFO - Filling up the DagBag from /home/airflow/.local/lib/python3.12/site-packages/airflow/example_dags/example_bash_operator.py
[2025-01-16T18:06:33.720+0000] {processor.py:925} INFO - DAG(s) 'example_bash_operator' retrieved from /home/airflow/.local/lib/python3.12/site-packages/airflow/example_dags/example_bash_operator.py
[2025-01-16T18:06:33.756+0000] {logging_mixin.py:190} INFO - [2025-01-16T18:06:33.756+0000] {dag.py:3239} INFO - Sync 1 DAGs
[2025-01-16T18:06:33.787+0000] {logging_mixin.py:190} INFO - [2025-01-16T18:06:33.787+0000] {dag.py:4180} INFO - Setting next_dagrun for example_bash_operator to 2025-01-15 00:00:00+00:00, run_after=2025-01-16 00:00:00+00:00
[2025-01-16T18:06:33.817+0000] {processor.py:208} INFO - Processing /home/airflow/.local/lib/python3.12/site-packages/airflow/example_dags/example_bash_operator.py took 0.125 seconds
