[2025-01-16T17:57:34.558+0000] {processor.py:186} INFO - Started process (PID=111) to work on /home/airflow/.local/lib/python3.12/site-packages/airflow/example_dags/example_xcomargs.py
[2025-01-16T17:57:34.559+0000] {processor.py:914} INFO - Processing file /home/airflow/.local/lib/python3.12/site-packages/airflow/example_dags/example_xcomargs.py for tasks to queue
[2025-01-16T17:57:34.562+0000] {logging_mixin.py:190} INFO - [2025-01-16T17:57:34.561+0000] {dagbag.py:588} INFO - Filling up the DagBag from /home/airflow/.local/lib/python3.12/site-packages/airflow/example_dags/example_xcomargs.py
[2025-01-16T17:57:34.578+0000] {processor.py:925} INFO - DAG(s) 'example_xcom_args', 'example_xcom_args_with_operators' retrieved from /home/airflow/.local/lib/python3.12/site-packages/airflow/example_dags/example_xcomargs.py
[2025-01-16T17:57:34.709+0000] {logging_mixin.py:190} INFO - [2025-01-16T17:57:34.708+0000] {override.py:1911} INFO - Created Permission View: can edit on DAG:example_xcom_args
[2025-01-16T17:57:34.723+0000] {logging_mixin.py:190} INFO - [2025-01-16T17:57:34.722+0000] {override.py:1911} INFO - Created Permission View: can read on DAG:example_xcom_args
[2025-01-16T17:57:34.734+0000] {logging_mixin.py:190} INFO - [2025-01-16T17:57:34.734+0000] {override.py:1911} INFO - Created Permission View: can delete on DAG:example_xcom_args
[2025-01-16T17:57:34.748+0000] {logging_mixin.py:190} INFO - [2025-01-16T17:57:34.747+0000] {override.py:1911} INFO - Created Permission View: can create on DAG Run:example_xcom_args
[2025-01-16T17:57:34.759+0000] {logging_mixin.py:190} INFO - [2025-01-16T17:57:34.759+0000] {override.py:1911} INFO - Created Permission View: can delete on DAG Run:example_xcom_args
[2025-01-16T17:57:34.774+0000] {logging_mixin.py:190} INFO - [2025-01-16T17:57:34.773+0000] {override.py:1911} INFO - Created Permission View: can read on DAG Run:example_xcom_args
[2025-01-16T17:57:34.785+0000] {logging_mixin.py:190} INFO - [2025-01-16T17:57:34.785+0000] {override.py:1911} INFO - Created Permission View: menu access on DAG Run:example_xcom_args
[2025-01-16T17:57:34.809+0000] {logging_mixin.py:190} INFO - [2025-01-16T17:57:34.808+0000] {override.py:1911} INFO - Created Permission View: can edit on DAG:example_xcom_args_with_operators
[2025-01-16T17:57:34.823+0000] {logging_mixin.py:190} INFO - [2025-01-16T17:57:34.823+0000] {override.py:1911} INFO - Created Permission View: can read on DAG:example_xcom_args_with_operators
[2025-01-16T17:57:34.836+0000] {logging_mixin.py:190} INFO - [2025-01-16T17:57:34.836+0000] {override.py:1911} INFO - Created Permission View: can delete on DAG:example_xcom_args_with_operators
[2025-01-16T17:57:34.846+0000] {logging_mixin.py:190} INFO - [2025-01-16T17:57:34.845+0000] {override.py:1911} INFO - Created Permission View: can create on DAG Run:example_xcom_args_with_operators
[2025-01-16T17:57:34.858+0000] {logging_mixin.py:190} INFO - [2025-01-16T17:57:34.858+0000] {override.py:1911} INFO - Created Permission View: can delete on DAG Run:example_xcom_args_with_operators
[2025-01-16T17:57:34.869+0000] {logging_mixin.py:190} INFO - [2025-01-16T17:57:34.868+0000] {override.py:1911} INFO - Created Permission View: can read on DAG Run:example_xcom_args_with_operators
[2025-01-16T17:57:34.879+0000] {logging_mixin.py:190} INFO - [2025-01-16T17:57:34.879+0000] {override.py:1911} INFO - Created Permission View: menu access on DAG Run:example_xcom_args_with_operators
[2025-01-16T17:57:34.881+0000] {logging_mixin.py:190} INFO - [2025-01-16T17:57:34.881+0000] {dag.py:3239} INFO - Sync 2 DAGs
[2025-01-16T17:57:34.902+0000] {logging_mixin.py:190} INFO - [2025-01-16T17:57:34.901+0000] {dag.py:3262} INFO - Creating ORM DAG for example_xcom_args_with_operators
[2025-01-16T17:57:34.903+0000] {logging_mixin.py:190} INFO - [2025-01-16T17:57:34.903+0000] {dag.py:3262} INFO - Creating ORM DAG for example_xcom_args
[2025-01-16T17:57:34.904+0000] {logging_mixin.py:190} INFO - [2025-01-16T17:57:34.904+0000] {dag.py:4180} INFO - Setting next_dagrun for example_xcom_args to None, run_after=None
[2025-01-16T17:57:34.905+0000] {logging_mixin.py:190} INFO - [2025-01-16T17:57:34.905+0000] {dag.py:4180} INFO - Setting next_dagrun for example_xcom_args_with_operators to None, run_after=None
[2025-01-16T17:57:34.935+0000] {processor.py:208} INFO - Processing /home/airflow/.local/lib/python3.12/site-packages/airflow/example_dags/example_xcomargs.py took 0.386 seconds
[2025-01-16T17:58:05.072+0000] {processor.py:186} INFO - Started process (PID=177) to work on /home/airflow/.local/lib/python3.12/site-packages/airflow/example_dags/example_xcomargs.py
[2025-01-16T17:58:05.074+0000] {processor.py:914} INFO - Processing file /home/airflow/.local/lib/python3.12/site-packages/airflow/example_dags/example_xcomargs.py for tasks to queue
[2025-01-16T17:58:05.077+0000] {logging_mixin.py:190} INFO - [2025-01-16T17:58:05.077+0000] {dagbag.py:588} INFO - Filling up the DagBag from /home/airflow/.local/lib/python3.12/site-packages/airflow/example_dags/example_xcomargs.py
[2025-01-16T17:58:05.090+0000] {processor.py:925} INFO - DAG(s) 'example_xcom_args_with_operators', 'example_xcom_args' retrieved from /home/airflow/.local/lib/python3.12/site-packages/airflow/example_dags/example_xcomargs.py
[2025-01-16T17:58:05.118+0000] {logging_mixin.py:190} INFO - [2025-01-16T17:58:05.118+0000] {dag.py:3239} INFO - Sync 2 DAGs
[2025-01-16T17:58:05.137+0000] {logging_mixin.py:190} INFO - [2025-01-16T17:58:05.137+0000] {dag.py:4180} INFO - Setting next_dagrun for example_xcom_args to None, run_after=None
[2025-01-16T17:58:05.142+0000] {logging_mixin.py:190} INFO - [2025-01-16T17:58:05.142+0000] {dag.py:4180} INFO - Setting next_dagrun for example_xcom_args_with_operators to None, run_after=None
[2025-01-16T17:58:05.161+0000] {processor.py:208} INFO - Processing /home/airflow/.local/lib/python3.12/site-packages/airflow/example_dags/example_xcomargs.py took 0.097 seconds
[2025-01-16T17:58:35.299+0000] {processor.py:186} INFO - Started process (PID=242) to work on /home/airflow/.local/lib/python3.12/site-packages/airflow/example_dags/example_xcomargs.py
[2025-01-16T17:58:35.300+0000] {processor.py:914} INFO - Processing file /home/airflow/.local/lib/python3.12/site-packages/airflow/example_dags/example_xcomargs.py for tasks to queue
[2025-01-16T17:58:35.303+0000] {logging_mixin.py:190} INFO - [2025-01-16T17:58:35.303+0000] {dagbag.py:588} INFO - Filling up the DagBag from /home/airflow/.local/lib/python3.12/site-packages/airflow/example_dags/example_xcomargs.py
[2025-01-16T17:58:35.317+0000] {processor.py:925} INFO - DAG(s) 'example_xcom_args', 'example_xcom_args_with_operators' retrieved from /home/airflow/.local/lib/python3.12/site-packages/airflow/example_dags/example_xcomargs.py
[2025-01-16T17:58:35.348+0000] {logging_mixin.py:190} INFO - [2025-01-16T17:58:35.348+0000] {dag.py:3239} INFO - Sync 2 DAGs
[2025-01-16T17:58:35.369+0000] {logging_mixin.py:190} INFO - [2025-01-16T17:58:35.369+0000] {dag.py:4180} INFO - Setting next_dagrun for example_xcom_args to None, run_after=None
[2025-01-16T17:58:35.376+0000] {logging_mixin.py:190} INFO - [2025-01-16T17:58:35.376+0000] {dag.py:4180} INFO - Setting next_dagrun for example_xcom_args_with_operators to None, run_after=None
[2025-01-16T17:58:35.398+0000] {processor.py:208} INFO - Processing /home/airflow/.local/lib/python3.12/site-packages/airflow/example_dags/example_xcomargs.py took 0.106 seconds
[2025-01-16T17:59:06.426+0000] {processor.py:186} INFO - Started process (PID=307) to work on /home/airflow/.local/lib/python3.12/site-packages/airflow/example_dags/example_xcomargs.py
[2025-01-16T17:59:06.427+0000] {processor.py:914} INFO - Processing file /home/airflow/.local/lib/python3.12/site-packages/airflow/example_dags/example_xcomargs.py for tasks to queue
[2025-01-16T17:59:06.431+0000] {logging_mixin.py:190} INFO - [2025-01-16T17:59:06.430+0000] {dagbag.py:588} INFO - Filling up the DagBag from /home/airflow/.local/lib/python3.12/site-packages/airflow/example_dags/example_xcomargs.py
[2025-01-16T17:59:06.445+0000] {processor.py:925} INFO - DAG(s) 'example_xcom_args', 'example_xcom_args_with_operators' retrieved from /home/airflow/.local/lib/python3.12/site-packages/airflow/example_dags/example_xcomargs.py
[2025-01-16T17:59:06.474+0000] {logging_mixin.py:190} INFO - [2025-01-16T17:59:06.474+0000] {dag.py:3239} INFO - Sync 2 DAGs
[2025-01-16T17:59:06.493+0000] {logging_mixin.py:190} INFO - [2025-01-16T17:59:06.493+0000] {dag.py:4180} INFO - Setting next_dagrun for example_xcom_args to None, run_after=None
[2025-01-16T17:59:06.500+0000] {logging_mixin.py:190} INFO - [2025-01-16T17:59:06.499+0000] {dag.py:4180} INFO - Setting next_dagrun for example_xcom_args_with_operators to None, run_after=None
[2025-01-16T17:59:06.530+0000] {processor.py:208} INFO - Processing /home/airflow/.local/lib/python3.12/site-packages/airflow/example_dags/example_xcomargs.py took 0.111 seconds
[2025-01-16T17:59:37.274+0000] {processor.py:186} INFO - Started process (PID=372) to work on /home/airflow/.local/lib/python3.12/site-packages/airflow/example_dags/example_xcomargs.py
[2025-01-16T17:59:37.275+0000] {processor.py:914} INFO - Processing file /home/airflow/.local/lib/python3.12/site-packages/airflow/example_dags/example_xcomargs.py for tasks to queue
[2025-01-16T17:59:37.278+0000] {logging_mixin.py:190} INFO - [2025-01-16T17:59:37.278+0000] {dagbag.py:588} INFO - Filling up the DagBag from /home/airflow/.local/lib/python3.12/site-packages/airflow/example_dags/example_xcomargs.py
[2025-01-16T17:59:37.293+0000] {processor.py:925} INFO - DAG(s) 'example_xcom_args_with_operators', 'example_xcom_args' retrieved from /home/airflow/.local/lib/python3.12/site-packages/airflow/example_dags/example_xcomargs.py
[2025-01-16T17:59:37.339+0000] {logging_mixin.py:190} INFO - [2025-01-16T17:59:37.339+0000] {dag.py:3239} INFO - Sync 2 DAGs
[2025-01-16T17:59:37.360+0000] {logging_mixin.py:190} INFO - [2025-01-16T17:59:37.360+0000] {dag.py:4180} INFO - Setting next_dagrun for example_xcom_args to None, run_after=None
[2025-01-16T17:59:37.368+0000] {logging_mixin.py:190} INFO - [2025-01-16T17:59:37.368+0000] {dag.py:4180} INFO - Setting next_dagrun for example_xcom_args_with_operators to None, run_after=None
[2025-01-16T17:59:37.392+0000] {processor.py:208} INFO - Processing /home/airflow/.local/lib/python3.12/site-packages/airflow/example_dags/example_xcomargs.py took 0.127 seconds
[2025-01-16T18:00:08.358+0000] {processor.py:186} INFO - Started process (PID=437) to work on /home/airflow/.local/lib/python3.12/site-packages/airflow/example_dags/example_xcomargs.py
[2025-01-16T18:00:08.359+0000] {processor.py:914} INFO - Processing file /home/airflow/.local/lib/python3.12/site-packages/airflow/example_dags/example_xcomargs.py for tasks to queue
[2025-01-16T18:00:08.362+0000] {logging_mixin.py:190} INFO - [2025-01-16T18:00:08.362+0000] {dagbag.py:588} INFO - Filling up the DagBag from /home/airflow/.local/lib/python3.12/site-packages/airflow/example_dags/example_xcomargs.py
[2025-01-16T18:00:08.378+0000] {processor.py:925} INFO - DAG(s) 'example_xcom_args', 'example_xcom_args_with_operators' retrieved from /home/airflow/.local/lib/python3.12/site-packages/airflow/example_dags/example_xcomargs.py
[2025-01-16T18:00:08.412+0000] {logging_mixin.py:190} INFO - [2025-01-16T18:00:08.412+0000] {dag.py:3239} INFO - Sync 2 DAGs
[2025-01-16T18:00:08.434+0000] {logging_mixin.py:190} INFO - [2025-01-16T18:00:08.434+0000] {dag.py:4180} INFO - Setting next_dagrun for example_xcom_args to None, run_after=None
[2025-01-16T18:00:08.443+0000] {logging_mixin.py:190} INFO - [2025-01-16T18:00:08.442+0000] {dag.py:4180} INFO - Setting next_dagrun for example_xcom_args_with_operators to None, run_after=None
[2025-01-16T18:00:08.466+0000] {processor.py:208} INFO - Processing /home/airflow/.local/lib/python3.12/site-packages/airflow/example_dags/example_xcomargs.py took 0.120 seconds
[2025-01-16T18:00:39.398+0000] {processor.py:186} INFO - Started process (PID=508) to work on /home/airflow/.local/lib/python3.12/site-packages/airflow/example_dags/example_xcomargs.py
[2025-01-16T18:00:39.400+0000] {processor.py:914} INFO - Processing file /home/airflow/.local/lib/python3.12/site-packages/airflow/example_dags/example_xcomargs.py for tasks to queue
[2025-01-16T18:00:39.403+0000] {logging_mixin.py:190} INFO - [2025-01-16T18:00:39.403+0000] {dagbag.py:588} INFO - Filling up the DagBag from /home/airflow/.local/lib/python3.12/site-packages/airflow/example_dags/example_xcomargs.py
[2025-01-16T18:00:39.416+0000] {processor.py:925} INFO - DAG(s) 'example_xcom_args', 'example_xcom_args_with_operators' retrieved from /home/airflow/.local/lib/python3.12/site-packages/airflow/example_dags/example_xcomargs.py
[2025-01-16T18:00:39.445+0000] {logging_mixin.py:190} INFO - [2025-01-16T18:00:39.445+0000] {dag.py:3239} INFO - Sync 2 DAGs
[2025-01-16T18:00:39.462+0000] {logging_mixin.py:190} INFO - [2025-01-16T18:00:39.462+0000] {dag.py:4180} INFO - Setting next_dagrun for example_xcom_args to None, run_after=None
[2025-01-16T18:00:39.468+0000] {logging_mixin.py:190} INFO - [2025-01-16T18:00:39.467+0000] {dag.py:4180} INFO - Setting next_dagrun for example_xcom_args_with_operators to None, run_after=None
[2025-01-16T18:00:39.499+0000] {processor.py:208} INFO - Processing /home/airflow/.local/lib/python3.12/site-packages/airflow/example_dags/example_xcomargs.py took 0.110 seconds
[2025-01-16T18:01:09.778+0000] {processor.py:186} INFO - Started process (PID=572) to work on /home/airflow/.local/lib/python3.12/site-packages/airflow/example_dags/example_xcomargs.py
[2025-01-16T18:01:09.780+0000] {processor.py:914} INFO - Processing file /home/airflow/.local/lib/python3.12/site-packages/airflow/example_dags/example_xcomargs.py for tasks to queue
[2025-01-16T18:01:09.785+0000] {logging_mixin.py:190} INFO - [2025-01-16T18:01:09.784+0000] {dagbag.py:588} INFO - Filling up the DagBag from /home/airflow/.local/lib/python3.12/site-packages/airflow/example_dags/example_xcomargs.py
[2025-01-16T18:01:09.805+0000] {processor.py:925} INFO - DAG(s) 'example_xcom_args', 'example_xcom_args_with_operators' retrieved from /home/airflow/.local/lib/python3.12/site-packages/airflow/example_dags/example_xcomargs.py
[2025-01-16T18:01:09.843+0000] {logging_mixin.py:190} INFO - [2025-01-16T18:01:09.842+0000] {dag.py:3239} INFO - Sync 2 DAGs
[2025-01-16T18:01:09.870+0000] {logging_mixin.py:190} INFO - [2025-01-16T18:01:09.870+0000] {dag.py:4180} INFO - Setting next_dagrun for example_xcom_args to None, run_after=None
[2025-01-16T18:01:09.876+0000] {logging_mixin.py:190} INFO - [2025-01-16T18:01:09.876+0000] {dag.py:4180} INFO - Setting next_dagrun for example_xcom_args_with_operators to None, run_after=None
[2025-01-16T18:01:09.918+0000] {processor.py:208} INFO - Processing /home/airflow/.local/lib/python3.12/site-packages/airflow/example_dags/example_xcomargs.py took 0.147 seconds
[2025-01-16T18:01:41.509+0000] {processor.py:186} INFO - Started process (PID=637) to work on /home/airflow/.local/lib/python3.12/site-packages/airflow/example_dags/example_xcomargs.py
[2025-01-16T18:01:41.510+0000] {processor.py:914} INFO - Processing file /home/airflow/.local/lib/python3.12/site-packages/airflow/example_dags/example_xcomargs.py for tasks to queue
[2025-01-16T18:01:41.518+0000] {logging_mixin.py:190} INFO - [2025-01-16T18:01:41.514+0000] {dagbag.py:588} INFO - Filling up the DagBag from /home/airflow/.local/lib/python3.12/site-packages/airflow/example_dags/example_xcomargs.py
[2025-01-16T18:01:41.544+0000] {processor.py:925} INFO - DAG(s) 'example_xcom_args', 'example_xcom_args_with_operators' retrieved from /home/airflow/.local/lib/python3.12/site-packages/airflow/example_dags/example_xcomargs.py
[2025-01-16T18:01:41.607+0000] {logging_mixin.py:190} INFO - [2025-01-16T18:01:41.607+0000] {dag.py:3239} INFO - Sync 2 DAGs
[2025-01-16T18:01:41.637+0000] {logging_mixin.py:190} INFO - [2025-01-16T18:01:41.637+0000] {dag.py:4180} INFO - Setting next_dagrun for example_xcom_args to None, run_after=None
[2025-01-16T18:01:41.644+0000] {logging_mixin.py:190} INFO - [2025-01-16T18:01:41.643+0000] {dag.py:4180} INFO - Setting next_dagrun for example_xcom_args_with_operators to None, run_after=None
[2025-01-16T18:01:41.678+0000] {processor.py:208} INFO - Processing /home/airflow/.local/lib/python3.12/site-packages/airflow/example_dags/example_xcomargs.py took 0.183 seconds
[2025-01-16T18:02:12.270+0000] {processor.py:186} INFO - Started process (PID=702) to work on /home/airflow/.local/lib/python3.12/site-packages/airflow/example_dags/example_xcomargs.py
[2025-01-16T18:02:12.272+0000] {processor.py:914} INFO - Processing file /home/airflow/.local/lib/python3.12/site-packages/airflow/example_dags/example_xcomargs.py for tasks to queue
[2025-01-16T18:02:12.275+0000] {logging_mixin.py:190} INFO - [2025-01-16T18:02:12.274+0000] {dagbag.py:588} INFO - Filling up the DagBag from /home/airflow/.local/lib/python3.12/site-packages/airflow/example_dags/example_xcomargs.py
[2025-01-16T18:02:12.285+0000] {processor.py:925} INFO - DAG(s) 'example_xcom_args_with_operators', 'example_xcom_args' retrieved from /home/airflow/.local/lib/python3.12/site-packages/airflow/example_dags/example_xcomargs.py
[2025-01-16T18:02:12.311+0000] {logging_mixin.py:190} INFO - [2025-01-16T18:02:12.311+0000] {dag.py:3239} INFO - Sync 2 DAGs
[2025-01-16T18:02:12.328+0000] {logging_mixin.py:190} INFO - [2025-01-16T18:02:12.328+0000] {dag.py:4180} INFO - Setting next_dagrun for example_xcom_args to None, run_after=None
[2025-01-16T18:02:12.332+0000] {logging_mixin.py:190} INFO - [2025-01-16T18:02:12.332+0000] {dag.py:4180} INFO - Setting next_dagrun for example_xcom_args_with_operators to None, run_after=None
[2025-01-16T18:02:12.351+0000] {processor.py:208} INFO - Processing /home/airflow/.local/lib/python3.12/site-packages/airflow/example_dags/example_xcomargs.py took 0.087 seconds
[2025-01-16T18:02:43.296+0000] {processor.py:186} INFO - Started process (PID=767) to work on /home/airflow/.local/lib/python3.12/site-packages/airflow/example_dags/example_xcomargs.py
[2025-01-16T18:02:43.297+0000] {processor.py:914} INFO - Processing file /home/airflow/.local/lib/python3.12/site-packages/airflow/example_dags/example_xcomargs.py for tasks to queue
[2025-01-16T18:02:43.301+0000] {logging_mixin.py:190} INFO - [2025-01-16T18:02:43.301+0000] {dagbag.py:588} INFO - Filling up the DagBag from /home/airflow/.local/lib/python3.12/site-packages/airflow/example_dags/example_xcomargs.py
[2025-01-16T18:02:43.313+0000] {processor.py:925} INFO - DAG(s) 'example_xcom_args_with_operators', 'example_xcom_args' retrieved from /home/airflow/.local/lib/python3.12/site-packages/airflow/example_dags/example_xcomargs.py
[2025-01-16T18:02:43.350+0000] {logging_mixin.py:190} INFO - [2025-01-16T18:02:43.350+0000] {dag.py:3239} INFO - Sync 2 DAGs
[2025-01-16T18:02:43.369+0000] {logging_mixin.py:190} INFO - [2025-01-16T18:02:43.369+0000] {dag.py:4180} INFO - Setting next_dagrun for example_xcom_args to None, run_after=None
[2025-01-16T18:02:43.375+0000] {logging_mixin.py:190} INFO - [2025-01-16T18:02:43.375+0000] {dag.py:4180} INFO - Setting next_dagrun for example_xcom_args_with_operators to None, run_after=None
[2025-01-16T18:02:43.401+0000] {processor.py:208} INFO - Processing /home/airflow/.local/lib/python3.12/site-packages/airflow/example_dags/example_xcomargs.py took 0.112 seconds
[2025-01-16T18:03:13.479+0000] {processor.py:186} INFO - Started process (PID=832) to work on /home/airflow/.local/lib/python3.12/site-packages/airflow/example_dags/example_xcomargs.py
[2025-01-16T18:03:13.481+0000] {processor.py:914} INFO - Processing file /home/airflow/.local/lib/python3.12/site-packages/airflow/example_dags/example_xcomargs.py for tasks to queue
[2025-01-16T18:03:13.485+0000] {logging_mixin.py:190} INFO - [2025-01-16T18:03:13.484+0000] {dagbag.py:588} INFO - Filling up the DagBag from /home/airflow/.local/lib/python3.12/site-packages/airflow/example_dags/example_xcomargs.py
[2025-01-16T18:03:13.501+0000] {processor.py:925} INFO - DAG(s) 'example_xcom_args', 'example_xcom_args_with_operators' retrieved from /home/airflow/.local/lib/python3.12/site-packages/airflow/example_dags/example_xcomargs.py
[2025-01-16T18:03:13.537+0000] {logging_mixin.py:190} INFO - [2025-01-16T18:03:13.536+0000] {dag.py:3239} INFO - Sync 2 DAGs
[2025-01-16T18:03:13.557+0000] {logging_mixin.py:190} INFO - [2025-01-16T18:03:13.557+0000] {dag.py:4180} INFO - Setting next_dagrun for example_xcom_args to None, run_after=None
[2025-01-16T18:03:13.567+0000] {logging_mixin.py:190} INFO - [2025-01-16T18:03:13.564+0000] {dag.py:4180} INFO - Setting next_dagrun for example_xcom_args_with_operators to None, run_after=None
[2025-01-16T18:03:13.594+0000] {processor.py:208} INFO - Processing /home/airflow/.local/lib/python3.12/site-packages/airflow/example_dags/example_xcomargs.py took 0.122 seconds
[2025-01-16T18:03:43.942+0000] {processor.py:186} INFO - Started process (PID=896) to work on /home/airflow/.local/lib/python3.12/site-packages/airflow/example_dags/example_xcomargs.py
[2025-01-16T18:03:43.943+0000] {processor.py:914} INFO - Processing file /home/airflow/.local/lib/python3.12/site-packages/airflow/example_dags/example_xcomargs.py for tasks to queue
[2025-01-16T18:03:43.945+0000] {logging_mixin.py:190} INFO - [2025-01-16T18:03:43.945+0000] {dagbag.py:588} INFO - Filling up the DagBag from /home/airflow/.local/lib/python3.12/site-packages/airflow/example_dags/example_xcomargs.py
[2025-01-16T18:03:43.955+0000] {processor.py:925} INFO - DAG(s) 'example_xcom_args_with_operators', 'example_xcom_args' retrieved from /home/airflow/.local/lib/python3.12/site-packages/airflow/example_dags/example_xcomargs.py
[2025-01-16T18:03:43.983+0000] {logging_mixin.py:190} INFO - [2025-01-16T18:03:43.983+0000] {dag.py:3239} INFO - Sync 2 DAGs
[2025-01-16T18:03:43.999+0000] {logging_mixin.py:190} INFO - [2025-01-16T18:03:43.999+0000] {dag.py:4180} INFO - Setting next_dagrun for example_xcom_args to None, run_after=None
[2025-01-16T18:03:44.005+0000] {logging_mixin.py:190} INFO - [2025-01-16T18:03:44.005+0000] {dag.py:4180} INFO - Setting next_dagrun for example_xcom_args_with_operators to None, run_after=None
[2025-01-16T18:03:44.039+0000] {processor.py:208} INFO - Processing /home/airflow/.local/lib/python3.12/site-packages/airflow/example_dags/example_xcomargs.py took 0.103 seconds
[2025-01-16T18:04:14.558+0000] {processor.py:186} INFO - Started process (PID=961) to work on /home/airflow/.local/lib/python3.12/site-packages/airflow/example_dags/example_xcomargs.py
[2025-01-16T18:04:14.559+0000] {processor.py:914} INFO - Processing file /home/airflow/.local/lib/python3.12/site-packages/airflow/example_dags/example_xcomargs.py for tasks to queue
[2025-01-16T18:04:14.561+0000] {logging_mixin.py:190} INFO - [2025-01-16T18:04:14.561+0000] {dagbag.py:588} INFO - Filling up the DagBag from /home/airflow/.local/lib/python3.12/site-packages/airflow/example_dags/example_xcomargs.py
[2025-01-16T18:04:14.570+0000] {processor.py:925} INFO - DAG(s) 'example_xcom_args', 'example_xcom_args_with_operators' retrieved from /home/airflow/.local/lib/python3.12/site-packages/airflow/example_dags/example_xcomargs.py
[2025-01-16T18:04:14.590+0000] {logging_mixin.py:190} INFO - [2025-01-16T18:04:14.589+0000] {dag.py:3239} INFO - Sync 2 DAGs
[2025-01-16T18:04:14.603+0000] {logging_mixin.py:190} INFO - [2025-01-16T18:04:14.603+0000] {dag.py:4180} INFO - Setting next_dagrun for example_xcom_args to None, run_after=None
[2025-01-16T18:04:14.608+0000] {logging_mixin.py:190} INFO - [2025-01-16T18:04:14.608+0000] {dag.py:4180} INFO - Setting next_dagrun for example_xcom_args_with_operators to None, run_after=None
[2025-01-16T18:04:14.632+0000] {processor.py:208} INFO - Processing /home/airflow/.local/lib/python3.12/site-packages/airflow/example_dags/example_xcomargs.py took 0.079 seconds
[2025-01-16T18:04:44.708+0000] {processor.py:186} INFO - Started process (PID=1026) to work on /home/airflow/.local/lib/python3.12/site-packages/airflow/example_dags/example_xcomargs.py
[2025-01-16T18:04:44.709+0000] {processor.py:914} INFO - Processing file /home/airflow/.local/lib/python3.12/site-packages/airflow/example_dags/example_xcomargs.py for tasks to queue
[2025-01-16T18:04:44.712+0000] {logging_mixin.py:190} INFO - [2025-01-16T18:04:44.712+0000] {dagbag.py:588} INFO - Filling up the DagBag from /home/airflow/.local/lib/python3.12/site-packages/airflow/example_dags/example_xcomargs.py
[2025-01-16T18:04:44.721+0000] {processor.py:925} INFO - DAG(s) 'example_xcom_args_with_operators', 'example_xcom_args' retrieved from /home/airflow/.local/lib/python3.12/site-packages/airflow/example_dags/example_xcomargs.py
[2025-01-16T18:04:44.743+0000] {logging_mixin.py:190} INFO - [2025-01-16T18:04:44.743+0000] {dag.py:3239} INFO - Sync 2 DAGs
[2025-01-16T18:04:44.757+0000] {logging_mixin.py:190} INFO - [2025-01-16T18:04:44.757+0000] {dag.py:4180} INFO - Setting next_dagrun for example_xcom_args to None, run_after=None
[2025-01-16T18:04:44.763+0000] {logging_mixin.py:190} INFO - [2025-01-16T18:04:44.763+0000] {dag.py:4180} INFO - Setting next_dagrun for example_xcom_args_with_operators to None, run_after=None
[2025-01-16T18:04:44.781+0000] {processor.py:208} INFO - Processing /home/airflow/.local/lib/python3.12/site-packages/airflow/example_dags/example_xcomargs.py took 0.077 seconds
[2025-01-16T18:05:15.601+0000] {processor.py:186} INFO - Started process (PID=1091) to work on /home/airflow/.local/lib/python3.12/site-packages/airflow/example_dags/example_xcomargs.py
[2025-01-16T18:05:15.603+0000] {processor.py:914} INFO - Processing file /home/airflow/.local/lib/python3.12/site-packages/airflow/example_dags/example_xcomargs.py for tasks to queue
[2025-01-16T18:05:15.606+0000] {logging_mixin.py:190} INFO - [2025-01-16T18:05:15.606+0000] {dagbag.py:588} INFO - Filling up the DagBag from /home/airflow/.local/lib/python3.12/site-packages/airflow/example_dags/example_xcomargs.py
[2025-01-16T18:05:15.614+0000] {processor.py:925} INFO - DAG(s) 'example_xcom_args', 'example_xcom_args_with_operators' retrieved from /home/airflow/.local/lib/python3.12/site-packages/airflow/example_dags/example_xcomargs.py
[2025-01-16T18:05:15.639+0000] {logging_mixin.py:190} INFO - [2025-01-16T18:05:15.639+0000] {dag.py:3239} INFO - Sync 2 DAGs
[2025-01-16T18:05:15.654+0000] {logging_mixin.py:190} INFO - [2025-01-16T18:05:15.654+0000] {dag.py:4180} INFO - Setting next_dagrun for example_xcom_args to None, run_after=None
[2025-01-16T18:05:15.659+0000] {logging_mixin.py:190} INFO - [2025-01-16T18:05:15.659+0000] {dag.py:4180} INFO - Setting next_dagrun for example_xcom_args_with_operators to None, run_after=None
[2025-01-16T18:05:15.676+0000] {processor.py:208} INFO - Processing /home/airflow/.local/lib/python3.12/site-packages/airflow/example_dags/example_xcomargs.py took 0.081 seconds
[2025-01-16T18:05:46.029+0000] {processor.py:186} INFO - Started process (PID=1156) to work on /home/airflow/.local/lib/python3.12/site-packages/airflow/example_dags/example_xcomargs.py
[2025-01-16T18:05:46.030+0000] {processor.py:914} INFO - Processing file /home/airflow/.local/lib/python3.12/site-packages/airflow/example_dags/example_xcomargs.py for tasks to queue
[2025-01-16T18:05:46.032+0000] {logging_mixin.py:190} INFO - [2025-01-16T18:05:46.032+0000] {dagbag.py:588} INFO - Filling up the DagBag from /home/airflow/.local/lib/python3.12/site-packages/airflow/example_dags/example_xcomargs.py
[2025-01-16T18:05:46.042+0000] {processor.py:925} INFO - DAG(s) 'example_xcom_args', 'example_xcom_args_with_operators' retrieved from /home/airflow/.local/lib/python3.12/site-packages/airflow/example_dags/example_xcomargs.py
[2025-01-16T18:05:46.064+0000] {logging_mixin.py:190} INFO - [2025-01-16T18:05:46.063+0000] {dag.py:3239} INFO - Sync 2 DAGs
[2025-01-16T18:05:46.078+0000] {logging_mixin.py:190} INFO - [2025-01-16T18:05:46.078+0000] {dag.py:4180} INFO - Setting next_dagrun for example_xcom_args to None, run_after=None
[2025-01-16T18:05:46.081+0000] {logging_mixin.py:190} INFO - [2025-01-16T18:05:46.081+0000] {dag.py:4180} INFO - Setting next_dagrun for example_xcom_args_with_operators to None, run_after=None
[2025-01-16T18:05:46.101+0000] {processor.py:208} INFO - Processing /home/airflow/.local/lib/python3.12/site-packages/airflow/example_dags/example_xcomargs.py took 0.077 seconds
[2025-01-16T18:06:16.340+0000] {processor.py:186} INFO - Started process (PID=1221) to work on /home/airflow/.local/lib/python3.12/site-packages/airflow/example_dags/example_xcomargs.py
[2025-01-16T18:06:16.342+0000] {processor.py:914} INFO - Processing file /home/airflow/.local/lib/python3.12/site-packages/airflow/example_dags/example_xcomargs.py for tasks to queue
[2025-01-16T18:06:16.346+0000] {logging_mixin.py:190} INFO - [2025-01-16T18:06:16.345+0000] {dagbag.py:588} INFO - Filling up the DagBag from /home/airflow/.local/lib/python3.12/site-packages/airflow/example_dags/example_xcomargs.py
[2025-01-16T18:06:16.357+0000] {processor.py:925} INFO - DAG(s) 'example_xcom_args_with_operators', 'example_xcom_args' retrieved from /home/airflow/.local/lib/python3.12/site-packages/airflow/example_dags/example_xcomargs.py
[2025-01-16T18:06:16.403+0000] {logging_mixin.py:190} INFO - [2025-01-16T18:06:16.403+0000] {dag.py:3239} INFO - Sync 2 DAGs
[2025-01-16T18:06:16.425+0000] {logging_mixin.py:190} INFO - [2025-01-16T18:06:16.425+0000] {dag.py:4180} INFO - Setting next_dagrun for example_xcom_args to None, run_after=None
[2025-01-16T18:06:16.431+0000] {logging_mixin.py:190} INFO - [2025-01-16T18:06:16.431+0000] {dag.py:4180} INFO - Setting next_dagrun for example_xcom_args_with_operators to None, run_after=None
[2025-01-16T18:06:16.453+0000] {processor.py:208} INFO - Processing /home/airflow/.local/lib/python3.12/site-packages/airflow/example_dags/example_xcomargs.py took 0.119 seconds
[2025-01-16T18:06:46.785+0000] {processor.py:186} INFO - Started process (PID=1286) to work on /home/airflow/.local/lib/python3.12/site-packages/airflow/example_dags/example_xcomargs.py
[2025-01-16T18:06:46.787+0000] {processor.py:914} INFO - Processing file /home/airflow/.local/lib/python3.12/site-packages/airflow/example_dags/example_xcomargs.py for tasks to queue
[2025-01-16T18:06:46.790+0000] {logging_mixin.py:190} INFO - [2025-01-16T18:06:46.789+0000] {dagbag.py:588} INFO - Filling up the DagBag from /home/airflow/.local/lib/python3.12/site-packages/airflow/example_dags/example_xcomargs.py
[2025-01-16T18:06:46.803+0000] {processor.py:925} INFO - DAG(s) 'example_xcom_args_with_operators', 'example_xcom_args' retrieved from /home/airflow/.local/lib/python3.12/site-packages/airflow/example_dags/example_xcomargs.py
[2025-01-16T18:06:46.832+0000] {logging_mixin.py:190} INFO - [2025-01-16T18:06:46.831+0000] {dag.py:3239} INFO - Sync 2 DAGs
[2025-01-16T18:06:46.850+0000] {logging_mixin.py:190} INFO - [2025-01-16T18:06:46.850+0000] {dag.py:4180} INFO - Setting next_dagrun for example_xcom_args to None, run_after=None
[2025-01-16T18:06:46.855+0000] {logging_mixin.py:190} INFO - [2025-01-16T18:06:46.855+0000] {dag.py:4180} INFO - Setting next_dagrun for example_xcom_args_with_operators to None, run_after=None
[2025-01-16T18:06:46.888+0000] {processor.py:208} INFO - Processing /home/airflow/.local/lib/python3.12/site-packages/airflow/example_dags/example_xcomargs.py took 0.109 seconds
