[2025-01-16T17:57:34.237+0000] {processor.py:186} INFO - Started process (PID=109) to work on /home/airflow/.local/lib/python3.12/site-packages/airflow/example_dags/example_skip_dag.py
[2025-01-16T17:57:34.239+0000] {processor.py:914} INFO - Processing file /home/airflow/.local/lib/python3.12/site-packages/airflow/example_dags/example_skip_dag.py for tasks to queue
[2025-01-16T17:57:34.243+0000] {logging_mixin.py:190} INFO - [2025-01-16T17:57:34.242+0000] {dagbag.py:588} INFO - Filling up the DagBag from /home/airflow/.local/lib/python3.12/site-packages/airflow/example_dags/example_skip_dag.py
[2025-01-16T17:57:34.258+0000] {processor.py:925} INFO - DAG(s) 'example_skip_dag' retrieved from /home/airflow/.local/lib/python3.12/site-packages/airflow/example_dags/example_skip_dag.py
[2025-01-16T17:57:34.400+0000] {logging_mixin.py:190} INFO - [2025-01-16T17:57:34.399+0000] {override.py:1911} INFO - Created Permission View: can edit on DAG:example_skip_dag
[2025-01-16T17:57:34.411+0000] {logging_mixin.py:190} INFO - [2025-01-16T17:57:34.411+0000] {override.py:1911} INFO - Created Permission View: can read on DAG:example_skip_dag
[2025-01-16T17:57:34.421+0000] {logging_mixin.py:190} INFO - [2025-01-16T17:57:34.421+0000] {override.py:1911} INFO - Created Permission View: can delete on DAG:example_skip_dag
[2025-01-16T17:57:34.432+0000] {logging_mixin.py:190} INFO - [2025-01-16T17:57:34.432+0000] {override.py:1911} INFO - Created Permission View: can create on DAG Run:example_skip_dag
[2025-01-16T17:57:34.441+0000] {logging_mixin.py:190} INFO - [2025-01-16T17:57:34.440+0000] {override.py:1911} INFO - Created Permission View: can delete on DAG Run:example_skip_dag
[2025-01-16T17:57:34.451+0000] {logging_mixin.py:190} INFO - [2025-01-16T17:57:34.451+0000] {override.py:1911} INFO - Created Permission View: can read on DAG Run:example_skip_dag
[2025-01-16T17:57:34.459+0000] {logging_mixin.py:190} INFO - [2025-01-16T17:57:34.459+0000] {override.py:1911} INFO - Created Permission View: menu access on DAG Run:example_skip_dag
[2025-01-16T17:57:34.460+0000] {logging_mixin.py:190} INFO - [2025-01-16T17:57:34.460+0000] {dag.py:3239} INFO - Sync 1 DAGs
[2025-01-16T17:57:34.477+0000] {logging_mixin.py:190} INFO - [2025-01-16T17:57:34.476+0000] {dag.py:3262} INFO - Creating ORM DAG for example_skip_dag
[2025-01-16T17:57:34.492+0000] {logging_mixin.py:190} INFO - [2025-01-16T17:57:34.492+0000] {dag.py:4180} INFO - Setting next_dagrun for example_skip_dag to 2025-01-15 00:00:00+00:00, run_after=2025-01-16 00:00:00+00:00
[2025-01-16T17:57:34.514+0000] {processor.py:208} INFO - Processing /home/airflow/.local/lib/python3.12/site-packages/airflow/example_dags/example_skip_dag.py took 0.289 seconds
[2025-01-16T17:58:04.773+0000] {processor.py:186} INFO - Started process (PID=175) to work on /home/airflow/.local/lib/python3.12/site-packages/airflow/example_dags/example_skip_dag.py
[2025-01-16T17:58:04.780+0000] {processor.py:914} INFO - Processing file /home/airflow/.local/lib/python3.12/site-packages/airflow/example_dags/example_skip_dag.py for tasks to queue
[2025-01-16T17:58:04.787+0000] {logging_mixin.py:190} INFO - [2025-01-16T17:58:04.786+0000] {dagbag.py:588} INFO - Filling up the DagBag from /home/airflow/.local/lib/python3.12/site-packages/airflow/example_dags/example_skip_dag.py
[2025-01-16T17:58:04.800+0000] {processor.py:925} INFO - DAG(s) 'example_skip_dag' retrieved from /home/airflow/.local/lib/python3.12/site-packages/airflow/example_dags/example_skip_dag.py
[2025-01-16T17:58:04.827+0000] {logging_mixin.py:190} INFO - [2025-01-16T17:58:04.826+0000] {dag.py:3239} INFO - Sync 1 DAGs
[2025-01-16T17:58:04.861+0000] {logging_mixin.py:190} INFO - [2025-01-16T17:58:04.860+0000] {dag.py:4180} INFO - Setting next_dagrun for example_skip_dag to 2025-01-15 00:00:00+00:00, run_after=2025-01-16 00:00:00+00:00
[2025-01-16T17:58:04.887+0000] {processor.py:208} INFO - Processing /home/airflow/.local/lib/python3.12/site-packages/airflow/example_dags/example_skip_dag.py took 0.123 seconds
[2025-01-16T17:58:35.160+0000] {processor.py:186} INFO - Started process (PID=240) to work on /home/airflow/.local/lib/python3.12/site-packages/airflow/example_dags/example_skip_dag.py
[2025-01-16T17:58:35.162+0000] {processor.py:914} INFO - Processing file /home/airflow/.local/lib/python3.12/site-packages/airflow/example_dags/example_skip_dag.py for tasks to queue
[2025-01-16T17:58:35.167+0000] {logging_mixin.py:190} INFO - [2025-01-16T17:58:35.167+0000] {dagbag.py:588} INFO - Filling up the DagBag from /home/airflow/.local/lib/python3.12/site-packages/airflow/example_dags/example_skip_dag.py
[2025-01-16T17:58:35.178+0000] {processor.py:925} INFO - DAG(s) 'example_skip_dag' retrieved from /home/airflow/.local/lib/python3.12/site-packages/airflow/example_dags/example_skip_dag.py
[2025-01-16T17:58:35.204+0000] {logging_mixin.py:190} INFO - [2025-01-16T17:58:35.204+0000] {dag.py:3239} INFO - Sync 1 DAGs
[2025-01-16T17:58:35.235+0000] {logging_mixin.py:190} INFO - [2025-01-16T17:58:35.235+0000] {dag.py:4180} INFO - Setting next_dagrun for example_skip_dag to 2025-01-15 00:00:00+00:00, run_after=2025-01-16 00:00:00+00:00
[2025-01-16T17:58:35.259+0000] {processor.py:208} INFO - Processing /home/airflow/.local/lib/python3.12/site-packages/airflow/example_dags/example_skip_dag.py took 0.107 seconds
[2025-01-16T17:59:06.259+0000] {processor.py:186} INFO - Started process (PID=305) to work on /home/airflow/.local/lib/python3.12/site-packages/airflow/example_dags/example_skip_dag.py
[2025-01-16T17:59:06.260+0000] {processor.py:914} INFO - Processing file /home/airflow/.local/lib/python3.12/site-packages/airflow/example_dags/example_skip_dag.py for tasks to queue
[2025-01-16T17:59:06.263+0000] {logging_mixin.py:190} INFO - [2025-01-16T17:59:06.263+0000] {dagbag.py:588} INFO - Filling up the DagBag from /home/airflow/.local/lib/python3.12/site-packages/airflow/example_dags/example_skip_dag.py
[2025-01-16T17:59:06.276+0000] {processor.py:925} INFO - DAG(s) 'example_skip_dag' retrieved from /home/airflow/.local/lib/python3.12/site-packages/airflow/example_dags/example_skip_dag.py
[2025-01-16T17:59:06.308+0000] {logging_mixin.py:190} INFO - [2025-01-16T17:59:06.307+0000] {dag.py:3239} INFO - Sync 1 DAGs
[2025-01-16T17:59:06.343+0000] {logging_mixin.py:190} INFO - [2025-01-16T17:59:06.342+0000] {dag.py:4180} INFO - Setting next_dagrun for example_skip_dag to 2025-01-15 00:00:00+00:00, run_after=2025-01-16 00:00:00+00:00
[2025-01-16T17:59:06.381+0000] {processor.py:208} INFO - Processing /home/airflow/.local/lib/python3.12/site-packages/airflow/example_dags/example_skip_dag.py took 0.128 seconds
[2025-01-16T17:59:36.952+0000] {processor.py:186} INFO - Started process (PID=370) to work on /home/airflow/.local/lib/python3.12/site-packages/airflow/example_dags/example_skip_dag.py
[2025-01-16T17:59:36.954+0000] {processor.py:914} INFO - Processing file /home/airflow/.local/lib/python3.12/site-packages/airflow/example_dags/example_skip_dag.py for tasks to queue
[2025-01-16T17:59:36.957+0000] {logging_mixin.py:190} INFO - [2025-01-16T17:59:36.956+0000] {dagbag.py:588} INFO - Filling up the DagBag from /home/airflow/.local/lib/python3.12/site-packages/airflow/example_dags/example_skip_dag.py
[2025-01-16T17:59:36.969+0000] {processor.py:925} INFO - DAG(s) 'example_skip_dag' retrieved from /home/airflow/.local/lib/python3.12/site-packages/airflow/example_dags/example_skip_dag.py
[2025-01-16T17:59:37.000+0000] {logging_mixin.py:190} INFO - [2025-01-16T17:59:36.999+0000] {dag.py:3239} INFO - Sync 1 DAGs
[2025-01-16T17:59:37.038+0000] {logging_mixin.py:190} INFO - [2025-01-16T17:59:37.038+0000] {dag.py:4180} INFO - Setting next_dagrun for example_skip_dag to 2025-01-15 00:00:00+00:00, run_after=2025-01-16 00:00:00+00:00
[2025-01-16T17:59:37.063+0000] {processor.py:208} INFO - Processing /home/airflow/.local/lib/python3.12/site-packages/airflow/example_dags/example_skip_dag.py took 0.121 seconds
[2025-01-16T18:00:07.986+0000] {processor.py:186} INFO - Started process (PID=435) to work on /home/airflow/.local/lib/python3.12/site-packages/airflow/example_dags/example_skip_dag.py
[2025-01-16T18:00:07.988+0000] {processor.py:914} INFO - Processing file /home/airflow/.local/lib/python3.12/site-packages/airflow/example_dags/example_skip_dag.py for tasks to queue
[2025-01-16T18:00:07.991+0000] {logging_mixin.py:190} INFO - [2025-01-16T18:00:07.991+0000] {dagbag.py:588} INFO - Filling up the DagBag from /home/airflow/.local/lib/python3.12/site-packages/airflow/example_dags/example_skip_dag.py
[2025-01-16T18:00:08.000+0000] {processor.py:925} INFO - DAG(s) 'example_skip_dag' retrieved from /home/airflow/.local/lib/python3.12/site-packages/airflow/example_dags/example_skip_dag.py
[2025-01-16T18:00:08.027+0000] {logging_mixin.py:190} INFO - [2025-01-16T18:00:08.027+0000] {dag.py:3239} INFO - Sync 1 DAGs
[2025-01-16T18:00:08.068+0000] {logging_mixin.py:190} INFO - [2025-01-16T18:00:08.068+0000] {dag.py:4180} INFO - Setting next_dagrun for example_skip_dag to 2025-01-15 00:00:00+00:00, run_after=2025-01-16 00:00:00+00:00
[2025-01-16T18:00:08.100+0000] {processor.py:208} INFO - Processing /home/airflow/.local/lib/python3.12/site-packages/airflow/example_dags/example_skip_dag.py took 0.121 seconds
[2025-01-16T18:00:39.070+0000] {processor.py:186} INFO - Started process (PID=505) to work on /home/airflow/.local/lib/python3.12/site-packages/airflow/example_dags/example_skip_dag.py
[2025-01-16T18:00:39.072+0000] {processor.py:914} INFO - Processing file /home/airflow/.local/lib/python3.12/site-packages/airflow/example_dags/example_skip_dag.py for tasks to queue
[2025-01-16T18:00:39.077+0000] {logging_mixin.py:190} INFO - [2025-01-16T18:00:39.077+0000] {dagbag.py:588} INFO - Filling up the DagBag from /home/airflow/.local/lib/python3.12/site-packages/airflow/example_dags/example_skip_dag.py
[2025-01-16T18:00:39.090+0000] {processor.py:925} INFO - DAG(s) 'example_skip_dag' retrieved from /home/airflow/.local/lib/python3.12/site-packages/airflow/example_dags/example_skip_dag.py
[2025-01-16T18:00:39.120+0000] {logging_mixin.py:190} INFO - [2025-01-16T18:00:39.120+0000] {dag.py:3239} INFO - Sync 1 DAGs
[2025-01-16T18:00:39.166+0000] {logging_mixin.py:190} INFO - [2025-01-16T18:00:39.165+0000] {dag.py:4180} INFO - Setting next_dagrun for example_skip_dag to 2025-01-15 00:00:00+00:00, run_after=2025-01-16 00:00:00+00:00
[2025-01-16T18:00:39.192+0000] {processor.py:208} INFO - Processing /home/airflow/.local/lib/python3.12/site-packages/airflow/example_dags/example_skip_dag.py took 0.130 seconds
[2025-01-16T18:01:09.501+0000] {processor.py:186} INFO - Started process (PID=570) to work on /home/airflow/.local/lib/python3.12/site-packages/airflow/example_dags/example_skip_dag.py
[2025-01-16T18:01:09.502+0000] {processor.py:914} INFO - Processing file /home/airflow/.local/lib/python3.12/site-packages/airflow/example_dags/example_skip_dag.py for tasks to queue
[2025-01-16T18:01:09.505+0000] {logging_mixin.py:190} INFO - [2025-01-16T18:01:09.504+0000] {dagbag.py:588} INFO - Filling up the DagBag from /home/airflow/.local/lib/python3.12/site-packages/airflow/example_dags/example_skip_dag.py
[2025-01-16T18:01:09.517+0000] {processor.py:925} INFO - DAG(s) 'example_skip_dag' retrieved from /home/airflow/.local/lib/python3.12/site-packages/airflow/example_dags/example_skip_dag.py
[2025-01-16T18:01:09.542+0000] {logging_mixin.py:190} INFO - [2025-01-16T18:01:09.542+0000] {dag.py:3239} INFO - Sync 1 DAGs
[2025-01-16T18:01:09.573+0000] {logging_mixin.py:190} INFO - [2025-01-16T18:01:09.573+0000] {dag.py:4180} INFO - Setting next_dagrun for example_skip_dag to 2025-01-15 00:00:00+00:00, run_after=2025-01-16 00:00:00+00:00
[2025-01-16T18:01:09.595+0000] {processor.py:208} INFO - Processing /home/airflow/.local/lib/python3.12/site-packages/airflow/example_dags/example_skip_dag.py took 0.103 seconds
[2025-01-16T18:01:40.606+0000] {processor.py:186} INFO - Started process (PID=634) to work on /home/airflow/.local/lib/python3.12/site-packages/airflow/example_dags/example_skip_dag.py
[2025-01-16T18:01:40.608+0000] {processor.py:914} INFO - Processing file /home/airflow/.local/lib/python3.12/site-packages/airflow/example_dags/example_skip_dag.py for tasks to queue
[2025-01-16T18:01:40.613+0000] {logging_mixin.py:190} INFO - [2025-01-16T18:01:40.612+0000] {dagbag.py:588} INFO - Filling up the DagBag from /home/airflow/.local/lib/python3.12/site-packages/airflow/example_dags/example_skip_dag.py
[2025-01-16T18:01:40.635+0000] {processor.py:925} INFO - DAG(s) 'example_skip_dag' retrieved from /home/airflow/.local/lib/python3.12/site-packages/airflow/example_dags/example_skip_dag.py
[2025-01-16T18:01:40.726+0000] {logging_mixin.py:190} INFO - [2025-01-16T18:01:40.726+0000] {dag.py:3239} INFO - Sync 1 DAGs
[2025-01-16T18:01:40.795+0000] {logging_mixin.py:190} INFO - [2025-01-16T18:01:40.795+0000] {dag.py:4180} INFO - Setting next_dagrun for example_skip_dag to 2025-01-15 00:00:00+00:00, run_after=2025-01-16 00:00:00+00:00
[2025-01-16T18:01:40.838+0000] {processor.py:208} INFO - Processing /home/airflow/.local/lib/python3.12/site-packages/airflow/example_dags/example_skip_dag.py took 0.245 seconds
[2025-01-16T18:02:11.445+0000] {processor.py:186} INFO - Started process (PID=699) to work on /home/airflow/.local/lib/python3.12/site-packages/airflow/example_dags/example_skip_dag.py
[2025-01-16T18:02:11.446+0000] {processor.py:914} INFO - Processing file /home/airflow/.local/lib/python3.12/site-packages/airflow/example_dags/example_skip_dag.py for tasks to queue
[2025-01-16T18:02:11.448+0000] {logging_mixin.py:190} INFO - [2025-01-16T18:02:11.448+0000] {dagbag.py:588} INFO - Filling up the DagBag from /home/airflow/.local/lib/python3.12/site-packages/airflow/example_dags/example_skip_dag.py
[2025-01-16T18:02:11.455+0000] {processor.py:925} INFO - DAG(s) 'example_skip_dag' retrieved from /home/airflow/.local/lib/python3.12/site-packages/airflow/example_dags/example_skip_dag.py
[2025-01-16T18:02:11.479+0000] {logging_mixin.py:190} INFO - [2025-01-16T18:02:11.479+0000] {dag.py:3239} INFO - Sync 1 DAGs
[2025-01-16T18:02:11.504+0000] {logging_mixin.py:190} INFO - [2025-01-16T18:02:11.503+0000] {dag.py:4180} INFO - Setting next_dagrun for example_skip_dag to 2025-01-15 00:00:00+00:00, run_after=2025-01-16 00:00:00+00:00
[2025-01-16T18:02:11.529+0000] {processor.py:208} INFO - Processing /home/airflow/.local/lib/python3.12/site-packages/airflow/example_dags/example_skip_dag.py took 0.092 seconds
[2025-01-16T18:02:42.216+0000] {processor.py:186} INFO - Started process (PID=764) to work on /home/airflow/.local/lib/python3.12/site-packages/airflow/example_dags/example_skip_dag.py
[2025-01-16T18:02:42.217+0000] {processor.py:914} INFO - Processing file /home/airflow/.local/lib/python3.12/site-packages/airflow/example_dags/example_skip_dag.py for tasks to queue
[2025-01-16T18:02:42.220+0000] {logging_mixin.py:190} INFO - [2025-01-16T18:02:42.220+0000] {dagbag.py:588} INFO - Filling up the DagBag from /home/airflow/.local/lib/python3.12/site-packages/airflow/example_dags/example_skip_dag.py
[2025-01-16T18:02:42.229+0000] {processor.py:925} INFO - DAG(s) 'example_skip_dag' retrieved from /home/airflow/.local/lib/python3.12/site-packages/airflow/example_dags/example_skip_dag.py
[2025-01-16T18:02:42.254+0000] {logging_mixin.py:190} INFO - [2025-01-16T18:02:42.253+0000] {dag.py:3239} INFO - Sync 1 DAGs
[2025-01-16T18:02:42.282+0000] {logging_mixin.py:190} INFO - [2025-01-16T18:02:42.281+0000] {dag.py:4180} INFO - Setting next_dagrun for example_skip_dag to 2025-01-15 00:00:00+00:00, run_after=2025-01-16 00:00:00+00:00
[2025-01-16T18:02:42.306+0000] {processor.py:208} INFO - Processing /home/airflow/.local/lib/python3.12/site-packages/airflow/example_dags/example_skip_dag.py took 0.099 seconds
[2025-01-16T18:03:12.348+0000] {processor.py:186} INFO - Started process (PID=829) to work on /home/airflow/.local/lib/python3.12/site-packages/airflow/example_dags/example_skip_dag.py
[2025-01-16T18:03:12.350+0000] {processor.py:914} INFO - Processing file /home/airflow/.local/lib/python3.12/site-packages/airflow/example_dags/example_skip_dag.py for tasks to queue
[2025-01-16T18:03:12.352+0000] {logging_mixin.py:190} INFO - [2025-01-16T18:03:12.352+0000] {dagbag.py:588} INFO - Filling up the DagBag from /home/airflow/.local/lib/python3.12/site-packages/airflow/example_dags/example_skip_dag.py
[2025-01-16T18:03:12.359+0000] {processor.py:925} INFO - DAG(s) 'example_skip_dag' retrieved from /home/airflow/.local/lib/python3.12/site-packages/airflow/example_dags/example_skip_dag.py
[2025-01-16T18:03:12.391+0000] {logging_mixin.py:190} INFO - [2025-01-16T18:03:12.390+0000] {dag.py:3239} INFO - Sync 1 DAGs
[2025-01-16T18:03:12.423+0000] {logging_mixin.py:190} INFO - [2025-01-16T18:03:12.422+0000] {dag.py:4180} INFO - Setting next_dagrun for example_skip_dag to 2025-01-15 00:00:00+00:00, run_after=2025-01-16 00:00:00+00:00
[2025-01-16T18:03:12.452+0000] {processor.py:208} INFO - Processing /home/airflow/.local/lib/python3.12/site-packages/airflow/example_dags/example_skip_dag.py took 0.110 seconds
[2025-01-16T18:03:42.857+0000] {processor.py:186} INFO - Started process (PID=894) to work on /home/airflow/.local/lib/python3.12/site-packages/airflow/example_dags/example_skip_dag.py
[2025-01-16T18:03:42.859+0000] {processor.py:914} INFO - Processing file /home/airflow/.local/lib/python3.12/site-packages/airflow/example_dags/example_skip_dag.py for tasks to queue
[2025-01-16T18:03:42.862+0000] {logging_mixin.py:190} INFO - [2025-01-16T18:03:42.862+0000] {dagbag.py:588} INFO - Filling up the DagBag from /home/airflow/.local/lib/python3.12/site-packages/airflow/example_dags/example_skip_dag.py
[2025-01-16T18:03:42.871+0000] {processor.py:925} INFO - DAG(s) 'example_skip_dag' retrieved from /home/airflow/.local/lib/python3.12/site-packages/airflow/example_dags/example_skip_dag.py
[2025-01-16T18:03:42.896+0000] {logging_mixin.py:190} INFO - [2025-01-16T18:03:42.895+0000] {dag.py:3239} INFO - Sync 1 DAGs
[2025-01-16T18:03:42.925+0000] {logging_mixin.py:190} INFO - [2025-01-16T18:03:42.925+0000] {dag.py:4180} INFO - Setting next_dagrun for example_skip_dag to 2025-01-15 00:00:00+00:00, run_after=2025-01-16 00:00:00+00:00
[2025-01-16T18:03:42.954+0000] {processor.py:208} INFO - Processing /home/airflow/.local/lib/python3.12/site-packages/airflow/example_dags/example_skip_dag.py took 0.103 seconds
[2025-01-16T18:04:13.474+0000] {processor.py:186} INFO - Started process (PID=959) to work on /home/airflow/.local/lib/python3.12/site-packages/airflow/example_dags/example_skip_dag.py
[2025-01-16T18:04:13.475+0000] {processor.py:914} INFO - Processing file /home/airflow/.local/lib/python3.12/site-packages/airflow/example_dags/example_skip_dag.py for tasks to queue
[2025-01-16T18:04:13.477+0000] {logging_mixin.py:190} INFO - [2025-01-16T18:04:13.477+0000] {dagbag.py:588} INFO - Filling up the DagBag from /home/airflow/.local/lib/python3.12/site-packages/airflow/example_dags/example_skip_dag.py
[2025-01-16T18:04:13.483+0000] {processor.py:925} INFO - DAG(s) 'example_skip_dag' retrieved from /home/airflow/.local/lib/python3.12/site-packages/airflow/example_dags/example_skip_dag.py
[2025-01-16T18:04:13.500+0000] {logging_mixin.py:190} INFO - [2025-01-16T18:04:13.500+0000] {dag.py:3239} INFO - Sync 1 DAGs
[2025-01-16T18:04:13.519+0000] {logging_mixin.py:190} INFO - [2025-01-16T18:04:13.519+0000] {dag.py:4180} INFO - Setting next_dagrun for example_skip_dag to 2025-01-15 00:00:00+00:00, run_after=2025-01-16 00:00:00+00:00
[2025-01-16T18:04:13.548+0000] {processor.py:208} INFO - Processing /home/airflow/.local/lib/python3.12/site-packages/airflow/example_dags/example_skip_dag.py took 0.079 seconds
[2025-01-16T18:04:43.634+0000] {processor.py:186} INFO - Started process (PID=1024) to work on /home/airflow/.local/lib/python3.12/site-packages/airflow/example_dags/example_skip_dag.py
[2025-01-16T18:04:43.635+0000] {processor.py:914} INFO - Processing file /home/airflow/.local/lib/python3.12/site-packages/airflow/example_dags/example_skip_dag.py for tasks to queue
[2025-01-16T18:04:43.637+0000] {logging_mixin.py:190} INFO - [2025-01-16T18:04:43.637+0000] {dagbag.py:588} INFO - Filling up the DagBag from /home/airflow/.local/lib/python3.12/site-packages/airflow/example_dags/example_skip_dag.py
[2025-01-16T18:04:43.643+0000] {processor.py:925} INFO - DAG(s) 'example_skip_dag' retrieved from /home/airflow/.local/lib/python3.12/site-packages/airflow/example_dags/example_skip_dag.py
[2025-01-16T18:04:43.664+0000] {logging_mixin.py:190} INFO - [2025-01-16T18:04:43.663+0000] {dag.py:3239} INFO - Sync 1 DAGs
[2025-01-16T18:04:43.682+0000] {logging_mixin.py:190} INFO - [2025-01-16T18:04:43.682+0000] {dag.py:4180} INFO - Setting next_dagrun for example_skip_dag to 2025-01-15 00:00:00+00:00, run_after=2025-01-16 00:00:00+00:00
[2025-01-16T18:04:43.707+0000] {processor.py:208} INFO - Processing /home/airflow/.local/lib/python3.12/site-packages/airflow/example_dags/example_skip_dag.py took 0.078 seconds
[2025-01-16T18:05:14.481+0000] {processor.py:186} INFO - Started process (PID=1089) to work on /home/airflow/.local/lib/python3.12/site-packages/airflow/example_dags/example_skip_dag.py
[2025-01-16T18:05:14.482+0000] {processor.py:914} INFO - Processing file /home/airflow/.local/lib/python3.12/site-packages/airflow/example_dags/example_skip_dag.py for tasks to queue
[2025-01-16T18:05:14.485+0000] {logging_mixin.py:190} INFO - [2025-01-16T18:05:14.484+0000] {dagbag.py:588} INFO - Filling up the DagBag from /home/airflow/.local/lib/python3.12/site-packages/airflow/example_dags/example_skip_dag.py
[2025-01-16T18:05:14.493+0000] {processor.py:925} INFO - DAG(s) 'example_skip_dag' retrieved from /home/airflow/.local/lib/python3.12/site-packages/airflow/example_dags/example_skip_dag.py
[2025-01-16T18:05:14.515+0000] {logging_mixin.py:190} INFO - [2025-01-16T18:05:14.515+0000] {dag.py:3239} INFO - Sync 1 DAGs
[2025-01-16T18:05:14.541+0000] {logging_mixin.py:190} INFO - [2025-01-16T18:05:14.541+0000] {dag.py:4180} INFO - Setting next_dagrun for example_skip_dag to 2025-01-15 00:00:00+00:00, run_after=2025-01-16 00:00:00+00:00
[2025-01-16T18:05:14.560+0000] {processor.py:208} INFO - Processing /home/airflow/.local/lib/python3.12/site-packages/airflow/example_dags/example_skip_dag.py took 0.084 seconds
[2025-01-16T18:05:44.953+0000] {processor.py:186} INFO - Started process (PID=1154) to work on /home/airflow/.local/lib/python3.12/site-packages/airflow/example_dags/example_skip_dag.py
[2025-01-16T18:05:44.954+0000] {processor.py:914} INFO - Processing file /home/airflow/.local/lib/python3.12/site-packages/airflow/example_dags/example_skip_dag.py for tasks to queue
[2025-01-16T18:05:44.957+0000] {logging_mixin.py:190} INFO - [2025-01-16T18:05:44.956+0000] {dagbag.py:588} INFO - Filling up the DagBag from /home/airflow/.local/lib/python3.12/site-packages/airflow/example_dags/example_skip_dag.py
[2025-01-16T18:05:44.964+0000] {processor.py:925} INFO - DAG(s) 'example_skip_dag' retrieved from /home/airflow/.local/lib/python3.12/site-packages/airflow/example_dags/example_skip_dag.py
[2025-01-16T18:05:44.988+0000] {logging_mixin.py:190} INFO - [2025-01-16T18:05:44.987+0000] {dag.py:3239} INFO - Sync 1 DAGs
[2025-01-16T18:05:45.013+0000] {logging_mixin.py:190} INFO - [2025-01-16T18:05:45.013+0000] {dag.py:4180} INFO - Setting next_dagrun for example_skip_dag to 2025-01-15 00:00:00+00:00, run_after=2025-01-16 00:00:00+00:00
[2025-01-16T18:05:45.033+0000] {processor.py:208} INFO - Processing /home/airflow/.local/lib/python3.12/site-packages/airflow/example_dags/example_skip_dag.py took 0.085 seconds
[2025-01-16T18:06:15.132+0000] {processor.py:186} INFO - Started process (PID=1219) to work on /home/airflow/.local/lib/python3.12/site-packages/airflow/example_dags/example_skip_dag.py
[2025-01-16T18:06:15.134+0000] {processor.py:914} INFO - Processing file /home/airflow/.local/lib/python3.12/site-packages/airflow/example_dags/example_skip_dag.py for tasks to queue
[2025-01-16T18:06:15.138+0000] {logging_mixin.py:190} INFO - [2025-01-16T18:06:15.137+0000] {dagbag.py:588} INFO - Filling up the DagBag from /home/airflow/.local/lib/python3.12/site-packages/airflow/example_dags/example_skip_dag.py
[2025-01-16T18:06:15.158+0000] {processor.py:925} INFO - DAG(s) 'example_skip_dag' retrieved from /home/airflow/.local/lib/python3.12/site-packages/airflow/example_dags/example_skip_dag.py
[2025-01-16T18:06:15.197+0000] {logging_mixin.py:190} INFO - [2025-01-16T18:06:15.197+0000] {dag.py:3239} INFO - Sync 1 DAGs
[2025-01-16T18:06:15.240+0000] {logging_mixin.py:190} INFO - [2025-01-16T18:06:15.239+0000] {dag.py:4180} INFO - Setting next_dagrun for example_skip_dag to 2025-01-15 00:00:00+00:00, run_after=2025-01-16 00:00:00+00:00
[2025-01-16T18:06:15.276+0000] {processor.py:208} INFO - Processing /home/airflow/.local/lib/python3.12/site-packages/airflow/example_dags/example_skip_dag.py took 0.158 seconds
[2025-01-16T18:06:45.622+0000] {processor.py:186} INFO - Started process (PID=1284) to work on /home/airflow/.local/lib/python3.12/site-packages/airflow/example_dags/example_skip_dag.py
[2025-01-16T18:06:45.622+0000] {processor.py:914} INFO - Processing file /home/airflow/.local/lib/python3.12/site-packages/airflow/example_dags/example_skip_dag.py for tasks to queue
[2025-01-16T18:06:45.624+0000] {logging_mixin.py:190} INFO - [2025-01-16T18:06:45.624+0000] {dagbag.py:588} INFO - Filling up the DagBag from /home/airflow/.local/lib/python3.12/site-packages/airflow/example_dags/example_skip_dag.py
[2025-01-16T18:06:45.634+0000] {processor.py:925} INFO - DAG(s) 'example_skip_dag' retrieved from /home/airflow/.local/lib/python3.12/site-packages/airflow/example_dags/example_skip_dag.py
[2025-01-16T18:06:45.660+0000] {logging_mixin.py:190} INFO - [2025-01-16T18:06:45.660+0000] {dag.py:3239} INFO - Sync 1 DAGs
[2025-01-16T18:06:45.693+0000] {logging_mixin.py:190} INFO - [2025-01-16T18:06:45.692+0000] {dag.py:4180} INFO - Setting next_dagrun for example_skip_dag to 2025-01-15 00:00:00+00:00, run_after=2025-01-16 00:00:00+00:00
[2025-01-16T18:06:45.722+0000] {processor.py:208} INFO - Processing /home/airflow/.local/lib/python3.12/site-packages/airflow/example_dags/example_skip_dag.py took 0.107 seconds
