[2025-01-16T17:57:29.292+0000] {processor.py:186} INFO - Started process (PID=94) to work on /home/airflow/.local/lib/python3.12/site-packages/airflow/example_dags/tutorial_taskflow_templates.py
[2025-01-16T17:57:29.294+0000] {processor.py:914} INFO - Processing file /home/airflow/.local/lib/python3.12/site-packages/airflow/example_dags/tutorial_taskflow_templates.py for tasks to queue
[2025-01-16T17:57:29.298+0000] {logging_mixin.py:190} INFO - [2025-01-16T17:57:29.297+0000] {dagbag.py:588} INFO - Filling up the DagBag from /home/airflow/.local/lib/python3.12/site-packages/airflow/example_dags/tutorial_taskflow_templates.py
[2025-01-16T17:57:29.326+0000] {processor.py:925} INFO - DAG(s) 'tutorial_taskflow_templates' retrieved from /home/airflow/.local/lib/python3.12/site-packages/airflow/example_dags/tutorial_taskflow_templates.py
[2025-01-16T17:57:29.683+0000] {logging_mixin.py:190} INFO - [2025-01-16T17:57:29.681+0000] {override.py:1911} INFO - Created Permission View: can edit on DAG:tutorial_taskflow_templates
[2025-01-16T17:57:29.716+0000] {logging_mixin.py:190} INFO - [2025-01-16T17:57:29.715+0000] {override.py:1911} INFO - Created Permission View: can read on DAG:tutorial_taskflow_templates
[2025-01-16T17:57:29.741+0000] {logging_mixin.py:190} INFO - [2025-01-16T17:57:29.740+0000] {override.py:1911} INFO - Created Permission View: can delete on DAG:tutorial_taskflow_templates
[2025-01-16T17:57:29.761+0000] {logging_mixin.py:190} INFO - [2025-01-16T17:57:29.760+0000] {override.py:1911} INFO - Created Permission View: can create on DAG Run:tutorial_taskflow_templates
[2025-01-16T17:57:29.776+0000] {logging_mixin.py:190} INFO - [2025-01-16T17:57:29.775+0000] {override.py:1911} INFO - Created Permission View: can delete on DAG Run:tutorial_taskflow_templates
[2025-01-16T17:57:29.787+0000] {logging_mixin.py:190} INFO - [2025-01-16T17:57:29.787+0000] {override.py:1911} INFO - Created Permission View: can read on DAG Run:tutorial_taskflow_templates
[2025-01-16T17:57:29.800+0000] {logging_mixin.py:190} INFO - [2025-01-16T17:57:29.799+0000] {override.py:1911} INFO - Created Permission View: menu access on DAG Run:tutorial_taskflow_templates
[2025-01-16T17:57:29.801+0000] {logging_mixin.py:190} INFO - [2025-01-16T17:57:29.801+0000] {dag.py:3239} INFO - Sync 1 DAGs
[2025-01-16T17:57:29.834+0000] {logging_mixin.py:190} INFO - [2025-01-16T17:57:29.833+0000] {dag.py:3262} INFO - Creating ORM DAG for tutorial_taskflow_templates
[2025-01-16T17:57:29.863+0000] {logging_mixin.py:190} INFO - [2025-01-16T17:57:29.862+0000] {dag.py:4180} INFO - Setting next_dagrun for tutorial_taskflow_templates to 2025-01-15 00:00:00+00:00, run_after=2025-01-16 00:00:00+00:00
[2025-01-16T17:57:29.902+0000] {processor.py:208} INFO - Processing /home/airflow/.local/lib/python3.12/site-packages/airflow/example_dags/tutorial_taskflow_templates.py took 0.619 seconds
[2025-01-16T17:58:00.023+0000] {processor.py:186} INFO - Started process (PID=159) to work on /home/airflow/.local/lib/python3.12/site-packages/airflow/example_dags/tutorial_taskflow_templates.py
[2025-01-16T17:58:00.025+0000] {processor.py:914} INFO - Processing file /home/airflow/.local/lib/python3.12/site-packages/airflow/example_dags/tutorial_taskflow_templates.py for tasks to queue
[2025-01-16T17:58:00.028+0000] {logging_mixin.py:190} INFO - [2025-01-16T17:58:00.027+0000] {dagbag.py:588} INFO - Filling up the DagBag from /home/airflow/.local/lib/python3.12/site-packages/airflow/example_dags/tutorial_taskflow_templates.py
[2025-01-16T17:58:00.042+0000] {processor.py:925} INFO - DAG(s) 'tutorial_taskflow_templates' retrieved from /home/airflow/.local/lib/python3.12/site-packages/airflow/example_dags/tutorial_taskflow_templates.py
[2025-01-16T17:58:00.062+0000] {logging_mixin.py:190} INFO - [2025-01-16T17:58:00.062+0000] {dag.py:3239} INFO - Sync 1 DAGs
[2025-01-16T17:58:00.083+0000] {logging_mixin.py:190} INFO - [2025-01-16T17:58:00.083+0000] {dag.py:4180} INFO - Setting next_dagrun for tutorial_taskflow_templates to 2025-01-15 00:00:00+00:00, run_after=2025-01-16 00:00:00+00:00
[2025-01-16T17:58:00.101+0000] {processor.py:208} INFO - Processing /home/airflow/.local/lib/python3.12/site-packages/airflow/example_dags/tutorial_taskflow_templates.py took 0.088 seconds
[2025-01-16T17:58:30.598+0000] {processor.py:186} INFO - Started process (PID=224) to work on /home/airflow/.local/lib/python3.12/site-packages/airflow/example_dags/tutorial_taskflow_templates.py
[2025-01-16T17:58:30.599+0000] {processor.py:914} INFO - Processing file /home/airflow/.local/lib/python3.12/site-packages/airflow/example_dags/tutorial_taskflow_templates.py for tasks to queue
[2025-01-16T17:58:30.601+0000] {logging_mixin.py:190} INFO - [2025-01-16T17:58:30.601+0000] {dagbag.py:588} INFO - Filling up the DagBag from /home/airflow/.local/lib/python3.12/site-packages/airflow/example_dags/tutorial_taskflow_templates.py
[2025-01-16T17:58:30.613+0000] {processor.py:925} INFO - DAG(s) 'tutorial_taskflow_templates' retrieved from /home/airflow/.local/lib/python3.12/site-packages/airflow/example_dags/tutorial_taskflow_templates.py
[2025-01-16T17:58:30.631+0000] {logging_mixin.py:190} INFO - [2025-01-16T17:58:30.631+0000] {dag.py:3239} INFO - Sync 1 DAGs
[2025-01-16T17:58:30.654+0000] {logging_mixin.py:190} INFO - [2025-01-16T17:58:30.654+0000] {dag.py:4180} INFO - Setting next_dagrun for tutorial_taskflow_templates to 2025-01-15 00:00:00+00:00, run_after=2025-01-16 00:00:00+00:00
[2025-01-16T17:58:30.675+0000] {processor.py:208} INFO - Processing /home/airflow/.local/lib/python3.12/site-packages/airflow/example_dags/tutorial_taskflow_templates.py took 0.082 seconds
[2025-01-16T17:59:00.968+0000] {processor.py:186} INFO - Started process (PID=289) to work on /home/airflow/.local/lib/python3.12/site-packages/airflow/example_dags/tutorial_taskflow_templates.py
[2025-01-16T17:59:00.970+0000] {processor.py:914} INFO - Processing file /home/airflow/.local/lib/python3.12/site-packages/airflow/example_dags/tutorial_taskflow_templates.py for tasks to queue
[2025-01-16T17:59:00.972+0000] {logging_mixin.py:190} INFO - [2025-01-16T17:59:00.972+0000] {dagbag.py:588} INFO - Filling up the DagBag from /home/airflow/.local/lib/python3.12/site-packages/airflow/example_dags/tutorial_taskflow_templates.py
[2025-01-16T17:59:00.987+0000] {processor.py:925} INFO - DAG(s) 'tutorial_taskflow_templates' retrieved from /home/airflow/.local/lib/python3.12/site-packages/airflow/example_dags/tutorial_taskflow_templates.py
[2025-01-16T17:59:01.009+0000] {logging_mixin.py:190} INFO - [2025-01-16T17:59:01.009+0000] {dag.py:3239} INFO - Sync 1 DAGs
[2025-01-16T17:59:01.038+0000] {logging_mixin.py:190} INFO - [2025-01-16T17:59:01.038+0000] {dag.py:4180} INFO - Setting next_dagrun for tutorial_taskflow_templates to 2025-01-15 00:00:00+00:00, run_after=2025-01-16 00:00:00+00:00
[2025-01-16T17:59:01.061+0000] {processor.py:208} INFO - Processing /home/airflow/.local/lib/python3.12/site-packages/airflow/example_dags/tutorial_taskflow_templates.py took 0.100 seconds
[2025-01-16T17:59:31.839+0000] {processor.py:186} INFO - Started process (PID=354) to work on /home/airflow/.local/lib/python3.12/site-packages/airflow/example_dags/tutorial_taskflow_templates.py
[2025-01-16T17:59:31.841+0000] {processor.py:914} INFO - Processing file /home/airflow/.local/lib/python3.12/site-packages/airflow/example_dags/tutorial_taskflow_templates.py for tasks to queue
[2025-01-16T17:59:31.844+0000] {logging_mixin.py:190} INFO - [2025-01-16T17:59:31.843+0000] {dagbag.py:588} INFO - Filling up the DagBag from /home/airflow/.local/lib/python3.12/site-packages/airflow/example_dags/tutorial_taskflow_templates.py
[2025-01-16T17:59:31.859+0000] {processor.py:925} INFO - DAG(s) 'tutorial_taskflow_templates' retrieved from /home/airflow/.local/lib/python3.12/site-packages/airflow/example_dags/tutorial_taskflow_templates.py
[2025-01-16T17:59:31.882+0000] {logging_mixin.py:190} INFO - [2025-01-16T17:59:31.881+0000] {dag.py:3239} INFO - Sync 1 DAGs
[2025-01-16T17:59:31.909+0000] {logging_mixin.py:190} INFO - [2025-01-16T17:59:31.909+0000] {dag.py:4180} INFO - Setting next_dagrun for tutorial_taskflow_templates to 2025-01-15 00:00:00+00:00, run_after=2025-01-16 00:00:00+00:00
[2025-01-16T17:59:31.930+0000] {processor.py:208} INFO - Processing /home/airflow/.local/lib/python3.12/site-packages/airflow/example_dags/tutorial_taskflow_templates.py took 0.098 seconds
[2025-01-16T18:00:02.623+0000] {processor.py:186} INFO - Started process (PID=419) to work on /home/airflow/.local/lib/python3.12/site-packages/airflow/example_dags/tutorial_taskflow_templates.py
[2025-01-16T18:00:02.624+0000] {processor.py:914} INFO - Processing file /home/airflow/.local/lib/python3.12/site-packages/airflow/example_dags/tutorial_taskflow_templates.py for tasks to queue
[2025-01-16T18:00:02.629+0000] {logging_mixin.py:190} INFO - [2025-01-16T18:00:02.629+0000] {dagbag.py:588} INFO - Filling up the DagBag from /home/airflow/.local/lib/python3.12/site-packages/airflow/example_dags/tutorial_taskflow_templates.py
[2025-01-16T18:00:02.645+0000] {processor.py:925} INFO - DAG(s) 'tutorial_taskflow_templates' retrieved from /home/airflow/.local/lib/python3.12/site-packages/airflow/example_dags/tutorial_taskflow_templates.py
[2025-01-16T18:00:02.668+0000] {logging_mixin.py:190} INFO - [2025-01-16T18:00:02.667+0000] {dag.py:3239} INFO - Sync 1 DAGs
[2025-01-16T18:00:02.698+0000] {logging_mixin.py:190} INFO - [2025-01-16T18:00:02.698+0000] {dag.py:4180} INFO - Setting next_dagrun for tutorial_taskflow_templates to 2025-01-15 00:00:00+00:00, run_after=2025-01-16 00:00:00+00:00
[2025-01-16T18:00:02.723+0000] {processor.py:208} INFO - Processing /home/airflow/.local/lib/python3.12/site-packages/airflow/example_dags/tutorial_taskflow_templates.py took 0.106 seconds
[2025-01-16T18:00:33.224+0000] {processor.py:186} INFO - Started process (PID=484) to work on /home/airflow/.local/lib/python3.12/site-packages/airflow/example_dags/tutorial_taskflow_templates.py
[2025-01-16T18:00:33.225+0000] {processor.py:914} INFO - Processing file /home/airflow/.local/lib/python3.12/site-packages/airflow/example_dags/tutorial_taskflow_templates.py for tasks to queue
[2025-01-16T18:00:33.228+0000] {logging_mixin.py:190} INFO - [2025-01-16T18:00:33.227+0000] {dagbag.py:588} INFO - Filling up the DagBag from /home/airflow/.local/lib/python3.12/site-packages/airflow/example_dags/tutorial_taskflow_templates.py
[2025-01-16T18:00:33.241+0000] {processor.py:925} INFO - DAG(s) 'tutorial_taskflow_templates' retrieved from /home/airflow/.local/lib/python3.12/site-packages/airflow/example_dags/tutorial_taskflow_templates.py
[2025-01-16T18:00:33.262+0000] {logging_mixin.py:190} INFO - [2025-01-16T18:00:33.262+0000] {dag.py:3239} INFO - Sync 1 DAGs
[2025-01-16T18:00:33.288+0000] {logging_mixin.py:190} INFO - [2025-01-16T18:00:33.287+0000] {dag.py:4180} INFO - Setting next_dagrun for tutorial_taskflow_templates to 2025-01-15 00:00:00+00:00, run_after=2025-01-16 00:00:00+00:00
[2025-01-16T18:00:33.312+0000] {processor.py:208} INFO - Processing /home/airflow/.local/lib/python3.12/site-packages/airflow/example_dags/tutorial_taskflow_templates.py took 0.092 seconds
[2025-01-16T18:01:03.962+0000] {processor.py:186} INFO - Started process (PID=549) to work on /home/airflow/.local/lib/python3.12/site-packages/airflow/example_dags/tutorial_taskflow_templates.py
[2025-01-16T18:01:03.963+0000] {processor.py:914} INFO - Processing file /home/airflow/.local/lib/python3.12/site-packages/airflow/example_dags/tutorial_taskflow_templates.py for tasks to queue
[2025-01-16T18:01:03.966+0000] {logging_mixin.py:190} INFO - [2025-01-16T18:01:03.966+0000] {dagbag.py:588} INFO - Filling up the DagBag from /home/airflow/.local/lib/python3.12/site-packages/airflow/example_dags/tutorial_taskflow_templates.py
[2025-01-16T18:01:03.977+0000] {processor.py:925} INFO - DAG(s) 'tutorial_taskflow_templates' retrieved from /home/airflow/.local/lib/python3.12/site-packages/airflow/example_dags/tutorial_taskflow_templates.py
[2025-01-16T18:01:03.996+0000] {logging_mixin.py:190} INFO - [2025-01-16T18:01:03.996+0000] {dag.py:3239} INFO - Sync 1 DAGs
[2025-01-16T18:01:04.022+0000] {logging_mixin.py:190} INFO - [2025-01-16T18:01:04.022+0000] {dag.py:4180} INFO - Setting next_dagrun for tutorial_taskflow_templates to 2025-01-15 00:00:00+00:00, run_after=2025-01-16 00:00:00+00:00
[2025-01-16T18:01:04.041+0000] {processor.py:208} INFO - Processing /home/airflow/.local/lib/python3.12/site-packages/airflow/example_dags/tutorial_taskflow_templates.py took 0.084 seconds
[2025-01-16T18:01:34.812+0000] {processor.py:186} INFO - Started process (PID=614) to work on /home/airflow/.local/lib/python3.12/site-packages/airflow/example_dags/tutorial_taskflow_templates.py
[2025-01-16T18:01:34.814+0000] {processor.py:914} INFO - Processing file /home/airflow/.local/lib/python3.12/site-packages/airflow/example_dags/tutorial_taskflow_templates.py for tasks to queue
[2025-01-16T18:01:34.819+0000] {logging_mixin.py:190} INFO - [2025-01-16T18:01:34.818+0000] {dagbag.py:588} INFO - Filling up the DagBag from /home/airflow/.local/lib/python3.12/site-packages/airflow/example_dags/tutorial_taskflow_templates.py
[2025-01-16T18:01:34.842+0000] {processor.py:925} INFO - DAG(s) 'tutorial_taskflow_templates' retrieved from /home/airflow/.local/lib/python3.12/site-packages/airflow/example_dags/tutorial_taskflow_templates.py
[2025-01-16T18:01:34.878+0000] {logging_mixin.py:190} INFO - [2025-01-16T18:01:34.878+0000] {dag.py:3239} INFO - Sync 1 DAGs
[2025-01-16T18:01:34.927+0000] {logging_mixin.py:190} INFO - [2025-01-16T18:01:34.926+0000] {dag.py:4180} INFO - Setting next_dagrun for tutorial_taskflow_templates to 2025-01-15 00:00:00+00:00, run_after=2025-01-16 00:00:00+00:00
[2025-01-16T18:01:34.974+0000] {processor.py:208} INFO - Processing /home/airflow/.local/lib/python3.12/site-packages/airflow/example_dags/tutorial_taskflow_templates.py took 0.175 seconds
[2025-01-16T18:02:05.643+0000] {processor.py:186} INFO - Started process (PID=679) to work on /home/airflow/.local/lib/python3.12/site-packages/airflow/example_dags/tutorial_taskflow_templates.py
[2025-01-16T18:02:05.646+0000] {processor.py:914} INFO - Processing file /home/airflow/.local/lib/python3.12/site-packages/airflow/example_dags/tutorial_taskflow_templates.py for tasks to queue
[2025-01-16T18:02:05.650+0000] {logging_mixin.py:190} INFO - [2025-01-16T18:02:05.650+0000] {dagbag.py:588} INFO - Filling up the DagBag from /home/airflow/.local/lib/python3.12/site-packages/airflow/example_dags/tutorial_taskflow_templates.py
[2025-01-16T18:02:05.669+0000] {processor.py:925} INFO - DAG(s) 'tutorial_taskflow_templates' retrieved from /home/airflow/.local/lib/python3.12/site-packages/airflow/example_dags/tutorial_taskflow_templates.py
[2025-01-16T18:02:05.700+0000] {logging_mixin.py:190} INFO - [2025-01-16T18:02:05.700+0000] {dag.py:3239} INFO - Sync 1 DAGs
[2025-01-16T18:02:05.731+0000] {logging_mixin.py:190} INFO - [2025-01-16T18:02:05.731+0000] {dag.py:4180} INFO - Setting next_dagrun for tutorial_taskflow_templates to 2025-01-15 00:00:00+00:00, run_after=2025-01-16 00:00:00+00:00
[2025-01-16T18:02:05.757+0000] {processor.py:208} INFO - Processing /home/airflow/.local/lib/python3.12/site-packages/airflow/example_dags/tutorial_taskflow_templates.py took 0.122 seconds
[2025-01-16T18:02:36.308+0000] {processor.py:186} INFO - Started process (PID=745) to work on /home/airflow/.local/lib/python3.12/site-packages/airflow/example_dags/tutorial_taskflow_templates.py
[2025-01-16T18:02:36.309+0000] {processor.py:914} INFO - Processing file /home/airflow/.local/lib/python3.12/site-packages/airflow/example_dags/tutorial_taskflow_templates.py for tasks to queue
[2025-01-16T18:02:36.311+0000] {logging_mixin.py:190} INFO - [2025-01-16T18:02:36.311+0000] {dagbag.py:588} INFO - Filling up the DagBag from /home/airflow/.local/lib/python3.12/site-packages/airflow/example_dags/tutorial_taskflow_templates.py
[2025-01-16T18:02:36.324+0000] {processor.py:925} INFO - DAG(s) 'tutorial_taskflow_templates' retrieved from /home/airflow/.local/lib/python3.12/site-packages/airflow/example_dags/tutorial_taskflow_templates.py
[2025-01-16T18:02:36.342+0000] {logging_mixin.py:190} INFO - [2025-01-16T18:02:36.342+0000] {dag.py:3239} INFO - Sync 1 DAGs
[2025-01-16T18:02:36.366+0000] {logging_mixin.py:190} INFO - [2025-01-16T18:02:36.365+0000] {dag.py:4180} INFO - Setting next_dagrun for tutorial_taskflow_templates to 2025-01-15 00:00:00+00:00, run_after=2025-01-16 00:00:00+00:00
[2025-01-16T18:02:36.387+0000] {processor.py:208} INFO - Processing /home/airflow/.local/lib/python3.12/site-packages/airflow/example_dags/tutorial_taskflow_templates.py took 0.084 seconds
[2025-01-16T18:03:06.568+0000] {processor.py:186} INFO - Started process (PID=810) to work on /home/airflow/.local/lib/python3.12/site-packages/airflow/example_dags/tutorial_taskflow_templates.py
[2025-01-16T18:03:06.570+0000] {processor.py:914} INFO - Processing file /home/airflow/.local/lib/python3.12/site-packages/airflow/example_dags/tutorial_taskflow_templates.py for tasks to queue
[2025-01-16T18:03:06.572+0000] {logging_mixin.py:190} INFO - [2025-01-16T18:03:06.572+0000] {dagbag.py:588} INFO - Filling up the DagBag from /home/airflow/.local/lib/python3.12/site-packages/airflow/example_dags/tutorial_taskflow_templates.py
[2025-01-16T18:03:06.586+0000] {processor.py:925} INFO - DAG(s) 'tutorial_taskflow_templates' retrieved from /home/airflow/.local/lib/python3.12/site-packages/airflow/example_dags/tutorial_taskflow_templates.py
[2025-01-16T18:03:06.608+0000] {logging_mixin.py:190} INFO - [2025-01-16T18:03:06.607+0000] {dag.py:3239} INFO - Sync 1 DAGs
[2025-01-16T18:03:06.633+0000] {logging_mixin.py:190} INFO - [2025-01-16T18:03:06.633+0000] {dag.py:4180} INFO - Setting next_dagrun for tutorial_taskflow_templates to 2025-01-15 00:00:00+00:00, run_after=2025-01-16 00:00:00+00:00
[2025-01-16T18:03:06.653+0000] {processor.py:208} INFO - Processing /home/airflow/.local/lib/python3.12/site-packages/airflow/example_dags/tutorial_taskflow_templates.py took 0.090 seconds
[2025-01-16T18:03:37.094+0000] {processor.py:186} INFO - Started process (PID=875) to work on /home/airflow/.local/lib/python3.12/site-packages/airflow/example_dags/tutorial_taskflow_templates.py
[2025-01-16T18:03:37.094+0000] {processor.py:914} INFO - Processing file /home/airflow/.local/lib/python3.12/site-packages/airflow/example_dags/tutorial_taskflow_templates.py for tasks to queue
[2025-01-16T18:03:37.097+0000] {logging_mixin.py:190} INFO - [2025-01-16T18:03:37.096+0000] {dagbag.py:588} INFO - Filling up the DagBag from /home/airflow/.local/lib/python3.12/site-packages/airflow/example_dags/tutorial_taskflow_templates.py
[2025-01-16T18:03:37.110+0000] {processor.py:925} INFO - DAG(s) 'tutorial_taskflow_templates' retrieved from /home/airflow/.local/lib/python3.12/site-packages/airflow/example_dags/tutorial_taskflow_templates.py
[2025-01-16T18:03:37.129+0000] {logging_mixin.py:190} INFO - [2025-01-16T18:03:37.129+0000] {dag.py:3239} INFO - Sync 1 DAGs
[2025-01-16T18:03:37.157+0000] {logging_mixin.py:190} INFO - [2025-01-16T18:03:37.157+0000] {dag.py:4180} INFO - Setting next_dagrun for tutorial_taskflow_templates to 2025-01-15 00:00:00+00:00, run_after=2025-01-16 00:00:00+00:00
[2025-01-16T18:03:37.183+0000] {processor.py:208} INFO - Processing /home/airflow/.local/lib/python3.12/site-packages/airflow/example_dags/tutorial_taskflow_templates.py took 0.094 seconds
[2025-01-16T18:04:07.706+0000] {processor.py:186} INFO - Started process (PID=940) to work on /home/airflow/.local/lib/python3.12/site-packages/airflow/example_dags/tutorial_taskflow_templates.py
[2025-01-16T18:04:07.707+0000] {processor.py:914} INFO - Processing file /home/airflow/.local/lib/python3.12/site-packages/airflow/example_dags/tutorial_taskflow_templates.py for tasks to queue
[2025-01-16T18:04:07.710+0000] {logging_mixin.py:190} INFO - [2025-01-16T18:04:07.709+0000] {dagbag.py:588} INFO - Filling up the DagBag from /home/airflow/.local/lib/python3.12/site-packages/airflow/example_dags/tutorial_taskflow_templates.py
[2025-01-16T18:04:07.722+0000] {processor.py:925} INFO - DAG(s) 'tutorial_taskflow_templates' retrieved from /home/airflow/.local/lib/python3.12/site-packages/airflow/example_dags/tutorial_taskflow_templates.py
[2025-01-16T18:04:07.741+0000] {logging_mixin.py:190} INFO - [2025-01-16T18:04:07.741+0000] {dag.py:3239} INFO - Sync 1 DAGs
[2025-01-16T18:04:07.767+0000] {logging_mixin.py:190} INFO - [2025-01-16T18:04:07.766+0000] {dag.py:4180} INFO - Setting next_dagrun for tutorial_taskflow_templates to 2025-01-15 00:00:00+00:00, run_after=2025-01-16 00:00:00+00:00
[2025-01-16T18:04:07.790+0000] {processor.py:208} INFO - Processing /home/airflow/.local/lib/python3.12/site-packages/airflow/example_dags/tutorial_taskflow_templates.py took 0.090 seconds
[2025-01-16T18:04:38.005+0000] {processor.py:186} INFO - Started process (PID=1005) to work on /home/airflow/.local/lib/python3.12/site-packages/airflow/example_dags/tutorial_taskflow_templates.py
[2025-01-16T18:04:38.006+0000] {processor.py:914} INFO - Processing file /home/airflow/.local/lib/python3.12/site-packages/airflow/example_dags/tutorial_taskflow_templates.py for tasks to queue
[2025-01-16T18:04:38.008+0000] {logging_mixin.py:190} INFO - [2025-01-16T18:04:38.008+0000] {dagbag.py:588} INFO - Filling up the DagBag from /home/airflow/.local/lib/python3.12/site-packages/airflow/example_dags/tutorial_taskflow_templates.py
[2025-01-16T18:04:38.019+0000] {processor.py:925} INFO - DAG(s) 'tutorial_taskflow_templates' retrieved from /home/airflow/.local/lib/python3.12/site-packages/airflow/example_dags/tutorial_taskflow_templates.py
[2025-01-16T18:04:38.038+0000] {logging_mixin.py:190} INFO - [2025-01-16T18:04:38.037+0000] {dag.py:3239} INFO - Sync 1 DAGs
[2025-01-16T18:04:38.061+0000] {logging_mixin.py:190} INFO - [2025-01-16T18:04:38.061+0000] {dag.py:4180} INFO - Setting next_dagrun for tutorial_taskflow_templates to 2025-01-15 00:00:00+00:00, run_after=2025-01-16 00:00:00+00:00
[2025-01-16T18:04:38.080+0000] {processor.py:208} INFO - Processing /home/airflow/.local/lib/python3.12/site-packages/airflow/example_dags/tutorial_taskflow_templates.py took 0.081 seconds
[2025-01-16T18:05:08.782+0000] {processor.py:186} INFO - Started process (PID=1070) to work on /home/airflow/.local/lib/python3.12/site-packages/airflow/example_dags/tutorial_taskflow_templates.py
[2025-01-16T18:05:08.783+0000] {processor.py:914} INFO - Processing file /home/airflow/.local/lib/python3.12/site-packages/airflow/example_dags/tutorial_taskflow_templates.py for tasks to queue
[2025-01-16T18:05:08.785+0000] {logging_mixin.py:190} INFO - [2025-01-16T18:05:08.785+0000] {dagbag.py:588} INFO - Filling up the DagBag from /home/airflow/.local/lib/python3.12/site-packages/airflow/example_dags/tutorial_taskflow_templates.py
[2025-01-16T18:05:08.798+0000] {processor.py:925} INFO - DAG(s) 'tutorial_taskflow_templates' retrieved from /home/airflow/.local/lib/python3.12/site-packages/airflow/example_dags/tutorial_taskflow_templates.py
[2025-01-16T18:05:08.815+0000] {logging_mixin.py:190} INFO - [2025-01-16T18:05:08.815+0000] {dag.py:3239} INFO - Sync 1 DAGs
[2025-01-16T18:05:08.837+0000] {logging_mixin.py:190} INFO - [2025-01-16T18:05:08.836+0000] {dag.py:4180} INFO - Setting next_dagrun for tutorial_taskflow_templates to 2025-01-15 00:00:00+00:00, run_after=2025-01-16 00:00:00+00:00
[2025-01-16T18:05:08.858+0000] {processor.py:208} INFO - Processing /home/airflow/.local/lib/python3.12/site-packages/airflow/example_dags/tutorial_taskflow_templates.py took 0.080 seconds
[2025-01-16T18:05:39.113+0000] {processor.py:186} INFO - Started process (PID=1135) to work on /home/airflow/.local/lib/python3.12/site-packages/airflow/example_dags/tutorial_taskflow_templates.py
[2025-01-16T18:05:39.115+0000] {processor.py:914} INFO - Processing file /home/airflow/.local/lib/python3.12/site-packages/airflow/example_dags/tutorial_taskflow_templates.py for tasks to queue
[2025-01-16T18:05:39.119+0000] {logging_mixin.py:190} INFO - [2025-01-16T18:05:39.119+0000] {dagbag.py:588} INFO - Filling up the DagBag from /home/airflow/.local/lib/python3.12/site-packages/airflow/example_dags/tutorial_taskflow_templates.py
[2025-01-16T18:05:39.150+0000] {processor.py:925} INFO - DAG(s) 'tutorial_taskflow_templates' retrieved from /home/airflow/.local/lib/python3.12/site-packages/airflow/example_dags/tutorial_taskflow_templates.py
[2025-01-16T18:05:39.181+0000] {logging_mixin.py:190} INFO - [2025-01-16T18:05:39.181+0000] {dag.py:3239} INFO - Sync 1 DAGs
[2025-01-16T18:05:39.221+0000] {logging_mixin.py:190} INFO - [2025-01-16T18:05:39.221+0000] {dag.py:4180} INFO - Setting next_dagrun for tutorial_taskflow_templates to 2025-01-15 00:00:00+00:00, run_after=2025-01-16 00:00:00+00:00
[2025-01-16T18:05:39.250+0000] {processor.py:208} INFO - Processing /home/airflow/.local/lib/python3.12/site-packages/airflow/example_dags/tutorial_taskflow_templates.py took 0.145 seconds
[2025-01-16T18:06:09.705+0000] {processor.py:186} INFO - Started process (PID=1206) to work on /home/airflow/.local/lib/python3.12/site-packages/airflow/example_dags/tutorial_taskflow_templates.py
[2025-01-16T18:06:09.706+0000] {processor.py:914} INFO - Processing file /home/airflow/.local/lib/python3.12/site-packages/airflow/example_dags/tutorial_taskflow_templates.py for tasks to queue
[2025-01-16T18:06:09.709+0000] {logging_mixin.py:190} INFO - [2025-01-16T18:06:09.709+0000] {dagbag.py:588} INFO - Filling up the DagBag from /home/airflow/.local/lib/python3.12/site-packages/airflow/example_dags/tutorial_taskflow_templates.py
[2025-01-16T18:06:09.724+0000] {processor.py:925} INFO - DAG(s) 'tutorial_taskflow_templates' retrieved from /home/airflow/.local/lib/python3.12/site-packages/airflow/example_dags/tutorial_taskflow_templates.py
[2025-01-16T18:06:09.745+0000] {logging_mixin.py:190} INFO - [2025-01-16T18:06:09.745+0000] {dag.py:3239} INFO - Sync 1 DAGs
[2025-01-16T18:06:09.773+0000] {logging_mixin.py:190} INFO - [2025-01-16T18:06:09.773+0000] {dag.py:4180} INFO - Setting next_dagrun for tutorial_taskflow_templates to 2025-01-15 00:00:00+00:00, run_after=2025-01-16 00:00:00+00:00
[2025-01-16T18:06:09.793+0000] {processor.py:208} INFO - Processing /home/airflow/.local/lib/python3.12/site-packages/airflow/example_dags/tutorial_taskflow_templates.py took 0.096 seconds
[2025-01-16T18:06:39.881+0000] {processor.py:186} INFO - Started process (PID=1271) to work on /home/airflow/.local/lib/python3.12/site-packages/airflow/example_dags/tutorial_taskflow_templates.py
[2025-01-16T18:06:39.882+0000] {processor.py:914} INFO - Processing file /home/airflow/.local/lib/python3.12/site-packages/airflow/example_dags/tutorial_taskflow_templates.py for tasks to queue
[2025-01-16T18:06:39.885+0000] {logging_mixin.py:190} INFO - [2025-01-16T18:06:39.885+0000] {dagbag.py:588} INFO - Filling up the DagBag from /home/airflow/.local/lib/python3.12/site-packages/airflow/example_dags/tutorial_taskflow_templates.py
[2025-01-16T18:06:39.900+0000] {processor.py:925} INFO - DAG(s) 'tutorial_taskflow_templates' retrieved from /home/airflow/.local/lib/python3.12/site-packages/airflow/example_dags/tutorial_taskflow_templates.py
[2025-01-16T18:06:39.918+0000] {logging_mixin.py:190} INFO - [2025-01-16T18:06:39.918+0000] {dag.py:3239} INFO - Sync 1 DAGs
[2025-01-16T18:06:39.948+0000] {logging_mixin.py:190} INFO - [2025-01-16T18:06:39.948+0000] {dag.py:4180} INFO - Setting next_dagrun for tutorial_taskflow_templates to 2025-01-15 00:00:00+00:00, run_after=2025-01-16 00:00:00+00:00
[2025-01-16T18:06:39.968+0000] {processor.py:208} INFO - Processing /home/airflow/.local/lib/python3.12/site-packages/airflow/example_dags/tutorial_taskflow_templates.py took 0.091 seconds
