[2025-01-16T17:57:37.551+0000] {processor.py:186} INFO - Started process (PID=120) to work on /home/airflow/.local/lib/python3.12/site-packages/airflow/example_dags/tutorial_dag.py
[2025-01-16T17:57:37.553+0000] {processor.py:914} INFO - Processing file /home/airflow/.local/lib/python3.12/site-packages/airflow/example_dags/tutorial_dag.py for tasks to queue
[2025-01-16T17:57:37.556+0000] {logging_mixin.py:190} INFO - [2025-01-16T17:57:37.555+0000] {dagbag.py:588} INFO - Filling up the DagBag from /home/airflow/.local/lib/python3.12/site-packages/airflow/example_dags/tutorial_dag.py
[2025-01-16T17:57:37.570+0000] {processor.py:925} INFO - DAG(s) 'tutorial_dag' retrieved from /home/airflow/.local/lib/python3.12/site-packages/airflow/example_dags/tutorial_dag.py
[2025-01-16T17:57:37.767+0000] {logging_mixin.py:190} INFO - [2025-01-16T17:57:37.766+0000] {override.py:1911} INFO - Created Permission View: can edit on DAG:tutorial_dag
[2025-01-16T17:57:37.786+0000] {logging_mixin.py:190} INFO - [2025-01-16T17:57:37.785+0000] {override.py:1911} INFO - Created Permission View: can read on DAG:tutorial_dag
[2025-01-16T17:57:37.799+0000] {logging_mixin.py:190} INFO - [2025-01-16T17:57:37.799+0000] {override.py:1911} INFO - Created Permission View: can delete on DAG:tutorial_dag
[2025-01-16T17:57:37.812+0000] {logging_mixin.py:190} INFO - [2025-01-16T17:57:37.811+0000] {override.py:1911} INFO - Created Permission View: can create on DAG Run:tutorial_dag
[2025-01-16T17:57:37.823+0000] {logging_mixin.py:190} INFO - [2025-01-16T17:57:37.822+0000] {override.py:1911} INFO - Created Permission View: can delete on DAG Run:tutorial_dag
[2025-01-16T17:57:37.833+0000] {logging_mixin.py:190} INFO - [2025-01-16T17:57:37.832+0000] {override.py:1911} INFO - Created Permission View: can read on DAG Run:tutorial_dag
[2025-01-16T17:57:37.841+0000] {logging_mixin.py:190} INFO - [2025-01-16T17:57:37.840+0000] {override.py:1911} INFO - Created Permission View: menu access on DAG Run:tutorial_dag
[2025-01-16T17:57:37.842+0000] {logging_mixin.py:190} INFO - [2025-01-16T17:57:37.841+0000] {dag.py:3239} INFO - Sync 1 DAGs
[2025-01-16T17:57:37.862+0000] {logging_mixin.py:190} INFO - [2025-01-16T17:57:37.861+0000] {dag.py:3262} INFO - Creating ORM DAG for tutorial_dag
[2025-01-16T17:57:37.864+0000] {logging_mixin.py:190} INFO - [2025-01-16T17:57:37.864+0000] {dag.py:4180} INFO - Setting next_dagrun for tutorial_dag to None, run_after=None
[2025-01-16T17:57:37.891+0000] {processor.py:208} INFO - Processing /home/airflow/.local/lib/python3.12/site-packages/airflow/example_dags/tutorial_dag.py took 0.351 seconds
[2025-01-16T17:58:08.273+0000] {processor.py:186} INFO - Started process (PID=185) to work on /home/airflow/.local/lib/python3.12/site-packages/airflow/example_dags/tutorial_dag.py
[2025-01-16T17:58:08.275+0000] {processor.py:914} INFO - Processing file /home/airflow/.local/lib/python3.12/site-packages/airflow/example_dags/tutorial_dag.py for tasks to queue
[2025-01-16T17:58:08.278+0000] {logging_mixin.py:190} INFO - [2025-01-16T17:58:08.278+0000] {dagbag.py:588} INFO - Filling up the DagBag from /home/airflow/.local/lib/python3.12/site-packages/airflow/example_dags/tutorial_dag.py
[2025-01-16T17:58:08.293+0000] {processor.py:925} INFO - DAG(s) 'tutorial_dag' retrieved from /home/airflow/.local/lib/python3.12/site-packages/airflow/example_dags/tutorial_dag.py
[2025-01-16T17:58:08.322+0000] {logging_mixin.py:190} INFO - [2025-01-16T17:58:08.321+0000] {dag.py:3239} INFO - Sync 1 DAGs
[2025-01-16T17:58:08.339+0000] {logging_mixin.py:190} INFO - [2025-01-16T17:58:08.338+0000] {dag.py:4180} INFO - Setting next_dagrun for tutorial_dag to None, run_after=None
[2025-01-16T17:58:08.372+0000] {processor.py:208} INFO - Processing /home/airflow/.local/lib/python3.12/site-packages/airflow/example_dags/tutorial_dag.py took 0.109 seconds
[2025-01-16T17:58:38.862+0000] {processor.py:186} INFO - Started process (PID=256) to work on /home/airflow/.local/lib/python3.12/site-packages/airflow/example_dags/tutorial_dag.py
[2025-01-16T17:58:38.863+0000] {processor.py:914} INFO - Processing file /home/airflow/.local/lib/python3.12/site-packages/airflow/example_dags/tutorial_dag.py for tasks to queue
[2025-01-16T17:58:38.867+0000] {logging_mixin.py:190} INFO - [2025-01-16T17:58:38.867+0000] {dagbag.py:588} INFO - Filling up the DagBag from /home/airflow/.local/lib/python3.12/site-packages/airflow/example_dags/tutorial_dag.py
[2025-01-16T17:58:38.876+0000] {processor.py:925} INFO - DAG(s) 'tutorial_dag' retrieved from /home/airflow/.local/lib/python3.12/site-packages/airflow/example_dags/tutorial_dag.py
[2025-01-16T17:58:38.898+0000] {logging_mixin.py:190} INFO - [2025-01-16T17:58:38.897+0000] {dag.py:3239} INFO - Sync 1 DAGs
[2025-01-16T17:58:38.916+0000] {logging_mixin.py:190} INFO - [2025-01-16T17:58:38.916+0000] {dag.py:4180} INFO - Setting next_dagrun for tutorial_dag to None, run_after=None
[2025-01-16T17:58:38.942+0000] {processor.py:208} INFO - Processing /home/airflow/.local/lib/python3.12/site-packages/airflow/example_dags/tutorial_dag.py took 0.086 seconds
[2025-01-16T17:59:09.062+0000] {processor.py:186} INFO - Started process (PID=320) to work on /home/airflow/.local/lib/python3.12/site-packages/airflow/example_dags/tutorial_dag.py
[2025-01-16T17:59:09.069+0000] {processor.py:914} INFO - Processing file /home/airflow/.local/lib/python3.12/site-packages/airflow/example_dags/tutorial_dag.py for tasks to queue
[2025-01-16T17:59:09.073+0000] {logging_mixin.py:190} INFO - [2025-01-16T17:59:09.072+0000] {dagbag.py:588} INFO - Filling up the DagBag from /home/airflow/.local/lib/python3.12/site-packages/airflow/example_dags/tutorial_dag.py
[2025-01-16T17:59:09.084+0000] {processor.py:925} INFO - DAG(s) 'tutorial_dag' retrieved from /home/airflow/.local/lib/python3.12/site-packages/airflow/example_dags/tutorial_dag.py
[2025-01-16T17:59:09.105+0000] {logging_mixin.py:190} INFO - [2025-01-16T17:59:09.105+0000] {dag.py:3239} INFO - Sync 1 DAGs
[2025-01-16T17:59:09.120+0000] {logging_mixin.py:190} INFO - [2025-01-16T17:59:09.120+0000] {dag.py:4180} INFO - Setting next_dagrun for tutorial_dag to None, run_after=None
[2025-01-16T17:59:09.152+0000] {processor.py:208} INFO - Processing /home/airflow/.local/lib/python3.12/site-packages/airflow/example_dags/tutorial_dag.py took 0.096 seconds
[2025-01-16T17:59:39.727+0000] {processor.py:186} INFO - Started process (PID=385) to work on /home/airflow/.local/lib/python3.12/site-packages/airflow/example_dags/tutorial_dag.py
[2025-01-16T17:59:39.728+0000] {processor.py:914} INFO - Processing file /home/airflow/.local/lib/python3.12/site-packages/airflow/example_dags/tutorial_dag.py for tasks to queue
[2025-01-16T17:59:39.730+0000] {logging_mixin.py:190} INFO - [2025-01-16T17:59:39.730+0000] {dagbag.py:588} INFO - Filling up the DagBag from /home/airflow/.local/lib/python3.12/site-packages/airflow/example_dags/tutorial_dag.py
[2025-01-16T17:59:39.738+0000] {processor.py:925} INFO - DAG(s) 'tutorial_dag' retrieved from /home/airflow/.local/lib/python3.12/site-packages/airflow/example_dags/tutorial_dag.py
[2025-01-16T17:59:39.757+0000] {logging_mixin.py:190} INFO - [2025-01-16T17:59:39.757+0000] {dag.py:3239} INFO - Sync 1 DAGs
[2025-01-16T17:59:39.773+0000] {logging_mixin.py:190} INFO - [2025-01-16T17:59:39.773+0000] {dag.py:4180} INFO - Setting next_dagrun for tutorial_dag to None, run_after=None
[2025-01-16T17:59:39.793+0000] {processor.py:208} INFO - Processing /home/airflow/.local/lib/python3.12/site-packages/airflow/example_dags/tutorial_dag.py took 0.071 seconds
[2025-01-16T18:00:09.943+0000] {processor.py:186} INFO - Started process (PID=450) to work on /home/airflow/.local/lib/python3.12/site-packages/airflow/example_dags/tutorial_dag.py
[2025-01-16T18:00:09.945+0000] {processor.py:914} INFO - Processing file /home/airflow/.local/lib/python3.12/site-packages/airflow/example_dags/tutorial_dag.py for tasks to queue
[2025-01-16T18:00:09.948+0000] {logging_mixin.py:190} INFO - [2025-01-16T18:00:09.947+0000] {dagbag.py:588} INFO - Filling up the DagBag from /home/airflow/.local/lib/python3.12/site-packages/airflow/example_dags/tutorial_dag.py
[2025-01-16T18:00:09.959+0000] {processor.py:925} INFO - DAG(s) 'tutorial_dag' retrieved from /home/airflow/.local/lib/python3.12/site-packages/airflow/example_dags/tutorial_dag.py
[2025-01-16T18:00:09.986+0000] {logging_mixin.py:190} INFO - [2025-01-16T18:00:09.986+0000] {dag.py:3239} INFO - Sync 1 DAGs
[2025-01-16T18:00:10.003+0000] {logging_mixin.py:190} INFO - [2025-01-16T18:00:10.003+0000] {dag.py:4180} INFO - Setting next_dagrun for tutorial_dag to None, run_after=None
[2025-01-16T18:00:10.030+0000] {processor.py:208} INFO - Processing /home/airflow/.local/lib/python3.12/site-packages/airflow/example_dags/tutorial_dag.py took 0.092 seconds
[2025-01-16T18:00:40.192+0000] {processor.py:186} INFO - Started process (PID=515) to work on /home/airflow/.local/lib/python3.12/site-packages/airflow/example_dags/tutorial_dag.py
[2025-01-16T18:00:40.194+0000] {processor.py:914} INFO - Processing file /home/airflow/.local/lib/python3.12/site-packages/airflow/example_dags/tutorial_dag.py for tasks to queue
[2025-01-16T18:00:40.197+0000] {logging_mixin.py:190} INFO - [2025-01-16T18:00:40.196+0000] {dagbag.py:588} INFO - Filling up the DagBag from /home/airflow/.local/lib/python3.12/site-packages/airflow/example_dags/tutorial_dag.py
[2025-01-16T18:00:40.207+0000] {processor.py:925} INFO - DAG(s) 'tutorial_dag' retrieved from /home/airflow/.local/lib/python3.12/site-packages/airflow/example_dags/tutorial_dag.py
[2025-01-16T18:00:40.235+0000] {logging_mixin.py:190} INFO - [2025-01-16T18:00:40.235+0000] {dag.py:3239} INFO - Sync 1 DAGs
[2025-01-16T18:00:40.258+0000] {logging_mixin.py:190} INFO - [2025-01-16T18:00:40.257+0000] {dag.py:4180} INFO - Setting next_dagrun for tutorial_dag to None, run_after=None
[2025-01-16T18:00:40.281+0000] {processor.py:208} INFO - Processing /home/airflow/.local/lib/python3.12/site-packages/airflow/example_dags/tutorial_dag.py took 0.097 seconds
[2025-01-16T18:01:11.163+0000] {processor.py:186} INFO - Started process (PID=580) to work on /home/airflow/.local/lib/python3.12/site-packages/airflow/example_dags/tutorial_dag.py
[2025-01-16T18:01:11.175+0000] {processor.py:914} INFO - Processing file /home/airflow/.local/lib/python3.12/site-packages/airflow/example_dags/tutorial_dag.py for tasks to queue
[2025-01-16T18:01:11.179+0000] {logging_mixin.py:190} INFO - [2025-01-16T18:01:11.179+0000] {dagbag.py:588} INFO - Filling up the DagBag from /home/airflow/.local/lib/python3.12/site-packages/airflow/example_dags/tutorial_dag.py
[2025-01-16T18:01:11.192+0000] {processor.py:925} INFO - DAG(s) 'tutorial_dag' retrieved from /home/airflow/.local/lib/python3.12/site-packages/airflow/example_dags/tutorial_dag.py
[2025-01-16T18:01:11.221+0000] {logging_mixin.py:190} INFO - [2025-01-16T18:01:11.221+0000] {dag.py:3239} INFO - Sync 1 DAGs
[2025-01-16T18:01:11.244+0000] {logging_mixin.py:190} INFO - [2025-01-16T18:01:11.243+0000] {dag.py:4180} INFO - Setting next_dagrun for tutorial_dag to None, run_after=None
[2025-01-16T18:01:11.274+0000] {processor.py:208} INFO - Processing /home/airflow/.local/lib/python3.12/site-packages/airflow/example_dags/tutorial_dag.py took 0.120 seconds
[2025-01-16T18:01:42.834+0000] {processor.py:186} INFO - Started process (PID=645) to work on /home/airflow/.local/lib/python3.12/site-packages/airflow/example_dags/tutorial_dag.py
[2025-01-16T18:01:42.837+0000] {processor.py:914} INFO - Processing file /home/airflow/.local/lib/python3.12/site-packages/airflow/example_dags/tutorial_dag.py for tasks to queue
[2025-01-16T18:01:42.841+0000] {logging_mixin.py:190} INFO - [2025-01-16T18:01:42.840+0000] {dagbag.py:588} INFO - Filling up the DagBag from /home/airflow/.local/lib/python3.12/site-packages/airflow/example_dags/tutorial_dag.py
[2025-01-16T18:01:42.854+0000] {processor.py:925} INFO - DAG(s) 'tutorial_dag' retrieved from /home/airflow/.local/lib/python3.12/site-packages/airflow/example_dags/tutorial_dag.py
[2025-01-16T18:01:42.887+0000] {logging_mixin.py:190} INFO - [2025-01-16T18:01:42.887+0000] {dag.py:3239} INFO - Sync 1 DAGs
[2025-01-16T18:01:42.920+0000] {logging_mixin.py:190} INFO - [2025-01-16T18:01:42.919+0000] {dag.py:4180} INFO - Setting next_dagrun for tutorial_dag to None, run_after=None
[2025-01-16T18:01:42.966+0000] {processor.py:208} INFO - Processing /home/airflow/.local/lib/python3.12/site-packages/airflow/example_dags/tutorial_dag.py took 0.143 seconds
[2025-01-16T18:02:13.140+0000] {processor.py:186} INFO - Started process (PID=710) to work on /home/airflow/.local/lib/python3.12/site-packages/airflow/example_dags/tutorial_dag.py
[2025-01-16T18:02:13.142+0000] {processor.py:914} INFO - Processing file /home/airflow/.local/lib/python3.12/site-packages/airflow/example_dags/tutorial_dag.py for tasks to queue
[2025-01-16T18:02:13.145+0000] {logging_mixin.py:190} INFO - [2025-01-16T18:02:13.144+0000] {dagbag.py:588} INFO - Filling up the DagBag from /home/airflow/.local/lib/python3.12/site-packages/airflow/example_dags/tutorial_dag.py
[2025-01-16T18:02:13.156+0000] {processor.py:925} INFO - DAG(s) 'tutorial_dag' retrieved from /home/airflow/.local/lib/python3.12/site-packages/airflow/example_dags/tutorial_dag.py
[2025-01-16T18:02:13.179+0000] {logging_mixin.py:190} INFO - [2025-01-16T18:02:13.178+0000] {dag.py:3239} INFO - Sync 1 DAGs
[2025-01-16T18:02:13.196+0000] {logging_mixin.py:190} INFO - [2025-01-16T18:02:13.196+0000] {dag.py:4180} INFO - Setting next_dagrun for tutorial_dag to None, run_after=None
[2025-01-16T18:02:13.222+0000] {processor.py:208} INFO - Processing /home/airflow/.local/lib/python3.12/site-packages/airflow/example_dags/tutorial_dag.py took 0.091 seconds
[2025-01-16T18:02:43.996+0000] {processor.py:186} INFO - Started process (PID=774) to work on /home/airflow/.local/lib/python3.12/site-packages/airflow/example_dags/tutorial_dag.py
[2025-01-16T18:02:43.997+0000] {processor.py:914} INFO - Processing file /home/airflow/.local/lib/python3.12/site-packages/airflow/example_dags/tutorial_dag.py for tasks to queue
[2025-01-16T18:02:44.004+0000] {logging_mixin.py:190} INFO - [2025-01-16T18:02:44.003+0000] {dagbag.py:588} INFO - Filling up the DagBag from /home/airflow/.local/lib/python3.12/site-packages/airflow/example_dags/tutorial_dag.py
[2025-01-16T18:02:44.019+0000] {processor.py:925} INFO - DAG(s) 'tutorial_dag' retrieved from /home/airflow/.local/lib/python3.12/site-packages/airflow/example_dags/tutorial_dag.py
[2025-01-16T18:02:44.051+0000] {logging_mixin.py:190} INFO - [2025-01-16T18:02:44.051+0000] {dag.py:3239} INFO - Sync 1 DAGs
[2025-01-16T18:02:44.075+0000] {logging_mixin.py:190} INFO - [2025-01-16T18:02:44.075+0000] {dag.py:4180} INFO - Setting next_dagrun for tutorial_dag to None, run_after=None
[2025-01-16T18:02:44.134+0000] {processor.py:208} INFO - Processing /home/airflow/.local/lib/python3.12/site-packages/airflow/example_dags/tutorial_dag.py took 0.152 seconds
[2025-01-16T18:03:14.528+0000] {processor.py:186} INFO - Started process (PID=839) to work on /home/airflow/.local/lib/python3.12/site-packages/airflow/example_dags/tutorial_dag.py
[2025-01-16T18:03:14.530+0000] {processor.py:914} INFO - Processing file /home/airflow/.local/lib/python3.12/site-packages/airflow/example_dags/tutorial_dag.py for tasks to queue
[2025-01-16T18:03:14.535+0000] {logging_mixin.py:190} INFO - [2025-01-16T18:03:14.535+0000] {dagbag.py:588} INFO - Filling up the DagBag from /home/airflow/.local/lib/python3.12/site-packages/airflow/example_dags/tutorial_dag.py
[2025-01-16T18:03:14.547+0000] {processor.py:925} INFO - DAG(s) 'tutorial_dag' retrieved from /home/airflow/.local/lib/python3.12/site-packages/airflow/example_dags/tutorial_dag.py
[2025-01-16T18:03:14.574+0000] {logging_mixin.py:190} INFO - [2025-01-16T18:03:14.573+0000] {dag.py:3239} INFO - Sync 1 DAGs
[2025-01-16T18:03:14.593+0000] {logging_mixin.py:190} INFO - [2025-01-16T18:03:14.593+0000] {dag.py:4180} INFO - Setting next_dagrun for tutorial_dag to None, run_after=None
[2025-01-16T18:03:14.623+0000] {processor.py:208} INFO - Processing /home/airflow/.local/lib/python3.12/site-packages/airflow/example_dags/tutorial_dag.py took 0.105 seconds
[2025-01-16T18:03:44.758+0000] {processor.py:186} INFO - Started process (PID=904) to work on /home/airflow/.local/lib/python3.12/site-packages/airflow/example_dags/tutorial_dag.py
[2025-01-16T18:03:44.760+0000] {processor.py:914} INFO - Processing file /home/airflow/.local/lib/python3.12/site-packages/airflow/example_dags/tutorial_dag.py for tasks to queue
[2025-01-16T18:03:44.763+0000] {logging_mixin.py:190} INFO - [2025-01-16T18:03:44.762+0000] {dagbag.py:588} INFO - Filling up the DagBag from /home/airflow/.local/lib/python3.12/site-packages/airflow/example_dags/tutorial_dag.py
[2025-01-16T18:03:44.774+0000] {processor.py:925} INFO - DAG(s) 'tutorial_dag' retrieved from /home/airflow/.local/lib/python3.12/site-packages/airflow/example_dags/tutorial_dag.py
[2025-01-16T18:03:44.802+0000] {logging_mixin.py:190} INFO - [2025-01-16T18:03:44.801+0000] {dag.py:3239} INFO - Sync 1 DAGs
[2025-01-16T18:03:44.822+0000] {logging_mixin.py:190} INFO - [2025-01-16T18:03:44.821+0000] {dag.py:4180} INFO - Setting next_dagrun for tutorial_dag to None, run_after=None
[2025-01-16T18:03:44.850+0000] {processor.py:208} INFO - Processing /home/airflow/.local/lib/python3.12/site-packages/airflow/example_dags/tutorial_dag.py took 0.100 seconds
[2025-01-16T18:04:15.066+0000] {processor.py:186} INFO - Started process (PID=968) to work on /home/airflow/.local/lib/python3.12/site-packages/airflow/example_dags/tutorial_dag.py
[2025-01-16T18:04:15.067+0000] {processor.py:914} INFO - Processing file /home/airflow/.local/lib/python3.12/site-packages/airflow/example_dags/tutorial_dag.py for tasks to queue
[2025-01-16T18:04:15.069+0000] {logging_mixin.py:190} INFO - [2025-01-16T18:04:15.069+0000] {dagbag.py:588} INFO - Filling up the DagBag from /home/airflow/.local/lib/python3.12/site-packages/airflow/example_dags/tutorial_dag.py
[2025-01-16T18:04:15.076+0000] {processor.py:925} INFO - DAG(s) 'tutorial_dag' retrieved from /home/airflow/.local/lib/python3.12/site-packages/airflow/example_dags/tutorial_dag.py
[2025-01-16T18:04:15.092+0000] {logging_mixin.py:190} INFO - [2025-01-16T18:04:15.091+0000] {dag.py:3239} INFO - Sync 1 DAGs
[2025-01-16T18:04:15.108+0000] {logging_mixin.py:190} INFO - [2025-01-16T18:04:15.107+0000] {dag.py:4180} INFO - Setting next_dagrun for tutorial_dag to None, run_after=None
[2025-01-16T18:04:15.137+0000] {processor.py:208} INFO - Processing /home/airflow/.local/lib/python3.12/site-packages/airflow/example_dags/tutorial_dag.py took 0.076 seconds
[2025-01-16T18:04:45.204+0000] {processor.py:186} INFO - Started process (PID=1033) to work on /home/airflow/.local/lib/python3.12/site-packages/airflow/example_dags/tutorial_dag.py
[2025-01-16T18:04:45.206+0000] {processor.py:914} INFO - Processing file /home/airflow/.local/lib/python3.12/site-packages/airflow/example_dags/tutorial_dag.py for tasks to queue
[2025-01-16T18:04:45.208+0000] {logging_mixin.py:190} INFO - [2025-01-16T18:04:45.208+0000] {dagbag.py:588} INFO - Filling up the DagBag from /home/airflow/.local/lib/python3.12/site-packages/airflow/example_dags/tutorial_dag.py
[2025-01-16T18:04:45.218+0000] {processor.py:925} INFO - DAG(s) 'tutorial_dag' retrieved from /home/airflow/.local/lib/python3.12/site-packages/airflow/example_dags/tutorial_dag.py
[2025-01-16T18:04:45.238+0000] {logging_mixin.py:190} INFO - [2025-01-16T18:04:45.238+0000] {dag.py:3239} INFO - Sync 1 DAGs
[2025-01-16T18:04:45.256+0000] {logging_mixin.py:190} INFO - [2025-01-16T18:04:45.255+0000] {dag.py:4180} INFO - Setting next_dagrun for tutorial_dag to None, run_after=None
[2025-01-16T18:04:45.301+0000] {processor.py:208} INFO - Processing /home/airflow/.local/lib/python3.12/site-packages/airflow/example_dags/tutorial_dag.py took 0.104 seconds
[2025-01-16T18:05:16.062+0000] {processor.py:186} INFO - Started process (PID=1098) to work on /home/airflow/.local/lib/python3.12/site-packages/airflow/example_dags/tutorial_dag.py
[2025-01-16T18:05:16.063+0000] {processor.py:914} INFO - Processing file /home/airflow/.local/lib/python3.12/site-packages/airflow/example_dags/tutorial_dag.py for tasks to queue
[2025-01-16T18:05:16.066+0000] {logging_mixin.py:190} INFO - [2025-01-16T18:05:16.065+0000] {dagbag.py:588} INFO - Filling up the DagBag from /home/airflow/.local/lib/python3.12/site-packages/airflow/example_dags/tutorial_dag.py
[2025-01-16T18:05:16.074+0000] {processor.py:925} INFO - DAG(s) 'tutorial_dag' retrieved from /home/airflow/.local/lib/python3.12/site-packages/airflow/example_dags/tutorial_dag.py
[2025-01-16T18:05:16.091+0000] {logging_mixin.py:190} INFO - [2025-01-16T18:05:16.090+0000] {dag.py:3239} INFO - Sync 1 DAGs
[2025-01-16T18:05:16.104+0000] {logging_mixin.py:190} INFO - [2025-01-16T18:05:16.104+0000] {dag.py:4180} INFO - Setting next_dagrun for tutorial_dag to None, run_after=None
[2025-01-16T18:05:16.123+0000] {processor.py:208} INFO - Processing /home/airflow/.local/lib/python3.12/site-packages/airflow/example_dags/tutorial_dag.py took 0.065 seconds
[2025-01-16T18:05:46.452+0000] {processor.py:186} INFO - Started process (PID=1163) to work on /home/airflow/.local/lib/python3.12/site-packages/airflow/example_dags/tutorial_dag.py
[2025-01-16T18:05:46.453+0000] {processor.py:914} INFO - Processing file /home/airflow/.local/lib/python3.12/site-packages/airflow/example_dags/tutorial_dag.py for tasks to queue
[2025-01-16T18:05:46.456+0000] {logging_mixin.py:190} INFO - [2025-01-16T18:05:46.456+0000] {dagbag.py:588} INFO - Filling up the DagBag from /home/airflow/.local/lib/python3.12/site-packages/airflow/example_dags/tutorial_dag.py
[2025-01-16T18:05:46.463+0000] {processor.py:925} INFO - DAG(s) 'tutorial_dag' retrieved from /home/airflow/.local/lib/python3.12/site-packages/airflow/example_dags/tutorial_dag.py
[2025-01-16T18:05:46.479+0000] {logging_mixin.py:190} INFO - [2025-01-16T18:05:46.479+0000] {dag.py:3239} INFO - Sync 1 DAGs
[2025-01-16T18:05:46.492+0000] {logging_mixin.py:190} INFO - [2025-01-16T18:05:46.492+0000] {dag.py:4180} INFO - Setting next_dagrun for tutorial_dag to None, run_after=None
[2025-01-16T18:05:46.510+0000] {processor.py:208} INFO - Processing /home/airflow/.local/lib/python3.12/site-packages/airflow/example_dags/tutorial_dag.py took 0.063 seconds
[2025-01-16T18:06:17.034+0000] {processor.py:186} INFO - Started process (PID=1228) to work on /home/airflow/.local/lib/python3.12/site-packages/airflow/example_dags/tutorial_dag.py
[2025-01-16T18:06:17.036+0000] {processor.py:914} INFO - Processing file /home/airflow/.local/lib/python3.12/site-packages/airflow/example_dags/tutorial_dag.py for tasks to queue
[2025-01-16T18:06:17.040+0000] {logging_mixin.py:190} INFO - [2025-01-16T18:06:17.039+0000] {dagbag.py:588} INFO - Filling up the DagBag from /home/airflow/.local/lib/python3.12/site-packages/airflow/example_dags/tutorial_dag.py
[2025-01-16T18:06:17.053+0000] {processor.py:925} INFO - DAG(s) 'tutorial_dag' retrieved from /home/airflow/.local/lib/python3.12/site-packages/airflow/example_dags/tutorial_dag.py
[2025-01-16T18:06:17.081+0000] {logging_mixin.py:190} INFO - [2025-01-16T18:06:17.080+0000] {dag.py:3239} INFO - Sync 1 DAGs
[2025-01-16T18:06:17.103+0000] {logging_mixin.py:190} INFO - [2025-01-16T18:06:17.102+0000] {dag.py:4180} INFO - Setting next_dagrun for tutorial_dag to None, run_after=None
[2025-01-16T18:06:17.168+0000] {processor.py:208} INFO - Processing /home/airflow/.local/lib/python3.12/site-packages/airflow/example_dags/tutorial_dag.py took 0.143 seconds
[2025-01-16T18:06:47.363+0000] {processor.py:186} INFO - Started process (PID=1293) to work on /home/airflow/.local/lib/python3.12/site-packages/airflow/example_dags/tutorial_dag.py
[2025-01-16T18:06:47.365+0000] {processor.py:914} INFO - Processing file /home/airflow/.local/lib/python3.12/site-packages/airflow/example_dags/tutorial_dag.py for tasks to queue
[2025-01-16T18:06:47.368+0000] {logging_mixin.py:190} INFO - [2025-01-16T18:06:47.368+0000] {dagbag.py:588} INFO - Filling up the DagBag from /home/airflow/.local/lib/python3.12/site-packages/airflow/example_dags/tutorial_dag.py
[2025-01-16T18:06:47.377+0000] {processor.py:925} INFO - DAG(s) 'tutorial_dag' retrieved from /home/airflow/.local/lib/python3.12/site-packages/airflow/example_dags/tutorial_dag.py
[2025-01-16T18:06:47.405+0000] {logging_mixin.py:190} INFO - [2025-01-16T18:06:47.405+0000] {dag.py:3239} INFO - Sync 1 DAGs
[2025-01-16T18:06:47.428+0000] {logging_mixin.py:190} INFO - [2025-01-16T18:06:47.427+0000] {dag.py:4180} INFO - Setting next_dagrun for tutorial_dag to None, run_after=None
[2025-01-16T18:06:47.464+0000] {processor.py:208} INFO - Processing /home/airflow/.local/lib/python3.12/site-packages/airflow/example_dags/tutorial_dag.py took 0.108 seconds
