[2025-01-16T17:57:32.922+0000] {processor.py:186} INFO - Started process (PID=102) to work on /home/airflow/.local/lib/python3.12/site-packages/airflow/example_dags/tutorial.py
[2025-01-16T17:57:32.924+0000] {processor.py:914} INFO - Processing file /home/airflow/.local/lib/python3.12/site-packages/airflow/example_dags/tutorial.py for tasks to queue
[2025-01-16T17:57:32.929+0000] {logging_mixin.py:190} INFO - [2025-01-16T17:57:32.928+0000] {dagbag.py:588} INFO - Filling up the DagBag from /home/airflow/.local/lib/python3.12/site-packages/airflow/example_dags/tutorial.py
[2025-01-16T17:57:32.953+0000] {processor.py:925} INFO - DAG(s) 'tutorial' retrieved from /home/airflow/.local/lib/python3.12/site-packages/airflow/example_dags/tutorial.py
[2025-01-16T17:57:33.169+0000] {logging_mixin.py:190} INFO - [2025-01-16T17:57:33.168+0000] {override.py:1911} INFO - Created Permission View: can edit on DAG:tutorial
[2025-01-16T17:57:33.181+0000] {logging_mixin.py:190} INFO - [2025-01-16T17:57:33.181+0000] {override.py:1911} INFO - Created Permission View: can read on DAG:tutorial
[2025-01-16T17:57:33.193+0000] {logging_mixin.py:190} INFO - [2025-01-16T17:57:33.193+0000] {override.py:1911} INFO - Created Permission View: can delete on DAG:tutorial
[2025-01-16T17:57:33.209+0000] {logging_mixin.py:190} INFO - [2025-01-16T17:57:33.208+0000] {override.py:1911} INFO - Created Permission View: can create on DAG Run:tutorial
[2025-01-16T17:57:33.226+0000] {logging_mixin.py:190} INFO - [2025-01-16T17:57:33.225+0000] {override.py:1911} INFO - Created Permission View: can delete on DAG Run:tutorial
[2025-01-16T17:57:33.240+0000] {logging_mixin.py:190} INFO - [2025-01-16T17:57:33.239+0000] {override.py:1911} INFO - Created Permission View: can read on DAG Run:tutorial
[2025-01-16T17:57:33.258+0000] {logging_mixin.py:190} INFO - [2025-01-16T17:57:33.257+0000] {override.py:1911} INFO - Created Permission View: menu access on DAG Run:tutorial
[2025-01-16T17:57:33.263+0000] {logging_mixin.py:190} INFO - [2025-01-16T17:57:33.263+0000] {dag.py:3239} INFO - Sync 1 DAGs
[2025-01-16T17:57:33.284+0000] {logging_mixin.py:190} INFO - [2025-01-16T17:57:33.284+0000] {dag.py:3262} INFO - Creating ORM DAG for tutorial
[2025-01-16T17:57:33.298+0000] {logging_mixin.py:190} INFO - [2025-01-16T17:57:33.298+0000] {dag.py:4180} INFO - Setting next_dagrun for tutorial to 2025-01-15 00:00:00+00:00, run_after=2025-01-16 00:00:00+00:00
[2025-01-16T17:57:33.323+0000] {processor.py:208} INFO - Processing /home/airflow/.local/lib/python3.12/site-packages/airflow/example_dags/tutorial.py took 0.411 seconds
[2025-01-16T17:58:03.965+0000] {processor.py:186} INFO - Started process (PID=168) to work on /home/airflow/.local/lib/python3.12/site-packages/airflow/example_dags/tutorial.py
[2025-01-16T17:58:03.969+0000] {processor.py:914} INFO - Processing file /home/airflow/.local/lib/python3.12/site-packages/airflow/example_dags/tutorial.py for tasks to queue
[2025-01-16T17:58:03.973+0000] {logging_mixin.py:190} INFO - [2025-01-16T17:58:03.973+0000] {dagbag.py:588} INFO - Filling up the DagBag from /home/airflow/.local/lib/python3.12/site-packages/airflow/example_dags/tutorial.py
[2025-01-16T17:58:03.991+0000] {processor.py:925} INFO - DAG(s) 'tutorial' retrieved from /home/airflow/.local/lib/python3.12/site-packages/airflow/example_dags/tutorial.py
[2025-01-16T17:58:04.026+0000] {logging_mixin.py:190} INFO - [2025-01-16T17:58:04.025+0000] {dag.py:3239} INFO - Sync 1 DAGs
[2025-01-16T17:58:04.069+0000] {logging_mixin.py:190} INFO - [2025-01-16T17:58:04.068+0000] {dag.py:4180} INFO - Setting next_dagrun for tutorial to 2025-01-15 00:00:00+00:00, run_after=2025-01-16 00:00:00+00:00
[2025-01-16T17:58:04.105+0000] {processor.py:208} INFO - Processing /home/airflow/.local/lib/python3.12/site-packages/airflow/example_dags/tutorial.py took 0.150 seconds
[2025-01-16T17:58:34.218+0000] {processor.py:186} INFO - Started process (PID=233) to work on /home/airflow/.local/lib/python3.12/site-packages/airflow/example_dags/tutorial.py
[2025-01-16T17:58:34.219+0000] {processor.py:914} INFO - Processing file /home/airflow/.local/lib/python3.12/site-packages/airflow/example_dags/tutorial.py for tasks to queue
[2025-01-16T17:58:34.222+0000] {logging_mixin.py:190} INFO - [2025-01-16T17:58:34.221+0000] {dagbag.py:588} INFO - Filling up the DagBag from /home/airflow/.local/lib/python3.12/site-packages/airflow/example_dags/tutorial.py
[2025-01-16T17:58:34.232+0000] {processor.py:925} INFO - DAG(s) 'tutorial' retrieved from /home/airflow/.local/lib/python3.12/site-packages/airflow/example_dags/tutorial.py
[2025-01-16T17:58:34.254+0000] {logging_mixin.py:190} INFO - [2025-01-16T17:58:34.254+0000] {dag.py:3239} INFO - Sync 1 DAGs
[2025-01-16T17:58:34.284+0000] {logging_mixin.py:190} INFO - [2025-01-16T17:58:34.283+0000] {dag.py:4180} INFO - Setting next_dagrun for tutorial to 2025-01-15 00:00:00+00:00, run_after=2025-01-16 00:00:00+00:00
[2025-01-16T17:58:34.306+0000] {processor.py:208} INFO - Processing /home/airflow/.local/lib/python3.12/site-packages/airflow/example_dags/tutorial.py took 0.095 seconds
[2025-01-16T17:59:05.272+0000] {processor.py:186} INFO - Started process (PID=298) to work on /home/airflow/.local/lib/python3.12/site-packages/airflow/example_dags/tutorial.py
[2025-01-16T17:59:05.273+0000] {processor.py:914} INFO - Processing file /home/airflow/.local/lib/python3.12/site-packages/airflow/example_dags/tutorial.py for tasks to queue
[2025-01-16T17:59:05.278+0000] {logging_mixin.py:190} INFO - [2025-01-16T17:59:05.277+0000] {dagbag.py:588} INFO - Filling up the DagBag from /home/airflow/.local/lib/python3.12/site-packages/airflow/example_dags/tutorial.py
[2025-01-16T17:59:05.290+0000] {processor.py:925} INFO - DAG(s) 'tutorial' retrieved from /home/airflow/.local/lib/python3.12/site-packages/airflow/example_dags/tutorial.py
[2025-01-16T17:59:05.316+0000] {logging_mixin.py:190} INFO - [2025-01-16T17:59:05.315+0000] {dag.py:3239} INFO - Sync 1 DAGs
[2025-01-16T17:59:05.344+0000] {logging_mixin.py:190} INFO - [2025-01-16T17:59:05.344+0000] {dag.py:4180} INFO - Setting next_dagrun for tutorial to 2025-01-15 00:00:00+00:00, run_after=2025-01-16 00:00:00+00:00
[2025-01-16T17:59:05.371+0000] {processor.py:208} INFO - Processing /home/airflow/.local/lib/python3.12/site-packages/airflow/example_dags/tutorial.py took 0.110 seconds
[2025-01-16T17:59:36.072+0000] {processor.py:186} INFO - Started process (PID=362) to work on /home/airflow/.local/lib/python3.12/site-packages/airflow/example_dags/tutorial.py
[2025-01-16T17:59:36.073+0000] {processor.py:914} INFO - Processing file /home/airflow/.local/lib/python3.12/site-packages/airflow/example_dags/tutorial.py for tasks to queue
[2025-01-16T17:59:36.076+0000] {logging_mixin.py:190} INFO - [2025-01-16T17:59:36.075+0000] {dagbag.py:588} INFO - Filling up the DagBag from /home/airflow/.local/lib/python3.12/site-packages/airflow/example_dags/tutorial.py
[2025-01-16T17:59:36.086+0000] {processor.py:925} INFO - DAG(s) 'tutorial' retrieved from /home/airflow/.local/lib/python3.12/site-packages/airflow/example_dags/tutorial.py
[2025-01-16T17:59:36.108+0000] {logging_mixin.py:190} INFO - [2025-01-16T17:59:36.108+0000] {dag.py:3239} INFO - Sync 1 DAGs
[2025-01-16T17:59:36.140+0000] {logging_mixin.py:190} INFO - [2025-01-16T17:59:36.140+0000] {dag.py:4180} INFO - Setting next_dagrun for tutorial to 2025-01-15 00:00:00+00:00, run_after=2025-01-16 00:00:00+00:00
[2025-01-16T17:59:36.164+0000] {processor.py:208} INFO - Processing /home/airflow/.local/lib/python3.12/site-packages/airflow/example_dags/tutorial.py took 0.100 seconds
[2025-01-16T18:00:06.943+0000] {processor.py:186} INFO - Started process (PID=427) to work on /home/airflow/.local/lib/python3.12/site-packages/airflow/example_dags/tutorial.py
[2025-01-16T18:00:06.944+0000] {processor.py:914} INFO - Processing file /home/airflow/.local/lib/python3.12/site-packages/airflow/example_dags/tutorial.py for tasks to queue
[2025-01-16T18:00:06.946+0000] {logging_mixin.py:190} INFO - [2025-01-16T18:00:06.946+0000] {dagbag.py:588} INFO - Filling up the DagBag from /home/airflow/.local/lib/python3.12/site-packages/airflow/example_dags/tutorial.py
[2025-01-16T18:00:06.957+0000] {processor.py:925} INFO - DAG(s) 'tutorial' retrieved from /home/airflow/.local/lib/python3.12/site-packages/airflow/example_dags/tutorial.py
[2025-01-16T18:00:06.978+0000] {logging_mixin.py:190} INFO - [2025-01-16T18:00:06.978+0000] {dag.py:3239} INFO - Sync 1 DAGs
[2025-01-16T18:00:07.005+0000] {logging_mixin.py:190} INFO - [2025-01-16T18:00:07.005+0000] {dag.py:4180} INFO - Setting next_dagrun for tutorial to 2025-01-15 00:00:00+00:00, run_after=2025-01-16 00:00:00+00:00
[2025-01-16T18:00:07.037+0000] {processor.py:208} INFO - Processing /home/airflow/.local/lib/python3.12/site-packages/airflow/example_dags/tutorial.py took 0.100 seconds
[2025-01-16T18:00:37.693+0000] {processor.py:186} INFO - Started process (PID=491) to work on /home/airflow/.local/lib/python3.12/site-packages/airflow/example_dags/tutorial.py
[2025-01-16T18:00:37.694+0000] {processor.py:914} INFO - Processing file /home/airflow/.local/lib/python3.12/site-packages/airflow/example_dags/tutorial.py for tasks to queue
[2025-01-16T18:00:37.697+0000] {logging_mixin.py:190} INFO - [2025-01-16T18:00:37.696+0000] {dagbag.py:588} INFO - Filling up the DagBag from /home/airflow/.local/lib/python3.12/site-packages/airflow/example_dags/tutorial.py
[2025-01-16T18:00:37.707+0000] {processor.py:925} INFO - DAG(s) 'tutorial' retrieved from /home/airflow/.local/lib/python3.12/site-packages/airflow/example_dags/tutorial.py
[2025-01-16T18:00:37.735+0000] {logging_mixin.py:190} INFO - [2025-01-16T18:00:37.735+0000] {dag.py:3239} INFO - Sync 1 DAGs
[2025-01-16T18:00:37.768+0000] {logging_mixin.py:190} INFO - [2025-01-16T18:00:37.768+0000] {dag.py:4180} INFO - Setting next_dagrun for tutorial to 2025-01-15 00:00:00+00:00, run_after=2025-01-16 00:00:00+00:00
[2025-01-16T18:00:37.794+0000] {processor.py:208} INFO - Processing /home/airflow/.local/lib/python3.12/site-packages/airflow/example_dags/tutorial.py took 0.109 seconds
[2025-01-16T18:01:08.255+0000] {processor.py:186} INFO - Started process (PID=555) to work on /home/airflow/.local/lib/python3.12/site-packages/airflow/example_dags/tutorial.py
[2025-01-16T18:01:08.257+0000] {processor.py:914} INFO - Processing file /home/airflow/.local/lib/python3.12/site-packages/airflow/example_dags/tutorial.py for tasks to queue
[2025-01-16T18:01:08.261+0000] {logging_mixin.py:190} INFO - [2025-01-16T18:01:08.260+0000] {dagbag.py:588} INFO - Filling up the DagBag from /home/airflow/.local/lib/python3.12/site-packages/airflow/example_dags/tutorial.py
[2025-01-16T18:01:08.277+0000] {processor.py:925} INFO - DAG(s) 'tutorial' retrieved from /home/airflow/.local/lib/python3.12/site-packages/airflow/example_dags/tutorial.py
[2025-01-16T18:01:08.310+0000] {logging_mixin.py:190} INFO - [2025-01-16T18:01:08.310+0000] {dag.py:3239} INFO - Sync 1 DAGs
[2025-01-16T18:01:08.350+0000] {logging_mixin.py:190} INFO - [2025-01-16T18:01:08.350+0000] {dag.py:4180} INFO - Setting next_dagrun for tutorial to 2025-01-15 00:00:00+00:00, run_after=2025-01-16 00:00:00+00:00
[2025-01-16T18:01:08.376+0000] {processor.py:208} INFO - Processing /home/airflow/.local/lib/python3.12/site-packages/airflow/example_dags/tutorial.py took 0.131 seconds
[2025-01-16T18:01:38.551+0000] {processor.py:186} INFO - Started process (PID=620) to work on /home/airflow/.local/lib/python3.12/site-packages/airflow/example_dags/tutorial.py
[2025-01-16T18:01:38.555+0000] {processor.py:914} INFO - Processing file /home/airflow/.local/lib/python3.12/site-packages/airflow/example_dags/tutorial.py for tasks to queue
[2025-01-16T18:01:38.559+0000] {logging_mixin.py:190} INFO - [2025-01-16T18:01:38.558+0000] {dagbag.py:588} INFO - Filling up the DagBag from /home/airflow/.local/lib/python3.12/site-packages/airflow/example_dags/tutorial.py
[2025-01-16T18:01:38.576+0000] {processor.py:925} INFO - DAG(s) 'tutorial' retrieved from /home/airflow/.local/lib/python3.12/site-packages/airflow/example_dags/tutorial.py
[2025-01-16T18:01:38.624+0000] {logging_mixin.py:190} INFO - [2025-01-16T18:01:38.623+0000] {dag.py:3239} INFO - Sync 1 DAGs
[2025-01-16T18:01:38.666+0000] {logging_mixin.py:190} INFO - [2025-01-16T18:01:38.666+0000] {dag.py:4180} INFO - Setting next_dagrun for tutorial to 2025-01-15 00:00:00+00:00, run_after=2025-01-16 00:00:00+00:00
[2025-01-16T18:01:38.707+0000] {processor.py:208} INFO - Processing /home/airflow/.local/lib/python3.12/site-packages/airflow/example_dags/tutorial.py took 0.166 seconds
[2025-01-16T18:02:08.998+0000] {processor.py:186} INFO - Started process (PID=692) to work on /home/airflow/.local/lib/python3.12/site-packages/airflow/example_dags/tutorial.py
[2025-01-16T18:02:08.999+0000] {processor.py:914} INFO - Processing file /home/airflow/.local/lib/python3.12/site-packages/airflow/example_dags/tutorial.py for tasks to queue
[2025-01-16T18:02:09.002+0000] {logging_mixin.py:190} INFO - [2025-01-16T18:02:09.001+0000] {dagbag.py:588} INFO - Filling up the DagBag from /home/airflow/.local/lib/python3.12/site-packages/airflow/example_dags/tutorial.py
[2025-01-16T18:02:09.013+0000] {processor.py:925} INFO - DAG(s) 'tutorial' retrieved from /home/airflow/.local/lib/python3.12/site-packages/airflow/example_dags/tutorial.py
[2025-01-16T18:02:09.034+0000] {logging_mixin.py:190} INFO - [2025-01-16T18:02:09.034+0000] {dag.py:3239} INFO - Sync 1 DAGs
[2025-01-16T18:02:09.060+0000] {logging_mixin.py:190} INFO - [2025-01-16T18:02:09.060+0000] {dag.py:4180} INFO - Setting next_dagrun for tutorial to 2025-01-15 00:00:00+00:00, run_after=2025-01-16 00:00:00+00:00
[2025-01-16T18:02:09.091+0000] {processor.py:208} INFO - Processing /home/airflow/.local/lib/python3.12/site-packages/airflow/example_dags/tutorial.py took 0.100 seconds
[2025-01-16T18:02:39.611+0000] {processor.py:186} INFO - Started process (PID=757) to work on /home/airflow/.local/lib/python3.12/site-packages/airflow/example_dags/tutorial.py
[2025-01-16T18:02:39.613+0000] {processor.py:914} INFO - Processing file /home/airflow/.local/lib/python3.12/site-packages/airflow/example_dags/tutorial.py for tasks to queue
[2025-01-16T18:02:39.617+0000] {logging_mixin.py:190} INFO - [2025-01-16T18:02:39.617+0000] {dagbag.py:588} INFO - Filling up the DagBag from /home/airflow/.local/lib/python3.12/site-packages/airflow/example_dags/tutorial.py
[2025-01-16T18:02:39.625+0000] {processor.py:925} INFO - DAG(s) 'tutorial' retrieved from /home/airflow/.local/lib/python3.12/site-packages/airflow/example_dags/tutorial.py
[2025-01-16T18:02:39.648+0000] {logging_mixin.py:190} INFO - [2025-01-16T18:02:39.648+0000] {dag.py:3239} INFO - Sync 1 DAGs
[2025-01-16T18:02:39.673+0000] {logging_mixin.py:190} INFO - [2025-01-16T18:02:39.673+0000] {dag.py:4180} INFO - Setting next_dagrun for tutorial to 2025-01-15 00:00:00+00:00, run_after=2025-01-16 00:00:00+00:00
[2025-01-16T18:02:39.697+0000] {processor.py:208} INFO - Processing /home/airflow/.local/lib/python3.12/site-packages/airflow/example_dags/tutorial.py took 0.092 seconds
[2025-01-16T18:03:09.823+0000] {processor.py:186} INFO - Started process (PID=822) to work on /home/airflow/.local/lib/python3.12/site-packages/airflow/example_dags/tutorial.py
[2025-01-16T18:03:09.824+0000] {processor.py:914} INFO - Processing file /home/airflow/.local/lib/python3.12/site-packages/airflow/example_dags/tutorial.py for tasks to queue
[2025-01-16T18:03:09.826+0000] {logging_mixin.py:190} INFO - [2025-01-16T18:03:09.826+0000] {dagbag.py:588} INFO - Filling up the DagBag from /home/airflow/.local/lib/python3.12/site-packages/airflow/example_dags/tutorial.py
[2025-01-16T18:03:09.835+0000] {processor.py:925} INFO - DAG(s) 'tutorial' retrieved from /home/airflow/.local/lib/python3.12/site-packages/airflow/example_dags/tutorial.py
[2025-01-16T18:03:09.853+0000] {logging_mixin.py:190} INFO - [2025-01-16T18:03:09.852+0000] {dag.py:3239} INFO - Sync 1 DAGs
[2025-01-16T18:03:09.874+0000] {logging_mixin.py:190} INFO - [2025-01-16T18:03:09.874+0000] {dag.py:4180} INFO - Setting next_dagrun for tutorial to 2025-01-15 00:00:00+00:00, run_after=2025-01-16 00:00:00+00:00
[2025-01-16T18:03:09.907+0000] {processor.py:208} INFO - Processing /home/airflow/.local/lib/python3.12/site-packages/airflow/example_dags/tutorial.py took 0.089 seconds
[2025-01-16T18:03:40.386+0000] {processor.py:186} INFO - Started process (PID=887) to work on /home/airflow/.local/lib/python3.12/site-packages/airflow/example_dags/tutorial.py
[2025-01-16T18:03:40.388+0000] {processor.py:914} INFO - Processing file /home/airflow/.local/lib/python3.12/site-packages/airflow/example_dags/tutorial.py for tasks to queue
[2025-01-16T18:03:40.390+0000] {logging_mixin.py:190} INFO - [2025-01-16T18:03:40.390+0000] {dagbag.py:588} INFO - Filling up the DagBag from /home/airflow/.local/lib/python3.12/site-packages/airflow/example_dags/tutorial.py
[2025-01-16T18:03:40.398+0000] {processor.py:925} INFO - DAG(s) 'tutorial' retrieved from /home/airflow/.local/lib/python3.12/site-packages/airflow/example_dags/tutorial.py
[2025-01-16T18:03:40.418+0000] {logging_mixin.py:190} INFO - [2025-01-16T18:03:40.418+0000] {dag.py:3239} INFO - Sync 1 DAGs
[2025-01-16T18:03:40.443+0000] {logging_mixin.py:190} INFO - [2025-01-16T18:03:40.442+0000] {dag.py:4180} INFO - Setting next_dagrun for tutorial to 2025-01-15 00:00:00+00:00, run_after=2025-01-16 00:00:00+00:00
[2025-01-16T18:03:40.472+0000] {processor.py:208} INFO - Processing /home/airflow/.local/lib/python3.12/site-packages/airflow/example_dags/tutorial.py took 0.090 seconds
[2025-01-16T18:04:11.088+0000] {processor.py:186} INFO - Started process (PID=952) to work on /home/airflow/.local/lib/python3.12/site-packages/airflow/example_dags/tutorial.py
[2025-01-16T18:04:11.089+0000] {processor.py:914} INFO - Processing file /home/airflow/.local/lib/python3.12/site-packages/airflow/example_dags/tutorial.py for tasks to queue
[2025-01-16T18:04:11.092+0000] {logging_mixin.py:190} INFO - [2025-01-16T18:04:11.091+0000] {dagbag.py:588} INFO - Filling up the DagBag from /home/airflow/.local/lib/python3.12/site-packages/airflow/example_dags/tutorial.py
[2025-01-16T18:04:11.100+0000] {processor.py:925} INFO - DAG(s) 'tutorial' retrieved from /home/airflow/.local/lib/python3.12/site-packages/airflow/example_dags/tutorial.py
[2025-01-16T18:04:11.123+0000] {logging_mixin.py:190} INFO - [2025-01-16T18:04:11.122+0000] {dag.py:3239} INFO - Sync 1 DAGs
[2025-01-16T18:04:11.149+0000] {logging_mixin.py:190} INFO - [2025-01-16T18:04:11.149+0000] {dag.py:4180} INFO - Setting next_dagrun for tutorial to 2025-01-15 00:00:00+00:00, run_after=2025-01-16 00:00:00+00:00
[2025-01-16T18:04:11.172+0000] {processor.py:208} INFO - Processing /home/airflow/.local/lib/python3.12/site-packages/airflow/example_dags/tutorial.py took 0.090 seconds
[2025-01-16T18:04:41.272+0000] {processor.py:186} INFO - Started process (PID=1017) to work on /home/airflow/.local/lib/python3.12/site-packages/airflow/example_dags/tutorial.py
[2025-01-16T18:04:41.273+0000] {processor.py:914} INFO - Processing file /home/airflow/.local/lib/python3.12/site-packages/airflow/example_dags/tutorial.py for tasks to queue
[2025-01-16T18:04:41.274+0000] {logging_mixin.py:190} INFO - [2025-01-16T18:04:41.274+0000] {dagbag.py:588} INFO - Filling up the DagBag from /home/airflow/.local/lib/python3.12/site-packages/airflow/example_dags/tutorial.py
[2025-01-16T18:04:41.281+0000] {processor.py:925} INFO - DAG(s) 'tutorial' retrieved from /home/airflow/.local/lib/python3.12/site-packages/airflow/example_dags/tutorial.py
[2025-01-16T18:04:41.299+0000] {logging_mixin.py:190} INFO - [2025-01-16T18:04:41.299+0000] {dag.py:3239} INFO - Sync 1 DAGs
[2025-01-16T18:04:41.318+0000] {logging_mixin.py:190} INFO - [2025-01-16T18:04:41.318+0000] {dag.py:4180} INFO - Setting next_dagrun for tutorial to 2025-01-15 00:00:00+00:00, run_after=2025-01-16 00:00:00+00:00
[2025-01-16T18:04:41.345+0000] {processor.py:208} INFO - Processing /home/airflow/.local/lib/python3.12/site-packages/airflow/example_dags/tutorial.py took 0.077 seconds
[2025-01-16T18:05:12.074+0000] {processor.py:186} INFO - Started process (PID=1082) to work on /home/airflow/.local/lib/python3.12/site-packages/airflow/example_dags/tutorial.py
[2025-01-16T18:05:12.075+0000] {processor.py:914} INFO - Processing file /home/airflow/.local/lib/python3.12/site-packages/airflow/example_dags/tutorial.py for tasks to queue
[2025-01-16T18:05:12.078+0000] {logging_mixin.py:190} INFO - [2025-01-16T18:05:12.078+0000] {dagbag.py:588} INFO - Filling up the DagBag from /home/airflow/.local/lib/python3.12/site-packages/airflow/example_dags/tutorial.py
[2025-01-16T18:05:12.084+0000] {processor.py:925} INFO - DAG(s) 'tutorial' retrieved from /home/airflow/.local/lib/python3.12/site-packages/airflow/example_dags/tutorial.py
[2025-01-16T18:05:12.109+0000] {logging_mixin.py:190} INFO - [2025-01-16T18:05:12.109+0000] {dag.py:3239} INFO - Sync 1 DAGs
[2025-01-16T18:05:12.132+0000] {logging_mixin.py:190} INFO - [2025-01-16T18:05:12.132+0000] {dag.py:4180} INFO - Setting next_dagrun for tutorial to 2025-01-15 00:00:00+00:00, run_after=2025-01-16 00:00:00+00:00
[2025-01-16T18:05:12.164+0000] {processor.py:208} INFO - Processing /home/airflow/.local/lib/python3.12/site-packages/airflow/example_dags/tutorial.py took 0.098 seconds
[2025-01-16T18:05:42.544+0000] {processor.py:186} INFO - Started process (PID=1147) to work on /home/airflow/.local/lib/python3.12/site-packages/airflow/example_dags/tutorial.py
[2025-01-16T18:05:42.546+0000] {processor.py:914} INFO - Processing file /home/airflow/.local/lib/python3.12/site-packages/airflow/example_dags/tutorial.py for tasks to queue
[2025-01-16T18:05:42.548+0000] {logging_mixin.py:190} INFO - [2025-01-16T18:05:42.548+0000] {dagbag.py:588} INFO - Filling up the DagBag from /home/airflow/.local/lib/python3.12/site-packages/airflow/example_dags/tutorial.py
[2025-01-16T18:05:42.558+0000] {processor.py:925} INFO - DAG(s) 'tutorial' retrieved from /home/airflow/.local/lib/python3.12/site-packages/airflow/example_dags/tutorial.py
[2025-01-16T18:05:42.579+0000] {logging_mixin.py:190} INFO - [2025-01-16T18:05:42.579+0000] {dag.py:3239} INFO - Sync 1 DAGs
[2025-01-16T18:05:42.605+0000] {logging_mixin.py:190} INFO - [2025-01-16T18:05:42.605+0000] {dag.py:4180} INFO - Setting next_dagrun for tutorial to 2025-01-15 00:00:00+00:00, run_after=2025-01-16 00:00:00+00:00
[2025-01-16T18:05:42.625+0000] {processor.py:208} INFO - Processing /home/airflow/.local/lib/python3.12/site-packages/airflow/example_dags/tutorial.py took 0.087 seconds
[2025-01-16T18:06:13.194+0000] {processor.py:186} INFO - Started process (PID=1212) to work on /home/airflow/.local/lib/python3.12/site-packages/airflow/example_dags/tutorial.py
[2025-01-16T18:06:13.198+0000] {processor.py:914} INFO - Processing file /home/airflow/.local/lib/python3.12/site-packages/airflow/example_dags/tutorial.py for tasks to queue
[2025-01-16T18:06:13.202+0000] {logging_mixin.py:190} INFO - [2025-01-16T18:06:13.201+0000] {dagbag.py:588} INFO - Filling up the DagBag from /home/airflow/.local/lib/python3.12/site-packages/airflow/example_dags/tutorial.py
[2025-01-16T18:06:13.217+0000] {processor.py:925} INFO - DAG(s) 'tutorial' retrieved from /home/airflow/.local/lib/python3.12/site-packages/airflow/example_dags/tutorial.py
[2025-01-16T18:06:13.276+0000] {logging_mixin.py:190} INFO - [2025-01-16T18:06:13.276+0000] {dag.py:3239} INFO - Sync 1 DAGs
[2025-01-16T18:06:13.340+0000] {logging_mixin.py:190} INFO - [2025-01-16T18:06:13.340+0000] {dag.py:4180} INFO - Setting next_dagrun for tutorial to 2025-01-15 00:00:00+00:00, run_after=2025-01-16 00:00:00+00:00
[2025-01-16T18:06:13.384+0000] {processor.py:208} INFO - Processing /home/airflow/.local/lib/python3.12/site-packages/airflow/example_dags/tutorial.py took 0.208 seconds
[2025-01-16T18:06:44.193+0000] {processor.py:186} INFO - Started process (PID=1277) to work on /home/airflow/.local/lib/python3.12/site-packages/airflow/example_dags/tutorial.py
[2025-01-16T18:06:44.194+0000] {processor.py:914} INFO - Processing file /home/airflow/.local/lib/python3.12/site-packages/airflow/example_dags/tutorial.py for tasks to queue
[2025-01-16T18:06:44.196+0000] {logging_mixin.py:190} INFO - [2025-01-16T18:06:44.195+0000] {dagbag.py:588} INFO - Filling up the DagBag from /home/airflow/.local/lib/python3.12/site-packages/airflow/example_dags/tutorial.py
[2025-01-16T18:06:44.205+0000] {processor.py:925} INFO - DAG(s) 'tutorial' retrieved from /home/airflow/.local/lib/python3.12/site-packages/airflow/example_dags/tutorial.py
[2025-01-16T18:06:44.225+0000] {logging_mixin.py:190} INFO - [2025-01-16T18:06:44.224+0000] {dag.py:3239} INFO - Sync 1 DAGs
[2025-01-16T18:06:44.246+0000] {logging_mixin.py:190} INFO - [2025-01-16T18:06:44.246+0000] {dag.py:4180} INFO - Setting next_dagrun for tutorial to 2025-01-15 00:00:00+00:00, run_after=2025-01-16 00:00:00+00:00
[2025-01-16T18:06:44.277+0000] {processor.py:208} INFO - Processing /home/airflow/.local/lib/python3.12/site-packages/airflow/example_dags/tutorial.py took 0.091 seconds
