[2025-01-17T14:15:44.868+0000] {processor.py:186} INFO - Started process (PID=68) to work on /opt/airflow/dags/my_first_dag.py
[2025-01-17T14:15:44.870+0000] {processor.py:914} INFO - Processing file /opt/airflow/dags/my_first_dag.py for tasks to queue
[2025-01-17T14:15:44.874+0000] {logging_mixin.py:190} INFO - [2025-01-17T14:15:44.873+0000] {dagbag.py:588} INFO - Filling up the DagBag from /opt/airflow/dags/my_first_dag.py
[2025-01-17T14:15:44.950+0000] {logging_mixin.py:190} INFO - [2025-01-17T14:15:44.940+0000] {dagbag.py:387} ERROR - Failed to import: /opt/airflow/dags/my_first_dag.py
Traceback (most recent call last):
  File "/home/airflow/.local/lib/python3.12/site-packages/airflow/models/dagbag.py", line 383, in parse
    loader.exec_module(new_module)
  File "<frozen importlib._bootstrap_external>", line 999, in exec_module
  File "<frozen importlib._bootstrap>", line 488, in _call_with_frames_removed
  File "/opt/airflow/dags/my_first_dag.py", line 19, in <module>
    with DAG(
         ^^^^
  File "/home/airflow/.local/lib/python3.12/site-packages/airflow/models/dag.py", line 593, in __init__
    validate_key(dag_id)
  File "/home/airflow/.local/lib/python3.12/site-packages/airflow/utils/helpers.py", line 57, in validate_key
    raise AirflowException(
airflow.exceptions.AirflowException: The key 'test project' has to be made of alphanumeric characters, dashes, dots and underscores exclusively
[2025-01-17T14:15:44.952+0000] {processor.py:927} WARNING - No viable dags retrieved from /opt/airflow/dags/my_first_dag.py
[2025-01-17T14:15:44.978+0000] {processor.py:208} INFO - Processing /opt/airflow/dags/my_first_dag.py took 0.125 seconds
[2025-01-17T14:16:15.222+0000] {processor.py:186} INFO - Started process (PID=75) to work on /opt/airflow/dags/my_first_dag.py
[2025-01-17T14:16:15.223+0000] {processor.py:914} INFO - Processing file /opt/airflow/dags/my_first_dag.py for tasks to queue
[2025-01-17T14:16:15.225+0000] {logging_mixin.py:190} INFO - [2025-01-17T14:16:15.224+0000] {dagbag.py:588} INFO - Filling up the DagBag from /opt/airflow/dags/my_first_dag.py
[2025-01-17T14:16:15.248+0000] {logging_mixin.py:190} INFO - [2025-01-17T14:16:15.243+0000] {dagbag.py:387} ERROR - Failed to import: /opt/airflow/dags/my_first_dag.py
Traceback (most recent call last):
  File "/home/airflow/.local/lib/python3.12/site-packages/airflow/models/dagbag.py", line 383, in parse
    loader.exec_module(new_module)
  File "<frozen importlib._bootstrap_external>", line 999, in exec_module
  File "<frozen importlib._bootstrap>", line 488, in _call_with_frames_removed
  File "/opt/airflow/dags/my_first_dag.py", line 19, in <module>
    with DAG(
         ^^^^
  File "/home/airflow/.local/lib/python3.12/site-packages/airflow/models/dag.py", line 593, in __init__
    validate_key(dag_id)
  File "/home/airflow/.local/lib/python3.12/site-packages/airflow/utils/helpers.py", line 57, in validate_key
    raise AirflowException(
airflow.exceptions.AirflowException: The key 'test project' has to be made of alphanumeric characters, dashes, dots and underscores exclusively
[2025-01-17T14:16:15.249+0000] {processor.py:927} WARNING - No viable dags retrieved from /opt/airflow/dags/my_first_dag.py
[2025-01-17T14:16:15.275+0000] {processor.py:208} INFO - Processing /opt/airflow/dags/my_first_dag.py took 0.058 seconds
[2025-01-17T14:16:45.549+0000] {processor.py:186} INFO - Started process (PID=82) to work on /opt/airflow/dags/my_first_dag.py
[2025-01-17T14:16:45.549+0000] {processor.py:914} INFO - Processing file /opt/airflow/dags/my_first_dag.py for tasks to queue
[2025-01-17T14:16:45.551+0000] {logging_mixin.py:190} INFO - [2025-01-17T14:16:45.551+0000] {dagbag.py:588} INFO - Filling up the DagBag from /opt/airflow/dags/my_first_dag.py
[2025-01-17T14:16:45.572+0000] {logging_mixin.py:190} INFO - [2025-01-17T14:16:45.567+0000] {dagbag.py:387} ERROR - Failed to import: /opt/airflow/dags/my_first_dag.py
Traceback (most recent call last):
  File "/home/airflow/.local/lib/python3.12/site-packages/airflow/models/dagbag.py", line 383, in parse
    loader.exec_module(new_module)
  File "<frozen importlib._bootstrap_external>", line 999, in exec_module
  File "<frozen importlib._bootstrap>", line 488, in _call_with_frames_removed
  File "/opt/airflow/dags/my_first_dag.py", line 19, in <module>
    with DAG(
         ^^^^
  File "/home/airflow/.local/lib/python3.12/site-packages/airflow/models/dag.py", line 593, in __init__
    validate_key(dag_id)
  File "/home/airflow/.local/lib/python3.12/site-packages/airflow/utils/helpers.py", line 57, in validate_key
    raise AirflowException(
airflow.exceptions.AirflowException: The key 'test project' has to be made of alphanumeric characters, dashes, dots and underscores exclusively
[2025-01-17T14:16:45.573+0000] {processor.py:927} WARNING - No viable dags retrieved from /opt/airflow/dags/my_first_dag.py
[2025-01-17T14:16:45.600+0000] {processor.py:208} INFO - Processing /opt/airflow/dags/my_first_dag.py took 0.056 seconds
[2025-01-17T14:17:15.794+0000] {processor.py:186} INFO - Started process (PID=89) to work on /opt/airflow/dags/my_first_dag.py
[2025-01-17T14:17:15.795+0000] {processor.py:914} INFO - Processing file /opt/airflow/dags/my_first_dag.py for tasks to queue
[2025-01-17T14:17:15.797+0000] {logging_mixin.py:190} INFO - [2025-01-17T14:17:15.797+0000] {dagbag.py:588} INFO - Filling up the DagBag from /opt/airflow/dags/my_first_dag.py
[2025-01-17T14:17:15.815+0000] {logging_mixin.py:190} INFO - [2025-01-17T14:17:15.811+0000] {dagbag.py:387} ERROR - Failed to import: /opt/airflow/dags/my_first_dag.py
Traceback (most recent call last):
  File "/home/airflow/.local/lib/python3.12/site-packages/airflow/models/dagbag.py", line 383, in parse
    loader.exec_module(new_module)
  File "<frozen importlib._bootstrap_external>", line 999, in exec_module
  File "<frozen importlib._bootstrap>", line 488, in _call_with_frames_removed
  File "/opt/airflow/dags/my_first_dag.py", line 19, in <module>
    with DAG(
         ^^^^
  File "/home/airflow/.local/lib/python3.12/site-packages/airflow/models/dag.py", line 593, in __init__
    validate_key(dag_id)
  File "/home/airflow/.local/lib/python3.12/site-packages/airflow/utils/helpers.py", line 57, in validate_key
    raise AirflowException(
airflow.exceptions.AirflowException: The key 'test project' has to be made of alphanumeric characters, dashes, dots and underscores exclusively
[2025-01-17T14:17:15.816+0000] {processor.py:927} WARNING - No viable dags retrieved from /opt/airflow/dags/my_first_dag.py
[2025-01-17T14:17:15.843+0000] {processor.py:208} INFO - Processing /opt/airflow/dags/my_first_dag.py took 0.055 seconds
[2025-01-17T14:17:46.102+0000] {processor.py:186} INFO - Started process (PID=96) to work on /opt/airflow/dags/my_first_dag.py
[2025-01-17T14:17:46.103+0000] {processor.py:914} INFO - Processing file /opt/airflow/dags/my_first_dag.py for tasks to queue
[2025-01-17T14:17:46.107+0000] {logging_mixin.py:190} INFO - [2025-01-17T14:17:46.106+0000] {dagbag.py:588} INFO - Filling up the DagBag from /opt/airflow/dags/my_first_dag.py
[2025-01-17T14:17:46.135+0000] {logging_mixin.py:190} INFO - [2025-01-17T14:17:46.127+0000] {dagbag.py:387} ERROR - Failed to import: /opt/airflow/dags/my_first_dag.py
Traceback (most recent call last):
  File "/home/airflow/.local/lib/python3.12/site-packages/airflow/models/dagbag.py", line 383, in parse
    loader.exec_module(new_module)
  File "<frozen importlib._bootstrap_external>", line 999, in exec_module
  File "<frozen importlib._bootstrap>", line 488, in _call_with_frames_removed
  File "/opt/airflow/dags/my_first_dag.py", line 19, in <module>
    with DAG(
         ^^^^
  File "/home/airflow/.local/lib/python3.12/site-packages/airflow/models/dag.py", line 593, in __init__
    validate_key(dag_id)
  File "/home/airflow/.local/lib/python3.12/site-packages/airflow/utils/helpers.py", line 57, in validate_key
    raise AirflowException(
airflow.exceptions.AirflowException: The key 'test project' has to be made of alphanumeric characters, dashes, dots and underscores exclusively
[2025-01-17T14:17:46.136+0000] {processor.py:927} WARNING - No viable dags retrieved from /opt/airflow/dags/my_first_dag.py
[2025-01-17T14:17:46.168+0000] {processor.py:208} INFO - Processing /opt/airflow/dags/my_first_dag.py took 0.074 seconds
[2025-01-17T14:18:16.376+0000] {processor.py:186} INFO - Started process (PID=104) to work on /opt/airflow/dags/my_first_dag.py
[2025-01-17T14:18:16.378+0000] {processor.py:914} INFO - Processing file /opt/airflow/dags/my_first_dag.py for tasks to queue
[2025-01-17T14:18:16.389+0000] {logging_mixin.py:190} INFO - [2025-01-17T14:18:16.388+0000] {dagbag.py:588} INFO - Filling up the DagBag from /opt/airflow/dags/my_first_dag.py
[2025-01-17T14:18:16.414+0000] {logging_mixin.py:190} INFO - [2025-01-17T14:18:16.410+0000] {dagbag.py:387} ERROR - Failed to import: /opt/airflow/dags/my_first_dag.py
Traceback (most recent call last):
  File "/home/airflow/.local/lib/python3.12/site-packages/airflow/models/dagbag.py", line 383, in parse
    loader.exec_module(new_module)
  File "<frozen importlib._bootstrap_external>", line 999, in exec_module
  File "<frozen importlib._bootstrap>", line 488, in _call_with_frames_removed
  File "/opt/airflow/dags/my_first_dag.py", line 19, in <module>
    with DAG(
         ^^^^
  File "/home/airflow/.local/lib/python3.12/site-packages/airflow/models/dag.py", line 593, in __init__
    validate_key(dag_id)
  File "/home/airflow/.local/lib/python3.12/site-packages/airflow/utils/helpers.py", line 57, in validate_key
    raise AirflowException(
airflow.exceptions.AirflowException: The key 'test project' has to be made of alphanumeric characters, dashes, dots and underscores exclusively
[2025-01-17T14:18:16.415+0000] {processor.py:927} WARNING - No viable dags retrieved from /opt/airflow/dags/my_first_dag.py
[2025-01-17T14:18:16.443+0000] {processor.py:208} INFO - Processing /opt/airflow/dags/my_first_dag.py took 0.072 seconds
[2025-01-17T14:18:46.697+0000] {processor.py:186} INFO - Started process (PID=111) to work on /opt/airflow/dags/my_first_dag.py
[2025-01-17T14:18:46.698+0000] {processor.py:914} INFO - Processing file /opt/airflow/dags/my_first_dag.py for tasks to queue
[2025-01-17T14:18:46.702+0000] {logging_mixin.py:190} INFO - [2025-01-17T14:18:46.701+0000] {dagbag.py:588} INFO - Filling up the DagBag from /opt/airflow/dags/my_first_dag.py
[2025-01-17T14:18:46.736+0000] {logging_mixin.py:190} INFO - [2025-01-17T14:18:46.731+0000] {dagbag.py:387} ERROR - Failed to import: /opt/airflow/dags/my_first_dag.py
Traceback (most recent call last):
  File "/home/airflow/.local/lib/python3.12/site-packages/airflow/models/dagbag.py", line 383, in parse
    loader.exec_module(new_module)
  File "<frozen importlib._bootstrap_external>", line 999, in exec_module
  File "<frozen importlib._bootstrap>", line 488, in _call_with_frames_removed
  File "/opt/airflow/dags/my_first_dag.py", line 19, in <module>
    with DAG(
         ^^^^
  File "/home/airflow/.local/lib/python3.12/site-packages/airflow/models/dag.py", line 593, in __init__
    validate_key(dag_id)
  File "/home/airflow/.local/lib/python3.12/site-packages/airflow/utils/helpers.py", line 57, in validate_key
    raise AirflowException(
airflow.exceptions.AirflowException: The key 'test project' has to be made of alphanumeric characters, dashes, dots and underscores exclusively
[2025-01-17T14:18:46.737+0000] {processor.py:927} WARNING - No viable dags retrieved from /opt/airflow/dags/my_first_dag.py
[2025-01-17T14:18:46.768+0000] {processor.py:208} INFO - Processing /opt/airflow/dags/my_first_dag.py took 0.077 seconds
[2025-01-17T14:19:17.098+0000] {processor.py:186} INFO - Started process (PID=118) to work on /opt/airflow/dags/my_first_dag.py
[2025-01-17T14:19:17.099+0000] {processor.py:914} INFO - Processing file /opt/airflow/dags/my_first_dag.py for tasks to queue
[2025-01-17T14:19:17.101+0000] {logging_mixin.py:190} INFO - [2025-01-17T14:19:17.101+0000] {dagbag.py:588} INFO - Filling up the DagBag from /opt/airflow/dags/my_first_dag.py
[2025-01-17T14:19:17.119+0000] {logging_mixin.py:190} INFO - [2025-01-17T14:19:17.115+0000] {dagbag.py:387} ERROR - Failed to import: /opt/airflow/dags/my_first_dag.py
Traceback (most recent call last):
  File "/home/airflow/.local/lib/python3.12/site-packages/airflow/models/dagbag.py", line 383, in parse
    loader.exec_module(new_module)
  File "<frozen importlib._bootstrap_external>", line 999, in exec_module
  File "<frozen importlib._bootstrap>", line 488, in _call_with_frames_removed
  File "/opt/airflow/dags/my_first_dag.py", line 19, in <module>
    with DAG(
         ^^^^
  File "/home/airflow/.local/lib/python3.12/site-packages/airflow/models/dag.py", line 593, in __init__
    validate_key(dag_id)
  File "/home/airflow/.local/lib/python3.12/site-packages/airflow/utils/helpers.py", line 57, in validate_key
    raise AirflowException(
airflow.exceptions.AirflowException: The key 'test project' has to be made of alphanumeric characters, dashes, dots and underscores exclusively
[2025-01-17T14:19:17.120+0000] {processor.py:927} WARNING - No viable dags retrieved from /opt/airflow/dags/my_first_dag.py
[2025-01-17T14:19:17.147+0000] {processor.py:208} INFO - Processing /opt/airflow/dags/my_first_dag.py took 0.054 seconds
[2025-01-17T14:19:47.418+0000] {processor.py:186} INFO - Started process (PID=126) to work on /opt/airflow/dags/my_first_dag.py
[2025-01-17T14:19:47.419+0000] {processor.py:914} INFO - Processing file /opt/airflow/dags/my_first_dag.py for tasks to queue
[2025-01-17T14:19:47.423+0000] {logging_mixin.py:190} INFO - [2025-01-17T14:19:47.422+0000] {dagbag.py:588} INFO - Filling up the DagBag from /opt/airflow/dags/my_first_dag.py
[2025-01-17T14:19:47.442+0000] {logging_mixin.py:190} INFO - [2025-01-17T14:19:47.438+0000] {dagbag.py:387} ERROR - Failed to import: /opt/airflow/dags/my_first_dag.py
Traceback (most recent call last):
  File "/home/airflow/.local/lib/python3.12/site-packages/airflow/models/dagbag.py", line 383, in parse
    loader.exec_module(new_module)
  File "<frozen importlib._bootstrap_external>", line 999, in exec_module
  File "<frozen importlib._bootstrap>", line 488, in _call_with_frames_removed
  File "/opt/airflow/dags/my_first_dag.py", line 19, in <module>
    with DAG(
         ^^^^
  File "/home/airflow/.local/lib/python3.12/site-packages/airflow/models/dag.py", line 593, in __init__
    validate_key(dag_id)
  File "/home/airflow/.local/lib/python3.12/site-packages/airflow/utils/helpers.py", line 57, in validate_key
    raise AirflowException(
airflow.exceptions.AirflowException: The key 'test project' has to be made of alphanumeric characters, dashes, dots and underscores exclusively
[2025-01-17T14:19:47.443+0000] {processor.py:927} WARNING - No viable dags retrieved from /opt/airflow/dags/my_first_dag.py
[2025-01-17T14:19:47.463+0000] {processor.py:208} INFO - Processing /opt/airflow/dags/my_first_dag.py took 0.051 seconds
[2025-01-17T14:20:17.737+0000] {processor.py:186} INFO - Started process (PID=134) to work on /opt/airflow/dags/my_first_dag.py
[2025-01-17T14:20:17.738+0000] {processor.py:914} INFO - Processing file /opt/airflow/dags/my_first_dag.py for tasks to queue
[2025-01-17T14:20:17.741+0000] {logging_mixin.py:190} INFO - [2025-01-17T14:20:17.741+0000] {dagbag.py:588} INFO - Filling up the DagBag from /opt/airflow/dags/my_first_dag.py
[2025-01-17T14:20:17.760+0000] {logging_mixin.py:190} INFO - [2025-01-17T14:20:17.755+0000] {dagbag.py:387} ERROR - Failed to import: /opt/airflow/dags/my_first_dag.py
Traceback (most recent call last):
  File "/home/airflow/.local/lib/python3.12/site-packages/airflow/models/dagbag.py", line 383, in parse
    loader.exec_module(new_module)
  File "<frozen importlib._bootstrap_external>", line 999, in exec_module
  File "<frozen importlib._bootstrap>", line 488, in _call_with_frames_removed
  File "/opt/airflow/dags/my_first_dag.py", line 19, in <module>
    with DAG(
         ^^^^
  File "/home/airflow/.local/lib/python3.12/site-packages/airflow/models/dag.py", line 593, in __init__
    validate_key(dag_id)
  File "/home/airflow/.local/lib/python3.12/site-packages/airflow/utils/helpers.py", line 57, in validate_key
    raise AirflowException(
airflow.exceptions.AirflowException: The key 'test project' has to be made of alphanumeric characters, dashes, dots and underscores exclusively
[2025-01-17T14:20:17.760+0000] {processor.py:927} WARNING - No viable dags retrieved from /opt/airflow/dags/my_first_dag.py
[2025-01-17T14:20:17.788+0000] {processor.py:208} INFO - Processing /opt/airflow/dags/my_first_dag.py took 0.056 seconds
[2025-01-17T14:20:48.180+0000] {processor.py:186} INFO - Started process (PID=143) to work on /opt/airflow/dags/my_first_dag.py
[2025-01-17T14:20:48.181+0000] {processor.py:914} INFO - Processing file /opt/airflow/dags/my_first_dag.py for tasks to queue
[2025-01-17T14:20:48.183+0000] {logging_mixin.py:190} INFO - [2025-01-17T14:20:48.183+0000] {dagbag.py:588} INFO - Filling up the DagBag from /opt/airflow/dags/my_first_dag.py
[2025-01-17T14:20:48.202+0000] {logging_mixin.py:190} INFO - [2025-01-17T14:20:48.198+0000] {dagbag.py:387} ERROR - Failed to import: /opt/airflow/dags/my_first_dag.py
Traceback (most recent call last):
  File "/home/airflow/.local/lib/python3.12/site-packages/airflow/models/dagbag.py", line 383, in parse
    loader.exec_module(new_module)
  File "<frozen importlib._bootstrap_external>", line 999, in exec_module
  File "<frozen importlib._bootstrap>", line 488, in _call_with_frames_removed
  File "/opt/airflow/dags/my_first_dag.py", line 19, in <module>
    with DAG(
         ^^^^
  File "/home/airflow/.local/lib/python3.12/site-packages/airflow/models/dag.py", line 593, in __init__
    validate_key(dag_id)
  File "/home/airflow/.local/lib/python3.12/site-packages/airflow/utils/helpers.py", line 57, in validate_key
    raise AirflowException(
airflow.exceptions.AirflowException: The key 'test project' has to be made of alphanumeric characters, dashes, dots and underscores exclusively
[2025-01-17T14:20:48.203+0000] {processor.py:927} WARNING - No viable dags retrieved from /opt/airflow/dags/my_first_dag.py
[2025-01-17T14:20:48.230+0000] {processor.py:208} INFO - Processing /opt/airflow/dags/my_first_dag.py took 0.057 seconds
[2025-01-17T14:21:18.612+0000] {processor.py:186} INFO - Started process (PID=152) to work on /opt/airflow/dags/my_first_dag.py
[2025-01-17T14:21:18.612+0000] {processor.py:914} INFO - Processing file /opt/airflow/dags/my_first_dag.py for tasks to queue
[2025-01-17T14:21:18.615+0000] {logging_mixin.py:190} INFO - [2025-01-17T14:21:18.615+0000] {dagbag.py:588} INFO - Filling up the DagBag from /opt/airflow/dags/my_first_dag.py
[2025-01-17T14:21:18.639+0000] {logging_mixin.py:190} INFO - [2025-01-17T14:21:18.633+0000] {dagbag.py:387} ERROR - Failed to import: /opt/airflow/dags/my_first_dag.py
Traceback (most recent call last):
  File "/home/airflow/.local/lib/python3.12/site-packages/airflow/models/dagbag.py", line 383, in parse
    loader.exec_module(new_module)
  File "<frozen importlib._bootstrap_external>", line 999, in exec_module
  File "<frozen importlib._bootstrap>", line 488, in _call_with_frames_removed
  File "/opt/airflow/dags/my_first_dag.py", line 19, in <module>
    with DAG(
         ^^^^
  File "/home/airflow/.local/lib/python3.12/site-packages/airflow/models/dag.py", line 593, in __init__
    validate_key(dag_id)
  File "/home/airflow/.local/lib/python3.12/site-packages/airflow/utils/helpers.py", line 57, in validate_key
    raise AirflowException(
airflow.exceptions.AirflowException: The key 'test project' has to be made of alphanumeric characters, dashes, dots and underscores exclusively
[2025-01-17T14:21:18.639+0000] {processor.py:927} WARNING - No viable dags retrieved from /opt/airflow/dags/my_first_dag.py
[2025-01-17T14:21:18.660+0000] {processor.py:208} INFO - Processing /opt/airflow/dags/my_first_dag.py took 0.053 seconds
[2025-01-17T14:21:49.167+0000] {processor.py:186} INFO - Started process (PID=161) to work on /opt/airflow/dags/my_first_dag.py
[2025-01-17T14:21:49.168+0000] {processor.py:914} INFO - Processing file /opt/airflow/dags/my_first_dag.py for tasks to queue
[2025-01-17T14:21:49.172+0000] {logging_mixin.py:190} INFO - [2025-01-17T14:21:49.172+0000] {dagbag.py:588} INFO - Filling up the DagBag from /opt/airflow/dags/my_first_dag.py
[2025-01-17T14:21:49.197+0000] {logging_mixin.py:190} INFO - [2025-01-17T14:21:49.193+0000] {dagbag.py:387} ERROR - Failed to import: /opt/airflow/dags/my_first_dag.py
Traceback (most recent call last):
  File "/home/airflow/.local/lib/python3.12/site-packages/airflow/models/dagbag.py", line 383, in parse
    loader.exec_module(new_module)
  File "<frozen importlib._bootstrap_external>", line 999, in exec_module
  File "<frozen importlib._bootstrap>", line 488, in _call_with_frames_removed
  File "/opt/airflow/dags/my_first_dag.py", line 19, in <module>
    with DAG(
         ^^^^
  File "/home/airflow/.local/lib/python3.12/site-packages/airflow/models/dag.py", line 593, in __init__
    validate_key(dag_id)
  File "/home/airflow/.local/lib/python3.12/site-packages/airflow/utils/helpers.py", line 57, in validate_key
    raise AirflowException(
airflow.exceptions.AirflowException: The key 'test project' has to be made of alphanumeric characters, dashes, dots and underscores exclusively
[2025-01-17T14:21:49.198+0000] {processor.py:927} WARNING - No viable dags retrieved from /opt/airflow/dags/my_first_dag.py
[2025-01-17T14:21:49.219+0000] {processor.py:208} INFO - Processing /opt/airflow/dags/my_first_dag.py took 0.057 seconds
[2025-01-17T14:22:19.626+0000] {processor.py:186} INFO - Started process (PID=170) to work on /opt/airflow/dags/my_first_dag.py
[2025-01-17T14:22:19.627+0000] {processor.py:914} INFO - Processing file /opt/airflow/dags/my_first_dag.py for tasks to queue
[2025-01-17T14:22:19.629+0000] {logging_mixin.py:190} INFO - [2025-01-17T14:22:19.629+0000] {dagbag.py:588} INFO - Filling up the DagBag from /opt/airflow/dags/my_first_dag.py
[2025-01-17T14:22:19.647+0000] {logging_mixin.py:190} INFO - [2025-01-17T14:22:19.643+0000] {dagbag.py:387} ERROR - Failed to import: /opt/airflow/dags/my_first_dag.py
Traceback (most recent call last):
  File "/home/airflow/.local/lib/python3.12/site-packages/airflow/models/dagbag.py", line 383, in parse
    loader.exec_module(new_module)
  File "<frozen importlib._bootstrap_external>", line 999, in exec_module
  File "<frozen importlib._bootstrap>", line 488, in _call_with_frames_removed
  File "/opt/airflow/dags/my_first_dag.py", line 19, in <module>
    with DAG(
         ^^^^
  File "/home/airflow/.local/lib/python3.12/site-packages/airflow/models/dag.py", line 593, in __init__
    validate_key(dag_id)
  File "/home/airflow/.local/lib/python3.12/site-packages/airflow/utils/helpers.py", line 57, in validate_key
    raise AirflowException(
airflow.exceptions.AirflowException: The key 'test project' has to be made of alphanumeric characters, dashes, dots and underscores exclusively
[2025-01-17T14:22:19.648+0000] {processor.py:927} WARNING - No viable dags retrieved from /opt/airflow/dags/my_first_dag.py
[2025-01-17T14:22:19.675+0000] {processor.py:208} INFO - Processing /opt/airflow/dags/my_first_dag.py took 0.055 seconds
[2025-01-17T14:22:50.144+0000] {processor.py:186} INFO - Started process (PID=178) to work on /opt/airflow/dags/my_first_dag.py
[2025-01-17T14:22:50.144+0000] {processor.py:914} INFO - Processing file /opt/airflow/dags/my_first_dag.py for tasks to queue
[2025-01-17T14:22:50.148+0000] {logging_mixin.py:190} INFO - [2025-01-17T14:22:50.147+0000] {dagbag.py:588} INFO - Filling up the DagBag from /opt/airflow/dags/my_first_dag.py
[2025-01-17T14:22:50.167+0000] {logging_mixin.py:190} INFO - [2025-01-17T14:22:50.162+0000] {dagbag.py:387} ERROR - Failed to import: /opt/airflow/dags/my_first_dag.py
Traceback (most recent call last):
  File "/home/airflow/.local/lib/python3.12/site-packages/airflow/models/dagbag.py", line 383, in parse
    loader.exec_module(new_module)
  File "<frozen importlib._bootstrap_external>", line 999, in exec_module
  File "<frozen importlib._bootstrap>", line 488, in _call_with_frames_removed
  File "/opt/airflow/dags/my_first_dag.py", line 19, in <module>
    with DAG(
         ^^^^
  File "/home/airflow/.local/lib/python3.12/site-packages/airflow/models/dag.py", line 593, in __init__
    validate_key(dag_id)
  File "/home/airflow/.local/lib/python3.12/site-packages/airflow/utils/helpers.py", line 57, in validate_key
    raise AirflowException(
airflow.exceptions.AirflowException: The key 'test project' has to be made of alphanumeric characters, dashes, dots and underscores exclusively
[2025-01-17T14:22:50.168+0000] {processor.py:927} WARNING - No viable dags retrieved from /opt/airflow/dags/my_first_dag.py
[2025-01-17T14:22:50.196+0000] {processor.py:208} INFO - Processing /opt/airflow/dags/my_first_dag.py took 0.058 seconds
[2025-01-17T14:23:20.641+0000] {processor.py:186} INFO - Started process (PID=187) to work on /opt/airflow/dags/my_first_dag.py
[2025-01-17T14:23:20.642+0000] {processor.py:914} INFO - Processing file /opt/airflow/dags/my_first_dag.py for tasks to queue
[2025-01-17T14:23:20.644+0000] {logging_mixin.py:190} INFO - [2025-01-17T14:23:20.644+0000] {dagbag.py:588} INFO - Filling up the DagBag from /opt/airflow/dags/my_first_dag.py
[2025-01-17T14:23:20.669+0000] {logging_mixin.py:190} INFO - [2025-01-17T14:23:20.664+0000] {dagbag.py:387} ERROR - Failed to import: /opt/airflow/dags/my_first_dag.py
Traceback (most recent call last):
  File "/home/airflow/.local/lib/python3.12/site-packages/airflow/models/dagbag.py", line 383, in parse
    loader.exec_module(new_module)
  File "<frozen importlib._bootstrap_external>", line 999, in exec_module
  File "<frozen importlib._bootstrap>", line 488, in _call_with_frames_removed
  File "/opt/airflow/dags/my_first_dag.py", line 19, in <module>
    with DAG(
         ^^^^
  File "/home/airflow/.local/lib/python3.12/site-packages/airflow/models/dag.py", line 593, in __init__
    validate_key(dag_id)
  File "/home/airflow/.local/lib/python3.12/site-packages/airflow/utils/helpers.py", line 57, in validate_key
    raise AirflowException(
airflow.exceptions.AirflowException: The key 'test project' has to be made of alphanumeric characters, dashes, dots and underscores exclusively
[2025-01-17T14:23:20.670+0000] {processor.py:927} WARNING - No viable dags retrieved from /opt/airflow/dags/my_first_dag.py
[2025-01-17T14:23:20.694+0000] {processor.py:208} INFO - Processing /opt/airflow/dags/my_first_dag.py took 0.061 seconds
[2025-01-17T14:23:51.399+0000] {processor.py:186} INFO - Started process (PID=196) to work on /opt/airflow/dags/my_first_dag.py
[2025-01-17T14:23:51.404+0000] {processor.py:914} INFO - Processing file /opt/airflow/dags/my_first_dag.py for tasks to queue
[2025-01-17T14:23:51.413+0000] {logging_mixin.py:190} INFO - [2025-01-17T14:23:51.412+0000] {dagbag.py:588} INFO - Filling up the DagBag from /opt/airflow/dags/my_first_dag.py
[2025-01-17T14:23:51.472+0000] {logging_mixin.py:190} INFO - [2025-01-17T14:23:51.462+0000] {dagbag.py:387} ERROR - Failed to import: /opt/airflow/dags/my_first_dag.py
Traceback (most recent call last):
  File "/home/airflow/.local/lib/python3.12/site-packages/airflow/models/dagbag.py", line 383, in parse
    loader.exec_module(new_module)
  File "<frozen importlib._bootstrap_external>", line 999, in exec_module
  File "<frozen importlib._bootstrap>", line 488, in _call_with_frames_removed
  File "/opt/airflow/dags/my_first_dag.py", line 19, in <module>
    with DAG(
         ^^^^
  File "/home/airflow/.local/lib/python3.12/site-packages/airflow/models/dag.py", line 593, in __init__
    validate_key(dag_id)
  File "/home/airflow/.local/lib/python3.12/site-packages/airflow/utils/helpers.py", line 57, in validate_key
    raise AirflowException(
airflow.exceptions.AirflowException: The key 'test project' has to be made of alphanumeric characters, dashes, dots and underscores exclusively
[2025-01-17T14:23:51.479+0000] {processor.py:927} WARNING - No viable dags retrieved from /opt/airflow/dags/my_first_dag.py
[2025-01-17T14:23:51.531+0000] {processor.py:208} INFO - Processing /opt/airflow/dags/my_first_dag.py took 0.184 seconds
[2025-01-17T14:26:04.936+0000] {processor.py:186} INFO - Started process (PID=71) to work on /opt/airflow/dags/my_first_dag.py
[2025-01-17T14:26:04.938+0000] {processor.py:914} INFO - Processing file /opt/airflow/dags/my_first_dag.py for tasks to queue
[2025-01-17T14:26:04.941+0000] {logging_mixin.py:190} INFO - [2025-01-17T14:26:04.940+0000] {dagbag.py:588} INFO - Filling up the DagBag from /opt/airflow/dags/my_first_dag.py
[2025-01-17T14:26:05.027+0000] {logging_mixin.py:190} INFO - [2025-01-17T14:26:05.021+0000] {dagbag.py:387} ERROR - Failed to import: /opt/airflow/dags/my_first_dag.py
Traceback (most recent call last):
  File "/home/airflow/.local/lib/python3.12/site-packages/airflow/models/dagbag.py", line 383, in parse
    loader.exec_module(new_module)
  File "<frozen importlib._bootstrap_external>", line 999, in exec_module
  File "<frozen importlib._bootstrap>", line 488, in _call_with_frames_removed
  File "/opt/airflow/dags/my_first_dag.py", line 19, in <module>
    with DAG(
         ^^^^
  File "/home/airflow/.local/lib/python3.12/site-packages/airflow/models/dag.py", line 593, in __init__
    validate_key(dag_id)
  File "/home/airflow/.local/lib/python3.12/site-packages/airflow/utils/helpers.py", line 57, in validate_key
    raise AirflowException(
airflow.exceptions.AirflowException: The key 'test project' has to be made of alphanumeric characters, dashes, dots and underscores exclusively
[2025-01-17T14:26:05.028+0000] {processor.py:927} WARNING - No viable dags retrieved from /opt/airflow/dags/my_first_dag.py
[2025-01-17T14:26:05.075+0000] {processor.py:208} INFO - Processing /opt/airflow/dags/my_first_dag.py took 0.150 seconds
[2025-01-17T14:26:35.377+0000] {processor.py:186} INFO - Started process (PID=80) to work on /opt/airflow/dags/my_first_dag.py
[2025-01-17T14:26:35.378+0000] {processor.py:914} INFO - Processing file /opt/airflow/dags/my_first_dag.py for tasks to queue
[2025-01-17T14:26:35.380+0000] {logging_mixin.py:190} INFO - [2025-01-17T14:26:35.379+0000] {dagbag.py:588} INFO - Filling up the DagBag from /opt/airflow/dags/my_first_dag.py
[2025-01-17T14:26:35.400+0000] {logging_mixin.py:190} INFO - [2025-01-17T14:26:35.397+0000] {dagbag.py:387} ERROR - Failed to import: /opt/airflow/dags/my_first_dag.py
Traceback (most recent call last):
  File "/home/airflow/.local/lib/python3.12/site-packages/airflow/models/dagbag.py", line 383, in parse
    loader.exec_module(new_module)
  File "<frozen importlib._bootstrap_external>", line 999, in exec_module
  File "<frozen importlib._bootstrap>", line 488, in _call_with_frames_removed
  File "/opt/airflow/dags/my_first_dag.py", line 19, in <module>
    with DAG(
         ^^^^
  File "/home/airflow/.local/lib/python3.12/site-packages/airflow/models/dag.py", line 593, in __init__
    validate_key(dag_id)
  File "/home/airflow/.local/lib/python3.12/site-packages/airflow/utils/helpers.py", line 57, in validate_key
    raise AirflowException(
airflow.exceptions.AirflowException: The key 'test project' has to be made of alphanumeric characters, dashes, dots and underscores exclusively
[2025-01-17T14:26:35.401+0000] {processor.py:927} WARNING - No viable dags retrieved from /opt/airflow/dags/my_first_dag.py
[2025-01-17T14:26:35.416+0000] {processor.py:208} INFO - Processing /opt/airflow/dags/my_first_dag.py took 0.044 seconds
[2025-01-17T14:27:05.853+0000] {processor.py:186} INFO - Started process (PID=89) to work on /opt/airflow/dags/my_first_dag.py
[2025-01-17T14:27:05.854+0000] {processor.py:914} INFO - Processing file /opt/airflow/dags/my_first_dag.py for tasks to queue
[2025-01-17T14:27:05.860+0000] {logging_mixin.py:190} INFO - [2025-01-17T14:27:05.859+0000] {dagbag.py:588} INFO - Filling up the DagBag from /opt/airflow/dags/my_first_dag.py
[2025-01-17T14:27:05.891+0000] {logging_mixin.py:190} INFO - [2025-01-17T14:27:05.883+0000] {dagbag.py:387} ERROR - Failed to import: /opt/airflow/dags/my_first_dag.py
Traceback (most recent call last):
  File "/home/airflow/.local/lib/python3.12/site-packages/airflow/models/dagbag.py", line 383, in parse
    loader.exec_module(new_module)
  File "<frozen importlib._bootstrap_external>", line 999, in exec_module
  File "<frozen importlib._bootstrap>", line 488, in _call_with_frames_removed
  File "/opt/airflow/dags/my_first_dag.py", line 19, in <module>
    with DAG(
         ^^^^
  File "/home/airflow/.local/lib/python3.12/site-packages/airflow/models/dag.py", line 593, in __init__
    validate_key(dag_id)
  File "/home/airflow/.local/lib/python3.12/site-packages/airflow/utils/helpers.py", line 57, in validate_key
    raise AirflowException(
airflow.exceptions.AirflowException: The key 'test project' has to be made of alphanumeric characters, dashes, dots and underscores exclusively
[2025-01-17T14:27:05.892+0000] {processor.py:927} WARNING - No viable dags retrieved from /opt/airflow/dags/my_first_dag.py
[2025-01-17T14:27:05.916+0000] {processor.py:208} INFO - Processing /opt/airflow/dags/my_first_dag.py took 0.070 seconds
[2025-01-17T14:27:36.261+0000] {processor.py:186} INFO - Started process (PID=98) to work on /opt/airflow/dags/my_first_dag.py
[2025-01-17T14:27:36.262+0000] {processor.py:914} INFO - Processing file /opt/airflow/dags/my_first_dag.py for tasks to queue
[2025-01-17T14:27:36.265+0000] {logging_mixin.py:190} INFO - [2025-01-17T14:27:36.265+0000] {dagbag.py:588} INFO - Filling up the DagBag from /opt/airflow/dags/my_first_dag.py
[2025-01-17T14:27:36.283+0000] {logging_mixin.py:190} INFO - [2025-01-17T14:27:36.278+0000] {dagbag.py:387} ERROR - Failed to import: /opt/airflow/dags/my_first_dag.py
Traceback (most recent call last):
  File "/home/airflow/.local/lib/python3.12/site-packages/airflow/models/dagbag.py", line 383, in parse
    loader.exec_module(new_module)
  File "<frozen importlib._bootstrap_external>", line 999, in exec_module
  File "<frozen importlib._bootstrap>", line 488, in _call_with_frames_removed
  File "/opt/airflow/dags/my_first_dag.py", line 19, in <module>
    with DAG(
         ^^^^
  File "/home/airflow/.local/lib/python3.12/site-packages/airflow/models/dag.py", line 593, in __init__
    validate_key(dag_id)
  File "/home/airflow/.local/lib/python3.12/site-packages/airflow/utils/helpers.py", line 57, in validate_key
    raise AirflowException(
airflow.exceptions.AirflowException: The key 'test project' has to be made of alphanumeric characters, dashes, dots and underscores exclusively
[2025-01-17T14:27:36.284+0000] {processor.py:927} WARNING - No viable dags retrieved from /opt/airflow/dags/my_first_dag.py
[2025-01-17T14:27:36.300+0000] {processor.py:208} INFO - Processing /opt/airflow/dags/my_first_dag.py took 0.044 seconds
[2025-01-17T14:28:06.699+0000] {processor.py:186} INFO - Started process (PID=107) to work on /opt/airflow/dags/my_first_dag.py
[2025-01-17T14:28:06.700+0000] {processor.py:914} INFO - Processing file /opt/airflow/dags/my_first_dag.py for tasks to queue
[2025-01-17T14:28:06.703+0000] {logging_mixin.py:190} INFO - [2025-01-17T14:28:06.703+0000] {dagbag.py:588} INFO - Filling up the DagBag from /opt/airflow/dags/my_first_dag.py
[2025-01-17T14:28:06.722+0000] {logging_mixin.py:190} INFO - [2025-01-17T14:28:06.718+0000] {dagbag.py:387} ERROR - Failed to import: /opt/airflow/dags/my_first_dag.py
Traceback (most recent call last):
  File "/home/airflow/.local/lib/python3.12/site-packages/airflow/models/dagbag.py", line 383, in parse
    loader.exec_module(new_module)
  File "<frozen importlib._bootstrap_external>", line 999, in exec_module
  File "<frozen importlib._bootstrap>", line 488, in _call_with_frames_removed
  File "/opt/airflow/dags/my_first_dag.py", line 19, in <module>
    with DAG(
         ^^^^
  File "/home/airflow/.local/lib/python3.12/site-packages/airflow/models/dag.py", line 593, in __init__
    validate_key(dag_id)
  File "/home/airflow/.local/lib/python3.12/site-packages/airflow/utils/helpers.py", line 57, in validate_key
    raise AirflowException(
airflow.exceptions.AirflowException: The key 'test project' has to be made of alphanumeric characters, dashes, dots and underscores exclusively
[2025-01-17T14:28:06.723+0000] {processor.py:927} WARNING - No viable dags retrieved from /opt/airflow/dags/my_first_dag.py
[2025-01-17T14:28:06.752+0000] {processor.py:208} INFO - Processing /opt/airflow/dags/my_first_dag.py took 0.058 seconds
[2025-01-17T14:28:37.050+0000] {processor.py:186} INFO - Started process (PID=115) to work on /opt/airflow/dags/my_first_dag.py
[2025-01-17T14:28:37.050+0000] {processor.py:914} INFO - Processing file /opt/airflow/dags/my_first_dag.py for tasks to queue
[2025-01-17T14:28:37.051+0000] {logging_mixin.py:190} INFO - [2025-01-17T14:28:37.051+0000] {dagbag.py:588} INFO - Filling up the DagBag from /opt/airflow/dags/my_first_dag.py
[2025-01-17T14:28:37.073+0000] {logging_mixin.py:190} INFO - [2025-01-17T14:28:37.069+0000] {dagbag.py:387} ERROR - Failed to import: /opt/airflow/dags/my_first_dag.py
Traceback (most recent call last):
  File "/home/airflow/.local/lib/python3.12/site-packages/airflow/models/dagbag.py", line 383, in parse
    loader.exec_module(new_module)
  File "<frozen importlib._bootstrap_external>", line 999, in exec_module
  File "<frozen importlib._bootstrap>", line 488, in _call_with_frames_removed
  File "/opt/airflow/dags/my_first_dag.py", line 19, in <module>
    with DAG(
         ^^^^
  File "/home/airflow/.local/lib/python3.12/site-packages/airflow/models/dag.py", line 593, in __init__
    validate_key(dag_id)
  File "/home/airflow/.local/lib/python3.12/site-packages/airflow/utils/helpers.py", line 57, in validate_key
    raise AirflowException(
airflow.exceptions.AirflowException: The key 'test project' has to be made of alphanumeric characters, dashes, dots and underscores exclusively
[2025-01-17T14:28:37.074+0000] {processor.py:927} WARNING - No viable dags retrieved from /opt/airflow/dags/my_first_dag.py
[2025-01-17T14:28:37.093+0000] {processor.py:208} INFO - Processing /opt/airflow/dags/my_first_dag.py took 0.048 seconds
[2025-01-17T14:29:07.338+0000] {processor.py:186} INFO - Started process (PID=123) to work on /opt/airflow/dags/my_first_dag.py
[2025-01-17T14:29:07.339+0000] {processor.py:914} INFO - Processing file /opt/airflow/dags/my_first_dag.py for tasks to queue
[2025-01-17T14:29:07.340+0000] {logging_mixin.py:190} INFO - [2025-01-17T14:29:07.339+0000] {dagbag.py:588} INFO - Filling up the DagBag from /opt/airflow/dags/my_first_dag.py
[2025-01-17T14:29:07.361+0000] {logging_mixin.py:190} INFO - [2025-01-17T14:29:07.356+0000] {dagbag.py:387} ERROR - Failed to import: /opt/airflow/dags/my_first_dag.py
Traceback (most recent call last):
  File "/home/airflow/.local/lib/python3.12/site-packages/airflow/models/dagbag.py", line 383, in parse
    loader.exec_module(new_module)
  File "<frozen importlib._bootstrap_external>", line 999, in exec_module
  File "<frozen importlib._bootstrap>", line 488, in _call_with_frames_removed
  File "/opt/airflow/dags/my_first_dag.py", line 19, in <module>
    with DAG(
         ^^^^
  File "/home/airflow/.local/lib/python3.12/site-packages/airflow/models/dag.py", line 593, in __init__
    validate_key(dag_id)
  File "/home/airflow/.local/lib/python3.12/site-packages/airflow/utils/helpers.py", line 57, in validate_key
    raise AirflowException(
airflow.exceptions.AirflowException: The key 'test project' has to be made of alphanumeric characters, dashes, dots and underscores exclusively
[2025-01-17T14:29:07.363+0000] {processor.py:927} WARNING - No viable dags retrieved from /opt/airflow/dags/my_first_dag.py
[2025-01-17T14:29:07.378+0000] {processor.py:208} INFO - Processing /opt/airflow/dags/my_first_dag.py took 0.046 seconds
[2025-01-17T14:29:37.668+0000] {processor.py:186} INFO - Started process (PID=131) to work on /opt/airflow/dags/my_first_dag.py
[2025-01-17T14:29:37.669+0000] {processor.py:914} INFO - Processing file /opt/airflow/dags/my_first_dag.py for tasks to queue
[2025-01-17T14:29:37.671+0000] {logging_mixin.py:190} INFO - [2025-01-17T14:29:37.670+0000] {dagbag.py:588} INFO - Filling up the DagBag from /opt/airflow/dags/my_first_dag.py
[2025-01-17T14:29:37.703+0000] {logging_mixin.py:190} INFO - [2025-01-17T14:29:37.696+0000] {dagbag.py:387} ERROR - Failed to import: /opt/airflow/dags/my_first_dag.py
Traceback (most recent call last):
  File "/home/airflow/.local/lib/python3.12/site-packages/airflow/models/dagbag.py", line 383, in parse
    loader.exec_module(new_module)
  File "<frozen importlib._bootstrap_external>", line 999, in exec_module
  File "<frozen importlib._bootstrap>", line 488, in _call_with_frames_removed
  File "/opt/airflow/dags/my_first_dag.py", line 19, in <module>
    with DAG(
         ^^^^
  File "/home/airflow/.local/lib/python3.12/site-packages/airflow/models/dag.py", line 593, in __init__
    validate_key(dag_id)
  File "/home/airflow/.local/lib/python3.12/site-packages/airflow/utils/helpers.py", line 57, in validate_key
    raise AirflowException(
airflow.exceptions.AirflowException: The key 'test project' has to be made of alphanumeric characters, dashes, dots and underscores exclusively
[2025-01-17T14:29:37.704+0000] {processor.py:927} WARNING - No viable dags retrieved from /opt/airflow/dags/my_first_dag.py
[2025-01-17T14:29:37.723+0000] {processor.py:208} INFO - Processing /opt/airflow/dags/my_first_dag.py took 0.062 seconds
[2025-01-17T14:30:07.995+0000] {processor.py:186} INFO - Started process (PID=139) to work on /opt/airflow/dags/my_first_dag.py
[2025-01-17T14:30:07.996+0000] {processor.py:914} INFO - Processing file /opt/airflow/dags/my_first_dag.py for tasks to queue
[2025-01-17T14:30:07.998+0000] {logging_mixin.py:190} INFO - [2025-01-17T14:30:07.997+0000] {dagbag.py:588} INFO - Filling up the DagBag from /opt/airflow/dags/my_first_dag.py
[2025-01-17T14:30:08.018+0000] {logging_mixin.py:190} INFO - [2025-01-17T14:30:08.014+0000] {dagbag.py:387} ERROR - Failed to import: /opt/airflow/dags/my_first_dag.py
Traceback (most recent call last):
  File "/home/airflow/.local/lib/python3.12/site-packages/airflow/models/dagbag.py", line 383, in parse
    loader.exec_module(new_module)
  File "<frozen importlib._bootstrap_external>", line 999, in exec_module
  File "<frozen importlib._bootstrap>", line 488, in _call_with_frames_removed
  File "/opt/airflow/dags/my_first_dag.py", line 19, in <module>
    with DAG(
         ^^^^
  File "/home/airflow/.local/lib/python3.12/site-packages/airflow/models/dag.py", line 593, in __init__
    validate_key(dag_id)
  File "/home/airflow/.local/lib/python3.12/site-packages/airflow/utils/helpers.py", line 57, in validate_key
    raise AirflowException(
airflow.exceptions.AirflowException: The key 'test project' has to be made of alphanumeric characters, dashes, dots and underscores exclusively
[2025-01-17T14:30:08.019+0000] {processor.py:927} WARNING - No viable dags retrieved from /opt/airflow/dags/my_first_dag.py
[2025-01-17T14:30:08.040+0000] {processor.py:208} INFO - Processing /opt/airflow/dags/my_first_dag.py took 0.052 seconds
[2025-01-17T14:30:38.415+0000] {processor.py:186} INFO - Started process (PID=147) to work on /opt/airflow/dags/my_first_dag.py
[2025-01-17T14:30:38.416+0000] {processor.py:914} INFO - Processing file /opt/airflow/dags/my_first_dag.py for tasks to queue
[2025-01-17T14:30:38.417+0000] {logging_mixin.py:190} INFO - [2025-01-17T14:30:38.417+0000] {dagbag.py:588} INFO - Filling up the DagBag from /opt/airflow/dags/my_first_dag.py
[2025-01-17T14:30:38.437+0000] {logging_mixin.py:190} INFO - [2025-01-17T14:30:38.434+0000] {dagbag.py:387} ERROR - Failed to import: /opt/airflow/dags/my_first_dag.py
Traceback (most recent call last):
  File "/home/airflow/.local/lib/python3.12/site-packages/airflow/models/dagbag.py", line 383, in parse
    loader.exec_module(new_module)
  File "<frozen importlib._bootstrap_external>", line 999, in exec_module
  File "<frozen importlib._bootstrap>", line 488, in _call_with_frames_removed
  File "/opt/airflow/dags/my_first_dag.py", line 19, in <module>
    with DAG(
         ^^^^
  File "/home/airflow/.local/lib/python3.12/site-packages/airflow/models/dag.py", line 593, in __init__
    validate_key(dag_id)
  File "/home/airflow/.local/lib/python3.12/site-packages/airflow/utils/helpers.py", line 57, in validate_key
    raise AirflowException(
airflow.exceptions.AirflowException: The key 'test project' has to be made of alphanumeric characters, dashes, dots and underscores exclusively
[2025-01-17T14:30:38.438+0000] {processor.py:927} WARNING - No viable dags retrieved from /opt/airflow/dags/my_first_dag.py
[2025-01-17T14:30:38.462+0000] {processor.py:208} INFO - Processing /opt/airflow/dags/my_first_dag.py took 0.054 seconds
[2025-01-17T14:31:08.820+0000] {processor.py:186} INFO - Started process (PID=155) to work on /opt/airflow/dags/my_first_dag.py
[2025-01-17T14:31:08.820+0000] {processor.py:914} INFO - Processing file /opt/airflow/dags/my_first_dag.py for tasks to queue
[2025-01-17T14:31:08.822+0000] {logging_mixin.py:190} INFO - [2025-01-17T14:31:08.821+0000] {dagbag.py:588} INFO - Filling up the DagBag from /opt/airflow/dags/my_first_dag.py
[2025-01-17T14:31:08.843+0000] {logging_mixin.py:190} INFO - [2025-01-17T14:31:08.839+0000] {dagbag.py:387} ERROR - Failed to import: /opt/airflow/dags/my_first_dag.py
Traceback (most recent call last):
  File "/home/airflow/.local/lib/python3.12/site-packages/airflow/models/dagbag.py", line 383, in parse
    loader.exec_module(new_module)
  File "<frozen importlib._bootstrap_external>", line 999, in exec_module
  File "<frozen importlib._bootstrap>", line 488, in _call_with_frames_removed
  File "/opt/airflow/dags/my_first_dag.py", line 19, in <module>
    with DAG(
         ^^^^
  File "/home/airflow/.local/lib/python3.12/site-packages/airflow/models/dag.py", line 593, in __init__
    validate_key(dag_id)
  File "/home/airflow/.local/lib/python3.12/site-packages/airflow/utils/helpers.py", line 57, in validate_key
    raise AirflowException(
airflow.exceptions.AirflowException: The key 'test project' has to be made of alphanumeric characters, dashes, dots and underscores exclusively
[2025-01-17T14:31:08.844+0000] {processor.py:927} WARNING - No viable dags retrieved from /opt/airflow/dags/my_first_dag.py
[2025-01-17T14:31:08.869+0000] {processor.py:208} INFO - Processing /opt/airflow/dags/my_first_dag.py took 0.056 seconds
[2025-01-17T14:31:14.903+0000] {processor.py:186} INFO - Started process (PID=156) to work on /opt/airflow/dags/my_first_dag.py
[2025-01-17T14:31:14.904+0000] {processor.py:914} INFO - Processing file /opt/airflow/dags/my_first_dag.py for tasks to queue
[2025-01-17T14:31:14.906+0000] {logging_mixin.py:190} INFO - [2025-01-17T14:31:14.905+0000] {dagbag.py:588} INFO - Filling up the DagBag from /opt/airflow/dags/my_first_dag.py
[2025-01-17T14:31:14.955+0000] {processor.py:925} INFO - DAG(s) 'test_project' retrieved from /opt/airflow/dags/my_first_dag.py
[2025-01-17T14:31:15.303+0000] {logging_mixin.py:190} INFO - [2025-01-17T14:31:15.302+0000] {override.py:1911} INFO - Created Permission View: can edit on DAG:test_project
[2025-01-17T14:31:15.314+0000] {logging_mixin.py:190} INFO - [2025-01-17T14:31:15.314+0000] {override.py:1911} INFO - Created Permission View: can delete on DAG:test_project
[2025-01-17T14:31:15.319+0000] {logging_mixin.py:190} INFO - [2025-01-17T14:31:15.319+0000] {override.py:1911} INFO - Created Permission View: can read on DAG:test_project
[2025-01-17T14:31:15.328+0000] {logging_mixin.py:190} INFO - [2025-01-17T14:31:15.328+0000] {override.py:1911} INFO - Created Permission View: menu access on DAG Run:test_project
[2025-01-17T14:31:15.335+0000] {logging_mixin.py:190} INFO - [2025-01-17T14:31:15.334+0000] {override.py:1911} INFO - Created Permission View: can delete on DAG Run:test_project
[2025-01-17T14:31:15.342+0000] {logging_mixin.py:190} INFO - [2025-01-17T14:31:15.341+0000] {override.py:1911} INFO - Created Permission View: can read on DAG Run:test_project
[2025-01-17T14:31:15.348+0000] {logging_mixin.py:190} INFO - [2025-01-17T14:31:15.348+0000] {override.py:1911} INFO - Created Permission View: can create on DAG Run:test_project
[2025-01-17T14:31:15.349+0000] {logging_mixin.py:190} INFO - [2025-01-17T14:31:15.349+0000] {dag.py:3239} INFO - Sync 1 DAGs
[2025-01-17T14:31:15.360+0000] {logging_mixin.py:190} INFO - [2025-01-17T14:31:15.359+0000] {dag.py:3262} INFO - Creating ORM DAG for test_project
[2025-01-17T14:31:15.369+0000] {logging_mixin.py:190} INFO - [2025-01-17T14:31:15.369+0000] {dag.py:4180} INFO - Setting next_dagrun for test_project to 2025-01-16 00:00:00+00:00, run_after=2025-01-17 00:00:00+00:00
[2025-01-17T14:31:15.387+0000] {processor.py:208} INFO - Processing /opt/airflow/dags/my_first_dag.py took 0.489 seconds
[2025-01-17T14:31:46.254+0000] {processor.py:186} INFO - Started process (PID=164) to work on /opt/airflow/dags/my_first_dag.py
[2025-01-17T14:31:46.255+0000] {processor.py:914} INFO - Processing file /opt/airflow/dags/my_first_dag.py for tasks to queue
[2025-01-17T14:31:46.256+0000] {logging_mixin.py:190} INFO - [2025-01-17T14:31:46.256+0000] {dagbag.py:588} INFO - Filling up the DagBag from /opt/airflow/dags/my_first_dag.py
[2025-01-17T14:31:46.281+0000] {processor.py:925} INFO - DAG(s) 'test_project' retrieved from /opt/airflow/dags/my_first_dag.py
[2025-01-17T14:31:46.303+0000] {logging_mixin.py:190} INFO - [2025-01-17T14:31:46.303+0000] {dag.py:3239} INFO - Sync 1 DAGs
[2025-01-17T14:31:46.325+0000] {logging_mixin.py:190} INFO - [2025-01-17T14:31:46.325+0000] {dag.py:4180} INFO - Setting next_dagrun for test_project to 2025-01-16 00:00:00+00:00, run_after=2025-01-17 00:00:00+00:00
[2025-01-17T14:31:46.345+0000] {processor.py:208} INFO - Processing /opt/airflow/dags/my_first_dag.py took 0.096 seconds
[2025-01-17T14:38:39.601+0000] {processor.py:186} INFO - Started process (PID=70) to work on /opt/airflow/dags/my_first_dag.py
[2025-01-17T14:38:39.603+0000] {processor.py:914} INFO - Processing file /opt/airflow/dags/my_first_dag.py for tasks to queue
[2025-01-17T14:38:39.611+0000] {logging_mixin.py:190} INFO - [2025-01-17T14:38:39.610+0000] {dagbag.py:588} INFO - Filling up the DagBag from /opt/airflow/dags/my_first_dag.py
[2025-01-17T14:38:39.723+0000] {processor.py:925} INFO - DAG(s) 'test_project' retrieved from /opt/airflow/dags/my_first_dag.py
[2025-01-17T14:38:39.820+0000] {logging_mixin.py:190} INFO - [2025-01-17T14:38:39.820+0000] {dag.py:3239} INFO - Sync 1 DAGs
[2025-01-17T14:38:39.888+0000] {logging_mixin.py:190} INFO - [2025-01-17T14:38:39.887+0000] {dag.py:4180} INFO - Setting next_dagrun for test_project to 2025-01-16 00:00:00+00:00, run_after=2025-01-17 00:00:00+00:00
[2025-01-17T14:38:39.942+0000] {processor.py:208} INFO - Processing /opt/airflow/dags/my_first_dag.py took 0.356 seconds
[2025-01-17T14:39:10.090+0000] {processor.py:186} INFO - Started process (PID=78) to work on /opt/airflow/dags/my_first_dag.py
[2025-01-17T14:39:10.091+0000] {processor.py:914} INFO - Processing file /opt/airflow/dags/my_first_dag.py for tasks to queue
[2025-01-17T14:39:10.093+0000] {logging_mixin.py:190} INFO - [2025-01-17T14:39:10.093+0000] {dagbag.py:588} INFO - Filling up the DagBag from /opt/airflow/dags/my_first_dag.py
[2025-01-17T14:39:10.147+0000] {processor.py:925} INFO - DAG(s) 'test_project' retrieved from /opt/airflow/dags/my_first_dag.py
[2025-01-17T14:39:10.194+0000] {logging_mixin.py:190} INFO - [2025-01-17T14:39:10.193+0000] {dag.py:3239} INFO - Sync 1 DAGs
[2025-01-17T14:39:10.225+0000] {logging_mixin.py:190} INFO - [2025-01-17T14:39:10.225+0000] {dag.py:4180} INFO - Setting next_dagrun for test_project to 2025-01-16 00:00:00+00:00, run_after=2025-01-17 00:00:00+00:00
[2025-01-17T14:39:10.243+0000] {processor.py:208} INFO - Processing /opt/airflow/dags/my_first_dag.py took 0.162 seconds
[2025-01-17T14:39:40.520+0000] {processor.py:186} INFO - Started process (PID=86) to work on /opt/airflow/dags/my_first_dag.py
[2025-01-17T14:39:40.522+0000] {processor.py:914} INFO - Processing file /opt/airflow/dags/my_first_dag.py for tasks to queue
[2025-01-17T14:39:40.526+0000] {logging_mixin.py:190} INFO - [2025-01-17T14:39:40.525+0000] {dagbag.py:588} INFO - Filling up the DagBag from /opt/airflow/dags/my_first_dag.py
[2025-01-17T14:39:40.563+0000] {processor.py:925} INFO - DAG(s) 'test_project' retrieved from /opt/airflow/dags/my_first_dag.py
[2025-01-17T14:39:40.595+0000] {logging_mixin.py:190} INFO - [2025-01-17T14:39:40.595+0000] {dag.py:3239} INFO - Sync 1 DAGs
[2025-01-17T14:39:40.624+0000] {logging_mixin.py:190} INFO - [2025-01-17T14:39:40.624+0000] {dag.py:4180} INFO - Setting next_dagrun for test_project to 2025-01-16 00:00:00+00:00, run_after=2025-01-17 00:00:00+00:00
[2025-01-17T14:39:40.644+0000] {processor.py:208} INFO - Processing /opt/airflow/dags/my_first_dag.py took 0.131 seconds
[2025-01-17T14:40:11.017+0000] {processor.py:186} INFO - Started process (PID=94) to work on /opt/airflow/dags/my_first_dag.py
[2025-01-17T14:40:11.018+0000] {processor.py:914} INFO - Processing file /opt/airflow/dags/my_first_dag.py for tasks to queue
[2025-01-17T14:40:11.021+0000] {logging_mixin.py:190} INFO - [2025-01-17T14:40:11.021+0000] {dagbag.py:588} INFO - Filling up the DagBag from /opt/airflow/dags/my_first_dag.py
[2025-01-17T14:40:11.047+0000] {processor.py:925} INFO - DAG(s) 'test_project' retrieved from /opt/airflow/dags/my_first_dag.py
[2025-01-17T14:40:11.069+0000] {logging_mixin.py:190} INFO - [2025-01-17T14:40:11.069+0000] {dag.py:3239} INFO - Sync 1 DAGs
[2025-01-17T14:40:11.092+0000] {logging_mixin.py:190} INFO - [2025-01-17T14:40:11.092+0000] {dag.py:4180} INFO - Setting next_dagrun for test_project to 2025-01-16 00:00:00+00:00, run_after=2025-01-17 00:00:00+00:00
[2025-01-17T14:40:11.111+0000] {processor.py:208} INFO - Processing /opt/airflow/dags/my_first_dag.py took 0.100 seconds
[2025-01-17T14:40:41.492+0000] {processor.py:186} INFO - Started process (PID=102) to work on /opt/airflow/dags/my_first_dag.py
[2025-01-17T14:40:41.493+0000] {processor.py:914} INFO - Processing file /opt/airflow/dags/my_first_dag.py for tasks to queue
[2025-01-17T14:40:41.497+0000] {logging_mixin.py:190} INFO - [2025-01-17T14:40:41.496+0000] {dagbag.py:588} INFO - Filling up the DagBag from /opt/airflow/dags/my_first_dag.py
[2025-01-17T14:40:41.536+0000] {processor.py:925} INFO - DAG(s) 'test_project' retrieved from /opt/airflow/dags/my_first_dag.py
[2025-01-17T14:40:41.567+0000] {logging_mixin.py:190} INFO - [2025-01-17T14:40:41.566+0000] {dag.py:3239} INFO - Sync 1 DAGs
[2025-01-17T14:40:41.599+0000] {logging_mixin.py:190} INFO - [2025-01-17T14:40:41.599+0000] {dag.py:4180} INFO - Setting next_dagrun for test_project to 2025-01-16 00:00:00+00:00, run_after=2025-01-17 00:00:00+00:00
[2025-01-17T14:40:41.624+0000] {processor.py:208} INFO - Processing /opt/airflow/dags/my_first_dag.py took 0.137 seconds
[2025-01-17T14:41:12.031+0000] {processor.py:186} INFO - Started process (PID=110) to work on /opt/airflow/dags/my_first_dag.py
[2025-01-17T14:41:12.032+0000] {processor.py:914} INFO - Processing file /opt/airflow/dags/my_first_dag.py for tasks to queue
[2025-01-17T14:41:12.038+0000] {logging_mixin.py:190} INFO - [2025-01-17T14:41:12.037+0000] {dagbag.py:588} INFO - Filling up the DagBag from /opt/airflow/dags/my_first_dag.py
[2025-01-17T14:41:12.061+0000] {processor.py:925} INFO - DAG(s) 'test_project' retrieved from /opt/airflow/dags/my_first_dag.py
[2025-01-17T14:41:12.087+0000] {logging_mixin.py:190} INFO - [2025-01-17T14:41:12.086+0000] {dag.py:3239} INFO - Sync 1 DAGs
[2025-01-17T14:41:12.110+0000] {logging_mixin.py:190} INFO - [2025-01-17T14:41:12.110+0000] {dag.py:4180} INFO - Setting next_dagrun for test_project to 2025-01-16 00:00:00+00:00, run_after=2025-01-17 00:00:00+00:00
[2025-01-17T14:41:12.131+0000] {processor.py:208} INFO - Processing /opt/airflow/dags/my_first_dag.py took 0.106 seconds
[2025-01-17T14:41:42.478+0000] {processor.py:186} INFO - Started process (PID=118) to work on /opt/airflow/dags/my_first_dag.py
[2025-01-17T14:41:42.480+0000] {processor.py:914} INFO - Processing file /opt/airflow/dags/my_first_dag.py for tasks to queue
[2025-01-17T14:41:42.482+0000] {logging_mixin.py:190} INFO - [2025-01-17T14:41:42.482+0000] {dagbag.py:588} INFO - Filling up the DagBag from /opt/airflow/dags/my_first_dag.py
[2025-01-17T14:41:42.508+0000] {processor.py:925} INFO - DAG(s) 'test_project' retrieved from /opt/airflow/dags/my_first_dag.py
[2025-01-17T14:41:42.536+0000] {logging_mixin.py:190} INFO - [2025-01-17T14:41:42.536+0000] {dag.py:3239} INFO - Sync 1 DAGs
[2025-01-17T14:41:42.567+0000] {logging_mixin.py:190} INFO - [2025-01-17T14:41:42.567+0000] {dag.py:4180} INFO - Setting next_dagrun for test_project to 2025-01-16 00:00:00+00:00, run_after=2025-01-17 00:00:00+00:00
[2025-01-17T14:41:42.594+0000] {processor.py:208} INFO - Processing /opt/airflow/dags/my_first_dag.py took 0.121 seconds
[2025-01-17T14:42:12.880+0000] {processor.py:186} INFO - Started process (PID=126) to work on /opt/airflow/dags/my_first_dag.py
[2025-01-17T14:42:12.882+0000] {processor.py:914} INFO - Processing file /opt/airflow/dags/my_first_dag.py for tasks to queue
[2025-01-17T14:42:12.884+0000] {logging_mixin.py:190} INFO - [2025-01-17T14:42:12.884+0000] {dagbag.py:588} INFO - Filling up the DagBag from /opt/airflow/dags/my_first_dag.py
[2025-01-17T14:42:12.908+0000] {processor.py:925} INFO - DAG(s) 'test_project' retrieved from /opt/airflow/dags/my_first_dag.py
[2025-01-17T14:42:12.933+0000] {logging_mixin.py:190} INFO - [2025-01-17T14:42:12.933+0000] {dag.py:3239} INFO - Sync 1 DAGs
[2025-01-17T14:42:12.955+0000] {logging_mixin.py:190} INFO - [2025-01-17T14:42:12.955+0000] {dag.py:4180} INFO - Setting next_dagrun for test_project to 2025-01-16 00:00:00+00:00, run_after=2025-01-17 00:00:00+00:00
[2025-01-17T14:42:12.971+0000] {processor.py:208} INFO - Processing /opt/airflow/dags/my_first_dag.py took 0.098 seconds
[2025-01-17T14:42:43.339+0000] {processor.py:186} INFO - Started process (PID=134) to work on /opt/airflow/dags/my_first_dag.py
[2025-01-17T14:42:43.340+0000] {processor.py:914} INFO - Processing file /opt/airflow/dags/my_first_dag.py for tasks to queue
[2025-01-17T14:42:43.350+0000] {logging_mixin.py:190} INFO - [2025-01-17T14:42:43.348+0000] {dagbag.py:588} INFO - Filling up the DagBag from /opt/airflow/dags/my_first_dag.py
[2025-01-17T14:42:43.385+0000] {processor.py:925} INFO - DAG(s) 'test_project' retrieved from /opt/airflow/dags/my_first_dag.py
[2025-01-17T14:42:43.411+0000] {logging_mixin.py:190} INFO - [2025-01-17T14:42:43.411+0000] {dag.py:3239} INFO - Sync 1 DAGs
[2025-01-17T14:42:43.436+0000] {logging_mixin.py:190} INFO - [2025-01-17T14:42:43.436+0000] {dag.py:4180} INFO - Setting next_dagrun for test_project to 2025-01-16 00:00:00+00:00, run_after=2025-01-17 00:00:00+00:00
[2025-01-17T14:42:43.455+0000] {processor.py:208} INFO - Processing /opt/airflow/dags/my_first_dag.py took 0.128 seconds
[2025-01-17T14:43:13.783+0000] {processor.py:186} INFO - Started process (PID=142) to work on /opt/airflow/dags/my_first_dag.py
[2025-01-17T14:43:13.784+0000] {processor.py:914} INFO - Processing file /opt/airflow/dags/my_first_dag.py for tasks to queue
[2025-01-17T14:43:13.787+0000] {logging_mixin.py:190} INFO - [2025-01-17T14:43:13.787+0000] {dagbag.py:588} INFO - Filling up the DagBag from /opt/airflow/dags/my_first_dag.py
[2025-01-17T14:43:13.809+0000] {processor.py:925} INFO - DAG(s) 'test_project' retrieved from /opt/airflow/dags/my_first_dag.py
[2025-01-17T14:43:13.833+0000] {logging_mixin.py:190} INFO - [2025-01-17T14:43:13.833+0000] {dag.py:3239} INFO - Sync 1 DAGs
[2025-01-17T14:43:13.859+0000] {logging_mixin.py:190} INFO - [2025-01-17T14:43:13.858+0000] {dag.py:4180} INFO - Setting next_dagrun for test_project to 2025-01-16 00:00:00+00:00, run_after=2025-01-17 00:00:00+00:00
[2025-01-17T14:43:14.011+0000] {processor.py:208} INFO - Processing /opt/airflow/dags/my_first_dag.py took 0.233 seconds
[2025-01-17T14:43:44.456+0000] {processor.py:186} INFO - Started process (PID=150) to work on /opt/airflow/dags/my_first_dag.py
[2025-01-17T14:43:44.457+0000] {processor.py:914} INFO - Processing file /opt/airflow/dags/my_first_dag.py for tasks to queue
[2025-01-17T14:43:44.461+0000] {logging_mixin.py:190} INFO - [2025-01-17T14:43:44.461+0000] {dagbag.py:588} INFO - Filling up the DagBag from /opt/airflow/dags/my_first_dag.py
[2025-01-17T14:43:44.491+0000] {processor.py:925} INFO - DAG(s) 'test_project' retrieved from /opt/airflow/dags/my_first_dag.py
[2025-01-17T14:43:44.518+0000] {logging_mixin.py:190} INFO - [2025-01-17T14:43:44.518+0000] {dag.py:3239} INFO - Sync 1 DAGs
[2025-01-17T14:43:44.687+0000] {logging_mixin.py:190} INFO - [2025-01-17T14:43:44.687+0000] {dag.py:4180} INFO - Setting next_dagrun for test_project to 2025-01-16 00:00:00+00:00, run_after=2025-01-17 00:00:00+00:00
[2025-01-17T14:43:44.702+0000] {processor.py:208} INFO - Processing /opt/airflow/dags/my_first_dag.py took 0.253 seconds
[2025-01-17T14:44:14.945+0000] {processor.py:186} INFO - Started process (PID=158) to work on /opt/airflow/dags/my_first_dag.py
[2025-01-17T14:44:14.946+0000] {processor.py:914} INFO - Processing file /opt/airflow/dags/my_first_dag.py for tasks to queue
[2025-01-17T14:44:14.948+0000] {logging_mixin.py:190} INFO - [2025-01-17T14:44:14.948+0000] {dagbag.py:588} INFO - Filling up the DagBag from /opt/airflow/dags/my_first_dag.py
[2025-01-17T14:44:14.971+0000] {processor.py:925} INFO - DAG(s) 'test_project' retrieved from /opt/airflow/dags/my_first_dag.py
[2025-01-17T14:44:15.121+0000] {logging_mixin.py:190} INFO - [2025-01-17T14:44:15.120+0000] {dag.py:3239} INFO - Sync 1 DAGs
[2025-01-17T14:44:15.139+0000] {logging_mixin.py:190} INFO - [2025-01-17T14:44:15.139+0000] {dag.py:4180} INFO - Setting next_dagrun for test_project to 2025-01-16 00:00:00+00:00, run_after=2025-01-17 00:00:00+00:00
[2025-01-17T14:44:15.168+0000] {processor.py:208} INFO - Processing /opt/airflow/dags/my_first_dag.py took 0.228 seconds
[2025-01-17T14:44:45.416+0000] {processor.py:186} INFO - Started process (PID=166) to work on /opt/airflow/dags/my_first_dag.py
[2025-01-17T14:44:45.417+0000] {processor.py:914} INFO - Processing file /opt/airflow/dags/my_first_dag.py for tasks to queue
[2025-01-17T14:44:45.420+0000] {logging_mixin.py:190} INFO - [2025-01-17T14:44:45.420+0000] {dagbag.py:588} INFO - Filling up the DagBag from /opt/airflow/dags/my_first_dag.py
[2025-01-17T14:44:45.455+0000] {processor.py:925} INFO - DAG(s) 'test_project' retrieved from /opt/airflow/dags/my_first_dag.py
[2025-01-17T14:44:45.488+0000] {logging_mixin.py:190} INFO - [2025-01-17T14:44:45.488+0000] {dag.py:3239} INFO - Sync 1 DAGs
[2025-01-17T14:44:45.511+0000] {logging_mixin.py:190} INFO - [2025-01-17T14:44:45.511+0000] {dag.py:4180} INFO - Setting next_dagrun for test_project to 2025-01-16 00:00:00+00:00, run_after=2025-01-17 00:00:00+00:00
[2025-01-17T14:44:45.526+0000] {processor.py:208} INFO - Processing /opt/airflow/dags/my_first_dag.py took 0.118 seconds
[2025-01-17T14:45:15.866+0000] {processor.py:186} INFO - Started process (PID=174) to work on /opt/airflow/dags/my_first_dag.py
[2025-01-17T14:45:15.867+0000] {processor.py:914} INFO - Processing file /opt/airflow/dags/my_first_dag.py for tasks to queue
[2025-01-17T14:45:15.870+0000] {logging_mixin.py:190} INFO - [2025-01-17T14:45:15.870+0000] {dagbag.py:588} INFO - Filling up the DagBag from /opt/airflow/dags/my_first_dag.py
[2025-01-17T14:45:15.894+0000] {processor.py:925} INFO - DAG(s) 'test_project' retrieved from /opt/airflow/dags/my_first_dag.py
[2025-01-17T14:45:15.923+0000] {logging_mixin.py:190} INFO - [2025-01-17T14:45:15.922+0000] {dag.py:3239} INFO - Sync 1 DAGs
[2025-01-17T14:45:15.945+0000] {logging_mixin.py:190} INFO - [2025-01-17T14:45:15.944+0000] {dag.py:4180} INFO - Setting next_dagrun for test_project to 2025-01-16 00:00:00+00:00, run_after=2025-01-17 00:00:00+00:00
[2025-01-17T14:45:15.963+0000] {processor.py:208} INFO - Processing /opt/airflow/dags/my_first_dag.py took 0.102 seconds
[2025-01-17T14:45:46.279+0000] {processor.py:186} INFO - Started process (PID=182) to work on /opt/airflow/dags/my_first_dag.py
[2025-01-17T14:45:46.280+0000] {processor.py:914} INFO - Processing file /opt/airflow/dags/my_first_dag.py for tasks to queue
[2025-01-17T14:45:46.284+0000] {logging_mixin.py:190} INFO - [2025-01-17T14:45:46.283+0000] {dagbag.py:588} INFO - Filling up the DagBag from /opt/airflow/dags/my_first_dag.py
[2025-01-17T14:45:46.307+0000] {processor.py:925} INFO - DAG(s) 'test_project' retrieved from /opt/airflow/dags/my_first_dag.py
[2025-01-17T14:45:46.330+0000] {logging_mixin.py:190} INFO - [2025-01-17T14:45:46.329+0000] {dag.py:3239} INFO - Sync 1 DAGs
[2025-01-17T14:45:46.351+0000] {logging_mixin.py:190} INFO - [2025-01-17T14:45:46.351+0000] {dag.py:4180} INFO - Setting next_dagrun for test_project to 2025-01-16 00:00:00+00:00, run_after=2025-01-17 00:00:00+00:00
[2025-01-17T14:45:46.501+0000] {processor.py:208} INFO - Processing /opt/airflow/dags/my_first_dag.py took 0.228 seconds
[2025-01-17T14:46:16.703+0000] {processor.py:186} INFO - Started process (PID=190) to work on /opt/airflow/dags/my_first_dag.py
[2025-01-17T14:46:16.704+0000] {processor.py:914} INFO - Processing file /opt/airflow/dags/my_first_dag.py for tasks to queue
[2025-01-17T14:46:16.706+0000] {logging_mixin.py:190} INFO - [2025-01-17T14:46:16.706+0000] {dagbag.py:588} INFO - Filling up the DagBag from /opt/airflow/dags/my_first_dag.py
[2025-01-17T14:46:16.726+0000] {processor.py:925} INFO - DAG(s) 'test_project' retrieved from /opt/airflow/dags/my_first_dag.py
[2025-01-17T14:46:16.747+0000] {logging_mixin.py:190} INFO - [2025-01-17T14:46:16.747+0000] {dag.py:3239} INFO - Sync 1 DAGs
[2025-01-17T14:46:16.934+0000] {logging_mixin.py:190} INFO - [2025-01-17T14:46:16.933+0000] {dag.py:4180} INFO - Setting next_dagrun for test_project to 2025-01-16 00:00:00+00:00, run_after=2025-01-17 00:00:00+00:00
[2025-01-17T14:46:16.966+0000] {processor.py:208} INFO - Processing /opt/airflow/dags/my_first_dag.py took 0.268 seconds
[2025-01-17T14:46:47.077+0000] {processor.py:186} INFO - Started process (PID=198) to work on /opt/airflow/dags/my_first_dag.py
[2025-01-17T14:46:47.078+0000] {processor.py:914} INFO - Processing file /opt/airflow/dags/my_first_dag.py for tasks to queue
[2025-01-17T14:46:47.079+0000] {logging_mixin.py:190} INFO - [2025-01-17T14:46:47.079+0000] {dagbag.py:588} INFO - Filling up the DagBag from /opt/airflow/dags/my_first_dag.py
[2025-01-17T14:46:47.099+0000] {processor.py:925} INFO - DAG(s) 'test_project' retrieved from /opt/airflow/dags/my_first_dag.py
[2025-01-17T14:46:47.121+0000] {logging_mixin.py:190} INFO - [2025-01-17T14:46:47.120+0000] {dag.py:3239} INFO - Sync 1 DAGs
[2025-01-17T14:46:47.252+0000] {logging_mixin.py:190} INFO - [2025-01-17T14:46:47.251+0000] {dag.py:4180} INFO - Setting next_dagrun for test_project to 2025-01-16 00:00:00+00:00, run_after=2025-01-17 00:00:00+00:00
[2025-01-17T14:46:47.279+0000] {processor.py:208} INFO - Processing /opt/airflow/dags/my_first_dag.py took 0.207 seconds
[2025-01-17T14:47:17.547+0000] {processor.py:186} INFO - Started process (PID=206) to work on /opt/airflow/dags/my_first_dag.py
[2025-01-17T14:47:17.549+0000] {processor.py:914} INFO - Processing file /opt/airflow/dags/my_first_dag.py for tasks to queue
[2025-01-17T14:47:17.552+0000] {logging_mixin.py:190} INFO - [2025-01-17T14:47:17.551+0000] {dagbag.py:588} INFO - Filling up the DagBag from /opt/airflow/dags/my_first_dag.py
[2025-01-17T14:47:17.585+0000] {processor.py:925} INFO - DAG(s) 'test_project' retrieved from /opt/airflow/dags/my_first_dag.py
[2025-01-17T14:47:17.617+0000] {logging_mixin.py:190} INFO - [2025-01-17T14:47:17.617+0000] {dag.py:3239} INFO - Sync 1 DAGs
[2025-01-17T14:47:17.644+0000] {logging_mixin.py:190} INFO - [2025-01-17T14:47:17.643+0000] {dag.py:4180} INFO - Setting next_dagrun for test_project to 2025-01-16 00:00:00+00:00, run_after=2025-01-17 00:00:00+00:00
[2025-01-17T14:47:17.666+0000] {processor.py:208} INFO - Processing /opt/airflow/dags/my_first_dag.py took 0.129 seconds
[2025-01-17T14:47:47.967+0000] {processor.py:186} INFO - Started process (PID=214) to work on /opt/airflow/dags/my_first_dag.py
[2025-01-17T14:47:47.967+0000] {processor.py:914} INFO - Processing file /opt/airflow/dags/my_first_dag.py for tasks to queue
[2025-01-17T14:47:47.969+0000] {logging_mixin.py:190} INFO - [2025-01-17T14:47:47.969+0000] {dagbag.py:588} INFO - Filling up the DagBag from /opt/airflow/dags/my_first_dag.py
[2025-01-17T14:47:47.990+0000] {processor.py:925} INFO - DAG(s) 'test_project' retrieved from /opt/airflow/dags/my_first_dag.py
[2025-01-17T14:47:48.012+0000] {logging_mixin.py:190} INFO - [2025-01-17T14:47:48.012+0000] {dag.py:3239} INFO - Sync 1 DAGs
[2025-01-17T14:47:48.033+0000] {logging_mixin.py:190} INFO - [2025-01-17T14:47:48.033+0000] {dag.py:4180} INFO - Setting next_dagrun for test_project to 2025-01-16 00:00:00+00:00, run_after=2025-01-17 00:00:00+00:00
[2025-01-17T14:47:48.049+0000] {processor.py:208} INFO - Processing /opt/airflow/dags/my_first_dag.py took 0.088 seconds
[2025-01-17T14:48:18.419+0000] {processor.py:186} INFO - Started process (PID=224) to work on /opt/airflow/dags/my_first_dag.py
[2025-01-17T14:48:18.420+0000] {processor.py:914} INFO - Processing file /opt/airflow/dags/my_first_dag.py for tasks to queue
[2025-01-17T14:48:18.423+0000] {logging_mixin.py:190} INFO - [2025-01-17T14:48:18.422+0000] {dagbag.py:588} INFO - Filling up the DagBag from /opt/airflow/dags/my_first_dag.py
[2025-01-17T14:48:18.449+0000] {processor.py:925} INFO - DAG(s) 'test_project' retrieved from /opt/airflow/dags/my_first_dag.py
[2025-01-17T14:48:18.475+0000] {logging_mixin.py:190} INFO - [2025-01-17T14:48:18.475+0000] {dag.py:3239} INFO - Sync 1 DAGs
[2025-01-17T14:48:18.497+0000] {logging_mixin.py:190} INFO - [2025-01-17T14:48:18.497+0000] {dag.py:4180} INFO - Setting next_dagrun for test_project to 2025-01-16 00:00:00+00:00, run_after=2025-01-17 00:00:00+00:00
[2025-01-17T14:48:18.516+0000] {processor.py:208} INFO - Processing /opt/airflow/dags/my_first_dag.py took 0.103 seconds
[2025-01-17T14:48:48.864+0000] {processor.py:186} INFO - Started process (PID=232) to work on /opt/airflow/dags/my_first_dag.py
[2025-01-17T14:48:48.865+0000] {processor.py:914} INFO - Processing file /opt/airflow/dags/my_first_dag.py for tasks to queue
[2025-01-17T14:48:48.868+0000] {logging_mixin.py:190} INFO - [2025-01-17T14:48:48.868+0000] {dagbag.py:588} INFO - Filling up the DagBag from /opt/airflow/dags/my_first_dag.py
[2025-01-17T14:48:48.897+0000] {processor.py:925} INFO - DAG(s) 'test_project' retrieved from /opt/airflow/dags/my_first_dag.py
[2025-01-17T14:48:48.921+0000] {logging_mixin.py:190} INFO - [2025-01-17T14:48:48.921+0000] {dag.py:3239} INFO - Sync 1 DAGs
[2025-01-17T14:48:49.097+0000] {logging_mixin.py:190} INFO - [2025-01-17T14:48:49.097+0000] {dag.py:4180} INFO - Setting next_dagrun for test_project to 2025-01-16 00:00:00+00:00, run_after=2025-01-17 00:00:00+00:00
[2025-01-17T14:48:49.112+0000] {processor.py:208} INFO - Processing /opt/airflow/dags/my_first_dag.py took 0.255 seconds
[2025-01-17T14:50:07.837+0000] {processor.py:186} INFO - Started process (PID=73) to work on /opt/airflow/dags/my_first_dag.py
[2025-01-17T14:50:07.844+0000] {processor.py:914} INFO - Processing file /opt/airflow/dags/my_first_dag.py for tasks to queue
[2025-01-17T14:50:07.853+0000] {logging_mixin.py:190} INFO - [2025-01-17T14:50:07.851+0000] {dagbag.py:588} INFO - Filling up the DagBag from /opt/airflow/dags/my_first_dag.py
[2025-01-17T14:50:08.013+0000] {processor.py:925} INFO - DAG(s) 'test_project' retrieved from /opt/airflow/dags/my_first_dag.py
[2025-01-17T14:50:08.092+0000] {logging_mixin.py:190} INFO - [2025-01-17T14:50:08.091+0000] {dag.py:3239} INFO - Sync 1 DAGs
[2025-01-17T14:50:08.140+0000] {logging_mixin.py:190} INFO - [2025-01-17T14:50:08.139+0000] {dag.py:4180} INFO - Setting next_dagrun for test_project to 2025-01-16 00:00:00+00:00, run_after=2025-01-17 00:00:00+00:00
[2025-01-17T14:50:08.177+0000] {processor.py:208} INFO - Processing /opt/airflow/dags/my_first_dag.py took 0.364 seconds
[2025-01-17T14:50:38.403+0000] {processor.py:186} INFO - Started process (PID=81) to work on /opt/airflow/dags/my_first_dag.py
[2025-01-17T14:50:38.404+0000] {processor.py:914} INFO - Processing file /opt/airflow/dags/my_first_dag.py for tasks to queue
[2025-01-17T14:50:38.406+0000] {logging_mixin.py:190} INFO - [2025-01-17T14:50:38.406+0000] {dagbag.py:588} INFO - Filling up the DagBag from /opt/airflow/dags/my_first_dag.py
[2025-01-17T14:50:38.434+0000] {processor.py:925} INFO - DAG(s) 'test_project' retrieved from /opt/airflow/dags/my_first_dag.py
[2025-01-17T14:50:38.463+0000] {logging_mixin.py:190} INFO - [2025-01-17T14:50:38.463+0000] {dag.py:3239} INFO - Sync 1 DAGs
[2025-01-17T14:50:38.488+0000] {logging_mixin.py:190} INFO - [2025-01-17T14:50:38.488+0000] {dag.py:4180} INFO - Setting next_dagrun for test_project to 2025-01-16 00:00:00+00:00, run_after=2025-01-17 00:00:00+00:00
[2025-01-17T14:50:38.509+0000] {processor.py:208} INFO - Processing /opt/airflow/dags/my_first_dag.py took 0.111 seconds
[2025-01-17T14:51:08.929+0000] {processor.py:186} INFO - Started process (PID=89) to work on /opt/airflow/dags/my_first_dag.py
[2025-01-17T14:51:08.931+0000] {processor.py:914} INFO - Processing file /opt/airflow/dags/my_first_dag.py for tasks to queue
[2025-01-17T14:51:08.934+0000] {logging_mixin.py:190} INFO - [2025-01-17T14:51:08.933+0000] {dagbag.py:588} INFO - Filling up the DagBag from /opt/airflow/dags/my_first_dag.py
[2025-01-17T14:51:08.965+0000] {processor.py:925} INFO - DAG(s) 'test_project' retrieved from /opt/airflow/dags/my_first_dag.py
[2025-01-17T14:51:08.987+0000] {logging_mixin.py:190} INFO - [2025-01-17T14:51:08.987+0000] {dag.py:3239} INFO - Sync 1 DAGs
[2025-01-17T14:51:09.007+0000] {logging_mixin.py:190} INFO - [2025-01-17T14:51:09.006+0000] {dag.py:4180} INFO - Setting next_dagrun for test_project to 2025-01-16 00:00:00+00:00, run_after=2025-01-17 00:00:00+00:00
[2025-01-17T14:51:09.023+0000] {processor.py:208} INFO - Processing /opt/airflow/dags/my_first_dag.py took 0.101 seconds
[2025-01-17T14:51:39.430+0000] {processor.py:186} INFO - Started process (PID=97) to work on /opt/airflow/dags/my_first_dag.py
[2025-01-17T14:51:39.430+0000] {processor.py:914} INFO - Processing file /opt/airflow/dags/my_first_dag.py for tasks to queue
[2025-01-17T14:51:39.433+0000] {logging_mixin.py:190} INFO - [2025-01-17T14:51:39.433+0000] {dagbag.py:588} INFO - Filling up the DagBag from /opt/airflow/dags/my_first_dag.py
[2025-01-17T14:51:39.455+0000] {processor.py:925} INFO - DAG(s) 'test_project' retrieved from /opt/airflow/dags/my_first_dag.py
[2025-01-17T14:51:39.477+0000] {logging_mixin.py:190} INFO - [2025-01-17T14:51:39.476+0000] {dag.py:3239} INFO - Sync 1 DAGs
[2025-01-17T14:51:39.496+0000] {logging_mixin.py:190} INFO - [2025-01-17T14:51:39.496+0000] {dag.py:4180} INFO - Setting next_dagrun for test_project to 2025-01-16 00:00:00+00:00, run_after=2025-01-17 00:00:00+00:00
[2025-01-17T14:51:39.517+0000] {processor.py:208} INFO - Processing /opt/airflow/dags/my_first_dag.py took 0.093 seconds
[2025-01-17T14:52:09.795+0000] {processor.py:186} INFO - Started process (PID=106) to work on /opt/airflow/dags/my_first_dag.py
[2025-01-17T14:52:09.796+0000] {processor.py:914} INFO - Processing file /opt/airflow/dags/my_first_dag.py for tasks to queue
[2025-01-17T14:52:09.800+0000] {logging_mixin.py:190} INFO - [2025-01-17T14:52:09.799+0000] {dagbag.py:588} INFO - Filling up the DagBag from /opt/airflow/dags/my_first_dag.py
[2025-01-17T14:52:09.826+0000] {processor.py:925} INFO - DAG(s) 'test_project' retrieved from /opt/airflow/dags/my_first_dag.py
[2025-01-17T14:52:09.863+0000] {logging_mixin.py:190} INFO - [2025-01-17T14:52:09.863+0000] {dag.py:3239} INFO - Sync 1 DAGs
[2025-01-17T14:52:09.888+0000] {logging_mixin.py:190} INFO - [2025-01-17T14:52:09.888+0000] {dag.py:4180} INFO - Setting next_dagrun for test_project to 2025-01-16 00:00:00+00:00, run_after=2025-01-17 00:00:00+00:00
[2025-01-17T14:52:09.914+0000] {processor.py:208} INFO - Processing /opt/airflow/dags/my_first_dag.py took 0.124 seconds
[2025-01-17T14:52:40.262+0000] {processor.py:186} INFO - Started process (PID=114) to work on /opt/airflow/dags/my_first_dag.py
[2025-01-17T14:52:40.262+0000] {processor.py:914} INFO - Processing file /opt/airflow/dags/my_first_dag.py for tasks to queue
[2025-01-17T14:52:40.265+0000] {logging_mixin.py:190} INFO - [2025-01-17T14:52:40.264+0000] {dagbag.py:588} INFO - Filling up the DagBag from /opt/airflow/dags/my_first_dag.py
[2025-01-17T14:52:40.286+0000] {processor.py:925} INFO - DAG(s) 'test_project' retrieved from /opt/airflow/dags/my_first_dag.py
[2025-01-17T14:52:40.307+0000] {logging_mixin.py:190} INFO - [2025-01-17T14:52:40.307+0000] {dag.py:3239} INFO - Sync 1 DAGs
[2025-01-17T14:52:40.330+0000] {logging_mixin.py:190} INFO - [2025-01-17T14:52:40.330+0000] {dag.py:4180} INFO - Setting next_dagrun for test_project to 2025-01-16 00:00:00+00:00, run_after=2025-01-17 00:00:00+00:00
[2025-01-17T14:52:40.350+0000] {processor.py:208} INFO - Processing /opt/airflow/dags/my_first_dag.py took 0.093 seconds
[2025-01-17T14:53:10.785+0000] {processor.py:186} INFO - Started process (PID=122) to work on /opt/airflow/dags/my_first_dag.py
[2025-01-17T14:53:10.786+0000] {processor.py:914} INFO - Processing file /opt/airflow/dags/my_first_dag.py for tasks to queue
[2025-01-17T14:53:10.788+0000] {logging_mixin.py:190} INFO - [2025-01-17T14:53:10.788+0000] {dagbag.py:588} INFO - Filling up the DagBag from /opt/airflow/dags/my_first_dag.py
[2025-01-17T14:53:10.811+0000] {processor.py:925} INFO - DAG(s) 'test_project' retrieved from /opt/airflow/dags/my_first_dag.py
[2025-01-17T14:53:10.837+0000] {logging_mixin.py:190} INFO - [2025-01-17T14:53:10.836+0000] {dag.py:3239} INFO - Sync 1 DAGs
[2025-01-17T14:53:10.858+0000] {logging_mixin.py:190} INFO - [2025-01-17T14:53:10.857+0000] {dag.py:4180} INFO - Setting next_dagrun for test_project to 2025-01-16 00:00:00+00:00, run_after=2025-01-17 00:00:00+00:00
[2025-01-17T14:53:10.874+0000] {processor.py:208} INFO - Processing /opt/airflow/dags/my_first_dag.py took 0.094 seconds
[2025-01-17T14:53:41.238+0000] {processor.py:186} INFO - Started process (PID=130) to work on /opt/airflow/dags/my_first_dag.py
[2025-01-17T14:53:41.240+0000] {processor.py:914} INFO - Processing file /opt/airflow/dags/my_first_dag.py for tasks to queue
[2025-01-17T14:53:41.243+0000] {logging_mixin.py:190} INFO - [2025-01-17T14:53:41.242+0000] {dagbag.py:588} INFO - Filling up the DagBag from /opt/airflow/dags/my_first_dag.py
[2025-01-17T14:53:41.274+0000] {processor.py:925} INFO - DAG(s) 'test_project' retrieved from /opt/airflow/dags/my_first_dag.py
[2025-01-17T14:53:41.303+0000] {logging_mixin.py:190} INFO - [2025-01-17T14:53:41.303+0000] {dag.py:3239} INFO - Sync 1 DAGs
[2025-01-17T14:53:41.327+0000] {logging_mixin.py:190} INFO - [2025-01-17T14:53:41.327+0000] {dag.py:4180} INFO - Setting next_dagrun for test_project to 2025-01-16 00:00:00+00:00, run_after=2025-01-17 00:00:00+00:00
[2025-01-17T14:53:41.345+0000] {processor.py:208} INFO - Processing /opt/airflow/dags/my_first_dag.py took 0.115 seconds
[2025-01-17T14:54:11.696+0000] {processor.py:186} INFO - Started process (PID=138) to work on /opt/airflow/dags/my_first_dag.py
[2025-01-17T14:54:11.697+0000] {processor.py:914} INFO - Processing file /opt/airflow/dags/my_first_dag.py for tasks to queue
[2025-01-17T14:54:11.700+0000] {logging_mixin.py:190} INFO - [2025-01-17T14:54:11.699+0000] {dagbag.py:588} INFO - Filling up the DagBag from /opt/airflow/dags/my_first_dag.py
[2025-01-17T14:54:11.724+0000] {processor.py:925} INFO - DAG(s) 'test_project' retrieved from /opt/airflow/dags/my_first_dag.py
[2025-01-17T14:54:11.745+0000] {logging_mixin.py:190} INFO - [2025-01-17T14:54:11.745+0000] {dag.py:3239} INFO - Sync 1 DAGs
[2025-01-17T14:54:11.764+0000] {logging_mixin.py:190} INFO - [2025-01-17T14:54:11.764+0000] {dag.py:4180} INFO - Setting next_dagrun for test_project to 2025-01-16 00:00:00+00:00, run_after=2025-01-17 00:00:00+00:00
[2025-01-17T14:54:11.782+0000] {processor.py:208} INFO - Processing /opt/airflow/dags/my_first_dag.py took 0.091 seconds
[2025-01-17T14:54:42.052+0000] {processor.py:186} INFO - Started process (PID=146) to work on /opt/airflow/dags/my_first_dag.py
[2025-01-17T14:54:42.059+0000] {processor.py:914} INFO - Processing file /opt/airflow/dags/my_first_dag.py for tasks to queue
[2025-01-17T14:54:42.061+0000] {logging_mixin.py:190} INFO - [2025-01-17T14:54:42.061+0000] {dagbag.py:588} INFO - Filling up the DagBag from /opt/airflow/dags/my_first_dag.py
[2025-01-17T14:54:42.083+0000] {processor.py:925} INFO - DAG(s) 'test_project' retrieved from /opt/airflow/dags/my_first_dag.py
[2025-01-17T14:54:42.103+0000] {logging_mixin.py:190} INFO - [2025-01-17T14:54:42.103+0000] {dag.py:3239} INFO - Sync 1 DAGs
[2025-01-17T14:54:42.125+0000] {logging_mixin.py:190} INFO - [2025-01-17T14:54:42.125+0000] {dag.py:4180} INFO - Setting next_dagrun for test_project to 2025-01-16 00:00:00+00:00, run_after=2025-01-17 00:00:00+00:00
[2025-01-17T14:54:42.267+0000] {processor.py:208} INFO - Processing /opt/airflow/dags/my_first_dag.py took 0.220 seconds
[2025-01-17T14:55:12.540+0000] {processor.py:186} INFO - Started process (PID=154) to work on /opt/airflow/dags/my_first_dag.py
[2025-01-17T14:55:12.541+0000] {processor.py:914} INFO - Processing file /opt/airflow/dags/my_first_dag.py for tasks to queue
[2025-01-17T14:55:12.543+0000] {logging_mixin.py:190} INFO - [2025-01-17T14:55:12.543+0000] {dagbag.py:588} INFO - Filling up the DagBag from /opt/airflow/dags/my_first_dag.py
[2025-01-17T14:55:12.569+0000] {processor.py:925} INFO - DAG(s) 'test_project' retrieved from /opt/airflow/dags/my_first_dag.py
[2025-01-17T14:55:12.591+0000] {logging_mixin.py:190} INFO - [2025-01-17T14:55:12.591+0000] {dag.py:3239} INFO - Sync 1 DAGs
[2025-01-17T14:55:12.728+0000] {logging_mixin.py:190} INFO - [2025-01-17T14:55:12.728+0000] {dag.py:4180} INFO - Setting next_dagrun for test_project to 2025-01-16 00:00:00+00:00, run_after=2025-01-17 00:00:00+00:00
[2025-01-17T14:55:12.756+0000] {processor.py:208} INFO - Processing /opt/airflow/dags/my_first_dag.py took 0.221 seconds
